FPHPIGEG_00002	0
FPHPIGEG_00003	0
FPHPIGEG_00004	0
FPHPIGEG_00005	0
FPHPIGEG_00006	0
FPHPIGEG_00007	0
FPHPIGEG_00008	5
FPHPIGEG_00009	3
FPHPIGEG_00010	0
FPHPIGEG_00011	0
FPHPIGEG_00012	0
FPHPIGEG_00013	0
FPHPIGEG_00014	0
FPHPIGEG_00015	0
FPHPIGEG_00016	0
FPHPIGEG_00017	2
FPHPIGEG_00018	0
FPHPIGEG_00019	4
FPHPIGEG_00020	0
FPHPIGEG_00021	0
FPHPIGEG_00022	2
FPHPIGEG_00023	0
FPHPIGEG_00024	0
FPHPIGEG_00025	0
FPHPIGEG_00026	0
FPHPIGEG_00027	0
FPHPIGEG_00028	0
FPHPIGEG_00029	0
FPHPIGEG_00030	0
FPHPIGEG_00031	0
FPHPIGEG_00032	0
FPHPIGEG_00033	0
FPHPIGEG_00034	0
FPHPIGEG_00035	1
FPHPIGEG_00036	1
FPHPIGEG_00037	0
FPHPIGEG_00039	0
FPHPIGEG_00040	0
FPHPIGEG_00041	0
FPHPIGEG_00042	0
FPHPIGEG_00043	0
FPHPIGEG_00044	1
FPHPIGEG_00045	0
FPHPIGEG_00046	0
FPHPIGEG_00047	0
FPHPIGEG_00048	0
FPHPIGEG_00049	0
FPHPIGEG_00050	0
FPHPIGEG_00051	0
FPHPIGEG_00052	0
FPHPIGEG_00053	0
FPHPIGEG_00054	0
FPHPIGEG_00055	0
FPHPIGEG_00056	2
FPHPIGEG_00057	32
FPHPIGEG_00058	76
FPHPIGEG_00059	0
FPHPIGEG_00060	0
FPHPIGEG_00061	0
FPHPIGEG_00062	7
FPHPIGEG_00063	3
FPHPIGEG_00064	4
FPHPIGEG_00066	0
FPHPIGEG_00067	0
FPHPIGEG_00068	1
FPHPIGEG_00069	0
FPHPIGEG_00070	4
FPHPIGEG_00071	0
FPHPIGEG_00072	0
FPHPIGEG_00073	1
FPHPIGEG_00074	0
FPHPIGEG_00075	0
FPHPIGEG_00076	0
FPHPIGEG_00077	1
FPHPIGEG_00078	3
FPHPIGEG_00079	0
FPHPIGEG_00080	0
FPHPIGEG_00081	0
FPHPIGEG_00082	0
FPHPIGEG_00083	0
FPHPIGEG_00084	0
FPHPIGEG_00085	0
FPHPIGEG_00087	0
FPHPIGEG_00088	0
FPHPIGEG_00089	0
FPHPIGEG_00090	0
FPHPIGEG_00091	0
FPHPIGEG_00092	0
FPHPIGEG_00093	0
FPHPIGEG_00094	0
FPHPIGEG_00095	0
FPHPIGEG_00096	0
FPHPIGEG_00097	0
FPHPIGEG_00098	0
FPHPIGEG_00099	0
FPHPIGEG_00100	8
FPHPIGEG_00101	0
FPHPIGEG_00102	0
FPHPIGEG_00103	1
FPHPIGEG_00104	1
FPHPIGEG_00105	0
FPHPIGEG_00106	0
FPHPIGEG_00107	0
FPHPIGEG_00108	0
FPHPIGEG_00109	0
FPHPIGEG_00110	0
FPHPIGEG_00111	0
FPHPIGEG_00112	0
FPHPIGEG_00113	4
FPHPIGEG_00114	5
FPHPIGEG_00115	0
FPHPIGEG_00116	0
FPHPIGEG_00117	0
FPHPIGEG_00118	0
FPHPIGEG_00119	0
FPHPIGEG_00120	0
FPHPIGEG_00121	1
FPHPIGEG_00122	0
FPHPIGEG_00123	0
FPHPIGEG_00124	0
FPHPIGEG_00125	0
FPHPIGEG_00126	0
FPHPIGEG_00127	0
FPHPIGEG_00128	0
FPHPIGEG_00129	0
FPHPIGEG_00130	1
FPHPIGEG_00131	0
FPHPIGEG_00132	0
FPHPIGEG_00133	0
FPHPIGEG_00134	5
FPHPIGEG_00135	2
FPHPIGEG_00136	1
FPHPIGEG_00137	0
FPHPIGEG_00139	0
FPHPIGEG_00140	0
FPHPIGEG_00141	0
FPHPIGEG_00142	0
FPHPIGEG_00143	0
FPHPIGEG_00144	1
FPHPIGEG_00146	0
FPHPIGEG_00147	0
FPHPIGEG_00148	0
FPHPIGEG_00149	0
FPHPIGEG_00150	2
FPHPIGEG_00151	1
FPHPIGEG_00152	0
FPHPIGEG_00153	0
FPHPIGEG_00154	0
FPHPIGEG_00155	0
FPHPIGEG_00156	0
FPHPIGEG_00157	0
FPHPIGEG_00158	0
FPHPIGEG_00159	7
FPHPIGEG_00160	0
FPHPIGEG_00161	0
FPHPIGEG_00162	0
FPHPIGEG_00163	1
FPHPIGEG_00164	1
FPHPIGEG_00165	0
FPHPIGEG_00166	2
FPHPIGEG_00167	2
FPHPIGEG_00168	0
FPHPIGEG_00169	5
FPHPIGEG_00170	0
FPHPIGEG_00171	0
FPHPIGEG_00172	0
FPHPIGEG_00173	0
FPHPIGEG_00174	1
FPHPIGEG_00175	0
FPHPIGEG_00177	0
FPHPIGEG_00178	0
FPHPIGEG_00179	2
FPHPIGEG_00180	11
FPHPIGEG_00181	0
FPHPIGEG_00182	0
FPHPIGEG_00183	0
FPHPIGEG_00184	0
FPHPIGEG_00185	0
FPHPIGEG_00186	0
FPHPIGEG_00187	0
FPHPIGEG_00188	0
FPHPIGEG_00189	0
FPHPIGEG_00190	2
FPHPIGEG_00191	1
FPHPIGEG_00192	0
FPHPIGEG_00193	0
FPHPIGEG_00194	0
FPHPIGEG_00195	0
FPHPIGEG_00196	0
FPHPIGEG_00197	4
FPHPIGEG_00198	3
FPHPIGEG_00199	0
FPHPIGEG_00200	0
FPHPIGEG_00201	0
FPHPIGEG_00202	0
FPHPIGEG_00203	0
FPHPIGEG_00204	0
FPHPIGEG_00205	1
FPHPIGEG_00206	0
FPHPIGEG_00207	0
FPHPIGEG_00208	9
FPHPIGEG_00209	19
FPHPIGEG_00210	24
FPHPIGEG_00211	1
FPHPIGEG_00213	1
FPHPIGEG_00214	0
FPHPIGEG_00215	0
FPHPIGEG_00216	0
FPHPIGEG_00217	3
FPHPIGEG_00218	0
FPHPIGEG_00220	0
FPHPIGEG_00221	1
FPHPIGEG_00222	0
FPHPIGEG_00223	0
FPHPIGEG_00224	0
FPHPIGEG_00225	0
FPHPIGEG_00227	1
FPHPIGEG_00228	0
FPHPIGEG_00229	0
FPHPIGEG_00230	1
FPHPIGEG_00231	47
FPHPIGEG_00232	0
FPHPIGEG_00233	0
FPHPIGEG_00234	0
FPHPIGEG_00236	3
FPHPIGEG_00237	0
FPHPIGEG_00238	1
FPHPIGEG_00239	0
FPHPIGEG_00240	0
FPHPIGEG_00241	0
FPHPIGEG_00242	4
FPHPIGEG_00243	1
FPHPIGEG_00244	0
FPHPIGEG_00245	0
FPHPIGEG_00246	1
FPHPIGEG_00247	1
FPHPIGEG_00248	0
FPHPIGEG_00249	0
FPHPIGEG_00250	0
FPHPIGEG_00251	0
FPHPIGEG_00252	0
FPHPIGEG_00253	0
FPHPIGEG_00254	0
FPHPIGEG_00255	1
FPHPIGEG_00256	0
FPHPIGEG_00257	0
FPHPIGEG_00258	0
FPHPIGEG_00259	0
FPHPIGEG_00261	0
FPHPIGEG_00262	0
FPHPIGEG_00263	3
FPHPIGEG_00264	0
FPHPIGEG_00265	0
FPHPIGEG_00266	0
FPHPIGEG_00267	1
FPHPIGEG_00268	0
FPHPIGEG_00269	0
FPHPIGEG_00270	0
FPHPIGEG_00271	0
FPHPIGEG_00272	3
FPHPIGEG_00273	3
FPHPIGEG_00274	0
FPHPIGEG_00275	0
FPHPIGEG_00276	0
FPHPIGEG_00277	0
FPHPIGEG_00278	1
FPHPIGEG_00279	0
FPHPIGEG_00280	0
FPHPIGEG_00281	7
FPHPIGEG_00282	15
FPHPIGEG_00283	1
FPHPIGEG_00284	0
FPHPIGEG_00285	0
FPHPIGEG_00286	1
FPHPIGEG_00287	0
FPHPIGEG_00288	0
FPHPIGEG_00289	2
FPHPIGEG_00290	2
FPHPIGEG_00291	0
FPHPIGEG_00292	0
FPHPIGEG_00293	0
FPHPIGEG_00294	0
FPHPIGEG_00295	0
FPHPIGEG_00296	0
FPHPIGEG_00298	0
FPHPIGEG_00299	0
FPHPIGEG_00300	1
FPHPIGEG_00301	0
FPHPIGEG_00302	0
FPHPIGEG_00303	0
FPHPIGEG_00304	0
FPHPIGEG_00306	0
FPHPIGEG_00307	2
FPHPIGEG_00308	0
FPHPIGEG_00309	0
FPHPIGEG_00310	1
FPHPIGEG_00311	1
FPHPIGEG_00312	0
FPHPIGEG_00313	0
FPHPIGEG_00314	0
FPHPIGEG_00315	0
FPHPIGEG_00316	0
FPHPIGEG_00317	0
FPHPIGEG_00318	0
FPHPIGEG_00319	0
FPHPIGEG_00320	0
FPHPIGEG_00321	0
FPHPIGEG_00322	0
FPHPIGEG_00323	0
FPHPIGEG_00324	1
FPHPIGEG_00325	0
FPHPIGEG_00326	487
FPHPIGEG_00327	0
FPHPIGEG_00328	0
FPHPIGEG_00329	0
FPHPIGEG_00330	0
FPHPIGEG_00331	0
FPHPIGEG_00332	4
FPHPIGEG_00333	1
FPHPIGEG_00334	0
FPHPIGEG_00335	0
FPHPIGEG_00336	2
FPHPIGEG_00337	1
FPHPIGEG_00338	0
FPHPIGEG_00339	0
FPHPIGEG_00340	1
FPHPIGEG_00341	0
FPHPIGEG_00342	2
FPHPIGEG_00343	0
FPHPIGEG_00344	0
FPHPIGEG_00345	2
FPHPIGEG_00346	0
FPHPIGEG_00347	0
FPHPIGEG_00348	0
FPHPIGEG_00349	0
FPHPIGEG_00350	0
FPHPIGEG_00351	0
FPHPIGEG_00352	2
FPHPIGEG_00353	0
FPHPIGEG_00354	4
FPHPIGEG_00355	3
FPHPIGEG_00356	1
FPHPIGEG_00357	20
FPHPIGEG_00358	0
FPHPIGEG_00359	0
FPHPIGEG_00360	2
FPHPIGEG_00361	15
FPHPIGEG_00362	3
FPHPIGEG_00364	0
FPHPIGEG_00365	0
FPHPIGEG_00366	0
FPHPIGEG_00367	3
FPHPIGEG_00368	0
FPHPIGEG_00369	0
FPHPIGEG_00370	0
FPHPIGEG_00371	0
FPHPIGEG_00372	5
FPHPIGEG_00373	5
FPHPIGEG_00375	0
FPHPIGEG_00376	0
FPHPIGEG_00377	0
FPHPIGEG_00378	1
FPHPIGEG_00379	0
FPHPIGEG_00380	0
FPHPIGEG_00381	0
FPHPIGEG_00382	0
FPHPIGEG_00383	57
FPHPIGEG_00385	0
FPHPIGEG_00386	0
FPHPIGEG_00387	0
FPHPIGEG_00388	1
FPHPIGEG_00389	0
FPHPIGEG_00390	1
FPHPIGEG_00391	0
FPHPIGEG_00392	0
FPHPIGEG_00393	0
FPHPIGEG_00394	0
FPHPIGEG_00395	0
FPHPIGEG_00396	1
FPHPIGEG_00397	0
FPHPIGEG_00398	6
FPHPIGEG_00399	1
FPHPIGEG_00400	7
FPHPIGEG_00401	4
FPHPIGEG_00402	7
FPHPIGEG_00403	11
FPHPIGEG_00404	11
FPHPIGEG_00405	20
FPHPIGEG_00406	0
FPHPIGEG_00407	1
FPHPIGEG_00408	1
FPHPIGEG_00409	4
FPHPIGEG_00410	0
FPHPIGEG_00411	8
FPHPIGEG_00412	2
FPHPIGEG_00413	53
FPHPIGEG_00414	0
FPHPIGEG_00415	1
FPHPIGEG_00416	0
FPHPIGEG_00417	3
FPHPIGEG_00418	0
FPHPIGEG_00419	9
FPHPIGEG_00420	15
FPHPIGEG_00421	4
FPHPIGEG_00422	0
FPHPIGEG_00423	0
FPHPIGEG_00424	0
FPHPIGEG_00425	0
FPHPIGEG_00427	0
FPHPIGEG_00428	0
FPHPIGEG_00429	0
FPHPIGEG_00431	0
FPHPIGEG_00432	0
FPHPIGEG_00433	1
FPHPIGEG_00434	0
FPHPIGEG_00435	0
FPHPIGEG_00436	0
FPHPIGEG_00437	10
FPHPIGEG_00438	0
FPHPIGEG_00439	3
FPHPIGEG_00440	0
FPHPIGEG_00441	0
FPHPIGEG_00442	0
FPHPIGEG_00443	0
FPHPIGEG_00444	1
FPHPIGEG_00445	0
FPHPIGEG_00446	0
FPHPIGEG_00447	0
FPHPIGEG_00448	0
FPHPIGEG_00449	0
FPHPIGEG_00450	0
FPHPIGEG_00451	0
FPHPIGEG_00452	0
FPHPIGEG_00453	0
FPHPIGEG_00454	0
FPHPIGEG_00456	0
FPHPIGEG_00457	0
FPHPIGEG_00458	0
FPHPIGEG_00460	0
FPHPIGEG_00461	0
FPHPIGEG_00463	27
FPHPIGEG_00464	2
FPHPIGEG_00465	0
FPHPIGEG_00466	1
FPHPIGEG_00467	0
FPHPIGEG_00468	0
FPHPIGEG_00469	0
FPHPIGEG_00470	0
FPHPIGEG_00471	0
FPHPIGEG_00472	0
FPHPIGEG_00473	0
FPHPIGEG_00474	1
FPHPIGEG_00475	0
FPHPIGEG_00476	0
FPHPIGEG_00477	0
FPHPIGEG_00478	0
FPHPIGEG_00479	0
FPHPIGEG_00480	0
FPHPIGEG_00481	7
FPHPIGEG_00482	4
FPHPIGEG_00483	0
FPHPIGEG_00484	0
FPHPIGEG_00485	0
FPHPIGEG_00486	5
FPHPIGEG_00487	5
FPHPIGEG_00488	0
FPHPIGEG_00489	4
FPHPIGEG_00490	5
FPHPIGEG_00491	3
FPHPIGEG_00492	1
FPHPIGEG_00493	0
FPHPIGEG_00494	0
FPHPIGEG_00495	0
FPHPIGEG_00496	0
FPHPIGEG_00497	0
FPHPIGEG_00498	1
FPHPIGEG_00499	0
FPHPIGEG_00500	2
FPHPIGEG_00501	6
FPHPIGEG_00502	1
FPHPIGEG_00503	0
FPHPIGEG_00504	0
FPHPIGEG_00505	0
FPHPIGEG_00506	4
FPHPIGEG_00507	2
FPHPIGEG_00508	2
FPHPIGEG_00509	0
FPHPIGEG_00510	4
FPHPIGEG_00511	0
FPHPIGEG_00512	0
FPHPIGEG_00513	0
FPHPIGEG_00514	2
FPHPIGEG_00515	0
FPHPIGEG_00516	0
FPHPIGEG_00517	0
FPHPIGEG_00518	0
FPHPIGEG_00519	0
FPHPIGEG_00520	0
FPHPIGEG_00521	6
FPHPIGEG_00522	0
FPHPIGEG_00523	0
FPHPIGEG_00524	0
FPHPIGEG_00525	7
FPHPIGEG_00526	0
FPHPIGEG_00527	1
FPHPIGEG_00528	0
FPHPIGEG_00529	0
FPHPIGEG_00530	189
FPHPIGEG_00531	5
FPHPIGEG_00532	0
FPHPIGEG_00533	0
FPHPIGEG_00534	0
FPHPIGEG_00535	3
FPHPIGEG_00536	0
FPHPIGEG_00537	2
FPHPIGEG_00538	0
FPHPIGEG_00539	1
FPHPIGEG_00540	2
FPHPIGEG_00542	0
FPHPIGEG_00543	2
FPHPIGEG_00544	0
FPHPIGEG_00545	1
FPHPIGEG_00546	0
FPHPIGEG_00547	0
FPHPIGEG_00548	0
FPHPIGEG_00549	0
FPHPIGEG_00550	0
FPHPIGEG_00551	0
FPHPIGEG_00552	0
FPHPIGEG_00553	0
FPHPIGEG_00554	0
FPHPIGEG_00555	6
FPHPIGEG_00558	2
FPHPIGEG_00559	0
FPHPIGEG_00560	0
FPHPIGEG_00561	0
FPHPIGEG_00562	0
FPHPIGEG_00563	0
FPHPIGEG_00564	1
FPHPIGEG_00565	0
FPHPIGEG_00566	0
FPHPIGEG_00567	0
FPHPIGEG_00568	0
FPHPIGEG_00569	2
FPHPIGEG_00570	0
FPHPIGEG_00571	0
FPHPIGEG_00572	0
FPHPIGEG_00573	0
FPHPIGEG_00574	0
FPHPIGEG_00575	0
FPHPIGEG_00576	2
FPHPIGEG_00577	0
FPHPIGEG_00578	1
FPHPIGEG_00579	6
FPHPIGEG_00580	0
FPHPIGEG_00581	3
FPHPIGEG_00582	2
FPHPIGEG_00583	1
FPHPIGEG_00585	0
FPHPIGEG_00586	0
FPHPIGEG_00587	0
FPHPIGEG_00588	0
FPHPIGEG_00589	0
FPHPIGEG_00590	0
FPHPIGEG_00591	0
FPHPIGEG_00592	0
FPHPIGEG_00593	3
FPHPIGEG_00594	0
FPHPIGEG_00595	0
FPHPIGEG_00596	2
FPHPIGEG_00597	0
FPHPIGEG_00598	0
FPHPIGEG_00599	7
FPHPIGEG_00600	0
FPHPIGEG_00601	0
FPHPIGEG_00602	2
FPHPIGEG_00603	0
FPHPIGEG_00604	0
FPHPIGEG_00605	0
FPHPIGEG_00606	1
FPHPIGEG_00607	0
FPHPIGEG_00608	0
FPHPIGEG_00609	1
FPHPIGEG_00610	0
FPHPIGEG_00611	0
FPHPIGEG_00612	0
FPHPIGEG_00613	0
FPHPIGEG_00614	0
FPHPIGEG_00615	0
FPHPIGEG_00616	1
FPHPIGEG_00617	4
FPHPIGEG_00618	0
FPHPIGEG_00619	0
FPHPIGEG_00620	0
FPHPIGEG_00621	0
FPHPIGEG_00622	0
FPHPIGEG_00623	0
FPHPIGEG_00624	2
FPHPIGEG_00625	2
FPHPIGEG_00626	0
FPHPIGEG_00627	0
FPHPIGEG_00628	3
FPHPIGEG_00629	3
FPHPIGEG_00630	0
FPHPIGEG_00631	0
FPHPIGEG_00632	3
FPHPIGEG_00633	2
FPHPIGEG_00634	0
FPHPIGEG_00635	0
FPHPIGEG_00636	2
FPHPIGEG_00637	0
FPHPIGEG_00638	0
FPHPIGEG_00639	0
FPHPIGEG_00640	1
FPHPIGEG_00641	3
FPHPIGEG_00642	1
FPHPIGEG_00643	0
FPHPIGEG_00644	0
FPHPIGEG_00645	0
FPHPIGEG_00646	0
FPHPIGEG_00648	2
FPHPIGEG_00649	0
FPHPIGEG_00650	1
FPHPIGEG_00651	2
FPHPIGEG_00652	1
FPHPIGEG_00653	0
FPHPIGEG_00654	0
FPHPIGEG_00655	0
FPHPIGEG_00656	2
FPHPIGEG_00657	1
FPHPIGEG_00658	0
FPHPIGEG_00659	0
FPHPIGEG_00660	0
FPHPIGEG_00661	0
FPHPIGEG_00662	3
FPHPIGEG_00663	5
FPHPIGEG_00664	0
FPHPIGEG_00665	2
FPHPIGEG_00666	2
FPHPIGEG_00667	0
FPHPIGEG_00668	1
FPHPIGEG_00669	5
FPHPIGEG_00670	1
FPHPIGEG_00671	2
FPHPIGEG_00672	0
FPHPIGEG_00673	0
FPHPIGEG_00674	2
FPHPIGEG_00675	0
FPHPIGEG_00676	0
FPHPIGEG_00677	0
FPHPIGEG_00678	0
FPHPIGEG_00679	0
FPHPIGEG_00680	0
FPHPIGEG_00681	0
FPHPIGEG_00682	0
FPHPIGEG_00683	0
FPHPIGEG_00684	0
FPHPIGEG_00685	0
FPHPIGEG_00686	0
FPHPIGEG_00687	0
FPHPIGEG_00688	0
FPHPIGEG_00689	1
FPHPIGEG_00690	0
FPHPIGEG_00691	4
FPHPIGEG_00692	0
FPHPIGEG_00693	0
FPHPIGEG_00694	2
FPHPIGEG_00695	7
FPHPIGEG_00696	0
FPHPIGEG_00697	0
FPHPIGEG_00698	0
FPHPIGEG_00699	0
FPHPIGEG_00700	0
FPHPIGEG_00701	0
FPHPIGEG_00702	0
FPHPIGEG_00703	1
FPHPIGEG_00704	0
FPHPIGEG_00705	0
FPHPIGEG_00706	1
FPHPIGEG_00707	0
FPHPIGEG_00708	0
FPHPIGEG_00709	2
FPHPIGEG_00710	0
FPHPIGEG_00711	0
FPHPIGEG_00712	0
FPHPIGEG_00713	2
FPHPIGEG_00714	0
FPHPIGEG_00715	4
FPHPIGEG_00716	1
FPHPIGEG_00717	0
FPHPIGEG_00718	0
FPHPIGEG_00719	0
FPHPIGEG_00720	1
FPHPIGEG_00721	0
FPHPIGEG_00722	0
FPHPIGEG_00723	0
FPHPIGEG_00724	1
FPHPIGEG_00725	2
FPHPIGEG_00726	0
FPHPIGEG_00727	0
FPHPIGEG_00728	0
FPHPIGEG_00729	3
FPHPIGEG_00730	0
FPHPIGEG_00731	0
FPHPIGEG_00732	1
FPHPIGEG_00733	0
FPHPIGEG_00734	0
FPHPIGEG_00735	0
FPHPIGEG_00736	5
FPHPIGEG_00737	0
FPHPIGEG_00738	21
FPHPIGEG_00739	0
FPHPIGEG_00741	0
FPHPIGEG_00742	0
FPHPIGEG_00743	0
FPHPIGEG_00744	3
FPHPIGEG_00745	0
FPHPIGEG_00746	1
FPHPIGEG_00747	0
FPHPIGEG_00748	0
FPHPIGEG_00749	1
FPHPIGEG_00750	0
FPHPIGEG_00751	0
FPHPIGEG_00752	0
FPHPIGEG_00753	0
FPHPIGEG_00754	0
FPHPIGEG_00755	1
FPHPIGEG_00756	0
FPHPIGEG_00757	2
FPHPIGEG_00758	0
FPHPIGEG_00759	0
FPHPIGEG_00760	1
FPHPIGEG_00761	0
FPHPIGEG_00762	0
FPHPIGEG_00763	0
FPHPIGEG_00764	0
FPHPIGEG_00765	12
FPHPIGEG_00766	12
FPHPIGEG_00767	2
FPHPIGEG_00768	0
FPHPIGEG_00769	1
FPHPIGEG_00770	0
FPHPIGEG_00771	3
FPHPIGEG_00772	0
FPHPIGEG_00773	4
FPHPIGEG_00774	3
FPHPIGEG_00775	2
FPHPIGEG_00776	0
FPHPIGEG_00777	0
FPHPIGEG_00778	0
FPHPIGEG_00779	2
FPHPIGEG_00780	1
FPHPIGEG_00781	0
FPHPIGEG_00782	0
FPHPIGEG_00783	0
FPHPIGEG_00784	1
FPHPIGEG_00785	2
FPHPIGEG_00786	0
FPHPIGEG_00787	0
FPHPIGEG_00788	0
FPHPIGEG_00789	0
FPHPIGEG_00790	0
FPHPIGEG_00791	0
FPHPIGEG_00792	1
FPHPIGEG_00793	0
FPHPIGEG_00794	0
FPHPIGEG_00795	0
FPHPIGEG_00796	0
FPHPIGEG_00797	2
FPHPIGEG_00798	0
FPHPIGEG_00799	3
FPHPIGEG_00800	0
FPHPIGEG_00801	9
FPHPIGEG_00802	0
FPHPIGEG_00803	3
FPHPIGEG_00804	0
FPHPIGEG_00805	0
FPHPIGEG_00806	0
FPHPIGEG_00807	0
FPHPIGEG_00808	0
FPHPIGEG_00809	0
FPHPIGEG_00810	3
FPHPIGEG_00811	1
FPHPIGEG_00812	0
FPHPIGEG_00813	0
FPHPIGEG_00814	0
FPHPIGEG_00815	0
FPHPIGEG_00816	0
FPHPIGEG_00817	0
FPHPIGEG_00818	0
FPHPIGEG_00819	0
FPHPIGEG_00820	0
FPHPIGEG_00821	0
FPHPIGEG_00822	2
FPHPIGEG_00823	0
FPHPIGEG_00824	0
FPHPIGEG_00825	1
FPHPIGEG_00826	1
FPHPIGEG_00827	4
FPHPIGEG_00828	1
FPHPIGEG_00829	2
FPHPIGEG_00830	3
FPHPIGEG_00831	0
FPHPIGEG_00832	0
FPHPIGEG_00833	0
FPHPIGEG_00834	0
FPHPIGEG_00835	0
FPHPIGEG_00836	0
FPHPIGEG_00837	0
FPHPIGEG_00839	0
FPHPIGEG_00840	0
FPHPIGEG_00841	0
FPHPIGEG_00842	1
FPHPIGEG_00843	0
FPHPIGEG_00844	0
FPHPIGEG_00845	0
FPHPIGEG_00846	0
FPHPIGEG_00847	2
FPHPIGEG_00848	1
FPHPIGEG_00849	0
FPHPIGEG_00850	0
FPHPIGEG_00851	0
FPHPIGEG_00852	2
FPHPIGEG_00853	4
FPHPIGEG_00854	0
FPHPIGEG_00855	0
FPHPIGEG_00856	0
FPHPIGEG_00857	3
FPHPIGEG_00858	0
FPHPIGEG_00859	0
FPHPIGEG_00860	0
FPHPIGEG_00861	0
FPHPIGEG_00862	5
FPHPIGEG_00863	50
FPHPIGEG_00864	0
FPHPIGEG_00865	0
FPHPIGEG_00866	0
FPHPIGEG_00867	4
FPHPIGEG_00868	0
FPHPIGEG_00869	0
FPHPIGEG_00870	0
FPHPIGEG_00871	0
FPHPIGEG_00872	0
FPHPIGEG_00873	0
FPHPIGEG_00874	0
FPHPIGEG_00875	8
FPHPIGEG_00876	1
FPHPIGEG_00877	0
FPHPIGEG_00878	0
FPHPIGEG_00879	0
FPHPIGEG_00880	0
FPHPIGEG_00882	2
FPHPIGEG_00883	0
FPHPIGEG_00884	5
FPHPIGEG_00885	2
FPHPIGEG_00886	0
FPHPIGEG_00887	25
FPHPIGEG_00888	0
FPHPIGEG_00889	0
FPHPIGEG_00890	0
FPHPIGEG_00891	0
FPHPIGEG_00892	0
FPHPIGEG_00893	0
FPHPIGEG_00894	3
FPHPIGEG_00895	0
FPHPIGEG_00897	6
FPHPIGEG_00898	5
FPHPIGEG_00899	0
FPHPIGEG_00900	0
FPHPIGEG_00901	5
FPHPIGEG_00902	4
FPHPIGEG_00903	2
FPHPIGEG_00904	0
FPHPIGEG_00905	1
FPHPIGEG_00906	0
FPHPIGEG_00907	0
FPHPIGEG_00908	0
FPHPIGEG_00909	0
FPHPIGEG_00910	0
FPHPIGEG_00911	3
FPHPIGEG_00912	5
FPHPIGEG_00913	0
FPHPIGEG_00914	3
FPHPIGEG_00915	1
FPHPIGEG_00916	1
FPHPIGEG_00917	2
FPHPIGEG_00918	0
FPHPIGEG_00919	0
FPHPIGEG_00920	0
FPHPIGEG_00921	2
FPHPIGEG_00922	0
FPHPIGEG_00923	0
FPHPIGEG_00924	0
FPHPIGEG_00925	0
FPHPIGEG_00926	0
FPHPIGEG_00927	0
FPHPIGEG_00928	0
FPHPIGEG_00929	0
FPHPIGEG_00930	0
FPHPIGEG_00931	1
FPHPIGEG_00932	8
FPHPIGEG_00933	3
FPHPIGEG_00934	0
FPHPIGEG_00935	0
FPHPIGEG_00936	0
FPHPIGEG_00937	0
FPHPIGEG_00938	0
FPHPIGEG_00939	0
FPHPIGEG_00940	0
FPHPIGEG_00941	0
FPHPIGEG_00942	0
FPHPIGEG_00943	0
FPHPIGEG_00944	0
FPHPIGEG_00945	0
FPHPIGEG_00946	5
FPHPIGEG_00947	0
FPHPIGEG_00948	1
FPHPIGEG_00949	13
FPHPIGEG_00950	6
FPHPIGEG_00951	2
FPHPIGEG_00952	0
FPHPIGEG_00953	0
FPHPIGEG_00954	1
FPHPIGEG_00955	0
FPHPIGEG_00956	0
FPHPIGEG_00957	0
FPHPIGEG_00958	0
FPHPIGEG_00959	0
FPHPIGEG_00960	0
FPHPIGEG_00961	0
FPHPIGEG_00962	5
FPHPIGEG_00963	0
FPHPIGEG_00964	0
FPHPIGEG_00965	4
FPHPIGEG_00966	0
FPHPIGEG_00968	3
FPHPIGEG_00969	6
FPHPIGEG_00970	2
FPHPIGEG_00971	1
FPHPIGEG_00972	3
FPHPIGEG_00973	0
FPHPIGEG_00974	0
FPHPIGEG_00975	0
FPHPIGEG_00976	0
FPHPIGEG_00977	0
FPHPIGEG_00978	0
FPHPIGEG_00979	6
FPHPIGEG_00980	1
FPHPIGEG_00981	0
FPHPIGEG_00982	0
FPHPIGEG_00983	0
FPHPIGEG_00984	0
FPHPIGEG_00985	0
FPHPIGEG_00986	0
FPHPIGEG_00987	0
FPHPIGEG_00988	0
FPHPIGEG_00989	0
FPHPIGEG_00990	0
FPHPIGEG_00991	0
FPHPIGEG_00992	4
FPHPIGEG_00993	0
FPHPIGEG_00994	0
FPHPIGEG_00995	1
FPHPIGEG_00996	0
FPHPIGEG_00997	2
FPHPIGEG_00998	3
FPHPIGEG_00999	0
FPHPIGEG_01000	1
FPHPIGEG_01001	0
FPHPIGEG_01002	2
FPHPIGEG_01003	0
FPHPIGEG_01004	0
FPHPIGEG_01005	0
FPHPIGEG_01006	0
FPHPIGEG_01007	0
FPHPIGEG_01008	0
FPHPIGEG_01009	2
FPHPIGEG_01010	0
FPHPIGEG_01011	0
FPHPIGEG_01012	0
FPHPIGEG_01013	0
FPHPIGEG_01014	0
FPHPIGEG_01015	0
FPHPIGEG_01016	0
FPHPIGEG_01017	0
FPHPIGEG_01018	0
FPHPIGEG_01019	0
FPHPIGEG_01020	0
FPHPIGEG_01021	0
FPHPIGEG_01022	0
FPHPIGEG_01023	0
FPHPIGEG_01025	0
FPHPIGEG_01026	2
FPHPIGEG_01027	0
FPHPIGEG_01028	0
FPHPIGEG_01029	0
FPHPIGEG_01030	0
FPHPIGEG_01031	0
FPHPIGEG_01032	0
FPHPIGEG_01033	1
FPHPIGEG_01034	4
FPHPIGEG_01035	0
FPHPIGEG_01036	4
FPHPIGEG_01037	0
FPHPIGEG_01038	0
FPHPIGEG_01039	8
FPHPIGEG_01040	0
FPHPIGEG_01041	0
FPHPIGEG_01042	0
FPHPIGEG_01043	0
FPHPIGEG_01045	1
FPHPIGEG_01046	0
FPHPIGEG_01047	0
FPHPIGEG_01048	0
FPHPIGEG_01049	0
FPHPIGEG_01050	0
FPHPIGEG_01051	0
FPHPIGEG_01052	0
FPHPIGEG_01053	0
FPHPIGEG_01055	0
FPHPIGEG_01056	0
FPHPIGEG_01057	4
FPHPIGEG_01058	6
FPHPIGEG_01059	0
FPHPIGEG_01060	0
FPHPIGEG_01061	0
FPHPIGEG_01062	0
FPHPIGEG_01063	0
FPHPIGEG_01064	1
FPHPIGEG_01065	63
FPHPIGEG_01066	1
FPHPIGEG_01067	0
FPHPIGEG_01068	0
FPHPIGEG_01069	9
FPHPIGEG_01070	0
FPHPIGEG_01071	0
FPHPIGEG_01072	4
FPHPIGEG_01073	0
FPHPIGEG_01074	0
FPHPIGEG_01075	1
FPHPIGEG_01076	2
FPHPIGEG_01077	0
FPHPIGEG_01078	0
FPHPIGEG_01079	1
FPHPIGEG_01080	2
FPHPIGEG_01081	0
FPHPIGEG_01082	0
FPHPIGEG_01083	0
FPHPIGEG_01084	0
FPHPIGEG_01085	3
FPHPIGEG_01086	0
FPHPIGEG_01087	0
FPHPIGEG_01088	0
FPHPIGEG_01089	0
FPHPIGEG_01090	0
FPHPIGEG_01091	2
FPHPIGEG_01092	0
FPHPIGEG_01093	4
FPHPIGEG_01095	1
FPHPIGEG_01096	3
FPHPIGEG_01097	0
FPHPIGEG_01098	0
FPHPIGEG_01099	0
FPHPIGEG_01100	0
FPHPIGEG_01101	0
FPHPIGEG_01102	0
FPHPIGEG_01103	0
FPHPIGEG_01104	0
FPHPIGEG_01105	1
FPHPIGEG_01106	0
FPHPIGEG_01107	3
FPHPIGEG_01108	0
FPHPIGEG_01109	1
FPHPIGEG_01110	0
FPHPIGEG_01111	0
FPHPIGEG_01112	0
FPHPIGEG_01113	0
FPHPIGEG_01114	1
FPHPIGEG_01115	0
FPHPIGEG_01116	0
FPHPIGEG_01117	0
FPHPIGEG_01118	1
FPHPIGEG_01119	0
FPHPIGEG_01120	0
FPHPIGEG_01121	0
FPHPIGEG_01122	0
FPHPIGEG_01123	1
FPHPIGEG_01124	0
FPHPIGEG_01125	0
FPHPIGEG_01126	0
FPHPIGEG_01127	0
FPHPIGEG_01129	0
FPHPIGEG_01130	1
FPHPIGEG_01131	0
FPHPIGEG_01132	0
FPHPIGEG_01133	0
FPHPIGEG_01134	0
FPHPIGEG_01136	14
FPHPIGEG_01137	0
FPHPIGEG_01138	1
FPHPIGEG_01139	0
FPHPIGEG_01140	0
FPHPIGEG_01141	0
FPHPIGEG_01142	0
FPHPIGEG_01143	0
FPHPIGEG_01144	1
FPHPIGEG_01145	3
FPHPIGEG_01147	0
FPHPIGEG_01148	0
FPHPIGEG_01149	0
FPHPIGEG_01150	0
FPHPIGEG_01151	3
FPHPIGEG_01152	0
FPHPIGEG_01153	1
FPHPIGEG_01154	0
FPHPIGEG_01155	0
FPHPIGEG_01156	0
FPHPIGEG_01157	0
FPHPIGEG_01158	0
FPHPIGEG_01159	0
FPHPIGEG_01160	0
FPHPIGEG_01161	0
FPHPIGEG_01162	0
FPHPIGEG_01163	0
FPHPIGEG_01164	0
FPHPIGEG_01165	0
FPHPIGEG_01166	0
FPHPIGEG_01167	0
FPHPIGEG_01168	1
FPHPIGEG_01169	0
FPHPIGEG_01170	0
FPHPIGEG_01171	0
FPHPIGEG_01172	0
FPHPIGEG_01173	2
FPHPIGEG_01174	0
FPHPIGEG_01175	0
FPHPIGEG_01176	0
FPHPIGEG_01177	0
FPHPIGEG_01178	0
FPHPIGEG_01179	0
FPHPIGEG_01180	1
FPHPIGEG_01181	5
FPHPIGEG_01182	0
FPHPIGEG_01183	0
FPHPIGEG_01184	0
FPHPIGEG_01185	0
FPHPIGEG_01186	0
FPHPIGEG_01187	0
FPHPIGEG_01188	0
FPHPIGEG_01189	0
FPHPIGEG_01190	0
FPHPIGEG_01191	0
FPHPIGEG_01192	0
FPHPIGEG_01193	0
FPHPIGEG_01194	0
FPHPIGEG_01195	0
FPHPIGEG_01196	0
FPHPIGEG_01197	4
FPHPIGEG_01198	0
FPHPIGEG_01199	0
FPHPIGEG_01200	0
FPHPIGEG_01201	0
FPHPIGEG_01202	0
FPHPIGEG_01204	0
FPHPIGEG_01205	0
FPHPIGEG_01206	0
FPHPIGEG_01207	0
FPHPIGEG_01208	0
FPHPIGEG_01210	0
FPHPIGEG_01211	0
FPHPIGEG_01212	2
FPHPIGEG_01213	1
FPHPIGEG_01214	0
FPHPIGEG_01215	0
FPHPIGEG_01216	0
FPHPIGEG_01217	0
FPHPIGEG_01218	1
FPHPIGEG_01219	0
FPHPIGEG_01220	0
FPHPIGEG_01221	0
FPHPIGEG_01222	0
FPHPIGEG_01223	1
__no_feature	1019
__ambiguous	102
__too_low_aQual	283
__not_aligned	880979
__alignment_not_unique	0
