ACBEJKBA_00001	0
ACBEJKBA_00002	0
ACBEJKBA_00003	2
ACBEJKBA_00004	0
ACBEJKBA_00005	0
ACBEJKBA_00006	2
ACBEJKBA_00007	0
ACBEJKBA_00008	0
ACBEJKBA_00009	1
ACBEJKBA_00010	0
ACBEJKBA_00011	0
ACBEJKBA_00012	0
ACBEJKBA_00013	0
ACBEJKBA_00014	0
ACBEJKBA_00015	0
ACBEJKBA_00016	4
ACBEJKBA_00017	0
ACBEJKBA_00018	1
ACBEJKBA_00019	0
ACBEJKBA_00020	0
ACBEJKBA_00021	0
ACBEJKBA_00022	0
ACBEJKBA_00023	4
ACBEJKBA_00024	0
ACBEJKBA_00025	0
ACBEJKBA_00026	0
ACBEJKBA_00027	5
ACBEJKBA_00028	1
ACBEJKBA_00029	1
ACBEJKBA_00030	0
ACBEJKBA_00031	0
ACBEJKBA_00032	1
ACBEJKBA_00033	0
ACBEJKBA_00034	0
ACBEJKBA_00035	0
ACBEJKBA_00036	0
ACBEJKBA_00037	0
ACBEJKBA_00038	0
ACBEJKBA_00039	0
ACBEJKBA_00040	0
ACBEJKBA_00041	0
ACBEJKBA_00042	1
ACBEJKBA_00043	0
ACBEJKBA_00044	0
ACBEJKBA_00045	0
ACBEJKBA_00046	0
ACBEJKBA_00047	0
ACBEJKBA_00048	2
ACBEJKBA_00049	0
ACBEJKBA_00050	0
ACBEJKBA_00051	0
ACBEJKBA_00052	0
ACBEJKBA_00053	0
ACBEJKBA_00054	0
ACBEJKBA_00055	0
ACBEJKBA_00056	0
ACBEJKBA_00057	0
ACBEJKBA_00058	2
ACBEJKBA_00059	0
ACBEJKBA_00060	0
ACBEJKBA_00061	0
ACBEJKBA_00062	0
ACBEJKBA_00063	2
ACBEJKBA_00064	0
ACBEJKBA_00065	0
ACBEJKBA_00066	3
ACBEJKBA_00067	150
ACBEJKBA_00068	0
ACBEJKBA_00069	0
ACBEJKBA_00070	0
ACBEJKBA_00071	0
ACBEJKBA_00072	0
ACBEJKBA_00073	0
ACBEJKBA_00074	0
ACBEJKBA_00075	0
ACBEJKBA_00076	0
ACBEJKBA_00077	0
ACBEJKBA_00078	0
ACBEJKBA_00080	0
ACBEJKBA_00081	0
ACBEJKBA_00082	0
ACBEJKBA_00083	0
ACBEJKBA_00084	0
ACBEJKBA_00085	0
ACBEJKBA_00086	0
ACBEJKBA_00087	0
ACBEJKBA_00088	0
ACBEJKBA_00090	0
ACBEJKBA_00091	0
ACBEJKBA_00092	0
ACBEJKBA_00093	0
ACBEJKBA_00094	0
ACBEJKBA_00095	0
ACBEJKBA_00096	0
ACBEJKBA_00097	0
ACBEJKBA_00098	0
ACBEJKBA_00101	1
ACBEJKBA_00102	0
ACBEJKBA_00103	1
ACBEJKBA_00104	1
ACBEJKBA_00105	0
ACBEJKBA_00106	2
ACBEJKBA_00107	0
ACBEJKBA_00108	0
ACBEJKBA_00109	0
ACBEJKBA_00110	0
ACBEJKBA_00111	0
ACBEJKBA_00112	0
ACBEJKBA_00113	2
ACBEJKBA_00114	2
ACBEJKBA_00115	0
ACBEJKBA_00116	2
ACBEJKBA_00117	2
ACBEJKBA_00118	0
ACBEJKBA_00119	0
ACBEJKBA_00120	0
ACBEJKBA_00121	0
ACBEJKBA_00122	0
ACBEJKBA_00123	0
ACBEJKBA_00124	0
ACBEJKBA_00125	0
ACBEJKBA_00126	0
ACBEJKBA_00127	0
ACBEJKBA_00128	0
ACBEJKBA_00129	0
ACBEJKBA_00130	0
ACBEJKBA_00131	0
ACBEJKBA_00132	0
ACBEJKBA_00133	0
ACBEJKBA_00134	0
ACBEJKBA_00135	0
ACBEJKBA_00136	0
ACBEJKBA_00137	0
ACBEJKBA_00138	0
ACBEJKBA_00139	1
ACBEJKBA_00140	0
ACBEJKBA_00141	1
ACBEJKBA_00142	1
ACBEJKBA_00143	3
ACBEJKBA_00144	5
ACBEJKBA_00145	2
ACBEJKBA_00146	3
ACBEJKBA_00147	0
ACBEJKBA_00148	4
ACBEJKBA_00149	0
ACBEJKBA_00150	0
ACBEJKBA_00151	0
ACBEJKBA_00152	2
ACBEJKBA_00153	0
ACBEJKBA_00154	1
ACBEJKBA_00155	1
ACBEJKBA_00156	0
ACBEJKBA_00157	0
ACBEJKBA_00158	0
ACBEJKBA_00159	0
ACBEJKBA_00160	0
ACBEJKBA_00161	0
ACBEJKBA_00162	0
ACBEJKBA_00163	0
ACBEJKBA_00164	2
ACBEJKBA_00165	0
ACBEJKBA_00166	3
ACBEJKBA_00167	0
ACBEJKBA_00168	5
ACBEJKBA_00169	0
ACBEJKBA_00170	0
ACBEJKBA_00171	0
ACBEJKBA_00172	0
ACBEJKBA_00173	0
ACBEJKBA_00174	0
ACBEJKBA_00175	0
ACBEJKBA_00176	2
ACBEJKBA_00177	0
ACBEJKBA_00178	1
ACBEJKBA_00179	0
ACBEJKBA_00180	1
ACBEJKBA_00181	1
ACBEJKBA_00182	0
ACBEJKBA_00183	3
ACBEJKBA_00184	1
ACBEJKBA_00185	0
ACBEJKBA_00186	2
ACBEJKBA_00187	2
ACBEJKBA_00188	0
ACBEJKBA_00189	4
ACBEJKBA_00190	0
ACBEJKBA_00191	0
ACBEJKBA_00193	0
ACBEJKBA_00194	0
ACBEJKBA_00195	1
ACBEJKBA_00196	0
ACBEJKBA_00197	0
ACBEJKBA_00198	0
ACBEJKBA_00199	0
ACBEJKBA_00200	0
ACBEJKBA_00201	0
ACBEJKBA_00202	0
ACBEJKBA_00203	0
ACBEJKBA_00204	0
ACBEJKBA_00205	0
ACBEJKBA_00206	1
ACBEJKBA_00207	0
ACBEJKBA_00208	0
ACBEJKBA_00209	5
ACBEJKBA_00210	0
ACBEJKBA_00211	3
ACBEJKBA_00212	1
ACBEJKBA_00213	3
ACBEJKBA_00214	0
ACBEJKBA_00215	1
ACBEJKBA_00216	1
ACBEJKBA_00217	1
ACBEJKBA_00218	2
ACBEJKBA_00219	0
ACBEJKBA_00220	0
ACBEJKBA_00221	0
ACBEJKBA_00222	0
ACBEJKBA_00223	0
ACBEJKBA_00224	0
ACBEJKBA_00225	1
ACBEJKBA_00226	1
ACBEJKBA_00227	0
ACBEJKBA_00228	0
ACBEJKBA_00229	0
ACBEJKBA_00230	1
ACBEJKBA_00231	1
ACBEJKBA_00232	0
ACBEJKBA_00233	4
ACBEJKBA_00234	0
ACBEJKBA_00235	0
ACBEJKBA_00236	0
ACBEJKBA_00237	0
ACBEJKBA_00238	0
ACBEJKBA_00239	0
ACBEJKBA_00240	0
ACBEJKBA_00241	0
ACBEJKBA_00242	0
ACBEJKBA_00243	0
ACBEJKBA_00244	0
ACBEJKBA_00245	0
ACBEJKBA_00246	0
ACBEJKBA_00247	0
ACBEJKBA_00248	0
ACBEJKBA_00249	0
ACBEJKBA_00250	0
ACBEJKBA_00251	3
ACBEJKBA_00252	0
ACBEJKBA_00253	0
ACBEJKBA_00255	0
ACBEJKBA_00256	1
ACBEJKBA_00257	0
ACBEJKBA_00258	0
ACBEJKBA_00259	0
ACBEJKBA_00260	0
ACBEJKBA_00261	1
ACBEJKBA_00262	0
ACBEJKBA_00263	0
ACBEJKBA_00264	0
ACBEJKBA_00265	0
ACBEJKBA_00266	0
ACBEJKBA_00267	0
ACBEJKBA_00268	0
ACBEJKBA_00269	0
ACBEJKBA_00270	0
ACBEJKBA_00271	0
ACBEJKBA_00272	0
ACBEJKBA_00273	2
ACBEJKBA_00274	0
ACBEJKBA_00275	0
ACBEJKBA_00276	0
ACBEJKBA_00277	0
ACBEJKBA_00278	0
ACBEJKBA_00279	0
ACBEJKBA_00280	0
ACBEJKBA_00281	1
ACBEJKBA_00282	6
ACBEJKBA_00283	0
ACBEJKBA_00284	0
ACBEJKBA_00285	0
ACBEJKBA_00286	1
ACBEJKBA_00287	1
ACBEJKBA_00288	5
ACBEJKBA_00289	0
ACBEJKBA_00290	0
ACBEJKBA_00291	0
ACBEJKBA_00292	0
ACBEJKBA_00293	0
ACBEJKBA_00294	0
ACBEJKBA_00295	0
ACBEJKBA_00296	11
ACBEJKBA_00297	0
ACBEJKBA_00298	0
ACBEJKBA_00299	3
ACBEJKBA_00300	1
ACBEJKBA_00301	0
ACBEJKBA_00302	0
ACBEJKBA_00303	0
ACBEJKBA_00304	0
ACBEJKBA_00305	0
ACBEJKBA_00306	0
ACBEJKBA_00307	0
ACBEJKBA_00308	0
ACBEJKBA_00309	0
ACBEJKBA_00310	0
ACBEJKBA_00311	0
ACBEJKBA_00312	0
ACBEJKBA_00313	0
ACBEJKBA_00314	0
ACBEJKBA_00315	0
ACBEJKBA_00316	0
ACBEJKBA_00317	0
ACBEJKBA_00318	0
ACBEJKBA_00319	0
ACBEJKBA_00320	0
ACBEJKBA_00321	1
ACBEJKBA_00322	0
ACBEJKBA_00323	0
ACBEJKBA_00324	1
ACBEJKBA_00325	1
ACBEJKBA_00326	0
ACBEJKBA_00327	1
ACBEJKBA_00328	0
ACBEJKBA_00329	1
ACBEJKBA_00330	1
ACBEJKBA_00331	0
ACBEJKBA_00332	0
ACBEJKBA_00333	0
ACBEJKBA_00334	0
ACBEJKBA_00335	0
ACBEJKBA_00336	0
ACBEJKBA_00337	0
ACBEJKBA_00338	1
ACBEJKBA_00339	0
ACBEJKBA_00341	0
ACBEJKBA_00342	0
ACBEJKBA_00343	1
ACBEJKBA_00344	0
ACBEJKBA_00345	9
ACBEJKBA_00346	3
ACBEJKBA_00347	0
ACBEJKBA_00348	1
ACBEJKBA_00350	0
ACBEJKBA_00351	0
ACBEJKBA_00352	0
ACBEJKBA_00353	0
ACBEJKBA_00354	0
ACBEJKBA_00355	0
ACBEJKBA_00356	0
ACBEJKBA_00357	0
ACBEJKBA_00358	0
ACBEJKBA_00359	0
ACBEJKBA_00360	0
ACBEJKBA_00361	0
ACBEJKBA_00362	1
ACBEJKBA_00363	0
ACBEJKBA_00364	0
ACBEJKBA_00365	0
ACBEJKBA_00366	0
ACBEJKBA_00367	0
ACBEJKBA_00368	3
ACBEJKBA_00369	1
ACBEJKBA_00370	0
ACBEJKBA_00371	0
ACBEJKBA_00372	0
ACBEJKBA_00373	0
ACBEJKBA_00374	0
ACBEJKBA_00375	0
ACBEJKBA_00376	0
ACBEJKBA_00377	0
ACBEJKBA_00378	0
ACBEJKBA_00379	0
ACBEJKBA_00380	0
ACBEJKBA_00381	1
ACBEJKBA_00382	0
ACBEJKBA_00383	0
ACBEJKBA_00384	0
ACBEJKBA_00385	0
ACBEJKBA_00386	0
ACBEJKBA_00387	0
ACBEJKBA_00388	0
ACBEJKBA_00389	0
ACBEJKBA_00390	4
ACBEJKBA_00391	0
ACBEJKBA_00392	0
ACBEJKBA_00393	0
ACBEJKBA_00394	1
ACBEJKBA_00395	0
ACBEJKBA_00397	0
ACBEJKBA_00398	0
ACBEJKBA_00399	9
ACBEJKBA_00400	0
ACBEJKBA_00401	0
ACBEJKBA_00402	0
ACBEJKBA_00404	0
ACBEJKBA_00405	10
ACBEJKBA_00406	0
ACBEJKBA_00407	0
ACBEJKBA_00408	0
ACBEJKBA_00409	0
ACBEJKBA_00410	1
ACBEJKBA_00411	0
ACBEJKBA_00412	0
ACBEJKBA_00413	1
ACBEJKBA_00414	0
ACBEJKBA_00415	4
ACBEJKBA_00416	0
ACBEJKBA_00417	0
ACBEJKBA_00418	0
ACBEJKBA_00419	0
ACBEJKBA_00420	0
ACBEJKBA_00421	0
ACBEJKBA_00422	0
ACBEJKBA_00423	0
ACBEJKBA_00424	0
ACBEJKBA_00425	0
ACBEJKBA_00426	0
ACBEJKBA_00427	0
ACBEJKBA_00428	0
ACBEJKBA_00429	0
ACBEJKBA_00430	0
ACBEJKBA_00431	0
ACBEJKBA_00432	0
ACBEJKBA_00433	1
ACBEJKBA_00434	4
ACBEJKBA_00435	0
ACBEJKBA_00436	0
ACBEJKBA_00437	0
ACBEJKBA_00438	1
ACBEJKBA_00439	0
ACBEJKBA_00440	4
ACBEJKBA_00441	3
ACBEJKBA_00442	0
ACBEJKBA_00443	38
ACBEJKBA_00444	1
ACBEJKBA_00445	0
ACBEJKBA_00446	0
ACBEJKBA_00447	0
ACBEJKBA_00448	0
ACBEJKBA_00449	0
ACBEJKBA_00450	0
ACBEJKBA_00451	0
ACBEJKBA_00452	0
ACBEJKBA_00453	1
ACBEJKBA_00454	0
ACBEJKBA_00455	0
ACBEJKBA_00456	0
ACBEJKBA_00457	0
ACBEJKBA_00458	0
ACBEJKBA_00459	0
ACBEJKBA_00460	0
ACBEJKBA_00461	0
ACBEJKBA_00462	0
ACBEJKBA_00463	0
ACBEJKBA_00464	0
ACBEJKBA_00465	0
ACBEJKBA_00466	0
ACBEJKBA_00467	0
ACBEJKBA_00468	1
ACBEJKBA_00469	0
ACBEJKBA_00470	0
ACBEJKBA_00471	0
ACBEJKBA_00472	0
ACBEJKBA_00473	7
ACBEJKBA_00474	0
ACBEJKBA_00475	0
ACBEJKBA_00476	0
ACBEJKBA_00477	0
ACBEJKBA_00478	0
ACBEJKBA_00479	0
ACBEJKBA_00480	0
ACBEJKBA_00481	0
ACBEJKBA_00482	0
ACBEJKBA_00483	0
ACBEJKBA_00484	0
ACBEJKBA_00485	0
ACBEJKBA_00486	0
ACBEJKBA_00487	5
ACBEJKBA_00488	1
ACBEJKBA_00489	0
ACBEJKBA_00490	0
ACBEJKBA_00491	0
ACBEJKBA_00492	0
ACBEJKBA_00493	1
ACBEJKBA_00494	0
ACBEJKBA_00495	0
ACBEJKBA_00496	0
ACBEJKBA_00497	0
ACBEJKBA_00498	0
ACBEJKBA_00499	0
ACBEJKBA_00500	0
ACBEJKBA_00501	0
ACBEJKBA_00502	0
ACBEJKBA_00503	0
ACBEJKBA_00504	0
ACBEJKBA_00505	0
ACBEJKBA_00506	0
ACBEJKBA_00507	0
ACBEJKBA_00508	0
ACBEJKBA_00509	1
ACBEJKBA_00510	0
ACBEJKBA_00511	0
ACBEJKBA_00512	0
ACBEJKBA_00513	2
ACBEJKBA_00514	1
ACBEJKBA_00515	3
ACBEJKBA_00516	0
ACBEJKBA_00517	0
ACBEJKBA_00518	2
ACBEJKBA_00519	0
ACBEJKBA_00520	1
ACBEJKBA_00521	0
ACBEJKBA_00522	0
ACBEJKBA_00523	0
ACBEJKBA_00524	0
ACBEJKBA_00525	0
ACBEJKBA_00526	0
ACBEJKBA_00527	0
ACBEJKBA_00528	0
ACBEJKBA_00529	0
ACBEJKBA_00530	0
ACBEJKBA_00531	0
ACBEJKBA_00532	0
ACBEJKBA_00533	1
ACBEJKBA_00535	0
ACBEJKBA_00536	0
ACBEJKBA_00537	0
ACBEJKBA_00538	1
ACBEJKBA_00539	0
ACBEJKBA_00540	0
ACBEJKBA_00541	0
ACBEJKBA_00542	0
ACBEJKBA_00543	0
ACBEJKBA_00544	1
ACBEJKBA_00545	0
ACBEJKBA_00546	1
ACBEJKBA_00547	0
ACBEJKBA_00548	0
ACBEJKBA_00549	0
ACBEJKBA_00550	0
ACBEJKBA_00551	0
ACBEJKBA_00552	0
ACBEJKBA_00553	0
ACBEJKBA_00554	0
ACBEJKBA_00555	0
ACBEJKBA_00556	0
ACBEJKBA_00557	0
ACBEJKBA_00558	0
ACBEJKBA_00559	0
ACBEJKBA_00560	3
ACBEJKBA_00561	0
ACBEJKBA_00562	0
ACBEJKBA_00563	0
ACBEJKBA_00564	0
ACBEJKBA_00565	1
ACBEJKBA_00566	0
ACBEJKBA_00567	2
ACBEJKBA_00568	1
ACBEJKBA_00569	0
ACBEJKBA_00570	0
ACBEJKBA_00571	0
ACBEJKBA_00572	3
ACBEJKBA_00573	0
ACBEJKBA_00574	0
ACBEJKBA_00575	0
ACBEJKBA_00576	0
ACBEJKBA_00577	1
ACBEJKBA_00579	1
ACBEJKBA_00580	0
ACBEJKBA_00581	0
ACBEJKBA_00582	0
ACBEJKBA_00583	0
ACBEJKBA_00586	0
ACBEJKBA_00587	0
ACBEJKBA_00588	0
ACBEJKBA_00589	0
ACBEJKBA_00590	0
ACBEJKBA_00591	0
ACBEJKBA_00592	0
ACBEJKBA_00593	2
ACBEJKBA_00594	1
ACBEJKBA_00595	1
ACBEJKBA_00596	0
ACBEJKBA_00597	0
ACBEJKBA_00598	0
ACBEJKBA_00599	0
ACBEJKBA_00600	2
ACBEJKBA_00601	0
ACBEJKBA_00602	0
ACBEJKBA_00603	0
ACBEJKBA_00604	4
ACBEJKBA_00605	0
ACBEJKBA_00606	0
ACBEJKBA_00607	0
ACBEJKBA_00608	0
ACBEJKBA_00609	0
ACBEJKBA_00611	0
ACBEJKBA_00612	0
ACBEJKBA_00613	0
ACBEJKBA_00614	0
ACBEJKBA_00615	2
ACBEJKBA_00616	0
ACBEJKBA_00617	1
ACBEJKBA_00618	0
ACBEJKBA_00619	0
ACBEJKBA_00620	0
ACBEJKBA_00621	0
ACBEJKBA_00622	0
ACBEJKBA_00623	3
ACBEJKBA_00624	1
ACBEJKBA_00625	3
ACBEJKBA_00626	0
ACBEJKBA_00627	0
ACBEJKBA_00628	0
ACBEJKBA_00629	0
ACBEJKBA_00630	0
ACBEJKBA_00631	0
ACBEJKBA_00632	0
ACBEJKBA_00633	0
ACBEJKBA_00634	1
ACBEJKBA_00635	0
ACBEJKBA_00636	0
ACBEJKBA_00637	0
ACBEJKBA_00638	0
ACBEJKBA_00639	1
ACBEJKBA_00640	0
ACBEJKBA_00641	0
ACBEJKBA_00642	0
ACBEJKBA_00643	1
ACBEJKBA_00644	0
ACBEJKBA_00645	0
ACBEJKBA_00646	0
ACBEJKBA_00647	0
ACBEJKBA_00648	0
ACBEJKBA_00649	0
ACBEJKBA_00650	1
ACBEJKBA_00651	0
ACBEJKBA_00652	0
ACBEJKBA_00653	0
ACBEJKBA_00654	0
ACBEJKBA_00655	0
ACBEJKBA_00656	0
ACBEJKBA_00657	0
ACBEJKBA_00658	0
ACBEJKBA_00659	0
ACBEJKBA_00660	0
ACBEJKBA_00661	1
ACBEJKBA_00662	0
ACBEJKBA_00663	0
ACBEJKBA_00664	0
ACBEJKBA_00665	0
ACBEJKBA_00666	0
ACBEJKBA_00667	0
ACBEJKBA_00668	0
ACBEJKBA_00669	0
ACBEJKBA_00670	2
ACBEJKBA_00671	0
ACBEJKBA_00672	0
ACBEJKBA_00673	1
ACBEJKBA_00674	0
ACBEJKBA_00675	0
ACBEJKBA_00676	0
ACBEJKBA_00677	0
ACBEJKBA_00679	0
ACBEJKBA_00680	2
ACBEJKBA_00681	0
ACBEJKBA_00682	0
ACBEJKBA_00683	0
ACBEJKBA_00684	0
ACBEJKBA_00685	0
ACBEJKBA_00686	2
ACBEJKBA_00687	0
ACBEJKBA_00688	5
ACBEJKBA_00689	0
ACBEJKBA_00690	0
ACBEJKBA_00691	0
ACBEJKBA_00692	0
ACBEJKBA_00693	0
ACBEJKBA_00694	0
ACBEJKBA_00695	0
ACBEJKBA_00696	0
ACBEJKBA_00697	0
ACBEJKBA_00698	0
ACBEJKBA_00699	0
ACBEJKBA_00700	2
ACBEJKBA_00701	0
ACBEJKBA_00702	1
ACBEJKBA_00703	0
ACBEJKBA_00704	0
ACBEJKBA_00705	0
ACBEJKBA_00706	5
ACBEJKBA_00707	3
ACBEJKBA_00708	0
ACBEJKBA_00709	0
ACBEJKBA_00710	0
ACBEJKBA_00711	0
ACBEJKBA_00712	0
ACBEJKBA_00713	2
ACBEJKBA_00714	0
ACBEJKBA_00715	1
ACBEJKBA_00716	0
ACBEJKBA_00717	2
ACBEJKBA_00718	0
ACBEJKBA_00719	0
ACBEJKBA_00720	0
ACBEJKBA_00721	0
ACBEJKBA_00722	0
ACBEJKBA_00723	0
ACBEJKBA_00724	0
ACBEJKBA_00725	0
ACBEJKBA_00726	0
ACBEJKBA_00727	0
ACBEJKBA_00728	0
ACBEJKBA_00729	0
ACBEJKBA_00730	0
ACBEJKBA_00731	0
ACBEJKBA_00732	2
ACBEJKBA_00733	0
ACBEJKBA_00734	0
ACBEJKBA_00735	0
ACBEJKBA_00736	0
ACBEJKBA_00737	1
ACBEJKBA_00738	0
ACBEJKBA_00739	0
ACBEJKBA_00740	0
ACBEJKBA_00741	0
ACBEJKBA_00742	0
ACBEJKBA_00743	2
ACBEJKBA_00744	1
ACBEJKBA_00745	0
ACBEJKBA_00746	0
ACBEJKBA_00747	0
ACBEJKBA_00748	1
ACBEJKBA_00749	0
ACBEJKBA_00750	0
ACBEJKBA_00751	0
ACBEJKBA_00752	0
ACBEJKBA_00753	1
ACBEJKBA_00754	0
ACBEJKBA_00755	0
ACBEJKBA_00756	0
ACBEJKBA_00757	3
ACBEJKBA_00758	0
ACBEJKBA_00759	1
ACBEJKBA_00760	0
ACBEJKBA_00761	0
ACBEJKBA_00762	0
ACBEJKBA_00763	0
ACBEJKBA_00764	0
ACBEJKBA_00765	0
ACBEJKBA_00766	0
ACBEJKBA_00767	0
ACBEJKBA_00768	0
ACBEJKBA_00769	0
ACBEJKBA_00770	0
ACBEJKBA_00771	0
ACBEJKBA_00772	1
ACBEJKBA_00773	0
ACBEJKBA_00774	0
ACBEJKBA_00775	0
ACBEJKBA_00776	0
ACBEJKBA_00777	0
ACBEJKBA_00778	0
ACBEJKBA_00779	3
ACBEJKBA_00780	0
ACBEJKBA_00781	0
ACBEJKBA_00782	0
ACBEJKBA_00783	0
ACBEJKBA_00784	3
ACBEJKBA_00785	2
ACBEJKBA_00786	0
ACBEJKBA_00787	0
ACBEJKBA_00788	4
ACBEJKBA_00789	0
ACBEJKBA_00791	0
ACBEJKBA_00792	0
ACBEJKBA_00793	0
ACBEJKBA_00794	0
ACBEJKBA_00795	0
ACBEJKBA_00796	0
ACBEJKBA_00797	0
ACBEJKBA_00798	0
ACBEJKBA_00799	0
ACBEJKBA_00800	0
ACBEJKBA_00801	0
ACBEJKBA_00802	0
ACBEJKBA_00803	0
ACBEJKBA_00804	0
ACBEJKBA_00805	0
ACBEJKBA_00806	0
ACBEJKBA_00807	1
ACBEJKBA_00808	0
ACBEJKBA_00809	0
ACBEJKBA_00810	0
ACBEJKBA_00811	0
ACBEJKBA_00812	1
ACBEJKBA_00813	0
ACBEJKBA_00814	0
ACBEJKBA_00815	0
ACBEJKBA_00816	2
ACBEJKBA_00817	0
ACBEJKBA_00818	0
ACBEJKBA_00819	0
ACBEJKBA_00820	0
ACBEJKBA_00821	0
ACBEJKBA_00822	0
ACBEJKBA_00823	0
ACBEJKBA_00824	0
ACBEJKBA_00825	1
ACBEJKBA_00826	0
ACBEJKBA_00827	0
ACBEJKBA_00828	0
ACBEJKBA_00829	0
ACBEJKBA_00830	0
ACBEJKBA_00831	0
ACBEJKBA_00832	0
ACBEJKBA_00833	2
ACBEJKBA_00834	0
ACBEJKBA_00835	0
ACBEJKBA_00836	0
ACBEJKBA_00838	0
ACBEJKBA_00839	0
ACBEJKBA_00840	0
ACBEJKBA_00841	0
ACBEJKBA_00842	0
ACBEJKBA_00843	0
ACBEJKBA_00844	0
ACBEJKBA_00845	0
ACBEJKBA_00846	0
ACBEJKBA_00847	0
ACBEJKBA_00848	0
ACBEJKBA_00849	0
ACBEJKBA_00850	0
ACBEJKBA_00851	0
ACBEJKBA_00852	0
ACBEJKBA_00853	0
ACBEJKBA_00854	0
ACBEJKBA_00855	0
ACBEJKBA_00856	2
ACBEJKBA_00857	1
ACBEJKBA_00858	0
ACBEJKBA_00859	2
ACBEJKBA_00860	0
ACBEJKBA_00861	0
ACBEJKBA_00862	6
ACBEJKBA_00864	0
ACBEJKBA_00865	0
ACBEJKBA_00866	0
ACBEJKBA_00867	0
ACBEJKBA_00868	1
ACBEJKBA_00869	0
ACBEJKBA_00870	2
ACBEJKBA_00871	0
ACBEJKBA_00872	0
ACBEJKBA_00873	0
ACBEJKBA_00874	0
ACBEJKBA_00876	0
ACBEJKBA_00877	0
ACBEJKBA_00878	0
ACBEJKBA_00879	0
ACBEJKBA_00880	1
ACBEJKBA_00881	0
ACBEJKBA_00882	0
ACBEJKBA_00883	1
ACBEJKBA_00884	0
ACBEJKBA_00885	0
ACBEJKBA_00886	1
ACBEJKBA_00887	0
ACBEJKBA_00888	1
ACBEJKBA_00889	3
ACBEJKBA_00890	0
ACBEJKBA_00891	0
ACBEJKBA_00892	1
ACBEJKBA_00893	3
ACBEJKBA_00894	0
ACBEJKBA_00895	0
ACBEJKBA_00896	0
ACBEJKBA_00897	0
ACBEJKBA_00898	1
ACBEJKBA_00899	0
ACBEJKBA_00900	0
ACBEJKBA_00901	0
ACBEJKBA_00902	0
ACBEJKBA_00903	0
ACBEJKBA_00904	0
ACBEJKBA_00905	0
ACBEJKBA_00906	0
ACBEJKBA_00907	0
ACBEJKBA_00908	0
ACBEJKBA_00909	0
ACBEJKBA_00910	0
ACBEJKBA_00911	2
ACBEJKBA_00913	10
ACBEJKBA_00914	5
ACBEJKBA_00915	1
ACBEJKBA_00916	4
ACBEJKBA_00917	7
ACBEJKBA_00918	2
ACBEJKBA_00919	1
ACBEJKBA_00920	0
ACBEJKBA_00921	3
ACBEJKBA_00922	0
ACBEJKBA_00923	0
ACBEJKBA_00925	0
ACBEJKBA_00926	0
ACBEJKBA_00927	0
ACBEJKBA_00928	0
ACBEJKBA_00929	0
ACBEJKBA_00930	0
ACBEJKBA_00931	0
ACBEJKBA_00932	0
ACBEJKBA_00933	0
ACBEJKBA_00934	0
ACBEJKBA_00935	0
ACBEJKBA_00936	0
ACBEJKBA_00937	0
ACBEJKBA_00938	0
ACBEJKBA_00939	0
ACBEJKBA_00940	0
ACBEJKBA_00941	0
ACBEJKBA_00942	0
ACBEJKBA_00943	0
ACBEJKBA_00944	0
ACBEJKBA_00945	0
ACBEJKBA_00946	0
ACBEJKBA_00947	1
ACBEJKBA_00948	0
ACBEJKBA_00949	1
ACBEJKBA_00950	0
ACBEJKBA_00951	2
ACBEJKBA_00952	0
ACBEJKBA_00953	1
ACBEJKBA_00954	0
ACBEJKBA_00955	0
ACBEJKBA_00956	0
ACBEJKBA_00957	0
ACBEJKBA_00958	0
ACBEJKBA_00959	0
ACBEJKBA_00960	0
ACBEJKBA_00961	0
ACBEJKBA_00962	1
ACBEJKBA_00963	0
ACBEJKBA_00964	0
ACBEJKBA_00965	0
ACBEJKBA_00966	1
ACBEJKBA_00967	0
ACBEJKBA_00968	0
ACBEJKBA_00969	0
ACBEJKBA_00970	2
ACBEJKBA_00971	0
ACBEJKBA_00972	0
ACBEJKBA_00973	0
ACBEJKBA_00974	0
ACBEJKBA_00975	0
ACBEJKBA_00976	0
ACBEJKBA_00977	0
ACBEJKBA_00978	0
ACBEJKBA_00979	1
ACBEJKBA_00980	0
ACBEJKBA_00981	0
ACBEJKBA_00982	2
ACBEJKBA_00983	1
ACBEJKBA_00984	0
ACBEJKBA_00985	0
ACBEJKBA_00986	1
ACBEJKBA_00987	0
ACBEJKBA_00988	0
ACBEJKBA_00989	0
ACBEJKBA_00990	0
ACBEJKBA_00991	2
ACBEJKBA_00992	0
ACBEJKBA_00993	0
ACBEJKBA_00994	0
ACBEJKBA_00995	0
ACBEJKBA_00996	1
ACBEJKBA_00997	0
ACBEJKBA_00998	0
ACBEJKBA_00999	0
ACBEJKBA_01000	16
ACBEJKBA_01001	0
ACBEJKBA_01002	0
ACBEJKBA_01003	0
ACBEJKBA_01004	0
ACBEJKBA_01005	0
ACBEJKBA_01006	0
ACBEJKBA_01007	0
ACBEJKBA_01008	1
ACBEJKBA_01009	0
ACBEJKBA_01010	0
ACBEJKBA_01011	0
ACBEJKBA_01012	0
ACBEJKBA_01013	0
ACBEJKBA_01014	0
ACBEJKBA_01015	0
ACBEJKBA_01016	1
ACBEJKBA_01017	0
ACBEJKBA_01018	0
ACBEJKBA_01019	0
ACBEJKBA_01020	0
ACBEJKBA_01021	0
ACBEJKBA_01022	6
ACBEJKBA_01023	0
ACBEJKBA_01024	0
ACBEJKBA_01025	6
ACBEJKBA_01026	0
ACBEJKBA_01027	0
ACBEJKBA_01028	1
ACBEJKBA_01029	0
ACBEJKBA_01030	0
ACBEJKBA_01031	0
ACBEJKBA_01032	0
ACBEJKBA_01033	0
ACBEJKBA_01034	0
ACBEJKBA_01035	0
ACBEJKBA_01036	0
ACBEJKBA_01037	0
ACBEJKBA_01038	0
ACBEJKBA_01039	0
ACBEJKBA_01040	1
ACBEJKBA_01041	0
ACBEJKBA_01042	1
ACBEJKBA_01043	1
ACBEJKBA_01044	1
ACBEJKBA_01045	0
ACBEJKBA_01046	1
ACBEJKBA_01047	0
ACBEJKBA_01048	1
ACBEJKBA_01049	0
ACBEJKBA_01050	0
ACBEJKBA_01051	0
ACBEJKBA_01052	0
ACBEJKBA_01053	7
ACBEJKBA_01054	0
ACBEJKBA_01055	0
ACBEJKBA_01056	0
ACBEJKBA_01057	0
ACBEJKBA_01058	2
ACBEJKBA_01059	0
ACBEJKBA_01060	0
ACBEJKBA_01061	0
ACBEJKBA_01062	0
ACBEJKBA_01063	0
ACBEJKBA_01064	0
ACBEJKBA_01065	0
ACBEJKBA_01066	0
ACBEJKBA_01067	0
ACBEJKBA_01068	0
ACBEJKBA_01069	0
ACBEJKBA_01070	0
ACBEJKBA_01071	0
ACBEJKBA_01072	0
ACBEJKBA_01073	0
ACBEJKBA_01074	0
ACBEJKBA_01075	0
ACBEJKBA_01078	1
ACBEJKBA_01079	0
ACBEJKBA_01080	0
ACBEJKBA_01081	2
ACBEJKBA_01082	0
ACBEJKBA_01083	0
ACBEJKBA_01087	0
ACBEJKBA_01088	5
ACBEJKBA_01089	0
ACBEJKBA_01090	0
ACBEJKBA_01091	0
ACBEJKBA_01092	0
ACBEJKBA_01093	0
ACBEJKBA_01094	0
ACBEJKBA_01095	0
ACBEJKBA_01096	0
ACBEJKBA_01097	0
ACBEJKBA_01098	0
ACBEJKBA_01099	0
ACBEJKBA_01100	0
ACBEJKBA_01101	0
ACBEJKBA_01102	0
ACBEJKBA_01103	6
ACBEJKBA_01104	2
ACBEJKBA_01105	0
ACBEJKBA_01106	0
ACBEJKBA_01107	0
ACBEJKBA_01108	0
ACBEJKBA_01109	0
ACBEJKBA_01110	0
ACBEJKBA_01111	0
ACBEJKBA_01112	0
ACBEJKBA_01113	0
ACBEJKBA_01114	1
ACBEJKBA_01115	0
ACBEJKBA_01116	1
ACBEJKBA_01117	0
ACBEJKBA_01118	0
ACBEJKBA_01119	0
ACBEJKBA_01120	0
ACBEJKBA_01121	0
ACBEJKBA_01122	4
ACBEJKBA_01123	0
ACBEJKBA_01124	0
ACBEJKBA_01125	1
ACBEJKBA_01126	0
ACBEJKBA_01127	0
ACBEJKBA_01130	0
ACBEJKBA_01131	3
ACBEJKBA_01132	0
ACBEJKBA_01133	0
ACBEJKBA_01134	1
ACBEJKBA_01135	0
ACBEJKBA_01136	0
ACBEJKBA_01137	0
ACBEJKBA_01138	0
ACBEJKBA_01139	0
ACBEJKBA_01140	1
ACBEJKBA_01141	0
ACBEJKBA_01142	1
ACBEJKBA_01143	0
ACBEJKBA_01144	0
ACBEJKBA_01145	5
ACBEJKBA_01146	0
ACBEJKBA_01147	0
ACBEJKBA_01148	2
ACBEJKBA_01149	0
ACBEJKBA_01150	0
ACBEJKBA_01151	1
ACBEJKBA_01152	0
ACBEJKBA_01153	0
ACBEJKBA_01154	0
ACBEJKBA_01155	0
ACBEJKBA_01156	0
ACBEJKBA_01157	0
ACBEJKBA_01158	0
ACBEJKBA_01159	0
ACBEJKBA_01160	0
ACBEJKBA_01161	0
ACBEJKBA_01162	0
ACBEJKBA_01163	0
ACBEJKBA_01164	0
ACBEJKBA_01165	0
ACBEJKBA_01166	0
ACBEJKBA_01167	2
ACBEJKBA_01168	0
ACBEJKBA_01169	0
ACBEJKBA_01170	0
ACBEJKBA_01171	0
ACBEJKBA_01172	0
ACBEJKBA_01173	0
ACBEJKBA_01174	14
ACBEJKBA_01175	1
ACBEJKBA_01176	0
ACBEJKBA_01177	0
ACBEJKBA_01178	0
ACBEJKBA_01179	0
ACBEJKBA_01180	0
ACBEJKBA_01181	1
ACBEJKBA_01182	0
ACBEJKBA_01183	1
ACBEJKBA_01184	0
ACBEJKBA_01185	0
ACBEJKBA_01186	0
ACBEJKBA_01187	0
ACBEJKBA_01188	0
ACBEJKBA_01189	0
ACBEJKBA_01190	2
ACBEJKBA_01191	3
ACBEJKBA_01192	0
ACBEJKBA_01193	0
ACBEJKBA_01194	1
ACBEJKBA_01195	4
ACBEJKBA_01196	0
ACBEJKBA_01197	0
ACBEJKBA_01198	0
ACBEJKBA_01199	0
ACBEJKBA_01200	0
ACBEJKBA_01201	0
ACBEJKBA_01202	0
ACBEJKBA_01203	0
ACBEJKBA_01204	1
ACBEJKBA_01205	0
ACBEJKBA_01206	0
ACBEJKBA_01207	0
ACBEJKBA_01208	2
ACBEJKBA_01209	13
ACBEJKBA_01210	3
ACBEJKBA_01211	0
ACBEJKBA_01212	0
ACBEJKBA_01213	0
ACBEJKBA_01214	0
ACBEJKBA_01215	1
ACBEJKBA_01216	0
ACBEJKBA_01217	0
ACBEJKBA_01218	0
ACBEJKBA_01219	0
ACBEJKBA_01220	0
ACBEJKBA_01221	0
ACBEJKBA_01222	7
ACBEJKBA_01223	0
ACBEJKBA_01224	0
ACBEJKBA_01225	0
ACBEJKBA_01226	0
ACBEJKBA_01227	0
ACBEJKBA_01228	0
ACBEJKBA_01229	1
ACBEJKBA_01230	0
ACBEJKBA_01231	0
ACBEJKBA_01232	0
ACBEJKBA_01233	4
ACBEJKBA_01234	0
ACBEJKBA_01235	0
ACBEJKBA_01236	0
ACBEJKBA_01237	0
ACBEJKBA_01238	4
ACBEJKBA_01239	0
ACBEJKBA_01240	0
ACBEJKBA_01241	0
ACBEJKBA_01242	0
ACBEJKBA_01243	0
ACBEJKBA_01244	0
ACBEJKBA_01245	0
ACBEJKBA_01246	0
ACBEJKBA_01247	0
ACBEJKBA_01248	0
ACBEJKBA_01249	4
ACBEJKBA_01250	0
ACBEJKBA_01251	0
ACBEJKBA_01252	3
ACBEJKBA_01253	0
ACBEJKBA_01254	0
ACBEJKBA_01255	0
ACBEJKBA_01256	0
ACBEJKBA_01257	0
ACBEJKBA_01258	0
ACBEJKBA_01259	1
ACBEJKBA_01260	0
ACBEJKBA_01261	2
ACBEJKBA_01262	0
ACBEJKBA_01263	1
ACBEJKBA_01264	0
ACBEJKBA_01265	0
ACBEJKBA_01266	0
ACBEJKBA_01272	0
ACBEJKBA_01273	0
ACBEJKBA_01274	4
ACBEJKBA_01275	0
ACBEJKBA_01276	0
ACBEJKBA_01277	0
ACBEJKBA_01278	0
ACBEJKBA_01280	0
ACBEJKBA_01281	5
ACBEJKBA_01282	0
ACBEJKBA_01283	0
ACBEJKBA_01284	0
ACBEJKBA_01285	0
ACBEJKBA_01286	0
ACBEJKBA_01287	0
ACBEJKBA_01288	0
ACBEJKBA_01289	0
ACBEJKBA_01290	0
ACBEJKBA_01291	1
ACBEJKBA_01292	0
ACBEJKBA_01293	0
ACBEJKBA_01294	0
ACBEJKBA_01295	0
ACBEJKBA_01296	0
ACBEJKBA_01297	0
ACBEJKBA_01298	0
ACBEJKBA_01299	0
ACBEJKBA_01300	0
ACBEJKBA_01301	0
ACBEJKBA_01302	0
ACBEJKBA_01303	0
ACBEJKBA_01304	0
ACBEJKBA_01305	0
ACBEJKBA_01306	0
ACBEJKBA_01307	0
ACBEJKBA_01308	0
ACBEJKBA_01309	0
ACBEJKBA_01310	3
ACBEJKBA_01311	0
ACBEJKBA_01312	2
ACBEJKBA_01313	0
ACBEJKBA_01314	0
ACBEJKBA_01315	5
ACBEJKBA_01316	0
ACBEJKBA_01317	0
ACBEJKBA_01318	0
ACBEJKBA_01319	1
ACBEJKBA_01320	1
ACBEJKBA_01321	0
ACBEJKBA_01322	0
ACBEJKBA_01323	0
ACBEJKBA_01324	0
ACBEJKBA_01325	0
ACBEJKBA_01326	0
ACBEJKBA_01327	0
ACBEJKBA_01328	0
ACBEJKBA_01329	0
ACBEJKBA_01330	0
ACBEJKBA_01331	0
ACBEJKBA_01332	0
ACBEJKBA_01333	0
ACBEJKBA_01334	0
ACBEJKBA_01335	0
ACBEJKBA_01336	0
ACBEJKBA_01337	0
ACBEJKBA_01338	0
ACBEJKBA_01339	0
ACBEJKBA_01340	2
ACBEJKBA_01341	0
ACBEJKBA_01342	0
ACBEJKBA_01343	3
ACBEJKBA_01344	0
ACBEJKBA_01345	0
ACBEJKBA_01346	0
ACBEJKBA_01348	0
ACBEJKBA_01349	0
ACBEJKBA_01350	0
ACBEJKBA_01351	0
ACBEJKBA_01352	1
ACBEJKBA_01353	0
ACBEJKBA_01354	0
ACBEJKBA_01355	0
ACBEJKBA_01356	0
ACBEJKBA_01357	2
ACBEJKBA_01358	0
ACBEJKBA_01359	0
ACBEJKBA_01360	0
ACBEJKBA_01361	0
ACBEJKBA_01362	0
ACBEJKBA_01363	1
ACBEJKBA_01364	0
ACBEJKBA_01365	0
ACBEJKBA_01366	0
ACBEJKBA_01367	0
ACBEJKBA_01368	0
ACBEJKBA_01369	0
ACBEJKBA_01370	0
ACBEJKBA_01371	0
ACBEJKBA_01372	0
ACBEJKBA_01373	1
ACBEJKBA_01374	0
ACBEJKBA_01375	0
ACBEJKBA_01376	0
ACBEJKBA_01377	0
ACBEJKBA_01378	4
ACBEJKBA_01379	0
ACBEJKBA_01380	0
ACBEJKBA_01381	1
ACBEJKBA_01382	0
ACBEJKBA_01383	1
ACBEJKBA_01384	2
ACBEJKBA_01385	0
ACBEJKBA_01386	0
ACBEJKBA_01387	0
ACBEJKBA_01388	0
ACBEJKBA_01389	3
ACBEJKBA_01390	0
ACBEJKBA_01391	1
ACBEJKBA_01392	0
ACBEJKBA_01393	0
ACBEJKBA_01394	2
ACBEJKBA_01395	0
ACBEJKBA_01396	3
ACBEJKBA_01397	0
ACBEJKBA_01398	0
ACBEJKBA_01399	0
ACBEJKBA_01400	3
ACBEJKBA_01401	0
ACBEJKBA_01402	0
ACBEJKBA_01403	0
ACBEJKBA_01404	0
ACBEJKBA_01405	0
ACBEJKBA_01406	0
ACBEJKBA_01407	0
ACBEJKBA_01408	0
ACBEJKBA_01409	0
ACBEJKBA_01410	0
ACBEJKBA_01411	0
ACBEJKBA_01412	0
ACBEJKBA_01413	0
ACBEJKBA_01414	0
ACBEJKBA_01415	1
ACBEJKBA_01416	0
ACBEJKBA_01417	0
ACBEJKBA_01418	0
ACBEJKBA_01419	0
ACBEJKBA_01420	0
ACBEJKBA_01421	0
ACBEJKBA_01422	0
ACBEJKBA_01423	0
ACBEJKBA_01424	0
ACBEJKBA_01426	2
ACBEJKBA_01427	0
ACBEJKBA_01428	4
ACBEJKBA_01429	0
ACBEJKBA_01430	0
ACBEJKBA_01431	0
ACBEJKBA_01432	0
ACBEJKBA_01433	0
ACBEJKBA_01434	0
ACBEJKBA_01435	0
ACBEJKBA_01436	0
ACBEJKBA_01437	0
ACBEJKBA_01438	0
ACBEJKBA_01439	0
ACBEJKBA_01440	0
ACBEJKBA_01441	0
ACBEJKBA_01442	0
ACBEJKBA_01443	0
ACBEJKBA_01444	0
ACBEJKBA_01445	0
ACBEJKBA_01446	0
ACBEJKBA_01447	0
ACBEJKBA_01448	0
ACBEJKBA_01449	0
ACBEJKBA_01450	1
ACBEJKBA_01451	0
ACBEJKBA_01452	0
ACBEJKBA_01453	2
ACBEJKBA_01454	0
ACBEJKBA_01455	1
ACBEJKBA_01456	1
ACBEJKBA_01457	0
ACBEJKBA_01458	0
ACBEJKBA_01459	0
ACBEJKBA_01460	0
ACBEJKBA_01461	0
ACBEJKBA_01462	0
ACBEJKBA_01463	0
ACBEJKBA_01464	0
ACBEJKBA_01465	0
ACBEJKBA_01466	0
ACBEJKBA_01467	1
ACBEJKBA_01468	0
ACBEJKBA_01469	0
ACBEJKBA_01470	0
ACBEJKBA_01471	0
ACBEJKBA_01472	0
ACBEJKBA_01473	2
ACBEJKBA_01474	1
ACBEJKBA_01476	0
ACBEJKBA_01477	0
ACBEJKBA_01478	0
ACBEJKBA_01479	0
ACBEJKBA_01480	0
ACBEJKBA_01481	0
ACBEJKBA_01482	2
ACBEJKBA_01483	0
ACBEJKBA_01484	0
ACBEJKBA_01485	0
ACBEJKBA_01486	0
ACBEJKBA_01487	3
ACBEJKBA_01488	2
ACBEJKBA_01489	5
ACBEJKBA_01490	0
ACBEJKBA_01491	0
ACBEJKBA_01492	0
ACBEJKBA_01493	0
ACBEJKBA_01494	0
ACBEJKBA_01495	0
ACBEJKBA_01496	0
ACBEJKBA_01497	0
ACBEJKBA_01498	0
ACBEJKBA_01499	2
ACBEJKBA_01500	0
ACBEJKBA_01501	2
ACBEJKBA_01502	0
ACBEJKBA_01503	1
ACBEJKBA_01504	1
ACBEJKBA_01505	1
ACBEJKBA_01506	2
ACBEJKBA_01507	0
ACBEJKBA_01508	0
ACBEJKBA_01509	0
ACBEJKBA_01510	1
ACBEJKBA_01511	0
ACBEJKBA_01512	3
ACBEJKBA_01513	0
ACBEJKBA_01514	0
ACBEJKBA_01515	0
ACBEJKBA_01516	1
ACBEJKBA_01517	8
ACBEJKBA_01518	0
ACBEJKBA_01519	1
ACBEJKBA_01520	0
ACBEJKBA_01521	0
ACBEJKBA_01522	1
ACBEJKBA_01523	0
ACBEJKBA_01524	0
ACBEJKBA_01525	0
ACBEJKBA_01526	0
ACBEJKBA_01527	0
ACBEJKBA_01528	0
ACBEJKBA_01529	0
ACBEJKBA_01530	0
ACBEJKBA_01531	0
ACBEJKBA_01532	0
ACBEJKBA_01533	0
ACBEJKBA_01534	0
ACBEJKBA_01535	0
ACBEJKBA_01536	0
ACBEJKBA_01537	2
ACBEJKBA_01538	0
ACBEJKBA_01539	0
ACBEJKBA_01540	1
ACBEJKBA_01541	0
ACBEJKBA_01542	0
ACBEJKBA_01543	0
ACBEJKBA_01544	0
ACBEJKBA_01545	0
ACBEJKBA_01546	0
__no_feature	3115
__ambiguous	29
__too_low_aQual	3024
__not_aligned	877507
__alignment_not_unique	0
