ELDLJNFC_00001	0
ELDLJNFC_00002	0
ELDLJNFC_00003	0
ELDLJNFC_00005	4
ELDLJNFC_00006	2
ELDLJNFC_00007	2
ELDLJNFC_00008	1
ELDLJNFC_00009	0
ELDLJNFC_00010	2
ELDLJNFC_00011	4
ELDLJNFC_00012	0
ELDLJNFC_00013	2
ELDLJNFC_00014	1
ELDLJNFC_00015	0
ELDLJNFC_00016	8
ELDLJNFC_00017	3
ELDLJNFC_00018	1
ELDLJNFC_00020	0
ELDLJNFC_00021	0
ELDLJNFC_00022	0
ELDLJNFC_00023	0
ELDLJNFC_00024	0
ELDLJNFC_00025	0
ELDLJNFC_00026	0
ELDLJNFC_00027	0
ELDLJNFC_00028	0
ELDLJNFC_00029	1
ELDLJNFC_00030	0
ELDLJNFC_00031	1
ELDLJNFC_00032	0
ELDLJNFC_00033	2
ELDLJNFC_00034	0
ELDLJNFC_00035	2
ELDLJNFC_00036	0
ELDLJNFC_00037	0
ELDLJNFC_00038	2
ELDLJNFC_00039	1
ELDLJNFC_00040	0
ELDLJNFC_00041	0
ELDLJNFC_00042	1
ELDLJNFC_00043	1
ELDLJNFC_00044	0
ELDLJNFC_00045	0
ELDLJNFC_00046	0
ELDLJNFC_00047	0
ELDLJNFC_00048	0
ELDLJNFC_00049	0
ELDLJNFC_00050	2
ELDLJNFC_00051	0
ELDLJNFC_00052	1
ELDLJNFC_00053	0
ELDLJNFC_00054	1
ELDLJNFC_00055	0
ELDLJNFC_00056	1
ELDLJNFC_00057	0
ELDLJNFC_00058	0
ELDLJNFC_00059	0
ELDLJNFC_00060	0
ELDLJNFC_00061	0
ELDLJNFC_00062	3
ELDLJNFC_00063	0
ELDLJNFC_00064	0
ELDLJNFC_00065	0
ELDLJNFC_00066	0
ELDLJNFC_00067	1
ELDLJNFC_00068	0
ELDLJNFC_00069	0
ELDLJNFC_00070	0
ELDLJNFC_00071	0
ELDLJNFC_00072	0
ELDLJNFC_00073	0
ELDLJNFC_00075	2
ELDLJNFC_00076	0
ELDLJNFC_00077	0
ELDLJNFC_00078	0
ELDLJNFC_00080	2
ELDLJNFC_00081	7
ELDLJNFC_00082	4
ELDLJNFC_00083	0
ELDLJNFC_00084	0
ELDLJNFC_00085	1
ELDLJNFC_00086	0
ELDLJNFC_00087	0
ELDLJNFC_00088	0
ELDLJNFC_00089	0
ELDLJNFC_00090	0
ELDLJNFC_00091	1
ELDLJNFC_00092	0
ELDLJNFC_00093	0
ELDLJNFC_00094	0
ELDLJNFC_00095	0
ELDLJNFC_00096	0
ELDLJNFC_00097	0
ELDLJNFC_00098	7
ELDLJNFC_00099	4
ELDLJNFC_00100	4
ELDLJNFC_00101	0
ELDLJNFC_00102	4
ELDLJNFC_00103	1
ELDLJNFC_00104	1
ELDLJNFC_00105	0
ELDLJNFC_00106	0
ELDLJNFC_00107	0
ELDLJNFC_00109	0
ELDLJNFC_00110	0
ELDLJNFC_00111	0
ELDLJNFC_00112	0
ELDLJNFC_00113	1
ELDLJNFC_00114	0
ELDLJNFC_00115	0
ELDLJNFC_00116	0
ELDLJNFC_00117	0
ELDLJNFC_00118	0
ELDLJNFC_00119	0
ELDLJNFC_00120	9
ELDLJNFC_00121	0
ELDLJNFC_00122	0
ELDLJNFC_00123	0
ELDLJNFC_00124	0
ELDLJNFC_00125	1
ELDLJNFC_00126	1
ELDLJNFC_00127	3
ELDLJNFC_00128	1
ELDLJNFC_00129	0
ELDLJNFC_00130	2
ELDLJNFC_00131	1
ELDLJNFC_00132	0
ELDLJNFC_00133	3
ELDLJNFC_00134	0
ELDLJNFC_00135	1
ELDLJNFC_00136	0
ELDLJNFC_00137	0
ELDLJNFC_00138	0
ELDLJNFC_00139	0
ELDLJNFC_00140	0
ELDLJNFC_00141	0
ELDLJNFC_00142	0
ELDLJNFC_00143	0
ELDLJNFC_00144	0
ELDLJNFC_00145	0
ELDLJNFC_00146	13
ELDLJNFC_00147	0
ELDLJNFC_00148	0
ELDLJNFC_00149	0
ELDLJNFC_00150	0
ELDLJNFC_00151	0
ELDLJNFC_00152	0
ELDLJNFC_00153	0
ELDLJNFC_00154	0
ELDLJNFC_00155	0
ELDLJNFC_00156	0
ELDLJNFC_00157	0
ELDLJNFC_00158	0
ELDLJNFC_00159	1
ELDLJNFC_00160	0
ELDLJNFC_00161	3
ELDLJNFC_00162	5
ELDLJNFC_00163	1
ELDLJNFC_00164	0
ELDLJNFC_00165	0
ELDLJNFC_00166	0
ELDLJNFC_00167	0
ELDLJNFC_00168	0
ELDLJNFC_00169	0
ELDLJNFC_00170	0
ELDLJNFC_00171	1
ELDLJNFC_00172	0
ELDLJNFC_00173	0
ELDLJNFC_00174	4
ELDLJNFC_00176	0
ELDLJNFC_00177	0
ELDLJNFC_00178	0
ELDLJNFC_00179	0
ELDLJNFC_00180	0
ELDLJNFC_00181	0
ELDLJNFC_00182	0
ELDLJNFC_00183	0
ELDLJNFC_00184	1
ELDLJNFC_00185	0
ELDLJNFC_00186	0
ELDLJNFC_00187	0
ELDLJNFC_00188	0
ELDLJNFC_00189	2
ELDLJNFC_00190	0
ELDLJNFC_00191	3
ELDLJNFC_00192	0
ELDLJNFC_00193	1
ELDLJNFC_00194	0
ELDLJNFC_00195	0
ELDLJNFC_00196	0
ELDLJNFC_00197	0
ELDLJNFC_00198	0
ELDLJNFC_00199	1
ELDLJNFC_00200	2
ELDLJNFC_00201	0
ELDLJNFC_00202	2
ELDLJNFC_00203	0
ELDLJNFC_00204	0
ELDLJNFC_00205	0
ELDLJNFC_00206	0
ELDLJNFC_00207	0
ELDLJNFC_00208	0
ELDLJNFC_00209	0
ELDLJNFC_00210	0
ELDLJNFC_00211	0
ELDLJNFC_00212	0
ELDLJNFC_00213	0
ELDLJNFC_00214	0
ELDLJNFC_00215	0
ELDLJNFC_00216	0
ELDLJNFC_00217	0
ELDLJNFC_00218	0
ELDLJNFC_00219	1
ELDLJNFC_00220	0
ELDLJNFC_00221	0
ELDLJNFC_00222	9
ELDLJNFC_00223	0
ELDLJNFC_00224	0
ELDLJNFC_00225	0
ELDLJNFC_00226	0
ELDLJNFC_00227	0
ELDLJNFC_00228	1
ELDLJNFC_00229	6
ELDLJNFC_00230	4
ELDLJNFC_00231	0
ELDLJNFC_00232	0
ELDLJNFC_00233	0
ELDLJNFC_00234	4
ELDLJNFC_00235	0
ELDLJNFC_00236	2
ELDLJNFC_00237	1
ELDLJNFC_00238	0
ELDLJNFC_00239	0
ELDLJNFC_00240	1
ELDLJNFC_00241	6
ELDLJNFC_00242	0
ELDLJNFC_00243	0
ELDLJNFC_00244	2
ELDLJNFC_00245	0
ELDLJNFC_00246	0
ELDLJNFC_00247	3
ELDLJNFC_00248	3
ELDLJNFC_00249	0
ELDLJNFC_00250	0
ELDLJNFC_00251	1
ELDLJNFC_00252	0
ELDLJNFC_00253	0
ELDLJNFC_00254	1
ELDLJNFC_00255	1
ELDLJNFC_00256	0
ELDLJNFC_00257	0
ELDLJNFC_00258	2
ELDLJNFC_00259	1
ELDLJNFC_00260	0
ELDLJNFC_00261	0
ELDLJNFC_00262	0
ELDLJNFC_00263	0
ELDLJNFC_00264	1
ELDLJNFC_00265	0
ELDLJNFC_00266	10
ELDLJNFC_00267	1
ELDLJNFC_00268	0
ELDLJNFC_00269	0
ELDLJNFC_00270	0
ELDLJNFC_00271	0
ELDLJNFC_00272	0
ELDLJNFC_00273	0
ELDLJNFC_00274	0
ELDLJNFC_00275	0
ELDLJNFC_00276	0
ELDLJNFC_00277	0
ELDLJNFC_00278	0
ELDLJNFC_00279	0
ELDLJNFC_00280	0
ELDLJNFC_00281	1
ELDLJNFC_00282	2
ELDLJNFC_00284	0
ELDLJNFC_00285	0
ELDLJNFC_00286	0
ELDLJNFC_00287	4
ELDLJNFC_00288	0
ELDLJNFC_00289	0
ELDLJNFC_00290	3
ELDLJNFC_00291	0
ELDLJNFC_00292	2
ELDLJNFC_00293	0
ELDLJNFC_00294	0
ELDLJNFC_00295	0
ELDLJNFC_00296	0
ELDLJNFC_00297	0
ELDLJNFC_00298	2
ELDLJNFC_00299	1
ELDLJNFC_00300	0
ELDLJNFC_00301	0
ELDLJNFC_00302	0
ELDLJNFC_00303	1
ELDLJNFC_00304	0
ELDLJNFC_00305	0
ELDLJNFC_00306	0
ELDLJNFC_00307	0
ELDLJNFC_00308	0
ELDLJNFC_00309	0
ELDLJNFC_00310	0
ELDLJNFC_00311	0
ELDLJNFC_00312	3
ELDLJNFC_00313	0
ELDLJNFC_00314	0
ELDLJNFC_00315	0
ELDLJNFC_00316	0
ELDLJNFC_00317	0
ELDLJNFC_00318	1
ELDLJNFC_00319	0
ELDLJNFC_00320	0
ELDLJNFC_00321	1
ELDLJNFC_00322	1
ELDLJNFC_00323	0
ELDLJNFC_00324	0
ELDLJNFC_00325	3
ELDLJNFC_00326	0
ELDLJNFC_00327	0
ELDLJNFC_00328	0
ELDLJNFC_00329	0
ELDLJNFC_00330	1
ELDLJNFC_00331	2
ELDLJNFC_00332	1
ELDLJNFC_00333	0
ELDLJNFC_00334	0
ELDLJNFC_00335	1
ELDLJNFC_00336	3
ELDLJNFC_00337	0
ELDLJNFC_00338	2
ELDLJNFC_00339	3
ELDLJNFC_00340	0
ELDLJNFC_00341	0
ELDLJNFC_00342	0
ELDLJNFC_00343	0
ELDLJNFC_00344	0
ELDLJNFC_00345	0
ELDLJNFC_00346	0
ELDLJNFC_00347	0
ELDLJNFC_00348	0
ELDLJNFC_00349	0
ELDLJNFC_00350	0
ELDLJNFC_00351	0
ELDLJNFC_00352	0
ELDLJNFC_00353	0
ELDLJNFC_00354	0
ELDLJNFC_00355	0
ELDLJNFC_00356	0
ELDLJNFC_00357	0
ELDLJNFC_00358	0
ELDLJNFC_00359	0
ELDLJNFC_00360	1
ELDLJNFC_00361	0
ELDLJNFC_00362	0
ELDLJNFC_00363	0
ELDLJNFC_00364	0
ELDLJNFC_00365	2
ELDLJNFC_00366	0
ELDLJNFC_00367	0
ELDLJNFC_00368	1
ELDLJNFC_00369	0
ELDLJNFC_00370	1
ELDLJNFC_00371	0
ELDLJNFC_00372	0
ELDLJNFC_00373	3
ELDLJNFC_00374	4
ELDLJNFC_00375	1
ELDLJNFC_00376	1
ELDLJNFC_00377	1
ELDLJNFC_00378	1
ELDLJNFC_00379	2
ELDLJNFC_00380	0
ELDLJNFC_00381	0
ELDLJNFC_00382	0
ELDLJNFC_00383	1
ELDLJNFC_00384	0
ELDLJNFC_00385	0
ELDLJNFC_00386	2
ELDLJNFC_00387	0
ELDLJNFC_00388	0
ELDLJNFC_00389	0
ELDLJNFC_00390	0
ELDLJNFC_00391	0
ELDLJNFC_00392	0
ELDLJNFC_00393	0
ELDLJNFC_00394	0
ELDLJNFC_00395	2
ELDLJNFC_00396	0
ELDLJNFC_00397	7
ELDLJNFC_00398	2
ELDLJNFC_00399	0
ELDLJNFC_00400	0
ELDLJNFC_00401	0
ELDLJNFC_00402	0
ELDLJNFC_00403	1
ELDLJNFC_00404	4
ELDLJNFC_00405	6
ELDLJNFC_00406	0
ELDLJNFC_00407	1
ELDLJNFC_00408	0
ELDLJNFC_00409	0
ELDLJNFC_00410	1
ELDLJNFC_00411	1
ELDLJNFC_00412	1
ELDLJNFC_00413	1
ELDLJNFC_00414	1
ELDLJNFC_00415	2
ELDLJNFC_00416	0
ELDLJNFC_00417	1
ELDLJNFC_00418	0
ELDLJNFC_00419	0
ELDLJNFC_00420	0
ELDLJNFC_00421	0
ELDLJNFC_00422	1
ELDLJNFC_00423	0
ELDLJNFC_00424	0
ELDLJNFC_00425	0
ELDLJNFC_00426	0
ELDLJNFC_00427	2
ELDLJNFC_00428	1
ELDLJNFC_00429	0
ELDLJNFC_00430	0
ELDLJNFC_00431	0
ELDLJNFC_00432	0
ELDLJNFC_00433	0
ELDLJNFC_00434	0
ELDLJNFC_00435	0
ELDLJNFC_00436	0
ELDLJNFC_00437	2
ELDLJNFC_00438	0
ELDLJNFC_00439	0
ELDLJNFC_00440	0
ELDLJNFC_00441	0
ELDLJNFC_00442	0
ELDLJNFC_00443	0
ELDLJNFC_00444	0
ELDLJNFC_00445	4
ELDLJNFC_00446	0
ELDLJNFC_00447	0
ELDLJNFC_00448	0
ELDLJNFC_00449	0
ELDLJNFC_00450	0
ELDLJNFC_00451	18
ELDLJNFC_00452	3
ELDLJNFC_00453	13
ELDLJNFC_00454	0
ELDLJNFC_00455	1
ELDLJNFC_00456	0
ELDLJNFC_00457	1
ELDLJNFC_00458	0
ELDLJNFC_00459	8
ELDLJNFC_00460	0
ELDLJNFC_00461	0
ELDLJNFC_00462	0
ELDLJNFC_00463	0
ELDLJNFC_00464	1
ELDLJNFC_00465	0
ELDLJNFC_00466	0
ELDLJNFC_00467	0
ELDLJNFC_00468	0
ELDLJNFC_00469	2
ELDLJNFC_00470	0
ELDLJNFC_00471	0
ELDLJNFC_00472	1
ELDLJNFC_00473	0
ELDLJNFC_00474	5
ELDLJNFC_00475	0
ELDLJNFC_00476	3
ELDLJNFC_00477	0
ELDLJNFC_00478	0
ELDLJNFC_00479	0
ELDLJNFC_00480	0
ELDLJNFC_00481	0
ELDLJNFC_00482	0
ELDLJNFC_00483	1
ELDLJNFC_00484	0
ELDLJNFC_00485	0
ELDLJNFC_00486	2
ELDLJNFC_00487	0
ELDLJNFC_00488	0
ELDLJNFC_00489	1
ELDLJNFC_00490	0
ELDLJNFC_00491	0
ELDLJNFC_00492	1
ELDLJNFC_00494	0
ELDLJNFC_00495	0
ELDLJNFC_00496	0
ELDLJNFC_00497	0
ELDLJNFC_00498	0
ELDLJNFC_00499	0
ELDLJNFC_00501	0
ELDLJNFC_00502	0
ELDLJNFC_00503	0
ELDLJNFC_00504	2
ELDLJNFC_00505	0
ELDLJNFC_00506	1
ELDLJNFC_00507	0
ELDLJNFC_00508	0
ELDLJNFC_00509	0
ELDLJNFC_00510	1
ELDLJNFC_00511	0
ELDLJNFC_00512	0
ELDLJNFC_00513	0
ELDLJNFC_00514	0
ELDLJNFC_00515	2
ELDLJNFC_00516	0
ELDLJNFC_00517	1
ELDLJNFC_00518	0
ELDLJNFC_00519	0
ELDLJNFC_00520	3
ELDLJNFC_00521	1
ELDLJNFC_00522	0
ELDLJNFC_00523	0
ELDLJNFC_00524	0
ELDLJNFC_00525	2
ELDLJNFC_00526	0
ELDLJNFC_00527	0
ELDLJNFC_00528	0
ELDLJNFC_00529	0
ELDLJNFC_00530	0
ELDLJNFC_00531	13
ELDLJNFC_00532	1
ELDLJNFC_00533	1
ELDLJNFC_00534	5
ELDLJNFC_00535	1
ELDLJNFC_00536	3
ELDLJNFC_00538	0
ELDLJNFC_00539	65
ELDLJNFC_00540	0
ELDLJNFC_00541	0
ELDLJNFC_00542	1
ELDLJNFC_00543	2
ELDLJNFC_00544	0
ELDLJNFC_00545	1
ELDLJNFC_00546	0
ELDLJNFC_00547	0
ELDLJNFC_00548	0
ELDLJNFC_00549	2
ELDLJNFC_00550	1
ELDLJNFC_00551	10
ELDLJNFC_00552	11
ELDLJNFC_00553	0
ELDLJNFC_00554	2
ELDLJNFC_00556	0
ELDLJNFC_00557	0
ELDLJNFC_00558	1
ELDLJNFC_00559	0
ELDLJNFC_00560	0
ELDLJNFC_00561	0
ELDLJNFC_00562	0
ELDLJNFC_00563	1
ELDLJNFC_00565	0
ELDLJNFC_00566	0
ELDLJNFC_00567	9
ELDLJNFC_00568	0
ELDLJNFC_00569	0
ELDLJNFC_00570	2
ELDLJNFC_00571	0
ELDLJNFC_00572	1
ELDLJNFC_00573	0
ELDLJNFC_00574	6
ELDLJNFC_00575	0
ELDLJNFC_00576	1
ELDLJNFC_00577	2
ELDLJNFC_00578	0
ELDLJNFC_00579	0
ELDLJNFC_00580	0
ELDLJNFC_00581	0
ELDLJNFC_00582	1
ELDLJNFC_00583	0
ELDLJNFC_00584	0
ELDLJNFC_00585	0
ELDLJNFC_00586	0
ELDLJNFC_00587	0
ELDLJNFC_00588	0
ELDLJNFC_00589	0
ELDLJNFC_00590	0
ELDLJNFC_00591	0
ELDLJNFC_00592	1
ELDLJNFC_00593	0
ELDLJNFC_00594	0
ELDLJNFC_00595	2
ELDLJNFC_00596	0
ELDLJNFC_00597	2
ELDLJNFC_00598	0
ELDLJNFC_00599	4
ELDLJNFC_00600	2
ELDLJNFC_00601	1
ELDLJNFC_00604	3
ELDLJNFC_00605	0
ELDLJNFC_00606	0
ELDLJNFC_00607	12
ELDLJNFC_00608	2
ELDLJNFC_00609	0
ELDLJNFC_00610	0
ELDLJNFC_00611	0
ELDLJNFC_00612	0
ELDLJNFC_00613	0
ELDLJNFC_00614	0
ELDLJNFC_00615	2
ELDLJNFC_00616	3
ELDLJNFC_00617	0
ELDLJNFC_00618	0
ELDLJNFC_00619	1
ELDLJNFC_00620	1
ELDLJNFC_00621	0
ELDLJNFC_00622	0
ELDLJNFC_00623	0
ELDLJNFC_00624	3
ELDLJNFC_00625	0
ELDLJNFC_00626	0
ELDLJNFC_00627	1
ELDLJNFC_00628	4
ELDLJNFC_00629	4
ELDLJNFC_00630	3
ELDLJNFC_00631	0
ELDLJNFC_00632	1
ELDLJNFC_00633	0
ELDLJNFC_00636	0
ELDLJNFC_00637	0
ELDLJNFC_00638	0
ELDLJNFC_00639	0
ELDLJNFC_00640	1
ELDLJNFC_00641	1
ELDLJNFC_00642	1
ELDLJNFC_00643	0
ELDLJNFC_00644	0
ELDLJNFC_00645	1
ELDLJNFC_00646	0
ELDLJNFC_00647	0
ELDLJNFC_00648	1
ELDLJNFC_00649	1
ELDLJNFC_00650	5
ELDLJNFC_00651	2
ELDLJNFC_00652	0
ELDLJNFC_00653	2
ELDLJNFC_00654	0
ELDLJNFC_00655	1
ELDLJNFC_00656	0
ELDLJNFC_00657	0
ELDLJNFC_00658	0
ELDLJNFC_00659	0
ELDLJNFC_00660	0
ELDLJNFC_00661	0
ELDLJNFC_00662	0
ELDLJNFC_00663	1
ELDLJNFC_00664	0
ELDLJNFC_00665	1
ELDLJNFC_00666	0
ELDLJNFC_00667	0
ELDLJNFC_00668	1
ELDLJNFC_00669	0
ELDLJNFC_00670	0
ELDLJNFC_00671	0
ELDLJNFC_00672	0
ELDLJNFC_00673	2
ELDLJNFC_00674	0
ELDLJNFC_00675	0
ELDLJNFC_00676	0
ELDLJNFC_00677	1
ELDLJNFC_00678	0
ELDLJNFC_00679	0
ELDLJNFC_00680	0
ELDLJNFC_00681	0
ELDLJNFC_00682	0
ELDLJNFC_00683	0
ELDLJNFC_00684	3
ELDLJNFC_00685	0
ELDLJNFC_00686	0
ELDLJNFC_00687	0
ELDLJNFC_00688	2
ELDLJNFC_00689	0
ELDLJNFC_00690	0
ELDLJNFC_00691	0
ELDLJNFC_00692	0
ELDLJNFC_00693	1
ELDLJNFC_00694	1
ELDLJNFC_00695	0
ELDLJNFC_00696	0
ELDLJNFC_00697	0
ELDLJNFC_00698	0
ELDLJNFC_00699	0
ELDLJNFC_00700	0
ELDLJNFC_00701	3
ELDLJNFC_00702	0
ELDLJNFC_00703	0
ELDLJNFC_00704	2
ELDLJNFC_00705	2
ELDLJNFC_00706	1
ELDLJNFC_00707	1
ELDLJNFC_00708	0
ELDLJNFC_00709	3
ELDLJNFC_00710	0
ELDLJNFC_00711	0
ELDLJNFC_00712	0
ELDLJNFC_00713	0
ELDLJNFC_00714	0
ELDLJNFC_00715	0
ELDLJNFC_00716	0
ELDLJNFC_00717	0
ELDLJNFC_00718	0
ELDLJNFC_00720	56
ELDLJNFC_00721	0
ELDLJNFC_00722	0
ELDLJNFC_00723	0
ELDLJNFC_00724	0
ELDLJNFC_00725	0
ELDLJNFC_00726	0
ELDLJNFC_00727	0
ELDLJNFC_00728	0
ELDLJNFC_00729	0
ELDLJNFC_00730	0
ELDLJNFC_00731	0
ELDLJNFC_00732	0
ELDLJNFC_00733	0
ELDLJNFC_00734	1
ELDLJNFC_00735	0
ELDLJNFC_00736	0
ELDLJNFC_00737	0
ELDLJNFC_00738	0
ELDLJNFC_00740	5
ELDLJNFC_00741	0
ELDLJNFC_00742	1
ELDLJNFC_00743	0
ELDLJNFC_00744	0
ELDLJNFC_00746	0
ELDLJNFC_00747	1
ELDLJNFC_00748	0
ELDLJNFC_00750	0
ELDLJNFC_00751	0
ELDLJNFC_00752	1
ELDLJNFC_00754	0
ELDLJNFC_00755	0
ELDLJNFC_00756	5
ELDLJNFC_00757	0
ELDLJNFC_00758	0
ELDLJNFC_00759	0
ELDLJNFC_00760	0
ELDLJNFC_00761	0
ELDLJNFC_00762	0
ELDLJNFC_00763	1
ELDLJNFC_00764	0
ELDLJNFC_00766	2
ELDLJNFC_00767	1
ELDLJNFC_00768	0
ELDLJNFC_00769	0
ELDLJNFC_00770	0
ELDLJNFC_00771	4
ELDLJNFC_00772	1
ELDLJNFC_00773	0
ELDLJNFC_00774	0
ELDLJNFC_00775	1
ELDLJNFC_00776	0
ELDLJNFC_00777	0
ELDLJNFC_00779	1
ELDLJNFC_00780	3
ELDLJNFC_00781	0
ELDLJNFC_00782	0
ELDLJNFC_00783	0
ELDLJNFC_00784	0
ELDLJNFC_00785	5
ELDLJNFC_00786	0
ELDLJNFC_00787	1
ELDLJNFC_00788	0
ELDLJNFC_00789	0
ELDLJNFC_00790	3
ELDLJNFC_00791	0
ELDLJNFC_00792	0
ELDLJNFC_00793	0
ELDLJNFC_00794	0
ELDLJNFC_00795	5
ELDLJNFC_00796	1
ELDLJNFC_00797	1
ELDLJNFC_00798	0
ELDLJNFC_00799	0
ELDLJNFC_00800	0
ELDLJNFC_00801	0
ELDLJNFC_00802	3
ELDLJNFC_00803	0
ELDLJNFC_00804	0
ELDLJNFC_00805	2
ELDLJNFC_00807	0
ELDLJNFC_00808	1
ELDLJNFC_00809	2
ELDLJNFC_00810	1
ELDLJNFC_00811	0
ELDLJNFC_00812	0
ELDLJNFC_00813	0
ELDLJNFC_00814	0
ELDLJNFC_00815	2
ELDLJNFC_00816	0
ELDLJNFC_00817	3
ELDLJNFC_00818	0
ELDLJNFC_00819	0
ELDLJNFC_00820	0
ELDLJNFC_00821	2
ELDLJNFC_00822	0
ELDLJNFC_00823	0
ELDLJNFC_00824	0
ELDLJNFC_00825	0
ELDLJNFC_00826	0
ELDLJNFC_00827	0
ELDLJNFC_00828	0
ELDLJNFC_00829	0
ELDLJNFC_00830	1
ELDLJNFC_00831	1
ELDLJNFC_00832	0
ELDLJNFC_00833	2
ELDLJNFC_00834	3
ELDLJNFC_00835	2
ELDLJNFC_00836	0
ELDLJNFC_00837	1
ELDLJNFC_00838	0
ELDLJNFC_00839	0
ELDLJNFC_00840	2
ELDLJNFC_00841	0
ELDLJNFC_00842	3
ELDLJNFC_00843	0
ELDLJNFC_00844	0
ELDLJNFC_00845	0
ELDLJNFC_00846	0
ELDLJNFC_00847	0
ELDLJNFC_00848	2
ELDLJNFC_00849	5
ELDLJNFC_00850	2
ELDLJNFC_00851	1
ELDLJNFC_00852	0
ELDLJNFC_00853	0
ELDLJNFC_00854	2
ELDLJNFC_00855	38
ELDLJNFC_00856	0
ELDLJNFC_00857	2
ELDLJNFC_00859	0
ELDLJNFC_00860	3
ELDLJNFC_00862	0
ELDLJNFC_00863	2
ELDLJNFC_00864	0
ELDLJNFC_00865	0
ELDLJNFC_00866	0
ELDLJNFC_00867	2
ELDLJNFC_00868	0
ELDLJNFC_00869	0
ELDLJNFC_00870	1
ELDLJNFC_00871	1
ELDLJNFC_00872	2
ELDLJNFC_00873	1
ELDLJNFC_00874	0
ELDLJNFC_00875	0
ELDLJNFC_00876	0
ELDLJNFC_00877	3
ELDLJNFC_00878	0
ELDLJNFC_00879	0
ELDLJNFC_00880	0
ELDLJNFC_00881	1
ELDLJNFC_00882	0
ELDLJNFC_00883	1
ELDLJNFC_00884	0
ELDLJNFC_00885	0
ELDLJNFC_00886	0
ELDLJNFC_00887	0
ELDLJNFC_00888	1
ELDLJNFC_00889	0
ELDLJNFC_00890	0
ELDLJNFC_00891	0
ELDLJNFC_00892	0
ELDLJNFC_00893	1
ELDLJNFC_00894	0
ELDLJNFC_00895	0
ELDLJNFC_00896	0
ELDLJNFC_00897	160
ELDLJNFC_00898	0
ELDLJNFC_00899	0
ELDLJNFC_00900	0
ELDLJNFC_00901	0
ELDLJNFC_00902	7
ELDLJNFC_00903	1
ELDLJNFC_00904	0
ELDLJNFC_00905	0
ELDLJNFC_00906	0
ELDLJNFC_00907	0
ELDLJNFC_00908	0
ELDLJNFC_00909	0
ELDLJNFC_00910	0
ELDLJNFC_00911	1
ELDLJNFC_00912	0
ELDLJNFC_00913	0
ELDLJNFC_00914	3
ELDLJNFC_00915	2
ELDLJNFC_00916	0
ELDLJNFC_00917	1
ELDLJNFC_00918	2
ELDLJNFC_00919	0
ELDLJNFC_00920	0
ELDLJNFC_00921	10
ELDLJNFC_00922	0
ELDLJNFC_00923	0
ELDLJNFC_00924	3
ELDLJNFC_00925	0
ELDLJNFC_00926	0
ELDLJNFC_00927	1
ELDLJNFC_00928	0
ELDLJNFC_00929	9
ELDLJNFC_00930	0
ELDLJNFC_00931	0
ELDLJNFC_00932	0
ELDLJNFC_00933	0
ELDLJNFC_00934	0
ELDLJNFC_00935	0
ELDLJNFC_00936	0
ELDLJNFC_00937	0
ELDLJNFC_00938	0
ELDLJNFC_00939	0
ELDLJNFC_00940	0
ELDLJNFC_00941	0
ELDLJNFC_00942	0
ELDLJNFC_00943	0
ELDLJNFC_00944	0
ELDLJNFC_00945	0
ELDLJNFC_00947	0
ELDLJNFC_00948	0
ELDLJNFC_00949	1
ELDLJNFC_00950	15
ELDLJNFC_00951	1
ELDLJNFC_00952	1
ELDLJNFC_00953	0
ELDLJNFC_00954	1
ELDLJNFC_00955	0
ELDLJNFC_00956	1
ELDLJNFC_00957	0
ELDLJNFC_00958	2
ELDLJNFC_00959	0
ELDLJNFC_00960	1
ELDLJNFC_00961	3
ELDLJNFC_00962	3
ELDLJNFC_00963	0
ELDLJNFC_00964	0
ELDLJNFC_00965	6
ELDLJNFC_00966	0
ELDLJNFC_00967	3
ELDLJNFC_00968	0
ELDLJNFC_00969	0
ELDLJNFC_00970	1
ELDLJNFC_00971	0
ELDLJNFC_00972	0
ELDLJNFC_00973	0
ELDLJNFC_00974	0
ELDLJNFC_00975	0
ELDLJNFC_00976	13
ELDLJNFC_00977	0
ELDLJNFC_00978	0
ELDLJNFC_00983	1
ELDLJNFC_00984	0
ELDLJNFC_00985	0
ELDLJNFC_00986	3
ELDLJNFC_00987	0
ELDLJNFC_00988	0
ELDLJNFC_00989	0
ELDLJNFC_00990	0
ELDLJNFC_00991	0
ELDLJNFC_00992	1
ELDLJNFC_00993	0
ELDLJNFC_00994	0
ELDLJNFC_00995	2
ELDLJNFC_00996	0
ELDLJNFC_00997	3
ELDLJNFC_00998	0
ELDLJNFC_00999	3
ELDLJNFC_01000	0
ELDLJNFC_01001	0
ELDLJNFC_01002	0
ELDLJNFC_01003	0
ELDLJNFC_01004	1
ELDLJNFC_01006	3
ELDLJNFC_01007	0
ELDLJNFC_01008	0
ELDLJNFC_01009	0
ELDLJNFC_01010	0
ELDLJNFC_01011	0
ELDLJNFC_01012	0
ELDLJNFC_01013	0
ELDLJNFC_01014	0
ELDLJNFC_01015	0
ELDLJNFC_01016	2
ELDLJNFC_01017	0
ELDLJNFC_01018	0
ELDLJNFC_01019	0
ELDLJNFC_01020	0
ELDLJNFC_01021	1
ELDLJNFC_01022	0
ELDLJNFC_01023	0
ELDLJNFC_01024	2
ELDLJNFC_01025	0
ELDLJNFC_01026	0
ELDLJNFC_01027	0
ELDLJNFC_01028	1
ELDLJNFC_01029	4
ELDLJNFC_01030	0
ELDLJNFC_01031	1
ELDLJNFC_01033	2
ELDLJNFC_01034	3
ELDLJNFC_01035	0
ELDLJNFC_01036	0
ELDLJNFC_01037	0
ELDLJNFC_01038	0
ELDLJNFC_01039	0
ELDLJNFC_01040	1
ELDLJNFC_01041	16
ELDLJNFC_01042	0
ELDLJNFC_01043	0
ELDLJNFC_01044	0
ELDLJNFC_01045	0
ELDLJNFC_01046	0
ELDLJNFC_01047	0
ELDLJNFC_01048	0
ELDLJNFC_01049	3
ELDLJNFC_01050	0
ELDLJNFC_01051	0
ELDLJNFC_01052	1
ELDLJNFC_01053	0
ELDLJNFC_01054	1
ELDLJNFC_01055	0
ELDLJNFC_01056	0
ELDLJNFC_01057	0
ELDLJNFC_01058	37
ELDLJNFC_01059	3
ELDLJNFC_01060	0
ELDLJNFC_01061	1
ELDLJNFC_01062	3
ELDLJNFC_01063	0
ELDLJNFC_01064	0
ELDLJNFC_01065	0
ELDLJNFC_01066	0
ELDLJNFC_01067	72
ELDLJNFC_01068	4
ELDLJNFC_01069	1
ELDLJNFC_01070	1
ELDLJNFC_01071	0
ELDLJNFC_01072	1
ELDLJNFC_01073	0
ELDLJNFC_01074	0
ELDLJNFC_01075	0
ELDLJNFC_01076	0
ELDLJNFC_01077	0
ELDLJNFC_01078	0
ELDLJNFC_01079	0
ELDLJNFC_01080	2
ELDLJNFC_01081	1
ELDLJNFC_01082	0
ELDLJNFC_01083	0
ELDLJNFC_01084	3
ELDLJNFC_01085	0
ELDLJNFC_01086	0
ELDLJNFC_01087	0
ELDLJNFC_01088	0
ELDLJNFC_01089	0
ELDLJNFC_01090	0
ELDLJNFC_01091	0
ELDLJNFC_01092	1
ELDLJNFC_01093	0
ELDLJNFC_01094	1
ELDLJNFC_01095	1
ELDLJNFC_01096	0
ELDLJNFC_01097	0
ELDLJNFC_01098	1
ELDLJNFC_01099	0
ELDLJNFC_01100	0
ELDLJNFC_01101	0
ELDLJNFC_01102	0
ELDLJNFC_01103	0
ELDLJNFC_01104	0
ELDLJNFC_01105	0
ELDLJNFC_01106	0
ELDLJNFC_01108	0
ELDLJNFC_01109	0
ELDLJNFC_01110	0
ELDLJNFC_01111	1
ELDLJNFC_01112	0
ELDLJNFC_01113	0
ELDLJNFC_01114	0
ELDLJNFC_01115	0
ELDLJNFC_01116	0
ELDLJNFC_01117	0
ELDLJNFC_01118	0
ELDLJNFC_01119	0
ELDLJNFC_01120	4
ELDLJNFC_01121	2
ELDLJNFC_01122	0
ELDLJNFC_01123	0
ELDLJNFC_01124	0
ELDLJNFC_01125	0
ELDLJNFC_01126	0
ELDLJNFC_01127	0
ELDLJNFC_01128	0
ELDLJNFC_01129	0
ELDLJNFC_01130	0
ELDLJNFC_01131	0
ELDLJNFC_01132	0
ELDLJNFC_01133	0
ELDLJNFC_01134	1
ELDLJNFC_01135	0
ELDLJNFC_01136	1
ELDLJNFC_01137	2
ELDLJNFC_01138	3
ELDLJNFC_01139	0
ELDLJNFC_01140	0
ELDLJNFC_01141	0
ELDLJNFC_01142	0
ELDLJNFC_01143	0
ELDLJNFC_01144	0
ELDLJNFC_01145	0
ELDLJNFC_01146	0
ELDLJNFC_01147	0
ELDLJNFC_01148	0
ELDLJNFC_01149	0
ELDLJNFC_01150	1
ELDLJNFC_01151	0
ELDLJNFC_01152	1
ELDLJNFC_01153	0
ELDLJNFC_01154	0
ELDLJNFC_01155	2
ELDLJNFC_01156	0
ELDLJNFC_01157	1
ELDLJNFC_01158	0
ELDLJNFC_01159	0
ELDLJNFC_01160	0
ELDLJNFC_01162	0
ELDLJNFC_01163	0
ELDLJNFC_01164	3
ELDLJNFC_01165	0
ELDLJNFC_01166	0
ELDLJNFC_01167	2
ELDLJNFC_01168	1
ELDLJNFC_01169	0
ELDLJNFC_01170	10
ELDLJNFC_01171	0
ELDLJNFC_01172	0
ELDLJNFC_01173	1
ELDLJNFC_01174	2
ELDLJNFC_01175	0
ELDLJNFC_01176	0
ELDLJNFC_01177	2
ELDLJNFC_01178	0
ELDLJNFC_01179	0
ELDLJNFC_01180	2
ELDLJNFC_01181	38
ELDLJNFC_01182	7
ELDLJNFC_01183	0
ELDLJNFC_01184	0
ELDLJNFC_01185	2
ELDLJNFC_01186	0
ELDLJNFC_01187	0
ELDLJNFC_01188	2
ELDLJNFC_01189	0
ELDLJNFC_01190	0
ELDLJNFC_01191	0
ELDLJNFC_01192	0
ELDLJNFC_01193	0
ELDLJNFC_01194	0
ELDLJNFC_01195	0
ELDLJNFC_01196	0
ELDLJNFC_01197	0
ELDLJNFC_01198	3
ELDLJNFC_01199	0
ELDLJNFC_01200	0
ELDLJNFC_01201	0
ELDLJNFC_01202	3
ELDLJNFC_01203	2
ELDLJNFC_01204	0
ELDLJNFC_01205	1
ELDLJNFC_01206	0
ELDLJNFC_01207	3
ELDLJNFC_01208	2
ELDLJNFC_01209	2
ELDLJNFC_01210	3
ELDLJNFC_01211	1
ELDLJNFC_01212	0
ELDLJNFC_01213	1
ELDLJNFC_01214	1
ELDLJNFC_01215	1
ELDLJNFC_01216	0
ELDLJNFC_01217	0
ELDLJNFC_01218	0
ELDLJNFC_01219	1
ELDLJNFC_01220	0
ELDLJNFC_01221	0
ELDLJNFC_01222	0
ELDLJNFC_01223	0
ELDLJNFC_01224	0
ELDLJNFC_01225	0
ELDLJNFC_01226	0
ELDLJNFC_01227	0
ELDLJNFC_01228	0
ELDLJNFC_01229	0
ELDLJNFC_01230	0
ELDLJNFC_01231	1
ELDLJNFC_01232	0
ELDLJNFC_01233	0
ELDLJNFC_01234	1
ELDLJNFC_01235	4
ELDLJNFC_01236	0
ELDLJNFC_01237	0
ELDLJNFC_01238	0
ELDLJNFC_01239	0
ELDLJNFC_01240	2
ELDLJNFC_01241	0
ELDLJNFC_01242	1
ELDLJNFC_01243	0
ELDLJNFC_01244	0
ELDLJNFC_01245	0
ELDLJNFC_01246	2
ELDLJNFC_01247	0
ELDLJNFC_01248	0
ELDLJNFC_01249	0
ELDLJNFC_01250	1
ELDLJNFC_01251	2
ELDLJNFC_01252	0
ELDLJNFC_01253	1
ELDLJNFC_01254	0
ELDLJNFC_01255	0
ELDLJNFC_01256	0
ELDLJNFC_01257	1
ELDLJNFC_01258	5
ELDLJNFC_01259	1
ELDLJNFC_01260	0
ELDLJNFC_01262	0
ELDLJNFC_01263	0
ELDLJNFC_01264	0
ELDLJNFC_01265	0
ELDLJNFC_01266	0
ELDLJNFC_01267	3
ELDLJNFC_01268	1
ELDLJNFC_01269	0
ELDLJNFC_01270	5
ELDLJNFC_01271	19
ELDLJNFC_01272	1
ELDLJNFC_01273	4
ELDLJNFC_01274	0
ELDLJNFC_01275	0
ELDLJNFC_01276	0
ELDLJNFC_01277	0
ELDLJNFC_01278	0
ELDLJNFC_01279	0
ELDLJNFC_01280	0
ELDLJNFC_01281	0
ELDLJNFC_01282	0
ELDLJNFC_01283	0
ELDLJNFC_01284	0
ELDLJNFC_01285	0
ELDLJNFC_01286	0
ELDLJNFC_01287	0
ELDLJNFC_01288	0
ELDLJNFC_01289	0
ELDLJNFC_01290	2
ELDLJNFC_01291	0
ELDLJNFC_01292	1
ELDLJNFC_01293	6
ELDLJNFC_01294	9
ELDLJNFC_01295	1
ELDLJNFC_01296	3
ELDLJNFC_01297	1
ELDLJNFC_01298	0
ELDLJNFC_01299	1
ELDLJNFC_01300	1
ELDLJNFC_01301	0
ELDLJNFC_01302	0
ELDLJNFC_01303	1
ELDLJNFC_01304	0
ELDLJNFC_01305	0
ELDLJNFC_01306	0
ELDLJNFC_01308	0
ELDLJNFC_01309	0
ELDLJNFC_01310	1
ELDLJNFC_01311	2
ELDLJNFC_01312	0
ELDLJNFC_01313	1
ELDLJNFC_01314	0
ELDLJNFC_01315	0
ELDLJNFC_01316	2
ELDLJNFC_01317	0
ELDLJNFC_01318	1
ELDLJNFC_01319	0
ELDLJNFC_01320	0
ELDLJNFC_01321	0
ELDLJNFC_01322	1
ELDLJNFC_01323	0
ELDLJNFC_01324	0
ELDLJNFC_01325	0
ELDLJNFC_01326	1
ELDLJNFC_01327	0
ELDLJNFC_01328	0
ELDLJNFC_01329	0
ELDLJNFC_01330	0
ELDLJNFC_01331	0
ELDLJNFC_01332	0
ELDLJNFC_01333	0
ELDLJNFC_01334	1
ELDLJNFC_01335	0
ELDLJNFC_01336	0
ELDLJNFC_01337	0
ELDLJNFC_01338	1
ELDLJNFC_01339	0
ELDLJNFC_01340	0
ELDLJNFC_01341	0
ELDLJNFC_01342	0
ELDLJNFC_01343	0
ELDLJNFC_01344	0
ELDLJNFC_01345	0
ELDLJNFC_01346	0
ELDLJNFC_01347	0
ELDLJNFC_01348	5
ELDLJNFC_01349	2
ELDLJNFC_01350	0
ELDLJNFC_01351	0
ELDLJNFC_01352	0
ELDLJNFC_01353	0
ELDLJNFC_01354	0
ELDLJNFC_01355	0
ELDLJNFC_01356	0
ELDLJNFC_01357	3
ELDLJNFC_01358	1
ELDLJNFC_01360	0
ELDLJNFC_01361	3
ELDLJNFC_01362	0
ELDLJNFC_01363	0
ELDLJNFC_01364	0
ELDLJNFC_01365	0
ELDLJNFC_01366	0
ELDLJNFC_01367	1
ELDLJNFC_01368	2
ELDLJNFC_01369	0
ELDLJNFC_01370	0
ELDLJNFC_01371	0
ELDLJNFC_01372	0
ELDLJNFC_01373	1
ELDLJNFC_01374	3
ELDLJNFC_01375	0
ELDLJNFC_01376	0
ELDLJNFC_01377	3
ELDLJNFC_01378	0
ELDLJNFC_01379	1
ELDLJNFC_01380	0
ELDLJNFC_01381	0
ELDLJNFC_01382	0
ELDLJNFC_01383	0
ELDLJNFC_01384	1
ELDLJNFC_01385	0
ELDLJNFC_01386	0
ELDLJNFC_01387	7
ELDLJNFC_01388	0
ELDLJNFC_01389	0
ELDLJNFC_01390	0
ELDLJNFC_01391	0
ELDLJNFC_01392	0
ELDLJNFC_01393	0
ELDLJNFC_01394	0
ELDLJNFC_01395	3
ELDLJNFC_01396	0
ELDLJNFC_01397	0
ELDLJNFC_01398	0
ELDLJNFC_01399	0
ELDLJNFC_01400	5
ELDLJNFC_01401	4
ELDLJNFC_01402	0
ELDLJNFC_01403	0
ELDLJNFC_01404	0
ELDLJNFC_01405	1
ELDLJNFC_01406	0
ELDLJNFC_01407	0
ELDLJNFC_01408	3
ELDLJNFC_01409	0
ELDLJNFC_01410	0
ELDLJNFC_01411	1
ELDLJNFC_01412	0
ELDLJNFC_01413	0
ELDLJNFC_01414	1
ELDLJNFC_01415	0
ELDLJNFC_01416	2
ELDLJNFC_01417	0
ELDLJNFC_01418	0
ELDLJNFC_01419	0
ELDLJNFC_01420	0
ELDLJNFC_01421	0
ELDLJNFC_01422	0
ELDLJNFC_01423	4
ELDLJNFC_01424	0
ELDLJNFC_01425	0
ELDLJNFC_01426	0
ELDLJNFC_01427	2
ELDLJNFC_01428	2
ELDLJNFC_01429	0
ELDLJNFC_01430	0
ELDLJNFC_01431	0
ELDLJNFC_01432	0
ELDLJNFC_01433	0
ELDLJNFC_01434	0
ELDLJNFC_01435	4
ELDLJNFC_01436	2
ELDLJNFC_01437	0
ELDLJNFC_01438	0
ELDLJNFC_01439	0
ELDLJNFC_01440	0
__no_feature	3499
__ambiguous	176
__too_low_aQual	2892
__not_aligned	876457
__alignment_not_unique	0
