MEDKILLI_00001	0
MEDKILLI_00002	0
MEDKILLI_00003	0
MEDKILLI_00004	0
MEDKILLI_00005	0
MEDKILLI_00006	0
MEDKILLI_00007	0
MEDKILLI_00008	0
MEDKILLI_00009	0
MEDKILLI_00010	0
MEDKILLI_00011	0
MEDKILLI_00012	0
MEDKILLI_00013	0
MEDKILLI_00014	0
MEDKILLI_00015	0
MEDKILLI_00016	0
MEDKILLI_00017	0
MEDKILLI_00018	0
MEDKILLI_00019	0
MEDKILLI_00020	0
MEDKILLI_00021	0
MEDKILLI_00022	0
MEDKILLI_00023	0
MEDKILLI_00024	0
MEDKILLI_00025	0
MEDKILLI_00026	0
MEDKILLI_00027	1
MEDKILLI_00028	0
MEDKILLI_00029	0
MEDKILLI_00030	0
MEDKILLI_00031	0
MEDKILLI_00032	0
MEDKILLI_00033	0
MEDKILLI_00034	0
MEDKILLI_00035	0
MEDKILLI_00036	0
MEDKILLI_00037	0
MEDKILLI_00038	0
MEDKILLI_00039	0
MEDKILLI_00040	0
MEDKILLI_00041	0
MEDKILLI_00042	0
MEDKILLI_00043	0
MEDKILLI_00044	0
MEDKILLI_00045	0
MEDKILLI_00046	0
MEDKILLI_00047	0
MEDKILLI_00048	3
MEDKILLI_00049	0
MEDKILLI_00050	0
MEDKILLI_00051	0
MEDKILLI_00052	0
MEDKILLI_00053	0
MEDKILLI_00054	0
MEDKILLI_00055	0
MEDKILLI_00056	0
MEDKILLI_00057	0
MEDKILLI_00058	0
MEDKILLI_00059	0
MEDKILLI_00060	0
MEDKILLI_00061	0
MEDKILLI_00062	0
MEDKILLI_00063	1
MEDKILLI_00064	0
MEDKILLI_00065	1
MEDKILLI_00066	0
MEDKILLI_00067	0
MEDKILLI_00068	0
MEDKILLI_00069	0
MEDKILLI_00070	0
MEDKILLI_00071	0
MEDKILLI_00072	0
MEDKILLI_00073	2
MEDKILLI_00074	0
MEDKILLI_00075	0
MEDKILLI_00076	0
MEDKILLI_00077	0
MEDKILLI_00078	0
MEDKILLI_00079	0
MEDKILLI_00080	0
MEDKILLI_00081	0
MEDKILLI_00082	0
MEDKILLI_00083	0
MEDKILLI_00084	0
MEDKILLI_00085	0
MEDKILLI_00086	0
MEDKILLI_00087	0
MEDKILLI_00088	0
MEDKILLI_00089	0
MEDKILLI_00090	0
MEDKILLI_00091	0
MEDKILLI_00092	0
MEDKILLI_00093	4
MEDKILLI_00094	1
MEDKILLI_00095	0
MEDKILLI_00096	2
MEDKILLI_00097	0
MEDKILLI_00098	0
MEDKILLI_00099	2
MEDKILLI_00100	0
MEDKILLI_00101	0
MEDKILLI_00102	0
MEDKILLI_00103	0
MEDKILLI_00104	0
MEDKILLI_00105	0
MEDKILLI_00106	0
MEDKILLI_00107	0
MEDKILLI_00108	0
MEDKILLI_00109	0
MEDKILLI_00110	0
MEDKILLI_00111	0
MEDKILLI_00112	1
MEDKILLI_00113	0
MEDKILLI_00114	0
MEDKILLI_00115	0
MEDKILLI_00116	0
MEDKILLI_00117	0
MEDKILLI_00118	0
MEDKILLI_00119	0
MEDKILLI_00120	0
MEDKILLI_00121	0
MEDKILLI_00122	0
MEDKILLI_00123	0
MEDKILLI_00124	0
MEDKILLI_00125	0
MEDKILLI_00126	0
MEDKILLI_00127	0
MEDKILLI_00128	0
MEDKILLI_00129	0
MEDKILLI_00130	0
MEDKILLI_00131	0
MEDKILLI_00132	0
MEDKILLI_00133	0
MEDKILLI_00134	0
MEDKILLI_00135	0
MEDKILLI_00136	0
MEDKILLI_00137	0
MEDKILLI_00138	0
MEDKILLI_00139	0
MEDKILLI_00140	0
MEDKILLI_00141	0
MEDKILLI_00142	0
MEDKILLI_00143	0
MEDKILLI_00144	2
MEDKILLI_00145	0
MEDKILLI_00146	0
MEDKILLI_00147	0
MEDKILLI_00148	0
MEDKILLI_00149	0
MEDKILLI_00150	0
MEDKILLI_00151	0
MEDKILLI_00152	0
MEDKILLI_00153	0
MEDKILLI_00154	0
MEDKILLI_00155	0
MEDKILLI_00156	0
MEDKILLI_00157	0
MEDKILLI_00158	0
MEDKILLI_00159	0
MEDKILLI_00160	0
MEDKILLI_00161	0
MEDKILLI_00162	0
MEDKILLI_00163	0
MEDKILLI_00164	0
MEDKILLI_00165	0
MEDKILLI_00166	0
MEDKILLI_00167	0
MEDKILLI_00168	0
MEDKILLI_00169	0
MEDKILLI_00170	0
MEDKILLI_00171	0
MEDKILLI_00172	1
MEDKILLI_00173	0
MEDKILLI_00174	0
MEDKILLI_00175	0
MEDKILLI_00176	0
MEDKILLI_00177	0
MEDKILLI_00178	0
MEDKILLI_00179	0
MEDKILLI_00180	1
MEDKILLI_00181	0
MEDKILLI_00182	0
MEDKILLI_00183	0
MEDKILLI_00184	0
MEDKILLI_00185	0
MEDKILLI_00186	0
MEDKILLI_00187	0
MEDKILLI_00188	0
MEDKILLI_00189	0
MEDKILLI_00190	0
MEDKILLI_00191	0
MEDKILLI_00192	0
MEDKILLI_00193	0
MEDKILLI_00194	0
MEDKILLI_00195	0
MEDKILLI_00196	0
MEDKILLI_00197	0
MEDKILLI_00198	0
MEDKILLI_00199	0
MEDKILLI_00200	0
MEDKILLI_00201	0
MEDKILLI_00202	0
MEDKILLI_00203	1
MEDKILLI_00204	0
MEDKILLI_00205	0
MEDKILLI_00206	0
MEDKILLI_00207	0
MEDKILLI_00208	0
MEDKILLI_00209	0
MEDKILLI_00210	0
MEDKILLI_00211	0
MEDKILLI_00212	0
MEDKILLI_00213	0
MEDKILLI_00214	0
MEDKILLI_00215	0
MEDKILLI_00216	0
MEDKILLI_00217	0
MEDKILLI_00218	3
MEDKILLI_00219	0
MEDKILLI_00220	0
MEDKILLI_00221	0
MEDKILLI_00222	0
MEDKILLI_00223	0
MEDKILLI_00224	0
MEDKILLI_00225	0
MEDKILLI_00226	0
MEDKILLI_00227	0
MEDKILLI_00228	0
MEDKILLI_00229	0
MEDKILLI_00230	0
MEDKILLI_00231	1
MEDKILLI_00232	0
MEDKILLI_00233	0
MEDKILLI_00234	0
MEDKILLI_00235	0
MEDKILLI_00236	0
MEDKILLI_00237	0
MEDKILLI_00238	0
MEDKILLI_00239	3
MEDKILLI_00240	0
MEDKILLI_00241	0
MEDKILLI_00242	0
MEDKILLI_00243	0
MEDKILLI_00244	0
MEDKILLI_00245	0
MEDKILLI_00246	0
MEDKILLI_00247	4
MEDKILLI_00248	0
MEDKILLI_00249	0
MEDKILLI_00250	0
MEDKILLI_00251	0
MEDKILLI_00252	0
MEDKILLI_00253	0
MEDKILLI_00254	0
MEDKILLI_00255	0
MEDKILLI_00256	0
MEDKILLI_00257	0
MEDKILLI_00258	0
MEDKILLI_00259	0
MEDKILLI_00260	0
MEDKILLI_00261	0
MEDKILLI_00262	0
MEDKILLI_00263	0
MEDKILLI_00264	0
MEDKILLI_00265	0
MEDKILLI_00266	0
MEDKILLI_00267	0
MEDKILLI_00268	0
MEDKILLI_00269	0
MEDKILLI_00270	0
MEDKILLI_00271	0
MEDKILLI_00272	2
MEDKILLI_00273	0
MEDKILLI_00274	0
MEDKILLI_00275	0
MEDKILLI_00276	0
MEDKILLI_00277	0
MEDKILLI_00278	0
MEDKILLI_00279	0
MEDKILLI_00280	3
MEDKILLI_00281	0
MEDKILLI_00282	0
MEDKILLI_00283	0
MEDKILLI_00284	0
MEDKILLI_00285	0
MEDKILLI_00286	0
MEDKILLI_00287	1
MEDKILLI_00288	1
MEDKILLI_00289	0
MEDKILLI_00290	1
MEDKILLI_00291	0
MEDKILLI_00292	0
MEDKILLI_00293	0
MEDKILLI_00294	2
MEDKILLI_00295	0
MEDKILLI_00296	0
MEDKILLI_00297	0
MEDKILLI_00298	0
MEDKILLI_00299	0
MEDKILLI_00300	0
MEDKILLI_00301	0
MEDKILLI_00302	0
MEDKILLI_00303	0
MEDKILLI_00304	0
MEDKILLI_00305	0
MEDKILLI_00306	0
MEDKILLI_00307	0
MEDKILLI_00308	0
MEDKILLI_00309	0
MEDKILLI_00310	0
MEDKILLI_00311	0
MEDKILLI_00312	0
MEDKILLI_00313	0
MEDKILLI_00314	0
MEDKILLI_00315	0
MEDKILLI_00316	0
MEDKILLI_00317	0
MEDKILLI_00318	0
MEDKILLI_00319	0
MEDKILLI_00320	0
MEDKILLI_00321	0
MEDKILLI_00322	1
MEDKILLI_00323	0
MEDKILLI_00324	0
MEDKILLI_00325	0
MEDKILLI_00326	0
MEDKILLI_00327	1
MEDKILLI_00328	0
MEDKILLI_00329	0
MEDKILLI_00330	0
MEDKILLI_00331	0
MEDKILLI_00332	0
MEDKILLI_00333	0
MEDKILLI_00334	0
MEDKILLI_00335	0
MEDKILLI_00336	1
MEDKILLI_00337	0
MEDKILLI_00338	0
MEDKILLI_00339	0
MEDKILLI_00340	1
MEDKILLI_00341	0
MEDKILLI_00342	0
MEDKILLI_00343	0
MEDKILLI_00344	0
MEDKILLI_00345	0
MEDKILLI_00346	0
MEDKILLI_00347	0
MEDKILLI_00348	0
MEDKILLI_00349	0
MEDKILLI_00350	0
MEDKILLI_00351	0
MEDKILLI_00352	0
MEDKILLI_00353	0
MEDKILLI_00354	0
MEDKILLI_00355	0
MEDKILLI_00356	0
MEDKILLI_00357	0
MEDKILLI_00358	0
MEDKILLI_00359	0
MEDKILLI_00360	0
MEDKILLI_00361	0
MEDKILLI_00362	0
MEDKILLI_00363	0
MEDKILLI_00364	0
MEDKILLI_00365	0
MEDKILLI_00366	0
MEDKILLI_00367	0
MEDKILLI_00368	0
MEDKILLI_00369	0
MEDKILLI_00370	0
MEDKILLI_00371	0
MEDKILLI_00372	0
MEDKILLI_00373	0
MEDKILLI_00374	0
MEDKILLI_00375	0
MEDKILLI_00376	0
MEDKILLI_00377	0
MEDKILLI_00378	0
MEDKILLI_00379	0
MEDKILLI_00380	0
MEDKILLI_00381	0
MEDKILLI_00382	0
MEDKILLI_00383	0
MEDKILLI_00384	3
MEDKILLI_00385	0
MEDKILLI_00386	1
MEDKILLI_00387	0
MEDKILLI_00388	0
MEDKILLI_00389	0
MEDKILLI_00390	0
MEDKILLI_00391	1
MEDKILLI_00392	0
MEDKILLI_00393	0
MEDKILLI_00394	0
MEDKILLI_00395	0
MEDKILLI_00396	0
MEDKILLI_00397	2
MEDKILLI_00398	0
MEDKILLI_00399	0
MEDKILLI_00400	0
MEDKILLI_00401	0
MEDKILLI_00402	0
MEDKILLI_00403	0
MEDKILLI_00404	0
MEDKILLI_00405	0
MEDKILLI_00406	0
MEDKILLI_00407	0
MEDKILLI_00408	0
MEDKILLI_00409	0
MEDKILLI_00410	0
MEDKILLI_00411	0
MEDKILLI_00412	0
MEDKILLI_00413	0
MEDKILLI_00414	0
MEDKILLI_00418	0
MEDKILLI_00419	0
MEDKILLI_00420	0
MEDKILLI_00421	0
MEDKILLI_00422	0
MEDKILLI_00423	0
MEDKILLI_00424	0
MEDKILLI_00425	0
MEDKILLI_00426	0
MEDKILLI_00427	0
MEDKILLI_00428	0
MEDKILLI_00429	0
MEDKILLI_00430	0
MEDKILLI_00431	0
MEDKILLI_00432	0
MEDKILLI_00433	0
MEDKILLI_00434	0
MEDKILLI_00435	0
MEDKILLI_00436	0
MEDKILLI_00437	0
MEDKILLI_00438	0
MEDKILLI_00440	0
MEDKILLI_00441	0
MEDKILLI_00442	0
MEDKILLI_00443	0
MEDKILLI_00444	0
MEDKILLI_00445	0
MEDKILLI_00446	1
MEDKILLI_00447	0
MEDKILLI_00448	0
MEDKILLI_00449	0
MEDKILLI_00450	0
MEDKILLI_00451	0
MEDKILLI_00452	1
MEDKILLI_00453	0
MEDKILLI_00454	0
MEDKILLI_00455	0
MEDKILLI_00456	0
MEDKILLI_00457	0
MEDKILLI_00458	0
MEDKILLI_00459	0
MEDKILLI_00460	0
MEDKILLI_00461	0
MEDKILLI_00462	0
MEDKILLI_00463	0
MEDKILLI_00464	0
MEDKILLI_00465	0
MEDKILLI_00466	0
MEDKILLI_00467	0
MEDKILLI_00468	0
MEDKILLI_00469	0
MEDKILLI_00470	0
MEDKILLI_00471	0
MEDKILLI_00472	0
MEDKILLI_00473	0
MEDKILLI_00474	1
MEDKILLI_00475	0
MEDKILLI_00476	0
MEDKILLI_00477	0
MEDKILLI_00478	0
MEDKILLI_00479	0
MEDKILLI_00480	0
MEDKILLI_00481	0
MEDKILLI_00482	0
MEDKILLI_00483	0
MEDKILLI_00484	0
MEDKILLI_00485	0
MEDKILLI_00486	1
MEDKILLI_00487	0
MEDKILLI_00488	0
MEDKILLI_00489	0
MEDKILLI_00490	0
MEDKILLI_00491	0
MEDKILLI_00492	0
MEDKILLI_00493	0
MEDKILLI_00494	0
MEDKILLI_00495	0
MEDKILLI_00496	0
MEDKILLI_00497	0
MEDKILLI_00498	0
MEDKILLI_00499	0
MEDKILLI_00500	0
MEDKILLI_00501	2
MEDKILLI_00502	0
MEDKILLI_00503	0
MEDKILLI_00504	0
MEDKILLI_00505	0
MEDKILLI_00506	0
MEDKILLI_00507	0
MEDKILLI_00508	0
MEDKILLI_00509	0
MEDKILLI_00510	0
MEDKILLI_00511	0
MEDKILLI_00512	0
MEDKILLI_00513	0
MEDKILLI_00514	0
MEDKILLI_00515	0
MEDKILLI_00516	0
MEDKILLI_00517	0
MEDKILLI_00518	0
MEDKILLI_00519	0
MEDKILLI_00520	0
MEDKILLI_00521	0
MEDKILLI_00522	0
MEDKILLI_00523	0
MEDKILLI_00524	0
MEDKILLI_00525	0
MEDKILLI_00526	0
MEDKILLI_00527	0
MEDKILLI_00528	0
MEDKILLI_00529	0
MEDKILLI_00530	0
MEDKILLI_00531	0
MEDKILLI_00532	0
MEDKILLI_00533	0
MEDKILLI_00534	0
MEDKILLI_00535	0
MEDKILLI_00536	0
MEDKILLI_00537	0
MEDKILLI_00538	0
MEDKILLI_00539	0
MEDKILLI_00540	0
MEDKILLI_00541	0
MEDKILLI_00542	0
MEDKILLI_00543	0
MEDKILLI_00544	0
MEDKILLI_00545	1
MEDKILLI_00546	0
MEDKILLI_00547	0
MEDKILLI_00548	0
MEDKILLI_00549	0
MEDKILLI_00550	0
MEDKILLI_00551	0
MEDKILLI_00552	0
MEDKILLI_00553	0
MEDKILLI_00554	0
MEDKILLI_00555	0
MEDKILLI_00556	0
MEDKILLI_00557	0
MEDKILLI_00558	0
MEDKILLI_00559	0
MEDKILLI_00560	2
MEDKILLI_00561	1
MEDKILLI_00562	2
MEDKILLI_00563	0
MEDKILLI_00564	0
MEDKILLI_00565	0
MEDKILLI_00566	0
MEDKILLI_00567	0
MEDKILLI_00568	0
MEDKILLI_00569	0
MEDKILLI_00570	0
MEDKILLI_00571	0
MEDKILLI_00572	0
MEDKILLI_00573	0
MEDKILLI_00574	0
MEDKILLI_00575	0
MEDKILLI_00576	0
MEDKILLI_00577	0
MEDKILLI_00578	0
MEDKILLI_00579	0
MEDKILLI_00580	0
MEDKILLI_00581	0
MEDKILLI_00582	0
MEDKILLI_00583	0
MEDKILLI_00584	0
MEDKILLI_00585	0
MEDKILLI_00586	0
MEDKILLI_00587	0
MEDKILLI_00588	1
MEDKILLI_00589	0
MEDKILLI_00590	0
MEDKILLI_00591	0
MEDKILLI_00592	0
MEDKILLI_00594	0
MEDKILLI_00595	0
MEDKILLI_00596	0
MEDKILLI_00597	0
MEDKILLI_00598	0
MEDKILLI_00599	0
MEDKILLI_00600	0
MEDKILLI_00601	0
MEDKILLI_00602	0
MEDKILLI_00603	0
MEDKILLI_00604	0
MEDKILLI_00605	0
MEDKILLI_00606	0
MEDKILLI_00607	0
MEDKILLI_00608	0
MEDKILLI_00609	0
MEDKILLI_00610	0
MEDKILLI_00611	0
MEDKILLI_00612	0
MEDKILLI_00613	0
MEDKILLI_00614	0
MEDKILLI_00615	0
MEDKILLI_00616	0
MEDKILLI_00617	0
MEDKILLI_00618	0
MEDKILLI_00619	0
MEDKILLI_00620	0
MEDKILLI_00621	0
MEDKILLI_00622	1
MEDKILLI_00623	0
MEDKILLI_00624	0
MEDKILLI_00625	0
MEDKILLI_00626	0
MEDKILLI_00627	0
MEDKILLI_00628	0
MEDKILLI_00629	0
MEDKILLI_00630	0
MEDKILLI_00631	0
MEDKILLI_00632	0
MEDKILLI_00633	0
MEDKILLI_00634	0
MEDKILLI_00635	0
MEDKILLI_00636	0
MEDKILLI_00637	0
MEDKILLI_00638	0
MEDKILLI_00639	0
MEDKILLI_00640	0
MEDKILLI_00641	0
MEDKILLI_00642	0
MEDKILLI_00643	0
MEDKILLI_00644	0
MEDKILLI_00645	0
MEDKILLI_00646	0
MEDKILLI_00647	0
MEDKILLI_00648	0
MEDKILLI_00649	0
MEDKILLI_00650	0
MEDKILLI_00651	0
MEDKILLI_00652	1
MEDKILLI_00653	0
MEDKILLI_00654	0
MEDKILLI_00655	0
MEDKILLI_00656	2
MEDKILLI_00657	0
MEDKILLI_00658	0
MEDKILLI_00659	0
MEDKILLI_00660	0
MEDKILLI_00661	0
MEDKILLI_00662	0
MEDKILLI_00663	0
MEDKILLI_00664	0
MEDKILLI_00665	0
MEDKILLI_00666	1
MEDKILLI_00667	0
MEDKILLI_00668	0
MEDKILLI_00669	0
MEDKILLI_00670	0
MEDKILLI_00671	0
MEDKILLI_00672	0
MEDKILLI_00673	0
MEDKILLI_00674	0
MEDKILLI_00675	0
MEDKILLI_00676	0
MEDKILLI_00677	0
MEDKILLI_00678	0
MEDKILLI_00679	0
MEDKILLI_00680	0
MEDKILLI_00681	0
MEDKILLI_00682	0
MEDKILLI_00683	0
MEDKILLI_00684	0
MEDKILLI_00685	0
MEDKILLI_00686	0
MEDKILLI_00687	0
MEDKILLI_00688	0
MEDKILLI_00689	0
MEDKILLI_00690	0
MEDKILLI_00691	0
MEDKILLI_00692	0
MEDKILLI_00693	0
MEDKILLI_00694	0
MEDKILLI_00695	0
MEDKILLI_00696	1
MEDKILLI_00697	0
MEDKILLI_00698	0
MEDKILLI_00699	0
MEDKILLI_00700	0
MEDKILLI_00701	0
MEDKILLI_00702	0
MEDKILLI_00703	0
MEDKILLI_00704	0
MEDKILLI_00705	0
MEDKILLI_00706	0
MEDKILLI_00707	0
MEDKILLI_00708	0
MEDKILLI_00709	0
MEDKILLI_00710	1
MEDKILLI_00711	0
MEDKILLI_00712	0
MEDKILLI_00713	0
MEDKILLI_00714	0
MEDKILLI_00715	0
MEDKILLI_00716	0
MEDKILLI_00717	0
MEDKILLI_00718	0
MEDKILLI_00719	0
MEDKILLI_00720	0
MEDKILLI_00721	0
MEDKILLI_00722	0
MEDKILLI_00723	0
MEDKILLI_00724	0
MEDKILLI_00725	0
MEDKILLI_00726	0
MEDKILLI_00727	0
MEDKILLI_00728	0
MEDKILLI_00729	0
MEDKILLI_00730	0
MEDKILLI_00731	0
MEDKILLI_00732	0
MEDKILLI_00733	0
MEDKILLI_00734	0
MEDKILLI_00735	0
MEDKILLI_00736	0
MEDKILLI_00737	0
MEDKILLI_00738	0
MEDKILLI_00739	0
MEDKILLI_00740	0
MEDKILLI_00741	0
MEDKILLI_00742	0
MEDKILLI_00743	0
MEDKILLI_00744	0
MEDKILLI_00745	0
MEDKILLI_00746	0
MEDKILLI_00747	0
MEDKILLI_00748	0
MEDKILLI_00749	0
MEDKILLI_00750	0
MEDKILLI_00751	0
MEDKILLI_00752	0
MEDKILLI_00753	1
MEDKILLI_00754	0
MEDKILLI_00755	0
MEDKILLI_00756	0
MEDKILLI_00757	0
MEDKILLI_00758	0
MEDKILLI_00759	0
MEDKILLI_00760	0
MEDKILLI_00762	0
MEDKILLI_00763	0
MEDKILLI_00764	0
MEDKILLI_00765	0
MEDKILLI_00766	0
MEDKILLI_00767	0
MEDKILLI_00768	0
MEDKILLI_00769	0
MEDKILLI_00770	0
MEDKILLI_00771	0
MEDKILLI_00772	0
MEDKILLI_00773	0
MEDKILLI_00774	0
MEDKILLI_00775	0
MEDKILLI_00776	0
MEDKILLI_00777	0
MEDKILLI_00778	0
MEDKILLI_00779	0
MEDKILLI_00780	0
MEDKILLI_00781	0
MEDKILLI_00782	0
MEDKILLI_00783	0
MEDKILLI_00784	0
MEDKILLI_00785	0
MEDKILLI_00786	0
MEDKILLI_00787	0
MEDKILLI_00788	0
MEDKILLI_00789	0
MEDKILLI_00790	0
MEDKILLI_00791	0
MEDKILLI_00792	0
MEDKILLI_00793	0
MEDKILLI_00794	0
MEDKILLI_00795	0
MEDKILLI_00796	0
MEDKILLI_00797	0
MEDKILLI_00798	0
MEDKILLI_00799	0
MEDKILLI_00800	0
MEDKILLI_00801	0
MEDKILLI_00802	0
MEDKILLI_00803	0
MEDKILLI_00804	0
MEDKILLI_00805	0
MEDKILLI_00806	0
MEDKILLI_00807	0
MEDKILLI_00808	0
MEDKILLI_00809	0
MEDKILLI_00810	1
MEDKILLI_00811	0
MEDKILLI_00812	0
MEDKILLI_00813	0
MEDKILLI_00814	0
MEDKILLI_00815	0
MEDKILLI_00816	0
MEDKILLI_00817	0
MEDKILLI_00818	0
MEDKILLI_00819	0
MEDKILLI_00820	0
MEDKILLI_00821	0
MEDKILLI_00822	0
MEDKILLI_00823	0
MEDKILLI_00824	0
MEDKILLI_00825	0
MEDKILLI_00826	0
MEDKILLI_00827	0
MEDKILLI_00828	1
MEDKILLI_00829	1
MEDKILLI_00830	0
MEDKILLI_00831	0
MEDKILLI_00832	0
MEDKILLI_00833	0
MEDKILLI_00834	0
MEDKILLI_00835	0
MEDKILLI_00836	0
MEDKILLI_00837	0
MEDKILLI_00838	0
MEDKILLI_00839	0
MEDKILLI_00840	0
MEDKILLI_00841	0
MEDKILLI_00842	0
MEDKILLI_00843	0
MEDKILLI_00844	0
MEDKILLI_00845	0
MEDKILLI_00846	0
MEDKILLI_00847	0
MEDKILLI_00848	0
MEDKILLI_00849	0
MEDKILLI_00850	0
MEDKILLI_00851	0
MEDKILLI_00852	0
MEDKILLI_00853	0
MEDKILLI_00854	0
MEDKILLI_00855	1
MEDKILLI_00856	0
MEDKILLI_00857	0
MEDKILLI_00858	0
MEDKILLI_00859	0
MEDKILLI_00860	0
MEDKILLI_00861	0
MEDKILLI_00862	0
MEDKILLI_00863	0
MEDKILLI_00864	0
MEDKILLI_00865	0
MEDKILLI_00866	0
MEDKILLI_00867	0
MEDKILLI_00868	0
MEDKILLI_00869	0
MEDKILLI_00870	0
MEDKILLI_00871	0
MEDKILLI_00872	0
MEDKILLI_00873	0
MEDKILLI_00874	0
MEDKILLI_00875	0
MEDKILLI_00876	0
MEDKILLI_00877	0
MEDKILLI_00878	0
MEDKILLI_00879	0
MEDKILLI_00880	0
MEDKILLI_00881	0
MEDKILLI_00882	0
MEDKILLI_00883	0
MEDKILLI_00884	0
MEDKILLI_00885	0
MEDKILLI_00886	0
MEDKILLI_00887	0
MEDKILLI_00888	0
MEDKILLI_00889	0
MEDKILLI_00890	0
MEDKILLI_00891	0
MEDKILLI_00892	0
MEDKILLI_00893	0
MEDKILLI_00894	0
MEDKILLI_00895	2
MEDKILLI_00896	0
MEDKILLI_00897	0
MEDKILLI_00898	5
MEDKILLI_00899	0
MEDKILLI_00900	4
MEDKILLI_00901	0
MEDKILLI_00902	0
MEDKILLI_00903	0
MEDKILLI_00904	0
MEDKILLI_00905	0
MEDKILLI_00906	0
MEDKILLI_00907	0
MEDKILLI_00908	0
MEDKILLI_00909	0
MEDKILLI_00910	0
MEDKILLI_00911	0
MEDKILLI_00912	0
MEDKILLI_00913	0
MEDKILLI_00914	0
MEDKILLI_00915	0
MEDKILLI_00916	0
MEDKILLI_00917	0
MEDKILLI_00918	0
MEDKILLI_00919	0
MEDKILLI_00920	0
MEDKILLI_00921	0
MEDKILLI_00922	0
MEDKILLI_00923	0
MEDKILLI_00924	0
MEDKILLI_00925	0
MEDKILLI_00926	0
MEDKILLI_00927	0
MEDKILLI_00928	0
MEDKILLI_00929	1
MEDKILLI_00930	0
MEDKILLI_00931	0
MEDKILLI_00932	0
MEDKILLI_00933	0
MEDKILLI_00934	0
MEDKILLI_00935	3
MEDKILLI_00936	0
MEDKILLI_00937	0
MEDKILLI_00938	0
MEDKILLI_00939	0
MEDKILLI_00940	0
MEDKILLI_00941	0
MEDKILLI_00942	0
MEDKILLI_00943	0
MEDKILLI_00944	0
MEDKILLI_00945	2
MEDKILLI_00946	0
MEDKILLI_00947	0
MEDKILLI_00948	0
MEDKILLI_00949	0
MEDKILLI_00950	1
MEDKILLI_00951	0
MEDKILLI_00952	0
MEDKILLI_00953	0
MEDKILLI_00954	0
MEDKILLI_00955	0
MEDKILLI_00956	0
MEDKILLI_00957	0
MEDKILLI_00958	0
MEDKILLI_00959	0
MEDKILLI_00960	0
MEDKILLI_00961	0
MEDKILLI_00962	0
MEDKILLI_00963	0
MEDKILLI_00964	0
MEDKILLI_00965	0
MEDKILLI_00966	0
MEDKILLI_00967	0
MEDKILLI_00968	1
MEDKILLI_00969	0
MEDKILLI_00970	0
MEDKILLI_00971	0
MEDKILLI_00972	0
MEDKILLI_00973	0
MEDKILLI_00974	0
MEDKILLI_00975	0
MEDKILLI_00976	0
MEDKILLI_00977	0
MEDKILLI_00978	0
MEDKILLI_00979	1
MEDKILLI_00980	1
MEDKILLI_00981	0
MEDKILLI_00982	0
MEDKILLI_00983	0
MEDKILLI_00984	0
MEDKILLI_00985	0
MEDKILLI_00986	0
MEDKILLI_00987	0
MEDKILLI_00988	0
MEDKILLI_00989	0
MEDKILLI_00990	0
MEDKILLI_00991	0
MEDKILLI_00992	0
MEDKILLI_00993	0
MEDKILLI_00994	0
MEDKILLI_00995	0
MEDKILLI_00996	0
MEDKILLI_00997	0
MEDKILLI_00998	1
MEDKILLI_00999	0
MEDKILLI_01000	0
MEDKILLI_01001	0
MEDKILLI_01002	0
MEDKILLI_01003	0
MEDKILLI_01004	0
MEDKILLI_01005	0
MEDKILLI_01006	0
MEDKILLI_01007	1
MEDKILLI_01008	0
MEDKILLI_01009	0
MEDKILLI_01010	0
MEDKILLI_01011	0
MEDKILLI_01012	0
MEDKILLI_01013	0
MEDKILLI_01014	0
MEDKILLI_01015	0
MEDKILLI_01016	0
MEDKILLI_01017	0
MEDKILLI_01018	0
MEDKILLI_01019	0
MEDKILLI_01020	0
MEDKILLI_01021	0
MEDKILLI_01022	0
MEDKILLI_01023	0
MEDKILLI_01024	0
MEDKILLI_01025	0
MEDKILLI_01026	0
MEDKILLI_01027	0
MEDKILLI_01028	0
MEDKILLI_01029	0
MEDKILLI_01030	0
MEDKILLI_01031	0
MEDKILLI_01032	0
MEDKILLI_01034	1
MEDKILLI_01035	0
MEDKILLI_01036	0
MEDKILLI_01037	0
MEDKILLI_01038	1
MEDKILLI_01039	3
MEDKILLI_01040	0
MEDKILLI_01041	0
MEDKILLI_01042	0
MEDKILLI_01043	0
MEDKILLI_01044	0
MEDKILLI_01045	0
MEDKILLI_01046	0
MEDKILLI_01047	0
MEDKILLI_01048	0
MEDKILLI_01049	0
MEDKILLI_01050	0
MEDKILLI_01051	0
MEDKILLI_01052	0
MEDKILLI_01053	0
MEDKILLI_01054	0
MEDKILLI_01055	0
MEDKILLI_01056	0
MEDKILLI_01057	0
MEDKILLI_01058	0
MEDKILLI_01059	0
MEDKILLI_01060	0
MEDKILLI_01061	0
MEDKILLI_01062	0
MEDKILLI_01063	0
MEDKILLI_01064	0
MEDKILLI_01065	0
MEDKILLI_01066	0
MEDKILLI_01067	0
MEDKILLI_01068	0
MEDKILLI_01069	0
MEDKILLI_01070	0
MEDKILLI_01071	0
MEDKILLI_01072	0
MEDKILLI_01073	0
MEDKILLI_01074	0
MEDKILLI_01075	1
MEDKILLI_01076	0
MEDKILLI_01077	0
MEDKILLI_01078	0
MEDKILLI_01079	0
MEDKILLI_01080	0
MEDKILLI_01081	0
MEDKILLI_01082	0
MEDKILLI_01083	0
MEDKILLI_01084	0
MEDKILLI_01085	0
MEDKILLI_01086	0
MEDKILLI_01087	0
MEDKILLI_01088	0
MEDKILLI_01089	0
MEDKILLI_01090	0
MEDKILLI_01091	0
MEDKILLI_01092	0
MEDKILLI_01093	0
MEDKILLI_01094	0
MEDKILLI_01095	0
MEDKILLI_01096	0
MEDKILLI_01097	0
MEDKILLI_01098	0
MEDKILLI_01099	0
MEDKILLI_01100	0
MEDKILLI_01101	0
MEDKILLI_01102	0
MEDKILLI_01103	0
MEDKILLI_01104	1
MEDKILLI_01105	0
MEDKILLI_01106	0
MEDKILLI_01107	0
MEDKILLI_01108	0
MEDKILLI_01109	0
MEDKILLI_01110	0
MEDKILLI_01111	0
MEDKILLI_01112	0
MEDKILLI_01113	0
MEDKILLI_01114	0
MEDKILLI_01115	1
MEDKILLI_01116	0
MEDKILLI_01117	0
MEDKILLI_01118	0
MEDKILLI_01119	0
MEDKILLI_01120	0
MEDKILLI_01121	0
MEDKILLI_01122	0
MEDKILLI_01123	0
MEDKILLI_01124	0
MEDKILLI_01125	0
MEDKILLI_01126	0
MEDKILLI_01127	0
MEDKILLI_01128	0
MEDKILLI_01129	0
MEDKILLI_01130	0
MEDKILLI_01131	0
MEDKILLI_01132	0
MEDKILLI_01133	0
MEDKILLI_01134	0
MEDKILLI_01135	0
MEDKILLI_01136	0
MEDKILLI_01137	0
MEDKILLI_01138	0
MEDKILLI_01139	0
MEDKILLI_01140	0
MEDKILLI_01141	0
MEDKILLI_01142	5
MEDKILLI_01143	0
MEDKILLI_01144	0
MEDKILLI_01145	0
MEDKILLI_01146	0
MEDKILLI_01147	0
MEDKILLI_01148	0
MEDKILLI_01149	0
MEDKILLI_01150	0
MEDKILLI_01151	0
MEDKILLI_01152	0
MEDKILLI_01153	0
MEDKILLI_01154	0
MEDKILLI_01155	0
MEDKILLI_01156	0
MEDKILLI_01157	0
MEDKILLI_01158	0
MEDKILLI_01159	0
MEDKILLI_01160	0
MEDKILLI_01161	0
MEDKILLI_01162	0
MEDKILLI_01163	0
MEDKILLI_01164	4
MEDKILLI_01165	2
MEDKILLI_01166	0
MEDKILLI_01167	0
MEDKILLI_01168	2
MEDKILLI_01169	0
MEDKILLI_01170	1
MEDKILLI_01171	0
MEDKILLI_01172	0
MEDKILLI_01173	0
MEDKILLI_01174	0
MEDKILLI_01175	0
MEDKILLI_01176	0
MEDKILLI_01177	0
MEDKILLI_01178	0
MEDKILLI_01179	0
MEDKILLI_01180	0
MEDKILLI_01181	0
MEDKILLI_01182	0
MEDKILLI_01183	0
MEDKILLI_01184	1
MEDKILLI_01185	0
MEDKILLI_01186	0
MEDKILLI_01187	0
MEDKILLI_01188	0
MEDKILLI_01189	0
MEDKILLI_01190	0
MEDKILLI_01191	0
MEDKILLI_01192	0
MEDKILLI_01193	0
MEDKILLI_01194	0
MEDKILLI_01195	1
MEDKILLI_01196	0
MEDKILLI_01197	0
MEDKILLI_01198	0
MEDKILLI_01199	0
MEDKILLI_01200	0
MEDKILLI_01201	0
MEDKILLI_01202	0
MEDKILLI_01203	0
MEDKILLI_01204	0
MEDKILLI_01205	0
MEDKILLI_01206	0
MEDKILLI_01207	0
MEDKILLI_01208	0
MEDKILLI_01209	0
MEDKILLI_01210	0
MEDKILLI_01211	0
MEDKILLI_01212	0
MEDKILLI_01213	0
MEDKILLI_01214	0
MEDKILLI_01215	0
MEDKILLI_01216	0
MEDKILLI_01217	0
MEDKILLI_01218	0
MEDKILLI_01219	0
MEDKILLI_01220	0
MEDKILLI_01221	0
MEDKILLI_01222	0
MEDKILLI_01223	0
MEDKILLI_01224	1
MEDKILLI_01225	0
MEDKILLI_01226	0
MEDKILLI_01227	0
MEDKILLI_01228	0
MEDKILLI_01229	0
MEDKILLI_01230	0
MEDKILLI_01231	0
MEDKILLI_01232	0
MEDKILLI_01233	0
MEDKILLI_01234	0
MEDKILLI_01235	0
MEDKILLI_01236	0
MEDKILLI_01237	0
MEDKILLI_01238	0
MEDKILLI_01239	0
MEDKILLI_01240	0
MEDKILLI_01241	0
MEDKILLI_01242	0
MEDKILLI_01243	0
MEDKILLI_01244	0
MEDKILLI_01245	0
MEDKILLI_01246	0
MEDKILLI_01247	0
MEDKILLI_01248	0
MEDKILLI_01249	0
MEDKILLI_01250	0
MEDKILLI_01251	1
MEDKILLI_01252	0
MEDKILLI_01253	0
MEDKILLI_01254	0
MEDKILLI_01255	0
MEDKILLI_01256	0
MEDKILLI_01257	0
MEDKILLI_01258	0
MEDKILLI_01259	0
MEDKILLI_01260	0
MEDKILLI_01261	0
MEDKILLI_01262	0
MEDKILLI_01263	0
MEDKILLI_01264	0
MEDKILLI_01265	0
MEDKILLI_01266	0
MEDKILLI_01267	2
MEDKILLI_01268	0
MEDKILLI_01269	0
MEDKILLI_01270	0
MEDKILLI_01271	0
MEDKILLI_01272	0
MEDKILLI_01273	0
MEDKILLI_01274	0
MEDKILLI_01275	0
MEDKILLI_01276	0
MEDKILLI_01277	0
MEDKILLI_01278	0
MEDKILLI_01279	0
MEDKILLI_01280	0
MEDKILLI_01281	0
MEDKILLI_01282	0
MEDKILLI_01283	0
MEDKILLI_01284	0
MEDKILLI_01285	0
MEDKILLI_01286	0
MEDKILLI_01287	0
MEDKILLI_01288	0
MEDKILLI_01289	0
MEDKILLI_01290	0
MEDKILLI_01291	0
MEDKILLI_01292	0
MEDKILLI_01293	0
MEDKILLI_01294	2
MEDKILLI_01295	0
MEDKILLI_01296	0
MEDKILLI_01297	0
MEDKILLI_01298	0
MEDKILLI_01299	0
MEDKILLI_01300	0
MEDKILLI_01301	0
MEDKILLI_01302	0
MEDKILLI_01303	0
MEDKILLI_01304	0
MEDKILLI_01305	0
MEDKILLI_01306	0
MEDKILLI_01307	0
MEDKILLI_01308	0
MEDKILLI_01309	0
MEDKILLI_01310	0
MEDKILLI_01311	0
MEDKILLI_01312	0
MEDKILLI_01313	0
MEDKILLI_01314	0
MEDKILLI_01315	0
MEDKILLI_01316	0
MEDKILLI_01317	0
MEDKILLI_01318	0
MEDKILLI_01319	0
MEDKILLI_01320	0
MEDKILLI_01321	0
MEDKILLI_01322	0
MEDKILLI_01323	0
MEDKILLI_01324	0
MEDKILLI_01325	0
MEDKILLI_01326	0
MEDKILLI_01327	0
MEDKILLI_01328	0
MEDKILLI_01329	0
MEDKILLI_01330	0
MEDKILLI_01331	0
MEDKILLI_01332	0
MEDKILLI_01333	0
MEDKILLI_01334	0
MEDKILLI_01335	0
MEDKILLI_01336	0
MEDKILLI_01337	0
MEDKILLI_01338	0
MEDKILLI_01339	0
MEDKILLI_01340	0
MEDKILLI_01341	0
MEDKILLI_01342	0
MEDKILLI_01343	0
MEDKILLI_01344	0
MEDKILLI_01345	0
MEDKILLI_01346	0
MEDKILLI_01347	0
MEDKILLI_01348	0
MEDKILLI_01349	0
MEDKILLI_01350	0
MEDKILLI_01351	0
MEDKILLI_01352	0
MEDKILLI_01353	0
MEDKILLI_01354	0
MEDKILLI_01355	0
MEDKILLI_01356	0
MEDKILLI_01357	0
MEDKILLI_01358	0
MEDKILLI_01359	0
MEDKILLI_01360	1
MEDKILLI_01361	0
MEDKILLI_01362	0
MEDKILLI_01363	0
MEDKILLI_01364	0
MEDKILLI_01365	0
MEDKILLI_01366	0
MEDKILLI_01367	0
MEDKILLI_01368	0
MEDKILLI_01369	0
MEDKILLI_01370	0
MEDKILLI_01371	0
MEDKILLI_01372	0
MEDKILLI_01373	0
MEDKILLI_01374	0
MEDKILLI_01375	0
MEDKILLI_01376	0
MEDKILLI_01377	0
MEDKILLI_01378	0
MEDKILLI_01379	0
MEDKILLI_01380	2
MEDKILLI_01381	0
MEDKILLI_01382	0
MEDKILLI_01383	1
MEDKILLI_01384	0
MEDKILLI_01385	0
MEDKILLI_01386	0
MEDKILLI_01387	0
MEDKILLI_01388	0
MEDKILLI_01389	0
MEDKILLI_01390	0
MEDKILLI_01391	0
MEDKILLI_01392	0
MEDKILLI_01393	0
MEDKILLI_01394	0
MEDKILLI_01395	0
MEDKILLI_01396	5
MEDKILLI_01397	1
MEDKILLI_01398	0
MEDKILLI_01399	0
MEDKILLI_01400	0
MEDKILLI_01401	0
MEDKILLI_01402	0
MEDKILLI_01403	0
MEDKILLI_01404	0
MEDKILLI_01405	0
MEDKILLI_01406	0
MEDKILLI_01407	0
MEDKILLI_01408	0
MEDKILLI_01409	0
MEDKILLI_01410	0
MEDKILLI_01411	0
MEDKILLI_01412	1
MEDKILLI_01413	0
MEDKILLI_01414	0
MEDKILLI_01415	1
MEDKILLI_01416	0
MEDKILLI_01417	0
MEDKILLI_01418	0
MEDKILLI_01419	0
MEDKILLI_01420	0
MEDKILLI_01421	0
MEDKILLI_01422	0
MEDKILLI_01423	0
MEDKILLI_01424	0
MEDKILLI_01425	0
MEDKILLI_01426	0
MEDKILLI_01427	0
MEDKILLI_01428	0
MEDKILLI_01429	0
MEDKILLI_01430	0
MEDKILLI_01431	0
MEDKILLI_01432	0
MEDKILLI_01433	0
MEDKILLI_01434	0
MEDKILLI_01435	0
MEDKILLI_01436	0
MEDKILLI_01437	0
MEDKILLI_01438	0
MEDKILLI_01439	0
MEDKILLI_01440	0
MEDKILLI_01441	0
MEDKILLI_01442	0
MEDKILLI_01443	0
MEDKILLI_01444	0
MEDKILLI_01445	1
MEDKILLI_01446	0
MEDKILLI_01447	0
MEDKILLI_01448	0
MEDKILLI_01449	0
MEDKILLI_01450	0
MEDKILLI_01451	0
MEDKILLI_01452	0
MEDKILLI_01453	3
MEDKILLI_01454	0
MEDKILLI_01455	0
MEDKILLI_01456	0
MEDKILLI_01457	0
MEDKILLI_01458	0
MEDKILLI_01459	0
MEDKILLI_01460	0
MEDKILLI_01461	0
MEDKILLI_01462	0
MEDKILLI_01463	0
MEDKILLI_01464	0
MEDKILLI_01465	0
MEDKILLI_01466	0
MEDKILLI_01467	0
MEDKILLI_01468	0
MEDKILLI_01469	0
MEDKILLI_01470	0
MEDKILLI_01471	0
MEDKILLI_01472	0
MEDKILLI_01473	5
MEDKILLI_01474	1
MEDKILLI_01475	0
MEDKILLI_01476	0
MEDKILLI_01477	0
MEDKILLI_01478	0
MEDKILLI_01479	0
MEDKILLI_01480	0
MEDKILLI_01481	0
MEDKILLI_01482	0
MEDKILLI_01483	0
MEDKILLI_01484	0
MEDKILLI_01485	0
MEDKILLI_01486	0
MEDKILLI_01487	0
MEDKILLI_01488	0
MEDKILLI_01489	0
MEDKILLI_01490	0
MEDKILLI_01491	0
MEDKILLI_01492	0
MEDKILLI_01493	0
MEDKILLI_01494	0
MEDKILLI_01495	0
MEDKILLI_01496	0
MEDKILLI_01497	0
MEDKILLI_01498	0
MEDKILLI_01499	0
MEDKILLI_01500	0
MEDKILLI_01501	0
MEDKILLI_01502	0
MEDKILLI_01503	0
MEDKILLI_01504	0
MEDKILLI_01505	0
MEDKILLI_01507	0
MEDKILLI_01508	0
MEDKILLI_01509	1
MEDKILLI_01510	0
MEDKILLI_01511	0
MEDKILLI_01512	0
MEDKILLI_01513	2
MEDKILLI_01514	0
MEDKILLI_01515	0
MEDKILLI_01516	0
MEDKILLI_01517	0
MEDKILLI_01518	0
MEDKILLI_01519	0
MEDKILLI_01520	1
MEDKILLI_01522	0
MEDKILLI_01523	0
MEDKILLI_01524	1
MEDKILLI_01525	0
MEDKILLI_01526	0
MEDKILLI_01527	1
MEDKILLI_01528	0
MEDKILLI_01529	0
MEDKILLI_01530	0
MEDKILLI_01531	0
MEDKILLI_01532	0
MEDKILLI_01533	0
MEDKILLI_01534	0
MEDKILLI_01535	0
MEDKILLI_01536	0
MEDKILLI_01537	0
MEDKILLI_01538	0
MEDKILLI_01539	1
MEDKILLI_01540	0
MEDKILLI_01541	0
MEDKILLI_01542	0
MEDKILLI_01543	0
MEDKILLI_01544	0
MEDKILLI_01545	0
__no_feature	226
__ambiguous	6
__too_low_aQual	65
__not_aligned	884101
__alignment_not_unique	0
