LDKALFFP_00001	1
LDKALFFP_00002	24
LDKALFFP_00003	1
LDKALFFP_00004	0
LDKALFFP_00005	0
LDKALFFP_00006	0
LDKALFFP_00007	1
LDKALFFP_00008	1
LDKALFFP_00009	0
LDKALFFP_00010	2
LDKALFFP_00011	1
LDKALFFP_00012	2
LDKALFFP_00013	7
LDKALFFP_00014	1
LDKALFFP_00015	2
LDKALFFP_00016	0
LDKALFFP_00017	0
LDKALFFP_00018	1
LDKALFFP_00019	5
LDKALFFP_00020	2
LDKALFFP_00021	2
LDKALFFP_00022	1
LDKALFFP_00023	0
LDKALFFP_00024	0
LDKALFFP_00026	1
LDKALFFP_00027	0
LDKALFFP_00028	0
LDKALFFP_00029	0
LDKALFFP_00030	94
LDKALFFP_00031	0
LDKALFFP_00032	2
LDKALFFP_00033	0
LDKALFFP_00034	0
LDKALFFP_00035	0
LDKALFFP_00036	2
LDKALFFP_00037	1
LDKALFFP_00038	0
LDKALFFP_00039	0
LDKALFFP_00040	4
LDKALFFP_00041	22
LDKALFFP_00042	1
LDKALFFP_00043	0
LDKALFFP_00044	0
LDKALFFP_00045	0
LDKALFFP_00046	0
LDKALFFP_00047	3
LDKALFFP_00048	0
LDKALFFP_00049	0
LDKALFFP_00050	0
LDKALFFP_00051	1
LDKALFFP_00052	10
LDKALFFP_00053	7
LDKALFFP_00054	0
LDKALFFP_00055	0
LDKALFFP_00056	2
LDKALFFP_00057	0
LDKALFFP_00058	10
LDKALFFP_00059	0
LDKALFFP_00060	0
LDKALFFP_00061	6
LDKALFFP_00062	2
LDKALFFP_00063	0
LDKALFFP_00064	3
LDKALFFP_00065	3
LDKALFFP_00066	1
LDKALFFP_00067	0
LDKALFFP_00068	0
LDKALFFP_00069	0
LDKALFFP_00070	0
LDKALFFP_00071	1
LDKALFFP_00072	25
LDKALFFP_00073	0
LDKALFFP_00074	0
LDKALFFP_00075	0
LDKALFFP_00076	0
LDKALFFP_00077	0
LDKALFFP_00078	0
LDKALFFP_00079	0
LDKALFFP_00080	0
LDKALFFP_00081	1
LDKALFFP_00082	1
LDKALFFP_00083	0
LDKALFFP_00084	0
LDKALFFP_00085	1
LDKALFFP_00086	1
LDKALFFP_00087	0
LDKALFFP_00088	1
LDKALFFP_00089	0
LDKALFFP_00090	0
LDKALFFP_00091	0
LDKALFFP_00092	7
LDKALFFP_00093	9
LDKALFFP_00094	3
LDKALFFP_00095	0
LDKALFFP_00096	0
LDKALFFP_00097	0
LDKALFFP_00098	1
LDKALFFP_00099	31
LDKALFFP_00100	0
LDKALFFP_00101	0
LDKALFFP_00102	0
LDKALFFP_00103	5
LDKALFFP_00104	0
LDKALFFP_00105	0
LDKALFFP_00106	0
LDKALFFP_00107	2
LDKALFFP_00108	0
LDKALFFP_00109	0
LDKALFFP_00110	0
LDKALFFP_00111	0
LDKALFFP_00112	0
LDKALFFP_00113	0
LDKALFFP_00114	0
LDKALFFP_00115	1
LDKALFFP_00116	3
LDKALFFP_00117	0
LDKALFFP_00118	0
LDKALFFP_00119	0
LDKALFFP_00120	4
LDKALFFP_00121	1
LDKALFFP_00122	0
LDKALFFP_00123	0
LDKALFFP_00124	0
LDKALFFP_00125	2
LDKALFFP_00126	2
LDKALFFP_00127	1
LDKALFFP_00128	3
LDKALFFP_00129	0
LDKALFFP_00130	0
LDKALFFP_00131	0
LDKALFFP_00132	1
LDKALFFP_00133	0
LDKALFFP_00134	2
LDKALFFP_00135	2
LDKALFFP_00136	0
LDKALFFP_00137	0
LDKALFFP_00138	1
LDKALFFP_00139	1
LDKALFFP_00140	0
LDKALFFP_00141	2
LDKALFFP_00142	0
LDKALFFP_00143	2
LDKALFFP_00144	1
LDKALFFP_00145	0
LDKALFFP_00146	4
LDKALFFP_00147	1
LDKALFFP_00148	0
LDKALFFP_00149	0
LDKALFFP_00150	0
LDKALFFP_00151	0
LDKALFFP_00152	0
LDKALFFP_00153	6
LDKALFFP_00154	0
LDKALFFP_00155	1
LDKALFFP_00156	0
LDKALFFP_00157	0
LDKALFFP_00158	0
LDKALFFP_00159	4
LDKALFFP_00160	0
LDKALFFP_00161	0
LDKALFFP_00162	0
LDKALFFP_00163	0
LDKALFFP_00164	0
LDKALFFP_00165	0
LDKALFFP_00166	6
LDKALFFP_00167	0
LDKALFFP_00168	4
LDKALFFP_00170	1
LDKALFFP_00171	0
LDKALFFP_00172	0
LDKALFFP_00173	1
LDKALFFP_00174	0
LDKALFFP_00175	2
LDKALFFP_00176	0
LDKALFFP_00177	0
LDKALFFP_00178	3
LDKALFFP_00179	12
LDKALFFP_00180	0
LDKALFFP_00181	0
LDKALFFP_00182	4
LDKALFFP_00183	1
LDKALFFP_00184	0
LDKALFFP_00185	1
LDKALFFP_00186	13
LDKALFFP_00187	1
LDKALFFP_00188	0
LDKALFFP_00189	0
LDKALFFP_00190	0
LDKALFFP_00191	0
LDKALFFP_00192	1
LDKALFFP_00193	5
LDKALFFP_00194	0
LDKALFFP_00195	2
LDKALFFP_00196	1
LDKALFFP_00197	0
LDKALFFP_00198	0
LDKALFFP_00199	1
LDKALFFP_00200	0
LDKALFFP_00201	0
LDKALFFP_00202	0
LDKALFFP_00203	2
LDKALFFP_00204	1
LDKALFFP_00205	4
LDKALFFP_00206	1
LDKALFFP_00207	3
LDKALFFP_00208	0
LDKALFFP_00209	2
LDKALFFP_00210	2
LDKALFFP_00211	0
LDKALFFP_00212	0
LDKALFFP_00213	0
LDKALFFP_00214	1
LDKALFFP_00215	0
LDKALFFP_00216	0
LDKALFFP_00217	0
LDKALFFP_00218	0
LDKALFFP_00219	5
LDKALFFP_00220	6
LDKALFFP_00221	0
LDKALFFP_00222	0
LDKALFFP_00223	0
LDKALFFP_00224	1
LDKALFFP_00225	0
LDKALFFP_00226	0
LDKALFFP_00227	1
LDKALFFP_00228	0
LDKALFFP_00229	0
LDKALFFP_00230	6
LDKALFFP_00231	0
LDKALFFP_00232	2
LDKALFFP_00233	0
LDKALFFP_00234	3
LDKALFFP_00235	1
LDKALFFP_00236	3
LDKALFFP_00237	0
LDKALFFP_00238	1
LDKALFFP_00239	18
LDKALFFP_00240	1
LDKALFFP_00241	0
LDKALFFP_00242	1
LDKALFFP_00243	0
LDKALFFP_00244	0
LDKALFFP_00245	0
LDKALFFP_00246	0
LDKALFFP_00247	2
LDKALFFP_00248	1
LDKALFFP_00249	2
LDKALFFP_00250	4
LDKALFFP_00251	0
LDKALFFP_00252	0
LDKALFFP_00253	2
LDKALFFP_00254	0
LDKALFFP_00255	1
LDKALFFP_00256	1
LDKALFFP_00257	0
LDKALFFP_00258	1
LDKALFFP_00259	25
LDKALFFP_00260	0
LDKALFFP_00261	0
LDKALFFP_00262	0
LDKALFFP_00263	5
LDKALFFP_00264	0
LDKALFFP_00265	1
LDKALFFP_00266	0
LDKALFFP_00267	8
LDKALFFP_00268	0
LDKALFFP_00269	2
LDKALFFP_00270	2
LDKALFFP_00271	1
LDKALFFP_00272	2
LDKALFFP_00273	4
LDKALFFP_00274	0
LDKALFFP_00275	0
LDKALFFP_00276	0
LDKALFFP_00277	8
LDKALFFP_00278	3
LDKALFFP_00279	0
LDKALFFP_00280	1
LDKALFFP_00281	0
LDKALFFP_00282	1
LDKALFFP_00283	0
LDKALFFP_00284	1
LDKALFFP_00285	0
LDKALFFP_00286	14
LDKALFFP_00287	0
LDKALFFP_00288	0
LDKALFFP_00289	5
LDKALFFP_00290	0
LDKALFFP_00291	7
LDKALFFP_00292	2
LDKALFFP_00293	1
LDKALFFP_00294	5
LDKALFFP_00295	0
LDKALFFP_00296	0
LDKALFFP_00297	4
LDKALFFP_00298	1
LDKALFFP_00299	0
LDKALFFP_00300	0
LDKALFFP_00301	0
LDKALFFP_00302	1
LDKALFFP_00303	1
LDKALFFP_00304	0
LDKALFFP_00305	1
LDKALFFP_00306	0
LDKALFFP_00307	0
LDKALFFP_00308	0
LDKALFFP_00309	0
LDKALFFP_00310	0
LDKALFFP_00311	3
LDKALFFP_00312	0
LDKALFFP_00313	0
LDKALFFP_00314	1
LDKALFFP_00315	1
LDKALFFP_00316	10
LDKALFFP_00317	0
LDKALFFP_00318	0
LDKALFFP_00319	1
LDKALFFP_00320	0
LDKALFFP_00321	0
LDKALFFP_00322	4
LDKALFFP_00323	2
LDKALFFP_00324	3
LDKALFFP_00325	3
LDKALFFP_00326	0
LDKALFFP_00327	0
LDKALFFP_00328	8
LDKALFFP_00329	0
LDKALFFP_00330	0
LDKALFFP_00331	0
LDKALFFP_00332	0
LDKALFFP_00333	1
LDKALFFP_00334	6
LDKALFFP_00335	43
LDKALFFP_00336	10
LDKALFFP_00337	1
LDKALFFP_00338	0
LDKALFFP_00339	0
LDKALFFP_00340	0
LDKALFFP_00341	0
LDKALFFP_00342	6
LDKALFFP_00343	0
LDKALFFP_00344	1
LDKALFFP_00345	0
LDKALFFP_00346	1
LDKALFFP_00347	0
LDKALFFP_00348	0
LDKALFFP_00349	4
LDKALFFP_00350	2
LDKALFFP_00351	15
LDKALFFP_00352	0
LDKALFFP_00353	0
LDKALFFP_00354	0
LDKALFFP_00355	0
LDKALFFP_00356	0
LDKALFFP_00357	0
LDKALFFP_00358	0
LDKALFFP_00359	5
LDKALFFP_00360	0
LDKALFFP_00361	1
LDKALFFP_00362	0
LDKALFFP_00363	1
LDKALFFP_00364	2
LDKALFFP_00365	0
LDKALFFP_00366	0
LDKALFFP_00367	2
LDKALFFP_00368	8
LDKALFFP_00369	1
LDKALFFP_00370	0
LDKALFFP_00371	0
LDKALFFP_00372	0
LDKALFFP_00373	0
LDKALFFP_00374	0
LDKALFFP_00375	0
LDKALFFP_00376	0
LDKALFFP_00377	2
LDKALFFP_00378	0
LDKALFFP_00379	0
LDKALFFP_00380	0
LDKALFFP_00381	0
LDKALFFP_00382	0
LDKALFFP_00383	0
LDKALFFP_00384	0
LDKALFFP_00385	0
LDKALFFP_00386	0
LDKALFFP_00387	1
LDKALFFP_00388	0
LDKALFFP_00389	0
LDKALFFP_00390	0
LDKALFFP_00391	0
LDKALFFP_00392	2
LDKALFFP_00393	0
LDKALFFP_00394	1
LDKALFFP_00395	0
LDKALFFP_00396	0
LDKALFFP_00397	0
LDKALFFP_00398	0
LDKALFFP_00399	0
LDKALFFP_00400	7
LDKALFFP_00401	0
LDKALFFP_00402	0
LDKALFFP_00403	1
LDKALFFP_00404	0
LDKALFFP_00405	0
LDKALFFP_00406	0
LDKALFFP_00407	3
LDKALFFP_00408	12
LDKALFFP_00409	0
LDKALFFP_00410	0
LDKALFFP_00411	0
LDKALFFP_00412	4
LDKALFFP_00413	1
LDKALFFP_00414	1
LDKALFFP_00415	1
LDKALFFP_00416	8
LDKALFFP_00417	0
LDKALFFP_00418	0
LDKALFFP_00419	1
LDKALFFP_00420	0
LDKALFFP_00421	1
LDKALFFP_00422	2
LDKALFFP_00423	0
LDKALFFP_00424	0
LDKALFFP_00425	0
LDKALFFP_00426	2
LDKALFFP_00427	2
LDKALFFP_00428	0
LDKALFFP_00429	5
LDKALFFP_00430	5
LDKALFFP_00431	0
LDKALFFP_00432	0
LDKALFFP_00433	0
LDKALFFP_00434	0
LDKALFFP_00435	6
LDKALFFP_00436	4
LDKALFFP_00437	1
LDKALFFP_00438	0
LDKALFFP_00439	2
LDKALFFP_00440	0
LDKALFFP_00441	1
LDKALFFP_00442	1
LDKALFFP_00443	0
LDKALFFP_00444	2
LDKALFFP_00445	4
LDKALFFP_00446	0
LDKALFFP_00447	2
LDKALFFP_00448	4
LDKALFFP_00449	0
LDKALFFP_00450	2
LDKALFFP_00451	6
LDKALFFP_00452	2
LDKALFFP_00453	0
LDKALFFP_00454	0
LDKALFFP_00455	0
LDKALFFP_00456	6
LDKALFFP_00457	0
LDKALFFP_00458	0
LDKALFFP_00459	0
LDKALFFP_00460	1
LDKALFFP_00461	0
LDKALFFP_00462	0
LDKALFFP_00463	2
LDKALFFP_00464	4
LDKALFFP_00465	0
LDKALFFP_00466	0
LDKALFFP_00467	0
LDKALFFP_00468	2
LDKALFFP_00469	0
LDKALFFP_00470	0
LDKALFFP_00471	0
LDKALFFP_00472	1
LDKALFFP_00473	4
LDKALFFP_00474	3
LDKALFFP_00475	4
LDKALFFP_00476	0
LDKALFFP_00477	1
LDKALFFP_00478	1
LDKALFFP_00479	3
LDKALFFP_00480	1
LDKALFFP_00481	0
LDKALFFP_00482	0
LDKALFFP_00483	3
LDKALFFP_00484	0
LDKALFFP_00485	4
LDKALFFP_00486	0
LDKALFFP_00487	6
LDKALFFP_00488	3
LDKALFFP_00489	1
LDKALFFP_00490	0
LDKALFFP_00491	2
LDKALFFP_00492	0
LDKALFFP_00493	0
LDKALFFP_00494	8
LDKALFFP_00495	11
LDKALFFP_00496	14
LDKALFFP_00497	0
LDKALFFP_00498	1
LDKALFFP_00499	0
LDKALFFP_00500	6
LDKALFFP_00501	1
LDKALFFP_00502	2
LDKALFFP_00503	28
LDKALFFP_00504	1
LDKALFFP_00505	0
LDKALFFP_00506	0
LDKALFFP_00507	0
LDKALFFP_00508	1
LDKALFFP_00509	0
LDKALFFP_00510	0
LDKALFFP_00511	2
LDKALFFP_00512	0
LDKALFFP_00513	1
LDKALFFP_00514	0
LDKALFFP_00515	0
LDKALFFP_00516	0
LDKALFFP_00517	43
LDKALFFP_00518	4
LDKALFFP_00519	0
LDKALFFP_00520	0
LDKALFFP_00521	0
LDKALFFP_00522	9
LDKALFFP_00523	2
LDKALFFP_00524	1
LDKALFFP_00525	3
LDKALFFP_00526	0
LDKALFFP_00527	4
LDKALFFP_00528	4
LDKALFFP_00529	0
LDKALFFP_00530	0
LDKALFFP_00531	0
LDKALFFP_00532	2
LDKALFFP_00533	0
LDKALFFP_00534	0
LDKALFFP_00535	0
LDKALFFP_00536	1
LDKALFFP_00537	0
LDKALFFP_00538	0
LDKALFFP_00539	0
LDKALFFP_00540	4
LDKALFFP_00541	0
LDKALFFP_00542	0
LDKALFFP_00543	0
LDKALFFP_00544	1
LDKALFFP_00545	1
LDKALFFP_00546	0
LDKALFFP_00547	0
LDKALFFP_00548	1
LDKALFFP_00549	0
LDKALFFP_00550	4
LDKALFFP_00551	0
LDKALFFP_00552	0
LDKALFFP_00553	0
LDKALFFP_00554	0
LDKALFFP_00555	1
LDKALFFP_00556	0
LDKALFFP_00557	0
LDKALFFP_00558	0
LDKALFFP_00559	0
LDKALFFP_00560	0
LDKALFFP_00561	3
LDKALFFP_00562	0
LDKALFFP_00563	0
LDKALFFP_00564	0
LDKALFFP_00565	1
LDKALFFP_00566	6
LDKALFFP_00567	6
LDKALFFP_00568	2
LDKALFFP_00569	0
LDKALFFP_00570	0
LDKALFFP_00571	0
LDKALFFP_00572	0
LDKALFFP_00573	0
LDKALFFP_00574	2
LDKALFFP_00575	1
LDKALFFP_00576	0
LDKALFFP_00577	4
LDKALFFP_00578	0
LDKALFFP_00579	1
LDKALFFP_00580	2
LDKALFFP_00581	0
LDKALFFP_00582	4
LDKALFFP_00583	0
LDKALFFP_00584	0
LDKALFFP_00585	0
LDKALFFP_00586	0
LDKALFFP_00587	0
LDKALFFP_00588	10
LDKALFFP_00589	0
LDKALFFP_00590	3
LDKALFFP_00591	2
LDKALFFP_00592	1
LDKALFFP_00593	0
LDKALFFP_00594	0
LDKALFFP_00595	2
LDKALFFP_00596	0
LDKALFFP_00597	0
LDKALFFP_00598	0
LDKALFFP_00599	4
LDKALFFP_00600	13
LDKALFFP_00601	1
LDKALFFP_00602	1
LDKALFFP_00603	3
LDKALFFP_00604	4
LDKALFFP_00605	2
LDKALFFP_00606	4
LDKALFFP_00607	6
LDKALFFP_00608	17
LDKALFFP_00609	0
LDKALFFP_00610	0
LDKALFFP_00611	0
LDKALFFP_00612	3
LDKALFFP_00613	1
LDKALFFP_00614	0
LDKALFFP_00615	4
LDKALFFP_00616	0
LDKALFFP_00617	0
LDKALFFP_00619	0
LDKALFFP_00620	0
LDKALFFP_00621	0
LDKALFFP_00622	0
LDKALFFP_00623	4
LDKALFFP_00624	1
LDKALFFP_00625	2
LDKALFFP_00626	0
LDKALFFP_00627	0
LDKALFFP_00628	1
LDKALFFP_00629	0
LDKALFFP_00630	3
LDKALFFP_00631	1
LDKALFFP_00632	1
LDKALFFP_00633	1
LDKALFFP_00634	0
LDKALFFP_00635	0
LDKALFFP_00636	0
LDKALFFP_00637	0
LDKALFFP_00638	2
LDKALFFP_00639	0
LDKALFFP_00640	0
LDKALFFP_00641	0
LDKALFFP_00642	2
LDKALFFP_00643	3
LDKALFFP_00645	1
LDKALFFP_00646	0
LDKALFFP_00647	6
LDKALFFP_00648	2
LDKALFFP_00649	2
LDKALFFP_00650	7
LDKALFFP_00651	0
LDKALFFP_00652	1
LDKALFFP_00653	0
LDKALFFP_00654	0
LDKALFFP_00655	2
LDKALFFP_00656	2
LDKALFFP_00657	6
LDKALFFP_00658	7
LDKALFFP_00659	0
LDKALFFP_00660	0
LDKALFFP_00661	1
LDKALFFP_00662	0
LDKALFFP_00663	1
LDKALFFP_00664	1
LDKALFFP_00665	2
LDKALFFP_00666	0
LDKALFFP_00667	4
LDKALFFP_00668	0
LDKALFFP_00669	2
LDKALFFP_00670	6
LDKALFFP_00671	0
LDKALFFP_00672	2
LDKALFFP_00673	1
LDKALFFP_00674	3
LDKALFFP_00675	0
LDKALFFP_00676	2
LDKALFFP_00677	0
LDKALFFP_00678	2
LDKALFFP_00679	1
LDKALFFP_00680	0
LDKALFFP_00681	4
LDKALFFP_00682	0
LDKALFFP_00683	0
LDKALFFP_00684	0
LDKALFFP_00685	3
LDKALFFP_00686	0
LDKALFFP_00687	0
LDKALFFP_00688	0
LDKALFFP_00689	1
LDKALFFP_00690	0
LDKALFFP_00691	0
LDKALFFP_00692	0
LDKALFFP_00693	0
LDKALFFP_00694	1
LDKALFFP_00695	0
LDKALFFP_00696	4
LDKALFFP_00697	0
LDKALFFP_00698	14
LDKALFFP_00699	0
LDKALFFP_00700	0
LDKALFFP_00701	0
LDKALFFP_00702	0
LDKALFFP_00703	0
LDKALFFP_00704	0
LDKALFFP_00705	0
LDKALFFP_00706	0
LDKALFFP_00707	2
LDKALFFP_00708	0
LDKALFFP_00709	9
LDKALFFP_00710	47
LDKALFFP_00711	0
LDKALFFP_00712	0
LDKALFFP_00713	0
LDKALFFP_00714	5
LDKALFFP_00715	0
LDKALFFP_00716	1
LDKALFFP_00717	1
LDKALFFP_00718	0
LDKALFFP_00719	1
LDKALFFP_00720	0
LDKALFFP_00721	0
LDKALFFP_00722	0
LDKALFFP_00723	0
LDKALFFP_00724	0
LDKALFFP_00725	10
LDKALFFP_00726	1
LDKALFFP_00727	2
LDKALFFP_00728	2
LDKALFFP_00729	4
LDKALFFP_00730	5
LDKALFFP_00731	0
LDKALFFP_00732	0
LDKALFFP_00733	2
LDKALFFP_00734	0
LDKALFFP_00735	1
LDKALFFP_00736	1
LDKALFFP_00737	0
LDKALFFP_00738	0
LDKALFFP_00739	0
LDKALFFP_00740	0
LDKALFFP_00741	0
LDKALFFP_00742	1
LDKALFFP_00743	1
LDKALFFP_00744	0
LDKALFFP_00745	1
LDKALFFP_00746	0
LDKALFFP_00747	5
LDKALFFP_00748	0
LDKALFFP_00749	0
LDKALFFP_00750	1
LDKALFFP_00751	1
LDKALFFP_00752	0
LDKALFFP_00753	6
LDKALFFP_00754	1
LDKALFFP_00755	0
LDKALFFP_00756	0
LDKALFFP_00757	0
LDKALFFP_00758	0
LDKALFFP_00759	6
LDKALFFP_00760	0
LDKALFFP_00761	3
LDKALFFP_00762	2
LDKALFFP_00763	3
LDKALFFP_00764	0
LDKALFFP_00765	0
LDKALFFP_00766	2
LDKALFFP_00767	0
LDKALFFP_00768	0
LDKALFFP_00769	6
LDKALFFP_00770	3
LDKALFFP_00771	4
LDKALFFP_00772	1
LDKALFFP_00773	1
LDKALFFP_00774	0
LDKALFFP_00775	2
LDKALFFP_00776	0
LDKALFFP_00777	4
LDKALFFP_00778	3
LDKALFFP_00779	2
LDKALFFP_00780	0
LDKALFFP_00781	0
LDKALFFP_00782	0
LDKALFFP_00783	1
LDKALFFP_00784	5
LDKALFFP_00785	3
LDKALFFP_00786	0
LDKALFFP_00787	3
LDKALFFP_00788	0
LDKALFFP_00789	1
LDKALFFP_00790	0
LDKALFFP_00791	7
LDKALFFP_00792	0
LDKALFFP_00793	0
LDKALFFP_00794	0
LDKALFFP_00795	3
LDKALFFP_00796	0
LDKALFFP_00797	0
LDKALFFP_00798	2
LDKALFFP_00799	2
LDKALFFP_00800	0
LDKALFFP_00801	0
LDKALFFP_00802	1
LDKALFFP_00803	0
LDKALFFP_00804	3
LDKALFFP_00805	0
LDKALFFP_00806	2
LDKALFFP_00807	0
LDKALFFP_00808	5
LDKALFFP_00809	6
LDKALFFP_00810	7
LDKALFFP_00811	0
LDKALFFP_00812	1
LDKALFFP_00813	0
LDKALFFP_00814	0
LDKALFFP_00815	1
LDKALFFP_00816	0
LDKALFFP_00817	0
LDKALFFP_00818	1
LDKALFFP_00819	0
LDKALFFP_00820	8
LDKALFFP_00821	2
LDKALFFP_00822	3
LDKALFFP_00823	0
LDKALFFP_00824	3
LDKALFFP_00825	0
LDKALFFP_00826	3
LDKALFFP_00827	1
LDKALFFP_00828	0
LDKALFFP_00829	0
LDKALFFP_00830	0
LDKALFFP_00831	0
LDKALFFP_00832	0
LDKALFFP_00833	3
LDKALFFP_00834	0
LDKALFFP_00835	2
LDKALFFP_00836	5
LDKALFFP_00837	1
LDKALFFP_00838	0
LDKALFFP_00839	0
LDKALFFP_00840	3
LDKALFFP_00842	1
LDKALFFP_00843	3
LDKALFFP_00844	0
LDKALFFP_00845	0
LDKALFFP_00846	41
LDKALFFP_00847	0
LDKALFFP_00848	0
LDKALFFP_00849	0
LDKALFFP_00850	1
LDKALFFP_00851	4
LDKALFFP_00852	0
LDKALFFP_00853	0
LDKALFFP_00854	1
LDKALFFP_00855	3
LDKALFFP_00856	0
LDKALFFP_00857	0
LDKALFFP_00858	0
LDKALFFP_00859	0
LDKALFFP_00860	8
LDKALFFP_00861	0
LDKALFFP_00862	0
LDKALFFP_00863	0
LDKALFFP_00864	0
LDKALFFP_00865	3
LDKALFFP_00866	19
LDKALFFP_00867	2
LDKALFFP_00868	0
LDKALFFP_00869	3
LDKALFFP_00870	0
LDKALFFP_00871	0
LDKALFFP_00872	0
LDKALFFP_00873	0
LDKALFFP_00874	0
LDKALFFP_00875	0
LDKALFFP_00876	2
LDKALFFP_00877	6
LDKALFFP_00878	4
LDKALFFP_00879	0
LDKALFFP_00880	0
LDKALFFP_00881	0
LDKALFFP_00882	0
LDKALFFP_00883	0
LDKALFFP_00884	0
LDKALFFP_00885	0
LDKALFFP_00886	0
LDKALFFP_00887	4
LDKALFFP_00888	2
LDKALFFP_00889	10
LDKALFFP_00890	7
LDKALFFP_00891	2
LDKALFFP_00892	2
LDKALFFP_00893	0
LDKALFFP_00894	0
LDKALFFP_00895	27
LDKALFFP_00896	0
LDKALFFP_00897	0
LDKALFFP_00898	0
LDKALFFP_00899	2
LDKALFFP_00900	1
LDKALFFP_00901	2
LDKALFFP_00902	0
LDKALFFP_00903	15
LDKALFFP_00904	8
LDKALFFP_00905	0
LDKALFFP_00906	1
LDKALFFP_00907	2
LDKALFFP_00908	0
LDKALFFP_00909	1
LDKALFFP_00910	1
LDKALFFP_00911	0
LDKALFFP_00912	0
LDKALFFP_00913	0
LDKALFFP_00914	0
LDKALFFP_00915	0
LDKALFFP_00916	0
LDKALFFP_00917	0
LDKALFFP_00918	0
LDKALFFP_00919	0
LDKALFFP_00920	0
LDKALFFP_00921	7
LDKALFFP_00922	0
LDKALFFP_00923	8
LDKALFFP_00924	0
LDKALFFP_00925	0
LDKALFFP_00926	4
LDKALFFP_00927	0
LDKALFFP_00928	1
LDKALFFP_00929	19
LDKALFFP_00930	4
LDKALFFP_00931	9
LDKALFFP_00932	0
LDKALFFP_00933	1
LDKALFFP_00934	0
LDKALFFP_00935	0
LDKALFFP_00936	5
LDKALFFP_00937	0
LDKALFFP_00938	0
LDKALFFP_00939	0
LDKALFFP_00940	0
LDKALFFP_00941	0
LDKALFFP_00942	0
LDKALFFP_00943	0
LDKALFFP_00944	0
LDKALFFP_00945	1
LDKALFFP_00946	3
LDKALFFP_00948	1
LDKALFFP_00949	5
LDKALFFP_00950	4
LDKALFFP_00951	4
LDKALFFP_00952	0
LDKALFFP_00953	1
LDKALFFP_00954	1
LDKALFFP_00955	1
LDKALFFP_00956	0
LDKALFFP_00957	0
LDKALFFP_00958	0
LDKALFFP_00959	4
LDKALFFP_00960	0
LDKALFFP_00961	2
LDKALFFP_00962	0
LDKALFFP_00963	3
LDKALFFP_00964	1
LDKALFFP_00965	0
LDKALFFP_00966	2
LDKALFFP_00967	2
LDKALFFP_00968	0
LDKALFFP_00969	0
LDKALFFP_00970	2
LDKALFFP_00971	3
LDKALFFP_00972	3
LDKALFFP_00973	2
LDKALFFP_00974	0
LDKALFFP_00975	0
LDKALFFP_00976	1
LDKALFFP_00977	0
LDKALFFP_00978	1
LDKALFFP_00979	1
LDKALFFP_00980	14
LDKALFFP_00981	7
LDKALFFP_00982	2
LDKALFFP_00983	33
LDKALFFP_00984	8
LDKALFFP_00985	27
LDKALFFP_00986	2
LDKALFFP_00987	1
LDKALFFP_00988	1
LDKALFFP_00989	0
LDKALFFP_00990	2
LDKALFFP_00991	0
LDKALFFP_00992	0
LDKALFFP_00993	4
LDKALFFP_00994	0
LDKALFFP_00995	3
LDKALFFP_00996	0
LDKALFFP_00997	0
LDKALFFP_00998	3
LDKALFFP_00999	0
LDKALFFP_01000	0
LDKALFFP_01001	0
LDKALFFP_01002	0
LDKALFFP_01003	0
LDKALFFP_01004	0
LDKALFFP_01005	0
LDKALFFP_01006	0
LDKALFFP_01007	1
LDKALFFP_01008	1
LDKALFFP_01009	1
LDKALFFP_01010	2
LDKALFFP_01011	0
LDKALFFP_01012	0
LDKALFFP_01013	0
LDKALFFP_01014	0
LDKALFFP_01015	0
LDKALFFP_01016	4
LDKALFFP_01017	1
LDKALFFP_01018	0
LDKALFFP_01019	0
LDKALFFP_01020	1
LDKALFFP_01021	1
LDKALFFP_01022	10
LDKALFFP_01023	0
LDKALFFP_01024	1
LDKALFFP_01025	1
LDKALFFP_01026	0
LDKALFFP_01027	0
LDKALFFP_01028	2
LDKALFFP_01029	0
LDKALFFP_01030	3
LDKALFFP_01031	0
LDKALFFP_01032	3
LDKALFFP_01033	1
LDKALFFP_01034	1
LDKALFFP_01035	0
LDKALFFP_01036	5
LDKALFFP_01037	0
LDKALFFP_01038	1
LDKALFFP_01039	4
LDKALFFP_01040	0
LDKALFFP_01041	0
LDKALFFP_01042	0
LDKALFFP_01043	1
LDKALFFP_01044	1
LDKALFFP_01045	3
LDKALFFP_01046	0
LDKALFFP_01047	0
LDKALFFP_01048	0
LDKALFFP_01049	0
LDKALFFP_01050	2
LDKALFFP_01051	0
LDKALFFP_01052	5
LDKALFFP_01053	1
LDKALFFP_01054	4
LDKALFFP_01055	0
LDKALFFP_01056	4
LDKALFFP_01057	4
LDKALFFP_01058	4
LDKALFFP_01059	6
LDKALFFP_01060	2
LDKALFFP_01061	4
LDKALFFP_01062	0
LDKALFFP_01063	0
LDKALFFP_01064	1
LDKALFFP_01065	24
LDKALFFP_01066	6
LDKALFFP_01067	0
LDKALFFP_01068	0
LDKALFFP_01069	1
LDKALFFP_01070	1
LDKALFFP_01071	0
LDKALFFP_01072	2
LDKALFFP_01073	4
LDKALFFP_01074	1
LDKALFFP_01075	0
LDKALFFP_01076	7
LDKALFFP_01077	0
LDKALFFP_01078	0
LDKALFFP_01079	8
LDKALFFP_01080	10
LDKALFFP_01081	1
LDKALFFP_01082	3
LDKALFFP_01083	9
LDKALFFP_01084	3
LDKALFFP_01085	0
LDKALFFP_01086	0
LDKALFFP_01087	1
LDKALFFP_01088	3
LDKALFFP_01089	0
LDKALFFP_01090	0
LDKALFFP_01092	0
LDKALFFP_01093	2
LDKALFFP_01094	0
LDKALFFP_01095	22
LDKALFFP_01096	0
LDKALFFP_01097	0
LDKALFFP_01098	1
LDKALFFP_01099	3
LDKALFFP_01100	7
LDKALFFP_01101	10
LDKALFFP_01102	6
LDKALFFP_01103	3
LDKALFFP_01104	3
LDKALFFP_01105	0
LDKALFFP_01106	0
LDKALFFP_01107	3
LDKALFFP_01108	2
LDKALFFP_01109	5
LDKALFFP_01110	2
LDKALFFP_01111	1
LDKALFFP_01112	1
LDKALFFP_01113	0
LDKALFFP_01114	0
LDKALFFP_01115	5
LDKALFFP_01116	0
LDKALFFP_01117	3
LDKALFFP_01118	0
LDKALFFP_01119	0
LDKALFFP_01120	0
LDKALFFP_01121	2
LDKALFFP_01122	2
LDKALFFP_01123	1
LDKALFFP_01124	24
LDKALFFP_01125	0
LDKALFFP_01126	0
LDKALFFP_01127	2
LDKALFFP_01128	1
LDKALFFP_01129	0
LDKALFFP_01130	0
LDKALFFP_01131	0
LDKALFFP_01132	0
LDKALFFP_01133	1
LDKALFFP_01134	0
LDKALFFP_01135	3
LDKALFFP_01136	0
LDKALFFP_01137	0
LDKALFFP_01138	1
LDKALFFP_01139	2
LDKALFFP_01140	3
LDKALFFP_01141	2
LDKALFFP_01142	3
LDKALFFP_01143	2
LDKALFFP_01144	1
LDKALFFP_01145	1
LDKALFFP_01146	16
LDKALFFP_01147	0
LDKALFFP_01148	0
LDKALFFP_01149	0
LDKALFFP_01150	3
LDKALFFP_01151	0
LDKALFFP_01152	2
LDKALFFP_01153	0
LDKALFFP_01154	2
LDKALFFP_01155	0
LDKALFFP_01156	0
LDKALFFP_01157	0
LDKALFFP_01158	0
LDKALFFP_01159	2
LDKALFFP_01160	1
LDKALFFP_01161	0
LDKALFFP_01162	0
LDKALFFP_01163	1
LDKALFFP_01164	0
LDKALFFP_01165	10
LDKALFFP_01166	2
LDKALFFP_01167	1
LDKALFFP_01168	13
LDKALFFP_01169	1
LDKALFFP_01170	2
LDKALFFP_01171	4
LDKALFFP_01176	0
LDKALFFP_01177	0
LDKALFFP_01178	4
LDKALFFP_01179	0
LDKALFFP_01180	0
LDKALFFP_01181	0
LDKALFFP_01182	0
LDKALFFP_01183	0
LDKALFFP_01184	3
LDKALFFP_01185	2
LDKALFFP_01186	4
LDKALFFP_01187	2
LDKALFFP_01188	2
LDKALFFP_01189	0
LDKALFFP_01190	4
LDKALFFP_01191	1
LDKALFFP_01192	4
LDKALFFP_01193	0
LDKALFFP_01194	0
LDKALFFP_01195	0
LDKALFFP_01196	3
LDKALFFP_01197	30
LDKALFFP_01198	3
LDKALFFP_01199	0
LDKALFFP_01200	0
LDKALFFP_01201	0
LDKALFFP_01202	0
LDKALFFP_01203	0
LDKALFFP_01204	0
LDKALFFP_01205	0
LDKALFFP_01206	0
LDKALFFP_01207	0
LDKALFFP_01208	0
LDKALFFP_01209	7
LDKALFFP_01210	1
LDKALFFP_01211	0
LDKALFFP_01212	0
LDKALFFP_01213	1
LDKALFFP_01214	5
LDKALFFP_01215	1
LDKALFFP_01216	11
LDKALFFP_01217	3
LDKALFFP_01218	0
LDKALFFP_01219	0
LDKALFFP_01220	18
LDKALFFP_01221	0
LDKALFFP_01222	0
LDKALFFP_01223	4
LDKALFFP_01224	0
LDKALFFP_01225	9
LDKALFFP_01226	0
LDKALFFP_01227	20
LDKALFFP_01228	2
LDKALFFP_01229	0
LDKALFFP_01230	0
LDKALFFP_01231	0
LDKALFFP_01232	2
LDKALFFP_01233	0
LDKALFFP_01234	0
LDKALFFP_01235	3
LDKALFFP_01236	0
LDKALFFP_01237	1
LDKALFFP_01238	0
LDKALFFP_01239	0
LDKALFFP_01240	1
LDKALFFP_01241	1
LDKALFFP_01242	0
LDKALFFP_01243	0
LDKALFFP_01244	2
LDKALFFP_01245	0
LDKALFFP_01246	0
LDKALFFP_01247	0
LDKALFFP_01248	3
LDKALFFP_01249	13
LDKALFFP_01250	0
LDKALFFP_01251	0
LDKALFFP_01252	1
LDKALFFP_01253	0
LDKALFFP_01254	0
LDKALFFP_01255	0
LDKALFFP_01256	0
LDKALFFP_01257	1
LDKALFFP_01258	4
LDKALFFP_01259	3
LDKALFFP_01260	0
LDKALFFP_01261	0
LDKALFFP_01262	0
LDKALFFP_01263	0
LDKALFFP_01264	0
LDKALFFP_01265	0
LDKALFFP_01266	1
LDKALFFP_01267	1
LDKALFFP_01268	0
LDKALFFP_01269	0
LDKALFFP_01270	0
LDKALFFP_01271	1
LDKALFFP_01272	0
LDKALFFP_01273	0
LDKALFFP_01274	0
LDKALFFP_01275	1
LDKALFFP_01276	1
LDKALFFP_01277	0
LDKALFFP_01278	1
LDKALFFP_01279	1
LDKALFFP_01280	0
LDKALFFP_01281	1
LDKALFFP_01282	0
LDKALFFP_01283	1
LDKALFFP_01284	1
LDKALFFP_01285	0
LDKALFFP_01286	1
LDKALFFP_01287	5
LDKALFFP_01288	0
LDKALFFP_01289	0
LDKALFFP_01290	4
LDKALFFP_01291	11
LDKALFFP_01292	3
LDKALFFP_01293	2
LDKALFFP_01294	1
LDKALFFP_01295	0
LDKALFFP_01296	0
LDKALFFP_01297	7
LDKALFFP_01298	1
LDKALFFP_01299	1
LDKALFFP_01300	4
LDKALFFP_01301	0
LDKALFFP_01302	0
LDKALFFP_01303	0
LDKALFFP_01304	3
LDKALFFP_01305	5
LDKALFFP_01306	4
LDKALFFP_01307	1
LDKALFFP_01308	1
LDKALFFP_01309	13
LDKALFFP_01310	3
LDKALFFP_01311	2
LDKALFFP_01312	0
LDKALFFP_01313	1
LDKALFFP_01314	5
LDKALFFP_01315	3
LDKALFFP_01316	0
LDKALFFP_01317	9
LDKALFFP_01318	3
LDKALFFP_01319	0
LDKALFFP_01320	2
LDKALFFP_01321	0
LDKALFFP_01322	3
LDKALFFP_01323	2
LDKALFFP_01324	0
LDKALFFP_01325	0
LDKALFFP_01326	2
LDKALFFP_01327	0
LDKALFFP_01328	0
LDKALFFP_01329	0
LDKALFFP_01330	1
LDKALFFP_01331	5
LDKALFFP_01332	0
LDKALFFP_01333	18
LDKALFFP_01334	1
LDKALFFP_01335	3
LDKALFFP_01336	5
LDKALFFP_01337	0
LDKALFFP_01338	0
LDKALFFP_01339	1
LDKALFFP_01340	1
LDKALFFP_01341	0
LDKALFFP_01342	1
LDKALFFP_01343	2
LDKALFFP_01344	1
LDKALFFP_01345	0
LDKALFFP_01346	3
LDKALFFP_01347	0
LDKALFFP_01348	0
LDKALFFP_01349	0
LDKALFFP_01350	0
LDKALFFP_01351	1
LDKALFFP_01352	2
LDKALFFP_01353	2
LDKALFFP_01354	0
LDKALFFP_01355	1
LDKALFFP_01356	0
LDKALFFP_01357	1
LDKALFFP_01358	6
LDKALFFP_01359	0
LDKALFFP_01360	3
LDKALFFP_01361	1
LDKALFFP_01362	0
LDKALFFP_01363	0
LDKALFFP_01364	0
LDKALFFP_01365	0
LDKALFFP_01366	6
LDKALFFP_01367	0
LDKALFFP_01368	1
LDKALFFP_01369	1
LDKALFFP_01370	0
LDKALFFP_01371	14
LDKALFFP_01372	5
LDKALFFP_01373	0
LDKALFFP_01374	1
LDKALFFP_01375	0
LDKALFFP_01376	1
LDKALFFP_01377	3
LDKALFFP_01378	0
LDKALFFP_01379	1
LDKALFFP_01380	0
LDKALFFP_01381	0
LDKALFFP_01382	0
LDKALFFP_01383	0
LDKALFFP_01384	1
LDKALFFP_01385	0
LDKALFFP_01386	8
LDKALFFP_01387	3
LDKALFFP_01388	0
LDKALFFP_01389	1
LDKALFFP_01390	0
LDKALFFP_01391	0
LDKALFFP_01392	5
LDKALFFP_01393	0
LDKALFFP_01394	0
LDKALFFP_01395	5
LDKALFFP_01396	0
LDKALFFP_01397	0
LDKALFFP_01398	0
LDKALFFP_01399	0
LDKALFFP_01400	0
LDKALFFP_01401	3
LDKALFFP_01402	0
LDKALFFP_01403	4
LDKALFFP_01404	0
LDKALFFP_01405	0
LDKALFFP_01406	0
LDKALFFP_01407	0
LDKALFFP_01408	0
LDKALFFP_01409	1
LDKALFFP_01410	0
LDKALFFP_01411	16
LDKALFFP_01412	2
LDKALFFP_01413	0
LDKALFFP_01414	0
LDKALFFP_01415	2
LDKALFFP_01416	32
LDKALFFP_01417	13
LDKALFFP_01418	0
LDKALFFP_01419	22
LDKALFFP_01420	1
LDKALFFP_01421	9
LDKALFFP_01422	0
LDKALFFP_01423	0
LDKALFFP_01424	0
LDKALFFP_01425	0
LDKALFFP_01426	1
LDKALFFP_01427	2
LDKALFFP_01428	0
LDKALFFP_01429	3
LDKALFFP_01430	9
LDKALFFP_01431	0
LDKALFFP_01432	0
LDKALFFP_01433	0
LDKALFFP_01434	0
LDKALFFP_01435	1
LDKALFFP_01436	1
LDKALFFP_01437	0
LDKALFFP_01438	2
LDKALFFP_01439	0
LDKALFFP_01440	1
LDKALFFP_01441	0
LDKALFFP_01442	2
LDKALFFP_01443	0
LDKALFFP_01444	4
LDKALFFP_01445	0
LDKALFFP_01446	6
LDKALFFP_01447	3
LDKALFFP_01448	0
LDKALFFP_01449	0
LDKALFFP_01450	0
LDKALFFP_01451	0
__no_feature	1322
__ambiguous	182
__too_low_aQual	192
__not_aligned	880029
__alignment_not_unique	0
