EBKHFLHI_00001	0
EBKHFLHI_00002	0
EBKHFLHI_00003	2
EBKHFLHI_00004	0
EBKHFLHI_00005	0
EBKHFLHI_00006	1
EBKHFLHI_00007	0
EBKHFLHI_00008	0
EBKHFLHI_00009	0
EBKHFLHI_00010	0
EBKHFLHI_00011	0
EBKHFLHI_00012	0
EBKHFLHI_00013	0
EBKHFLHI_00014	0
EBKHFLHI_00015	3
EBKHFLHI_00016	2
EBKHFLHI_00019	0
EBKHFLHI_00020	1
EBKHFLHI_00021	0
EBKHFLHI_00022	0
EBKHFLHI_00023	0
EBKHFLHI_00024	0
EBKHFLHI_00025	0
EBKHFLHI_00026	0
EBKHFLHI_00027	0
EBKHFLHI_00028	0
EBKHFLHI_00029	0
EBKHFLHI_00030	0
EBKHFLHI_00031	0
EBKHFLHI_00032	0
EBKHFLHI_00033	0
EBKHFLHI_00034	0
EBKHFLHI_00035	0
EBKHFLHI_00036	2
EBKHFLHI_00037	0
EBKHFLHI_00038	0
EBKHFLHI_00039	0
EBKHFLHI_00041	0
EBKHFLHI_00042	0
EBKHFLHI_00043	0
EBKHFLHI_00044	0
EBKHFLHI_00045	0
EBKHFLHI_00046	1
EBKHFLHI_00047	0
EBKHFLHI_00048	0
EBKHFLHI_00049	0
EBKHFLHI_00050	1
EBKHFLHI_00051	0
EBKHFLHI_00052	2
EBKHFLHI_00053	0
EBKHFLHI_00054	0
EBKHFLHI_00055	0
EBKHFLHI_00056	0
EBKHFLHI_00057	0
EBKHFLHI_00058	0
EBKHFLHI_00059	0
EBKHFLHI_00060	0
EBKHFLHI_00061	0
EBKHFLHI_00062	0
EBKHFLHI_00063	0
EBKHFLHI_00064	0
EBKHFLHI_00065	0
EBKHFLHI_00066	0
EBKHFLHI_00067	0
EBKHFLHI_00068	0
EBKHFLHI_00069	0
EBKHFLHI_00070	0
EBKHFLHI_00071	0
EBKHFLHI_00072	0
EBKHFLHI_00073	0
EBKHFLHI_00074	0
EBKHFLHI_00075	0
EBKHFLHI_00076	0
EBKHFLHI_00077	0
EBKHFLHI_00078	1
EBKHFLHI_00079	1
EBKHFLHI_00081	0
EBKHFLHI_00082	0
EBKHFLHI_00083	0
EBKHFLHI_00084	0
EBKHFLHI_00085	0
EBKHFLHI_00086	0
EBKHFLHI_00087	0
EBKHFLHI_00088	2
EBKHFLHI_00089	0
EBKHFLHI_00090	0
EBKHFLHI_00091	0
EBKHFLHI_00092	0
EBKHFLHI_00093	0
EBKHFLHI_00094	1
EBKHFLHI_00095	0
EBKHFLHI_00096	0
EBKHFLHI_00097	0
EBKHFLHI_00098	1
EBKHFLHI_00099	0
EBKHFLHI_00100	0
EBKHFLHI_00101	0
EBKHFLHI_00102	0
EBKHFLHI_00103	0
EBKHFLHI_00104	0
EBKHFLHI_00105	0
EBKHFLHI_00106	0
EBKHFLHI_00107	0
EBKHFLHI_00108	0
EBKHFLHI_00109	0
EBKHFLHI_00110	0
EBKHFLHI_00111	0
EBKHFLHI_00112	0
EBKHFLHI_00113	0
EBKHFLHI_00115	0
EBKHFLHI_00116	0
EBKHFLHI_00117	0
EBKHFLHI_00118	0
EBKHFLHI_00119	0
EBKHFLHI_00120	0
EBKHFLHI_00121	0
EBKHFLHI_00122	0
EBKHFLHI_00124	0
EBKHFLHI_00125	0
EBKHFLHI_00126	0
EBKHFLHI_00127	0
EBKHFLHI_00128	0
EBKHFLHI_00129	0
EBKHFLHI_00130	0
EBKHFLHI_00131	0
EBKHFLHI_00133	0
EBKHFLHI_00134	0
EBKHFLHI_00135	0
EBKHFLHI_00136	0
EBKHFLHI_00137	0
EBKHFLHI_00138	0
EBKHFLHI_00139	0
EBKHFLHI_00140	2
EBKHFLHI_00141	0
EBKHFLHI_00142	0
EBKHFLHI_00143	0
EBKHFLHI_00144	0
EBKHFLHI_00145	0
EBKHFLHI_00146	5
EBKHFLHI_00147	0
EBKHFLHI_00148	0
EBKHFLHI_00149	0
EBKHFLHI_00150	2
EBKHFLHI_00151	0
EBKHFLHI_00152	0
EBKHFLHI_00154	0
EBKHFLHI_00155	0
EBKHFLHI_00156	0
EBKHFLHI_00157	0
EBKHFLHI_00158	0
EBKHFLHI_00159	0
EBKHFLHI_00160	0
EBKHFLHI_00161	0
EBKHFLHI_00162	0
EBKHFLHI_00163	0
EBKHFLHI_00164	0
EBKHFLHI_00165	0
EBKHFLHI_00166	0
EBKHFLHI_00167	0
EBKHFLHI_00168	1
EBKHFLHI_00169	0
EBKHFLHI_00170	0
EBKHFLHI_00171	0
EBKHFLHI_00172	0
EBKHFLHI_00173	0
EBKHFLHI_00174	0
EBKHFLHI_00175	0
EBKHFLHI_00176	0
EBKHFLHI_00177	0
EBKHFLHI_00178	0
EBKHFLHI_00179	0
EBKHFLHI_00180	0
EBKHFLHI_00181	0
EBKHFLHI_00182	0
EBKHFLHI_00183	0
EBKHFLHI_00184	0
EBKHFLHI_00185	0
EBKHFLHI_00186	0
EBKHFLHI_00187	0
EBKHFLHI_00188	0
EBKHFLHI_00189	0
EBKHFLHI_00190	0
EBKHFLHI_00191	0
EBKHFLHI_00192	0
EBKHFLHI_00193	0
EBKHFLHI_00194	0
EBKHFLHI_00195	0
EBKHFLHI_00196	0
EBKHFLHI_00197	0
EBKHFLHI_00198	0
EBKHFLHI_00199	0
EBKHFLHI_00200	0
EBKHFLHI_00201	0
EBKHFLHI_00202	0
EBKHFLHI_00203	0
EBKHFLHI_00204	0
EBKHFLHI_00205	0
EBKHFLHI_00206	0
EBKHFLHI_00207	0
EBKHFLHI_00208	0
EBKHFLHI_00209	0
EBKHFLHI_00210	0
EBKHFLHI_00211	1
EBKHFLHI_00212	0
EBKHFLHI_00213	2
EBKHFLHI_00214	1
EBKHFLHI_00215	4
EBKHFLHI_00216	0
EBKHFLHI_00217	0
EBKHFLHI_00218	0
EBKHFLHI_00219	0
EBKHFLHI_00220	0
EBKHFLHI_00221	0
EBKHFLHI_00222	2
EBKHFLHI_00223	1
EBKHFLHI_00224	0
EBKHFLHI_00225	0
EBKHFLHI_00226	0
EBKHFLHI_00227	0
EBKHFLHI_00228	0
EBKHFLHI_00229	0
EBKHFLHI_00230	0
EBKHFLHI_00231	0
EBKHFLHI_00232	0
EBKHFLHI_00233	0
EBKHFLHI_00234	0
EBKHFLHI_00235	0
EBKHFLHI_00236	0
EBKHFLHI_00237	0
EBKHFLHI_00238	0
EBKHFLHI_00239	0
EBKHFLHI_00240	0
EBKHFLHI_00241	0
EBKHFLHI_00242	0
EBKHFLHI_00243	0
EBKHFLHI_00244	0
EBKHFLHI_00245	0
EBKHFLHI_00246	1
EBKHFLHI_00248	0
EBKHFLHI_00249	0
EBKHFLHI_00250	0
EBKHFLHI_00251	0
EBKHFLHI_00252	0
EBKHFLHI_00253	0
EBKHFLHI_00254	0
EBKHFLHI_00255	1
EBKHFLHI_00256	3
EBKHFLHI_00257	0
EBKHFLHI_00258	0
EBKHFLHI_00259	0
EBKHFLHI_00260	0
EBKHFLHI_00261	0
EBKHFLHI_00262	0
EBKHFLHI_00263	1
EBKHFLHI_00264	0
EBKHFLHI_00265	0
EBKHFLHI_00266	0
EBKHFLHI_00267	0
EBKHFLHI_00268	0
EBKHFLHI_00269	0
EBKHFLHI_00270	0
EBKHFLHI_00271	0
EBKHFLHI_00272	0
EBKHFLHI_00273	0
EBKHFLHI_00274	0
EBKHFLHI_00275	1
EBKHFLHI_00276	0
EBKHFLHI_00277	0
EBKHFLHI_00278	0
EBKHFLHI_00279	0
EBKHFLHI_00280	0
EBKHFLHI_00281	1
EBKHFLHI_00282	0
EBKHFLHI_00283	0
EBKHFLHI_00284	0
EBKHFLHI_00285	0
EBKHFLHI_00286	1
EBKHFLHI_00287	0
EBKHFLHI_00288	0
EBKHFLHI_00289	0
EBKHFLHI_00290	0
EBKHFLHI_00291	0
EBKHFLHI_00292	0
EBKHFLHI_00293	0
EBKHFLHI_00294	0
EBKHFLHI_00295	0
EBKHFLHI_00296	0
EBKHFLHI_00297	0
EBKHFLHI_00298	0
EBKHFLHI_00299	0
EBKHFLHI_00300	0
EBKHFLHI_00301	2
EBKHFLHI_00302	0
EBKHFLHI_00303	0
EBKHFLHI_00306	0
EBKHFLHI_00307	0
EBKHFLHI_00308	0
EBKHFLHI_00309	0
EBKHFLHI_00310	0
EBKHFLHI_00311	0
EBKHFLHI_00312	0
EBKHFLHI_00313	0
EBKHFLHI_00314	0
EBKHFLHI_00315	0
EBKHFLHI_00316	0
EBKHFLHI_00317	0
EBKHFLHI_00318	3
EBKHFLHI_00319	0
EBKHFLHI_00320	0
EBKHFLHI_00321	0
EBKHFLHI_00322	0
EBKHFLHI_00323	0
EBKHFLHI_00325	0
EBKHFLHI_00328	0
EBKHFLHI_00329	0
EBKHFLHI_00330	0
EBKHFLHI_00331	0
EBKHFLHI_00332	0
EBKHFLHI_00333	0
EBKHFLHI_00334	0
EBKHFLHI_00335	0
EBKHFLHI_00336	0
EBKHFLHI_00337	0
EBKHFLHI_00338	0
EBKHFLHI_00339	0
EBKHFLHI_00340	0
EBKHFLHI_00341	1
EBKHFLHI_00342	0
EBKHFLHI_00343	0
EBKHFLHI_00344	0
EBKHFLHI_00345	0
EBKHFLHI_00346	0
EBKHFLHI_00347	0
EBKHFLHI_00348	0
EBKHFLHI_00349	0
EBKHFLHI_00350	0
EBKHFLHI_00351	0
EBKHFLHI_00352	0
EBKHFLHI_00353	0
EBKHFLHI_00354	0
EBKHFLHI_00355	0
EBKHFLHI_00356	0
EBKHFLHI_00357	0
EBKHFLHI_00358	0
EBKHFLHI_00359	0
EBKHFLHI_00360	0
EBKHFLHI_00361	0
EBKHFLHI_00362	0
EBKHFLHI_00363	0
EBKHFLHI_00364	0
EBKHFLHI_00365	0
EBKHFLHI_00366	0
EBKHFLHI_00367	0
EBKHFLHI_00368	0
EBKHFLHI_00369	1
EBKHFLHI_00370	0
EBKHFLHI_00371	0
EBKHFLHI_00372	0
EBKHFLHI_00373	0
EBKHFLHI_00374	0
EBKHFLHI_00375	0
EBKHFLHI_00376	0
EBKHFLHI_00377	0
EBKHFLHI_00378	0
EBKHFLHI_00379	0
EBKHFLHI_00380	0
EBKHFLHI_00381	0
EBKHFLHI_00383	0
EBKHFLHI_00384	0
EBKHFLHI_00385	1
EBKHFLHI_00386	0
EBKHFLHI_00387	0
EBKHFLHI_00388	0
EBKHFLHI_00389	0
EBKHFLHI_00390	0
EBKHFLHI_00391	0
EBKHFLHI_00392	0
EBKHFLHI_00393	1
EBKHFLHI_00394	0
EBKHFLHI_00395	0
EBKHFLHI_00396	1
EBKHFLHI_00397	0
EBKHFLHI_00398	3
EBKHFLHI_00399	0
EBKHFLHI_00400	0
EBKHFLHI_00401	0
EBKHFLHI_00402	0
EBKHFLHI_00403	0
EBKHFLHI_00404	0
EBKHFLHI_00405	0
EBKHFLHI_00406	0
EBKHFLHI_00407	0
EBKHFLHI_00408	0
EBKHFLHI_00409	0
EBKHFLHI_00410	0
EBKHFLHI_00411	0
EBKHFLHI_00412	0
EBKHFLHI_00413	0
EBKHFLHI_00414	1
EBKHFLHI_00415	0
EBKHFLHI_00416	0
EBKHFLHI_00417	0
EBKHFLHI_00418	0
EBKHFLHI_00419	8
EBKHFLHI_00420	0
EBKHFLHI_00421	0
EBKHFLHI_00422	0
EBKHFLHI_00423	0
EBKHFLHI_00424	0
EBKHFLHI_00425	0
EBKHFLHI_00426	0
EBKHFLHI_00427	0
EBKHFLHI_00428	0
EBKHFLHI_00429	0
EBKHFLHI_00431	0
EBKHFLHI_00432	0
EBKHFLHI_00433	0
EBKHFLHI_00434	0
EBKHFLHI_00435	0
EBKHFLHI_00436	0
EBKHFLHI_00437	0
EBKHFLHI_00438	0
EBKHFLHI_00439	0
EBKHFLHI_00440	0
EBKHFLHI_00441	0
EBKHFLHI_00442	0
EBKHFLHI_00443	0
EBKHFLHI_00444	0
EBKHFLHI_00445	0
EBKHFLHI_00446	2
EBKHFLHI_00447	0
EBKHFLHI_00448	2
EBKHFLHI_00449	0
EBKHFLHI_00450	0
EBKHFLHI_00451	0
EBKHFLHI_00452	1
EBKHFLHI_00453	0
EBKHFLHI_00454	0
EBKHFLHI_00456	0
EBKHFLHI_00457	0
EBKHFLHI_00458	0
EBKHFLHI_00459	0
EBKHFLHI_00460	1
EBKHFLHI_00461	0
EBKHFLHI_00462	0
EBKHFLHI_00463	0
EBKHFLHI_00464	0
EBKHFLHI_00465	0
EBKHFLHI_00466	0
EBKHFLHI_00467	0
EBKHFLHI_00468	0
EBKHFLHI_00469	0
EBKHFLHI_00470	0
EBKHFLHI_00471	0
EBKHFLHI_00472	0
EBKHFLHI_00473	0
EBKHFLHI_00474	0
EBKHFLHI_00475	0
EBKHFLHI_00477	4
EBKHFLHI_00478	2
EBKHFLHI_00479	0
EBKHFLHI_00480	0
EBKHFLHI_00481	0
EBKHFLHI_00482	0
EBKHFLHI_00483	0
EBKHFLHI_00484	0
EBKHFLHI_00485	0
EBKHFLHI_00486	0
EBKHFLHI_00487	0
EBKHFLHI_00488	20
EBKHFLHI_00489	0
EBKHFLHI_00490	0
EBKHFLHI_00491	0
EBKHFLHI_00492	0
EBKHFLHI_00493	0
EBKHFLHI_00494	0
EBKHFLHI_00495	0
EBKHFLHI_00496	0
EBKHFLHI_00497	0
EBKHFLHI_00498	1
EBKHFLHI_00499	0
EBKHFLHI_00500	0
EBKHFLHI_00501	1
EBKHFLHI_00502	0
EBKHFLHI_00503	0
EBKHFLHI_00504	0
EBKHFLHI_00505	0
EBKHFLHI_00507	0
EBKHFLHI_00508	0
EBKHFLHI_00509	0
EBKHFLHI_00510	0
EBKHFLHI_00511	0
EBKHFLHI_00512	0
EBKHFLHI_00513	0
EBKHFLHI_00514	0
EBKHFLHI_00515	0
EBKHFLHI_00516	0
EBKHFLHI_00517	0
EBKHFLHI_00518	0
EBKHFLHI_00519	0
EBKHFLHI_00520	0
EBKHFLHI_00521	0
EBKHFLHI_00522	0
EBKHFLHI_00523	0
EBKHFLHI_00524	0
EBKHFLHI_00525	0
EBKHFLHI_00526	0
EBKHFLHI_00527	0
EBKHFLHI_00528	0
EBKHFLHI_00529	0
EBKHFLHI_00530	0
EBKHFLHI_00531	0
EBKHFLHI_00532	0
EBKHFLHI_00533	1
EBKHFLHI_00534	0
EBKHFLHI_00535	0
EBKHFLHI_00536	0
EBKHFLHI_00537	0
EBKHFLHI_00538	0
EBKHFLHI_00539	0
EBKHFLHI_00540	0
EBKHFLHI_00541	0
EBKHFLHI_00542	0
EBKHFLHI_00543	0
EBKHFLHI_00544	0
EBKHFLHI_00545	0
EBKHFLHI_00546	0
EBKHFLHI_00547	0
EBKHFLHI_00548	0
EBKHFLHI_00549	0
EBKHFLHI_00550	1
EBKHFLHI_00551	0
EBKHFLHI_00554	0
EBKHFLHI_00555	0
EBKHFLHI_00556	0
EBKHFLHI_00557	0
EBKHFLHI_00558	0
EBKHFLHI_00559	0
EBKHFLHI_00560	0
EBKHFLHI_00561	0
EBKHFLHI_00562	0
EBKHFLHI_00563	1
EBKHFLHI_00564	0
EBKHFLHI_00565	0
EBKHFLHI_00566	0
EBKHFLHI_00567	0
EBKHFLHI_00568	5
EBKHFLHI_00569	3
EBKHFLHI_00570	0
EBKHFLHI_00571	0
EBKHFLHI_00572	0
EBKHFLHI_00573	0
EBKHFLHI_00574	0
EBKHFLHI_00575	0
EBKHFLHI_00576	0
EBKHFLHI_00577	0
EBKHFLHI_00578	0
EBKHFLHI_00579	0
EBKHFLHI_00580	0
EBKHFLHI_00581	0
EBKHFLHI_00582	0
EBKHFLHI_00583	2
EBKHFLHI_00584	0
EBKHFLHI_00585	0
EBKHFLHI_00586	0
EBKHFLHI_00587	0
EBKHFLHI_00588	0
EBKHFLHI_00589	3
EBKHFLHI_00590	0
EBKHFLHI_00591	0
EBKHFLHI_00592	0
EBKHFLHI_00593	0
EBKHFLHI_00594	0
EBKHFLHI_00595	0
EBKHFLHI_00596	0
EBKHFLHI_00597	0
EBKHFLHI_00598	0
EBKHFLHI_00599	0
EBKHFLHI_00600	0
EBKHFLHI_00601	0
EBKHFLHI_00602	1
EBKHFLHI_00603	0
EBKHFLHI_00604	0
EBKHFLHI_00605	0
EBKHFLHI_00606	0
EBKHFLHI_00607	0
EBKHFLHI_00608	0
EBKHFLHI_00609	2
EBKHFLHI_00611	0
EBKHFLHI_00612	0
EBKHFLHI_00613	1
EBKHFLHI_00614	0
EBKHFLHI_00615	0
EBKHFLHI_00616	0
EBKHFLHI_00617	1
EBKHFLHI_00618	0
EBKHFLHI_00619	0
EBKHFLHI_00620	0
EBKHFLHI_00621	0
EBKHFLHI_00622	0
EBKHFLHI_00623	0
EBKHFLHI_00624	0
EBKHFLHI_00625	0
EBKHFLHI_00626	1
EBKHFLHI_00627	0
EBKHFLHI_00628	0
EBKHFLHI_00629	0
EBKHFLHI_00630	0
EBKHFLHI_00631	0
EBKHFLHI_00632	0
EBKHFLHI_00633	0
EBKHFLHI_00634	0
EBKHFLHI_00635	0
EBKHFLHI_00636	1
EBKHFLHI_00637	0
EBKHFLHI_00638	0
EBKHFLHI_00639	0
EBKHFLHI_00640	0
EBKHFLHI_00641	0
EBKHFLHI_00642	0
EBKHFLHI_00643	0
EBKHFLHI_00645	0
EBKHFLHI_00646	0
EBKHFLHI_00647	0
EBKHFLHI_00648	0
EBKHFLHI_00649	0
EBKHFLHI_00650	0
EBKHFLHI_00651	0
EBKHFLHI_00652	0
EBKHFLHI_00653	0
EBKHFLHI_00654	0
EBKHFLHI_00655	0
EBKHFLHI_00656	0
EBKHFLHI_00657	0
EBKHFLHI_00658	0
EBKHFLHI_00659	0
EBKHFLHI_00660	0
EBKHFLHI_00661	0
EBKHFLHI_00662	0
EBKHFLHI_00663	0
EBKHFLHI_00664	1
EBKHFLHI_00665	0
EBKHFLHI_00666	0
EBKHFLHI_00667	0
EBKHFLHI_00668	0
EBKHFLHI_00669	0
EBKHFLHI_00670	0
EBKHFLHI_00671	2
EBKHFLHI_00672	0
EBKHFLHI_00673	0
EBKHFLHI_00674	0
EBKHFLHI_00675	0
EBKHFLHI_00676	0
EBKHFLHI_00677	0
EBKHFLHI_00678	0
EBKHFLHI_00679	0
EBKHFLHI_00680	0
EBKHFLHI_00681	0
EBKHFLHI_00682	0
EBKHFLHI_00683	0
EBKHFLHI_00684	0
EBKHFLHI_00685	0
EBKHFLHI_00686	0
EBKHFLHI_00687	0
EBKHFLHI_00688	0
EBKHFLHI_00689	0
EBKHFLHI_00690	0
EBKHFLHI_00691	0
EBKHFLHI_00692	0
EBKHFLHI_00693	1
EBKHFLHI_00694	0
EBKHFLHI_00695	0
EBKHFLHI_00696	0
EBKHFLHI_00697	0
EBKHFLHI_00698	0
EBKHFLHI_00699	0
EBKHFLHI_00700	1
EBKHFLHI_00701	0
EBKHFLHI_00702	0
EBKHFLHI_00703	0
EBKHFLHI_00704	0
EBKHFLHI_00705	0
EBKHFLHI_00706	0
EBKHFLHI_00707	1
EBKHFLHI_00708	0
EBKHFLHI_00709	0
EBKHFLHI_00710	0
EBKHFLHI_00711	0
EBKHFLHI_00712	1
EBKHFLHI_00713	0
EBKHFLHI_00714	0
EBKHFLHI_00715	0
EBKHFLHI_00716	0
EBKHFLHI_00717	0
EBKHFLHI_00718	0
EBKHFLHI_00719	0
EBKHFLHI_00720	0
EBKHFLHI_00721	0
EBKHFLHI_00722	0
EBKHFLHI_00723	0
EBKHFLHI_00724	0
EBKHFLHI_00725	0
EBKHFLHI_00726	0
EBKHFLHI_00727	0
EBKHFLHI_00728	0
EBKHFLHI_00729	0
EBKHFLHI_00730	0
EBKHFLHI_00731	1
EBKHFLHI_00732	0
EBKHFLHI_00733	0
EBKHFLHI_00734	0
EBKHFLHI_00735	0
EBKHFLHI_00736	0
EBKHFLHI_00737	0
EBKHFLHI_00738	0
EBKHFLHI_00739	0
EBKHFLHI_00740	0
EBKHFLHI_00741	1
EBKHFLHI_00742	0
EBKHFLHI_00743	0
EBKHFLHI_00744	0
EBKHFLHI_00745	0
EBKHFLHI_00746	1
EBKHFLHI_00747	0
EBKHFLHI_00748	0
EBKHFLHI_00749	0
EBKHFLHI_00750	0
EBKHFLHI_00751	0
EBKHFLHI_00752	0
EBKHFLHI_00753	0
EBKHFLHI_00754	0
EBKHFLHI_00755	0
EBKHFLHI_00756	1
EBKHFLHI_00757	0
EBKHFLHI_00758	0
EBKHFLHI_00759	0
EBKHFLHI_00760	0
EBKHFLHI_00761	0
EBKHFLHI_00762	0
EBKHFLHI_00763	0
EBKHFLHI_00764	0
EBKHFLHI_00765	0
EBKHFLHI_00766	0
EBKHFLHI_00767	0
EBKHFLHI_00768	0
EBKHFLHI_00769	0
EBKHFLHI_00770	0
EBKHFLHI_00771	0
EBKHFLHI_00772	0
EBKHFLHI_00773	0
EBKHFLHI_00774	0
EBKHFLHI_00775	0
EBKHFLHI_00776	0
EBKHFLHI_00777	0
EBKHFLHI_00778	1
EBKHFLHI_00779	0
EBKHFLHI_00780	0
EBKHFLHI_00781	0
EBKHFLHI_00782	0
EBKHFLHI_00783	0
EBKHFLHI_00784	0
EBKHFLHI_00785	0
EBKHFLHI_00786	0
EBKHFLHI_00787	0
EBKHFLHI_00788	0
EBKHFLHI_00789	0
EBKHFLHI_00790	0
EBKHFLHI_00791	0
EBKHFLHI_00792	0
EBKHFLHI_00793	0
EBKHFLHI_00794	0
EBKHFLHI_00795	0
EBKHFLHI_00796	0
EBKHFLHI_00797	0
EBKHFLHI_00798	0
EBKHFLHI_00799	0
EBKHFLHI_00800	0
EBKHFLHI_00801	0
EBKHFLHI_00802	0
EBKHFLHI_00803	0
EBKHFLHI_00804	0
EBKHFLHI_00805	0
EBKHFLHI_00806	0
EBKHFLHI_00807	0
EBKHFLHI_00808	0
EBKHFLHI_00809	0
EBKHFLHI_00810	0
EBKHFLHI_00811	0
EBKHFLHI_00812	0
EBKHFLHI_00813	0
EBKHFLHI_00814	0
EBKHFLHI_00815	0
EBKHFLHI_00816	0
EBKHFLHI_00817	0
EBKHFLHI_00818	1
EBKHFLHI_00819	0
EBKHFLHI_00820	1
EBKHFLHI_00821	1
EBKHFLHI_00822	0
EBKHFLHI_00823	0
EBKHFLHI_00824	0
EBKHFLHI_00825	0
EBKHFLHI_00826	1
EBKHFLHI_00827	1
EBKHFLHI_00828	1
EBKHFLHI_00829	0
EBKHFLHI_00830	0
EBKHFLHI_00831	0
EBKHFLHI_00832	0
EBKHFLHI_00833	0
EBKHFLHI_00834	0
EBKHFLHI_00835	0
EBKHFLHI_00836	0
EBKHFLHI_00837	0
EBKHFLHI_00838	2
EBKHFLHI_00839	3
EBKHFLHI_00840	0
EBKHFLHI_00841	0
EBKHFLHI_00842	1
EBKHFLHI_00843	0
EBKHFLHI_00844	0
EBKHFLHI_00845	0
EBKHFLHI_00846	0
EBKHFLHI_00847	1
EBKHFLHI_00848	0
EBKHFLHI_00849	0
EBKHFLHI_00850	1
EBKHFLHI_00851	1
EBKHFLHI_00852	0
EBKHFLHI_00853	0
EBKHFLHI_00854	0
EBKHFLHI_00857	0
EBKHFLHI_00858	0
EBKHFLHI_00859	0
EBKHFLHI_00860	0
EBKHFLHI_00862	0
EBKHFLHI_00863	0
EBKHFLHI_00864	0
EBKHFLHI_00865	0
EBKHFLHI_00866	2
EBKHFLHI_00867	0
EBKHFLHI_00868	0
EBKHFLHI_00869	0
EBKHFLHI_00870	0
EBKHFLHI_00871	0
EBKHFLHI_00872	0
EBKHFLHI_00873	0
EBKHFLHI_00874	0
EBKHFLHI_00875	0
EBKHFLHI_00876	0
EBKHFLHI_00877	0
EBKHFLHI_00878	0
EBKHFLHI_00879	0
EBKHFLHI_00880	0
EBKHFLHI_00881	0
EBKHFLHI_00882	0
EBKHFLHI_00883	0
EBKHFLHI_00884	0
EBKHFLHI_00885	0
EBKHFLHI_00886	0
EBKHFLHI_00887	0
EBKHFLHI_00888	0
EBKHFLHI_00889	0
EBKHFLHI_00890	1
EBKHFLHI_00891	0
EBKHFLHI_00892	0
EBKHFLHI_00893	0
EBKHFLHI_00894	0
EBKHFLHI_00895	1
EBKHFLHI_00896	0
EBKHFLHI_00897	0
EBKHFLHI_00898	0
EBKHFLHI_00899	1
EBKHFLHI_00900	0
EBKHFLHI_00901	0
EBKHFLHI_00902	0
EBKHFLHI_00903	2
EBKHFLHI_00904	0
EBKHFLHI_00905	0
EBKHFLHI_00906	0
EBKHFLHI_00907	0
EBKHFLHI_00909	0
EBKHFLHI_00910	0
EBKHFLHI_00911	0
EBKHFLHI_00912	0
EBKHFLHI_00913	0
EBKHFLHI_00914	0
EBKHFLHI_00915	0
EBKHFLHI_00916	0
EBKHFLHI_00917	0
EBKHFLHI_00918	0
EBKHFLHI_00919	0
EBKHFLHI_00920	0
EBKHFLHI_00921	0
EBKHFLHI_00922	0
EBKHFLHI_00923	0
EBKHFLHI_00924	0
EBKHFLHI_00925	0
EBKHFLHI_00926	0
EBKHFLHI_00927	0
EBKHFLHI_00928	0
EBKHFLHI_00929	1
EBKHFLHI_00930	0
EBKHFLHI_00931	0
EBKHFLHI_00932	1
EBKHFLHI_00933	0
EBKHFLHI_00934	0
EBKHFLHI_00935	0
EBKHFLHI_00936	0
EBKHFLHI_00937	0
EBKHFLHI_00938	0
EBKHFLHI_00939	0
EBKHFLHI_00940	1
EBKHFLHI_00941	0
EBKHFLHI_00942	0
EBKHFLHI_00943	0
EBKHFLHI_00944	0
EBKHFLHI_00945	0
EBKHFLHI_00946	0
EBKHFLHI_00947	0
EBKHFLHI_00948	0
EBKHFLHI_00949	0
EBKHFLHI_00950	0
EBKHFLHI_00951	0
EBKHFLHI_00952	0
EBKHFLHI_00953	0
EBKHFLHI_00954	0
EBKHFLHI_00955	0
EBKHFLHI_00956	0
EBKHFLHI_00957	2
EBKHFLHI_00958	0
EBKHFLHI_00959	0
EBKHFLHI_00960	0
EBKHFLHI_00961	0
EBKHFLHI_00962	5
EBKHFLHI_00963	0
EBKHFLHI_00964	23
EBKHFLHI_00965	1
EBKHFLHI_00966	0
EBKHFLHI_00967	0
EBKHFLHI_00968	0
EBKHFLHI_00969	0
EBKHFLHI_00970	0
EBKHFLHI_00971	0
EBKHFLHI_00972	0
EBKHFLHI_00973	0
EBKHFLHI_00974	0
EBKHFLHI_00975	0
EBKHFLHI_00976	0
EBKHFLHI_00977	0
EBKHFLHI_00978	0
EBKHFLHI_00979	0
EBKHFLHI_00980	0
EBKHFLHI_00981	0
EBKHFLHI_00983	0
EBKHFLHI_00984	0
EBKHFLHI_00985	0
EBKHFLHI_00986	0
EBKHFLHI_00987	0
EBKHFLHI_00988	0
EBKHFLHI_00989	0
EBKHFLHI_00990	0
EBKHFLHI_00991	0
EBKHFLHI_00992	0
EBKHFLHI_00994	0
EBKHFLHI_00995	0
EBKHFLHI_00996	0
EBKHFLHI_00997	0
EBKHFLHI_00998	0
EBKHFLHI_00999	0
EBKHFLHI_01000	0
EBKHFLHI_01001	0
EBKHFLHI_01002	0
EBKHFLHI_01003	0
EBKHFLHI_01004	0
EBKHFLHI_01005	0
EBKHFLHI_01006	0
EBKHFLHI_01007	0
EBKHFLHI_01008	0
EBKHFLHI_01009	0
EBKHFLHI_01010	0
EBKHFLHI_01011	0
EBKHFLHI_01012	0
EBKHFLHI_01013	0
EBKHFLHI_01014	0
EBKHFLHI_01015	0
EBKHFLHI_01016	0
EBKHFLHI_01017	1
EBKHFLHI_01018	0
EBKHFLHI_01019	0
EBKHFLHI_01020	0
EBKHFLHI_01021	0
EBKHFLHI_01022	2
EBKHFLHI_01023	0
EBKHFLHI_01024	0
EBKHFLHI_01025	0
EBKHFLHI_01026	0
EBKHFLHI_01027	0
EBKHFLHI_01028	0
EBKHFLHI_01029	0
EBKHFLHI_01030	0
EBKHFLHI_01031	0
EBKHFLHI_01032	0
EBKHFLHI_01033	0
EBKHFLHI_01034	0
EBKHFLHI_01035	0
EBKHFLHI_01036	0
EBKHFLHI_01037	0
EBKHFLHI_01038	0
EBKHFLHI_01039	0
EBKHFLHI_01040	0
EBKHFLHI_01041	0
EBKHFLHI_01042	1
EBKHFLHI_01043	0
EBKHFLHI_01044	0
EBKHFLHI_01045	0
EBKHFLHI_01046	0
EBKHFLHI_01047	0
EBKHFLHI_01048	0
EBKHFLHI_01049	0
EBKHFLHI_01050	0
EBKHFLHI_01051	0
EBKHFLHI_01052	1
EBKHFLHI_01054	0
EBKHFLHI_01055	0
EBKHFLHI_01056	0
EBKHFLHI_01057	0
EBKHFLHI_01058	0
EBKHFLHI_01060	0
EBKHFLHI_01061	0
EBKHFLHI_01062	0
EBKHFLHI_01063	0
EBKHFLHI_01064	1
EBKHFLHI_01065	0
EBKHFLHI_01066	1
EBKHFLHI_01067	0
EBKHFLHI_01068	0
EBKHFLHI_01069	0
EBKHFLHI_01070	0
EBKHFLHI_01071	1
EBKHFLHI_01072	0
EBKHFLHI_01073	0
EBKHFLHI_01074	0
EBKHFLHI_01075	0
EBKHFLHI_01076	0
EBKHFLHI_01077	0
EBKHFLHI_01078	0
EBKHFLHI_01079	0
EBKHFLHI_01080	0
EBKHFLHI_01081	0
EBKHFLHI_01082	0
EBKHFLHI_01083	0
EBKHFLHI_01084	0
EBKHFLHI_01085	0
EBKHFLHI_01086	0
EBKHFLHI_01087	0
EBKHFLHI_01088	0
EBKHFLHI_01089	0
EBKHFLHI_01090	0
EBKHFLHI_01091	0
EBKHFLHI_01092	0
EBKHFLHI_01093	0
EBKHFLHI_01094	0
EBKHFLHI_01095	0
EBKHFLHI_01096	0
EBKHFLHI_01097	0
EBKHFLHI_01098	0
EBKHFLHI_01099	0
EBKHFLHI_01100	0
EBKHFLHI_01101	0
EBKHFLHI_01102	0
EBKHFLHI_01103	0
EBKHFLHI_01104	0
EBKHFLHI_01105	0
EBKHFLHI_01106	0
EBKHFLHI_01107	0
EBKHFLHI_01108	0
EBKHFLHI_01109	0
EBKHFLHI_01110	0
EBKHFLHI_01111	0
EBKHFLHI_01112	0
EBKHFLHI_01113	0
EBKHFLHI_01114	0
EBKHFLHI_01115	0
EBKHFLHI_01116	0
EBKHFLHI_01117	0
EBKHFLHI_01118	0
EBKHFLHI_01119	0
EBKHFLHI_01120	0
EBKHFLHI_01121	0
EBKHFLHI_01122	4
EBKHFLHI_01123	0
EBKHFLHI_01124	0
EBKHFLHI_01125	0
EBKHFLHI_01127	0
EBKHFLHI_01128	0
EBKHFLHI_01129	0
EBKHFLHI_01130	0
EBKHFLHI_01131	0
EBKHFLHI_01132	0
EBKHFLHI_01133	0
EBKHFLHI_01134	0
EBKHFLHI_01135	0
EBKHFLHI_01136	0
EBKHFLHI_01137	0
EBKHFLHI_01138	0
EBKHFLHI_01139	0
EBKHFLHI_01140	0
EBKHFLHI_01141	0
EBKHFLHI_01142	0
EBKHFLHI_01143	0
EBKHFLHI_01144	0
EBKHFLHI_01145	1
EBKHFLHI_01146	0
EBKHFLHI_01147	0
EBKHFLHI_01148	0
EBKHFLHI_01149	0
EBKHFLHI_01150	0
EBKHFLHI_01151	0
EBKHFLHI_01152	0
EBKHFLHI_01153	0
EBKHFLHI_01154	0
EBKHFLHI_01155	0
EBKHFLHI_01156	0
EBKHFLHI_01157	0
EBKHFLHI_01158	0
EBKHFLHI_01159	0
EBKHFLHI_01160	0
EBKHFLHI_01161	1
EBKHFLHI_01162	0
EBKHFLHI_01163	1
EBKHFLHI_01164	0
EBKHFLHI_01165	0
EBKHFLHI_01166	0
EBKHFLHI_01167	0
EBKHFLHI_01168	0
EBKHFLHI_01170	0
EBKHFLHI_01171	0
EBKHFLHI_01172	0
EBKHFLHI_01173	0
EBKHFLHI_01174	0
EBKHFLHI_01175	0
EBKHFLHI_01176	0
EBKHFLHI_01177	0
EBKHFLHI_01178	1
EBKHFLHI_01179	0
EBKHFLHI_01180	0
EBKHFLHI_01181	0
EBKHFLHI_01182	0
EBKHFLHI_01183	0
EBKHFLHI_01184	0
EBKHFLHI_01185	0
EBKHFLHI_01186	0
EBKHFLHI_01187	0
EBKHFLHI_01188	0
EBKHFLHI_01189	0
EBKHFLHI_01190	0
EBKHFLHI_01191	0
EBKHFLHI_01192	0
EBKHFLHI_01193	0
EBKHFLHI_01194	0
EBKHFLHI_01195	0
EBKHFLHI_01196	0
EBKHFLHI_01197	0
EBKHFLHI_01198	0
EBKHFLHI_01199	0
EBKHFLHI_01200	0
EBKHFLHI_01201	0
EBKHFLHI_01202	0
EBKHFLHI_01203	0
EBKHFLHI_01204	0
EBKHFLHI_01205	0
EBKHFLHI_01206	0
EBKHFLHI_01207	0
EBKHFLHI_01208	0
EBKHFLHI_01209	0
EBKHFLHI_01210	0
EBKHFLHI_01211	0
EBKHFLHI_01212	0
EBKHFLHI_01213	0
EBKHFLHI_01214	0
EBKHFLHI_01215	0
EBKHFLHI_01216	0
EBKHFLHI_01217	0
EBKHFLHI_01218	0
EBKHFLHI_01219	0
EBKHFLHI_01220	0
EBKHFLHI_01221	0
EBKHFLHI_01222	0
EBKHFLHI_01223	0
EBKHFLHI_01224	0
EBKHFLHI_01225	0
EBKHFLHI_01226	0
EBKHFLHI_01227	0
EBKHFLHI_01228	0
EBKHFLHI_01229	0
EBKHFLHI_01230	0
EBKHFLHI_01231	0
EBKHFLHI_01232	0
EBKHFLHI_01233	0
EBKHFLHI_01234	0
EBKHFLHI_01235	0
EBKHFLHI_01236	0
EBKHFLHI_01237	0
EBKHFLHI_01238	0
EBKHFLHI_01239	0
EBKHFLHI_01240	0
EBKHFLHI_01241	0
EBKHFLHI_01242	0
EBKHFLHI_01243	3
EBKHFLHI_01244	0
EBKHFLHI_01245	3
EBKHFLHI_01246	0
EBKHFLHI_01247	0
EBKHFLHI_01248	0
EBKHFLHI_01249	0
EBKHFLHI_01250	0
EBKHFLHI_01251	0
EBKHFLHI_01252	0
EBKHFLHI_01253	0
EBKHFLHI_01254	0
EBKHFLHI_01255	0
EBKHFLHI_01256	0
EBKHFLHI_01257	0
EBKHFLHI_01258	0
EBKHFLHI_01259	0
EBKHFLHI_01260	0
EBKHFLHI_01261	0
EBKHFLHI_01262	0
EBKHFLHI_01263	0
EBKHFLHI_01264	0
EBKHFLHI_01265	0
EBKHFLHI_01266	2
EBKHFLHI_01267	0
EBKHFLHI_01268	0
EBKHFLHI_01269	1
EBKHFLHI_01270	0
EBKHFLHI_01271	0
EBKHFLHI_01272	0
EBKHFLHI_01273	0
EBKHFLHI_01274	0
EBKHFLHI_01275	0
EBKHFLHI_01276	0
EBKHFLHI_01277	0
EBKHFLHI_01278	0
EBKHFLHI_01279	0
EBKHFLHI_01280	1
EBKHFLHI_01281	0
EBKHFLHI_01282	0
EBKHFLHI_01283	0
EBKHFLHI_01284	0
EBKHFLHI_01285	0
EBKHFLHI_01286	0
EBKHFLHI_01287	0
EBKHFLHI_01288	0
EBKHFLHI_01289	0
EBKHFLHI_01290	0
EBKHFLHI_01291	0
EBKHFLHI_01292	0
EBKHFLHI_01293	0
EBKHFLHI_01294	0
EBKHFLHI_01295	0
EBKHFLHI_01296	0
EBKHFLHI_01297	0
EBKHFLHI_01298	0
EBKHFLHI_01299	0
EBKHFLHI_01301	0
EBKHFLHI_01302	0
EBKHFLHI_01303	0
EBKHFLHI_01304	0
EBKHFLHI_01305	0
EBKHFLHI_01306	0
EBKHFLHI_01307	0
EBKHFLHI_01308	0
EBKHFLHI_01309	0
EBKHFLHI_01310	0
EBKHFLHI_01311	0
EBKHFLHI_01312	4
EBKHFLHI_01313	0
EBKHFLHI_01314	1
EBKHFLHI_01315	0
EBKHFLHI_01316	0
EBKHFLHI_01317	0
__no_feature	3814
__ambiguous	15
__too_low_aQual	1794
__not_aligned	878708
__alignment_not_unique	0
