NBILFEPH_00001	0
NBILFEPH_00003	0
NBILFEPH_00004	0
NBILFEPH_00005	0
NBILFEPH_00006	0
NBILFEPH_00007	0
NBILFEPH_00008	0
NBILFEPH_00009	0
NBILFEPH_00010	0
NBILFEPH_00011	0
NBILFEPH_00012	0
NBILFEPH_00013	0
NBILFEPH_00014	0
NBILFEPH_00015	0
NBILFEPH_00016	0
NBILFEPH_00017	0
NBILFEPH_00018	0
NBILFEPH_00019	0
NBILFEPH_00020	0
NBILFEPH_00021	0
NBILFEPH_00022	0
NBILFEPH_00023	0
NBILFEPH_00024	0
NBILFEPH_00025	0
NBILFEPH_00026	0
NBILFEPH_00027	0
NBILFEPH_00028	0
NBILFEPH_00029	0
NBILFEPH_00030	0
NBILFEPH_00031	0
NBILFEPH_00032	0
NBILFEPH_00033	0
NBILFEPH_00034	0
NBILFEPH_00036	0
NBILFEPH_00037	0
NBILFEPH_00038	0
NBILFEPH_00039	0
NBILFEPH_00040	0
NBILFEPH_00041	0
NBILFEPH_00042	0
NBILFEPH_00043	0
NBILFEPH_00044	0
NBILFEPH_00045	0
NBILFEPH_00046	0
NBILFEPH_00047	0
NBILFEPH_00048	0
NBILFEPH_00049	0
NBILFEPH_00050	0
NBILFEPH_00051	0
NBILFEPH_00052	0
NBILFEPH_00053	0
NBILFEPH_00054	0
NBILFEPH_00055	0
NBILFEPH_00056	0
NBILFEPH_00057	0
NBILFEPH_00058	0
NBILFEPH_00059	0
NBILFEPH_00060	0
NBILFEPH_00061	0
NBILFEPH_00062	0
NBILFEPH_00063	0
NBILFEPH_00064	0
NBILFEPH_00065	0
NBILFEPH_00066	0
NBILFEPH_00067	0
NBILFEPH_00068	0
NBILFEPH_00069	0
NBILFEPH_00070	0
NBILFEPH_00071	0
NBILFEPH_00072	0
NBILFEPH_00073	0
NBILFEPH_00074	0
NBILFEPH_00075	0
NBILFEPH_00076	0
NBILFEPH_00077	0
NBILFEPH_00078	0
NBILFEPH_00079	0
NBILFEPH_00080	0
NBILFEPH_00081	0
NBILFEPH_00082	0
NBILFEPH_00083	0
NBILFEPH_00084	0
NBILFEPH_00085	0
NBILFEPH_00086	0
NBILFEPH_00088	0
NBILFEPH_00089	0
NBILFEPH_00090	0
NBILFEPH_00091	0
NBILFEPH_00092	0
NBILFEPH_00093	0
NBILFEPH_00094	0
NBILFEPH_00095	0
NBILFEPH_00096	0
NBILFEPH_00097	0
NBILFEPH_00098	0
NBILFEPH_00099	0
NBILFEPH_00100	0
NBILFEPH_00101	0
NBILFEPH_00102	0
NBILFEPH_00103	0
NBILFEPH_00104	0
NBILFEPH_00105	0
NBILFEPH_00106	0
NBILFEPH_00107	0
NBILFEPH_00108	0
NBILFEPH_00109	0
NBILFEPH_00110	0
NBILFEPH_00111	0
NBILFEPH_00112	0
NBILFEPH_00113	0
NBILFEPH_00114	1
NBILFEPH_00115	0
NBILFEPH_00116	0
NBILFEPH_00117	0
NBILFEPH_00118	0
NBILFEPH_00119	0
NBILFEPH_00120	0
NBILFEPH_00121	0
NBILFEPH_00122	0
NBILFEPH_00123	0
NBILFEPH_00124	0
NBILFEPH_00125	0
NBILFEPH_00126	0
NBILFEPH_00127	0
NBILFEPH_00128	0
NBILFEPH_00129	0
NBILFEPH_00130	0
NBILFEPH_00131	1
NBILFEPH_00132	0
NBILFEPH_00133	0
NBILFEPH_00134	0
NBILFEPH_00135	0
NBILFEPH_00136	0
NBILFEPH_00137	0
NBILFEPH_00138	0
NBILFEPH_00139	0
NBILFEPH_00140	0
NBILFEPH_00141	0
NBILFEPH_00142	0
NBILFEPH_00143	0
NBILFEPH_00144	0
NBILFEPH_00145	0
NBILFEPH_00146	0
NBILFEPH_00147	0
NBILFEPH_00148	0
NBILFEPH_00149	0
NBILFEPH_00150	0
NBILFEPH_00151	0
NBILFEPH_00152	0
NBILFEPH_00153	0
NBILFEPH_00154	1
NBILFEPH_00155	0
NBILFEPH_00156	0
NBILFEPH_00157	0
NBILFEPH_00158	0
NBILFEPH_00159	0
NBILFEPH_00160	0
NBILFEPH_00161	0
NBILFEPH_00162	0
NBILFEPH_00163	0
NBILFEPH_00164	0
NBILFEPH_00165	0
NBILFEPH_00166	0
NBILFEPH_00167	0
NBILFEPH_00168	0
NBILFEPH_00169	0
NBILFEPH_00170	0
NBILFEPH_00171	0
NBILFEPH_00172	0
NBILFEPH_00173	0
NBILFEPH_00174	0
NBILFEPH_00175	0
NBILFEPH_00176	0
NBILFEPH_00177	0
NBILFEPH_00178	0
NBILFEPH_00179	0
NBILFEPH_00180	0
NBILFEPH_00181	0
NBILFEPH_00182	0
NBILFEPH_00183	0
NBILFEPH_00184	0
NBILFEPH_00185	0
NBILFEPH_00186	0
NBILFEPH_00187	0
NBILFEPH_00188	0
NBILFEPH_00189	0
NBILFEPH_00190	0
NBILFEPH_00191	0
NBILFEPH_00192	0
NBILFEPH_00193	0
NBILFEPH_00194	0
NBILFEPH_00195	0
NBILFEPH_00196	0
NBILFEPH_00197	0
NBILFEPH_00198	0
NBILFEPH_00199	0
NBILFEPH_00200	0
NBILFEPH_00201	0
NBILFEPH_00202	0
NBILFEPH_00203	0
NBILFEPH_00204	0
NBILFEPH_00205	0
NBILFEPH_00206	0
NBILFEPH_00207	0
NBILFEPH_00208	0
NBILFEPH_00209	0
NBILFEPH_00210	0
NBILFEPH_00211	0
NBILFEPH_00212	0
NBILFEPH_00213	0
NBILFEPH_00214	0
NBILFEPH_00215	0
NBILFEPH_00216	0
NBILFEPH_00217	0
NBILFEPH_00218	0
NBILFEPH_00219	0
NBILFEPH_00220	0
NBILFEPH_00221	0
NBILFEPH_00222	0
NBILFEPH_00223	0
NBILFEPH_00224	0
NBILFEPH_00225	0
NBILFEPH_00226	0
NBILFEPH_00227	0
NBILFEPH_00228	0
NBILFEPH_00229	0
NBILFEPH_00230	0
NBILFEPH_00231	0
NBILFEPH_00232	0
NBILFEPH_00233	0
NBILFEPH_00234	0
NBILFEPH_00235	0
NBILFEPH_00236	0
NBILFEPH_00237	0
NBILFEPH_00238	0
NBILFEPH_00239	0
NBILFEPH_00240	0
NBILFEPH_00241	0
NBILFEPH_00242	0
NBILFEPH_00243	0
NBILFEPH_00244	0
NBILFEPH_00245	0
NBILFEPH_00246	0
NBILFEPH_00247	0
NBILFEPH_00248	0
NBILFEPH_00249	0
NBILFEPH_00250	0
NBILFEPH_00251	0
NBILFEPH_00252	0
NBILFEPH_00253	0
NBILFEPH_00254	0
NBILFEPH_00255	0
NBILFEPH_00256	0
NBILFEPH_00257	0
NBILFEPH_00258	0
NBILFEPH_00259	0
NBILFEPH_00260	0
NBILFEPH_00261	0
NBILFEPH_00262	0
NBILFEPH_00263	0
NBILFEPH_00264	0
NBILFEPH_00265	0
NBILFEPH_00266	0
NBILFEPH_00267	0
NBILFEPH_00268	0
NBILFEPH_00269	0
NBILFEPH_00270	0
NBILFEPH_00271	0
NBILFEPH_00272	0
NBILFEPH_00273	0
NBILFEPH_00274	0
NBILFEPH_00275	0
NBILFEPH_00276	0
NBILFEPH_00277	0
NBILFEPH_00278	0
NBILFEPH_00279	0
NBILFEPH_00280	0
NBILFEPH_00281	0
NBILFEPH_00282	0
NBILFEPH_00283	0
NBILFEPH_00284	0
NBILFEPH_00285	0
NBILFEPH_00286	0
NBILFEPH_00287	0
NBILFEPH_00288	0
NBILFEPH_00289	0
NBILFEPH_00290	0
NBILFEPH_00291	0
NBILFEPH_00292	0
NBILFEPH_00293	0
NBILFEPH_00294	0
NBILFEPH_00295	0
NBILFEPH_00296	0
NBILFEPH_00297	0
NBILFEPH_00298	0
NBILFEPH_00299	0
NBILFEPH_00300	0
NBILFEPH_00301	0
NBILFEPH_00302	0
NBILFEPH_00303	0
NBILFEPH_00304	1
NBILFEPH_00305	0
NBILFEPH_00306	0
NBILFEPH_00307	0
NBILFEPH_00308	0
NBILFEPH_00309	0
NBILFEPH_00310	0
NBILFEPH_00311	0
NBILFEPH_00312	0
NBILFEPH_00313	0
NBILFEPH_00314	0
NBILFEPH_00315	0
NBILFEPH_00316	0
NBILFEPH_00317	0
NBILFEPH_00318	0
NBILFEPH_00319	0
NBILFEPH_00320	0
NBILFEPH_00321	0
NBILFEPH_00322	0
NBILFEPH_00323	0
NBILFEPH_00324	0
NBILFEPH_00325	0
NBILFEPH_00326	0
NBILFEPH_00327	0
NBILFEPH_00328	0
NBILFEPH_00329	0
NBILFEPH_00330	0
NBILFEPH_00331	0
NBILFEPH_00332	0
NBILFEPH_00333	0
NBILFEPH_00334	0
NBILFEPH_00335	0
NBILFEPH_00336	0
NBILFEPH_00337	0
NBILFEPH_00338	0
NBILFEPH_00339	0
NBILFEPH_00340	0
NBILFEPH_00341	0
NBILFEPH_00342	0
NBILFEPH_00343	0
NBILFEPH_00344	0
NBILFEPH_00345	0
NBILFEPH_00346	0
NBILFEPH_00347	0
NBILFEPH_00348	0
NBILFEPH_00349	0
NBILFEPH_00350	0
NBILFEPH_00352	0
NBILFEPH_00353	0
NBILFEPH_00354	0
NBILFEPH_00355	0
NBILFEPH_00356	0
NBILFEPH_00357	0
NBILFEPH_00358	0
NBILFEPH_00359	0
NBILFEPH_00360	0
NBILFEPH_00361	0
NBILFEPH_00362	0
NBILFEPH_00363	0
NBILFEPH_00364	0
NBILFEPH_00365	0
NBILFEPH_00366	0
NBILFEPH_00367	0
NBILFEPH_00368	0
NBILFEPH_00369	0
NBILFEPH_00370	0
NBILFEPH_00371	0
NBILFEPH_00372	2
NBILFEPH_00373	0
NBILFEPH_00374	0
NBILFEPH_00375	0
NBILFEPH_00376	0
NBILFEPH_00377	0
NBILFEPH_00378	0
NBILFEPH_00379	0
NBILFEPH_00380	0
NBILFEPH_00381	0
NBILFEPH_00382	0
NBILFEPH_00383	0
NBILFEPH_00384	0
NBILFEPH_00385	0
NBILFEPH_00386	0
NBILFEPH_00387	0
NBILFEPH_00388	0
NBILFEPH_00389	0
NBILFEPH_00390	0
NBILFEPH_00391	0
NBILFEPH_00392	0
NBILFEPH_00393	0
NBILFEPH_00394	0
NBILFEPH_00395	0
NBILFEPH_00396	0
NBILFEPH_00397	0
NBILFEPH_00398	0
NBILFEPH_00399	0
NBILFEPH_00400	0
NBILFEPH_00401	0
NBILFEPH_00402	0
NBILFEPH_00403	0
NBILFEPH_00404	0
NBILFEPH_00405	0
NBILFEPH_00406	0
NBILFEPH_00407	0
NBILFEPH_00408	0
NBILFEPH_00409	0
NBILFEPH_00410	0
NBILFEPH_00411	0
NBILFEPH_00412	0
NBILFEPH_00413	0
NBILFEPH_00414	0
NBILFEPH_00415	0
NBILFEPH_00416	0
NBILFEPH_00417	0
NBILFEPH_00418	0
NBILFEPH_00419	0
NBILFEPH_00420	0
NBILFEPH_00421	0
NBILFEPH_00422	1
NBILFEPH_00423	0
NBILFEPH_00424	0
NBILFEPH_00425	0
NBILFEPH_00426	0
NBILFEPH_00427	0
NBILFEPH_00428	0
NBILFEPH_00429	0
NBILFEPH_00430	0
NBILFEPH_00431	0
NBILFEPH_00432	0
NBILFEPH_00433	0
NBILFEPH_00434	0
NBILFEPH_00435	0
NBILFEPH_00436	0
NBILFEPH_00437	0
NBILFEPH_00438	1
NBILFEPH_00439	0
NBILFEPH_00440	0
NBILFEPH_00441	0
NBILFEPH_00442	0
NBILFEPH_00443	0
NBILFEPH_00444	0
NBILFEPH_00445	0
NBILFEPH_00446	0
NBILFEPH_00447	0
NBILFEPH_00449	0
NBILFEPH_00450	0
NBILFEPH_00451	0
NBILFEPH_00452	0
NBILFEPH_00453	0
NBILFEPH_00454	0
NBILFEPH_00455	0
NBILFEPH_00456	0
NBILFEPH_00457	0
NBILFEPH_00458	0
NBILFEPH_00459	0
NBILFEPH_00460	1
NBILFEPH_00461	0
NBILFEPH_00462	0
NBILFEPH_00463	0
NBILFEPH_00464	0
NBILFEPH_00465	0
NBILFEPH_00466	0
NBILFEPH_00467	0
NBILFEPH_00468	0
NBILFEPH_00470	0
NBILFEPH_00471	0
NBILFEPH_00472	0
NBILFEPH_00473	0
NBILFEPH_00474	0
NBILFEPH_00475	0
NBILFEPH_00476	0
NBILFEPH_00477	0
NBILFEPH_00478	0
NBILFEPH_00479	0
NBILFEPH_00480	0
NBILFEPH_00481	0
NBILFEPH_00482	0
NBILFEPH_00483	0
NBILFEPH_00484	0
NBILFEPH_00485	0
NBILFEPH_00486	0
NBILFEPH_00487	1
NBILFEPH_00488	0
NBILFEPH_00489	0
NBILFEPH_00490	0
NBILFEPH_00491	0
NBILFEPH_00492	0
NBILFEPH_00493	0
NBILFEPH_00494	0
NBILFEPH_00495	0
NBILFEPH_00496	0
NBILFEPH_00497	0
NBILFEPH_00498	0
NBILFEPH_00499	0
NBILFEPH_00500	0
NBILFEPH_00501	0
NBILFEPH_00502	0
NBILFEPH_00503	0
NBILFEPH_00504	0
NBILFEPH_00505	0
NBILFEPH_00506	0
NBILFEPH_00507	0
NBILFEPH_00508	0
NBILFEPH_00509	0
NBILFEPH_00510	0
NBILFEPH_00511	0
NBILFEPH_00512	0
NBILFEPH_00513	0
NBILFEPH_00514	0
NBILFEPH_00515	0
NBILFEPH_00516	1
NBILFEPH_00517	0
NBILFEPH_00518	0
NBILFEPH_00519	0
NBILFEPH_00520	0
NBILFEPH_00521	0
NBILFEPH_00522	0
NBILFEPH_00523	0
NBILFEPH_00524	0
NBILFEPH_00525	0
NBILFEPH_00526	0
NBILFEPH_00527	0
NBILFEPH_00528	0
NBILFEPH_00529	0
NBILFEPH_00530	0
NBILFEPH_00531	0
NBILFEPH_00532	0
NBILFEPH_00533	0
NBILFEPH_00534	0
NBILFEPH_00535	2
NBILFEPH_00536	0
NBILFEPH_00537	0
NBILFEPH_00538	0
NBILFEPH_00539	0
NBILFEPH_00540	0
NBILFEPH_00541	0
NBILFEPH_00542	0
NBILFEPH_00543	0
NBILFEPH_00544	0
NBILFEPH_00545	0
NBILFEPH_00546	0
NBILFEPH_00547	0
NBILFEPH_00548	0
NBILFEPH_00549	0
NBILFEPH_00550	0
NBILFEPH_00551	0
NBILFEPH_00552	0
NBILFEPH_00553	0
NBILFEPH_00554	0
NBILFEPH_00555	0
NBILFEPH_00556	0
NBILFEPH_00557	0
NBILFEPH_00558	0
NBILFEPH_00559	0
NBILFEPH_00560	0
NBILFEPH_00561	0
NBILFEPH_00562	0
NBILFEPH_00563	0
NBILFEPH_00564	0
NBILFEPH_00565	0
NBILFEPH_00566	0
NBILFEPH_00567	0
NBILFEPH_00568	0
NBILFEPH_00569	0
NBILFEPH_00570	0
NBILFEPH_00571	0
NBILFEPH_00572	0
NBILFEPH_00573	0
NBILFEPH_00574	0
NBILFEPH_00575	0
NBILFEPH_00576	0
NBILFEPH_00577	0
NBILFEPH_00578	0
NBILFEPH_00579	0
NBILFEPH_00580	0
NBILFEPH_00581	0
NBILFEPH_00582	0
NBILFEPH_00583	0
NBILFEPH_00584	0
NBILFEPH_00585	0
NBILFEPH_00586	0
NBILFEPH_00587	0
NBILFEPH_00588	0
NBILFEPH_00589	0
NBILFEPH_00590	0
NBILFEPH_00591	0
NBILFEPH_00592	0
NBILFEPH_00593	0
NBILFEPH_00594	0
NBILFEPH_00595	0
NBILFEPH_00596	0
NBILFEPH_00597	0
NBILFEPH_00598	0
NBILFEPH_00599	0
NBILFEPH_00600	0
NBILFEPH_00601	0
NBILFEPH_00602	0
NBILFEPH_00603	0
NBILFEPH_00604	0
NBILFEPH_00605	0
NBILFEPH_00606	0
NBILFEPH_00607	0
NBILFEPH_00608	0
NBILFEPH_00609	0
NBILFEPH_00610	0
NBILFEPH_00611	0
NBILFEPH_00612	0
NBILFEPH_00613	0
NBILFEPH_00614	0
NBILFEPH_00615	0
NBILFEPH_00616	0
NBILFEPH_00617	0
NBILFEPH_00618	0
NBILFEPH_00619	0
NBILFEPH_00620	0
NBILFEPH_00621	0
NBILFEPH_00622	0
NBILFEPH_00623	0
NBILFEPH_00624	0
NBILFEPH_00625	0
NBILFEPH_00626	0
NBILFEPH_00627	0
NBILFEPH_00628	0
NBILFEPH_00629	0
NBILFEPH_00630	0
NBILFEPH_00631	0
NBILFEPH_00632	0
NBILFEPH_00633	0
NBILFEPH_00634	0
NBILFEPH_00635	0
NBILFEPH_00636	0
NBILFEPH_00637	0
NBILFEPH_00638	0
NBILFEPH_00639	0
NBILFEPH_00640	0
NBILFEPH_00641	0
NBILFEPH_00642	0
NBILFEPH_00643	0
NBILFEPH_00644	0
NBILFEPH_00645	0
NBILFEPH_00646	0
NBILFEPH_00647	0
NBILFEPH_00648	0
NBILFEPH_00649	0
NBILFEPH_00650	0
NBILFEPH_00651	0
NBILFEPH_00652	0
NBILFEPH_00653	0
NBILFEPH_00654	0
NBILFEPH_00655	0
NBILFEPH_00656	0
NBILFEPH_00657	0
NBILFEPH_00658	0
NBILFEPH_00659	0
NBILFEPH_00660	0
NBILFEPH_00661	0
NBILFEPH_00662	0
NBILFEPH_00663	0
NBILFEPH_00664	0
NBILFEPH_00665	0
NBILFEPH_00666	0
NBILFEPH_00667	0
NBILFEPH_00668	0
NBILFEPH_00669	0
NBILFEPH_00670	0
NBILFEPH_00671	0
NBILFEPH_00672	0
NBILFEPH_00673	0
NBILFEPH_00674	0
NBILFEPH_00675	0
NBILFEPH_00676	0
NBILFEPH_00677	0
NBILFEPH_00678	0
NBILFEPH_00679	0
NBILFEPH_00680	0
NBILFEPH_00681	0
NBILFEPH_00682	0
NBILFEPH_00683	0
NBILFEPH_00684	0
NBILFEPH_00685	0
NBILFEPH_00686	0
NBILFEPH_00687	0
NBILFEPH_00688	0
NBILFEPH_00689	0
NBILFEPH_00690	0
NBILFEPH_00691	0
NBILFEPH_00692	0
NBILFEPH_00693	0
NBILFEPH_00694	0
NBILFEPH_00695	0
NBILFEPH_00696	0
NBILFEPH_00697	2
NBILFEPH_00698	0
NBILFEPH_00699	0
NBILFEPH_00700	0
NBILFEPH_00701	0
NBILFEPH_00702	0
NBILFEPH_00703	0
NBILFEPH_00704	0
NBILFEPH_00705	0
NBILFEPH_00706	0
NBILFEPH_00708	0
NBILFEPH_00709	0
NBILFEPH_00710	0
NBILFEPH_00711	0
NBILFEPH_00712	0
NBILFEPH_00713	0
NBILFEPH_00714	0
NBILFEPH_00715	0
NBILFEPH_00716	1
NBILFEPH_00717	0
NBILFEPH_00718	0
NBILFEPH_00719	0
NBILFEPH_00720	0
NBILFEPH_00721	0
NBILFEPH_00722	0
NBILFEPH_00723	0
NBILFEPH_00724	0
NBILFEPH_00725	0
NBILFEPH_00726	0
NBILFEPH_00727	0
NBILFEPH_00728	0
NBILFEPH_00729	1
NBILFEPH_00730	1
NBILFEPH_00731	1
NBILFEPH_00732	0
NBILFEPH_00733	0
NBILFEPH_00734	0
NBILFEPH_00735	0
NBILFEPH_00736	0
NBILFEPH_00737	0
NBILFEPH_00739	0
NBILFEPH_00740	0
NBILFEPH_00741	0
NBILFEPH_00742	0
NBILFEPH_00743	0
NBILFEPH_00744	0
NBILFEPH_00745	0
NBILFEPH_00746	0
NBILFEPH_00747	0
NBILFEPH_00748	0
NBILFEPH_00749	0
NBILFEPH_00750	0
NBILFEPH_00751	0
NBILFEPH_00752	0
NBILFEPH_00753	0
NBILFEPH_00754	0
NBILFEPH_00755	0
NBILFEPH_00756	0
NBILFEPH_00757	0
NBILFEPH_00758	0
NBILFEPH_00759	0
NBILFEPH_00760	0
NBILFEPH_00761	0
NBILFEPH_00762	0
NBILFEPH_00763	0
NBILFEPH_00764	0
NBILFEPH_00765	0
NBILFEPH_00766	0
NBILFEPH_00767	0
NBILFEPH_00768	0
NBILFEPH_00769	0
NBILFEPH_00770	0
NBILFEPH_00771	0
NBILFEPH_00772	0
NBILFEPH_00773	0
NBILFEPH_00774	0
NBILFEPH_00775	0
NBILFEPH_00776	0
NBILFEPH_00777	1
NBILFEPH_00778	0
NBILFEPH_00779	0
NBILFEPH_00780	0
NBILFEPH_00781	0
NBILFEPH_00783	0
NBILFEPH_00784	0
NBILFEPH_00785	0
NBILFEPH_00786	0
NBILFEPH_00787	0
NBILFEPH_00788	0
NBILFEPH_00789	0
NBILFEPH_00790	1
NBILFEPH_00791	0
NBILFEPH_00792	0
NBILFEPH_00793	0
NBILFEPH_00794	0
NBILFEPH_00795	0
NBILFEPH_00796	0
NBILFEPH_00797	0
NBILFEPH_00798	0
NBILFEPH_00799	0
NBILFEPH_00800	0
NBILFEPH_00801	0
NBILFEPH_00802	0
NBILFEPH_00803	0
NBILFEPH_00804	0
NBILFEPH_00805	0
NBILFEPH_00806	0
NBILFEPH_00807	0
NBILFEPH_00808	0
NBILFEPH_00809	0
NBILFEPH_00810	0
NBILFEPH_00811	0
NBILFEPH_00812	0
NBILFEPH_00813	0
NBILFEPH_00814	0
NBILFEPH_00815	0
NBILFEPH_00816	0
NBILFEPH_00817	0
NBILFEPH_00818	0
NBILFEPH_00819	0
NBILFEPH_00820	0
NBILFEPH_00821	0
NBILFEPH_00822	0
NBILFEPH_00823	0
NBILFEPH_00824	0
NBILFEPH_00825	0
NBILFEPH_00826	0
NBILFEPH_00827	0
NBILFEPH_00828	0
NBILFEPH_00829	0
NBILFEPH_00830	0
NBILFEPH_00831	0
NBILFEPH_00832	0
NBILFEPH_00833	0
NBILFEPH_00834	0
NBILFEPH_00835	0
NBILFEPH_00836	0
NBILFEPH_00837	0
NBILFEPH_00838	0
NBILFEPH_00839	0
NBILFEPH_00840	0
NBILFEPH_00841	0
NBILFEPH_00842	0
NBILFEPH_00843	0
NBILFEPH_00844	0
NBILFEPH_00845	0
NBILFEPH_00846	0
NBILFEPH_00847	0
NBILFEPH_00848	0
NBILFEPH_00849	0
NBILFEPH_00850	0
NBILFEPH_00852	0
NBILFEPH_00853	0
NBILFEPH_00854	0
NBILFEPH_00855	0
NBILFEPH_00856	0
NBILFEPH_00857	0
NBILFEPH_00858	0
NBILFEPH_00859	0
NBILFEPH_00860	0
NBILFEPH_00863	0
NBILFEPH_00864	0
NBILFEPH_00865	0
NBILFEPH_00866	0
NBILFEPH_00867	0
NBILFEPH_00868	0
NBILFEPH_00869	0
NBILFEPH_00870	0
NBILFEPH_00871	0
NBILFEPH_00872	0
NBILFEPH_00873	0
NBILFEPH_00874	0
NBILFEPH_00876	0
NBILFEPH_00877	0
NBILFEPH_00878	0
NBILFEPH_00879	0
NBILFEPH_00880	0
NBILFEPH_00881	0
NBILFEPH_00882	0
NBILFEPH_00883	0
NBILFEPH_00884	0
NBILFEPH_00885	0
NBILFEPH_00886	0
NBILFEPH_00887	0
NBILFEPH_00888	0
NBILFEPH_00889	0
NBILFEPH_00890	0
NBILFEPH_00891	0
NBILFEPH_00892	0
NBILFEPH_00893	0
NBILFEPH_00894	0
NBILFEPH_00895	0
NBILFEPH_00896	0
NBILFEPH_00897	0
NBILFEPH_00898	0
NBILFEPH_00899	0
NBILFEPH_00900	0
NBILFEPH_00901	0
NBILFEPH_00902	0
NBILFEPH_00903	0
NBILFEPH_00904	0
NBILFEPH_00905	0
NBILFEPH_00906	0
NBILFEPH_00907	0
NBILFEPH_00908	0
NBILFEPH_00909	0
NBILFEPH_00910	1
NBILFEPH_00911	0
NBILFEPH_00912	0
NBILFEPH_00913	0
NBILFEPH_00914	0
NBILFEPH_00915	0
NBILFEPH_00916	0
NBILFEPH_00917	0
NBILFEPH_00918	0
NBILFEPH_00919	0
NBILFEPH_00920	0
NBILFEPH_00921	0
NBILFEPH_00922	0
NBILFEPH_00923	0
NBILFEPH_00924	0
NBILFEPH_00925	0
NBILFEPH_00926	0
NBILFEPH_00927	0
NBILFEPH_00928	0
NBILFEPH_00929	0
NBILFEPH_00930	0
NBILFEPH_00931	2
NBILFEPH_00932	0
NBILFEPH_00933	0
NBILFEPH_00934	0
NBILFEPH_00935	0
NBILFEPH_00936	0
NBILFEPH_00937	0
NBILFEPH_00938	0
NBILFEPH_00939	0
NBILFEPH_00940	0
NBILFEPH_00941	0
NBILFEPH_00942	0
NBILFEPH_00943	0
NBILFEPH_00944	0
NBILFEPH_00945	0
NBILFEPH_00946	0
NBILFEPH_00947	0
NBILFEPH_00948	0
NBILFEPH_00949	0
NBILFEPH_00950	0
NBILFEPH_00951	0
NBILFEPH_00952	0
NBILFEPH_00953	0
NBILFEPH_00954	0
NBILFEPH_00955	0
NBILFEPH_00956	0
NBILFEPH_00957	0
NBILFEPH_00959	0
NBILFEPH_00960	0
NBILFEPH_00961	0
NBILFEPH_00962	0
NBILFEPH_00963	0
NBILFEPH_00964	0
NBILFEPH_00965	0
NBILFEPH_00966	0
NBILFEPH_00967	0
NBILFEPH_00968	0
NBILFEPH_00969	0
NBILFEPH_00970	0
NBILFEPH_00972	0
NBILFEPH_00973	0
NBILFEPH_00974	0
NBILFEPH_00975	0
NBILFEPH_00976	0
NBILFEPH_00977	0
NBILFEPH_00978	0
NBILFEPH_00979	0
NBILFEPH_00980	0
NBILFEPH_00981	0
NBILFEPH_00982	0
NBILFEPH_00983	0
NBILFEPH_00984	0
NBILFEPH_00985	0
NBILFEPH_00986	0
NBILFEPH_00987	0
NBILFEPH_00988	0
NBILFEPH_00989	1
NBILFEPH_00990	0
NBILFEPH_00991	0
NBILFEPH_00992	0
NBILFEPH_00993	0
NBILFEPH_00994	0
NBILFEPH_00995	0
NBILFEPH_00996	0
NBILFEPH_00997	0
NBILFEPH_00998	0
NBILFEPH_00999	0
NBILFEPH_01000	0
NBILFEPH_01001	0
NBILFEPH_01002	0
NBILFEPH_01003	0
NBILFEPH_01004	0
NBILFEPH_01005	0
NBILFEPH_01006	0
NBILFEPH_01007	0
NBILFEPH_01008	0
NBILFEPH_01009	0
NBILFEPH_01010	0
NBILFEPH_01011	0
NBILFEPH_01012	0
NBILFEPH_01013	0
NBILFEPH_01014	0
NBILFEPH_01015	0
NBILFEPH_01016	0
NBILFEPH_01017	0
NBILFEPH_01018	0
NBILFEPH_01019	0
NBILFEPH_01020	0
NBILFEPH_01021	0
NBILFEPH_01022	0
NBILFEPH_01023	0
NBILFEPH_01024	0
NBILFEPH_01025	0
NBILFEPH_01026	0
NBILFEPH_01027	97
NBILFEPH_01028	0
NBILFEPH_01029	0
NBILFEPH_01030	0
NBILFEPH_01031	0
NBILFEPH_01032	0
NBILFEPH_01033	0
NBILFEPH_01034	0
NBILFEPH_01035	0
NBILFEPH_01036	0
NBILFEPH_01037	1
NBILFEPH_01038	0
NBILFEPH_01039	0
NBILFEPH_01040	0
NBILFEPH_01041	0
NBILFEPH_01042	0
NBILFEPH_01043	0
NBILFEPH_01044	0
NBILFEPH_01045	0
NBILFEPH_01046	0
NBILFEPH_01047	0
NBILFEPH_01048	0
NBILFEPH_01049	0
NBILFEPH_01050	0
NBILFEPH_01051	0
NBILFEPH_01052	0
NBILFEPH_01053	0
NBILFEPH_01054	0
NBILFEPH_01055	0
NBILFEPH_01056	0
NBILFEPH_01057	0
NBILFEPH_01058	0
NBILFEPH_01059	0
NBILFEPH_01060	0
NBILFEPH_01061	0
NBILFEPH_01062	0
NBILFEPH_01063	0
NBILFEPH_01064	0
NBILFEPH_01065	0
NBILFEPH_01066	0
NBILFEPH_01067	0
NBILFEPH_01068	0
NBILFEPH_01069	0
NBILFEPH_01070	0
NBILFEPH_01071	0
NBILFEPH_01072	0
NBILFEPH_01073	0
NBILFEPH_01074	0
NBILFEPH_01075	0
NBILFEPH_01076	0
NBILFEPH_01077	0
NBILFEPH_01078	0
NBILFEPH_01079	0
NBILFEPH_01080	0
NBILFEPH_01081	0
NBILFEPH_01082	0
NBILFEPH_01083	0
NBILFEPH_01084	0
NBILFEPH_01085	0
NBILFEPH_01086	0
NBILFEPH_01087	0
NBILFEPH_01088	0
NBILFEPH_01089	0
NBILFEPH_01090	0
NBILFEPH_01091	0
NBILFEPH_01092	0
NBILFEPH_01094	0
NBILFEPH_01095	0
NBILFEPH_01096	0
NBILFEPH_01097	0
NBILFEPH_01098	0
NBILFEPH_01099	0
NBILFEPH_01100	0
NBILFEPH_01101	0
NBILFEPH_01102	1
NBILFEPH_01103	0
NBILFEPH_01104	0
NBILFEPH_01105	0
NBILFEPH_01106	0
NBILFEPH_01107	0
NBILFEPH_01108	0
NBILFEPH_01109	0
NBILFEPH_01110	0
NBILFEPH_01111	0
NBILFEPH_01112	0
NBILFEPH_01113	0
NBILFEPH_01114	0
NBILFEPH_01115	0
NBILFEPH_01116	0
NBILFEPH_01117	0
NBILFEPH_01118	0
NBILFEPH_01119	0
NBILFEPH_01120	0
NBILFEPH_01121	0
NBILFEPH_01122	0
NBILFEPH_01123	0
NBILFEPH_01124	0
NBILFEPH_01125	0
NBILFEPH_01126	0
NBILFEPH_01127	0
NBILFEPH_01128	0
NBILFEPH_01129	0
NBILFEPH_01130	0
NBILFEPH_01131	0
NBILFEPH_01132	0
NBILFEPH_01133	0
NBILFEPH_01134	0
NBILFEPH_01135	0
NBILFEPH_01136	0
NBILFEPH_01137	0
NBILFEPH_01138	0
NBILFEPH_01139	0
NBILFEPH_01140	0
NBILFEPH_01141	0
NBILFEPH_01142	0
NBILFEPH_01143	0
NBILFEPH_01144	0
NBILFEPH_01145	0
NBILFEPH_01146	0
NBILFEPH_01147	0
NBILFEPH_01148	0
NBILFEPH_01149	0
NBILFEPH_01151	0
NBILFEPH_01152	0
NBILFEPH_01153	0
NBILFEPH_01158	0
NBILFEPH_01159	0
NBILFEPH_01160	0
NBILFEPH_01161	0
NBILFEPH_01162	0
NBILFEPH_01163	0
NBILFEPH_01164	0
NBILFEPH_01165	0
NBILFEPH_01166	0
NBILFEPH_01167	0
NBILFEPH_01168	0
NBILFEPH_01169	0
NBILFEPH_01170	0
NBILFEPH_01171	0
NBILFEPH_01172	0
NBILFEPH_01173	0
NBILFEPH_01174	0
NBILFEPH_01175	0
NBILFEPH_01176	0
NBILFEPH_01177	0
NBILFEPH_01178	0
NBILFEPH_01179	0
NBILFEPH_01180	0
NBILFEPH_01181	0
NBILFEPH_01182	0
NBILFEPH_01183	0
NBILFEPH_01184	0
NBILFEPH_01185	0
NBILFEPH_01186	0
NBILFEPH_01187	0
NBILFEPH_01188	0
NBILFEPH_01189	0
NBILFEPH_01190	0
NBILFEPH_01191	1
NBILFEPH_01192	0
NBILFEPH_01193	0
NBILFEPH_01194	0
NBILFEPH_01195	0
NBILFEPH_01196	0
NBILFEPH_01197	0
NBILFEPH_01198	0
NBILFEPH_01199	0
NBILFEPH_01200	0
NBILFEPH_01201	0
NBILFEPH_01202	0
NBILFEPH_01203	0
NBILFEPH_01204	0
NBILFEPH_01205	0
NBILFEPH_01206	0
NBILFEPH_01207	0
NBILFEPH_01208	0
NBILFEPH_01209	0
NBILFEPH_01210	0
NBILFEPH_01211	0
NBILFEPH_01212	0
NBILFEPH_01213	0
NBILFEPH_01214	0
NBILFEPH_01215	0
NBILFEPH_01216	0
NBILFEPH_01217	0
NBILFEPH_01218	0
NBILFEPH_01219	0
NBILFEPH_01220	0
NBILFEPH_01221	0
NBILFEPH_01222	0
NBILFEPH_01223	0
NBILFEPH_01224	0
NBILFEPH_01225	0
NBILFEPH_01226	0
NBILFEPH_01227	0
NBILFEPH_01228	0
NBILFEPH_01229	0
NBILFEPH_01230	0
NBILFEPH_01231	0
NBILFEPH_01232	0
NBILFEPH_01233	0
NBILFEPH_01234	0
NBILFEPH_01235	0
NBILFEPH_01236	0
NBILFEPH_01237	0
NBILFEPH_01238	0
NBILFEPH_01239	0
NBILFEPH_01240	0
NBILFEPH_01241	1
NBILFEPH_01242	0
NBILFEPH_01243	0
NBILFEPH_01244	0
NBILFEPH_01245	0
NBILFEPH_01246	0
NBILFEPH_01247	0
NBILFEPH_01248	0
NBILFEPH_01249	0
NBILFEPH_01250	0
NBILFEPH_01251	0
NBILFEPH_01252	0
NBILFEPH_01253	0
NBILFEPH_01254	0
NBILFEPH_01255	0
NBILFEPH_01257	0
NBILFEPH_01258	0
NBILFEPH_01259	0
NBILFEPH_01260	0
NBILFEPH_01261	0
NBILFEPH_01262	0
NBILFEPH_01263	0
NBILFEPH_01264	0
NBILFEPH_01265	0
NBILFEPH_01266	0
NBILFEPH_01267	0
NBILFEPH_01268	0
NBILFEPH_01269	0
NBILFEPH_01270	0
NBILFEPH_01271	0
NBILFEPH_01272	0
NBILFEPH_01273	0
NBILFEPH_01274	0
NBILFEPH_01275	0
NBILFEPH_01276	0
NBILFEPH_01277	0
NBILFEPH_01278	0
NBILFEPH_01279	0
NBILFEPH_01280	0
NBILFEPH_01281	0
NBILFEPH_01282	0
NBILFEPH_01283	0
NBILFEPH_01284	0
NBILFEPH_01285	0
NBILFEPH_01286	0
NBILFEPH_01287	0
NBILFEPH_01288	0
NBILFEPH_01289	0
NBILFEPH_01290	0
NBILFEPH_01291	0
NBILFEPH_01292	0
NBILFEPH_01293	0
NBILFEPH_01294	0
NBILFEPH_01295	0
NBILFEPH_01296	0
NBILFEPH_01297	0
NBILFEPH_01298	0
NBILFEPH_01299	0
NBILFEPH_01300	0
NBILFEPH_01301	0
NBILFEPH_01302	0
NBILFEPH_01303	0
NBILFEPH_01304	0
NBILFEPH_01305	0
NBILFEPH_01306	0
NBILFEPH_01307	0
NBILFEPH_01308	0
NBILFEPH_01309	0
NBILFEPH_01310	0
NBILFEPH_01311	0
NBILFEPH_01312	0
NBILFEPH_01313	0
NBILFEPH_01314	0
NBILFEPH_01315	0
NBILFEPH_01316	0
NBILFEPH_01317	0
NBILFEPH_01318	0
NBILFEPH_01319	0
NBILFEPH_01320	0
NBILFEPH_01321	0
NBILFEPH_01322	0
NBILFEPH_01323	0
NBILFEPH_01324	0
NBILFEPH_01325	0
NBILFEPH_01326	0
NBILFEPH_01327	0
NBILFEPH_01328	0
NBILFEPH_01329	0
NBILFEPH_01330	0
NBILFEPH_01331	0
NBILFEPH_01332	0
NBILFEPH_01333	0
NBILFEPH_01334	0
NBILFEPH_01335	0
NBILFEPH_01336	0
NBILFEPH_01337	0
NBILFEPH_01338	0
NBILFEPH_01339	0
NBILFEPH_01340	1
NBILFEPH_01341	0
NBILFEPH_01342	0
NBILFEPH_01343	0
NBILFEPH_01344	0
NBILFEPH_01345	0
NBILFEPH_01346	0
NBILFEPH_01347	0
NBILFEPH_01348	0
NBILFEPH_01349	0
NBILFEPH_01350	0
NBILFEPH_01351	0
NBILFEPH_01352	0
NBILFEPH_01353	0
NBILFEPH_01354	0
NBILFEPH_01355	0
NBILFEPH_01356	0
NBILFEPH_01357	0
NBILFEPH_01358	0
NBILFEPH_01359	0
NBILFEPH_01360	0
NBILFEPH_01361	0
NBILFEPH_01362	0
NBILFEPH_01363	0
NBILFEPH_01364	0
NBILFEPH_01365	0
NBILFEPH_01366	0
NBILFEPH_01367	0
NBILFEPH_01368	0
NBILFEPH_01369	0
NBILFEPH_01370	0
NBILFEPH_01371	0
NBILFEPH_01372	0
NBILFEPH_01373	0
NBILFEPH_01374	0
NBILFEPH_01375	0
NBILFEPH_01376	0
NBILFEPH_01378	0
NBILFEPH_01379	0
NBILFEPH_01380	0
NBILFEPH_01381	0
NBILFEPH_01382	0
NBILFEPH_01383	0
NBILFEPH_01384	0
NBILFEPH_01385	0
NBILFEPH_01386	0
NBILFEPH_01387	0
NBILFEPH_01388	0
NBILFEPH_01389	0
NBILFEPH_01390	0
NBILFEPH_01391	0
NBILFEPH_01392	0
NBILFEPH_01393	0
NBILFEPH_01394	0
NBILFEPH_01395	0
NBILFEPH_01396	0
NBILFEPH_01397	0
NBILFEPH_01398	0
NBILFEPH_01399	0
NBILFEPH_01401	0
NBILFEPH_01402	0
NBILFEPH_01403	0
NBILFEPH_01404	0
NBILFEPH_01405	0
NBILFEPH_01406	0
NBILFEPH_01407	0
NBILFEPH_01408	0
NBILFEPH_01409	0
NBILFEPH_01410	0
NBILFEPH_01411	0
NBILFEPH_01412	0
NBILFEPH_01413	0
NBILFEPH_01414	1
NBILFEPH_01415	0
NBILFEPH_01416	0
NBILFEPH_01417	0
NBILFEPH_01418	0
NBILFEPH_01419	0
NBILFEPH_01420	0
NBILFEPH_01421	0
NBILFEPH_01422	0
NBILFEPH_01424	0
NBILFEPH_01425	0
NBILFEPH_01426	0
NBILFEPH_01427	0
NBILFEPH_01428	0
NBILFEPH_01429	0
NBILFEPH_01430	0
NBILFEPH_01431	0
NBILFEPH_01432	0
NBILFEPH_01433	0
NBILFEPH_01434	0
NBILFEPH_01435	0
NBILFEPH_01436	0
NBILFEPH_01437	0
NBILFEPH_01438	0
NBILFEPH_01439	0
NBILFEPH_01440	0
NBILFEPH_01441	0
NBILFEPH_01442	1
NBILFEPH_01443	0
NBILFEPH_01445	0
NBILFEPH_01446	0
NBILFEPH_01447	0
NBILFEPH_01448	0
NBILFEPH_01449	0
NBILFEPH_01450	0
NBILFEPH_01451	0
NBILFEPH_01452	0
NBILFEPH_01453	0
NBILFEPH_01454	0
NBILFEPH_01455	0
NBILFEPH_01456	0
NBILFEPH_01457	0
NBILFEPH_01458	0
NBILFEPH_01459	0
NBILFEPH_01460	0
NBILFEPH_01461	0
NBILFEPH_01462	0
NBILFEPH_01463	0
NBILFEPH_01464	0
NBILFEPH_01465	0
NBILFEPH_01466	0
NBILFEPH_01467	0
NBILFEPH_01469	0
NBILFEPH_01470	0
NBILFEPH_01471	0
NBILFEPH_01472	0
NBILFEPH_01473	0
NBILFEPH_01474	0
NBILFEPH_01475	0
NBILFEPH_01476	0
NBILFEPH_01477	0
NBILFEPH_01478	0
NBILFEPH_01479	0
NBILFEPH_01480	0
NBILFEPH_01481	0
NBILFEPH_01482	0
NBILFEPH_01483	0
NBILFEPH_01484	0
NBILFEPH_01485	0
NBILFEPH_01486	0
NBILFEPH_01487	0
NBILFEPH_01488	0
NBILFEPH_01489	0
NBILFEPH_01490	0
NBILFEPH_01491	0
NBILFEPH_01492	0
NBILFEPH_01493	0
NBILFEPH_01494	0
NBILFEPH_01495	0
NBILFEPH_01496	0
NBILFEPH_01497	0
NBILFEPH_01498	0
NBILFEPH_01499	0
NBILFEPH_01500	0
NBILFEPH_01501	0
NBILFEPH_01502	0
NBILFEPH_01503	0
NBILFEPH_01504	0
NBILFEPH_01505	0
NBILFEPH_01506	0
NBILFEPH_01507	0
NBILFEPH_01508	0
NBILFEPH_01509	0
NBILFEPH_01510	0
NBILFEPH_01511	0
NBILFEPH_01512	0
NBILFEPH_01513	0
NBILFEPH_01514	0
NBILFEPH_01515	0
NBILFEPH_01516	0
NBILFEPH_01517	0
NBILFEPH_01518	0
NBILFEPH_01519	0
NBILFEPH_01520	0
NBILFEPH_01521	0
NBILFEPH_01522	0
NBILFEPH_01523	0
NBILFEPH_01524	0
NBILFEPH_01525	0
NBILFEPH_01526	0
NBILFEPH_01527	0
NBILFEPH_01528	0
NBILFEPH_01529	0
NBILFEPH_01530	0
NBILFEPH_01531	0
NBILFEPH_01532	0
NBILFEPH_01533	0
NBILFEPH_01534	0
NBILFEPH_01535	0
NBILFEPH_01536	0
NBILFEPH_01537	0
NBILFEPH_01538	0
NBILFEPH_01539	0
NBILFEPH_01540	0
NBILFEPH_01541	0
NBILFEPH_01542	0
NBILFEPH_01543	0
NBILFEPH_01544	0
NBILFEPH_01545	0
NBILFEPH_01546	0
NBILFEPH_01547	0
NBILFEPH_01548	0
NBILFEPH_01549	0
NBILFEPH_01550	0
NBILFEPH_01551	0
NBILFEPH_01552	0
NBILFEPH_01553	0
NBILFEPH_01554	0
NBILFEPH_01555	0
NBILFEPH_01556	0
NBILFEPH_01557	0
NBILFEPH_01558	0
NBILFEPH_01560	1
NBILFEPH_01561	0
NBILFEPH_01562	0
NBILFEPH_01563	0
NBILFEPH_01564	0
NBILFEPH_01565	0
NBILFEPH_01566	0
NBILFEPH_01567	0
NBILFEPH_01568	1
NBILFEPH_01569	0
NBILFEPH_01570	0
NBILFEPH_01571	0
NBILFEPH_01572	0
NBILFEPH_01573	0
NBILFEPH_01574	0
NBILFEPH_01575	0
NBILFEPH_01576	0
NBILFEPH_01577	0
NBILFEPH_01578	0
NBILFEPH_01579	0
NBILFEPH_01580	0
NBILFEPH_01581	0
NBILFEPH_01582	0
NBILFEPH_01583	0
NBILFEPH_01584	0
NBILFEPH_01585	0
NBILFEPH_01586	0
NBILFEPH_01587	0
NBILFEPH_01588	0
NBILFEPH_01589	0
NBILFEPH_01590	0
NBILFEPH_01591	0
NBILFEPH_01592	0
NBILFEPH_01593	0
NBILFEPH_01594	0
NBILFEPH_01596	0
NBILFEPH_01597	2
NBILFEPH_01598	0
NBILFEPH_01599	0
NBILFEPH_01600	0
NBILFEPH_01601	0
NBILFEPH_01602	0
NBILFEPH_01603	0
NBILFEPH_01604	0
NBILFEPH_01605	0
NBILFEPH_01606	0
NBILFEPH_01607	0
NBILFEPH_01608	0
NBILFEPH_01609	0
NBILFEPH_01610	0
NBILFEPH_01611	0
NBILFEPH_01612	0
NBILFEPH_01613	0
NBILFEPH_01614	0
NBILFEPH_01615	0
NBILFEPH_01616	0
NBILFEPH_01617	0
NBILFEPH_01618	0
NBILFEPH_01619	0
NBILFEPH_01620	0
NBILFEPH_01621	0
NBILFEPH_01622	0
NBILFEPH_01623	0
NBILFEPH_01624	0
NBILFEPH_01625	0
NBILFEPH_01626	0
NBILFEPH_01627	0
NBILFEPH_01628	0
NBILFEPH_01629	0
NBILFEPH_01630	0
NBILFEPH_01631	0
NBILFEPH_01632	0
NBILFEPH_01633	0
NBILFEPH_01634	0
NBILFEPH_01635	0
NBILFEPH_01636	0
NBILFEPH_01637	0
NBILFEPH_01638	0
NBILFEPH_01639	0
NBILFEPH_01640	0
NBILFEPH_01641	0
NBILFEPH_01642	0
NBILFEPH_01643	0
NBILFEPH_01644	0
NBILFEPH_01645	0
NBILFEPH_01646	0
NBILFEPH_01647	0
NBILFEPH_01648	0
NBILFEPH_01649	0
NBILFEPH_01650	0
NBILFEPH_01651	0
NBILFEPH_01652	0
NBILFEPH_01653	0
NBILFEPH_01654	0
NBILFEPH_01655	0
NBILFEPH_01656	0
NBILFEPH_01657	0
NBILFEPH_01658	0
NBILFEPH_01659	0
NBILFEPH_01660	0
NBILFEPH_01661	0
NBILFEPH_01662	0
NBILFEPH_01663	0
NBILFEPH_01664	0
NBILFEPH_01665	0
NBILFEPH_01666	0
NBILFEPH_01667	0
NBILFEPH_01668	0
NBILFEPH_01669	0
NBILFEPH_01670	0
NBILFEPH_01671	0
NBILFEPH_01672	0
NBILFEPH_01673	0
NBILFEPH_01674	0
NBILFEPH_01675	0
NBILFEPH_01676	0
NBILFEPH_01677	0
NBILFEPH_01678	0
NBILFEPH_01679	0
NBILFEPH_01680	0
NBILFEPH_01681	0
NBILFEPH_01682	0
NBILFEPH_01683	0
NBILFEPH_01684	0
NBILFEPH_01685	0
NBILFEPH_01686	0
NBILFEPH_01687	0
NBILFEPH_01688	0
NBILFEPH_01689	0
NBILFEPH_01690	0
NBILFEPH_01691	0
NBILFEPH_01692	0
NBILFEPH_01693	0
NBILFEPH_01694	0
NBILFEPH_01695	0
NBILFEPH_01696	0
NBILFEPH_01697	0
NBILFEPH_01698	0
NBILFEPH_01699	0
NBILFEPH_01700	0
NBILFEPH_01701	0
NBILFEPH_01702	0
NBILFEPH_01703	0
NBILFEPH_01704	0
NBILFEPH_01705	0
NBILFEPH_01706	0
NBILFEPH_01707	0
NBILFEPH_01708	0
NBILFEPH_01709	0
NBILFEPH_01710	0
NBILFEPH_01711	0
NBILFEPH_01712	0
NBILFEPH_01713	0
NBILFEPH_01714	0
NBILFEPH_01715	0
NBILFEPH_01716	0
NBILFEPH_01717	0
NBILFEPH_01718	0
NBILFEPH_01719	0
NBILFEPH_01720	0
NBILFEPH_01721	0
NBILFEPH_01722	0
NBILFEPH_01723	0
NBILFEPH_01724	0
NBILFEPH_01725	0
NBILFEPH_01726	0
NBILFEPH_01727	0
NBILFEPH_01728	0
NBILFEPH_01729	0
NBILFEPH_01730	0
NBILFEPH_01731	0
NBILFEPH_01732	0
NBILFEPH_01733	0
NBILFEPH_01734	0
NBILFEPH_01735	0
NBILFEPH_01736	0
NBILFEPH_01737	0
NBILFEPH_01738	0
NBILFEPH_01739	0
NBILFEPH_01740	0
NBILFEPH_01741	0
NBILFEPH_01742	0
NBILFEPH_01743	0
NBILFEPH_01744	0
NBILFEPH_01745	0
NBILFEPH_01746	0
NBILFEPH_01747	0
NBILFEPH_01748	0
NBILFEPH_01749	0
NBILFEPH_01750	0
NBILFEPH_01751	0
NBILFEPH_01752	0
NBILFEPH_01753	0
NBILFEPH_01754	0
NBILFEPH_01755	0
NBILFEPH_01756	0
NBILFEPH_01757	0
NBILFEPH_01758	0
NBILFEPH_01759	0
NBILFEPH_01760	0
NBILFEPH_01761	0
NBILFEPH_01762	0
NBILFEPH_01763	0
NBILFEPH_01764	0
NBILFEPH_01765	0
NBILFEPH_01766	0
NBILFEPH_01767	0
NBILFEPH_01768	0
NBILFEPH_01769	0
NBILFEPH_01770	0
NBILFEPH_01771	0
NBILFEPH_01772	0
NBILFEPH_01773	0
NBILFEPH_01774	22
NBILFEPH_01775	0
NBILFEPH_01776	0
NBILFEPH_01777	0
NBILFEPH_01778	0
NBILFEPH_01779	0
NBILFEPH_01780	0
NBILFEPH_01781	0
NBILFEPH_01782	0
NBILFEPH_01783	0
NBILFEPH_01784	1
NBILFEPH_01785	0
NBILFEPH_01786	0
NBILFEPH_01787	0
NBILFEPH_01788	4
NBILFEPH_01789	4
NBILFEPH_01790	0
NBILFEPH_01791	0
NBILFEPH_01792	0
NBILFEPH_01793	0
NBILFEPH_01794	0
NBILFEPH_01795	0
NBILFEPH_01796	0
NBILFEPH_01797	0
NBILFEPH_01798	0
NBILFEPH_01799	0
NBILFEPH_01800	0
NBILFEPH_01801	0
NBILFEPH_01802	0
NBILFEPH_01803	0
NBILFEPH_01804	0
NBILFEPH_01805	0
NBILFEPH_01806	0
NBILFEPH_01807	0
NBILFEPH_01808	0
NBILFEPH_01809	0
NBILFEPH_01810	0
NBILFEPH_01811	0
NBILFEPH_01812	0
NBILFEPH_01813	0
NBILFEPH_01814	0
NBILFEPH_01815	0
NBILFEPH_01816	0
NBILFEPH_01817	0
NBILFEPH_01818	1
NBILFEPH_01819	0
NBILFEPH_01820	0
NBILFEPH_01821	0
NBILFEPH_01822	0
NBILFEPH_01823	0
NBILFEPH_01824	0
NBILFEPH_01825	0
NBILFEPH_01826	0
NBILFEPH_01827	0
NBILFEPH_01828	0
NBILFEPH_01829	0
NBILFEPH_01830	0
NBILFEPH_01831	0
NBILFEPH_01832	0
NBILFEPH_01833	0
NBILFEPH_01834	0
NBILFEPH_01835	0
NBILFEPH_01836	0
NBILFEPH_01837	0
NBILFEPH_01838	0
NBILFEPH_01839	0
NBILFEPH_01840	0
NBILFEPH_01841	0
NBILFEPH_01842	0
NBILFEPH_01843	0
NBILFEPH_01844	0
NBILFEPH_01845	0
NBILFEPH_01846	0
NBILFEPH_01847	0
__no_feature	121
__ambiguous	0
__too_low_aQual	128
__not_aligned	884146
__alignment_not_unique	0
