[INFO   ]         multiqc : This is MultiQC v1.8
[INFO   ]         multiqc : Template    : default
[INFO   ]         multiqc : Searching   : /home/frle5739/genome_analysis/analyses/01_QC_reads/DNA_trimmed_QC
[INFO   ]          fastqc : Found 4 reports
[INFO   ]         multiqc : Compressing plot data
[INFO   ]         multiqc : Report      : ../../../../../home/frle5739/genome_analysis/analyses/01_QC_reads/multiqc/multiqc_report.html
[INFO   ]         multiqc : Data        : ../../../../../home/frle5739/genome_analysis/analyses/01_QC_reads/multiqc/multiqc_data
[INFO   ]         multiqc : MultiQC complete
[INFO   ]         multiqc : This is MultiQC v1.8
[INFO   ]         multiqc : Template    : default
[INFO   ]         multiqc : Searching   : /home/frle5739/genome_analysis/analyses/01_QC_reads/RNA_trimmed_QC2
[INFO   ]          fastqc : Found 8 reports
[INFO   ]         multiqc : Compressing plot data
[WARNING]         multiqc : Previous MultiQC output found! Adjusting filenames..
[WARNING]         multiqc : Use -f or --force to overwrite existing reports instead
[INFO   ]         multiqc : Report      : ../../../../../home/frle5739/genome_analysis/analyses/01_QC_reads/multiqc/multiqc_report_1.html
[INFO   ]         multiqc : Data        : ../../../../../home/frle5739/genome_analysis/analyses/01_QC_reads/multiqc/multiqc_data_1
[INFO   ]         multiqc : MultiQC complete
[INFO   ]         multiqc : This is MultiQC v1.8
[INFO   ]         multiqc : Template    : default
[INFO   ]         multiqc : Searching   : /home/frle5739/genome_analysis/analyses/01_QC_reads/RNA_untrimmed_QC
[INFO   ]          fastqc : Found 4 reports
[INFO   ]         multiqc : Compressing plot data
[WARNING]         multiqc : Previous MultiQC output found! Adjusting filenames..
[WARNING]         multiqc : Use -f or --force to overwrite existing reports instead
[INFO   ]         multiqc : Report      : ../../../../../home/frle5739/genome_analysis/analyses/01_QC_reads/multiqc/multiqc_report_2.html
[INFO   ]         multiqc : Data        : ../../../../../home/frle5739/genome_analysis/analyses/01_QC_reads/multiqc/multiqc_data_2
[INFO   ]         multiqc : MultiQC complete
