	trimmomatic 0.36 loaded, see 'module help trimmomatic/0.36' for more information.
TrimmomaticPE: Started with arguments:
 -threads 2 -phred33 /home/frle5739/genome_analysis/data/raw_data/RNA_untrimmed/SRR4342137.1.fastq.gz /home/frle5739/genome_analysis/data/raw_data/RNA_untrimmed/SRR4342137.2.fastq.gz /home/frle5739/genome_analysis/data/trimmed_data/RNA_trimmed_modified/SRR4342137_paired_forward.fastq.gz /home/frle5739/genome_analysis/data/trimmed_data/RNA_trimmed_modified/SRR4342137_unpaired_forward.fastq.gz /home/frle5739/genome_analysis/data/trimmed_data/RNA_trimmed_modified/SRR4342137_paired_reverse.fastq.gz /home/frle5739/genome_analysis/data/trimmed_data/RNA_trimmed_modified/SRR4342137_unpaired_reverse.fastq.gz ILLUMINACLIP:/sw/apps/bioinfo/trimmomatic/0.36/rackham/adapters/TruSeq3-PE.fa:2:30:10 LEADING:3 TRAILING:3 SLIDINGWINDOW:4:20 MINLEN:36
Using PrefixPair: 'TACACTCTTTCCCTACACGACGCTCTTCCGATCT' and 'GTGACTGGAGTTCAGACGTGTGCTCTTCCGATCT'
ILLUMINACLIP: Using 1 prefix pairs, 0 forward/reverse sequences, 0 forward only sequences, 0 reverse only sequences
Exception in thread "main" java.io.FileNotFoundException: /home/frle5739/genome_analysis/data/trimmed_data/RNA_trimmed_modified/SRR4342137_paired_forward.fastq.gz (No such file or directory)
	at java.io.FileOutputStream.open0(Native Method)
	at java.io.FileOutputStream.open(FileOutputStream.java:270)
	at java.io.FileOutputStream.<init>(FileOutputStream.java:213)
	at java.io.FileOutputStream.<init>(FileOutputStream.java:162)
	at org.usadellab.trimmomatic.fastq.FastqSerializer.open(FastqSerializer.java:28)
	at org.usadellab.trimmomatic.TrimmomaticPE.process(TrimmomaticPE.java:288)
	at org.usadellab.trimmomatic.TrimmomaticPE.run(TrimmomaticPE.java:539)
	at org.usadellab.trimmomatic.Trimmomatic.main(Trimmomatic.java:80)
TrimmomaticPE: Started with arguments:
 -threads 2 -phred33 /home/frle5739/genome_analysis/data/raw_data/RNA_untrimmed/SRR4342139.1.fastq.gz /home/frle5739/genome_analysis/data/raw_data/RNA_untrimmed/SRR4342139.2.fastq.gz /home/frle5739/genome_analysis/data/trimmed_data/RNA_trimmed_modified/SRR4342139_paired_forward.fastq.gz /home/frle5739/genome_analysis/data/trimmed_data/RNA_trimmed_modified/SRR4342139_unpaired_forward.fastq.gz /home/frle5739/genome_analysis/data/trimmed_data/RNA_trimmed_modified/SRR4342139_paired_reverse.fastq.gz /home/frle5739/genome_analysis/data/trimmed_data/RNA_trimmed_modified/SRR4342139_unpaired_reverse.fastq.gz ILLUMINACLIP:/sw/apps/bioinfo/trimmomatic/0.36/rackham/adapters/TruSeq3-PE.fa:2:30:10 LEADING:3 TRAILING:3 SLIDINGWINDOW:4:20 MINLEN:36
Using PrefixPair: 'TACACTCTTTCCCTACACGACGCTCTTCCGATCT' and 'GTGACTGGAGTTCAGACGTGTGCTCTTCCGATCT'
ILLUMINACLIP: Using 1 prefix pairs, 0 forward/reverse sequences, 0 forward only sequences, 0 reverse only sequences
Exception in thread "main" java.io.FileNotFoundException: /home/frle5739/genome_analysis/data/trimmed_data/RNA_trimmed_modified/SRR4342139_paired_forward.fastq.gz (No such file or directory)
	at java.io.FileOutputStream.open0(Native Method)
	at java.io.FileOutputStream.open(FileOutputStream.java:270)
	at java.io.FileOutputStream.<init>(FileOutputStream.java:213)
	at java.io.FileOutputStream.<init>(FileOutputStream.java:162)
	at org.usadellab.trimmomatic.fastq.FastqSerializer.open(FastqSerializer.java:28)
	at org.usadellab.trimmomatic.TrimmomaticPE.process(TrimmomaticPE.java:288)
	at org.usadellab.trimmomatic.TrimmomaticPE.run(TrimmomaticPE.java:539)
	at org.usadellab.trimmomatic.Trimmomatic.main(Trimmomatic.java:80)
