388 GFF lines processed.
100000 SAM alignment record pairs processed.
200000 SAM alignment record pairs processed.
300000 SAM alignment record pairs processed.
400000 SAM alignment record pairs processed.
500000 SAM alignment record pairs processed.
600000 SAM alignment record pairs processed.
700000 SAM alignment record pairs processed.
Warning: Mate records missing for 1 records; first such record: <SAM_Alignment object: Paired-end read 'SRR4342139.929892' aligned to k105_143400:[2617,2661)/+>.
741650 SAM alignment pairs processed.
1412 GFF lines processed.
100000 SAM alignment record pairs processed.
200000 SAM alignment record pairs processed.
300000 SAM alignment record pairs processed.
400000 SAM alignment record pairs processed.
500000 SAM alignment record pairs processed.
600000 SAM alignment record pairs processed.
700000 SAM alignment record pairs processed.
Warning: Mate records missing for 4 records; first such record: <SAM_Alignment object: Paired-end read 'SRR4342139.61076' aligned to k105_160966:[1471,1508)/+>.
741653 SAM alignment pairs processed.
2927 GFF lines processed.
100000 SAM alignment record pairs processed.
200000 SAM alignment record pairs processed.
300000 SAM alignment record pairs processed.
400000 SAM alignment record pairs processed.
500000 SAM alignment record pairs processed.
600000 SAM alignment record pairs processed.
700000 SAM alignment record pairs processed.
Warning: Mate records missing for 6 records; first such record: <SAM_Alignment object: Paired-end read 'SRR4342139.678706' aligned to k105_214513:[4016,4047)/->.
741655 SAM alignment pairs processed.
1750 GFF lines processed.
100000 SAM alignment record pairs processed.
200000 SAM alignment record pairs processed.
300000 SAM alignment record pairs processed.
400000 SAM alignment record pairs processed.
500000 SAM alignment record pairs processed.
600000 SAM alignment record pairs processed.
700000 SAM alignment record pairs processed.
Warning: Mate records missing for 13 records; first such record: <SAM_Alignment object: Paired-end read 'SRR4342139.879782' aligned to k105_42866:[7435,7498)/->.
741662 SAM alignment pairs processed.
1545 GFF lines processed.
100000 SAM alignment record pairs processed.
200000 SAM alignment record pairs processed.
300000 SAM alignment record pairs processed.
400000 SAM alignment record pairs processed.
500000 SAM alignment record pairs processed.
600000 SAM alignment record pairs processed.
700000 SAM alignment record pairs processed.
741649 SAM alignment pairs processed.
1179 GFF lines processed.
100000 SAM alignment record pairs processed.
200000 SAM alignment record pairs processed.
300000 SAM alignment record pairs processed.
400000 SAM alignment record pairs processed.
500000 SAM alignment record pairs processed.
600000 SAM alignment record pairs processed.
700000 SAM alignment record pairs processed.
741649 SAM alignment pairs processed.
2025 GFF lines processed.
100000 SAM alignment record pairs processed.
200000 SAM alignment record pairs processed.
300000 SAM alignment record pairs processed.
400000 SAM alignment record pairs processed.
500000 SAM alignment record pairs processed.
600000 SAM alignment record pairs processed.
700000 SAM alignment record pairs processed.
Warning: Mate records missing for 1 records; first such record: <SAM_Alignment object: Paired-end read 'SRR4342139.759676' aligned to k105_281366:[5136,5166)/->.
741650 SAM alignment pairs processed.
1451 GFF lines processed.
100000 SAM alignment record pairs processed.
200000 SAM alignment record pairs processed.
300000 SAM alignment record pairs processed.
400000 SAM alignment record pairs processed.
500000 SAM alignment record pairs processed.
600000 SAM alignment record pairs processed.
700000 SAM alignment record pairs processed.
Warning: Mate records missing for 3 records; first such record: <SAM_Alignment object: Paired-end read 'SRR4342139.133252' aligned to k105_259047:[2633,2669)/+>.
741652 SAM alignment pairs processed.
2454 GFF lines processed.
100000 SAM alignment record pairs processed.
200000 SAM alignment record pairs processed.
300000 SAM alignment record pairs processed.
400000 SAM alignment record pairs processed.
500000 SAM alignment record pairs processed.
600000 SAM alignment record pairs processed.
700000 SAM alignment record pairs processed.
Warning: Mate records missing for 1 records; first such record: <SAM_Alignment object: Paired-end read 'SRR4342139.427360' aligned to k105_191243:[16037,16067)/->.
741650 SAM alignment pairs processed.
1317 GFF lines processed.
100000 SAM alignment record pairs processed.
200000 SAM alignment record pairs processed.
300000 SAM alignment record pairs processed.
400000 SAM alignment record pairs processed.
500000 SAM alignment record pairs processed.
600000 SAM alignment record pairs processed.
700000 SAM alignment record pairs processed.
741649 SAM alignment pairs processed.
1847 GFF lines processed.
100000 SAM alignment record pairs processed.
200000 SAM alignment record pairs processed.
300000 SAM alignment record pairs processed.
400000 SAM alignment record pairs processed.
500000 SAM alignment record pairs processed.
600000 SAM alignment record pairs processed.
700000 SAM alignment record pairs processed.
Warning: Mate records missing for 1 records; first such record: <SAM_Alignment object: Paired-end read 'SRR4342139.988609' aligned to k105_86796:[0,47)/+>.
741650 SAM alignment pairs processed.
758 GFF lines processed.
100000 SAM alignment record pairs processed.
200000 SAM alignment record pairs processed.
300000 SAM alignment record pairs processed.
400000 SAM alignment record pairs processed.
500000 SAM alignment record pairs processed.
600000 SAM alignment record pairs processed.
700000 SAM alignment record pairs processed.
741649 SAM alignment pairs processed.
701 GFF lines processed.
100000 SAM alignment record pairs processed.
200000 SAM alignment record pairs processed.
300000 SAM alignment record pairs processed.
400000 SAM alignment record pairs processed.
500000 SAM alignment record pairs processed.
600000 SAM alignment record pairs processed.
700000 SAM alignment record pairs processed.
741649 SAM alignment pairs processed.
1546 GFF lines processed.
100000 SAM alignment record pairs processed.
200000 SAM alignment record pairs processed.
300000 SAM alignment record pairs processed.
400000 SAM alignment record pairs processed.
500000 SAM alignment record pairs processed.
600000 SAM alignment record pairs processed.
700000 SAM alignment record pairs processed.
Warning: Mate records missing for 2 records; first such record: <SAM_Alignment object: Paired-end read 'SRR4342139.246150' aligned to k105_101112:[0,61)/->.
741651 SAM alignment pairs processed.
1223 GFF lines processed.
100000 SAM alignment record pairs processed.
200000 SAM alignment record pairs processed.
300000 SAM alignment record pairs processed.
400000 SAM alignment record pairs processed.
500000 SAM alignment record pairs processed.
600000 SAM alignment record pairs processed.
700000 SAM alignment record pairs processed.
Warning: Mate records missing for 1 records; first such record: <SAM_Alignment object: Paired-end read 'SRR4342139.104669' aligned to k105_286998:[584,625)/->.
741650 SAM alignment pairs processed.
1440 GFF lines processed.
100000 SAM alignment record pairs processed.
200000 SAM alignment record pairs processed.
300000 SAM alignment record pairs processed.
400000 SAM alignment record pairs processed.
500000 SAM alignment record pairs processed.
600000 SAM alignment record pairs processed.
700000 SAM alignment record pairs processed.
Warning: Mate records missing for 3 records; first such record: <SAM_Alignment object: Paired-end read 'SRR4342139.395758' aligned to k105_319893:[23109,23146)/+>.
741652 SAM alignment pairs processed.
1555 GFF lines processed.
100000 SAM alignment record pairs processed.
200000 SAM alignment record pairs processed.
300000 SAM alignment record pairs processed.
400000 SAM alignment record pairs processed.
500000 SAM alignment record pairs processed.
600000 SAM alignment record pairs processed.
700000 SAM alignment record pairs processed.
741649 SAM alignment pairs processed.
2455 GFF lines processed.
100000 SAM alignment record pairs processed.
200000 SAM alignment record pairs processed.
300000 SAM alignment record pairs processed.
400000 SAM alignment record pairs processed.
500000 SAM alignment record pairs processed.
600000 SAM alignment record pairs processed.
700000 SAM alignment record pairs processed.
Warning: Mate records missing for 37 records; first such record: <SAM_Alignment object: Paired-end read 'SRR4342139.413302' aligned to k105_187179:[13340,13370)/+>.
741686 SAM alignment pairs processed.
