[2020-04-15 14:50:28,190] multiqc                                            [DEBUG  ]  No MultiQC config found: /sw/bioinfo/MultiQC/1.8/rackham/lib/python3.6/site-packages/multiqc_config.yaml
[2020-04-15 14:50:28,191] multiqc                                            [DEBUG  ]  No MultiQC config found: /home/frle5739/.multiqc_config.yaml
[2020-04-15 14:50:28,191] multiqc                                            [DEBUG  ]  No MultiQC config found: multiqc_config.yaml
[2020-04-15 14:50:28,191] multiqc                                            [DEBUG  ]  Command used: /sw/bioinfo/MultiQC/1.8/rackham/bin/multiqc -o /home/frle5739/genome_analysis/analyses/01_QC_reads/multiqc /home/frle5739/genome_analysis/analyses/01_QC_reads/RNA_untrimmed_QC
[2020-04-15 14:50:28,435] multiqc                                            [DEBUG  ]  Latest MultiQC version is v1.8
[2020-04-15 14:50:28,435] multiqc                                            [INFO   ]  This is MultiQC v1.8
[2020-04-15 14:50:28,435] multiqc                                            [DEBUG  ]  Command     : /sw/bioinfo/MultiQC/1.8/rackham/bin/multiqc -o /home/frle5739/genome_analysis/analyses/01_QC_reads/multiqc /home/frle5739/genome_analysis/analyses/01_QC_reads/RNA_untrimmed_QC
[2020-04-15 14:50:28,436] multiqc                                            [DEBUG  ]  Working dir : /domus/h1/frle5739/genome_analysis/code
[2020-04-15 14:50:28,436] multiqc                                            [INFO   ]  Template    : default
[2020-04-15 14:50:28,436] multiqc                                            [DEBUG  ]  Running Python 3.6.8 (default, Mar 14 2019, 16:13:09)  [GCC 4.8.5 20150623 (Red Hat 4.8.5-36)]
[2020-04-15 14:50:28,436] multiqc                                            [INFO   ]  Searching   : /home/frle5739/genome_analysis/analyses/01_QC_reads/RNA_untrimmed_QC
[2020-04-15 14:50:28,437] multiqc                                            [DEBUG  ]  Analysing modules: custom_content, conpair, peddy, methylQA, phantompeakqualtools, qualimap, preseq, quast, qorts, rna_seqc, rsem, rseqc, busco, goleft_indexcov, disambiguate, supernova, deeptools, sargasso, verifybamid, mirtrace, happy, homer, macs2, theta2, snpeff, gatk, htseq, bcftools, featureCounts, fgbio, dedup, damageprofiler, biobambam2, mtnucratio, picard, prokka, samblaster, samtools, sexdeterrmine, bamtools, jellyfish, vcftools, longranger, stacks, bbmap, bismark, biscuit, hicexplorer, hicup, hicpro, salmon, kallisto, slamdunk, star, hisat2, tophat, bowtie2, bowtie1, kat, leehom, adapterRemoval, clipandmerge, cutadapt, flexbar, trimmomatic, skewer, sortmerna, biobloomtools, fastq_screen, afterqc, fastp, fastqc, minionqc, mosdepth, clusterflow, bcl2fastq, interop, flash, seqyclean
[2020-04-15 14:50:28,437] multiqc                                            [DEBUG  ]  Using temporary directory for creating report: /scratch/13546976/tmpo7ox4pq5
[2020-04-15 14:50:28,584] multiqc                                            [DEBUG  ]  Ignoring file as matched an ignore pattern: SRR4342137.1_fastqc.html
[2020-04-15 14:50:28,591] multiqc                                            [DEBUG  ]  Ignoring file as matched an ignore pattern: SRR4342137.2_fastqc.html
[2020-04-15 14:50:28,591] multiqc                                            [DEBUG  ]  Ignoring file as matched an ignore pattern: SRR4342139.1_fastqc.html
[2020-04-15 14:50:28,592] multiqc                                            [DEBUG  ]  Ignoring file as matched an ignore pattern: SRR4342139.2_fastqc.html
[2020-04-15 14:50:28,919] multiqc.plots.bargraph                             [DEBUG  ]  Using matplotlib version 3.1.1
[2020-04-15 14:50:28,920] multiqc.plots.linegraph                            [DEBUG  ]  Using matplotlib version 3.1.1
[2020-04-15 14:50:28,922] multiqc                                            [DEBUG  ]  No samples found: custom_content
[2020-04-15 14:50:28,928] multiqc                                            [DEBUG  ]  No samples found: conpair
[2020-04-15 14:50:28,933] multiqc                                            [DEBUG  ]  No samples found: peddy
[2020-04-15 14:50:28,938] multiqc                                            [DEBUG  ]  No samples found: methylQA
[2020-04-15 14:50:28,943] multiqc                                            [DEBUG  ]  No samples found: phantompeakqualtools
[2020-04-15 14:50:28,950] multiqc                                            [DEBUG  ]  No samples found: qualimap
[2020-04-15 14:50:28,955] multiqc                                            [DEBUG  ]  No samples found: preseq
[2020-04-15 14:50:28,960] multiqc                                            [DEBUG  ]  No samples found: quast
[2020-04-15 14:50:28,965] multiqc                                            [DEBUG  ]  No samples found: qorts
[2020-04-15 14:50:28,970] multiqc                                            [DEBUG  ]  No samples found: rna_seqc
[2020-04-15 14:50:28,975] multiqc                                            [DEBUG  ]  No samples found: rsem
[2020-04-15 14:50:28,986] multiqc                                            [DEBUG  ]  No samples found: rseqc
[2020-04-15 14:50:28,991] multiqc                                            [DEBUG  ]  No samples found: busco
[2020-04-15 14:50:28,997] multiqc                                            [DEBUG  ]  No samples found: goleft_indexcov
[2020-04-15 14:50:29,003] multiqc                                            [DEBUG  ]  No samples found: disambiguate
[2020-04-15 14:50:29,008] multiqc                                            [DEBUG  ]  No samples found: supernova
[2020-04-15 14:50:29,020] multiqc                                            [DEBUG  ]  No samples found: deeptools
[2020-04-15 14:50:29,025] multiqc                                            [DEBUG  ]  No samples found: sargasso
[2020-04-15 14:50:29,030] multiqc                                            [DEBUG  ]  No samples found: verifybamid
[2020-04-15 14:50:29,035] multiqc                                            [DEBUG  ]  No samples found: mirtrace
[2020-04-15 14:50:29,040] multiqc                                            [DEBUG  ]  No samples found: happy
[2020-04-15 14:50:29,047] multiqc                                            [DEBUG  ]  No samples found: homer
[2020-04-15 14:50:29,052] multiqc                                            [DEBUG  ]  No samples found: macs2
[2020-04-15 14:50:29,057] multiqc                                            [DEBUG  ]  No samples found: theta2
[2020-04-15 14:50:29,062] multiqc                                            [DEBUG  ]  No samples found: snpeff
[2020-04-15 14:50:29,069] multiqc                                            [DEBUG  ]  No samples found: gatk
[2020-04-15 14:50:29,074] multiqc                                            [DEBUG  ]  No samples found: htseq
[2020-04-15 14:50:29,080] multiqc                                            [DEBUG  ]  No samples found: bcftools
[2020-04-15 14:50:29,084] multiqc                                            [DEBUG  ]  No samples found: featureCounts
[2020-04-15 14:50:29,090] multiqc                                            [DEBUG  ]  No samples found: fgbio
[2020-04-15 14:50:29,095] multiqc                                            [DEBUG  ]  No samples found: dedup
[2020-04-15 14:50:29,100] multiqc                                            [DEBUG  ]  No samples found: damageprofiler
[2020-04-15 14:50:29,116] multiqc                                            [DEBUG  ]  No samples found: biobambam2
[2020-04-15 14:50:29,121] multiqc                                            [DEBUG  ]  No samples found: mtnucratio
[2020-04-15 14:50:29,125] multiqc                                            [DEBUG  ]  No samples found: picard
[2020-04-15 14:50:29,130] multiqc                                            [DEBUG  ]  No samples found: prokka
[2020-04-15 14:50:29,135] multiqc                                            [DEBUG  ]  No samples found: samblaster
[2020-04-15 14:50:29,143] multiqc                                            [DEBUG  ]  No samples found: samtools
[2020-04-15 14:50:29,148] multiqc                                            [DEBUG  ]  No samples found: sexdeterrmine
[2020-04-15 14:50:29,154] multiqc                                            [DEBUG  ]  No samples found: bamtools
[2020-04-15 14:50:29,159] multiqc                                            [DEBUG  ]  No samples found: jellyfish
[2020-04-15 14:50:29,167] multiqc                                            [DEBUG  ]  No samples found: vcftools
[2020-04-15 14:50:29,172] multiqc                                            [DEBUG  ]  No samples found: longranger
[2020-04-15 14:50:29,177] multiqc                                            [DEBUG  ]  No samples found: stacks
[2020-04-15 14:50:29,194] multiqc                                            [DEBUG  ]  No samples found: bbmap
[2020-04-15 14:50:29,199] multiqc                                            [DEBUG  ]  No samples found: bismark
[2020-04-15 14:50:29,204] multiqc                                            [DEBUG  ]  No samples found: biscuit
[2020-04-15 14:50:29,209] multiqc                                            [DEBUG  ]  No samples found: hicexplorer
[2020-04-15 14:50:29,214] multiqc                                            [DEBUG  ]  No samples found: hicup
[2020-04-15 14:50:29,219] multiqc                                            [DEBUG  ]  No samples found: hicpro
[2020-04-15 14:50:29,225] multiqc                                            [DEBUG  ]  No samples found: salmon
[2020-04-15 14:50:29,230] multiqc                                            [DEBUG  ]  No samples found: kallisto
[2020-04-15 14:50:29,235] multiqc                                            [DEBUG  ]  No samples found: slamdunk
[2020-04-15 14:50:29,240] multiqc                                            [DEBUG  ]  No samples found: star
[2020-04-15 14:50:29,245] multiqc                                            [DEBUG  ]  No samples found: hisat2
[2020-04-15 14:50:29,250] multiqc                                            [DEBUG  ]  No samples found: tophat
[2020-04-15 14:50:29,255] multiqc                                            [DEBUG  ]  No samples found: bowtie2
[2020-04-15 14:50:29,260] multiqc                                            [DEBUG  ]  No samples found: bowtie1
[2020-04-15 14:50:29,265] multiqc                                            [DEBUG  ]  No samples found: kat
[2020-04-15 14:50:29,270] multiqc                                            [DEBUG  ]  No samples found: leehom
[2020-04-15 14:50:29,275] multiqc                                            [DEBUG  ]  No samples found: adapterRemoval
[2020-04-15 14:50:29,280] multiqc                                            [DEBUG  ]  No samples found: clipandmerge
[2020-04-15 14:50:29,286] multiqc                                            [DEBUG  ]  No samples found: cutadapt
[2020-04-15 14:50:29,291] multiqc                                            [DEBUG  ]  No samples found: flexbar
[2020-04-15 14:50:29,296] multiqc                                            [DEBUG  ]  No samples found: trimmomatic
[2020-04-15 14:50:29,301] multiqc                                            [DEBUG  ]  No samples found: skewer
[2020-04-15 14:50:29,306] multiqc                                            [DEBUG  ]  No samples found: sortmerna
[2020-04-15 14:50:29,311] multiqc                                            [DEBUG  ]  No samples found: biobloomtools
[2020-04-15 14:50:29,316] multiqc                                            [DEBUG  ]  No samples found: fastq_screen
[2020-04-15 14:50:29,321] multiqc                                            [DEBUG  ]  No samples found: afterqc
[2020-04-15 14:50:29,326] multiqc                                            [DEBUG  ]  No samples found: fastp
[2020-04-15 14:50:29,509] multiqc.modules.fastqc.fastqc                      [INFO   ]  Found 4 reports
[2020-04-15 14:50:29,619] multiqc                                            [DEBUG  ]  No samples found: minionqc
[2020-04-15 14:50:29,625] multiqc                                            [DEBUG  ]  No samples found: mosdepth
[2020-04-15 14:50:29,630] multiqc                                            [DEBUG  ]  No samples found: clusterflow
[2020-04-15 14:50:29,635] multiqc                                            [DEBUG  ]  No samples found: bcl2fastq
[2020-04-15 14:50:29,640] multiqc                                            [DEBUG  ]  No samples found: interop
[2020-04-15 14:50:29,645] multiqc                                            [DEBUG  ]  No samples found: flash
[2020-04-15 14:50:29,651] multiqc                                            [DEBUG  ]  No samples found: seqyclean
[2020-04-15 14:50:29,661] multiqc                                            [INFO   ]  Compressing plot data
[2020-04-15 14:50:29,760] multiqc                                            [WARNING]  Previous MultiQC output found! Adjusting filenames..
[2020-04-15 14:50:29,760] multiqc                                            [WARNING]  Use -f or --force to overwrite existing reports instead
[2020-04-15 14:50:29,760] multiqc                                            [INFO   ]  Report      : ../../../../../home/frle5739/genome_analysis/analyses/01_QC_reads/multiqc/multiqc_report_2.html
[2020-04-15 14:50:29,760] multiqc                                            [INFO   ]  Data        : ../../../../../home/frle5739/genome_analysis/analyses/01_QC_reads/multiqc/multiqc_data_2
[2020-04-15 14:50:29,761] multiqc                                            [DEBUG  ]  Moving data file from '/scratch/13546976/tmpo7ox4pq5/multiqc_data/multiqc_general_stats.txt' to '/home/frle5739/genome_analysis/analyses/01_QC_reads/multiqc/multiqc_data_2'
[2020-04-15 14:50:29,763] multiqc                                            [DEBUG  ]  Moving data file from '/scratch/13546976/tmpo7ox4pq5/multiqc_data/multiqc_qualimap_bamqc_genome_results.txt' to '/home/frle5739/genome_analysis/analyses/01_QC_reads/multiqc/multiqc_data_2'
[2020-04-15 14:50:29,764] multiqc                                            [DEBUG  ]  Moving data file from '/scratch/13546976/tmpo7ox4pq5/multiqc_data/multiqc_data.json' to '/home/frle5739/genome_analysis/analyses/01_QC_reads/multiqc/multiqc_data_2'
[2020-04-15 14:50:29,769] multiqc                                            [DEBUG  ]  Moving data file from '/scratch/13546976/tmpo7ox4pq5/multiqc_data/multiqc_sources.txt' to '/home/frle5739/genome_analysis/analyses/01_QC_reads/multiqc/multiqc_data_2'
[2020-04-15 14:50:29,772] multiqc                                            [DEBUG  ]  Moving data file from '/scratch/13546976/tmpo7ox4pq5/multiqc_data/multiqc_fastqc.txt' to '/home/frle5739/genome_analysis/analyses/01_QC_reads/multiqc/multiqc_data_2'
[2020-04-15 14:50:29,951] multiqc                                            [INFO   ]  MultiQC complete
