FPHPIGEG_00002	0.0
FPHPIGEG_00003	0.0
FPHPIGEG_00004	0.0
FPHPIGEG_00005	0.0
FPHPIGEG_00006	0.0
FPHPIGEG_00007	0.0
FPHPIGEG_00008	9.67896409253
FPHPIGEG_00009	1.72157818174
FPHPIGEG_00010	0.0
FPHPIGEG_00011	0.0
FPHPIGEG_00012	0.0
FPHPIGEG_00013	0.0
FPHPIGEG_00014	0.0
FPHPIGEG_00015	0.0
FPHPIGEG_00016	0.0
FPHPIGEG_00017	1.82633765106
FPHPIGEG_00018	0.0
FPHPIGEG_00019	0.926641808203
FPHPIGEG_00020	0.0
FPHPIGEG_00021	0.0
FPHPIGEG_00022	5.20969127192
FPHPIGEG_00023	0.0
FPHPIGEG_00024	0.0
FPHPIGEG_00025	0.0
FPHPIGEG_00026	0.0
FPHPIGEG_00027	0.0
FPHPIGEG_00028	0.0
FPHPIGEG_00029	0.0
FPHPIGEG_00030	0.0
FPHPIGEG_00031	0.0
FPHPIGEG_00032	0.0
FPHPIGEG_00033	0.0
FPHPIGEG_00034	0.0
FPHPIGEG_00035	1.76365523558
FPHPIGEG_00036	1.42920734009
FPHPIGEG_00037	0.0
FPHPIGEG_00039	0.0
FPHPIGEG_00040	0.0
FPHPIGEG_00041	0.0
FPHPIGEG_00042	0.0
FPHPIGEG_00043	0.0
FPHPIGEG_00044	0.79222355011
FPHPIGEG_00045	0.0
FPHPIGEG_00046	0.0
FPHPIGEG_00047	0.0
FPHPIGEG_00048	0.0
FPHPIGEG_00049	0.0
FPHPIGEG_00050	0.0
FPHPIGEG_00051	0.0
FPHPIGEG_00052	0.0
FPHPIGEG_00053	0.0
FPHPIGEG_00054	0.0
FPHPIGEG_00055	0.0
FPHPIGEG_00056	1.41755862822
FPHPIGEG_00057	55.9135953512
FPHPIGEG_00058	45.2677705251
FPHPIGEG_00059	0.0
FPHPIGEG_00060	0.0
FPHPIGEG_00061	0.0
FPHPIGEG_00062	18.6200495107
FPHPIGEG_00063	1.1252518308
FPHPIGEG_00064	1.90882736346
FPHPIGEG_00066	0.0
FPHPIGEG_00067	0.0
FPHPIGEG_00068	1.13276854309
FPHPIGEG_00069	0.0
FPHPIGEG_00070	4.16775301754
FPHPIGEG_00071	0.0
FPHPIGEG_00072	0.0
FPHPIGEG_00073	1.19756674365
FPHPIGEG_00074	0.0
FPHPIGEG_00075	0.0
FPHPIGEG_00076	0.0
FPHPIGEG_00077	1.42920734009
FPHPIGEG_00078	8.92502373164
FPHPIGEG_00079	0.0
FPHPIGEG_00080	0.0
FPHPIGEG_00081	0.0
FPHPIGEG_00082	0.0
FPHPIGEG_00083	0.0
FPHPIGEG_00084	0.0
FPHPIGEG_00085	0.0
FPHPIGEG_00087	0.0
FPHPIGEG_00088	0.0
FPHPIGEG_00089	0.0
FPHPIGEG_00090	0.0
FPHPIGEG_00091	0.0
FPHPIGEG_00092	0.0
FPHPIGEG_00093	0.0
FPHPIGEG_00094	0.0
FPHPIGEG_00095	0.0
FPHPIGEG_00096	0.0
FPHPIGEG_00097	0.0
FPHPIGEG_00098	0.0
FPHPIGEG_00099	0.0
FPHPIGEG_00100	3.25676055026
FPHPIGEG_00101	0.0
FPHPIGEG_00102	0.0
FPHPIGEG_00103	1.0625028252
FPHPIGEG_00104	0.488971888412
FPHPIGEG_00105	0.0
FPHPIGEG_00106	0.0
FPHPIGEG_00107	0.0
FPHPIGEG_00108	0.0
FPHPIGEG_00109	0.0
FPHPIGEG_00110	0.0
FPHPIGEG_00111	0.0
FPHPIGEG_00112	0.0
FPHPIGEG_00113	1.44427084766
FPHPIGEG_00114	2.78449016258
FPHPIGEG_00115	0.0
FPHPIGEG_00116	0.0
FPHPIGEG_00117	0.0
FPHPIGEG_00118	0.0
FPHPIGEG_00119	0.0
FPHPIGEG_00120	0.0
FPHPIGEG_00121	0.681847410137
FPHPIGEG_00122	0.0
FPHPIGEG_00123	0.0
FPHPIGEG_00124	0.0
FPHPIGEG_00125	0.0
FPHPIGEG_00126	0.0
FPHPIGEG_00127	0.0
FPHPIGEG_00128	0.0
FPHPIGEG_00129	0.0
FPHPIGEG_00130	1.1862570892
FPHPIGEG_00131	0.0
FPHPIGEG_00132	0.0
FPHPIGEG_00133	0.0
FPHPIGEG_00134	15.486342548
FPHPIGEG_00135	4.63320904101
FPHPIGEG_00136	2.60484563596
FPHPIGEG_00137	0.0
FPHPIGEG_00139	0.0
FPHPIGEG_00140	0.0
FPHPIGEG_00141	0.0
FPHPIGEG_00142	0.0
FPHPIGEG_00143	0.0
FPHPIGEG_00144	3.23000858859
FPHPIGEG_00146	0.0
FPHPIGEG_00147	0.0
FPHPIGEG_00148	0.0
FPHPIGEG_00149	0.0
FPHPIGEG_00150	2.93637144418
FPHPIGEG_00151	2.01875536787
FPHPIGEG_00152	0.0
FPHPIGEG_00153	0.0
FPHPIGEG_00154	0.0
FPHPIGEG_00155	0.0
FPHPIGEG_00156	0.0
FPHPIGEG_00157	0.0
FPHPIGEG_00158	0.0
FPHPIGEG_00159	3.47236552964
FPHPIGEG_00160	0.0
FPHPIGEG_00161	0.0
FPHPIGEG_00162	0.0
FPHPIGEG_00163	0.839898221402
FPHPIGEG_00164	0.761794478442
FPHPIGEG_00165	0.0
FPHPIGEG_00166	2.26553708619
FPHPIGEG_00167	1.11215248992
FPHPIGEG_00168	0.0
FPHPIGEG_00169	5.69809982867
FPHPIGEG_00170	0.0
FPHPIGEG_00171	0.0
FPHPIGEG_00172	0.0
FPHPIGEG_00173	0.0
FPHPIGEG_00174	1.2052270853
FPHPIGEG_00175	0.0
FPHPIGEG_00177	0.0
FPHPIGEG_00178	0.0
FPHPIGEG_00179	1.18006576828
FPHPIGEG_00180	19.8650687957
FPHPIGEG_00181	0.0
FPHPIGEG_00182	0.0
FPHPIGEG_00183	0.0
FPHPIGEG_00184	0.0
FPHPIGEG_00185	0.0
FPHPIGEG_00186	0.0
FPHPIGEG_00187	0.0
FPHPIGEG_00188	0.0
FPHPIGEG_00189	0.0
FPHPIGEG_00190	3.89157661276
FPHPIGEG_00191	1.07462262928
FPHPIGEG_00192	0.0
FPHPIGEG_00193	0.0
FPHPIGEG_00194	0.0
FPHPIGEG_00195	0.0
FPHPIGEG_00196	0.0
FPHPIGEG_00197	16.4436800874
FPHPIGEG_00198	3.42923055412
FPHPIGEG_00199	0.0
FPHPIGEG_00200	0.0
FPHPIGEG_00201	0.0
FPHPIGEG_00202	0.0
FPHPIGEG_00203	0.0
FPHPIGEG_00204	0.0
FPHPIGEG_00205	1.2832043201
FPHPIGEG_00206	0.0
FPHPIGEG_00207	0.0
FPHPIGEG_00208	6.42737021735
FPHPIGEG_00209	6.93336252877
FPHPIGEG_00210	7.36084431475
FPHPIGEG_00211	1.92589949916
FPHPIGEG_00213	0.823381650406
FPHPIGEG_00214	0.0
FPHPIGEG_00215	0.0
FPHPIGEG_00216	0.0
FPHPIGEG_00217	3.36793348364
FPHPIGEG_00218	0.0
FPHPIGEG_00220	0.0
FPHPIGEG_00221	1.20138470351
FPHPIGEG_00222	0.0
FPHPIGEG_00223	0.0
FPHPIGEG_00224	0.0
FPHPIGEG_00225	0.0
FPHPIGEG_00227	5.73859393912
FPHPIGEG_00228	0.0
FPHPIGEG_00229	0.0
FPHPIGEG_00230	0.940518307827
FPHPIGEG_00231	41.4135941406
FPHPIGEG_00232	0.0
FPHPIGEG_00233	0.0
FPHPIGEG_00234	0.0
FPHPIGEG_00236	14.0145000745
FPHPIGEG_00237	0.0
FPHPIGEG_00238	0.409305939901
FPHPIGEG_00239	0.0
FPHPIGEG_00240	0.0
FPHPIGEG_00241	0.0
FPHPIGEG_00242	6.70921665286
FPHPIGEG_00243	1.15711668987
FPHPIGEG_00244	0.0
FPHPIGEG_00245	0.0
FPHPIGEG_00246	2.13302453964
FPHPIGEG_00247	0.913168825531
FPHPIGEG_00248	0.0
FPHPIGEG_00249	0.0
FPHPIGEG_00250	0.0
FPHPIGEG_00251	0.0
FPHPIGEG_00252	0.0
FPHPIGEG_00253	0.0
FPHPIGEG_00254	0.0
FPHPIGEG_00255	2.51782406683
FPHPIGEG_00256	0.0
FPHPIGEG_00257	0.0
FPHPIGEG_00258	0.0
FPHPIGEG_00259	0.0
FPHPIGEG_00261	0.0
FPHPIGEG_00262	0.0
FPHPIGEG_00263	3.50362501862
FPHPIGEG_00264	0.0
FPHPIGEG_00265	0.0
FPHPIGEG_00266	0.0
FPHPIGEG_00267	2.04061914442
FPHPIGEG_00268	0.0
FPHPIGEG_00269	0.0
FPHPIGEG_00270	0.0
FPHPIGEG_00271	0.0
FPHPIGEG_00272	6.29222452323
FPHPIGEG_00273	2.59488065648
FPHPIGEG_00274	0.0
FPHPIGEG_00275	0.0
FPHPIGEG_00276	0.0
FPHPIGEG_00277	0.0
FPHPIGEG_00278	0.369204116919
FPHPIGEG_00279	0.0
FPHPIGEG_00280	0.0
FPHPIGEG_00281	8.83205473443
FPHPIGEG_00282	7.74670858388
FPHPIGEG_00283	0.727947846753
FPHPIGEG_00284	0.0
FPHPIGEG_00285	0.0
FPHPIGEG_00286	0.454747790027
FPHPIGEG_00287	0.0
FPHPIGEG_00288	0.0
FPHPIGEG_00289	2.6199374415
FPHPIGEG_00290	4.29033398864
FPHPIGEG_00291	0.0
FPHPIGEG_00292	0.0
FPHPIGEG_00293	0.0
FPHPIGEG_00294	0.0
FPHPIGEG_00295	0.0
FPHPIGEG_00296	0.0
FPHPIGEG_00298	0.0
FPHPIGEG_00299	0.0
FPHPIGEG_00300	2.55192552146
FPHPIGEG_00301	0.0
FPHPIGEG_00302	0.0
FPHPIGEG_00303	0.0
FPHPIGEG_00304	0.0
FPHPIGEG_00306	0.0
FPHPIGEG_00307	5.95001582109
FPHPIGEG_00308	0.0
FPHPIGEG_00309	0.0
FPHPIGEG_00310	0.555256879179
FPHPIGEG_00311	2.50111284515
FPHPIGEG_00312	0.0
FPHPIGEG_00313	0.0
FPHPIGEG_00314	0.0
FPHPIGEG_00315	0.0
FPHPIGEG_00316	0.0
FPHPIGEG_00317	0.0
FPHPIGEG_00318	0.0
FPHPIGEG_00319	0.0
FPHPIGEG_00320	0.0
FPHPIGEG_00321	0.0
FPHPIGEG_00322	0.0
FPHPIGEG_00323	0.0
FPHPIGEG_00324	4.11092002185
FPHPIGEG_00325	0.0
FPHPIGEG_00326	2634.23427716
FPHPIGEG_00327	0.0
FPHPIGEG_00328	0.0
FPHPIGEG_00329	0.0
FPHPIGEG_00330	0.0
FPHPIGEG_00331	0.0
FPHPIGEG_00332	0.94464424985
FPHPIGEG_00333	1.05065335131
FPHPIGEG_00334	0.0
FPHPIGEG_00335	0.0
FPHPIGEG_00336	12.6313185029
FPHPIGEG_00337	0.398907200426
FPHPIGEG_00338	0.0
FPHPIGEG_00339	0.0
FPHPIGEG_00340	0.565251503004
FPHPIGEG_00341	0.0
FPHPIGEG_00342	4.96924398245
FPHPIGEG_00343	0.0
FPHPIGEG_00344	0.0
FPHPIGEG_00345	1.97467773975
FPHPIGEG_00346	0.0
FPHPIGEG_00347	0.0
FPHPIGEG_00348	0.0
FPHPIGEG_00349	0.0
FPHPIGEG_00350	0.0
FPHPIGEG_00351	0.0
FPHPIGEG_00352	0.393218436872
FPHPIGEG_00353	0.0
FPHPIGEG_00354	1.78877057913
FPHPIGEG_00355	0.796315806063
FPHPIGEG_00356	0.904402404806
FPHPIGEG_00357	2.37775371965
FPHPIGEG_00358	0.0
FPHPIGEG_00359	0.0
FPHPIGEG_00360	1.33708220699
FPHPIGEG_00361	14.0029274072
FPHPIGEG_00362	3.62728237222
FPHPIGEG_00364	0.0
FPHPIGEG_00365	0.0
FPHPIGEG_00366	0.0
FPHPIGEG_00367	0.740989516719
FPHPIGEG_00368	0.0
FPHPIGEG_00369	0.0
FPHPIGEG_00370	0.0
FPHPIGEG_00371	0.0
FPHPIGEG_00372	2.48680819623
FPHPIGEG_00373	2.16157362525
FPHPIGEG_00375	0.0
FPHPIGEG_00376	0.0
FPHPIGEG_00377	0.0
FPHPIGEG_00378	0.749670428387
FPHPIGEG_00379	0.0
FPHPIGEG_00380	0.0
FPHPIGEG_00381	0.0
FPHPIGEG_00382	0.0
FPHPIGEG_00383	65.9556513229
FPHPIGEG_00385	0.0
FPHPIGEG_00386	0.0
FPHPIGEG_00387	0.0
FPHPIGEG_00388	3.50000930652
FPHPIGEG_00389	0.0
FPHPIGEG_00390	2.97500791055
FPHPIGEG_00391	0.0
FPHPIGEG_00392	0.0
FPHPIGEG_00393	0.0
FPHPIGEG_00394	0.0
FPHPIGEG_00395	0.0
FPHPIGEG_00396	1.11930990694
FPHPIGEG_00397	0.0
FPHPIGEG_00398	1.98915484928
FPHPIGEG_00399	1.16426674151
FPHPIGEG_00400	19.0228871203
FPHPIGEG_00401	16.2662303023
FPHPIGEG_00402	7.50096781237
FPHPIGEG_00403	6.90096174588
FPHPIGEG_00404	5.13865002731
FPHPIGEG_00405	19.9559224361
FPHPIGEG_00406	0.0
FPHPIGEG_00407	0.809236224773
FPHPIGEG_00408	0.885280349262
FPHPIGEG_00409	11.5357449593
FPHPIGEG_00410	0.0
FPHPIGEG_00411	2.47172015525
FPHPIGEG_00412	1.69490705548
FPHPIGEG_00413	64.7048156786
FPHPIGEG_00414	0.0
FPHPIGEG_00415	1.72332775306
FPHPIGEG_00416	0.0
FPHPIGEG_00417	3.08319001638
FPHPIGEG_00418	0.0
FPHPIGEG_00419	13.8053284316
FPHPIGEG_00420	3.32761873825
FPHPIGEG_00421	6.92498012868
FPHPIGEG_00422	0.0
FPHPIGEG_00423	0.0
FPHPIGEG_00424	0.0
FPHPIGEG_00425	0.0
FPHPIGEG_00427	0.0
FPHPIGEG_00428	0.0
FPHPIGEG_00429	0.0
FPHPIGEG_00431	0.0
FPHPIGEG_00432	0.0
FPHPIGEG_00433	1.88731720535
FPHPIGEG_00434	0.0
FPHPIGEG_00435	0.0
FPHPIGEG_00436	0.0
FPHPIGEG_00437	7.79119921439
FPHPIGEG_00438	0.0
FPHPIGEG_00439	3.88934520415
FPHPIGEG_00440	0.0
FPHPIGEG_00441	0.0
FPHPIGEG_00442	0.0
FPHPIGEG_00443	0.0
FPHPIGEG_00444	2.26100601201
FPHPIGEG_00445	0.0
FPHPIGEG_00446	0.0
FPHPIGEG_00447	0.0
FPHPIGEG_00448	0.0
FPHPIGEG_00449	0.0
FPHPIGEG_00450	0.0
FPHPIGEG_00451	0.0
FPHPIGEG_00452	0.0
FPHPIGEG_00453	0.0
FPHPIGEG_00454	0.0
FPHPIGEG_00456	0.0
FPHPIGEG_00457	0.0
FPHPIGEG_00458	0.0
FPHPIGEG_00460	0.0
FPHPIGEG_00461	0.0
FPHPIGEG_00463	13.7555570808
FPHPIGEG_00464	1.95927730677
FPHPIGEG_00465	0.0
FPHPIGEG_00466	0.653469945669
FPHPIGEG_00467	0.0
FPHPIGEG_00468	0.0
FPHPIGEG_00469	0.0
FPHPIGEG_00470	0.0
FPHPIGEG_00471	0.0
FPHPIGEG_00472	0.0
FPHPIGEG_00473	0.0
FPHPIGEG_00474	0.693134890256
FPHPIGEG_00475	0.0
FPHPIGEG_00476	0.0
FPHPIGEG_00477	0.0
FPHPIGEG_00478	0.0
FPHPIGEG_00479	0.0
FPHPIGEG_00480	0.0
FPHPIGEG_00481	2.18968484838
FPHPIGEG_00482	2.80870312052
FPHPIGEG_00483	0.0
FPHPIGEG_00484	0.0
FPHPIGEG_00485	0.0
FPHPIGEG_00486	5.25326675654
FPHPIGEG_00487	6.43794422556
FPHPIGEG_00488	0.0
FPHPIGEG_00489	6.31565925144
FPHPIGEG_00490	11.3050300601
FPHPIGEG_00491	6.47234545424
FPHPIGEG_00492	1.27452424578
FPHPIGEG_00493	0.0
FPHPIGEG_00494	0.0
FPHPIGEG_00495	0.0
FPHPIGEG_00496	0.0
FPHPIGEG_00497	0.0
FPHPIGEG_00498	2.58696340047
FPHPIGEG_00499	0.0
FPHPIGEG_00500	4.29033398864
FPHPIGEG_00501	44.6251186582
FPHPIGEG_00502	2.90617739334
FPHPIGEG_00503	0.0
FPHPIGEG_00504	0.0
FPHPIGEG_00505	0.0
FPHPIGEG_00506	8.7806058719
FPHPIGEG_00507	2.93637144418
FPHPIGEG_00508	4.81065108939
FPHPIGEG_00509	0.0
FPHPIGEG_00510	2.34909715534
FPHPIGEG_00511	0.0
FPHPIGEG_00512	0.0
FPHPIGEG_00513	0.0
FPHPIGEG_00514	0.851923892997
FPHPIGEG_00515	0.0
FPHPIGEG_00516	0.0
FPHPIGEG_00517	0.0
FPHPIGEG_00518	0.0
FPHPIGEG_00519	0.0
FPHPIGEG_00520	0.0
FPHPIGEG_00521	7.44568390345
FPHPIGEG_00522	0.0
FPHPIGEG_00523	0.0
FPHPIGEG_00524	0.0
FPHPIGEG_00525	24.9637887762
FPHPIGEG_00526	0.0
FPHPIGEG_00527	0.637981380365
FPHPIGEG_00528	0.0
FPHPIGEG_00529	0.0
FPHPIGEG_00530	794.293933589
FPHPIGEG_00531	3.53061525924
FPHPIGEG_00532	0.0
FPHPIGEG_00533	0.0
FPHPIGEG_00534	0.0
FPHPIGEG_00535	1.46691566523
FPHPIGEG_00536	0.0
FPHPIGEG_00537	12.8466250683
FPHPIGEG_00538	0.0
FPHPIGEG_00539	0.689331101224
FPHPIGEG_00540	3.87158563701
FPHPIGEG_00542	0.0
FPHPIGEG_00543	1.92426043576
FPHPIGEG_00544	0.0
FPHPIGEG_00545	1.07462262928
FPHPIGEG_00546	0.0
FPHPIGEG_00547	0.0
FPHPIGEG_00548	0.0
FPHPIGEG_00549	0.0
FPHPIGEG_00550	0.0
FPHPIGEG_00551	0.0
FPHPIGEG_00552	0.0
FPHPIGEG_00553	0.0
FPHPIGEG_00554	0.0
FPHPIGEG_00555	0.998383579047
FPHPIGEG_00558	1.95927730677
FPHPIGEG_00559	0.0
FPHPIGEG_00560	0.0
FPHPIGEG_00561	0.0
FPHPIGEG_00562	0.0
FPHPIGEG_00563	0.0
FPHPIGEG_00564	1.265960813
FPHPIGEG_00565	0.0
FPHPIGEG_00566	0.0
FPHPIGEG_00567	0.0
FPHPIGEG_00568	0.0
FPHPIGEG_00569	0.396111775055
FPHPIGEG_00570	0.0
FPHPIGEG_00571	0.0
FPHPIGEG_00572	0.0
FPHPIGEG_00573	0.0
FPHPIGEG_00574	0.0
FPHPIGEG_00575	0.0
FPHPIGEG_00576	1.55502476755
FPHPIGEG_00577	0.0
FPHPIGEG_00578	3.09726850961
FPHPIGEG_00579	2.32933311677
FPHPIGEG_00580	0.0
FPHPIGEG_00581	7.40504152407
FPHPIGEG_00582	0.252937242646
FPHPIGEG_00583	0.384655667236
FPHPIGEG_00585	0.0
FPHPIGEG_00586	0.0
FPHPIGEG_00587	0.0
FPHPIGEG_00588	0.0
FPHPIGEG_00589	0.0
FPHPIGEG_00590	0.0
FPHPIGEG_00591	0.0
FPHPIGEG_00592	0.0
FPHPIGEG_00593	3.67444097294
FPHPIGEG_00594	0.0
FPHPIGEG_00595	0.0
FPHPIGEG_00596	1.91448434548
FPHPIGEG_00597	0.0
FPHPIGEG_00598	0.0
FPHPIGEG_00599	6.13927156094
FPHPIGEG_00600	0.0
FPHPIGEG_00601	0.0
FPHPIGEG_00602	1.49934085677
FPHPIGEG_00603	0.0
FPHPIGEG_00604	0.0
FPHPIGEG_00605	0.0
FPHPIGEG_00606	1.8412101075
FPHPIGEG_00607	0.0
FPHPIGEG_00608	0.0
FPHPIGEG_00609	4.34808848464
FPHPIGEG_00610	0.0
FPHPIGEG_00611	0.0
FPHPIGEG_00612	0.0
FPHPIGEG_00613	0.0
FPHPIGEG_00614	0.0
FPHPIGEG_00615	0.0
FPHPIGEG_00616	1.17883525131
FPHPIGEG_00617	2.19195929425
FPHPIGEG_00618	0.0
FPHPIGEG_00619	0.0
FPHPIGEG_00620	0.0
FPHPIGEG_00621	0.0
FPHPIGEG_00622	0.0
FPHPIGEG_00623	0.0
FPHPIGEG_00624	6.81025907233
FPHPIGEG_00625	4.63320904101
FPHPIGEG_00626	0.0
FPHPIGEG_00627	0.0
FPHPIGEG_00628	0.948673851195
FPHPIGEG_00629	4.75667463958
FPHPIGEG_00630	0.0
FPHPIGEG_00631	0.0
FPHPIGEG_00632	9.9457742464
FPHPIGEG_00633	3.29592713122
FPHPIGEG_00634	0.0
FPHPIGEG_00635	0.0
FPHPIGEG_00636	0.876698725093
FPHPIGEG_00637	0.0
FPHPIGEG_00638	0.0
FPHPIGEG_00639	0.0
FPHPIGEG_00640	1.15357449593
FPHPIGEG_00641	3.16963459628
FPHPIGEG_00642	1.13618392564
FPHPIGEG_00643	0.0
FPHPIGEG_00644	0.0
FPHPIGEG_00645	0.0
FPHPIGEG_00646	0.0
FPHPIGEG_00648	1.95419707175
FPHPIGEG_00649	0.0
FPHPIGEG_00650	1.06852836107
FPHPIGEG_00651	1.14076993543
FPHPIGEG_00652	0.490244148312
FPHPIGEG_00653	0.0
FPHPIGEG_00654	0.0
FPHPIGEG_00655	0.0
FPHPIGEG_00656	2.30010784539
FPHPIGEG_00657	0.735047468145
FPHPIGEG_00658	0.0
FPHPIGEG_00659	0.0
FPHPIGEG_00660	0.0
FPHPIGEG_00661	0.0
FPHPIGEG_00662	1.26360246573
FPHPIGEG_00663	1.2317531118
FPHPIGEG_00664	0.0
FPHPIGEG_00665	0.517748113583
FPHPIGEG_00666	0.874663834435
FPHPIGEG_00667	0.0
FPHPIGEG_00668	1.92589949916
FPHPIGEG_00669	8.38652081608
FPHPIGEG_00670	1.47392829988
FPHPIGEG_00671	0.811559946883
FPHPIGEG_00672	0.0
FPHPIGEG_00673	0.0
FPHPIGEG_00674	1.85785210519
FPHPIGEG_00675	0.0
FPHPIGEG_00676	0.0
FPHPIGEG_00677	0.0
FPHPIGEG_00678	0.0
FPHPIGEG_00679	0.0
FPHPIGEG_00680	0.0
FPHPIGEG_00681	0.0
FPHPIGEG_00682	0.0
FPHPIGEG_00683	0.0
FPHPIGEG_00684	0.0
FPHPIGEG_00685	0.0
FPHPIGEG_00686	0.0
FPHPIGEG_00687	0.0
FPHPIGEG_00688	0.0
FPHPIGEG_00689	0.342058398187
FPHPIGEG_00690	0.0
FPHPIGEG_00691	21.0326140653
FPHPIGEG_00692	0.0
FPHPIGEG_00693	0.0
FPHPIGEG_00694	2.21233464972
FPHPIGEG_00695	3.99874736839
FPHPIGEG_00696	0.0
FPHPIGEG_00697	0.0
FPHPIGEG_00698	0.0
FPHPIGEG_00699	0.0
FPHPIGEG_00700	0.0
FPHPIGEG_00701	0.0
FPHPIGEG_00702	0.0
FPHPIGEG_00703	0.757202281318
FPHPIGEG_00704	0.0
FPHPIGEG_00705	0.0
FPHPIGEG_00706	1.20909412407
FPHPIGEG_00707	0.0
FPHPIGEG_00708	0.0
FPHPIGEG_00709	4.63320904101
FPHPIGEG_00710	0.0
FPHPIGEG_00711	0.0
FPHPIGEG_00712	0.0
FPHPIGEG_00713	2.60184811509
FPHPIGEG_00714	0.0
FPHPIGEG_00715	3.59174902624
FPHPIGEG_00716	2.90617739334
FPHPIGEG_00717	0.0
FPHPIGEG_00718	0.0
FPHPIGEG_00719	0.0
FPHPIGEG_00720	1.36699275213
FPHPIGEG_00721	0.0
FPHPIGEG_00722	0.0
FPHPIGEG_00723	0.0
FPHPIGEG_00724	1.24504736344
FPHPIGEG_00725	1.15830226025
FPHPIGEG_00726	0.0
FPHPIGEG_00727	0.0
FPHPIGEG_00728	0.0
FPHPIGEG_00729	3.63895817384
FPHPIGEG_00730	0.0
FPHPIGEG_00731	0.0
FPHPIGEG_00732	1.12937363238
FPHPIGEG_00733	0.0
FPHPIGEG_00734	0.0
FPHPIGEG_00735	0.0
FPHPIGEG_00736	3.4403621607
FPHPIGEG_00737	0.0
FPHPIGEG_00738	10.6699160118
FPHPIGEG_00739	0.0
FPHPIGEG_00741	0.0
FPHPIGEG_00742	0.0
FPHPIGEG_00743	0.0
FPHPIGEG_00744	2.29932814781
FPHPIGEG_00745	0.0
FPHPIGEG_00746	0.959679971144
FPHPIGEG_00747	0.0
FPHPIGEG_00748	0.0
FPHPIGEG_00749	2.58696340047
FPHPIGEG_00750	0.0
FPHPIGEG_00751	0.0
FPHPIGEG_00752	0.0
FPHPIGEG_00753	0.0
FPHPIGEG_00754	0.0
FPHPIGEG_00755	1.8412101075
FPHPIGEG_00756	0.0
FPHPIGEG_00757	3.23926362753
FPHPIGEG_00758	0.0
FPHPIGEG_00759	0.0
FPHPIGEG_00760	0.917616076305
FPHPIGEG_00761	0.0
FPHPIGEG_00762	0.0
FPHPIGEG_00763	0.0
FPHPIGEG_00764	0.0
FPHPIGEG_00765	13.5524835885
FPHPIGEG_00766	8.5536166911
FPHPIGEG_00767	1.92918601708
FPHPIGEG_00768	0.0
FPHPIGEG_00769	0.779119921439
FPHPIGEG_00770	0.0
FPHPIGEG_00771	3.47135006962
FPHPIGEG_00772	0.0
FPHPIGEG_00773	9.87338869876
FPHPIGEG_00774	5.47017583552
FPHPIGEG_00775	1.3514680287
FPHPIGEG_00776	0.0
FPHPIGEG_00777	0.0
FPHPIGEG_00778	0.0
FPHPIGEG_00779	3.79363424835
FPHPIGEG_00780	0.885280349262
FPHPIGEG_00781	0.0
FPHPIGEG_00782	0.0
FPHPIGEG_00783	0.0
FPHPIGEG_00784	2.26100601201
FPHPIGEG_00785	3.89157661276
FPHPIGEG_00786	0.0
FPHPIGEG_00787	0.0
FPHPIGEG_00788	0.0
FPHPIGEG_00789	0.0
FPHPIGEG_00790	0.0
FPHPIGEG_00791	0.0
FPHPIGEG_00792	0.374338743711
FPHPIGEG_00793	0.0
FPHPIGEG_00794	0.0
FPHPIGEG_00795	0.0
FPHPIGEG_00796	0.0
FPHPIGEG_00797	3.49459970945
FPHPIGEG_00798	0.0
FPHPIGEG_00799	5.29096570674
FPHPIGEG_00800	0.0
FPHPIGEG_00801	38.6864146542
FPHPIGEG_00802	0.0
FPHPIGEG_00803	1.96040983701
FPHPIGEG_00804	0.0
FPHPIGEG_00805	0.0
FPHPIGEG_00806	0.0
FPHPIGEG_00807	0.0
FPHPIGEG_00808	0.0
FPHPIGEG_00809	0.0
FPHPIGEG_00810	3.23308771975
FPHPIGEG_00811	3.40512953617
FPHPIGEG_00812	0.0
FPHPIGEG_00813	0.0
FPHPIGEG_00814	0.0
FPHPIGEG_00815	0.0
FPHPIGEG_00816	0.0
FPHPIGEG_00817	0.0
FPHPIGEG_00818	0.0
FPHPIGEG_00819	0.0
FPHPIGEG_00820	0.0
FPHPIGEG_00821	0.0
FPHPIGEG_00822	2.16157362525
FPHPIGEG_00823	0.0
FPHPIGEG_00824	0.0
FPHPIGEG_00825	2.56932501365
FPHPIGEG_00826	3.89828622761
FPHPIGEG_00827	12.8102323627
FPHPIGEG_00828	1.98682426363
FPHPIGEG_00829	2.59289680277
FPHPIGEG_00830	3.1086242145
FPHPIGEG_00831	0.0
FPHPIGEG_00832	0.0
FPHPIGEG_00833	0.0
FPHPIGEG_00834	0.0
FPHPIGEG_00835	0.0
FPHPIGEG_00836	0.0
FPHPIGEG_00837	0.0
FPHPIGEG_00839	0.0
FPHPIGEG_00840	0.0
FPHPIGEG_00841	0.0
FPHPIGEG_00842	2.37500631514
FPHPIGEG_00843	0.0
FPHPIGEG_00844	0.0
FPHPIGEG_00845	0.0
FPHPIGEG_00846	0.0
FPHPIGEG_00847	1.75816952723
FPHPIGEG_00848	0.532502593503
FPHPIGEG_00849	0.0
FPHPIGEG_00850	0.0
FPHPIGEG_00851	0.0
FPHPIGEG_00852	2.73398550425
FPHPIGEG_00853	4.01243302931
FPHPIGEG_00854	0.0
FPHPIGEG_00855	0.0
FPHPIGEG_00856	0.0
FPHPIGEG_00857	1.57087031868
FPHPIGEG_00858	0.0
FPHPIGEG_00859	0.0
FPHPIGEG_00860	0.0
FPHPIGEG_00861	0.0
FPHPIGEG_00862	1.51623257243
FPHPIGEG_00863	18.4061056009
FPHPIGEG_00864	0.0
FPHPIGEG_00865	0.0
FPHPIGEG_00866	0.0
FPHPIGEG_00867	2.19195929425
FPHPIGEG_00868	0.0
FPHPIGEG_00869	0.0
FPHPIGEG_00870	0.0
FPHPIGEG_00871	0.0
FPHPIGEG_00872	0.0
FPHPIGEG_00873	0.0
FPHPIGEG_00874	0.0
FPHPIGEG_00875	7.75645287141
FPHPIGEG_00876	0.492165000439
FPHPIGEG_00877	0.0
FPHPIGEG_00878	0.0
FPHPIGEG_00879	0.0
FPHPIGEG_00880	0.0
FPHPIGEG_00882	2.18033366636
FPHPIGEG_00883	0.0
FPHPIGEG_00884	5.31251412598
FPHPIGEG_00885	0.82942260162
FPHPIGEG_00886	0.0
FPHPIGEG_00887	4.40295609132
FPHPIGEG_00888	0.0
FPHPIGEG_00889	0.0
FPHPIGEG_00890	0.0
FPHPIGEG_00891	0.0
FPHPIGEG_00892	0.0
FPHPIGEG_00893	0.0
FPHPIGEG_00894	3.66253673653
FPHPIGEG_00895	0.0
FPHPIGEG_00897	4.18188534898
FPHPIGEG_00898	1.80707002239
FPHPIGEG_00899	0.0
FPHPIGEG_00900	0.0
FPHPIGEG_00901	1.62896686745
FPHPIGEG_00902	0.896868707662
FPHPIGEG_00903	1.60127904534
FPHPIGEG_00904	0.0
FPHPIGEG_00905	1.7803196945
FPHPIGEG_00906	0.0
FPHPIGEG_00907	0.0
FPHPIGEG_00908	0.0
FPHPIGEG_00909	0.0
FPHPIGEG_00910	0.0
FPHPIGEG_00911	10.9051736914
FPHPIGEG_00912	5.51464880979
FPHPIGEG_00913	0.0
FPHPIGEG_00914	12.1996727267
FPHPIGEG_00915	1.25751168633
FPHPIGEG_00916	4.25001130078
FPHPIGEG_00917	1.8952271685
FPHPIGEG_00918	0.0
FPHPIGEG_00919	0.0
FPHPIGEG_00920	0.0
FPHPIGEG_00921	1.21428894308
FPHPIGEG_00922	0.0
FPHPIGEG_00923	0.0
FPHPIGEG_00924	0.0
FPHPIGEG_00925	0.0
FPHPIGEG_00926	0.0
FPHPIGEG_00927	0.0
FPHPIGEG_00928	0.0
FPHPIGEG_00929	0.0
FPHPIGEG_00930	0.0
FPHPIGEG_00931	0.711455636254
FPHPIGEG_00932	9.00799207974
FPHPIGEG_00933	2.57713451218
FPHPIGEG_00934	0.0
FPHPIGEG_00935	0.0
FPHPIGEG_00936	0.0
FPHPIGEG_00937	0.0
FPHPIGEG_00938	0.0
FPHPIGEG_00939	0.0
FPHPIGEG_00940	0.0
FPHPIGEG_00941	0.0
FPHPIGEG_00942	0.0
FPHPIGEG_00943	0.0
FPHPIGEG_00944	0.0
FPHPIGEG_00945	0.0
FPHPIGEG_00946	10.0399911724
FPHPIGEG_00947	0.0
FPHPIGEG_00948	3.78094650839
FPHPIGEG_00949	8.45114380569
FPHPIGEG_00950	4.91879480496
FPHPIGEG_00951	3.66451541656
FPHPIGEG_00952	0.0
FPHPIGEG_00953	0.0
FPHPIGEG_00954	0.686818351159
FPHPIGEG_00955	0.0
FPHPIGEG_00956	0.0
FPHPIGEG_00957	0.0
FPHPIGEG_00958	0.0
FPHPIGEG_00959	0.0
FPHPIGEG_00960	0.0
FPHPIGEG_00961	0.0
FPHPIGEG_00962	25.5769910861
FPHPIGEG_00963	0.0
FPHPIGEG_00964	0.0
FPHPIGEG_00965	3.80961417357
FPHPIGEG_00966	0.0
FPHPIGEG_00968	1.25379261295
FPHPIGEG_00969	3.44315636347
FPHPIGEG_00970	2.79481583685
FPHPIGEG_00971	1.29200343544
FPHPIGEG_00972	0.837616452957
FPHPIGEG_00973	0.0
FPHPIGEG_00974	0.0
FPHPIGEG_00975	0.0
FPHPIGEG_00976	0.0
FPHPIGEG_00977	0.0
FPHPIGEG_00978	0.0
FPHPIGEG_00979	4.81406532012
FPHPIGEG_00980	1.46818572209
FPHPIGEG_00981	0.0
FPHPIGEG_00982	0.0
FPHPIGEG_00983	0.0
FPHPIGEG_00984	0.0
FPHPIGEG_00985	0.0
FPHPIGEG_00986	0.0
FPHPIGEG_00987	0.0
FPHPIGEG_00988	0.0
FPHPIGEG_00989	0.0
FPHPIGEG_00990	0.0
FPHPIGEG_00991	0.0
FPHPIGEG_00992	3.5578379418
FPHPIGEG_00993	0.0
FPHPIGEG_00994	0.0
FPHPIGEG_00995	0.855145995467
FPHPIGEG_00996	0.0
FPHPIGEG_00997	0.44499232671
FPHPIGEG_00998	5.12312540487
FPHPIGEG_00999	0.0
FPHPIGEG_01000	1.58555821319
FPHPIGEG_01001	0.0
FPHPIGEG_01002	2.50665854991
FPHPIGEG_01003	0.0
FPHPIGEG_01004	0.0
FPHPIGEG_01005	0.0
FPHPIGEG_01006	0.0
FPHPIGEG_01007	0.0
FPHPIGEG_01008	0.0
FPHPIGEG_01009	2.40276940703
FPHPIGEG_01010	0.0
FPHPIGEG_01011	0.0
FPHPIGEG_01012	0.0
FPHPIGEG_01013	0.0
FPHPIGEG_01014	0.0
FPHPIGEG_01015	0.0
FPHPIGEG_01016	0.0
FPHPIGEG_01017	0.0
FPHPIGEG_01018	0.0
FPHPIGEG_01019	0.0
FPHPIGEG_01020	0.0
FPHPIGEG_01021	0.0
FPHPIGEG_01022	0.0
FPHPIGEG_01023	0.0
FPHPIGEG_01025	0.0
FPHPIGEG_01026	0.665981152287
FPHPIGEG_01027	0.0
FPHPIGEG_01028	0.0
FPHPIGEG_01029	0.0
FPHPIGEG_01030	0.0
FPHPIGEG_01031	0.0
FPHPIGEG_01032	0.0
FPHPIGEG_01033	2.43642889226
FPHPIGEG_01034	13.1453837908
FPHPIGEG_01035	0.0
FPHPIGEG_01036	17.5953775254
FPHPIGEG_01037	0.0
FPHPIGEG_01038	0.0
FPHPIGEG_01039	6.54415633
FPHPIGEG_01040	0.0
FPHPIGEG_01041	0.0
FPHPIGEG_01042	0.0
FPHPIGEG_01043	0.0
FPHPIGEG_01045	0.476001265687
FPHPIGEG_01046	0.0
FPHPIGEG_01047	0.0
FPHPIGEG_01048	0.0
FPHPIGEG_01049	0.0
FPHPIGEG_01050	0.0
FPHPIGEG_01051	0.0
FPHPIGEG_01052	0.0
FPHPIGEG_01053	0.0
FPHPIGEG_01055	0.0
FPHPIGEG_01056	0.0
FPHPIGEG_01057	9.56027912057
FPHPIGEG_01058	2.22394033969
FPHPIGEG_01059	0.0
FPHPIGEG_01060	0.0
FPHPIGEG_01061	0.0
FPHPIGEG_01062	0.0
FPHPIGEG_01063	0.0
FPHPIGEG_01064	0.710114953522
FPHPIGEG_01065	42.1180895201
FPHPIGEG_01066	3.12293648068
FPHPIGEG_01067	0.0
FPHPIGEG_01068	0.0
FPHPIGEG_01069	1.18225970882
FPHPIGEG_01070	0.0
FPHPIGEG_01071	0.0
FPHPIGEG_01072	2.79827476735
FPHPIGEG_01073	0.0
FPHPIGEG_01074	0.0
FPHPIGEG_01075	0.866950157981
FPHPIGEG_01076	4.84155462958
FPHPIGEG_01077	0.0
FPHPIGEG_01078	0.0
FPHPIGEG_01079	1.14307685137
FPHPIGEG_01080	2.32136140864
FPHPIGEG_01081	0.0
FPHPIGEG_01082	0.0
FPHPIGEG_01083	0.0
FPHPIGEG_01084	0.0
FPHPIGEG_01085	0.899604514064
FPHPIGEG_01086	0.0
FPHPIGEG_01087	0.0
FPHPIGEG_01088	0.0
FPHPIGEG_01089	0.0
FPHPIGEG_01090	0.0
FPHPIGEG_01091	1.34423663021
FPHPIGEG_01092	0.0
FPHPIGEG_01093	4.49057797818
FPHPIGEG_01095	0.823381650406
FPHPIGEG_01096	1.41195213073
FPHPIGEG_01097	0.0
FPHPIGEG_01098	0.0
FPHPIGEG_01099	0.0
FPHPIGEG_01100	0.0
FPHPIGEG_01101	0.0
FPHPIGEG_01102	0.0
FPHPIGEG_01103	0.0
FPHPIGEG_01104	0.0
FPHPIGEG_01105	1.95588755365
FPHPIGEG_01106	0.0
FPHPIGEG_01107	0.728573365848
FPHPIGEG_01108	0.0
FPHPIGEG_01109	4.85194423179
FPHPIGEG_01110	0.0
FPHPIGEG_01111	0.0
FPHPIGEG_01112	0.0
FPHPIGEG_01113	0.0
FPHPIGEG_01114	4.06655757557
FPHPIGEG_01115	0.0
FPHPIGEG_01116	0.0
FPHPIGEG_01117	0.0
FPHPIGEG_01118	0.989932579691
FPHPIGEG_01119	0.0
FPHPIGEG_01120	0.0
FPHPIGEG_01121	0.0
FPHPIGEG_01122	0.0
FPHPIGEG_01123	0.797251767283
FPHPIGEG_01124	0.0
FPHPIGEG_01125	0.0
FPHPIGEG_01126	0.0
FPHPIGEG_01127	0.0
FPHPIGEG_01129	0.0
FPHPIGEG_01130	3.74338743711
FPHPIGEG_01131	0.0
FPHPIGEG_01132	0.0
FPHPIGEG_01133	0.0
FPHPIGEG_01134	0.0
FPHPIGEG_01136	5.31465483012
FPHPIGEG_01137	0.0
FPHPIGEG_01138	1.09016683318
FPHPIGEG_01139	0.0
FPHPIGEG_01140	0.0
FPHPIGEG_01141	0.0
FPHPIGEG_01142	0.0
FPHPIGEG_01143	0.0
FPHPIGEG_01144	0.67816617037
FPHPIGEG_01145	4.94389069683
FPHPIGEG_01147	0.0
FPHPIGEG_01148	0.0
FPHPIGEG_01149	0.0
FPHPIGEG_01150	0.0
FPHPIGEG_01151	6.82396180689
FPHPIGEG_01152	0.0
FPHPIGEG_01153	0.729356778069
FPHPIGEG_01154	0.0
FPHPIGEG_01155	0.0
FPHPIGEG_01156	0.0
FPHPIGEG_01157	0.0
FPHPIGEG_01158	0.0
FPHPIGEG_01159	0.0
FPHPIGEG_01160	0.0
FPHPIGEG_01161	0.0
FPHPIGEG_01162	0.0
FPHPIGEG_01163	0.0
FPHPIGEG_01164	0.0
FPHPIGEG_01165	0.0
FPHPIGEG_01166	0.0
FPHPIGEG_01167	0.0
FPHPIGEG_01168	2.7573244049
FPHPIGEG_01169	0.0
FPHPIGEG_01170	0.0
FPHPIGEG_01171	0.0
FPHPIGEG_01172	0.0
FPHPIGEG_01173	4.96924398245
FPHPIGEG_01174	0.0
FPHPIGEG_01175	0.0
FPHPIGEG_01176	0.0
FPHPIGEG_01177	0.0
FPHPIGEG_01178	0.0
FPHPIGEG_01179	0.0
FPHPIGEG_01180	2.46834717469
FPHPIGEG_01181	3.51087890064
FPHPIGEG_01182	0.0
FPHPIGEG_01183	0.0
FPHPIGEG_01184	0.0
FPHPIGEG_01185	0.0
FPHPIGEG_01186	0.0
FPHPIGEG_01187	0.0
FPHPIGEG_01188	0.0
FPHPIGEG_01189	0.0
FPHPIGEG_01190	0.0
FPHPIGEG_01191	0.0
FPHPIGEG_01192	0.0
FPHPIGEG_01193	0.0
FPHPIGEG_01194	0.0
FPHPIGEG_01195	0.0
FPHPIGEG_01196	0.0
FPHPIGEG_01197	26.1387978268
FPHPIGEG_01198	0.0
FPHPIGEG_01199	0.0
FPHPIGEG_01200	0.0
FPHPIGEG_01201	0.0
FPHPIGEG_01202	0.0
FPHPIGEG_01204	0.0
FPHPIGEG_01205	0.0
FPHPIGEG_01206	0.0
FPHPIGEG_01207	0.0
FPHPIGEG_01208	0.0
FPHPIGEG_01210	0.0
FPHPIGEG_01211	0.0
FPHPIGEG_01212	2.16157362525
FPHPIGEG_01213	0.535529609667
FPHPIGEG_01214	0.0
FPHPIGEG_01215	0.0
FPHPIGEG_01216	0.0
FPHPIGEG_01217	0.0
FPHPIGEG_01218	1.0625028252
FPHPIGEG_01219	0.0
FPHPIGEG_01220	0.0
FPHPIGEG_01221	0.0
FPHPIGEG_01222	0.0
FPHPIGEG_01223	0.984758716034
