LJPOGGAG_00001	0.0
LJPOGGAG_00002	1.27870355091
LJPOGGAG_00003	0.0
LJPOGGAG_00004	0.748096584383
LJPOGGAG_00005	0.0
LJPOGGAG_00006	2.01852489108
LJPOGGAG_00008	0.0
LJPOGGAG_00009	0.0
LJPOGGAG_00010	0.0
LJPOGGAG_00011	0.0
LJPOGGAG_00012	0.0
LJPOGGAG_00013	0.0
LJPOGGAG_00014	0.0
LJPOGGAG_00015	0.0
LJPOGGAG_00016	2.04407583906
LJPOGGAG_00017	0.899979250798
LJPOGGAG_00018	0.0
LJPOGGAG_00019	7.340090513
LJPOGGAG_00020	0.0
LJPOGGAG_00021	0.0
LJPOGGAG_00022	0.579976366856
LJPOGGAG_00023	0.0
LJPOGGAG_00024	0.0
LJPOGGAG_00025	0.0
LJPOGGAG_00026	1.228667325
LJPOGGAG_00027	0.0
LJPOGGAG_00028	7.63029659886
LJPOGGAG_00029	0.0
LJPOGGAG_00030	0.0
LJPOGGAG_00031	0.0
LJPOGGAG_00032	0.0
LJPOGGAG_00033	0.0
LJPOGGAG_00034	0.0
LJPOGGAG_00035	0.0
LJPOGGAG_00036	0.0
LJPOGGAG_00037	0.0
LJPOGGAG_00038	2.00184286718
LJPOGGAG_00039	0.0
LJPOGGAG_00040	0.0
LJPOGGAG_00041	0.0
LJPOGGAG_00042	0.0
LJPOGGAG_00043	0.0
LJPOGGAG_00044	0.0
LJPOGGAG_00045	3.34430159468
LJPOGGAG_00046	0.0
LJPOGGAG_00047	0.0
LJPOGGAG_00048	0.0
LJPOGGAG_00049	0.0
LJPOGGAG_00050	0.0
LJPOGGAG_00051	0.0
LJPOGGAG_00055	0.0
LJPOGGAG_00056	0.0
LJPOGGAG_00057	0.0
LJPOGGAG_00058	0.0
LJPOGGAG_00059	10204.4054677
LJPOGGAG_00060	3754.73860858
LJPOGGAG_00061	462.425702319
LJPOGGAG_00064	0.0
LJPOGGAG_00065	0.0
LJPOGGAG_00066	3.84917345858
LJPOGGAG_00067	0.0
LJPOGGAG_00068	0.556834452711
LJPOGGAG_00069	1.96586772
LJPOGGAG_00070	0.0
LJPOGGAG_00071	0.0
LJPOGGAG_00072	5.33614762708
LJPOGGAG_00073	0.0
LJPOGGAG_00074	0.0
LJPOGGAG_00075	0.0
LJPOGGAG_00076	0.0
LJPOGGAG_00077	0.0
LJPOGGAG_00078	0.0
LJPOGGAG_00079	0.933421914949
LJPOGGAG_00080	0.0
LJPOGGAG_00081	0.0
LJPOGGAG_00082	4.46788118183
LJPOGGAG_00084	0.0
LJPOGGAG_00085	0.0
LJPOGGAG_00086	0.0
LJPOGGAG_00087	0.0
LJPOGGAG_00088	0.0
LJPOGGAG_00089	0.0
LJPOGGAG_00090	0.0
LJPOGGAG_00091	0.0
LJPOGGAG_00092	0.0
LJPOGGAG_00093	0.0
LJPOGGAG_00094	0.0
LJPOGGAG_00095	0.0
LJPOGGAG_00096	0.0
LJPOGGAG_00097	0.0
LJPOGGAG_00098	0.0
LJPOGGAG_00099	0.0
LJPOGGAG_00100	0.0
LJPOGGAG_00101	0.0
LJPOGGAG_00102	0.0
LJPOGGAG_00103	0.0
LJPOGGAG_00104	0.0
LJPOGGAG_00105	0.0
LJPOGGAG_00107	7.25373650697
LJPOGGAG_00108	0.66258730305
LJPOGGAG_00109	0.0
LJPOGGAG_00110	5.57933829715
LJPOGGAG_00111	0.0
LJPOGGAG_00112	1.66231461618
LJPOGGAG_00113	0.0
LJPOGGAG_00114	0.0
LJPOGGAG_00115	0.0
LJPOGGAG_00116	0.0
LJPOGGAG_00117	0.0
LJPOGGAG_00118	0.0
LJPOGGAG_00119	0.0
LJPOGGAG_00120	0.897834741067
LJPOGGAG_00121	0.0
LJPOGGAG_00122	0.0
LJPOGGAG_00123	0.0
LJPOGGAG_00124	0.0
LJPOGGAG_00125	0.0
LJPOGGAG_00126	0.0
LJPOGGAG_00128	0.0
LJPOGGAG_00129	0.0
LJPOGGAG_00130	0.0
LJPOGGAG_00131	0.0
LJPOGGAG_00132	1.85763999836
LJPOGGAG_00133	0.0
LJPOGGAG_00134	4.35876840232
LJPOGGAG_00135	0.0
LJPOGGAG_00136	2.80026574485
LJPOGGAG_00137	0.0
LJPOGGAG_00138	0.0
LJPOGGAG_00139	0.0
LJPOGGAG_00140	0.0
LJPOGGAG_00141	0.0
LJPOGGAG_00142	0.0
LJPOGGAG_00143	1.41296742375
LJPOGGAG_00144	0.0
LJPOGGAG_00145	0.0
LJPOGGAG_00146	0.0
LJPOGGAG_00147	0.0
LJPOGGAG_00148	0.0
LJPOGGAG_00149	0.0
LJPOGGAG_00150	2.19917108755
LJPOGGAG_00151	0.0
LJPOGGAG_00152	0.0
LJPOGGAG_00153	5.13472911942
LJPOGGAG_00154	1.37682574787
LJPOGGAG_00155	0.0
LJPOGGAG_00156	0.0
LJPOGGAG_00157	4.64219276798
LJPOGGAG_00158	0.0
LJPOGGAG_00159	0.0
LJPOGGAG_00160	0.0
LJPOGGAG_00161	0.0
LJPOGGAG_00162	8.15173513704
LJPOGGAG_00163	4.43864112174
LJPOGGAG_00164	1.55271145467
LJPOGGAG_00165	2.61963832909
LJPOGGAG_00166	3.58280170841
LJPOGGAG_00167	0.0
LJPOGGAG_00168	2.81537718307
LJPOGGAG_00169	6.14333662502
LJPOGGAG_00170	0.0
LJPOGGAG_00171	0.0
LJPOGGAG_00172	0.0
LJPOGGAG_00173	0.0
LJPOGGAG_00174	0.0
LJPOGGAG_00175	6.95376995969
LJPOGGAG_00176	0.0
LJPOGGAG_00177	0.0
LJPOGGAG_00178	0.0
LJPOGGAG_00179	0.0
LJPOGGAG_00180	0.0
LJPOGGAG_00181	0.0
LJPOGGAG_00182	0.0
LJPOGGAG_00183	0.0
LJPOGGAG_00184	0.0
LJPOGGAG_00185	1.43996680128
LJPOGGAG_00186	0.0
LJPOGGAG_00187	0.0
LJPOGGAG_00188	0.0
LJPOGGAG_00189	0.0
LJPOGGAG_00190	0.0
LJPOGGAG_00191	0.0
LJPOGGAG_00192	0.0
LJPOGGAG_00193	0.497304856578
LJPOGGAG_00194	1.84099990066
LJPOGGAG_00195	0.0
LJPOGGAG_00196	0.0
LJPOGGAG_00197	0.792133103716
LJPOGGAG_00198	0.0
LJPOGGAG_00199	0.0
LJPOGGAG_00200	0.0
LJPOGGAG_00201	4.69034829462
LJPOGGAG_00202	0.0
LJPOGGAG_00203	0.0
LJPOGGAG_00204	0.0
LJPOGGAG_00205	0.0
LJPOGGAG_00206	2.17379603654
LJPOGGAG_00207	0.0
LJPOGGAG_00208	0.0
LJPOGGAG_00209	0.902134029531
LJPOGGAG_00210	0.0
LJPOGGAG_00211	0.0
LJPOGGAG_00212	0.0
LJPOGGAG_00213	0.0
LJPOGGAG_00214	0.0
LJPOGGAG_00215	0.0
LJPOGGAG_00216	0.0
LJPOGGAG_00217	0.0
LJPOGGAG_00218	4.15833453956
LJPOGGAG_00219	0.0
LJPOGGAG_00220	0.0
LJPOGGAG_00221	0.0
LJPOGGAG_00222	5.91818816232
LJPOGGAG_00223	0.0
LJPOGGAG_00224	0.0
LJPOGGAG_00225	0.0
LJPOGGAG_00226	0.0
LJPOGGAG_00227	0.0
LJPOGGAG_00228	0.0
LJPOGGAG_00229	1.05347058621
LJPOGGAG_00230	0.0
LJPOGGAG_00231	12.6064008067
LJPOGGAG_00232	1.54845745069
LJPOGGAG_00233	0.0
LJPOGGAG_00234	0.0
LJPOGGAG_00235	0.0
LJPOGGAG_00236	0.0
LJPOGGAG_00237	0.0
LJPOGGAG_00239	0.0
LJPOGGAG_00240	0.0
LJPOGGAG_00241	5.24535470535
LJPOGGAG_00242	0.0
LJPOGGAG_00243	0.0
LJPOGGAG_00244	0.0
LJPOGGAG_00245	1.52753235
LJPOGGAG_00246	0.0
LJPOGGAG_00247	5.94933652107
LJPOGGAG_00248	4.3869622471
LJPOGGAG_00249	0.0
LJPOGGAG_00250	0.0
LJPOGGAG_00251	0.0
LJPOGGAG_00252	0.0
LJPOGGAG_00253	0.0
LJPOGGAG_00254	0.989819561298
LJPOGGAG_00255	0.0
LJPOGGAG_00256	0.0
LJPOGGAG_00257	0.0
LJPOGGAG_00258	0.0
LJPOGGAG_00259	0.0
LJPOGGAG_00260	0.0
LJPOGGAG_00261	0.0
LJPOGGAG_00262	0.0
LJPOGGAG_00263	0.0
LJPOGGAG_00264	0.997682205651
LJPOGGAG_00265	0.0
LJPOGGAG_00266	0.0
LJPOGGAG_00267	0.904299151202
LJPOGGAG_00268	0.0
LJPOGGAG_00269	1.05939450703
LJPOGGAG_00270	0.0
LJPOGGAG_00271	0.0
LJPOGGAG_00272	0.0
LJPOGGAG_00273	1.55913646759
LJPOGGAG_00274	0.0
LJPOGGAG_00275	1.02761267182
LJPOGGAG_00276	0.0
LJPOGGAG_00277	0.0
LJPOGGAG_00278	23.3870470139
LJPOGGAG_00279	0.0
LJPOGGAG_00280	0.0
LJPOGGAG_00281	0.0
LJPOGGAG_00282	0.0
LJPOGGAG_00283	0.0
LJPOGGAG_00284	1.17624759522
LJPOGGAG_00285	0.0
LJPOGGAG_00286	0.0
LJPOGGAG_00287	0.0
LJPOGGAG_00288	3.09691490138
LJPOGGAG_00289	0.0
LJPOGGAG_00290	1.4680181026
LJPOGGAG_00291	0.0
LJPOGGAG_00292	0.0
LJPOGGAG_00293	0.0
LJPOGGAG_00294	0.0
LJPOGGAG_00295	0.0
LJPOGGAG_00296	0.0
LJPOGGAG_00297	1.51524656703
LJPOGGAG_00298	0.453055686975
LJPOGGAG_00299	0.0
LJPOGGAG_00300	0.0
LJPOGGAG_00301	0.0
LJPOGGAG_00302	0.0
LJPOGGAG_00303	0.0
LJPOGGAG_00304	0.680538193259
LJPOGGAG_00305	0.0
LJPOGGAG_00306	0.0
LJPOGGAG_00307	0.0
LJPOGGAG_00308	0.0
LJPOGGAG_00309	0.0
LJPOGGAG_00310	0.783893161583
LJPOGGAG_00311	0.0
LJPOGGAG_00312	0.0
LJPOGGAG_00313	0.0
LJPOGGAG_00314	0.0
LJPOGGAG_00315	0.0
LJPOGGAG_00316	0.0
LJPOGGAG_00317	0.0
LJPOGGAG_00318	0.0
LJPOGGAG_00319	0.0
LJPOGGAG_00320	0.0
LJPOGGAG_00321	0.0
LJPOGGAG_00322	0.0
LJPOGGAG_00324	1.85307203115
LJPOGGAG_00325	0.0
LJPOGGAG_00326	0.0
LJPOGGAG_00327	0.0
LJPOGGAG_00329	1.39380263749
LJPOGGAG_00330	0.0
LJPOGGAG_00331	0.0
LJPOGGAG_00332	0.0
LJPOGGAG_00333	0.0
LJPOGGAG_00334	0.0
LJPOGGAG_00335	0.0
LJPOGGAG_00336	0.0
LJPOGGAG_00337	0.0
LJPOGGAG_00338	0.0
LJPOGGAG_00339	0.0
LJPOGGAG_00340	0.0
LJPOGGAG_00341	0.0
LJPOGGAG_00342	0.0
LJPOGGAG_00343	0.0
LJPOGGAG_00344	2.55163417382
LJPOGGAG_00345	0.0
LJPOGGAG_00346	3.122579942
LJPOGGAG_00347	0.0
LJPOGGAG_00348	0.0
LJPOGGAG_00349	0.0
LJPOGGAG_00350	2.97075936663
LJPOGGAG_00351	0.0
LJPOGGAG_00352	0.0
LJPOGGAG_00353	0.0
LJPOGGAG_00354	1.89448146202
LJPOGGAG_00355	0.0
LJPOGGAG_00356	0.0
LJPOGGAG_00357	0.0
LJPOGGAG_00358	0.0
LJPOGGAG_00359	4.11045068728
LJPOGGAG_00360	0.0
LJPOGGAG_00361	0.0
LJPOGGAG_00362	0.0
LJPOGGAG_00363	0.0
LJPOGGAG_00364	0.0
LJPOGGAG_00365	0.0
LJPOGGAG_00366	0.0
LJPOGGAG_00367	1.12924469431
LJPOGGAG_00368	0.0
LJPOGGAG_00369	0.0
LJPOGGAG_00370	0.0
LJPOGGAG_00371	0.0
LJPOGGAG_00372	0.0
LJPOGGAG_00373	0.0
LJPOGGAG_00374	0.0
LJPOGGAG_00375	0.0
LJPOGGAG_00376	0.0
LJPOGGAG_00377	0.0
LJPOGGAG_00378	0.0
LJPOGGAG_00379	0.0
LJPOGGAG_00380	0.0
LJPOGGAG_00381	0.0
LJPOGGAG_00382	0.0
LJPOGGAG_00383	0.0
LJPOGGAG_00384	0.0
LJPOGGAG_00385	0.0
LJPOGGAG_00386	0.0
LJPOGGAG_00387	0.0
LJPOGGAG_00388	0.902134029531
LJPOGGAG_00389	0.0
LJPOGGAG_00390	0.0
LJPOGGAG_00391	0.0
LJPOGGAG_00392	0.0
LJPOGGAG_00393	0.0
LJPOGGAG_00394	1.89978813278
LJPOGGAG_00395	0.0
LJPOGGAG_00396	0.0
LJPOGGAG_00397	0.0
LJPOGGAG_00398	0.0
LJPOGGAG_00399	0.0
LJPOGGAG_00400	0.0
LJPOGGAG_00401	0.0
LJPOGGAG_00402	0.0
LJPOGGAG_00403	0.0
LJPOGGAG_00404	0.0
LJPOGGAG_00405	5.9966787215
LJPOGGAG_00406	0.0
LJPOGGAG_00407	0.0
LJPOGGAG_00408	0.0
LJPOGGAG_00409	0.0
LJPOGGAG_00410	0.0
LJPOGGAG_00411	0.885179278781
LJPOGGAG_00412	0.0
LJPOGGAG_00413	1.71528670562
LJPOGGAG_00414	0.0
LJPOGGAG_00415	0.0
LJPOGGAG_00416	0.0
LJPOGGAG_00417	0.0
LJPOGGAG_00418	0.0
LJPOGGAG_00419	0.0
LJPOGGAG_00420	0.0
LJPOGGAG_00421	0.0
LJPOGGAG_00422	0.0
LJPOGGAG_00423	2.54016615506
LJPOGGAG_00424	0.0
LJPOGGAG_00425	10.4022141626
LJPOGGAG_00426	0.0
LJPOGGAG_00427	0.0
LJPOGGAG_00428	0.0
LJPOGGAG_00429	0.0
LJPOGGAG_00430	0.0
LJPOGGAG_00431	0.0
LJPOGGAG_00432	0.0
LJPOGGAG_00433	0.43127582564
LJPOGGAG_00434	0.0
LJPOGGAG_00435	0.0
LJPOGGAG_00436	0.0
LJPOGGAG_00437	1.42904417067
LJPOGGAG_00438	0.0
LJPOGGAG_00439	0.0
LJPOGGAG_00440	0.0
LJPOGGAG_00441	0.0
LJPOGGAG_00442	0.0
LJPOGGAG_00443	0.0
LJPOGGAG_00444	0.0
LJPOGGAG_00445	0.0
LJPOGGAG_00446	0.0
LJPOGGAG_00447	2.31396916889
LJPOGGAG_00448	0.0
LJPOGGAG_00449	0.0
LJPOGGAG_00450	0.0
LJPOGGAG_00451	0.0
LJPOGGAG_00452	2.31990546742
LJPOGGAG_00453	0.0
LJPOGGAG_00454	0.0
LJPOGGAG_00455	1.04712731728
LJPOGGAG_00456	0.0
LJPOGGAG_00457	0.0
LJPOGGAG_00458	0.0
LJPOGGAG_00459	0.0
LJPOGGAG_00460	0.0
LJPOGGAG_00461	52.9862783908
LJPOGGAG_00462	0.0
LJPOGGAG_00463	0.0
LJPOGGAG_00464	0.0
LJPOGGAG_00465	0.0
LJPOGGAG_00466	0.0
LJPOGGAG_00467	0.0
LJPOGGAG_00468	0.0
LJPOGGAG_00469	0.0
LJPOGGAG_00470	1.04181929862
LJPOGGAG_00471	0.0
LJPOGGAG_00472	0.0
LJPOGGAG_00473	0.0
LJPOGGAG_00474	0.0
LJPOGGAG_00475	0.0
LJPOGGAG_00476	2.77733154546
LJPOGGAG_00477	0.0
LJPOGGAG_00478	0.0
LJPOGGAG_00479	0.0
LJPOGGAG_00480	3.01835497731
LJPOGGAG_00481	0.0
LJPOGGAG_00482	0.0
LJPOGGAG_00483	0.0
LJPOGGAG_00484	0.0
LJPOGGAG_00485	14.5230056403
LJPOGGAG_00486	0.917511314126
LJPOGGAG_00487	0.0
LJPOGGAG_00488	0.0
LJPOGGAG_00489	0.0
LJPOGGAG_00490	0.0
LJPOGGAG_00491	0.0
LJPOGGAG_00492	0.0
LJPOGGAG_00493	0.0
LJPOGGAG_00494	0.0
LJPOGGAG_00495	0.0
LJPOGGAG_00496	0.0
LJPOGGAG_00497	0.0
LJPOGGAG_00498	0.0
LJPOGGAG_00499	1.36849145158
LJPOGGAG_00500	1.59282377502
LJPOGGAG_00501	0.0
LJPOGGAG_00502	0.0
LJPOGGAG_00503	0.0
LJPOGGAG_00504	0.0
LJPOGGAG_00505	0.0
LJPOGGAG_00506	1.13263921744
LJPOGGAG_00507	0.0
LJPOGGAG_00508	0.0
LJPOGGAG_00509	0.0
LJPOGGAG_00510	0.0
LJPOGGAG_00511	0.962020373619
LJPOGGAG_00512	0.0
LJPOGGAG_00513	2.40675785451
LJPOGGAG_00514	0.0
LJPOGGAG_00515	0.0
LJPOGGAG_00516	0.0
LJPOGGAG_00517	0.0
LJPOGGAG_00518	0.0
LJPOGGAG_00519	0.0
LJPOGGAG_00520	0.0
LJPOGGAG_00521	16.3526067125
LJPOGGAG_00522	0.954707718752
LJPOGGAG_00523	1.62643732231
LJPOGGAG_00524	0.0
LJPOGGAG_00525	0.0
LJPOGGAG_00526	0.0
LJPOGGAG_00527	0.0
LJPOGGAG_00528	0.874902429569
LJPOGGAG_00529	1.65018093285
LJPOGGAG_00530	0.866851180217
LJPOGGAG_00531	0.0
LJPOGGAG_00532	0.0
LJPOGGAG_00533	0.0
LJPOGGAG_00534	0.0
LJPOGGAG_00535	0.0
LJPOGGAG_00536	0.0
LJPOGGAG_00537	2.21859458097
LJPOGGAG_00538	0.0
LJPOGGAG_00539	2.48433832748
LJPOGGAG_00540	1.04470789187
LJPOGGAG_00541	0.0
LJPOGGAG_00542	0.0
LJPOGGAG_00543	0.729273509034
LJPOGGAG_00544	0.0
LJPOGGAG_00545	0.0
LJPOGGAG_00546	0.0
LJPOGGAG_00547	0.0
LJPOGGAG_00548	0.915282541703
LJPOGGAG_00549	0.0
LJPOGGAG_00550	1.23268695638
LJPOGGAG_00551	0.0
LJPOGGAG_00552	0.0
LJPOGGAG_00553	0.0
LJPOGGAG_00554	0.0
LJPOGGAG_00555	0.0
LJPOGGAG_00556	0.0
LJPOGGAG_00557	0.0
LJPOGGAG_00558	1.228667325
LJPOGGAG_00559	0.0
LJPOGGAG_00560	0.0
LJPOGGAG_00561	0.0
LJPOGGAG_00562	2.27134749967
LJPOGGAG_00563	0.0
LJPOGGAG_00564	0.0
LJPOGGAG_00565	0.0
LJPOGGAG_00566	0.0
LJPOGGAG_00567	0.574669008136
LJPOGGAG_00568	2.56611563905
LJPOGGAG_00569	0.0
LJPOGGAG_00570	0.0
LJPOGGAG_00571	0.0
LJPOGGAG_00572	0.0
LJPOGGAG_00573	0.0
LJPOGGAG_00574	0.0
LJPOGGAG_00575	5.63309271928
LJPOGGAG_00576	0.0
LJPOGGAG_00577	0.0
LJPOGGAG_00578	0.0
LJPOGGAG_00579	0.0
LJPOGGAG_00580	3.6700452565
LJPOGGAG_00581	0.0
LJPOGGAG_00582	0.0
LJPOGGAG_00583	0.0
LJPOGGAG_00584	0.0
LJPOGGAG_00585	9.75661846242
LJPOGGAG_00586	0.0
LJPOGGAG_00587	0.0
LJPOGGAG_00588	1.39208613178
LJPOGGAG_00589	0.0
LJPOGGAG_00590	1.30077553395
LJPOGGAG_00591	0.0
LJPOGGAG_00592	0.874902429569
LJPOGGAG_00593	1.85763999836
LJPOGGAG_00594	0.976564958102
LJPOGGAG_00595	0.0
LJPOGGAG_00596	0.0
LJPOGGAG_00597	0.0
LJPOGGAG_00598	0.0
LJPOGGAG_00599	3.62880879295
LJPOGGAG_00600	0.0
LJPOGGAG_00601	0.0
LJPOGGAG_00602	0.0
LJPOGGAG_00603	0.0
LJPOGGAG_00604	0.0
LJPOGGAG_00605	0.0
LJPOGGAG_00606	0.0
LJPOGGAG_00607	0.0
LJPOGGAG_00608	0.0
LJPOGGAG_00609	0.0
LJPOGGAG_00610	1.07757286845
LJPOGGAG_00611	0.0
LJPOGGAG_00612	0.0
LJPOGGAG_00613	3.96066551858
LJPOGGAG_00614	0.0
LJPOGGAG_00616	0.0
LJPOGGAG_00617	0.0
LJPOGGAG_00618	0.0
LJPOGGAG_00619	0.0
LJPOGGAG_00620	1.33772063787
LJPOGGAG_00621	0.0
LJPOGGAG_00622	0.0
LJPOGGAG_00623	0.0
LJPOGGAG_00624	1.37098112675
LJPOGGAG_00625	0.0
LJPOGGAG_00626	2.53163256216
LJPOGGAG_00627	0.0
LJPOGGAG_00628	0.0
LJPOGGAG_00629	0.0
LJPOGGAG_00630	1.07757286845
LJPOGGAG_00631	6.99331458326
LJPOGGAG_00632	0.0
LJPOGGAG_00633	0.0
LJPOGGAG_00634	0.0
LJPOGGAG_00635	0.0
LJPOGGAG_00636	0.0
LJPOGGAG_00637	0.0
LJPOGGAG_00638	0.0
LJPOGGAG_00639	0.736399960262
LJPOGGAG_00640	3.2701271138
LJPOGGAG_00641	0.0
LJPOGGAG_00642	0.0
LJPOGGAG_00643	0.0
LJPOGGAG_00644	0.0
LJPOGGAG_00645	0.0
LJPOGGAG_00646	5.52299970197
LJPOGGAG_00647	0.0
LJPOGGAG_00648	1.34248686342
LJPOGGAG_00649	0.0
LJPOGGAG_00650	1.93490917323
LJPOGGAG_00651	4.34759207309
LJPOGGAG_00652	0.0
LJPOGGAG_00653	0.0
LJPOGGAG_00654	3.66409704701
LJPOGGAG_00655	0.0
LJPOGGAG_00656	2.097168718
LJPOGGAG_00657	0.0
LJPOGGAG_00658	0.0
LJPOGGAG_00659	0.0
LJPOGGAG_00660	1.6406007823
LJPOGGAG_00661	0.0
LJPOGGAG_00662	0.0
LJPOGGAG_00663	0.0
LJPOGGAG_00664	0.0
LJPOGGAG_00665	0.0
LJPOGGAG_00666	0.0
LJPOGGAG_00667	0.0
LJPOGGAG_00668	0.0
LJPOGGAG_00669	0.0
LJPOGGAG_00670	0.0
LJPOGGAG_00671	0.0
LJPOGGAG_00672	0.0
LJPOGGAG_00673	1.44549097059
LJPOGGAG_00674	0.0
LJPOGGAG_00675	0.0
LJPOGGAG_00676	0.0
LJPOGGAG_00677	0.0
LJPOGGAG_00678	0.0
LJPOGGAG_00679	0.0
LJPOGGAG_00680	0.0
LJPOGGAG_00681	0.0
LJPOGGAG_00682	0.0
LJPOGGAG_00683	0.0
LJPOGGAG_00684	1.40244905583
LJPOGGAG_00685	0.0
LJPOGGAG_00686	1.97877275974
LJPOGGAG_00687	2.48981043833
LJPOGGAG_00688	0.834224309227
LJPOGGAG_00689	1.78292419401
LJPOGGAG_00690	0.0
LJPOGGAG_00691	0.0
LJPOGGAG_00692	0.0
LJPOGGAG_00693	0.0
LJPOGGAG_00694	0.0
LJPOGGAG_00695	0.0
LJPOGGAG_00696	0.0
LJPOGGAG_00697	0.0
LJPOGGAG_00698	0.0
LJPOGGAG_00699	1.64298537646
LJPOGGAG_00700	0.0
LJPOGGAG_00701	0.0
LJPOGGAG_00702	0.0
LJPOGGAG_00703	0.0
LJPOGGAG_00704	0.0
LJPOGGAG_00705	0.0
LJPOGGAG_00706	0.0
LJPOGGAG_00707	0.0
LJPOGGAG_00708	0.0
LJPOGGAG_00709	0.0
LJPOGGAG_00710	4.94332626386
LJPOGGAG_00711	1.24490521917
LJPOGGAG_00712	0.0
LJPOGGAG_00713	8.78528968137
LJPOGGAG_00714	0.0
LJPOGGAG_00715	0.0
LJPOGGAG_00716	0.0
LJPOGGAG_00717	0.0
LJPOGGAG_00718	0.0
LJPOGGAG_00719	0.243143458594
LJPOGGAG_00720	0.0
LJPOGGAG_00721	0.0
LJPOGGAG_00722	0.0
LJPOGGAG_00723	0.0
LJPOGGAG_00724	2.04407583906
LJPOGGAG_00725	0.0
LJPOGGAG_00726	0.636651049847
LJPOGGAG_00727	1.61251631812
LJPOGGAG_00728	0.0
LJPOGGAG_00729	0.0
LJPOGGAG_00730	0.0
LJPOGGAG_00731	0.0
LJPOGGAG_00732	1.49125849473
LJPOGGAG_00733	0.0
LJPOGGAG_00734	0.0
LJPOGGAG_00735	0.0
LJPOGGAG_00736	0.0
LJPOGGAG_00737	0.0
LJPOGGAG_00738	0.0
LJPOGGAG_00739	0.0
LJPOGGAG_00740	0.0
LJPOGGAG_00741	0.837934721277
LJPOGGAG_00742	0.0
LJPOGGAG_00743	0.0
LJPOGGAG_00744	2.50082729868
LJPOGGAG_00745	0.0
LJPOGGAG_00746	0.0
LJPOGGAG_00747	14.1296742375
LJPOGGAG_00748	0.0
LJPOGGAG_00749	0.0
LJPOGGAG_00750	0.0
LJPOGGAG_00751	0.908660722671
LJPOGGAG_00752	0.0
LJPOGGAG_00753	0.0
LJPOGGAG_00754	0.0
LJPOGGAG_00755	0.0
LJPOGGAG_00756	0.0
LJPOGGAG_00757	0.0
LJPOGGAG_00758	0.0
LJPOGGAG_00759	0.0
LJPOGGAG_00760	0.0
LJPOGGAG_00761	0.0
LJPOGGAG_00762	0.0
LJPOGGAG_00763	0.0
LJPOGGAG_00764	0.0
LJPOGGAG_00765	0.0
LJPOGGAG_00766	0.0
LJPOGGAG_00767	0.0
LJPOGGAG_00768	0.0
LJPOGGAG_00769	0.0
LJPOGGAG_00770	0.65834242225
LJPOGGAG_00771	0.0
LJPOGGAG_00772	0.0
LJPOGGAG_00773	0.0
LJPOGGAG_00774	0.0
LJPOGGAG_00775	0.0
LJPOGGAG_00776	0.0
LJPOGGAG_00777	2.56903167955
LJPOGGAG_00778	1.5203415454
LJPOGGAG_00779	0.0
LJPOGGAG_00781	0.0
LJPOGGAG_00782	1.78011643937
LJPOGGAG_00783	0.0
LJPOGGAG_00784	0.0
LJPOGGAG_00785	0.0
LJPOGGAG_00786	0.0
LJPOGGAG_00787	0.0
LJPOGGAG_00788	0.9820798775
LJPOGGAG_00789	0.0
LJPOGGAG_00790	1.51524656703
LJPOGGAG_00791	0.0
LJPOGGAG_00792	0.0
LJPOGGAG_00793	0.0
LJPOGGAG_00794	0.0
LJPOGGAG_00795	0.0
LJPOGGAG_00796	1.16054819199
LJPOGGAG_00797	0.0
LJPOGGAG_00798	0.0
LJPOGGAG_00799	0.0
LJPOGGAG_00800	0.0
LJPOGGAG_00801	0.0
LJPOGGAG_00802	0.84545545176
LJPOGGAG_00803	0.0
LJPOGGAG_00804	0.0
LJPOGGAG_00805	0.0
LJPOGGAG_00806	0.0
LJPOGGAG_00807	0.0
LJPOGGAG_00808	0.0
LJPOGGAG_00809	0.0
LJPOGGAG_00810	0.0
LJPOGGAG_00811	0.0
LJPOGGAG_00812	3.56960191264
LJPOGGAG_00813	0.0
LJPOGGAG_00814	0.0
LJPOGGAG_00815	1.28744184397
LJPOGGAG_00816	0.0
LJPOGGAG_00817	0.0
LJPOGGAG_00818	0.825090466425
LJPOGGAG_00819	0.0
LJPOGGAG_00820	0.0
LJPOGGAG_00821	0.510788042929
LJPOGGAG_00822	1.05053340056
LJPOGGAG_00823	1.21284757404
LJPOGGAG_00824	0.0
LJPOGGAG_00825	0.0
LJPOGGAG_00826	0.0
LJPOGGAG_00827	0.0
LJPOGGAG_00828	4.06609330577
LJPOGGAG_00829	0.0
LJPOGGAG_00830	0.0
LJPOGGAG_00831	0.0
LJPOGGAG_00832	0.0
LJPOGGAG_00833	0.0
LJPOGGAG_00834	0.0
LJPOGGAG_00835	0.0
LJPOGGAG_00836	0.0
LJPOGGAG_00837	0.0
LJPOGGAG_00838	0.0
LJPOGGAG_00839	0.0
LJPOGGAG_00840	0.0
LJPOGGAG_00841	0.0
LJPOGGAG_00842	0.0
LJPOGGAG_00843	0.995047481517
LJPOGGAG_00844	0.0
LJPOGGAG_00845	0.0
LJPOGGAG_00846	4.936130738
LJPOGGAG_00847	0.0
LJPOGGAG_00848	0.0
LJPOGGAG_00849	1.19363668321
LJPOGGAG_00850	2.95136798695
LJPOGGAG_00851	0.881039703042
LJPOGGAG_00852	0.0
LJPOGGAG_00853	0.0
LJPOGGAG_00854	10.1530593324
LJPOGGAG_00855	0.0
LJPOGGAG_00857	0.0
LJPOGGAG_00858	0.0
LJPOGGAG_00859	0.0
LJPOGGAG_00860	1.45666744717
LJPOGGAG_00861	0.0
LJPOGGAG_00862	0.0
LJPOGGAG_00863	0.0
LJPOGGAG_00864	4.936130738
LJPOGGAG_00865	0.0
LJPOGGAG_00866	0.0
LJPOGGAG_00867	0.0
LJPOGGAG_00868	2.71724504568
LJPOGGAG_00869	0.0
LJPOGGAG_00870	0.0
LJPOGGAG_00871	0.0
LJPOGGAG_00872	0.0
LJPOGGAG_00873	0.0
LJPOGGAG_00874	0.0
LJPOGGAG_00875	0.0
LJPOGGAG_00876	1.01106792397
LJPOGGAG_00877	0.0
LJPOGGAG_00878	0.0
LJPOGGAG_00879	0.0
LJPOGGAG_00880	0.0
LJPOGGAG_00881	2.97466826053
LJPOGGAG_00882	0.0
LJPOGGAG_00883	0.0
LJPOGGAG_00884	0.0
LJPOGGAG_00885	0.66258730305
LJPOGGAG_00886	0.0
LJPOGGAG_00887	0.0
LJPOGGAG_00888	2.28975139568
LJPOGGAG_00889	2.64931391954
LJPOGGAG_00890	0.0
LJPOGGAG_00891	0.893576236366
LJPOGGAG_00892	3.7347156575
LJPOGGAG_00893	0.0
LJPOGGAG_00894	0.0
LJPOGGAG_00895	0.952294809606
LJPOGGAG_00896	0.862880869468
LJPOGGAG_00897	3.29555084257
LJPOGGAG_00898	0.0
LJPOGGAG_00899	0.0
LJPOGGAG_00900	0.0
LJPOGGAG_00901	0.0
LJPOGGAG_00902	0.0
LJPOGGAG_00903	0.0
LJPOGGAG_00904	0.0
LJPOGGAG_00905	0.0
LJPOGGAG_00906	0.0
LJPOGGAG_00907	0.0
LJPOGGAG_00908	0.0
LJPOGGAG_00909	0.0
LJPOGGAG_00910	2.99833936075
LJPOGGAG_00911	0.0
LJPOGGAG_00912	4.03704978215
LJPOGGAG_00913	2.75253394238
LJPOGGAG_00914	1.17870066632
LJPOGGAG_00915	0.0
LJPOGGAG_00916	0.0
LJPOGGAG_00917	0.0
LJPOGGAG_00918	0.0
LJPOGGAG_00919	0.0
LJPOGGAG_00920	1.12924469431
LJPOGGAG_00921	0.0
LJPOGGAG_00922	0.0
LJPOGGAG_00923	0.0
LJPOGGAG_00924	0.0
LJPOGGAG_00925	0.0
LJPOGGAG_00926	0.0
LJPOGGAG_00927	0.0
LJPOGGAG_00928	1.03324857313
LJPOGGAG_00929	0.0
LJPOGGAG_00930	0.0
LJPOGGAG_00931	0.0
LJPOGGAG_00932	0.0
LJPOGGAG_00933	0.0
LJPOGGAG_00934	0.0
LJPOGGAG_00935	2.87871121987
LJPOGGAG_00936	2.83538613462
LJPOGGAG_00937	0.0
LJPOGGAG_00938	0.0
LJPOGGAG_00939	0.0
LJPOGGAG_00940	5.99138130213
LJPOGGAG_00941	0.0
LJPOGGAG_00942	0.0
LJPOGGAG_00943	0.0
LJPOGGAG_00944	1.28744184397
LJPOGGAG_00945	1.58426620743
LJPOGGAG_00946	1.228667325
LJPOGGAG_00947	0.0
LJPOGGAG_00948	0.0
LJPOGGAG_00949	0.0
LJPOGGAG_00950	1.91914081325
LJPOGGAG_00951	0.0
LJPOGGAG_00952	0.0
LJPOGGAG_00953	0.0
LJPOGGAG_00954	1.35374124431
LJPOGGAG_00955	0.0
LJPOGGAG_00956	0.0
LJPOGGAG_00957	0.0
LJPOGGAG_00958	0.0
LJPOGGAG_00959	0.0
LJPOGGAG_00960	0.0
LJPOGGAG_00961	0.0
LJPOGGAG_00962	0.0
LJPOGGAG_00963	5.06894143051
LJPOGGAG_00964	0.0
LJPOGGAG_00965	0.0
LJPOGGAG_00966	0.0
LJPOGGAG_00967	0.0
LJPOGGAG_00968	0.0
LJPOGGAG_00969	0.0
LJPOGGAG_00970	0.0
LJPOGGAG_00971	1.28744184397
LJPOGGAG_00972	0.0
LJPOGGAG_00973	0.0
LJPOGGAG_00974	0.0
LJPOGGAG_00975	0.926536015576
LJPOGGAG_00976	3.23657534432
LJPOGGAG_00977	0.0
LJPOGGAG_00978	0.0
LJPOGGAG_00979	1.52650093046
LJPOGGAG_00980	1.91914081325
LJPOGGAG_00981	2.26074787801
LJPOGGAG_00982	0.0
LJPOGGAG_00983	5.41712750321
LJPOGGAG_00984	3.36922187482
LJPOGGAG_00985	0.0
LJPOGGAG_00986	0.0
LJPOGGAG_00987	0.0
LJPOGGAG_00988	1.8966005688
LJPOGGAG_00989	0.0
LJPOGGAG_00990	0.0
LJPOGGAG_00991	0.0
LJPOGGAG_00992	0.0
LJPOGGAG_00993	1.23673297484
LJPOGGAG_00994	0.0
LJPOGGAG_00995	0.0
LJPOGGAG_00996	0.0
LJPOGGAG_00997	7.06483711877
LJPOGGAG_00998	0.0
LJPOGGAG_00999	0.0
LJPOGGAG_01000	0.0
LJPOGGAG_01001	0.0
LJPOGGAG_01002	0.0
LJPOGGAG_01003	0.0
LJPOGGAG_01004	0.0
LJPOGGAG_01005	2.05522534364
LJPOGGAG_01006	0.0
LJPOGGAG_01007	0.0
LJPOGGAG_01008	0.812634032353
LJPOGGAG_01009	3.10826930982
LJPOGGAG_01010	1.04761254773
LJPOGGAG_01011	0.0
LJPOGGAG_01012	4.68306137339
LJPOGGAG_01013	1.83204852351
LJPOGGAG_01014	1.7717459859
LJPOGGAG_01016	0.0
LJPOGGAG_01017	0.0
LJPOGGAG_01018	0.0
LJPOGGAG_01019	0.0
LJPOGGAG_01020	2.56903167955
LJPOGGAG_01021	0.0
LJPOGGAG_01022	0.0
LJPOGGAG_01023	0.904299151202
LJPOGGAG_01024	0.0
LJPOGGAG_01025	0.0
LJPOGGAG_01026	2.468065369
LJPOGGAG_01027	0.0
LJPOGGAG_01028	0.0
LJPOGGAG_01029	1.47376002478
LJPOGGAG_01030	3.40816263016
LJPOGGAG_01031	3.37761137152
LJPOGGAG_01035	2.70424387321
LJPOGGAG_01036	0.0
LJPOGGAG_01037	0.0
LJPOGGAG_01038	0.954707718752
LJPOGGAG_01039	1.30452849279
LJPOGGAG_01040	0.0
LJPOGGAG_01041	0.0
LJPOGGAG_01042	0.0
LJPOGGAG_01043	0.0
LJPOGGAG_01044	0.0
LJPOGGAG_01045	1.27437873619
LJPOGGAG_01046	0.0
LJPOGGAG_01047	1.31591843889
LJPOGGAG_01048	0.0
LJPOGGAG_01049	0.0
LJPOGGAG_01050	0.0
LJPOGGAG_01051	0.0
LJPOGGAG_01052	0.0
LJPOGGAG_01053	0.0
LJPOGGAG_01054	2.50082729868
LJPOGGAG_01055	1.42364475945
LJPOGGAG_01056	12.8087698471
LJPOGGAG_01057	8.40873280873
LJPOGGAG_01058	5.03133800743
LJPOGGAG_01059	2.84013552513
LJPOGGAG_01060	0.0
LJPOGGAG_01061	6.31493820672
LJPOGGAG_01062	2.02939665889
LJPOGGAG_01063	0.0
LJPOGGAG_01064	0.0
LJPOGGAG_01065	0.0
LJPOGGAG_01066	0.0
LJPOGGAG_01067	0.0
LJPOGGAG_01068	0.0
LJPOGGAG_01069	0.0
LJPOGGAG_01070	5.99138130213
LJPOGGAG_01071	0.0
LJPOGGAG_01072	6.14333662502
LJPOGGAG_01073	0.0
LJPOGGAG_01074	0.0
LJPOGGAG_01075	0.0
LJPOGGAG_01076	2.50637237029
LJPOGGAG_01077	1.328289
LJPOGGAG_01078	0.0
LJPOGGAG_01079	2.70424387321
LJPOGGAG_01080	0.0
LJPOGGAG_01081	0.0
LJPOGGAG_01082	13.722293645
LJPOGGAG_01083	3.53241855938
LJPOGGAG_01084	15.2367169537
LJPOGGAG_01085	7.6156088287
LJPOGGAG_01086	9.62020373619
LJPOGGAG_01087	0.0
LJPOGGAG_01088	4.24739706539
LJPOGGAG_01089	5.6440307634
LJPOGGAG_01090	11.8986730421
LJPOGGAG_01091	10.9745042622
LJPOGGAG_01092	1.4473417913
LJPOGGAG_01093	0.0
LJPOGGAG_01094	0.0
LJPOGGAG_01095	0.0
LJPOGGAG_01096	0.0
LJPOGGAG_01097	3.1486739248
LJPOGGAG_01098	0.0
LJPOGGAG_01099	0.0
LJPOGGAG_01100	0.0
LJPOGGAG_01102	0.0
LJPOGGAG_01103	0.0
LJPOGGAG_01104	0.0
LJPOGGAG_01105	0.0
LJPOGGAG_01106	6.00198551683
LJPOGGAG_01107	3.04068309079
LJPOGGAG_01108	0.0
LJPOGGAG_01109	0.0
LJPOGGAG_01110	0.0
LJPOGGAG_01111	0.0
LJPOGGAG_01112	1.44549097059
LJPOGGAG_01113	1.23268695638
LJPOGGAG_01114	2.05149535209
LJPOGGAG_01115	0.0
LJPOGGAG_01116	0.0
LJPOGGAG_01117	0.0
LJPOGGAG_01118	1.07757286845
LJPOGGAG_01120	0.0
LJPOGGAG_01121	0.0
LJPOGGAG_01122	0.0
LJPOGGAG_01123	0.0
LJPOGGAG_01124	0.0
LJPOGGAG_01125	0.0
LJPOGGAG_01126	0.0
LJPOGGAG_01127	2.53447071525
LJPOGGAG_01128	0.0
LJPOGGAG_01129	0.0
LJPOGGAG_01130	0.0
LJPOGGAG_01131	0.0
LJPOGGAG_01132	0.0
LJPOGGAG_01133	0.0
LJPOGGAG_01134	0.0
LJPOGGAG_01135	0.981653442469
LJPOGGAG_01136	0.0
LJPOGGAG_01137	0.0
LJPOGGAG_01138	0.0
LJPOGGAG_01139	0.0
LJPOGGAG_01140	0.0
LJPOGGAG_01141	0.0
LJPOGGAG_01142	0.0
LJPOGGAG_01143	0.0
LJPOGGAG_01144	1.2012475441
LJPOGGAG_01145	0.0
LJPOGGAG_01146	0.0
LJPOGGAG_01147	0.0
LJPOGGAG_01148	0.0
LJPOGGAG_01149	0.0
LJPOGGAG_01150	0.0
LJPOGGAG_01151	2.468065369
LJPOGGAG_01152	1.55913646759
LJPOGGAG_01153	3.78051484616
LJPOGGAG_01155	0.0
LJPOGGAG_01159	9.26536015576
LJPOGGAG_01160	0.0
LJPOGGAG_01161	0.0
LJPOGGAG_01162	3.06453043107
LJPOGGAG_01163	0.566036023537
LJPOGGAG_01164	1.10604103621
LJPOGGAG_01165	0.0
LJPOGGAG_01166	0.687993876447
LJPOGGAG_01167	1.96075271293
LJPOGGAG_01168	0.0
LJPOGGAG_01169	0.0
LJPOGGAG_01170	0.0
LJPOGGAG_01171	0.0
LJPOGGAG_01172	0.0
LJPOGGAG_01173	0.0
LJPOGGAG_01174	0.0
LJPOGGAG_01175	0.0
LJPOGGAG_01176	0.0
LJPOGGAG_01177	0.0
LJPOGGAG_01178	0.0
LJPOGGAG_01179	1.16054819199
LJPOGGAG_01180	1.05642424206
LJPOGGAG_01181	0.0
LJPOGGAG_01182	0.0
LJPOGGAG_01183	0.0
LJPOGGAG_01184	4.44154789392
LJPOGGAG_01185	0.0
LJPOGGAG_01186	0.0
LJPOGGAG_01187	0.0
LJPOGGAG_01188	0.0
LJPOGGAG_01189	0.0
LJPOGGAG_01190	0.0
LJPOGGAG_01192	0.0
LJPOGGAG_01193	1.57873455168
LJPOGGAG_01194	1.20895608449
LJPOGGAG_01195	0.0
LJPOGGAG_01196	0.0
LJPOGGAG_01197	2.38727336643
LJPOGGAG_01198	33.6170688179
LJPOGGAG_01199	2.37973460843
LJPOGGAG_01200	0.0
LJPOGGAG_01201	0.0
LJPOGGAG_01202	0.0
LJPOGGAG_01203	0.0
LJPOGGAG_01204	2.21728901334
LJPOGGAG_01205	0.0
LJPOGGAG_01207	0.0
LJPOGGAG_01208	0.0
LJPOGGAG_01209	0.0
LJPOGGAG_01210	0.0
LJPOGGAG_01211	1.41828599624
LJPOGGAG_01212	0.0
LJPOGGAG_01213	0.0
LJPOGGAG_01214	0.0
LJPOGGAG_01215	0.0
LJPOGGAG_01216	3.07501071546
LJPOGGAG_01217	3.61141833547
LJPOGGAG_01218	0.0
LJPOGGAG_01219	0.0
LJPOGGAG_01220	0.0
LJPOGGAG_01221	0.0
LJPOGGAG_01222	0.0
LJPOGGAG_01223	0.0
LJPOGGAG_01224	0.0
LJPOGGAG_01225	0.0
LJPOGGAG_01226	0.926536015576
LJPOGGAG_01227	0.0
LJPOGGAG_01228	0.0
LJPOGGAG_01229	0.0
LJPOGGAG_01230	0.0
LJPOGGAG_01231	0.0
LJPOGGAG_01232	1.11586765943
LJPOGGAG_01233	1.78011643937
LJPOGGAG_01234	2.62267735267
LJPOGGAG_01235	0.0
LJPOGGAG_01236	0.0
LJPOGGAG_01237	0.0
LJPOGGAG_01238	0.0
LJPOGGAG_01239	5.9027359739
LJPOGGAG_01240	0.0
LJPOGGAG_01241	0.0
LJPOGGAG_01242	0.0
LJPOGGAG_01243	0.0
LJPOGGAG_01244	0.0
LJPOGGAG_01245	0.0
LJPOGGAG_01246	0.0
LJPOGGAG_01247	0.722283667094
LJPOGGAG_01248	0.0
LJPOGGAG_01249	0.0
LJPOGGAG_01250	0.0
LJPOGGAG_01251	0.0
LJPOGGAG_01252	0.0
LJPOGGAG_01253	20.8733823964
LJPOGGAG_01254	0.0
LJPOGGAG_01255	3.1707543871
LJPOGGAG_01258	0.0
LJPOGGAG_01259	0.0
LJPOGGAG_01260	4.21781320523
LJPOGGAG_01261	2.10236938438
LJPOGGAG_01262	1.23673297484
LJPOGGAG_01263	0.0
LJPOGGAG_01264	0.0
LJPOGGAG_01265	0.0
LJPOGGAG_01266	0.0
LJPOGGAG_01267	0.0
LJPOGGAG_01268	2.95265286635
LJPOGGAG_01269	0.0
LJPOGGAG_01270	0.0
LJPOGGAG_01271	2.87139865962
LJPOGGAG_01272	0.0
LJPOGGAG_01273	0.0
LJPOGGAG_01274	0.945128711541
LJPOGGAG_01275	0.0
LJPOGGAG_01276	0.0
LJPOGGAG_01277	0.0
LJPOGGAG_01278	0.855048365358
LJPOGGAG_01279	0.0
LJPOGGAG_01280	0.0
LJPOGGAG_01281	0.0
LJPOGGAG_01282	0.0
LJPOGGAG_01283	30.0099275841
LJPOGGAG_01284	0.0
LJPOGGAG_01285	0.0
LJPOGGAG_01286	0.0
LJPOGGAG_01287	0.0
LJPOGGAG_01288	0.0
LJPOGGAG_01289	4.91466930001
LJPOGGAG_01290	4.22306577461
LJPOGGAG_01291	0.0
LJPOGGAG_01292	0.0
LJPOGGAG_01293	0.0
LJPOGGAG_01294	0.0
LJPOGGAG_01295	0.0
LJPOGGAG_01296	0.0
LJPOGGAG_01297	0.0
LJPOGGAG_01298	0.0
LJPOGGAG_01299	1.66231461618
LJPOGGAG_01300	0.0
LJPOGGAG_01301	0.0
LJPOGGAG_01302	0.764799688094
LJPOGGAG_01303	1.86223054201
LJPOGGAG_01304	0.0
LJPOGGAG_01305	0.0
LJPOGGAG_01306	0.0
LJPOGGAG_01307	2.05149535209
LJPOGGAG_01308	0.0
LJPOGGAG_01309	0.0
LJPOGGAG_01310	0.0
LJPOGGAG_01311	0.0
LJPOGGAG_01312	0.0
LJPOGGAG_01313	1.79709688236
LJPOGGAG_01314	0.0
LJPOGGAG_01315	0.0
LJPOGGAG_01316	0.0
LJPOGGAG_01318	0.0
LJPOGGAG_01319	0.0
LJPOGGAG_01320	0.0
LJPOGGAG_01321	0.0
LJPOGGAG_01322	0.0
LJPOGGAG_01323	0.0
LJPOGGAG_01324	0.0
LJPOGGAG_01325	0.0
LJPOGGAG_01326	0.0
LJPOGGAG_01327	0.0
LJPOGGAG_01328	0.0
LJPOGGAG_01329	0.0
LJPOGGAG_01330	0.0
LJPOGGAG_01331	0.0
LJPOGGAG_01332	0.0
LJPOGGAG_01333	0.0
LJPOGGAG_01334	0.0
LJPOGGAG_01335	0.0
LJPOGGAG_01336	0.0
LJPOGGAG_01337	0.0
LJPOGGAG_01338	0.0
LJPOGGAG_01339	0.0
LJPOGGAG_01340	0.0
LJPOGGAG_01341	0.0
LJPOGGAG_01342	0.919750967455
LJPOGGAG_01343	18.4174979878
LJPOGGAG_01344	0.702095614287
LJPOGGAG_01345	0.0
LJPOGGAG_01346	1.0956774853
LJPOGGAG_01347	0.0
LJPOGGAG_01348	0.0
LJPOGGAG_01349	0.0
LJPOGGAG_01350	0.0
LJPOGGAG_01351	0.0
LJPOGGAG_01352	0.0
LJPOGGAG_01353	0.0
LJPOGGAG_01354	0.0
LJPOGGAG_01355	0.0
LJPOGGAG_01356	1.27437873619
LJPOGGAG_01357	1.03042291614
LJPOGGAG_01359	0.0
LJPOGGAG_01360	0.0
LJPOGGAG_01361	0.0
LJPOGGAG_01362	0.0
LJPOGGAG_01363	0.0
LJPOGGAG_01364	0.0
LJPOGGAG_01365	1.07144449195
LJPOGGAG_01366	1.09004237127
LJPOGGAG_01367	0.0
LJPOGGAG_01368	0.0
LJPOGGAG_01369	0.0
LJPOGGAG_01370	0.0
LJPOGGAG_01371	0.0
LJPOGGAG_01372	5.03507322496
LJPOGGAG_01373	0.0
LJPOGGAG_01374	0.0
LJPOGGAG_01375	0.0
LJPOGGAG_01376	15.3444426109
LJPOGGAG_01377	0.0
LJPOGGAG_01378	0.0
LJPOGGAG_01379	0.0
LJPOGGAG_01380	0.0
LJPOGGAG_01381	0.0
LJPOGGAG_01382	1.14294634884
LJPOGGAG_01383	0.0
LJPOGGAG_01384	0.0
LJPOGGAG_01385	0.0
LJPOGGAG_01386	0.0
LJPOGGAG_01387	0.0
LJPOGGAG_01388	5.8116912031
LJPOGGAG_01389	0.0
LJPOGGAG_01390	0.717242347083
LJPOGGAG_01391	0.0
LJPOGGAG_01392	0.0
LJPOGGAG_01393	0.0
LJPOGGAG_01394	0.0
LJPOGGAG_01395	0.0
LJPOGGAG_01396	0.0
LJPOGGAG_01397	0.0
LJPOGGAG_01398	0.0
LJPOGGAG_01399	1.42364475945
LJPOGGAG_01400	1.30077553395
LJPOGGAG_01401	0.0
LJPOGGAG_01402	0.0
LJPOGGAG_01403	0.0
LJPOGGAG_01404	0.0
LJPOGGAG_01405	9.85791225875
LJPOGGAG_01406	1.57214734215
LJPOGGAG_01407	2.31634003894
LJPOGGAG_01408	0.0
LJPOGGAG_01409	0.0
LJPOGGAG_01410	0.0
LJPOGGAG_01411	10.3324857313
LJPOGGAG_01412	5.9966787215
LJPOGGAG_01413	3.7061440623
LJPOGGAG_01414	0.0
LJPOGGAG_01415	0.851185195032
LJPOGGAG_01416	1.27342163613
LJPOGGAG_01417	0.0
LJPOGGAG_01418	0.0
LJPOGGAG_01419	0.0
LJPOGGAG_01420	0.0
LJPOGGAG_01421	0.0
LJPOGGAG_01422	0.0
LJPOGGAG_01423	0.0
LJPOGGAG_01424	0.0
LJPOGGAG_01425	0.0
LJPOGGAG_01426	0.0
LJPOGGAG_01427	5.15368057296
LJPOGGAG_01428	0.0
LJPOGGAG_01429	1.26345820306
LJPOGGAG_01430	1.83204852351
LJPOGGAG_01431	0.0
LJPOGGAG_01433	0.959570406624
LJPOGGAG_01434	0.0
LJPOGGAG_01435	0.0
LJPOGGAG_01436	0.0
LJPOGGAG_01437	0.0
LJPOGGAG_01438	0.0
LJPOGGAG_01439	0.0
LJPOGGAG_01440	0.0
LJPOGGAG_01441	0.0
LJPOGGAG_01442	0.0
LJPOGGAG_01443	0.0
LJPOGGAG_01444	0.0
LJPOGGAG_01445	0.0
LJPOGGAG_01446	0.0
LJPOGGAG_01447	0.0
LJPOGGAG_01448	7.06483711877
LJPOGGAG_01449	0.0
LJPOGGAG_01450	0.0
LJPOGGAG_01451	0.0
LJPOGGAG_01452	0.542405920827
LJPOGGAG_01453	0.0
LJPOGGAG_01454	0.0
LJPOGGAG_01455	0.0
LJPOGGAG_01456	0.0
LJPOGGAG_01457	3.31812310862
LJPOGGAG_01458	0.0
LJPOGGAG_01459	0.0
LJPOGGAG_01460	0.0
LJPOGGAG_01461	0.0
LJPOGGAG_01462	1.84400316314
LJPOGGAG_01463	11.3415445385
LJPOGGAG_01464	0.0
LJPOGGAG_01465	0.0
LJPOGGAG_01466	2.91583991144
LJPOGGAG_01467	1.09004237127
LJPOGGAG_01468	0.0
LJPOGGAG_01469	0.0
LJPOGGAG_01470	0.0
LJPOGGAG_01471	1.80426805906
LJPOGGAG_01472	0.0
LJPOGGAG_01473	1.32362287939
LJPOGGAG_01474	1.26581628108
LJPOGGAG_01475	1.20895608449
LJPOGGAG_01476	0.0
LJPOGGAG_01477	0.0
LJPOGGAG_01478	1.94556616007
LJPOGGAG_01479	0.0
LJPOGGAG_01480	0.0
LJPOGGAG_01481	0.0
LJPOGGAG_01482	0.0
LJPOGGAG_01483	2.19490085243
LJPOGGAG_01484	1.55271145467
LJPOGGAG_01485	0.0
LJPOGGAG_01486	2.53447071525
LJPOGGAG_01487	0.0
LJPOGGAG_01488	0.0
LJPOGGAG_01489	1.43448469417
LJPOGGAG_01490	0.0
LJPOGGAG_01491	0.0
LJPOGGAG_01492	0.0
LJPOGGAG_01493	0.0
LJPOGGAG_01494	0.0
LJPOGGAG_01495	0.0
LJPOGGAG_01496	1.86223054201
LJPOGGAG_01497	0.0
LJPOGGAG_01498	0.0
LJPOGGAG_01499	1.36683668561
LJPOGGAG_01500	0.0
LJPOGGAG_01501	0.0
LJPOGGAG_01502	0.0
LJPOGGAG_01503	0.0
LJPOGGAG_01504	0.0
LJPOGGAG_01505	0.0
LJPOGGAG_01506	0.0
LJPOGGAG_01507	0.0
LJPOGGAG_01508	0.0
LJPOGGAG_01509	0.764799688094
LJPOGGAG_01510	11.30373939
LJPOGGAG_01511	0.0
LJPOGGAG_01513	0.0
LJPOGGAG_01514	0.0
LJPOGGAG_01515	0.0
LJPOGGAG_01516	3.04956997932
LJPOGGAG_01517	0.0
LJPOGGAG_01518	0.0
LJPOGGAG_01519	0.0
LJPOGGAG_01520	1.90458961921
LJPOGGAG_01521	0.0
LJPOGGAG_01522	0.0
LJPOGGAG_01523	0.0
LJPOGGAG_01524	0.0
LJPOGGAG_01525	0.0
LJPOGGAG_01526	0.0
LJPOGGAG_01528	0.0
LJPOGGAG_01529	0.0
LJPOGGAG_01530	0.0
LJPOGGAG_01531	2.37973460843
LJPOGGAG_01532	0.0
LJPOGGAG_01533	0.0
LJPOGGAG_01534	0.0
LJPOGGAG_01535	0.0
LJPOGGAG_01536	0.0
LJPOGGAG_01537	0.0
LJPOGGAG_01538	0.0
LJPOGGAG_01539	0.0
LJPOGGAG_01540	0.0
LJPOGGAG_01541	0.0
LJPOGGAG_01542	0.0
LJPOGGAG_01543	0.0
LJPOGGAG_01544	0.0
LJPOGGAG_01545	0.0
LJPOGGAG_01546	0.0
LJPOGGAG_01547	2.51473623805
LJPOGGAG_01548	2.99436805034
LJPOGGAG_01549	0.0
LJPOGGAG_01550	0.0
LJPOGGAG_01551	0.0
LJPOGGAG_01552	0.0
LJPOGGAG_01553	0.0
LJPOGGAG_01554	0.0
LJPOGGAG_01555	2.91333489434
LJPOGGAG_01556	0.0
LJPOGGAG_01557	0.0
LJPOGGAG_01558	0.0
LJPOGGAG_01559	0.0
LJPOGGAG_01560	0.0
LJPOGGAG_01561	0.0
LJPOGGAG_01562	0.5899655214
LJPOGGAG_01563	1.42364475945
LJPOGGAG_01564	1.73104737979
LJPOGGAG_01565	0.0
LJPOGGAG_01566	0.0
LJPOGGAG_01567	0.0
LJPOGGAG_01568	0.0
LJPOGGAG_01569	0.0
LJPOGGAG_01570	0.0
LJPOGGAG_01571	0.0
LJPOGGAG_01572	0.0
LJPOGGAG_01573	0.0
LJPOGGAG_01574	0.0
LJPOGGAG_01575	0.0
LJPOGGAG_01576	0.0
LJPOGGAG_01577	0.0
LJPOGGAG_01578	0.0
LJPOGGAG_01579	1.85003918004
LJPOGGAG_01581	0.0
LJPOGGAG_01582	1.98659743234
LJPOGGAG_01583	0.0
LJPOGGAG_01584	0.0
LJPOGGAG_01585	0.0
LJPOGGAG_01586	0.0
LJPOGGAG_01587	0.0
LJPOGGAG_01588	0.0
LJPOGGAG_01589	0.0
LJPOGGAG_01590	0.0
LJPOGGAG_01591	0.0
LJPOGGAG_01592	0.0
LJPOGGAG_01593	0.0
LJPOGGAG_01594	0.0
LJPOGGAG_01595	0.0
LJPOGGAG_01596	0.0
LJPOGGAG_01597	0.0
LJPOGGAG_01598	0.0
LJPOGGAG_01599	0.0
LJPOGGAG_01600	0.0
LJPOGGAG_01601	0.0
LJPOGGAG_01602	0.0
LJPOGGAG_01603	0.0
LJPOGGAG_01604	0.0
LJPOGGAG_01605	0.0
LJPOGGAG_01606	0.0
LJPOGGAG_01607	0.0
LJPOGGAG_01608	0.0
LJPOGGAG_01609	0.0
LJPOGGAG_01610	0.0
LJPOGGAG_01611	0.0
LJPOGGAG_01612	0.0
LJPOGGAG_01613	0.0
LJPOGGAG_01614	0.0
LJPOGGAG_01615	0.0
LJPOGGAG_01616	0.0
LJPOGGAG_01617	0.0
LJPOGGAG_01618	0.0
LJPOGGAG_01619	0.0
LJPOGGAG_01620	0.0
LJPOGGAG_01621	2.13748617523
LJPOGGAG_01622	0.0
LJPOGGAG_01623	0.0
LJPOGGAG_01624	0.0
LJPOGGAG_01625	0.0
LJPOGGAG_01626	0.0
LJPOGGAG_01627	0.0
LJPOGGAG_01628	0.0
LJPOGGAG_01629	2.67861122986
LJPOGGAG_01630	0.0
LJPOGGAG_01631	0.0
LJPOGGAG_01632	0.0
LJPOGGAG_01633	0.0
LJPOGGAG_01634	0.0
LJPOGGAG_01635	0.0
LJPOGGAG_01636	1.28305781953
LJPOGGAG_01637	131.920070685
LJPOGGAG_01638	0.0
LJPOGGAG_01641	0.0
LJPOGGAG_01642	0.0
LJPOGGAG_01643	0.0
LJPOGGAG_01644	1.29185593029
LJPOGGAG_01645	0.0
LJPOGGAG_01646	0.0
LJPOGGAG_01647	0.0
LJPOGGAG_01648	4.3869622471
LJPOGGAG_01649	0.0
LJPOGGAG_01650	0.0
LJPOGGAG_01651	0.0
LJPOGGAG_01652	0.0
LJPOGGAG_01653	0.0
LJPOGGAG_01654	0.0
LJPOGGAG_01655	0.0
LJPOGGAG_01656	0.0
LJPOGGAG_01657	1.32880948942
LJPOGGAG_01658	10.3324857313
LJPOGGAG_01659	1.14642387323
LJPOGGAG_01660	1.04278038653
LJPOGGAG_01661	0.0
LJPOGGAG_01662	0.0
LJPOGGAG_01663	5.2090964931
LJPOGGAG_01664	0.0
LJPOGGAG_01665	1.30077553395
LJPOGGAG_01666	0.0
LJPOGGAG_01667	2.82593484751
LJPOGGAG_01668	0.0
LJPOGGAG_01669	0.0
LJPOGGAG_01670	0.0
LJPOGGAG_01671	0.0
LJPOGGAG_01672	0.0
LJPOGGAG_01673	0.0
LJPOGGAG_01674	0.0
LJPOGGAG_01675	0.0
LJPOGGAG_01676	0.0
LJPOGGAG_01677	0.0
LJPOGGAG_01678	0.0
LJPOGGAG_01679	0.393447246433
LJPOGGAG_01680	0.0
LJPOGGAG_01681	8.11273161964
LJPOGGAG_01682	0.0
LJPOGGAG_01683	0.0
LJPOGGAG_01684	0.0
LJPOGGAG_01685	1.12251632473
LJPOGGAG_01686	10.7186782047
LJPOGGAG_01687	0.0
LJPOGGAG_01688	1.63348835116
LJPOGGAG_01689	0.0
LJPOGGAG_01690	0.0
LJPOGGAG_01691	0.0
LJPOGGAG_01692	0.0
LJPOGGAG_01693	0.0
LJPOGGAG_01694	0.0
LJPOGGAG_01695	0.652264246395
LJPOGGAG_01696	0.0
LJPOGGAG_01697	0.0
LJPOGGAG_01698	0.0
LJPOGGAG_01699	2.71724504568
LJPOGGAG_01700	0.0
LJPOGGAG_01701	0.0
LJPOGGAG_01702	0.0
LJPOGGAG_01703	0.0
LJPOGGAG_01704	3.23271860535
LJPOGGAG_01705	0.0
LJPOGGAG_01706	0.0
LJPOGGAG_01707	0.0
LJPOGGAG_01708	0.0
LJPOGGAG_01709	0.0
LJPOGGAG_01710	0.0
LJPOGGAG_01711	0.0
LJPOGGAG_01712	0.0
LJPOGGAG_01713	0.0
LJPOGGAG_01714	0.931115271007
LJPOGGAG_01715	6.08545862182
LJPOGGAG_01716	0.0
LJPOGGAG_01717	0.0
LJPOGGAG_01718	0.0
LJPOGGAG_01719	0.855048365358
LJPOGGAG_01720	3.70007836007
LJPOGGAG_01721	2.61257458937
LJPOGGAG_01722	0.0
LJPOGGAG_01723	0.0
LJPOGGAG_01724	9.68200376019
LJPOGGAG_01725	2.55740710182
LJPOGGAG_01726	0.0
LJPOGGAG_01727	0.0
LJPOGGAG_01728	0.0
LJPOGGAG_01729	0.0
LJPOGGAG_01730	0.0
LJPOGGAG_01731	0.0
LJPOGGAG_01732	0.0
LJPOGGAG_01733	0.0
LJPOGGAG_01734	0.0
LJPOGGAG_01735	0.0
LJPOGGAG_01736	0.0
LJPOGGAG_01737	0.0
LJPOGGAG_01738	0.0
LJPOGGAG_01739	0.0
LJPOGGAG_01740	0.0
LJPOGGAG_01741	0.0
LJPOGGAG_01742	0.0
LJPOGGAG_01744	0.643354546957
LJPOGGAG_01745	0.0
LJPOGGAG_01746	0.0
LJPOGGAG_01747	0.0
LJPOGGAG_01748	0.0
LJPOGGAG_01749	0.0
LJPOGGAG_01750	0.0
