HOBHMMNL_00001	0.0
HOBHMMNL_00002	0.0
HOBHMMNL_00003	0.0
HOBHMMNL_00004	0.0
HOBHMMNL_00005	0.0
HOBHMMNL_00006	0.0
HOBHMMNL_00007	0.0
HOBHMMNL_00008	0.0
HOBHMMNL_00009	0.0
HOBHMMNL_00010	0.0
HOBHMMNL_00011	0.0
HOBHMMNL_00012	0.0
HOBHMMNL_00013	0.0
HOBHMMNL_00014	0.0
HOBHMMNL_00015	0.0
HOBHMMNL_00016	0.0
HOBHMMNL_00017	0.0
HOBHMMNL_00018	0.0
HOBHMMNL_00019	0.0
HOBHMMNL_00020	0.0
HOBHMMNL_00021	0.0
HOBHMMNL_00022	0.0
HOBHMMNL_00023	0.0
HOBHMMNL_00024	0.0
HOBHMMNL_00025	0.0
HOBHMMNL_00026	0.0
HOBHMMNL_00027	0.0
HOBHMMNL_00028	0.0
HOBHMMNL_00029	0.0
HOBHMMNL_00030	0.0
HOBHMMNL_00031	0.0
HOBHMMNL_00032	0.0
HOBHMMNL_00033	0.0
HOBHMMNL_00034	0.0
HOBHMMNL_00035	0.0
HOBHMMNL_00036	0.0
HOBHMMNL_00037	0.0
HOBHMMNL_00038	0.0
HOBHMMNL_00039	0.0
HOBHMMNL_00040	0.0
HOBHMMNL_00041	0.0
HOBHMMNL_00042	0.0
HOBHMMNL_00043	0.0
HOBHMMNL_00044	0.0
HOBHMMNL_00045	0.0
HOBHMMNL_00047	0.0
HOBHMMNL_00048	0.0
HOBHMMNL_00049	0.0
HOBHMMNL_00050	0.0
HOBHMMNL_00051	0.0
HOBHMMNL_00052	0.0
HOBHMMNL_00053	0.0
HOBHMMNL_00054	0.0
HOBHMMNL_00055	0.0
HOBHMMNL_00056	0.0
HOBHMMNL_00057	0.0
HOBHMMNL_00058	0.0
HOBHMMNL_00059	0.0
HOBHMMNL_00060	0.0
HOBHMMNL_00061	0.0
HOBHMMNL_00062	0.0
HOBHMMNL_00063	0.0
HOBHMMNL_00064	0.0
HOBHMMNL_00065	0.0
HOBHMMNL_00066	0.0
HOBHMMNL_00067	0.0
HOBHMMNL_00068	0.0
HOBHMMNL_00069	0.0
HOBHMMNL_00070	0.0
HOBHMMNL_00071	0.0
HOBHMMNL_00072	0.0
HOBHMMNL_00073	0.0
HOBHMMNL_00074	0.0
HOBHMMNL_00075	0.0
HOBHMMNL_00076	0.0
HOBHMMNL_00077	0.0
HOBHMMNL_00078	0.0
HOBHMMNL_00079	0.0
HOBHMMNL_00080	0.0
HOBHMMNL_00081	0.0
HOBHMMNL_00082	0.0
HOBHMMNL_00083	0.0
HOBHMMNL_00084	0.0
HOBHMMNL_00085	0.0
HOBHMMNL_00086	0.0
HOBHMMNL_00087	0.0
HOBHMMNL_00088	0.0
HOBHMMNL_00089	0.0
HOBHMMNL_00090	0.0
HOBHMMNL_00091	0.3546127861
HOBHMMNL_00092	0.0
HOBHMMNL_00093	0.0
HOBHMMNL_00094	0.0
HOBHMMNL_00095	0.0
HOBHMMNL_00096	0.0
HOBHMMNL_00097	0.0
HOBHMMNL_00098	0.0
HOBHMMNL_00099	0.0
HOBHMMNL_00100	0.0
HOBHMMNL_00101	0.0
HOBHMMNL_00102	0.0
HOBHMMNL_00103	0.0
HOBHMMNL_00104	0.0
HOBHMMNL_00106	0.0
HOBHMMNL_00107	0.0
HOBHMMNL_00108	0.0
HOBHMMNL_00109	0.0
HOBHMMNL_00110	0.0
HOBHMMNL_00111	0.0
HOBHMMNL_00112	0.0
HOBHMMNL_00113	0.0
HOBHMMNL_00114	0.0
HOBHMMNL_00115	0.0
HOBHMMNL_00116	0.0
HOBHMMNL_00118	0.0
HOBHMMNL_00119	0.0
HOBHMMNL_00120	0.0
HOBHMMNL_00121	0.0
HOBHMMNL_00122	0.0
HOBHMMNL_00123	0.0
HOBHMMNL_00124	0.0
HOBHMMNL_00125	0.0
HOBHMMNL_00126	0.0
HOBHMMNL_00127	0.0
HOBHMMNL_00128	0.0
HOBHMMNL_00129	0.0
HOBHMMNL_00130	0.0
HOBHMMNL_00131	0.0
HOBHMMNL_00132	0.0
HOBHMMNL_00133	0.0
HOBHMMNL_00134	0.0
HOBHMMNL_00135	0.0
HOBHMMNL_00136	0.0
HOBHMMNL_00137	0.0
HOBHMMNL_00138	0.0
HOBHMMNL_00139	0.0
HOBHMMNL_00140	0.0
HOBHMMNL_00141	0.0
HOBHMMNL_00142	0.0
HOBHMMNL_00143	0.0
HOBHMMNL_00144	0.0
HOBHMMNL_00145	0.0
HOBHMMNL_00146	0.0
HOBHMMNL_00147	0.0
HOBHMMNL_00148	0.0
HOBHMMNL_00149	0.0
HOBHMMNL_00150	0.0
HOBHMMNL_00151	0.0
HOBHMMNL_00152	0.0
HOBHMMNL_00153	0.0
HOBHMMNL_00154	0.0
HOBHMMNL_00155	0.0
HOBHMMNL_00156	0.0
HOBHMMNL_00157	0.0
HOBHMMNL_00158	0.0
HOBHMMNL_00159	0.0
HOBHMMNL_00160	0.0
HOBHMMNL_00161	0.0
HOBHMMNL_00162	0.0
HOBHMMNL_00163	0.0
HOBHMMNL_00164	0.0
HOBHMMNL_00165	0.0
HOBHMMNL_00166	0.0
HOBHMMNL_00167	0.0
HOBHMMNL_00168	0.0
HOBHMMNL_00169	0.0
HOBHMMNL_00170	0.0
HOBHMMNL_00171	0.0
HOBHMMNL_00173	0.0
HOBHMMNL_00174	0.0
HOBHMMNL_00175	0.0
HOBHMMNL_00176	0.0
HOBHMMNL_00177	0.0
HOBHMMNL_00178	0.0
HOBHMMNL_00179	0.0
HOBHMMNL_00180	0.0
HOBHMMNL_00181	0.0
HOBHMMNL_00182	0.0
HOBHMMNL_00183	0.0
HOBHMMNL_00184	0.0
HOBHMMNL_00185	0.0
HOBHMMNL_00186	0.0
HOBHMMNL_00187	0.0
HOBHMMNL_00188	0.0
HOBHMMNL_00189	0.0
HOBHMMNL_00191	0.0
HOBHMMNL_00192	0.0
HOBHMMNL_00193	0.0
HOBHMMNL_00194	0.0
HOBHMMNL_00195	0.0
HOBHMMNL_00196	0.0
HOBHMMNL_00197	0.0
HOBHMMNL_00198	0.0
HOBHMMNL_00199	0.0
HOBHMMNL_00201	0.0
HOBHMMNL_00202	0.0
HOBHMMNL_00203	0.0
HOBHMMNL_00204	0.0
HOBHMMNL_00205	0.0
HOBHMMNL_00206	0.0
HOBHMMNL_00207	0.0
HOBHMMNL_00208	0.0
HOBHMMNL_00209	0.0
HOBHMMNL_00210	0.0
HOBHMMNL_00211	0.0
HOBHMMNL_00212	0.0
HOBHMMNL_00213	0.0
HOBHMMNL_00214	0.0
HOBHMMNL_00215	0.0
HOBHMMNL_00216	0.0
HOBHMMNL_00217	0.0
HOBHMMNL_00218	0.0
HOBHMMNL_00219	0.0
HOBHMMNL_00220	0.0
HOBHMMNL_00221	0.0
HOBHMMNL_00222	0.0
HOBHMMNL_00223	0.0
HOBHMMNL_00224	0.0
HOBHMMNL_00225	0.0
HOBHMMNL_00226	0.0
HOBHMMNL_00227	0.0
HOBHMMNL_00228	0.0
HOBHMMNL_00229	0.0
HOBHMMNL_00230	0.0
HOBHMMNL_00231	0.0
HOBHMMNL_00232	0.0
HOBHMMNL_00233	0.0
HOBHMMNL_00234	0.0
HOBHMMNL_00235	0.0
HOBHMMNL_00237	0.0
HOBHMMNL_00238	0.0
HOBHMMNL_00239	0.0
HOBHMMNL_00240	0.0
HOBHMMNL_00242	0.0
HOBHMMNL_00243	0.0
HOBHMMNL_00244	0.0
HOBHMMNL_00245	0.0
HOBHMMNL_00246	0.0
HOBHMMNL_00247	0.0
HOBHMMNL_00248	0.0
HOBHMMNL_00249	0.0
HOBHMMNL_00250	0.0
HOBHMMNL_00251	0.0
HOBHMMNL_00252	0.0
HOBHMMNL_00253	0.0
HOBHMMNL_00254	0.0
HOBHMMNL_00255	0.0
HOBHMMNL_00257	0.0
HOBHMMNL_00258	0.0
HOBHMMNL_00259	0.0
HOBHMMNL_00260	0.0
HOBHMMNL_00261	0.0
HOBHMMNL_00262	0.0
HOBHMMNL_00263	0.0
HOBHMMNL_00264	0.0
HOBHMMNL_00265	0.0
HOBHMMNL_00266	0.0
HOBHMMNL_00267	0.0
HOBHMMNL_00268	0.0
HOBHMMNL_00269	0.0
HOBHMMNL_00270	0.0
HOBHMMNL_00271	0.0
HOBHMMNL_00272	0.0
HOBHMMNL_00273	0.0
HOBHMMNL_00274	0.0
HOBHMMNL_00275	0.0
HOBHMMNL_00276	0.0
HOBHMMNL_00277	0.0
HOBHMMNL_00278	0.0
HOBHMMNL_00279	0.0
HOBHMMNL_00280	0.0
HOBHMMNL_00281	0.0
HOBHMMNL_00282	0.0
HOBHMMNL_00283	0.0
HOBHMMNL_00284	0.0
HOBHMMNL_00285	0.0
HOBHMMNL_00286	0.0
HOBHMMNL_00287	0.0
HOBHMMNL_00288	0.0
HOBHMMNL_00289	0.0
HOBHMMNL_00290	0.0
HOBHMMNL_00291	0.0
HOBHMMNL_00292	0.0
HOBHMMNL_00293	0.0
HOBHMMNL_00294	0.0
HOBHMMNL_00295	0.0
HOBHMMNL_00296	0.0
HOBHMMNL_00297	0.0
HOBHMMNL_00298	0.0
HOBHMMNL_00299	0.0
HOBHMMNL_00300	0.0
HOBHMMNL_00301	0.0
HOBHMMNL_00302	0.0
HOBHMMNL_00303	0.0
HOBHMMNL_00304	0.0
HOBHMMNL_00305	0.0
HOBHMMNL_00306	0.0
HOBHMMNL_00307	0.0
HOBHMMNL_00308	0.0
HOBHMMNL_00309	0.0
HOBHMMNL_00310	0.0
HOBHMMNL_00311	0.0
HOBHMMNL_00312	0.0
HOBHMMNL_00313	0.0
HOBHMMNL_00314	0.0
HOBHMMNL_00315	0.0
HOBHMMNL_00317	0.0
HOBHMMNL_00318	0.0
HOBHMMNL_00319	0.0
HOBHMMNL_00320	0.0
HOBHMMNL_00321	0.0
HOBHMMNL_00322	0.0
HOBHMMNL_00323	0.0
HOBHMMNL_00324	0.0
HOBHMMNL_00325	0.0
HOBHMMNL_00326	0.0
HOBHMMNL_00327	0.0
HOBHMMNL_00328	0.0
HOBHMMNL_00329	0.0
HOBHMMNL_00330	0.0
HOBHMMNL_00331	0.0
HOBHMMNL_00333	0.0
HOBHMMNL_00334	0.0
HOBHMMNL_00335	0.0
HOBHMMNL_00336	0.0
HOBHMMNL_00337	0.0
HOBHMMNL_00338	0.0
HOBHMMNL_00339	0.0
HOBHMMNL_00340	0.0
HOBHMMNL_00341	0.0
HOBHMMNL_00342	0.0
HOBHMMNL_00343	0.0
HOBHMMNL_00344	0.0
HOBHMMNL_00345	0.0
HOBHMMNL_00346	0.0
HOBHMMNL_00347	0.0
HOBHMMNL_00348	0.0
HOBHMMNL_00349	0.0
HOBHMMNL_00350	0.0
HOBHMMNL_00351	0.0
HOBHMMNL_00352	0.0
HOBHMMNL_00353	0.0
HOBHMMNL_00354	0.0
HOBHMMNL_00355	0.0
HOBHMMNL_00356	0.0
HOBHMMNL_00357	0.0
HOBHMMNL_00358	0.0
HOBHMMNL_00359	0.0
HOBHMMNL_00360	0.0
HOBHMMNL_00361	0.0
HOBHMMNL_00362	0.0
HOBHMMNL_00363	0.0
HOBHMMNL_00364	0.0
HOBHMMNL_00365	0.0
HOBHMMNL_00366	0.0
HOBHMMNL_00367	0.0
HOBHMMNL_00368	0.0
HOBHMMNL_00369	0.0
HOBHMMNL_00370	0.0
HOBHMMNL_00371	0.0
HOBHMMNL_00372	0.0
HOBHMMNL_00373	0.0
HOBHMMNL_00374	0.0
HOBHMMNL_00375	0.0
HOBHMMNL_00376	0.0
HOBHMMNL_00377	0.0
HOBHMMNL_00379	0.0
HOBHMMNL_00380	0.0
HOBHMMNL_00381	0.0
HOBHMMNL_00382	0.0
HOBHMMNL_00383	0.0
HOBHMMNL_00384	0.0
HOBHMMNL_00385	0.0
HOBHMMNL_00386	0.0
HOBHMMNL_00387	0.0
HOBHMMNL_00388	0.0
