ELDLJNFC_00001	0.0
ELDLJNFC_00002	0.0
ELDLJNFC_00003	0.0
ELDLJNFC_00005	9.15387049399
ELDLJNFC_00006	6.09435582753
ELDLJNFC_00007	4.54930787126
ELDLJNFC_00008	6.01331386174
ELDLJNFC_00009	0.0
ELDLJNFC_00010	1.70256476808
ELDLJNFC_00011	5.94219714064
ELDLJNFC_00012	0.0
ELDLJNFC_00013	5.95001582109
ELDLJNFC_00014	2.8620329266
ELDLJNFC_00015	0.0
ELDLJNFC_00016	9.28544563456
ELDLJNFC_00017	8.5860987798
ELDLJNFC_00018	1.10942395094
ELDLJNFC_00020	0.0
ELDLJNFC_00021	0.0
ELDLJNFC_00022	0.0
ELDLJNFC_00023	0.0
ELDLJNFC_00024	0.0
ELDLJNFC_00025	0.0
ELDLJNFC_00026	0.0
ELDLJNFC_00027	0.0
ELDLJNFC_00028	0.0
ELDLJNFC_00029	1.31914003035
ELDLJNFC_00030	0.0
ELDLJNFC_00031	1.27022809664
ELDLJNFC_00032	0.0
ELDLJNFC_00033	4.08123828884
ELDLJNFC_00034	0.0
ELDLJNFC_00035	2.24528898909
ELDLJNFC_00036	0.0
ELDLJNFC_00037	0.0
ELDLJNFC_00038	1.4502925029
ELDLJNFC_00039	0.565251503004
ELDLJNFC_00040	0.0
ELDLJNFC_00041	0.0
ELDLJNFC_00042	0.870957631747
ELDLJNFC_00043	2.45228417789
ELDLJNFC_00044	0.0
ELDLJNFC_00045	0.0
ELDLJNFC_00046	0.0
ELDLJNFC_00047	0.0
ELDLJNFC_00048	0.0
ELDLJNFC_00049	0.0
ELDLJNFC_00050	2.3951334873
ELDLJNFC_00051	0.0
ELDLJNFC_00052	1.55288874452
ELDLJNFC_00053	0.0
ELDLJNFC_00054	0.897937256559
ELDLJNFC_00055	0.0
ELDLJNFC_00056	2.19515146798
ELDLJNFC_00057	0.0
ELDLJNFC_00058	0.0
ELDLJNFC_00059	0.0
ELDLJNFC_00060	0.0
ELDLJNFC_00061	0.0
ELDLJNFC_00062	2.2224829738
ELDLJNFC_00063	0.0
ELDLJNFC_00064	0.0
ELDLJNFC_00065	0.0
ELDLJNFC_00066	0.0
ELDLJNFC_00067	1.05951546955
ELDLJNFC_00068	0.0
ELDLJNFC_00069	0.0
ELDLJNFC_00070	0.0
ELDLJNFC_00071	0.0
ELDLJNFC_00072	0.0
ELDLJNFC_00073	0.0
ELDLJNFC_00075	5.20969127192
ELDLJNFC_00076	0.0
ELDLJNFC_00077	0.0
ELDLJNFC_00078	0.0
ELDLJNFC_00080	9.22859596741
ELDLJNFC_00081	7.56550768839
ELDLJNFC_00082	2.07146679983
ELDLJNFC_00083	0.0
ELDLJNFC_00084	0.0
ELDLJNFC_00085	0.552813205872
ELDLJNFC_00086	0.0
ELDLJNFC_00087	0.0
ELDLJNFC_00088	0.0
ELDLJNFC_00089	0.0
ELDLJNFC_00090	0.0
ELDLJNFC_00091	1.08702212116
ELDLJNFC_00092	0.0
ELDLJNFC_00093	0.0
ELDLJNFC_00094	0.0
ELDLJNFC_00095	0.0
ELDLJNFC_00096	0.0
ELDLJNFC_00097	0.0
ELDLJNFC_00098	11.8465883863
ELDLJNFC_00099	2.34909715534
ELDLJNFC_00100	4.54473570254
ELDLJNFC_00101	0.0
ELDLJNFC_00102	2.20478401952
ELDLJNFC_00103	0.862979393899
ELDLJNFC_00104	2.00799823447
ELDLJNFC_00105	0.0
ELDLJNFC_00106	0.0
ELDLJNFC_00107	0.0
ELDLJNFC_00109	0.0
ELDLJNFC_00110	0.0
ELDLJNFC_00111	0.0
ELDLJNFC_00112	0.0
ELDLJNFC_00113	2.50111284515
ELDLJNFC_00114	0.0
ELDLJNFC_00115	0.0
ELDLJNFC_00116	0.0
ELDLJNFC_00117	0.0
ELDLJNFC_00118	0.0
ELDLJNFC_00119	0.0
ELDLJNFC_00120	3.40285185755
ELDLJNFC_00121	0.0
ELDLJNFC_00122	0.0
ELDLJNFC_00123	0.0
ELDLJNFC_00124	0.0
ELDLJNFC_00125	1.85937994409
ELDLJNFC_00126	1.79730207632
ELDLJNFC_00127	5.16998325918
ELDLJNFC_00128	0.962130217879
ELDLJNFC_00129	0.0
ELDLJNFC_00130	1.51745369934
ELDLJNFC_00131	1.00044513806
ELDLJNFC_00132	0.0
ELDLJNFC_00133	2.29466104061
ELDLJNFC_00134	0.0
ELDLJNFC_00135	1.20138470351
ELDLJNFC_00136	0.0
ELDLJNFC_00137	0.0
ELDLJNFC_00138	0.0
ELDLJNFC_00139	0.0
ELDLJNFC_00140	0.0
ELDLJNFC_00141	0.0
ELDLJNFC_00142	0.0
ELDLJNFC_00143	0.0
ELDLJNFC_00144	0.0
ELDLJNFC_00145	0.0
ELDLJNFC_00146	6.65905712646
ELDLJNFC_00147	0.0
ELDLJNFC_00148	0.0
ELDLJNFC_00149	0.0
ELDLJNFC_00150	0.0
ELDLJNFC_00151	0.0
ELDLJNFC_00152	0.0
ELDLJNFC_00153	0.0
ELDLJNFC_00154	0.0
ELDLJNFC_00155	0.0
ELDLJNFC_00156	0.0
ELDLJNFC_00157	0.0
ELDLJNFC_00158	0.0
ELDLJNFC_00159	1.10616732486
ELDLJNFC_00160	0.0
ELDLJNFC_00161	1.78688567862
ELDLJNFC_00162	6.08451564051
ELDLJNFC_00163	0.950002526057
ELDLJNFC_00164	0.0
ELDLJNFC_00165	0.0
ELDLJNFC_00166	0.0
ELDLJNFC_00167	0.0
ELDLJNFC_00168	0.0
ELDLJNFC_00169	0.0
ELDLJNFC_00170	0.0
ELDLJNFC_00171	3.31525808213
ELDLJNFC_00172	0.0
ELDLJNFC_00173	0.0
ELDLJNFC_00174	19.9207578151
ELDLJNFC_00176	0.0
ELDLJNFC_00177	0.0
ELDLJNFC_00178	0.0
ELDLJNFC_00179	0.0
ELDLJNFC_00180	0.0
ELDLJNFC_00181	0.0
ELDLJNFC_00182	0.0
ELDLJNFC_00183	0.0
ELDLJNFC_00184	1.3571464658
ELDLJNFC_00185	0.0
ELDLJNFC_00186	0.0
ELDLJNFC_00187	0.0
ELDLJNFC_00188	0.0
ELDLJNFC_00189	2.35767050262
ELDLJNFC_00190	0.0
ELDLJNFC_00191	3.66253673653
ELDLJNFC_00192	0.0
ELDLJNFC_00193	1.28758884511
ELDLJNFC_00194	0.0
ELDLJNFC_00195	0.0
ELDLJNFC_00196	0.0
ELDLJNFC_00197	0.0
ELDLJNFC_00198	0.0
ELDLJNFC_00199	2.4053255447
ELDLJNFC_00200	2.09546432995
ELDLJNFC_00201	0.0
ELDLJNFC_00202	2.902446742
ELDLJNFC_00203	0.0
ELDLJNFC_00204	0.0
ELDLJNFC_00205	0.0
ELDLJNFC_00206	0.0
ELDLJNFC_00207	0.0
ELDLJNFC_00208	0.0
ELDLJNFC_00209	0.0
ELDLJNFC_00210	0.0
ELDLJNFC_00211	0.0
ELDLJNFC_00212	0.0
ELDLJNFC_00213	0.0
ELDLJNFC_00214	0.0
ELDLJNFC_00215	0.0
ELDLJNFC_00216	0.0
ELDLJNFC_00217	0.0
ELDLJNFC_00218	0.0
ELDLJNFC_00219	1.09651116005
ELDLJNFC_00220	0.0
ELDLJNFC_00221	0.0
ELDLJNFC_00222	7.64427276789
ELDLJNFC_00223	0.0
ELDLJNFC_00224	0.0
ELDLJNFC_00225	0.0
ELDLJNFC_00226	0.0
ELDLJNFC_00227	0.0
ELDLJNFC_00228	1.04193825438
ELDLJNFC_00229	6.23439157725
ELDLJNFC_00230	4.58621909131
ELDLJNFC_00231	0.0
ELDLJNFC_00232	0.0
ELDLJNFC_00233	0.0
ELDLJNFC_00234	3.56625553946
ELDLJNFC_00235	0.0
ELDLJNFC_00236	1.56146824034
ELDLJNFC_00237	3.12293648068
ELDLJNFC_00238	0.0
ELDLJNFC_00239	0.0
ELDLJNFC_00240	1.20138470351
ELDLJNFC_00241	3.67842626684
ELDLJNFC_00242	0.0
ELDLJNFC_00243	0.0
ELDLJNFC_00244	6.09435582753
ELDLJNFC_00245	0.0
ELDLJNFC_00246	0.0
ELDLJNFC_00247	5.69045137252
ELDLJNFC_00248	0.539705445261
ELDLJNFC_00249	0.0
ELDLJNFC_00250	0.0
ELDLJNFC_00251	3.02273531018
ELDLJNFC_00252	0.0
ELDLJNFC_00253	0.0
ELDLJNFC_00254	0.81272681956
ELDLJNFC_00255	1.24504736344
ELDLJNFC_00256	0.0
ELDLJNFC_00257	0.0
ELDLJNFC_00258	1.57781298815
ELDLJNFC_00259	0.632626192506
ELDLJNFC_00260	0.0
ELDLJNFC_00261	0.0
ELDLJNFC_00262	0.0
ELDLJNFC_00263	0.0
ELDLJNFC_00264	1.36205181447
ELDLJNFC_00265	0.0
ELDLJNFC_00266	54.091052919
ELDLJNFC_00267	0.883205473443
ELDLJNFC_00268	0.0
ELDLJNFC_00269	0.0
ELDLJNFC_00270	0.0
ELDLJNFC_00271	0.0
ELDLJNFC_00272	0.0
ELDLJNFC_00273	0.0
ELDLJNFC_00274	0.0
ELDLJNFC_00275	0.0
ELDLJNFC_00276	0.0
ELDLJNFC_00277	0.0
ELDLJNFC_00278	0.0
ELDLJNFC_00279	0.0
ELDLJNFC_00280	0.0
ELDLJNFC_00281	2.18243823554
ELDLJNFC_00282	4.7202630731
ELDLJNFC_00284	0.0
ELDLJNFC_00285	0.0
ELDLJNFC_00286	0.0
ELDLJNFC_00287	6.28930740477
ELDLJNFC_00288	0.0
ELDLJNFC_00289	0.0
ELDLJNFC_00290	3.66253673653
ELDLJNFC_00291	0.0
ELDLJNFC_00292	1.44473227605
ELDLJNFC_00293	0.0
ELDLJNFC_00294	0.0
ELDLJNFC_00295	0.0
ELDLJNFC_00296	0.0
ELDLJNFC_00297	0.0
ELDLJNFC_00298	4.26604907927
ELDLJNFC_00299	1.54019483107
ELDLJNFC_00300	0.0
ELDLJNFC_00301	0.0
ELDLJNFC_00302	0.0
ELDLJNFC_00303	1.05654486543
ELDLJNFC_00304	0.0
ELDLJNFC_00305	0.0
ELDLJNFC_00306	0.0
ELDLJNFC_00307	0.0
ELDLJNFC_00308	0.0
ELDLJNFC_00309	0.0
ELDLJNFC_00310	0.0
ELDLJNFC_00311	0.0
ELDLJNFC_00312	8.39482430204
ELDLJNFC_00313	0.0
ELDLJNFC_00314	0.0
ELDLJNFC_00315	0.0
ELDLJNFC_00316	0.0
ELDLJNFC_00317	0.0
ELDLJNFC_00318	0.942871564643
ELDLJNFC_00319	0.0
ELDLJNFC_00320	0.0
ELDLJNFC_00321	1.19377297361
ELDLJNFC_00322	1.74729985473
ELDLJNFC_00323	0.0
ELDLJNFC_00324	0.0
ELDLJNFC_00325	5.05440986292
ELDLJNFC_00326	0.0
ELDLJNFC_00327	0.0
ELDLJNFC_00328	0.0
ELDLJNFC_00329	0.0
ELDLJNFC_00330	2.60484563596
ELDLJNFC_00331	1.36369482027
ELDLJNFC_00332	0.656887278331
ELDLJNFC_00333	0.0
ELDLJNFC_00334	0.0
ELDLJNFC_00335	1.80591534506
ELDLJNFC_00336	8.5860987798
ELDLJNFC_00337	0.0
ELDLJNFC_00338	3.62922313325
ELDLJNFC_00339	4.58312029462
ELDLJNFC_00340	0.0
ELDLJNFC_00341	0.0
ELDLJNFC_00342	0.0
ELDLJNFC_00343	0.0
ELDLJNFC_00344	0.0
ELDLJNFC_00345	0.0
ELDLJNFC_00346	0.0
ELDLJNFC_00347	0.0
ELDLJNFC_00348	0.0
ELDLJNFC_00349	0.0
ELDLJNFC_00350	0.0
ELDLJNFC_00351	0.0
ELDLJNFC_00352	0.0
ELDLJNFC_00353	0.0
ELDLJNFC_00354	0.0
ELDLJNFC_00355	0.0
ELDLJNFC_00356	0.0
ELDLJNFC_00357	0.0
ELDLJNFC_00358	0.0
ELDLJNFC_00359	0.0
ELDLJNFC_00360	1.0625028252
ELDLJNFC_00361	0.0
ELDLJNFC_00362	0.0
ELDLJNFC_00363	0.0
ELDLJNFC_00364	0.0
ELDLJNFC_00365	6.04547062036
ELDLJNFC_00366	0.0
ELDLJNFC_00367	0.0
ELDLJNFC_00368	1.14655477283
ELDLJNFC_00369	0.0
ELDLJNFC_00370	1.17150570571
ELDLJNFC_00371	0.0
ELDLJNFC_00372	0.0
ELDLJNFC_00373	2.53665595963
ELDLJNFC_00374	4.93131082228
ELDLJNFC_00375	1.15357449593
ELDLJNFC_00376	1.40784932255
ELDLJNFC_00377	0.995161096838
ELDLJNFC_00378	1.5154195791
ELDLJNFC_00379	0.713251107891
ELDLJNFC_00380	0.0
ELDLJNFC_00381	0.0
ELDLJNFC_00382	0.0
ELDLJNFC_00383	1.2052270853
ELDLJNFC_00384	0.0
ELDLJNFC_00385	0.0
ELDLJNFC_00386	3.91177510729
ELDLJNFC_00387	0.0
ELDLJNFC_00388	0.0
ELDLJNFC_00389	0.0
ELDLJNFC_00390	0.0
ELDLJNFC_00391	0.0
ELDLJNFC_00392	0.0
ELDLJNFC_00393	0.0
ELDLJNFC_00394	0.0
ELDLJNFC_00395	2.33575001241
ELDLJNFC_00396	0.0
ELDLJNFC_00397	2.16987141268
ELDLJNFC_00398	2.14313366068
ELDLJNFC_00399	0.0
ELDLJNFC_00400	0.0
ELDLJNFC_00401	0.0
ELDLJNFC_00402	0.0
ELDLJNFC_00403	0.729356778069
ELDLJNFC_00404	3.41283926342
ELDLJNFC_00405	5.68568150549
ELDLJNFC_00406	0.0
ELDLJNFC_00407	0.698272394075
ELDLJNFC_00408	0.0
ELDLJNFC_00409	0.0
ELDLJNFC_00410	3.53282189377
ELDLJNFC_00411	2.09740817441
ELDLJNFC_00412	4.9152304609
ELDLJNFC_00413	2.55192552146
ELDLJNFC_00414	0.501999558618
ELDLJNFC_00415	2.54045619328
ELDLJNFC_00416	0.0
ELDLJNFC_00417	0.385837203416
ELDLJNFC_00418	0.0
ELDLJNFC_00419	0.0
ELDLJNFC_00420	0.0
ELDLJNFC_00421	0.0
ELDLJNFC_00422	1.73124503217
ELDLJNFC_00423	0.0
ELDLJNFC_00424	0.0
ELDLJNFC_00425	0.0
ELDLJNFC_00426	0.0
ELDLJNFC_00427	5.95001582109
ELDLJNFC_00428	1.46248771799
ELDLJNFC_00429	0.0
ELDLJNFC_00430	0.0
ELDLJNFC_00431	0.0
ELDLJNFC_00432	0.0
ELDLJNFC_00433	0.0
ELDLJNFC_00434	0.0
ELDLJNFC_00435	0.0
ELDLJNFC_00436	0.0
ELDLJNFC_00437	1.52358895688
ELDLJNFC_00438	0.0
ELDLJNFC_00439	0.0
ELDLJNFC_00440	0.0
ELDLJNFC_00441	0.0
ELDLJNFC_00442	0.0
ELDLJNFC_00443	0.0
ELDLJNFC_00444	0.0
ELDLJNFC_00445	2.25424328217
ELDLJNFC_00446	0.0
ELDLJNFC_00447	0.0
ELDLJNFC_00448	0.0
ELDLJNFC_00449	0.0
ELDLJNFC_00450	0.0
ELDLJNFC_00451	6.55575196783
ELDLJNFC_00452	9.06820593054
ELDLJNFC_00453	31.6735755993
ELDLJNFC_00454	0.0
ELDLJNFC_00455	1.09971109534
ELDLJNFC_00456	0.0
ELDLJNFC_00457	0.845551986543
ELDLJNFC_00458	0.0
ELDLJNFC_00459	10.5901920937
ELDLJNFC_00460	0.0
ELDLJNFC_00461	0.0
ELDLJNFC_00462	0.0
ELDLJNFC_00463	0.0
ELDLJNFC_00464	2.08579890407
ELDLJNFC_00465	0.0
ELDLJNFC_00466	0.0
ELDLJNFC_00467	0.0
ELDLJNFC_00468	0.0
ELDLJNFC_00469	1.10078189485
ELDLJNFC_00470	0.0
ELDLJNFC_00471	0.0
ELDLJNFC_00472	1.90641316359
ELDLJNFC_00473	0.0
ELDLJNFC_00474	25.2344420984
ELDLJNFC_00475	0.0
ELDLJNFC_00476	2.2224829738
ELDLJNFC_00477	0.0
ELDLJNFC_00478	0.0
ELDLJNFC_00479	0.0
ELDLJNFC_00480	0.0
ELDLJNFC_00481	0.0
ELDLJNFC_00482	0.0
ELDLJNFC_00483	0.716869376035
ELDLJNFC_00484	0.0
ELDLJNFC_00485	0.0
ELDLJNFC_00486	1.3046774449
ELDLJNFC_00487	0.0
ELDLJNFC_00488	0.0
ELDLJNFC_00489	2.92876426427
ELDLJNFC_00490	0.0
ELDLJNFC_00491	0.0
ELDLJNFC_00492	1.41844793727
ELDLJNFC_00494	0.0
ELDLJNFC_00495	0.0
ELDLJNFC_00496	0.0
ELDLJNFC_00497	0.0
ELDLJNFC_00498	0.0
ELDLJNFC_00499	0.0
ELDLJNFC_00501	0.0
ELDLJNFC_00502	0.0
ELDLJNFC_00503	0.0
ELDLJNFC_00504	2.20585952392
ELDLJNFC_00505	0.0
ELDLJNFC_00506	0.954816728047
ELDLJNFC_00507	0.0
ELDLJNFC_00508	0.0
ELDLJNFC_00509	0.0
ELDLJNFC_00510	0.602292491213
ELDLJNFC_00511	0.0
ELDLJNFC_00512	0.0
ELDLJNFC_00513	0.0
ELDLJNFC_00514	0.0
ELDLJNFC_00515	1.03431199086
ELDLJNFC_00516	0.0
ELDLJNFC_00517	1.61963181376
ELDLJNFC_00518	0.0
ELDLJNFC_00519	0.0
ELDLJNFC_00520	8.65180871945
ELDLJNFC_00521	0.752665117182
ELDLJNFC_00522	0.0
ELDLJNFC_00523	0.0
ELDLJNFC_00524	0.0
ELDLJNFC_00525	1.03431199086
ELDLJNFC_00526	0.0
ELDLJNFC_00527	0.0
ELDLJNFC_00528	0.0
ELDLJNFC_00529	0.0
ELDLJNFC_00530	0.0
ELDLJNFC_00531	38.3721646948
ELDLJNFC_00532	2.18243823554
ELDLJNFC_00533	1.64796356561
ELDLJNFC_00534	13.3000353648
ELDLJNFC_00535	2.14516699432
ELDLJNFC_00536	18.9469777543
ELDLJNFC_00538	0.0
ELDLJNFC_00539	80.133800862
ELDLJNFC_00540	0.0
ELDLJNFC_00541	0.0
ELDLJNFC_00542	2.31660452051
ELDLJNFC_00543	3.08038966215
ELDLJNFC_00544	0.0
ELDLJNFC_00545	0.88945948545
ELDLJNFC_00546	0.0
ELDLJNFC_00547	0.0
ELDLJNFC_00548	0.0
ELDLJNFC_00549	2.11308973086
ELDLJNFC_00550	1.89681712417
ELDLJNFC_00551	6.34757443014
ELDLJNFC_00552	10.9757573399
ELDLJNFC_00553	0.0
ELDLJNFC_00554	1.92426043576
ELDLJNFC_00556	0.0
ELDLJNFC_00557	0.0
ELDLJNFC_00558	1.70770846829
ELDLJNFC_00559	0.0
ELDLJNFC_00560	0.0
ELDLJNFC_00561	0.0
ELDLJNFC_00562	0.0
ELDLJNFC_00563	2.56932501365
ELDLJNFC_00565	0.0
ELDLJNFC_00566	0.0
ELDLJNFC_00567	5.52663066489
ELDLJNFC_00568	0.0
ELDLJNFC_00569	0.0
ELDLJNFC_00570	3.06785076257
ELDLJNFC_00571	0.0
ELDLJNFC_00572	1.70770846829
ELDLJNFC_00573	0.0
ELDLJNFC_00574	6.98560044907
ELDLJNFC_00575	0.0
ELDLJNFC_00576	3.93903486414
ELDLJNFC_00577	2.92497543598
ELDLJNFC_00578	0.0
ELDLJNFC_00579	0.0
ELDLJNFC_00580	0.0
ELDLJNFC_00581	0.0
ELDLJNFC_00582	0.541688071877
ELDLJNFC_00583	0.0
ELDLJNFC_00584	0.0
ELDLJNFC_00585	0.0
ELDLJNFC_00586	0.0
ELDLJNFC_00587	0.0
ELDLJNFC_00588	0.0
ELDLJNFC_00589	0.0
ELDLJNFC_00590	0.0
ELDLJNFC_00591	0.0
ELDLJNFC_00592	0.445079923625
ELDLJNFC_00593	0.0
ELDLJNFC_00594	0.0
ELDLJNFC_00595	1.60468844004
ELDLJNFC_00596	0.0
ELDLJNFC_00597	1.75000465326
ELDLJNFC_00598	0.0
ELDLJNFC_00599	2.655321212
ELDLJNFC_00600	5.90340995304
ELDLJNFC_00601	1.91610678984
ELDLJNFC_00604	3.98532199533
ELDLJNFC_00605	0.0
ELDLJNFC_00606	0.0
ELDLJNFC_00607	27.1320721442
ELDLJNFC_00608	10.3715872111
ELDLJNFC_00609	0.0
ELDLJNFC_00610	0.0
ELDLJNFC_00611	0.0
ELDLJNFC_00612	0.0
ELDLJNFC_00613	0.0
ELDLJNFC_00614	0.0
ELDLJNFC_00615	1.60468844004
ELDLJNFC_00616	3.36793348364
ELDLJNFC_00617	0.0
ELDLJNFC_00618	0.0
ELDLJNFC_00619	2.77764866341
ELDLJNFC_00620	1.57891481286
ELDLJNFC_00621	0.0
ELDLJNFC_00622	0.0
ELDLJNFC_00623	0.0
ELDLJNFC_00624	9.06820593054
ELDLJNFC_00625	0.0
ELDLJNFC_00626	0.0
ELDLJNFC_00627	3.17557024159
ELDLJNFC_00628	11.4481317064
ELDLJNFC_00629	2.57371202278
ELDLJNFC_00630	4.04232302506
ELDLJNFC_00631	0.0
ELDLJNFC_00632	1.10616732486
ELDLJNFC_00633	0.0
ELDLJNFC_00636	0.0
ELDLJNFC_00637	0.0
ELDLJNFC_00638	0.0
ELDLJNFC_00639	0.0
ELDLJNFC_00640	2.92876426427
ELDLJNFC_00641	3.07201903806
ELDLJNFC_00642	1.10292976196
ELDLJNFC_00643	0.0
ELDLJNFC_00644	0.0
ELDLJNFC_00645	1.52770676487
ELDLJNFC_00646	0.0
ELDLJNFC_00647	0.0
ELDLJNFC_00648	1.04773216497
ELDLJNFC_00649	0.489607191861
ELDLJNFC_00650	28.2625751502
ELDLJNFC_00651	2.11308973086
ELDLJNFC_00652	0.0
ELDLJNFC_00653	0.984330000877
ELDLJNFC_00654	0.0
ELDLJNFC_00655	1.56579363713
ELDLJNFC_00656	0.0
ELDLJNFC_00657	0.0
ELDLJNFC_00658	0.0
ELDLJNFC_00659	0.0
ELDLJNFC_00660	0.0
ELDLJNFC_00661	0.0
ELDLJNFC_00662	0.0
ELDLJNFC_00663	0.883205473443
ELDLJNFC_00664	0.0
ELDLJNFC_00665	0.740827657934
ELDLJNFC_00666	0.0
ELDLJNFC_00667	0.0
ELDLJNFC_00668	0.461995507155
ELDLJNFC_00669	0.0
ELDLJNFC_00670	0.0
ELDLJNFC_00671	0.0
ELDLJNFC_00672	0.0
ELDLJNFC_00673	1.327660606
ELDLJNFC_00674	0.0
ELDLJNFC_00675	0.0
ELDLJNFC_00676	0.0
ELDLJNFC_00677	2.14516699432
ELDLJNFC_00678	0.0
ELDLJNFC_00679	0.0
ELDLJNFC_00680	0.0
ELDLJNFC_00681	0.0
ELDLJNFC_00682	0.0
ELDLJNFC_00683	0.0
ELDLJNFC_00684	3.00932477198
ELDLJNFC_00685	0.0
ELDLJNFC_00686	0.0
ELDLJNFC_00687	0.0
ELDLJNFC_00688	5.63841898258
ELDLJNFC_00689	0.0
ELDLJNFC_00690	0.0
ELDLJNFC_00691	0.0
ELDLJNFC_00692	0.0
ELDLJNFC_00693	4.29849051714
ELDLJNFC_00694	0.910961326356
ELDLJNFC_00695	0.0
ELDLJNFC_00696	0.0
ELDLJNFC_00697	0.0
ELDLJNFC_00698	0.0
ELDLJNFC_00699	0.0
ELDLJNFC_00700	0.0
ELDLJNFC_00701	1.17434522785
ELDLJNFC_00702	0.0
ELDLJNFC_00703	0.0
ELDLJNFC_00704	1.74191526349
ELDLJNFC_00705	3.75582394022
ELDLJNFC_00706	1.00044513806
ELDLJNFC_00707	1.05951546955
ELDLJNFC_00708	0.0
ELDLJNFC_00709	3.97132203516
ELDLJNFC_00710	0.0
ELDLJNFC_00711	0.0
ELDLJNFC_00712	0.0
ELDLJNFC_00713	0.0
ELDLJNFC_00714	0.0
ELDLJNFC_00715	0.0
ELDLJNFC_00716	0.0
ELDLJNFC_00717	0.0
ELDLJNFC_00718	0.0
ELDLJNFC_00720	28.2247741134
ELDLJNFC_00721	0.0
ELDLJNFC_00722	0.0
ELDLJNFC_00723	0.0
ELDLJNFC_00724	0.0
ELDLJNFC_00725	0.0
ELDLJNFC_00726	0.0
ELDLJNFC_00727	0.0
ELDLJNFC_00728	0.0
ELDLJNFC_00729	0.0
ELDLJNFC_00730	0.0
ELDLJNFC_00731	0.0
ELDLJNFC_00732	0.0
ELDLJNFC_00733	0.0
ELDLJNFC_00734	0.465994643861
ELDLJNFC_00735	0.0
ELDLJNFC_00736	0.0
ELDLJNFC_00737	0.0
ELDLJNFC_00738	0.0
ELDLJNFC_00740	3.42784416618
ELDLJNFC_00741	0.0
ELDLJNFC_00742	1.63367486417
ELDLJNFC_00743	0.0
ELDLJNFC_00744	0.0
ELDLJNFC_00746	0.0
ELDLJNFC_00747	1.12264449455
ELDLJNFC_00748	0.0
ELDLJNFC_00750	0.0
ELDLJNFC_00751	0.0
ELDLJNFC_00752	1.57232685119
ELDLJNFC_00754	0.0
ELDLJNFC_00755	0.0
ELDLJNFC_00756	2.59289680277
ELDLJNFC_00757	0.0
ELDLJNFC_00758	0.0
ELDLJNFC_00759	0.0
ELDLJNFC_00760	0.0
ELDLJNFC_00761	0.0
ELDLJNFC_00762	0.0
ELDLJNFC_00763	0.424522345478
ELDLJNFC_00764	0.0
ELDLJNFC_00766	0.665981152287
ELDLJNFC_00767	2.88393623982
ELDLJNFC_00768	0.0
ELDLJNFC_00769	0.0
ELDLJNFC_00770	0.0
ELDLJNFC_00771	4.94749674402
ELDLJNFC_00772	1.92589949916
ELDLJNFC_00773	0.0
ELDLJNFC_00774	0.0
ELDLJNFC_00775	0.760257569608
ELDLJNFC_00776	0.0
ELDLJNFC_00777	0.0
ELDLJNFC_00779	0.825184675918
ELDLJNFC_00780	5.57813983227
ELDLJNFC_00781	0.0
ELDLJNFC_00782	0.0
ELDLJNFC_00783	0.0
ELDLJNFC_00784	0.0
ELDLJNFC_00785	2.71624941376
ELDLJNFC_00786	0.0
ELDLJNFC_00787	1.06852836107
ELDLJNFC_00788	0.0
ELDLJNFC_00789	0.0
ELDLJNFC_00790	2.06045505348
ELDLJNFC_00791	0.0
ELDLJNFC_00792	0.0
ELDLJNFC_00793	0.0
ELDLJNFC_00794	0.0
ELDLJNFC_00795	2.62541339064
ELDLJNFC_00796	10.2773000546
ELDLJNFC_00797	6.53469945669
ELDLJNFC_00798	0.0
ELDLJNFC_00799	0.0
ELDLJNFC_00800	0.0
ELDLJNFC_00801	0.0
ELDLJNFC_00802	4.14609904404
ELDLJNFC_00803	0.0
ELDLJNFC_00804	0.0
ELDLJNFC_00805	1.01755446085
ELDLJNFC_00807	0.0
ELDLJNFC_00808	0.838030397337
ELDLJNFC_00809	2.66628067455
ELDLJNFC_00810	0.974571556903
ELDLJNFC_00811	0.0
ELDLJNFC_00812	0.0
ELDLJNFC_00813	0.0
ELDLJNFC_00814	0.0
ELDLJNFC_00815	1.07564510562
ELDLJNFC_00816	0.0
ELDLJNFC_00817	1.14346224478
ELDLJNFC_00818	0.0
ELDLJNFC_00819	0.0
ELDLJNFC_00820	0.0
ELDLJNFC_00821	7.71674406831
ELDLJNFC_00822	0.0
ELDLJNFC_00823	0.0
ELDLJNFC_00824	0.0
ELDLJNFC_00825	0.0
ELDLJNFC_00826	0.0
ELDLJNFC_00827	0.0
ELDLJNFC_00828	0.0
ELDLJNFC_00829	0.0
ELDLJNFC_00830	0.857090982568
ELDLJNFC_00831	0.893678265619
ELDLJNFC_00832	0.0
ELDLJNFC_00833	1.83971197072
ELDLJNFC_00834	4.10097825638
ELDLJNFC_00835	2.75396590988
ELDLJNFC_00836	0.0
ELDLJNFC_00837	0.640148927524
ELDLJNFC_00838	0.0
ELDLJNFC_00839	0.0
ELDLJNFC_00840	2.19942219068
ELDLJNFC_00841	0.0
ELDLJNFC_00842	4.30394545434
ELDLJNFC_00843	0.0
ELDLJNFC_00844	0.0
ELDLJNFC_00845	0.0
ELDLJNFC_00846	0.0
ELDLJNFC_00847	0.0
ELDLJNFC_00848	0.801206949686
ELDLJNFC_00849	3.16313096253
ELDLJNFC_00850	1.74595058843
ELDLJNFC_00851	2.24752088669
ELDLJNFC_00852	0.0
ELDLJNFC_00853	0.0
ELDLJNFC_00854	0.916128854139
ELDLJNFC_00855	30.0413386212
ELDLJNFC_00856	0.0
ELDLJNFC_00857	3.3250088412
ELDLJNFC_00859	0.0
ELDLJNFC_00860	1.90748538696
ELDLJNFC_00862	0.0
ELDLJNFC_00863	4.52201202403
ELDLJNFC_00864	0.0
ELDLJNFC_00865	0.0
ELDLJNFC_00866	0.0
ELDLJNFC_00867	3.99471026858
ELDLJNFC_00868	0.0
ELDLJNFC_00869	0.0
ELDLJNFC_00870	1.94578830638
ELDLJNFC_00871	1.27452424578
ELDLJNFC_00872	2.28615370275
ELDLJNFC_00873	1.34744100835
ELDLJNFC_00874	0.0
ELDLJNFC_00875	0.0
ELDLJNFC_00876	0.0
ELDLJNFC_00877	5.74832036953
ELDLJNFC_00878	0.0
ELDLJNFC_00879	0.0
ELDLJNFC_00880	0.0
ELDLJNFC_00881	0.408861846657
ELDLJNFC_00882	0.0
ELDLJNFC_00883	1.44565601791
ELDLJNFC_00884	0.0
ELDLJNFC_00885	0.0
ELDLJNFC_00886	0.0
ELDLJNFC_00887	0.0
ELDLJNFC_00888	1.8412101075
ELDLJNFC_00889	0.0
ELDLJNFC_00890	0.0
ELDLJNFC_00891	0.0
ELDLJNFC_00892	0.0
ELDLJNFC_00893	0.879084763614
ELDLJNFC_00894	0.0
ELDLJNFC_00895	0.0
ELDLJNFC_00896	0.0
ELDLJNFC_00897	416.775301754
ELDLJNFC_00898	0.0
ELDLJNFC_00899	0.0
ELDLJNFC_00900	0.0
ELDLJNFC_00901	0.0
ELDLJNFC_00902	4.90608868075
ELDLJNFC_00903	1.37698295494
ELDLJNFC_00904	0.0
ELDLJNFC_00905	0.0
ELDLJNFC_00906	0.0
ELDLJNFC_00907	0.0
ELDLJNFC_00908	0.0
ELDLJNFC_00909	0.0
ELDLJNFC_00910	0.0
ELDLJNFC_00911	1.25751168633
ELDLJNFC_00912	0.0
ELDLJNFC_00913	0.0
ELDLJNFC_00914	6.9073503422
ELDLJNFC_00915	4.52201202403
ELDLJNFC_00916	0.0
ELDLJNFC_00917	1.05065335131
ELDLJNFC_00918	3.87158563701
ELDLJNFC_00919	0.0
ELDLJNFC_00920	0.0
ELDLJNFC_00921	5.50390947423
ELDLJNFC_00922	0.0
ELDLJNFC_00923	0.0
ELDLJNFC_00924	5.26631835097
ELDLJNFC_00925	0.0
ELDLJNFC_00926	0.0
ELDLJNFC_00927	2.06296168979
ELDLJNFC_00928	0.0
ELDLJNFC_00929	24.8159196441
ELDLJNFC_00930	0.0
ELDLJNFC_00931	0.0
ELDLJNFC_00932	0.0
ELDLJNFC_00933	0.0
ELDLJNFC_00934	0.0
ELDLJNFC_00935	0.0
ELDLJNFC_00936	0.0
ELDLJNFC_00937	0.0
ELDLJNFC_00938	0.0
ELDLJNFC_00939	0.0
ELDLJNFC_00940	0.0
ELDLJNFC_00941	0.0
ELDLJNFC_00942	0.0
ELDLJNFC_00943	0.0
ELDLJNFC_00944	0.0
ELDLJNFC_00945	0.0
ELDLJNFC_00947	0.0
ELDLJNFC_00948	0.0
ELDLJNFC_00949	1.01118336852
ELDLJNFC_00950	5.57630552125
ELDLJNFC_00951	6.1108270595
ELDLJNFC_00952	1.88731720535
ELDLJNFC_00953	0.0
ELDLJNFC_00954	3.07201903806
ELDLJNFC_00955	0.0
ELDLJNFC_00956	5.25815351631
ELDLJNFC_00957	0.0
ELDLJNFC_00958	3.61183069012
ELDLJNFC_00959	0.0
ELDLJNFC_00960	4.20261340523
ELDLJNFC_00961	4.11590900245
ELDLJNFC_00962	10.5984656813
ELDLJNFC_00963	0.0
ELDLJNFC_00964	0.0
ELDLJNFC_00965	7.94264407031
ELDLJNFC_00966	0.0
ELDLJNFC_00967	3.31850197458
ELDLJNFC_00968	0.0
ELDLJNFC_00969	0.0
ELDLJNFC_00970	0.433308932927
ELDLJNFC_00971	0.0
ELDLJNFC_00972	0.0
ELDLJNFC_00973	0.0
ELDLJNFC_00974	0.0
ELDLJNFC_00975	0.0
ELDLJNFC_00976	9.64973018916
ELDLJNFC_00977	0.0
ELDLJNFC_00978	0.0
ELDLJNFC_00983	1.88731720535
ELDLJNFC_00984	0.0
ELDLJNFC_00985	0.0
ELDLJNFC_00986	0.82538549964
ELDLJNFC_00987	0.0
ELDLJNFC_00988	0.0
ELDLJNFC_00989	0.0
ELDLJNFC_00990	0.0
ELDLJNFC_00991	0.0
ELDLJNFC_00992	0.521449726018
ELDLJNFC_00993	0.0
ELDLJNFC_00994	0.0
ELDLJNFC_00995	1.05310014533
ELDLJNFC_00996	0.0
ELDLJNFC_00997	4.30394545434
ELDLJNFC_00998	0.0
ELDLJNFC_00999	1.54089460155
ELDLJNFC_01000	0.0
ELDLJNFC_01001	0.0
ELDLJNFC_01002	0.0
ELDLJNFC_01003	0.0
ELDLJNFC_01004	0.608124263587
ELDLJNFC_01006	1.1829469892
ELDLJNFC_01007	0.0
ELDLJNFC_01008	0.0
ELDLJNFC_01009	0.0
ELDLJNFC_01010	0.0
ELDLJNFC_01011	0.0
ELDLJNFC_01012	0.0
ELDLJNFC_01013	0.0
ELDLJNFC_01014	0.0
ELDLJNFC_01015	0.0
ELDLJNFC_01016	1.06651226982
ELDLJNFC_01017	0.0
ELDLJNFC_01018	0.0
ELDLJNFC_01019	0.0
ELDLJNFC_01020	0.0
ELDLJNFC_01021	1.07769590658
ELDLJNFC_01022	0.0
ELDLJNFC_01023	0.0
ELDLJNFC_01024	2.06108114131
ELDLJNFC_01025	0.0
ELDLJNFC_01026	0.0
ELDLJNFC_01027	0.0
ELDLJNFC_01028	1.87791197011
ELDLJNFC_01029	9.32373613202
ELDLJNFC_01030	0.0
ELDLJNFC_01031	1.36205181447
ELDLJNFC_01033	2.3951334873
ELDLJNFC_01034	4.83810130959
ELDLJNFC_01035	0.0
ELDLJNFC_01036	0.0
ELDLJNFC_01037	0.0
ELDLJNFC_01038	0.0
ELDLJNFC_01039	0.0
ELDLJNFC_01040	1.22084557884
ELDLJNFC_01041	54.9788695931
ELDLJNFC_01042	0.0
ELDLJNFC_01043	0.0
ELDLJNFC_01044	0.0
ELDLJNFC_01045	0.0
ELDLJNFC_01046	0.0
ELDLJNFC_01047	0.0
ELDLJNFC_01048	0.0
ELDLJNFC_01049	1.54089460155
ELDLJNFC_01050	0.0
ELDLJNFC_01051	0.0
ELDLJNFC_01052	0.979638653386
ELDLJNFC_01053	0.0
ELDLJNFC_01054	1.76365523558
ELDLJNFC_01055	0.0
ELDLJNFC_01056	0.0
ELDLJNFC_01057	0.0
ELDLJNFC_01058	25.5989052768
ELDLJNFC_01059	11.6948586828
ELDLJNFC_01060	0.0
ELDLJNFC_01061	1.1159950701
ELDLJNFC_01062	2.27160684395
ELDLJNFC_01063	0.0
ELDLJNFC_01064	0.0
ELDLJNFC_01065	0.0
ELDLJNFC_01066	0.0
ELDLJNFC_01067	42.5489892486
ELDLJNFC_01068	1.19947268542
ELDLJNFC_01069	0.621155497806
ELDLJNFC_01070	2.33093403301
ELDLJNFC_01071	0.0
ELDLJNFC_01072	0.706123051847
ELDLJNFC_01073	0.0
ELDLJNFC_01074	0.0
ELDLJNFC_01075	0.0
ELDLJNFC_01076	0.0
ELDLJNFC_01077	0.0
ELDLJNFC_01078	0.0
ELDLJNFC_01079	0.0
ELDLJNFC_01080	1.57451672146
ELDLJNFC_01081	1.32377401172
ELDLJNFC_01082	0.0
ELDLJNFC_01083	0.0
ELDLJNFC_01084	3.1086242145
ELDLJNFC_01085	0.0
ELDLJNFC_01086	0.0
ELDLJNFC_01087	0.0
ELDLJNFC_01088	0.0
ELDLJNFC_01089	0.0
ELDLJNFC_01090	0.0
ELDLJNFC_01091	0.0
ELDLJNFC_01092	1.59901415277
ELDLJNFC_01093	0.0
ELDLJNFC_01094	0.432811258043
ELDLJNFC_01095	0.348383052699
ELDLJNFC_01096	0.0
ELDLJNFC_01097	0.0
ELDLJNFC_01098	0.636903101976
ELDLJNFC_01099	0.0
ELDLJNFC_01100	0.0
ELDLJNFC_01101	0.0
ELDLJNFC_01102	0.0
ELDLJNFC_01103	0.0
ELDLJNFC_01104	0.0
ELDLJNFC_01105	0.0
ELDLJNFC_01106	0.0
ELDLJNFC_01108	0.0
ELDLJNFC_01109	0.0
ELDLJNFC_01110	0.0
ELDLJNFC_01111	4.34808848464
ELDLJNFC_01112	0.0
ELDLJNFC_01113	0.0
ELDLJNFC_01114	0.0
ELDLJNFC_01115	0.0
ELDLJNFC_01116	0.0
ELDLJNFC_01117	0.0
ELDLJNFC_01118	0.0
ELDLJNFC_01119	0.0
ELDLJNFC_01120	4.37331917218
ELDLJNFC_01121	4.12592337959
ELDLJNFC_01122	0.0
ELDLJNFC_01123	0.0
ELDLJNFC_01124	0.0
ELDLJNFC_01125	0.0
ELDLJNFC_01126	0.0
ELDLJNFC_01127	0.0
ELDLJNFC_01128	0.0
ELDLJNFC_01129	0.0
ELDLJNFC_01130	0.0
ELDLJNFC_01131	0.0
ELDLJNFC_01132	0.0
ELDLJNFC_01133	0.0
ELDLJNFC_01134	0.627360158717
ELDLJNFC_01135	0.0
ELDLJNFC_01136	2.36013153655
ELDLJNFC_01137	0.640511618135
ELDLJNFC_01138	9.85903784309
ELDLJNFC_01139	0.0
ELDLJNFC_01140	0.0
ELDLJNFC_01141	0.0
ELDLJNFC_01142	0.0
ELDLJNFC_01143	0.0
ELDLJNFC_01144	0.0
ELDLJNFC_01145	0.0
ELDLJNFC_01146	0.0
ELDLJNFC_01147	0.0
ELDLJNFC_01148	0.0
ELDLJNFC_01149	0.0
ELDLJNFC_01150	0.859044837392
ELDLJNFC_01151	0.0
ELDLJNFC_01152	1.09971109534
ELDLJNFC_01153	0.0
ELDLJNFC_01154	0.0
ELDLJNFC_01155	2.40276940703
ELDLJNFC_01156	0.0
ELDLJNFC_01157	4.39884438135
ELDLJNFC_01158	0.0
ELDLJNFC_01159	0.0
ELDLJNFC_01160	0.0
ELDLJNFC_01162	0.0
ELDLJNFC_01163	0.0
ELDLJNFC_01164	2.61287289524
ELDLJNFC_01165	0.0
ELDLJNFC_01166	0.0
ELDLJNFC_01167	2.41045417059
ELDLJNFC_01168	0.716869376035
ELDLJNFC_01169	0.0
ELDLJNFC_01170	24.5228417789
ELDLJNFC_01171	0.0
ELDLJNFC_01172	0.0
ELDLJNFC_01173	0.772729327415
ELDLJNFC_01174	0.802914066767
ELDLJNFC_01175	0.0
ELDLJNFC_01176	0.0
ELDLJNFC_01177	6.19453701922
ELDLJNFC_01178	0.0
ELDLJNFC_01179	0.0
ELDLJNFC_01180	5.43511060581
ELDLJNFC_01181	221.438733135
ELDLJNFC_01182	22.8055361442
ELDLJNFC_01183	0.0
ELDLJNFC_01184	0.0
ELDLJNFC_01185	1.22614208895
ELDLJNFC_01186	0.0
ELDLJNFC_01187	0.0
ELDLJNFC_01188	1.51440456264
ELDLJNFC_01189	0.0
ELDLJNFC_01190	0.0
ELDLJNFC_01191	0.0
ELDLJNFC_01192	0.0
ELDLJNFC_01193	0.0
ELDLJNFC_01194	0.0
ELDLJNFC_01195	0.0
ELDLJNFC_01196	0.0
ELDLJNFC_01197	0.0
ELDLJNFC_01198	5.57813983227
ELDLJNFC_01199	0.0
ELDLJNFC_01200	0.0
ELDLJNFC_01201	0.0
ELDLJNFC_01202	4.5462587373
ELDLJNFC_01203	2.43380625621
ELDLJNFC_01204	0.0
ELDLJNFC_01205	0.703486624771
ELDLJNFC_01206	0.0
ELDLJNFC_01207	4.27142193706
ELDLJNFC_01208	3.40000904062
ELDLJNFC_01209	2.98285753564
ELDLJNFC_01210	3.90277217264
ELDLJNFC_01211	1.33314033727
ELDLJNFC_01212	0.0
ELDLJNFC_01213	1.22880761523
ELDLJNFC_01214	0.644528509696
ELDLJNFC_01215	1.63367486417
ELDLJNFC_01216	0.0
ELDLJNFC_01217	0.0
ELDLJNFC_01218	0.0
ELDLJNFC_01219	1.60582813353
ELDLJNFC_01220	0.0
ELDLJNFC_01221	0.0
ELDLJNFC_01222	0.0
ELDLJNFC_01223	0.0
ELDLJNFC_01224	0.0
ELDLJNFC_01225	0.0
ELDLJNFC_01226	0.0
ELDLJNFC_01227	0.0
ELDLJNFC_01228	0.0
ELDLJNFC_01229	0.0
ELDLJNFC_01230	0.0
ELDLJNFC_01231	1.03054057065
ELDLJNFC_01232	0.0
ELDLJNFC_01233	0.0
ELDLJNFC_01234	2.90617739334
ELDLJNFC_01235	2.00000531801
ELDLJNFC_01236	0.0
ELDLJNFC_01237	0.0
ELDLJNFC_01238	0.0
ELDLJNFC_01239	0.0
ELDLJNFC_01240	2.531921626
ELDLJNFC_01241	0.0
ELDLJNFC_01242	0.574734624305
ELDLJNFC_01243	0.0
ELDLJNFC_01244	0.0
ELDLJNFC_01245	0.0
ELDLJNFC_01246	0.799507076384
ELDLJNFC_01247	0.0
ELDLJNFC_01248	0.0
ELDLJNFC_01249	0.0
ELDLJNFC_01250	3.74338743711
ELDLJNFC_01251	3.91177510729
ELDLJNFC_01252	0.0
ELDLJNFC_01253	1.70770846829
ELDLJNFC_01254	0.0
ELDLJNFC_01255	0.0
ELDLJNFC_01256	0.0
ELDLJNFC_01257	1.25332927495
ELDLJNFC_01258	10.4870408721
ELDLJNFC_01259	0.547989823562
ELDLJNFC_01260	0.0
ELDLJNFC_01262	0.0
ELDLJNFC_01263	0.0
ELDLJNFC_01264	0.0
ELDLJNFC_01265	0.0
ELDLJNFC_01266	0.0
ELDLJNFC_01267	4.77677326482
ELDLJNFC_01268	2.02962837703
ELDLJNFC_01269	0.0
ELDLJNFC_01270	9.16128854139
ELDLJNFC_01271	24.8894056943
ELDLJNFC_01272	2.88393623982
ELDLJNFC_01273	9.9384879649
ELDLJNFC_01274	0.0
ELDLJNFC_01275	0.0
ELDLJNFC_01276	0.0
ELDLJNFC_01277	0.0
ELDLJNFC_01278	0.0
ELDLJNFC_01279	0.0
ELDLJNFC_01280	0.0
ELDLJNFC_01281	0.0
ELDLJNFC_01282	0.0
ELDLJNFC_01283	0.0
ELDLJNFC_01284	0.0
ELDLJNFC_01285	0.0
ELDLJNFC_01286	0.0
ELDLJNFC_01287	0.0
ELDLJNFC_01288	0.0
ELDLJNFC_01289	0.0
ELDLJNFC_01290	0.705902595072
ELDLJNFC_01291	0.0
ELDLJNFC_01292	2.56932501365
ELDLJNFC_01293	2.56446806656
ELDLJNFC_01294	2.98110959686
ELDLJNFC_01295	1.07769590658
ELDLJNFC_01296	2.32773439809
ELDLJNFC_01297	1.01938954554
ELDLJNFC_01298	0.0
ELDLJNFC_01299	0.707448689617
ELDLJNFC_01300	0.935846859278
ELDLJNFC_01301	0.0
ELDLJNFC_01302	0.0
ELDLJNFC_01303	7.74317127402
ELDLJNFC_01304	0.0
ELDLJNFC_01305	0.0
ELDLJNFC_01306	0.0
ELDLJNFC_01308	0.0
ELDLJNFC_01309	0.0
ELDLJNFC_01310	1.55288874452
ELDLJNFC_01311	1.64676330081
ELDLJNFC_01312	0.0
ELDLJNFC_01313	1.89681712417
ELDLJNFC_01314	0.0
ELDLJNFC_01315	0.0
ELDLJNFC_01316	0.92626219255
ELDLJNFC_01317	0.0
ELDLJNFC_01318	0.80234422002
ELDLJNFC_01319	0.0
ELDLJNFC_01320	0.0
ELDLJNFC_01321	0.0
ELDLJNFC_01322	1.49735497484
ELDLJNFC_01323	0.0
ELDLJNFC_01324	0.0
ELDLJNFC_01325	0.0
ELDLJNFC_01326	0.588190950056
ELDLJNFC_01327	0.0
ELDLJNFC_01328	0.0
ELDLJNFC_01329	0.0
ELDLJNFC_01330	0.0
ELDLJNFC_01331	0.0
ELDLJNFC_01332	0.0
ELDLJNFC_01333	0.0
ELDLJNFC_01334	2.45228417789
ELDLJNFC_01335	0.0
ELDLJNFC_01336	0.0
ELDLJNFC_01337	0.0
ELDLJNFC_01338	1.26172210492
ELDLJNFC_01339	0.0
ELDLJNFC_01340	0.0
ELDLJNFC_01341	0.0
ELDLJNFC_01342	0.0
ELDLJNFC_01343	0.0
ELDLJNFC_01344	0.0
ELDLJNFC_01345	0.0
ELDLJNFC_01346	0.0
ELDLJNFC_01347	0.0
ELDLJNFC_01348	15.1136765509
ELDLJNFC_01349	2.35031809981
ELDLJNFC_01350	0.0
ELDLJNFC_01351	0.0
ELDLJNFC_01352	0.0
ELDLJNFC_01353	0.0
ELDLJNFC_01354	0.0
ELDLJNFC_01355	0.0
ELDLJNFC_01356	0.0
ELDLJNFC_01357	4.96560617573
ELDLJNFC_01358	0.864960218827
ELDLJNFC_01360	0.0
ELDLJNFC_01361	4.43914792935
ELDLJNFC_01362	0.0
ELDLJNFC_01363	0.0
ELDLJNFC_01364	0.0
ELDLJNFC_01365	0.0
ELDLJNFC_01366	0.0
ELDLJNFC_01367	0.906578192468
ELDLJNFC_01368	2.10718174466
ELDLJNFC_01369	0.0
ELDLJNFC_01370	0.0
ELDLJNFC_01371	0.0
ELDLJNFC_01372	0.0
ELDLJNFC_01373	1.37698295494
ELDLJNFC_01374	7.08039460965
ELDLJNFC_01375	0.0
ELDLJNFC_01376	0.0
ELDLJNFC_01377	4.83810130959
ELDLJNFC_01378	0.0
ELDLJNFC_01379	1.95588755365
ELDLJNFC_01380	0.0
ELDLJNFC_01381	0.0
ELDLJNFC_01382	0.0
ELDLJNFC_01383	0.0
ELDLJNFC_01384	0.644528509696
ELDLJNFC_01385	0.0
ELDLJNFC_01386	0.0
ELDLJNFC_01387	4.32669275126
ELDLJNFC_01388	0.0
ELDLJNFC_01389	0.0
ELDLJNFC_01390	0.0
ELDLJNFC_01391	0.0
ELDLJNFC_01392	0.0
ELDLJNFC_01393	0.0
ELDLJNFC_01394	0.0
ELDLJNFC_01395	2.33735976432
ELDLJNFC_01396	0.0
ELDLJNFC_01397	0.0
ELDLJNFC_01398	0.0
ELDLJNFC_01399	0.0
ELDLJNFC_01400	5.89417625656
ELDLJNFC_01401	4.73013810045
ELDLJNFC_01402	0.0
ELDLJNFC_01403	0.0
ELDLJNFC_01404	0.0
ELDLJNFC_01405	1.05359087233
ELDLJNFC_01406	0.0
ELDLJNFC_01407	0.0
ELDLJNFC_01408	2.45939740248
ELDLJNFC_01409	0.0
ELDLJNFC_01410	0.0
ELDLJNFC_01411	0.732191066067
ELDLJNFC_01412	0.0
ELDLJNFC_01413	0.0
ELDLJNFC_01414	0.845551986543
ELDLJNFC_01415	0.0
ELDLJNFC_01416	0.773257870046
ELDLJNFC_01417	0.0
ELDLJNFC_01418	0.0
ELDLJNFC_01419	0.0
ELDLJNFC_01420	0.0
ELDLJNFC_01421	0.0
ELDLJNFC_01422	0.0
ELDLJNFC_01423	2.01605529382
ELDLJNFC_01424	0.0
ELDLJNFC_01425	0.0
ELDLJNFC_01426	0.0
ELDLJNFC_01427	3.00665693087
ELDLJNFC_01428	0.774847845105
ELDLJNFC_01429	0.0
ELDLJNFC_01430	0.0
ELDLJNFC_01431	0.0
ELDLJNFC_01432	0.0
ELDLJNFC_01433	0.0
ELDLJNFC_01434	0.0
ELDLJNFC_01435	3.47579709764
ELDLJNFC_01436	3.17111642639
ELDLJNFC_01437	0.0
ELDLJNFC_01438	0.0
ELDLJNFC_01439	0.0
ELDLJNFC_01440	0.0
