OHJPNLCH_00001	0.0
OHJPNLCH_00002	0.0
OHJPNLCH_00003	1.03620690007
OHJPNLCH_00004	0.0
OHJPNLCH_00005	0.0
OHJPNLCH_00006	0.0
OHJPNLCH_00007	0.0
OHJPNLCH_00008	0.0
OHJPNLCH_00009	3.9199089042
OHJPNLCH_00010	0.0
OHJPNLCH_00011	0.0
OHJPNLCH_00013	0.0
OHJPNLCH_00014	0.832475499243
OHJPNLCH_00015	0.730770347752
OHJPNLCH_00016	0.0
OHJPNLCH_00017	0.0
OHJPNLCH_00018	0.0
OHJPNLCH_00019	0.0
OHJPNLCH_00020	0.0
OHJPNLCH_00021	0.0
OHJPNLCH_00022	0.0
OHJPNLCH_00023	5.25000802464
OHJPNLCH_00024	0.0
OHJPNLCH_00025	0.0
OHJPNLCH_00026	0.0
OHJPNLCH_00027	0.0
OHJPNLCH_00028	0.0
OHJPNLCH_00029	8.39481481167
OHJPNLCH_00030	0.851922929896
OHJPNLCH_00031	0.0
OHJPNLCH_00032	11.9000181892
OHJPNLCH_00033	0.0
OHJPNLCH_00034	0.0
OHJPNLCH_00035	0.0
OHJPNLCH_00036	0.0
OHJPNLCH_00037	2.26553452499
OHJPNLCH_00038	0.0
OHJPNLCH_00039	0.0
OHJPNLCH_00040	0.0
OHJPNLCH_00041	0.0
OHJPNLCH_00042	0.0
OHJPNLCH_00043	0.0
OHJPNLCH_00044	0.0
OHJPNLCH_00045	0.0
OHJPNLCH_00047	0.0
OHJPNLCH_00048	5.85752190659
OHJPNLCH_00049	1.29200197483
OHJPNLCH_00050	0.350000534976
OHJPNLCH_00051	0.0
OHJPNLCH_00052	0.0
OHJPNLCH_00053	0.0
OHJPNLCH_00054	0.0
OHJPNLCH_00055	0.0
OHJPNLCH_00056	0.0
OHJPNLCH_00057	1.58555642072
OHJPNLCH_00058	0.0
OHJPNLCH_00059	0.0
OHJPNLCH_00060	2.9287609533
OHJPNLCH_00061	0.0
OHJPNLCH_00062	0.0
OHJPNLCH_00063	0.0
OHJPNLCH_00064	0.0
OHJPNLCH_00065	0.0
OHJPNLCH_00066	0.0
OHJPNLCH_00067	0.0
OHJPNLCH_00068	0.0
OHJPNLCH_00069	0.0
OHJPNLCH_00070	0.0
OHJPNLCH_00071	94.8162739589
OHJPNLCH_00072	0.0
OHJPNLCH_00073	0.0
OHJPNLCH_00074	0.0
OHJPNLCH_00075	0.0
OHJPNLCH_00076	3.05954459532
OHJPNLCH_00077	1.41844633372
OHJPNLCH_00078	0.0
OHJPNLCH_00079	1.34743948507
OHJPNLCH_00080	0.0
OHJPNLCH_00082	0.0
OHJPNLCH_00083	2.79827160389
OHJPNLCH_00084	2.23861728311
OHJPNLCH_00085	4.1221576225
OHJPNLCH_00086	0.0
OHJPNLCH_00087	0.0
OHJPNLCH_00088	0.0
OHJPNLCH_00089	0.0
OHJPNLCH_00090	0.0
OHJPNLCH_00091	0.0
OHJPNLCH_00092	0.0
OHJPNLCH_00093	0.0
OHJPNLCH_00094	0.0
OHJPNLCH_00095	0.0
OHJPNLCH_00096	0.0
OHJPNLCH_00097	0.0
OHJPNLCH_00098	0.0
OHJPNLCH_00099	0.964180578228
OHJPNLCH_00100	23.2067803396
OHJPNLCH_00101	20.7724699133
OHJPNLCH_00102	0.0
OHJPNLCH_00103	0.0
OHJPNLCH_00104	0.0
OHJPNLCH_00105	9.20604013006
OHJPNLCH_00106	1.54019308988
OHJPNLCH_00107	0.0
OHJPNLCH_00108	0.0
OHJPNLCH_00109	0.0
OHJPNLCH_00110	0.0
OHJPNLCH_00111	5.04688271416
OHJPNLCH_00112	0.0
OHJPNLCH_00113	1.06852715309
OHJPNLCH_00114	0.0
OHJPNLCH_00115	0.0
OHJPNLCH_00116	0.0
OHJPNLCH_00117	0.0
OHJPNLCH_00118	0.0
OHJPNLCH_00119	0.0
OHJPNLCH_00120	0.0
OHJPNLCH_00121	0.0
OHJPNLCH_00122	0.0
OHJPNLCH_00123	0.0
OHJPNLCH_00124	0.0
OHJPNLCH_00125	0.0
OHJPNLCH_00126	1.12264322539
OHJPNLCH_00127	0.0
OHJPNLCH_00128	0.0
OHJPNLCH_00129	0.0
OHJPNLCH_00130	0.0
OHJPNLCH_00131	0.0
OHJPNLCH_00132	5.72889389175
OHJPNLCH_00133	0.0
OHJPNLCH_00134	0.0
OHJPNLCH_00135	0.0
OHJPNLCH_00136	0.957241090577
OHJPNLCH_00137	0.0
OHJPNLCH_00138	3.07201556514
OHJPNLCH_00140	0.0
OHJPNLCH_00141	0.0
OHJPNLCH_00142	0.0
OHJPNLCH_00143	2.22102500584
OHJPNLCH_00144	0.0
OHJPNLCH_00145	0.0
OHJPNLCH_00146	9.77379015538
OHJPNLCH_00147	0.0
OHJPNLCH_00148	0.319441008186
OHJPNLCH_00149	0.0
OHJPNLCH_00150	0.0
OHJPNLCH_00151	0.0
OHJPNLCH_00152	0.0
OHJPNLCH_00153	0.0
OHJPNLCH_00154	0.0
OHJPNLCH_00155	0.0
OHJPNLCH_00156	4.77508649619
OHJPNLCH_00157	6.70699772693
OHJPNLCH_00158	0.0
OHJPNLCH_00159	7.98001219745
OHJPNLCH_00160	2.13840175531
OHJPNLCH_00161	0.0
OHJPNLCH_00162	3.75998357419
OHJPNLCH_00163	0.0
OHJPNLCH_00164	1.40784773097
OHJPNLCH_00165	0.0
OHJPNLCH_00166	0.0
OHJPNLCH_00167	53.8960126126
OHJPNLCH_00168	0.0
OHJPNLCH_00169	0.0
OHJPNLCH_00170	0.0
OHJPNLCH_00171	0.0
OHJPNLCH_00172	8.39481481167
OHJPNLCH_00173	0.0
OHJPNLCH_00174	0.0
OHJPNLCH_00175	0.0
OHJPNLCH_00176	0.0
OHJPNLCH_00177	0.0
OHJPNLCH_00178	0.0
OHJPNLCH_00179	0.0
OHJPNLCH_00180	0.0
OHJPNLCH_00181	4.60177094154
OHJPNLCH_00182	0.0
OHJPNLCH_00183	0.0
OHJPNLCH_00184	0.0
OHJPNLCH_00185	0.0
OHJPNLCH_00186	5.63841260834
OHJPNLCH_00187	0.0
OHJPNLCH_00188	0.0
OHJPNLCH_00189	4.11733199574
OHJPNLCH_00190	0.0
OHJPNLCH_00191	0.0
OHJPNLCH_00192	0.0
OHJPNLCH_00193	0.0
OHJPNLCH_00194	0.0
OHJPNLCH_00195	2.30401167386
OHJPNLCH_00196	0.0
OHJPNLCH_00197	0.0
OHJPNLCH_00198	0.0
OHJPNLCH_00199	2.28846503638
OHJPNLCH_00200	0.0
OHJPNLCH_00201	0.0
OHJPNLCH_00202	0.0
OHJPNLCH_00203	0.0
OHJPNLCH_00204	0.992538830528
OHJPNLCH_00205	0.0
OHJPNLCH_00206	0.0
OHJPNLCH_00207	0.0
OHJPNLCH_00208	0.0
OHJPNLCH_00209	0.0
OHJPNLCH_00210	0.0
OHJPNLCH_00211	0.0
OHJPNLCH_00212	0.0
OHJPNLCH_00213	0.0
OHJPNLCH_00214	0.0
OHJPNLCH_00215	1.68480138297
OHJPNLCH_00216	1.80447203188
OHJPNLCH_00217	0.0
OHJPNLCH_00218	0.0
OHJPNLCH_00219	0.0
OHJPNLCH_00220	0.0
OHJPNLCH_00221	2.21884539347
OHJPNLCH_00222	1.82338988383
OHJPNLCH_00223	0.71823489706
OHJPNLCH_00224	0.0
OHJPNLCH_00225	0.0
OHJPNLCH_00226	0.0
OHJPNLCH_00227	20.743150972
OHJPNLCH_00228	0.0
OHJPNLCH_00229	3.93903041105
OHJPNLCH_00230	0.0
OHJPNLCH_00231	0.0
OHJPNLCH_00232	4.24203275036
OHJPNLCH_00233	0.0
OHJPNLCH_00234	0.0
OHJPNLCH_00235	0.0
OHJPNLCH_00236	3.36960276594
OHJPNLCH_00237	0.0
OHJPNLCH_00238	0.674523704041
OHJPNLCH_00239	0.0
OHJPNLCH_00240	0.0
OHJPNLCH_00241	0.0
OHJPNLCH_00242	0.0
OHJPNLCH_00243	0.0
OHJPNLCH_00244	12.2614070279
OHJPNLCH_00245	8.736489397
OHJPNLCH_00246	3.57753711384
OHJPNLCH_00247	0.0
OHJPNLCH_00248	10.4797379186
OHJPNLCH_00249	32.8873229955
OHJPNLCH_00250	15.877833258
OHJPNLCH_00251	7.76443494486
OHJPNLCH_00252	0.0
OHJPNLCH_00253	0.0
OHJPNLCH_00254	22.5199547405
OHJPNLCH_00255	0.0
OHJPNLCH_00256	3.31525433423
OHJPNLCH_00257	6.29221740986
OHJPNLCH_00258	2.81920630417
OHJPNLCH_00259	12.5844348197
OHJPNLCH_00260	31.229329502
OHJPNLCH_00261	10.339954829
OHJPNLCH_00262	2.50111001764
OHJPNLCH_00263	5.99963009538
OHJPNLCH_00264	0.0
OHJPNLCH_00265	60.0266404233
OHJPNLCH_00266	0.0
OHJPNLCH_00267	20.3432187553
OHJPNLCH_00268	3.09726500814
OHJPNLCH_00269	0.0
OHJPNLCH_00270	0.0
OHJPNLCH_00271	0.0
OHJPNLCH_00272	0.0
OHJPNLCH_00273	1.90000290415
OHJPNLCH_00274	0.0
OHJPNLCH_00275	0.0
OHJPNLCH_00276	1.1327672625
OHJPNLCH_00277	0.0
OHJPNLCH_00278	0.0
OHJPNLCH_00279	0.0
OHJPNLCH_00280	6.57268446495
OHJPNLCH_00281	12.7596131825
OHJPNLCH_00282	0.0
OHJPNLCH_00283	0.0
OHJPNLCH_00284	0.0
OHJPNLCH_00285	0.0
OHJPNLCH_00286	0.0
OHJPNLCH_00287	0.0
OHJPNLCH_00288	0.0
OHJPNLCH_00289	0.0
OHJPNLCH_00290	0.0
OHJPNLCH_00291	11.2375917293
OHJPNLCH_00292	6.46000987413
OHJPNLCH_00293	3.87600592448
OHJPNLCH_00294	22.5099901587
OHJPNLCH_00295	22.2211641862
OHJPNLCH_00296	32.5324238265
OHJPNLCH_00297	4.13346152823
OHJPNLCH_00298	0.0
OHJPNLCH_00299	0.0
OHJPNLCH_00300	0.0
OHJPNLCH_00301	0.900080993608
OHJPNLCH_00302	0.0
OHJPNLCH_00303	0.0
OHJPNLCH_00304	0.0
OHJPNLCH_00305	0.627359449485
OHJPNLCH_00306	0.0
OHJPNLCH_00307	16.4317111624
OHJPNLCH_00308	0.0
OHJPNLCH_00309	1.91394197738
OHJPNLCH_00310	0.0
OHJPNLCH_00311	1.75816753961
OHJPNLCH_00312	0.0
OHJPNLCH_00313	3.8365443257
OHJPNLCH_00314	1.24094591435
OHJPNLCH_00315	0.0
OHJPNLCH_00316	0.0
OHJPNLCH_00317	4.06655297832
OHJPNLCH_00318	0.0
OHJPNLCH_00319	0.0
OHJPNLCH_00320	0.0
OHJPNLCH_00321	0.0
OHJPNLCH_00322	0.0
OHJPNLCH_00323	2.1553893765
OHJPNLCH_00324	0.0
OHJPNLCH_00325	0.0
OHJPNLCH_00326	7.4743915899
OHJPNLCH_00327	0.0
OHJPNLCH_00328	16.9858356457
OHJPNLCH_00329	0.0
OHJPNLCH_00331	0.0
OHJPNLCH_00332	1.83523007788
OHJPNLCH_00333	0.0
OHJPNLCH_00334	0.0
OHJPNLCH_00335	0.0
OHJPNLCH_00336	0.0
OHJPNLCH_00337	0.0
OHJPNLCH_00338	0.0
OHJPNLCH_00339	0.0
OHJPNLCH_00340	0.0
OHJPNLCH_00341	0.0
OHJPNLCH_00342	0.0
OHJPNLCH_00343	0.0
OHJPNLCH_00344	0.0
OHJPNLCH_00345	0.0
OHJPNLCH_00346	0.0
OHJPNLCH_00347	0.0
OHJPNLCH_00348	0.0
OHJPNLCH_00349	0.0
OHJPNLCH_00350	4.73013275302
OHJPNLCH_00351	0.0
OHJPNLCH_00352	0.0
OHJPNLCH_00353	0.0
OHJPNLCH_00354	0.0
OHJPNLCH_00355	0.0
OHJPNLCH_00356	11.4423251819
OHJPNLCH_00357	0.0
OHJPNLCH_00358	0.0
OHJPNLCH_00359	0.0
OHJPNLCH_00360	0.0
OHJPNLCH_00361	0.0
OHJPNLCH_00362	0.0
OHJPNLCH_00363	2.93129229379
OHJPNLCH_00364	6.09106534468
OHJPNLCH_00365	0.0
OHJPNLCH_00366	0.0
OHJPNLCH_00367	2.0743150972
OHJPNLCH_00368	0.0
OHJPNLCH_00369	0.0
OHJPNLCH_00370	0.0
OHJPNLCH_00371	0.0
OHJPNLCH_00372	8.09980767227
OHJPNLCH_00373	4.60802334771
OHJPNLCH_00374	1.17883391864
OHJPNLCH_00375	0.0
OHJPNLCH_00376	0.0
OHJPNLCH_00377	1.51541786591
OHJPNLCH_00378	0.0
OHJPNLCH_00379	0.0
OHJPNLCH_00380	0.0
OHJPNLCH_00381	0.726543526974
OHJPNLCH_00382	0.0
OHJPNLCH_00383	0.0
OHJPNLCH_00384	2.90120203928
OHJPNLCH_00385	0.0
OHJPNLCH_00386	0.0
OHJPNLCH_00387	0.883204474978
OHJPNLCH_00388	0.0
OHJPNLCH_00389	0.0
OHJPNLCH_00390	0.0
OHJPNLCH_00391	2.3951307796
OHJPNLCH_00392	0.0
OHJPNLCH_00393	7.25610865194
OHJPNLCH_00394	2.66000406582
OHJPNLCH_00395	0.0
OHJPNLCH_00396	0.0
OHJPNLCH_00397	0.0
OHJPNLCH_00398	0.0
OHJPNLCH_00399	0.0
OHJPNLCH_00400	0.0
OHJPNLCH_00401	0.0
OHJPNLCH_00402	0.0
OHJPNLCH_00403	0.0
OHJPNLCH_00404	0.0
OHJPNLCH_00405	0.0
OHJPNLCH_00406	0.0
OHJPNLCH_00407	0.979637545903
OHJPNLCH_00408	0.0
OHJPNLCH_00409	0.0
OHJPNLCH_00410	0.0
OHJPNLCH_00411	2.72410054933
OHJPNLCH_00412	0.0
OHJPNLCH_00414	13.4904740808
OHJPNLCH_00415	0.0
OHJPNLCH_00416	0.0
OHJPNLCH_00417	0.0
OHJPNLCH_00418	0.0
OHJPNLCH_00419	2.76631744202
OHJPNLCH_00420	0.0
OHJPNLCH_00421	2.86202969107
OHJPNLCH_00422	1.565791867
OHJPNLCH_00423	0.0
OHJPNLCH_00424	0.0
OHJPNLCH_00425	0.0
OHJPNLCH_00426	2.46834438422
OHJPNLCH_00427	0.0
OHJPNLCH_00428	5.39618963232
OHJPNLCH_00429	0.0
OHJPNLCH_00430	0.0
OHJPNLCH_00431	10.371575486
OHJPNLCH_00432	43.1123540328
OHJPNLCH_00433	0.0
OHJPNLCH_00434	3.91177068502
OHJPNLCH_00435	0.0
OHJPNLCH_00436	0.0
OHJPNLCH_00437	0.0
OHJPNLCH_00438	0.0
OHJPNLCH_00439	4.21435872497
OHJPNLCH_00440	0.0
OHJPNLCH_00441	0.0
OHJPNLCH_00442	0.0
OHJPNLCH_00443	0.0
OHJPNLCH_00444	0.0
OHJPNLCH_00445	5.4090991769
OHJPNLCH_00446	0.0
OHJPNLCH_00447	0.0
OHJPNLCH_00448	0.487075281332
OHJPNLCH_00449	0.0
OHJPNLCH_00450	8.07501234266
OHJPNLCH_00451	0.0
OHJPNLCH_00452	0.0
OHJPNLCH_00453	5.70320378461
OHJPNLCH_00454	1.89522502594
OHJPNLCH_00455	0.0
OHJPNLCH_00456	0.589109811345
OHJPNLCH_00457	4.02313782196
OHJPNLCH_00458	5.74831387104
OHJPNLCH_00459	1.58555642072
OHJPNLCH_00460	0.0
OHJPNLCH_00461	8.43658005949
OHJPNLCH_00462	0.0
OHJPNLCH_00463	0.0
OHJPNLCH_00464	0.0
OHJPNLCH_00465	0.0
OHJPNLCH_00466	0.0
OHJPNLCH_00467	0.0
OHJPNLCH_00468	1.09332855703
OHJPNLCH_00469	0.0
OHJPNLCH_00470	0.0
OHJPNLCH_00471	0.0
OHJPNLCH_00472	0.0
OHJPNLCH_00473	0.0
OHJPNLCH_00475	2.051727274
OHJPNLCH_00476	2.01156891098
OHJPNLCH_00477	0.0
OHJPNLCH_00478	4.17159309215
OHJPNLCH_00479	0.0
OHJPNLCH_00480	0.0
OHJPNLCH_00481	0.0
OHJPNLCH_00482	0.0
OHJPNLCH_00483	3.33973922591
OHJPNLCH_00484	0.0
OHJPNLCH_00485	0.0
OHJPNLCH_00486	36.5463920681
OHJPNLCH_00488	36.0798423821
OHJPNLCH_00490	0.0
OHJPNLCH_00491	0.0
OHJPNLCH_00492	0.0
OHJPNLCH_00493	5.32000813163
OHJPNLCH_00494	13.8882276164
OHJPNLCH_00495	0.0
OHJPNLCH_00496	0.0
OHJPNLCH_00497	0.0
OHJPNLCH_00498	0.0
OHJPNLCH_00499	0.0
OHJPNLCH_00500	0.0
OHJPNLCH_00501	0.0
OHJPNLCH_00502	0.0
OHJPNLCH_00503	0.0
OHJPNLCH_00504	0.0
OHJPNLCH_00505	0.0
OHJPNLCH_00506	37.3719579495
OHJPNLCH_00507	0.0
OHJPNLCH_00508	0.0
OHJPNLCH_00509	0.0
OHJPNLCH_00510	0.0
OHJPNLCH_00511	0.0
OHJPNLCH_00512	0.0
OHJPNLCH_00513	2.0743150972
OHJPNLCH_00514	0.0
OHJPNLCH_00515	0.0
OHJPNLCH_00516	0.0
OHJPNLCH_00517	0.0
OHJPNLCH_00518	0.0
OHJPNLCH_00519	0.0
OHJPNLCH_00520	0.0
OHJPNLCH_00521	7.81452807354
OHJPNLCH_00522	1.17883391864
OHJPNLCH_00523	0.0
OHJPNLCH_00524	0.0
OHJPNLCH_00525	0.0
OHJPNLCH_00526	6.26663929031
OHJPNLCH_00527	0.0
OHJPNLCH_00528	0.0
OHJPNLCH_00529	3.41197704619
OHJPNLCH_00530	0.0
OHJPNLCH_00531	0.0
OHJPNLCH_00532	1.59901234508
OHJPNLCH_00533	0.0
OHJPNLCH_00534	0.0
OHJPNLCH_00535	0.0
OHJPNLCH_00536	0.0
OHJPNLCH_00537	0.0
OHJPNLCH_00538	0.0
OHJPNLCH_00539	0.0
OHJPNLCH_00540	0.0
OHJPNLCH_00541	0.0
OHJPNLCH_00542	0.0
OHJPNLCH_00543	1.25332785806
OHJPNLCH_00544	3.1229329502
OHJPNLCH_00545	0.0
OHJPNLCH_00546	0.0
OHJPNLCH_00547	0.0
OHJPNLCH_00549	0.0
OHJPNLCH_00550	0.0
OHJPNLCH_00551	0.0
OHJPNLCH_00552	0.0
OHJPNLCH_00553	0.722365321388
OHJPNLCH_00554	0.0
OHJPNLCH_00555	0.0
OHJPNLCH_00556	84.7876295979
OHJPNLCH_00557	71.6581579031
OHJPNLCH_00558	14.1653228565
OHJPNLCH_00559	16.8372597783
OHJPNLCH_00560	4.25000649613
OHJPNLCH_00561	4.34808356912
OHJPNLCH_00562	0.0
OHJPNLCH_00563	0.0
OHJPNLCH_00564	0.0
OHJPNLCH_00565	0.0
OHJPNLCH_00566	0.0
OHJPNLCH_00567	3.06784729436
OHJPNLCH_00568	0.0
OHJPNLCH_00569	0.0
OHJPNLCH_00570	0.0
OHJPNLCH_00571	3.53281789991
OHJPNLCH_00572	1.88731507174
OHJPNLCH_00573	2.9061741079
OHJPNLCH_00574	0.0
OHJPNLCH_00575	1.90963129725
OHJPNLCH_00576	2.84761140547
OHJPNLCH_00577	0.0
OHJPNLCH_00578	0.0
OHJPNLCH_00579	0.0
OHJPNLCH_00580	1.02493357024
OHJPNLCH_00581	2.26704891973
OHJPNLCH_00582	0.0
OHJPNLCH_00583	0.0
OHJPNLCH_00584	3.75581969426
OHJPNLCH_00585	0.0
OHJPNLCH_00586	0.0
OHJPNLCH_00587	0.0
OHJPNLCH_00588	0.0
OHJPNLCH_00589	0.0
OHJPNLCH_00590	0.0
OHJPNLCH_00591	9.83044980845
OHJPNLCH_00592	1.29200197483
OHJPNLCH_00593	0.0
OHJPNLCH_00594	1.30542924708
OHJPNLCH_00595	1.24917318008
OHJPNLCH_00596	0.0
OHJPNLCH_00597	0.0
OHJPNLCH_00598	0.0
OHJPNLCH_00599	0.0
OHJPNLCH_00600	0.0
OHJPNLCH_00601	0.0
OHJPNLCH_00602	33.7921712166
OHJPNLCH_00603	0.0
OHJPNLCH_00604	1.73789658412
OHJPNLCH_00605	0.0
OHJPNLCH_00606	2.89130876719
OHJPNLCH_00607	0.0
OHJPNLCH_00608	0.0
OHJPNLCH_00609	0.0
OHJPNLCH_00610	3.89157221333
OHJPNLCH_00611	11.3238904304
OHJPNLCH_00612	0.0
OHJPNLCH_00613	0.0
OHJPNLCH_00614	0.0
OHJPNLCH_00615	0.0
OHJPNLCH_00616	5.19372922499
OHJPNLCH_00617	0.0
OHJPNLCH_00618	0.0
OHJPNLCH_00619	0.0
OHJPNLCH_00620	0.0
OHJPNLCH_00621	0.0
OHJPNLCH_00622	0.0
OHJPNLCH_00623	0.0
OHJPNLCH_00624	5.91266594128
OHJPNLCH_00625	8.7976788169
OHJPNLCH_00626	0.0
OHJPNLCH_00627	12.4622237729
OHJPNLCH_00628	0.0
OHJPNLCH_00629	0.0
OHJPNLCH_00630	0.0
OHJPNLCH_00631	2.08965199255
OHJPNLCH_00632	0.0
OHJPNLCH_00633	0.0
OHJPNLCH_00634	0.0
OHJPNLCH_00635	0.0
OHJPNLCH_00636	2.89377575419
OHJPNLCH_00637	0.0
OHJPNLCH_00638	0.0
OHJPNLCH_00639	4.24203275036
OHJPNLCH_00640	0.0
OHJPNLCH_00641	0.0
OHJPNLCH_00642	0.0
OHJPNLCH_00643	0.0
OHJPNLCH_00644	81.5825989258
OHJPNLCH_00645	0.0
OHJPNLCH_00646	0.0
OHJPNLCH_00647	0.0
OHJPNLCH_00648	0.0
OHJPNLCH_00649	1.03053940563
OHJPNLCH_00650	0.0
OHJPNLCH_00651	0.0
OHJPNLCH_00652	0.0
OHJPNLCH_00653	0.0
OHJPNLCH_00654	3.46779671157
OHJPNLCH_00655	0.0
OHJPNLCH_00656	0.0
OHJPNLCH_00657	0.0
OHJPNLCH_00658	0.737925409903
OHJPNLCH_00659	0.0
OHJPNLCH_00660	0.0
OHJPNLCH_00661	0.0
OHJPNLCH_00662	10.2772884361
OHJPNLCH_00663	0.0
OHJPNLCH_00664	0.0
OHJPNLCH_00665	0.0
OHJPNLCH_00666	0.0
OHJPNLCH_00667	0.0
OHJPNLCH_00668	0.0
OHJPNLCH_00669	0.0
OHJPNLCH_00670	0.0
OHJPNLCH_00671	0.0
OHJPNLCH_00672	0.0
OHJPNLCH_00673	0.0
OHJPNLCH_00674	0.0
OHJPNLCH_00675	0.0
OHJPNLCH_00676	0.0
OHJPNLCH_00677	11.4384660503
OHJPNLCH_00678	0.0
OHJPNLCH_00679	0.0
OHJPNLCH_00680	0.0
OHJPNLCH_00681	0.0
OHJPNLCH_00682	0.0
OHJPNLCH_00683	0.940517244569
OHJPNLCH_00684	0.0
OHJPNLCH_00685	0.0
OHJPNLCH_00686	0.0
OHJPNLCH_00687	0.0
OHJPNLCH_00688	0.0
OHJPNLCH_00689	6.19453001628
OHJPNLCH_00690	0.0
OHJPNLCH_00691	0.0
OHJPNLCH_00692	0.0
OHJPNLCH_00693	0.0
OHJPNLCH_00694	0.0
OHJPNLCH_00695	0.0
OHJPNLCH_00697	0.0
OHJPNLCH_00698	3.31849822301
OHJPNLCH_00699	6.86539510914
OHJPNLCH_00700	0.0
OHJPNLCH_00701	0.0
