ACBEJKBA_00001	0.0
ACBEJKBA_00002	0.0
ACBEJKBA_00003	1.32532291904
ACBEJKBA_00004	0.0
ACBEJKBA_00005	0.0
ACBEJKBA_00006	2.27236271345
ACBEJKBA_00007	0.0
ACBEJKBA_00008	0.0
ACBEJKBA_00009	2.55191975156
ACBEJKBA_00010	0.0
ACBEJKBA_00011	0.0
ACBEJKBA_00012	0.0
ACBEJKBA_00013	0.0
ACBEJKBA_00014	0.0
ACBEJKBA_00015	0.0
ACBEJKBA_00016	1.32610023453
ACBEJKBA_00017	0.0
ACBEJKBA_00018	0.614068685464
ACBEJKBA_00019	0.0
ACBEJKBA_00020	0.0
ACBEJKBA_00021	0.0
ACBEJKBA_00022	0.0
ACBEJKBA_00023	2.43642338349
ACBEJKBA_00024	0.0
ACBEJKBA_00025	0.0
ACBEJKBA_00026	0.0
ACBEJKBA_00027	6.61885509332
ACBEJKBA_00028	5.73858096416
ACBEJKBA_00029	0.847451611649
ACBEJKBA_00030	0.0
ACBEJKBA_00031	0.0
ACBEJKBA_00032	1.31913704777
ACBEJKBA_00033	0.0
ACBEJKBA_00034	0.0
ACBEJKBA_00035	0.0
ACBEJKBA_00036	0.0
ACBEJKBA_00037	0.0
ACBEJKBA_00038	0.0
ACBEJKBA_00039	0.0
ACBEJKBA_00040	0.0
ACBEJKBA_00041	0.0
ACBEJKBA_00042	0.382313307386
ACBEJKBA_00043	0.0
ACBEJKBA_00044	0.0
ACBEJKBA_00045	0.0
ACBEJKBA_00046	0.0
ACBEJKBA_00047	0.0
ACBEJKBA_00048	1.80015995213
ACBEJKBA_00049	0.0
ACBEJKBA_00050	0.0
ACBEJKBA_00051	0.0
ACBEJKBA_00052	0.0
ACBEJKBA_00053	0.0
ACBEJKBA_00054	0.0
ACBEJKBA_00055	0.0
ACBEJKBA_00056	0.0
ACBEJKBA_00057	0.0
ACBEJKBA_00058	1.69872344093
ACBEJKBA_00059	0.0
ACBEJKBA_00060	0.0
ACBEJKBA_00061	0.0
ACBEJKBA_00062	0.0
ACBEJKBA_00063	2.91366095345
ACBEJKBA_00064	0.0
ACBEJKBA_00065	0.0
ACBEJKBA_00066	1.10113680189
ACBEJKBA_00067	125.425345777
ACBEJKBA_00068	0.0
ACBEJKBA_00069	0.0
ACBEJKBA_00070	0.0
ACBEJKBA_00071	0.0
ACBEJKBA_00072	0.0
ACBEJKBA_00073	0.0
ACBEJKBA_00074	0.0
ACBEJKBA_00075	0.0
ACBEJKBA_00076	0.0
ACBEJKBA_00077	0.0
ACBEJKBA_00078	0.0
ACBEJKBA_00080	0.0
ACBEJKBA_00081	0.0
ACBEJKBA_00082	0.0
ACBEJKBA_00083	0.0
ACBEJKBA_00084	0.0
ACBEJKBA_00085	0.0
ACBEJKBA_00086	0.0
ACBEJKBA_00087	0.0
ACBEJKBA_00088	0.0
ACBEJKBA_00090	0.0
ACBEJKBA_00091	0.0
ACBEJKBA_00092	0.0
ACBEJKBA_00093	0.0
ACBEJKBA_00094	0.0
ACBEJKBA_00095	0.0
ACBEJKBA_00096	0.0
ACBEJKBA_00097	0.0
ACBEJKBA_00098	0.0
ACBEJKBA_00101	1.28758593387
ACBEJKBA_00102	0.0
ACBEJKBA_00103	0.34902761653
ACBEJKBA_00104	1.06852594512
ACBEJKBA_00105	0.0
ACBEJKBA_00106	1.10562391192
ACBEJKBA_00107	0.0
ACBEJKBA_00108	0.0
ACBEJKBA_00109	0.0
ACBEJKBA_00110	0.0
ACBEJKBA_00111	0.0
ACBEJKBA_00112	0.0
ACBEJKBA_00113	1.10400434564
ACBEJKBA_00114	1.59449992939
ACBEJKBA_00115	0.0
ACBEJKBA_00116	0.765403148232
ACBEJKBA_00117	3.83220491505
ACBEJKBA_00118	0.0
ACBEJKBA_00119	0.0
ACBEJKBA_00120	0.0
ACBEJKBA_00121	0.0
ACBEJKBA_00122	0.0
ACBEJKBA_00123	0.0
ACBEJKBA_00124	0.0
ACBEJKBA_00125	0.0
ACBEJKBA_00126	0.0
ACBEJKBA_00127	0.0
ACBEJKBA_00128	0.0
ACBEJKBA_00129	0.0
ACBEJKBA_00130	0.0
ACBEJKBA_00131	0.0
ACBEJKBA_00132	0.0
ACBEJKBA_00133	0.0
ACBEJKBA_00134	0.0
ACBEJKBA_00135	0.0
ACBEJKBA_00136	0.0
ACBEJKBA_00137	0.0
ACBEJKBA_00138	0.0
ACBEJKBA_00139	3.34467588739
ACBEJKBA_00140	0.0
ACBEJKBA_00141	0.478417456597
ACBEJKBA_00142	0.749668733381
ACBEJKBA_00143	3.82356409224
ACBEJKBA_00144	22.792347781
ACBEJKBA_00145	0.686608229541
ACBEJKBA_00146	1.99148640623
ACBEJKBA_00147	0.0
ACBEJKBA_00148	3.382200299
ACBEJKBA_00149	0.0
ACBEJKBA_00150	0.0
ACBEJKBA_00151	0.0
ACBEJKBA_00152	1.924256085
ACBEJKBA_00153	0.0
ACBEJKBA_00154	1.52770331073
ACBEJKBA_00155	0.624240999414
ACBEJKBA_00156	0.0
ACBEJKBA_00157	0.0
ACBEJKBA_00158	0.0
ACBEJKBA_00159	0.0
ACBEJKBA_00160	0.0
ACBEJKBA_00161	0.0
ACBEJKBA_00162	0.0
ACBEJKBA_00163	0.0
ACBEJKBA_00164	0.787805191595
ACBEJKBA_00165	0.0
ACBEJKBA_00166	2.82154854394
ACBEJKBA_00167	0.0
ACBEJKBA_00168	3.99470123653
ACBEJKBA_00169	0.0
ACBEJKBA_00170	0.0
ACBEJKBA_00171	0.0
ACBEJKBA_00172	0.0
ACBEJKBA_00173	0.0
ACBEJKBA_00174	0.0
ACBEJKBA_00175	0.0
ACBEJKBA_00176	0.897578761365
ACBEJKBA_00177	0.0
ACBEJKBA_00178	1.65519831616
ACBEJKBA_00179	0.0
ACBEJKBA_00180	2.06295702544
ACBEJKBA_00181	0.44560522268
ACBEJKBA_00182	0.0
ACBEJKBA_00183	6.78300269964
ACBEJKBA_00184	0.516446071238
ACBEJKBA_00185	0.0
ACBEJKBA_00186	2.16778609768
ACBEJKBA_00187	2.48188902292
ACBEJKBA_00188	0.0
ACBEJKBA_00189	24.4432529717
ACBEJKBA_00190	0.0
ACBEJKBA_00191	0.0
ACBEJKBA_00193	0.0
ACBEJKBA_00194	0.0
ACBEJKBA_00195	0.522895675273
ACBEJKBA_00196	0.0
ACBEJKBA_00197	0.0
ACBEJKBA_00198	0.0
ACBEJKBA_00199	0.0
ACBEJKBA_00200	0.0
ACBEJKBA_00201	0.0
ACBEJKBA_00202	0.0
ACBEJKBA_00203	0.0
ACBEJKBA_00204	0.0
ACBEJKBA_00205	0.0
ACBEJKBA_00206	1.45683047673
ACBEJKBA_00207	0.0
ACBEJKBA_00208	0.0
ACBEJKBA_00209	7.79655482717
ACBEJKBA_00210	0.0
ACBEJKBA_00211	4.77676246453
ACBEJKBA_00212	1.72332385661
ACBEJKBA_00213	1.73212530634
ACBEJKBA_00214	0.0
ACBEJKBA_00215	1.15005132242
ACBEJKBA_00216	0.546399444147
ACBEJKBA_00217	0.862977442702
ACBEJKBA_00218	4.10344990904
ACBEJKBA_00219	0.0
ACBEJKBA_00220	0.0
ACBEJKBA_00221	0.0
ACBEJKBA_00222	0.0
ACBEJKBA_00223	0.0
ACBEJKBA_00224	0.0
ACBEJKBA_00225	1.05065097578
ACBEJKBA_00226	0.625276797533
ACBEJKBA_00227	0.0
ACBEJKBA_00228	0.0
ACBEJKBA_00229	0.0
ACBEJKBA_00230	0.982189791433
ACBEJKBA_00231	0.482707280077
ACBEJKBA_00232	0.0
ACBEJKBA_00233	4.01242395719
ACBEJKBA_00234	0.0
ACBEJKBA_00235	0.0
ACBEJKBA_00236	0.0
ACBEJKBA_00237	0.0
ACBEJKBA_00238	0.0
ACBEJKBA_00239	0.0
ACBEJKBA_00240	0.0
ACBEJKBA_00241	0.0
ACBEJKBA_00242	0.0
ACBEJKBA_00243	0.0
ACBEJKBA_00244	0.0
ACBEJKBA_00245	0.0
ACBEJKBA_00246	0.0
ACBEJKBA_00247	0.0
ACBEJKBA_00248	0.0
ACBEJKBA_00249	0.0
ACBEJKBA_00250	0.0
ACBEJKBA_00251	8.03673305644
ACBEJKBA_00252	0.0
ACBEJKBA_00253	0.0
ACBEJKBA_00255	0.0
ACBEJKBA_00256	1.65519831616
ACBEJKBA_00257	0.0
ACBEJKBA_00258	0.0
ACBEJKBA_00259	0.0
ACBEJKBA_00260	0.0
ACBEJKBA_00261	0.838028502549
ACBEJKBA_00262	0.0
ACBEJKBA_00263	0.0
ACBEJKBA_00264	0.0
ACBEJKBA_00265	0.0
ACBEJKBA_00266	0.0
ACBEJKBA_00267	0.0
ACBEJKBA_00268	0.0
ACBEJKBA_00269	0.0
ACBEJKBA_00270	0.0
ACBEJKBA_00271	0.0
ACBEJKBA_00272	0.0
ACBEJKBA_00273	1.48165196584
ACBEJKBA_00274	0.0
ACBEJKBA_00275	0.0
ACBEJKBA_00276	0.0
ACBEJKBA_00277	0.0
ACBEJKBA_00278	0.0
ACBEJKBA_00279	0.0
ACBEJKBA_00280	0.0
ACBEJKBA_00281	0.769571443117
ACBEJKBA_00282	5.7000022686
ACBEJKBA_00283	0.0
ACBEJKBA_00284	0.0
ACBEJKBA_00285	0.0
ACBEJKBA_00286	3.56624747615
ACBEJKBA_00287	1.37196656546
ACBEJKBA_00288	21.2500084575
ACBEJKBA_00289	0.0
ACBEJKBA_00290	0.0
ACBEJKBA_00291	0.0
ACBEJKBA_00292	0.0
ACBEJKBA_00293	0.0
ACBEJKBA_00294	0.0
ACBEJKBA_00295	0.0
ACBEJKBA_00296	17.1524206198
ACBEJKBA_00297	0.0
ACBEJKBA_00298	0.0
ACBEJKBA_00299	5.89826321707
ACBEJKBA_00300	3.04717102409
ACBEJKBA_00301	0.0
ACBEJKBA_00302	0.0
ACBEJKBA_00303	0.0
ACBEJKBA_00304	0.0
ACBEJKBA_00305	0.0
ACBEJKBA_00306	0.0
ACBEJKBA_00307	0.0
ACBEJKBA_00308	0.0
ACBEJKBA_00309	0.0
ACBEJKBA_00310	0.0
ACBEJKBA_00311	0.0
ACBEJKBA_00312	0.0
ACBEJKBA_00313	0.0
ACBEJKBA_00314	0.0
ACBEJKBA_00315	0.0
ACBEJKBA_00316	0.0
ACBEJKBA_00317	0.0
ACBEJKBA_00318	0.0
ACBEJKBA_00319	0.0
ACBEJKBA_00320	0.0
ACBEJKBA_00321	1.36204873487
ACBEJKBA_00322	0.0
ACBEJKBA_00323	0.0
ACBEJKBA_00324	1.14307426687
ACBEJKBA_00325	0.539360901689
ACBEJKBA_00326	0.0
ACBEJKBA_00327	0.940516181314
ACBEJKBA_00328	0.0
ACBEJKBA_00329	0.891561869037
ACBEJKBA_00330	0.360721266732
ACBEJKBA_00331	0.0
ACBEJKBA_00332	0.0
ACBEJKBA_00333	0.0
ACBEJKBA_00334	0.0
ACBEJKBA_00335	0.0
ACBEJKBA_00336	0.0
ACBEJKBA_00337	0.0
ACBEJKBA_00338	1.05065097578
ACBEJKBA_00339	0.0
ACBEJKBA_00341	0.0
ACBEJKBA_00342	0.0
ACBEJKBA_00343	0.477205761899
ACBEJKBA_00344	0.0
ACBEJKBA_00345	29.3213373183
ACBEJKBA_00346	17.4819657207
ACBEJKBA_00347	0.0
ACBEJKBA_00348	0.590956847851
ACBEJKBA_00350	0.0
ACBEJKBA_00351	0.0
ACBEJKBA_00352	0.0
ACBEJKBA_00353	0.0
ACBEJKBA_00354	0.0
ACBEJKBA_00355	0.0
ACBEJKBA_00356	0.0
ACBEJKBA_00357	0.0
ACBEJKBA_00358	0.0
ACBEJKBA_00359	0.0
ACBEJKBA_00360	0.0
ACBEJKBA_00361	0.0
ACBEJKBA_00362	1.0031059893
ACBEJKBA_00363	0.0
ACBEJKBA_00364	0.0
ACBEJKBA_00365	0.0
ACBEJKBA_00366	0.0
ACBEJKBA_00367	0.0
ACBEJKBA_00368	2.09093794687
ACBEJKBA_00369	2.51781837403
ACBEJKBA_00370	0.0
ACBEJKBA_00371	0.0
ACBEJKBA_00372	0.0
ACBEJKBA_00373	0.0
ACBEJKBA_00374	0.0
ACBEJKBA_00375	0.0
ACBEJKBA_00376	0.0
ACBEJKBA_00377	0.0
ACBEJKBA_00378	0.0
ACBEJKBA_00379	0.0
ACBEJKBA_00380	0.0
ACBEJKBA_00381	1.06250042288
ACBEJKBA_00382	0.0
ACBEJKBA_00383	0.0
ACBEJKBA_00384	0.0
ACBEJKBA_00385	0.0
ACBEJKBA_00386	0.0
ACBEJKBA_00387	0.0
ACBEJKBA_00388	0.0
ACBEJKBA_00389	0.0
ACBEJKBA_00390	13.8711711649
ACBEJKBA_00391	0.0
ACBEJKBA_00392	0.0
ACBEJKBA_00393	0.0
ACBEJKBA_00394	0.938174647252
ACBEJKBA_00395	0.0
ACBEJKBA_00397	0.0
ACBEJKBA_00398	0.0
ACBEJKBA_00399	23.1238728397
ACBEJKBA_00400	0.0
ACBEJKBA_00401	0.0
ACBEJKBA_00402	0.0
ACBEJKBA_00404	0.0
ACBEJKBA_00405	1.81810944024
ACBEJKBA_00406	0.0
ACBEJKBA_00407	0.0
ACBEJKBA_00408	0.0
ACBEJKBA_00409	0.0
ACBEJKBA_00410	1.31453540691
ACBEJKBA_00411	0.0
ACBEJKBA_00412	0.0
ACBEJKBA_00413	0.651209936601
ACBEJKBA_00414	0.0
ACBEJKBA_00415	1.12180644995
ACBEJKBA_00416	0.0
ACBEJKBA_00417	0.0
ACBEJKBA_00418	0.0
ACBEJKBA_00419	0.0
ACBEJKBA_00420	0.0
ACBEJKBA_00421	0.0
ACBEJKBA_00422	0.0
ACBEJKBA_00423	0.0
ACBEJKBA_00424	0.0
ACBEJKBA_00425	0.0
ACBEJKBA_00426	0.0
ACBEJKBA_00427	0.0
ACBEJKBA_00428	0.0
ACBEJKBA_00429	0.0
ACBEJKBA_00430	0.0
ACBEJKBA_00431	0.0
ACBEJKBA_00432	0.0
ACBEJKBA_00433	3.07201209223
ACBEJKBA_00434	2.91742051597
ACBEJKBA_00435	0.0
ACBEJKBA_00436	0.0
ACBEJKBA_00437	0.0
ACBEJKBA_00438	0.757200569283
ACBEJKBA_00439	0.0
ACBEJKBA_00440	1.2853899374
ACBEJKBA_00441	1.06785306984
ACBEJKBA_00442	0.0
ACBEJKBA_00443	17.9070517289
ACBEJKBA_00444	0.843657052193
ACBEJKBA_00445	0.0
ACBEJKBA_00446	0.0
ACBEJKBA_00447	0.0
ACBEJKBA_00448	0.0
ACBEJKBA_00449	0.0
ACBEJKBA_00450	0.0
ACBEJKBA_00451	0.0
ACBEJKBA_00452	0.0
ACBEJKBA_00453	0.77114628236
ACBEJKBA_00454	0.0
ACBEJKBA_00455	0.0
ACBEJKBA_00456	0.0
ACBEJKBA_00457	0.0
ACBEJKBA_00458	0.0
ACBEJKBA_00459	0.0
ACBEJKBA_00460	0.0
ACBEJKBA_00461	0.0
ACBEJKBA_00462	0.0
ACBEJKBA_00463	0.0
ACBEJKBA_00464	0.0
ACBEJKBA_00465	0.0
ACBEJKBA_00466	0.0
ACBEJKBA_00467	0.0
ACBEJKBA_00468	5.48786626184
ACBEJKBA_00469	0.0
ACBEJKBA_00470	0.0
ACBEJKBA_00471	0.0
ACBEJKBA_00472	0.0
ACBEJKBA_00473	5.32179095466
ACBEJKBA_00474	0.0
ACBEJKBA_00475	0.0
ACBEJKBA_00476	0.0
ACBEJKBA_00477	0.0
ACBEJKBA_00478	0.0
ACBEJKBA_00479	0.0
ACBEJKBA_00480	0.0
ACBEJKBA_00481	0.0
ACBEJKBA_00482	0.0
ACBEJKBA_00483	0.0
ACBEJKBA_00484	0.0
ACBEJKBA_00485	0.0
ACBEJKBA_00486	0.0
ACBEJKBA_00487	8.90157834598
ACBEJKBA_00488	1.0448248151
ACBEJKBA_00489	0.0
ACBEJKBA_00490	0.0
ACBEJKBA_00491	0.0
ACBEJKBA_00492	0.0
ACBEJKBA_00493	0.380383731473
ACBEJKBA_00494	0.0
ACBEJKBA_00495	0.0
ACBEJKBA_00496	0.0
ACBEJKBA_00497	0.0
ACBEJKBA_00498	0.0
ACBEJKBA_00499	0.0
ACBEJKBA_00500	0.0
ACBEJKBA_00501	0.0
ACBEJKBA_00502	0.0
ACBEJKBA_00503	0.0
ACBEJKBA_00504	0.0
ACBEJKBA_00505	0.0
ACBEJKBA_00506	0.0
ACBEJKBA_00507	0.0
ACBEJKBA_00508	0.0
ACBEJKBA_00509	1.03336421384
ACBEJKBA_00510	0.0
ACBEJKBA_00511	0.0
ACBEJKBA_00512	0.0
ACBEJKBA_00513	0.15911336382
ACBEJKBA_00514	1.55288523343
ACBEJKBA_00515	1.14693992216
ACBEJKBA_00516	0.0
ACBEJKBA_00517	0.0
ACBEJKBA_00518	2.05545536353
ACBEJKBA_00519	0.0
ACBEJKBA_00520	1.21690037668
ACBEJKBA_00521	0.0
ACBEJKBA_00522	0.0
ACBEJKBA_00523	0.0
ACBEJKBA_00524	0.0
ACBEJKBA_00525	0.0
ACBEJKBA_00526	0.0
ACBEJKBA_00527	0.0
ACBEJKBA_00528	0.0
ACBEJKBA_00529	0.0
ACBEJKBA_00530	0.0
ACBEJKBA_00531	0.0
ACBEJKBA_00532	0.0
ACBEJKBA_00533	0.68184586848
ACBEJKBA_00535	0.0
ACBEJKBA_00536	0.0
ACBEJKBA_00537	0.0
ACBEJKBA_00538	0.503339470142
ACBEJKBA_00539	0.0
ACBEJKBA_00540	0.0
ACBEJKBA_00541	0.0
ACBEJKBA_00542	0.0
ACBEJKBA_00543	0.0
ACBEJKBA_00544	0.315958761861
ACBEJKBA_00545	0.0
ACBEJKBA_00546	0.327491439727
ACBEJKBA_00547	0.0
ACBEJKBA_00548	0.0
ACBEJKBA_00549	0.0
ACBEJKBA_00550	0.0
ACBEJKBA_00551	0.0
ACBEJKBA_00552	0.0
ACBEJKBA_00553	0.0
ACBEJKBA_00554	0.0
ACBEJKBA_00555	0.0
ACBEJKBA_00556	0.0
ACBEJKBA_00557	0.0
ACBEJKBA_00558	0.0
ACBEJKBA_00559	0.0
ACBEJKBA_00560	1.83920897496
ACBEJKBA_00561	0.0
ACBEJKBA_00562	0.0
ACBEJKBA_00563	0.0
ACBEJKBA_00564	0.0
ACBEJKBA_00565	0.399752634349
ACBEJKBA_00566	0.0
ACBEJKBA_00567	0.806348395106
ACBEJKBA_00568	0.559376768896
ACBEJKBA_00569	0.0
ACBEJKBA_00570	0.0
ACBEJKBA_00571	0.0
ACBEJKBA_00572	1.38259329385
ACBEJKBA_00573	0.0
ACBEJKBA_00574	0.0
ACBEJKBA_00575	0.0
ACBEJKBA_00576	0.0
ACBEJKBA_00577	0.853207886747
ACBEJKBA_00579	5.33254929217
ACBEJKBA_00580	0.0
ACBEJKBA_00581	0.0
ACBEJKBA_00582	0.0
ACBEJKBA_00583	0.0
ACBEJKBA_00586	0.0
ACBEJKBA_00587	0.0
ACBEJKBA_00588	0.0
ACBEJKBA_00589	0.0
ACBEJKBA_00590	0.0
ACBEJKBA_00591	0.0
ACBEJKBA_00592	0.0
ACBEJKBA_00593	2.83688946032
ACBEJKBA_00594	1.27022522465
ACBEJKBA_00595	1.05065097578
ACBEJKBA_00596	0.0
ACBEJKBA_00597	0.0
ACBEJKBA_00598	0.0
ACBEJKBA_00599	0.0
ACBEJKBA_00600	1.33235173829
ACBEJKBA_00601	0.0
ACBEJKBA_00602	0.0
ACBEJKBA_00603	0.0
ACBEJKBA_00604	10.6400042347
ACBEJKBA_00605	0.0
ACBEJKBA_00606	0.0
ACBEJKBA_00607	0.0
ACBEJKBA_00608	0.0
ACBEJKBA_00609	0.0
ACBEJKBA_00611	0.0
ACBEJKBA_00612	0.0
ACBEJKBA_00613	0.0
ACBEJKBA_00614	0.0
ACBEJKBA_00615	6.93558558245
ACBEJKBA_00616	0.0
ACBEJKBA_00617	0.845550074749
ACBEJKBA_00618	0.0
ACBEJKBA_00619	0.0
ACBEJKBA_00620	0.0
ACBEJKBA_00621	0.0
ACBEJKBA_00622	0.0
ACBEJKBA_00623	1.21341729868
ACBEJKBA_00624	1.27022522465
ACBEJKBA_00625	8.03673305644
ACBEJKBA_00626	0.0
ACBEJKBA_00627	0.0
ACBEJKBA_00628	0.0
ACBEJKBA_00629	0.0
ACBEJKBA_00630	0.0
ACBEJKBA_00631	0.0
ACBEJKBA_00632	0.0
ACBEJKBA_00633	0.0
ACBEJKBA_00634	0.249944826429
ACBEJKBA_00635	0.0
ACBEJKBA_00636	0.0
ACBEJKBA_00637	0.0
ACBEJKBA_00638	0.0
ACBEJKBA_00639	1.34743796179
ACBEJKBA_00640	0.0
ACBEJKBA_00641	0.0
ACBEJKBA_00642	0.0
ACBEJKBA_00643	1.89681283547
ACBEJKBA_00644	0.0
ACBEJKBA_00645	0.0
ACBEJKBA_00646	0.0
ACBEJKBA_00647	0.0
ACBEJKBA_00648	0.0
ACBEJKBA_00649	0.0
ACBEJKBA_00650	0.654603618957
ACBEJKBA_00651	0.0
ACBEJKBA_00652	0.0
ACBEJKBA_00653	0.0
ACBEJKBA_00654	0.0
ACBEJKBA_00655	0.0
ACBEJKBA_00656	0.0
ACBEJKBA_00657	0.0
ACBEJKBA_00658	0.0
ACBEJKBA_00659	0.0
ACBEJKBA_00660	0.0
ACBEJKBA_00661	4.20260390312
ACBEJKBA_00662	0.0
ACBEJKBA_00663	0.0
ACBEJKBA_00664	0.0
ACBEJKBA_00665	0.0
ACBEJKBA_00666	0.0
ACBEJKBA_00667	0.0
ACBEJKBA_00668	0.0
ACBEJKBA_00669	0.0
ACBEJKBA_00670	5.85751528466
ACBEJKBA_00671	0.0
ACBEJKBA_00672	0.0
ACBEJKBA_00673	1.6847994783
ACBEJKBA_00674	0.0
ACBEJKBA_00675	0.0
ACBEJKBA_00676	0.0
ACBEJKBA_00677	0.0
ACBEJKBA_00679	0.0
ACBEJKBA_00680	2.32135616004
ACBEJKBA_00681	0.0
ACBEJKBA_00682	0.0
ACBEJKBA_00683	0.0
ACBEJKBA_00684	0.0
ACBEJKBA_00685	0.0
ACBEJKBA_00686	2.99470317865
ACBEJKBA_00687	0.0
ACBEJKBA_00688	5.05590541118
ACBEJKBA_00689	0.0
ACBEJKBA_00690	0.0
ACBEJKBA_00691	0.0
ACBEJKBA_00692	0.0
ACBEJKBA_00693	0.0
ACBEJKBA_00694	0.0
ACBEJKBA_00695	0.0
ACBEJKBA_00696	0.0
ACBEJKBA_00697	0.0
ACBEJKBA_00698	0.0
ACBEJKBA_00699	0.0
ACBEJKBA_00700	1.25055359507
ACBEJKBA_00701	0.0
ACBEJKBA_00702	1.33313732304
ACBEJKBA_00703	0.0
ACBEJKBA_00704	0.0
ACBEJKBA_00705	0.0
ACBEJKBA_00706	4.50039988033
ACBEJKBA_00707	4.10096898406
ACBEJKBA_00708	0.0
ACBEJKBA_00709	0.0
ACBEJKBA_00710	0.0
ACBEJKBA_00711	0.0
ACBEJKBA_00712	0.0
ACBEJKBA_00713	2.21884288506
ACBEJKBA_00714	0.0
ACBEJKBA_00715	1.07769346991
ACBEJKBA_00716	0.0
ACBEJKBA_00717	5.43509831702
ACBEJKBA_00718	0.0
ACBEJKBA_00719	0.0
ACBEJKBA_00720	0.0
ACBEJKBA_00721	0.0
ACBEJKBA_00722	0.0
ACBEJKBA_00723	0.0
ACBEJKBA_00724	0.0
ACBEJKBA_00725	0.0
ACBEJKBA_00726	0.0
ACBEJKBA_00727	0.0
ACBEJKBA_00728	0.0
ACBEJKBA_00729	0.0
ACBEJKBA_00730	0.0
ACBEJKBA_00731	0.0
ACBEJKBA_00732	2.66627464608
ACBEJKBA_00733	0.0
ACBEJKBA_00734	0.0
ACBEJKBA_00735	0.0
ACBEJKBA_00736	0.0
ACBEJKBA_00737	2.05172495452
ACBEJKBA_00738	0.0
ACBEJKBA_00739	0.0
ACBEJKBA_00740	0.0
ACBEJKBA_00741	0.0
ACBEJKBA_00742	0.0
ACBEJKBA_00743	2.28614853375
ACBEJKBA_00744	1.12599646408
ACBEJKBA_00745	0.0
ACBEJKBA_00746	0.0
ACBEJKBA_00747	0.0
ACBEJKBA_00748	1.54651224342
ACBEJKBA_00749	0.0
ACBEJKBA_00750	0.0
ACBEJKBA_00751	0.0
ACBEJKBA_00752	0.0
ACBEJKBA_00753	0.881138308604
ACBEJKBA_00754	0.0
ACBEJKBA_00755	0.0
ACBEJKBA_00756	0.0
ACBEJKBA_00757	4.60176573924
ACBEJKBA_00758	0.0
ACBEJKBA_00759	4.79025614381
ACBEJKBA_00760	0.0
ACBEJKBA_00761	0.0
ACBEJKBA_00762	0.0
ACBEJKBA_00763	0.0
ACBEJKBA_00764	0.0
ACBEJKBA_00765	0.0
ACBEJKBA_00766	0.0
ACBEJKBA_00767	0.0
ACBEJKBA_00768	0.0
ACBEJKBA_00769	0.0
ACBEJKBA_00770	0.0
ACBEJKBA_00771	0.0
ACBEJKBA_00772	0.578261099713
ACBEJKBA_00773	0.0
ACBEJKBA_00774	0.0
ACBEJKBA_00775	0.0
ACBEJKBA_00776	0.0
ACBEJKBA_00777	0.0
ACBEJKBA_00778	0.0
ACBEJKBA_00779	1.5140631026
ACBEJKBA_00780	0.0
ACBEJKBA_00781	0.0
ACBEJKBA_00782	0.0
ACBEJKBA_00783	0.0
ACBEJKBA_00784	4.05681979643
ACBEJKBA_00785	2.44168563702
ACBEJKBA_00786	0.0
ACBEJKBA_00787	0.0
ACBEJKBA_00788	4.26201866141
ACBEJKBA_00789	0.0
ACBEJKBA_00791	0.0
ACBEJKBA_00792	0.0
ACBEJKBA_00793	0.0
ACBEJKBA_00794	0.0
ACBEJKBA_00795	0.0
ACBEJKBA_00796	0.0
ACBEJKBA_00797	0.0
ACBEJKBA_00798	0.0
ACBEJKBA_00799	0.0
ACBEJKBA_00800	0.0
ACBEJKBA_00801	0.0
ACBEJKBA_00802	0.0
ACBEJKBA_00803	0.0
ACBEJKBA_00804	0.0
ACBEJKBA_00805	0.0
ACBEJKBA_00806	0.0
ACBEJKBA_00807	1.06250042288
ACBEJKBA_00808	0.0
ACBEJKBA_00809	0.0
ACBEJKBA_00810	0.0
ACBEJKBA_00811	0.0
ACBEJKBA_00812	1.21298331539
ACBEJKBA_00813	0.0
ACBEJKBA_00814	0.0
ACBEJKBA_00815	0.0
ACBEJKBA_00816	4.24202795474
ACBEJKBA_00817	0.0
ACBEJKBA_00818	0.0
ACBEJKBA_00819	0.0
ACBEJKBA_00820	0.0
ACBEJKBA_00821	0.0
ACBEJKBA_00822	0.0
ACBEJKBA_00823	0.0
ACBEJKBA_00824	0.0
ACBEJKBA_00825	0.729355128993
ACBEJKBA_00826	0.0
ACBEJKBA_00827	0.0
ACBEJKBA_00828	0.0
ACBEJKBA_00829	0.0
ACBEJKBA_00830	0.0
ACBEJKBA_00831	0.0
ACBEJKBA_00832	0.0
ACBEJKBA_00833	0.834009922493
ACBEJKBA_00834	0.0
ACBEJKBA_00835	0.0
ACBEJKBA_00836	0.0
ACBEJKBA_00838	0.0
ACBEJKBA_00839	0.0
ACBEJKBA_00840	0.0
ACBEJKBA_00841	0.0
ACBEJKBA_00842	0.0
ACBEJKBA_00843	0.0
ACBEJKBA_00844	0.0
ACBEJKBA_00845	0.0
ACBEJKBA_00846	0.0
ACBEJKBA_00847	0.0
ACBEJKBA_00848	0.0
ACBEJKBA_00849	0.0
ACBEJKBA_00850	0.0
ACBEJKBA_00851	0.0
ACBEJKBA_00852	0.0
ACBEJKBA_00853	0.0
ACBEJKBA_00854	0.0
ACBEJKBA_00855	0.0
ACBEJKBA_00856	1.39138516916
ACBEJKBA_00857	1.06852594512
ACBEJKBA_00858	0.0
ACBEJKBA_00859	1.0849332533
ACBEJKBA_00860	0.0
ACBEJKBA_00861	0.0
ACBEJKBA_00862	3.26891696368
ACBEJKBA_00864	0.0
ACBEJKBA_00865	0.0
ACBEJKBA_00866	0.0
ACBEJKBA_00867	0.0
ACBEJKBA_00868	1.40260601729
ACBEJKBA_00869	0.0
ACBEJKBA_00870	1.92918165519
ACBEJKBA_00871	0.0
ACBEJKBA_00872	0.0
ACBEJKBA_00873	0.0
ACBEJKBA_00874	0.0
ACBEJKBA_00876	0.0
ACBEJKBA_00877	0.0
ACBEJKBA_00878	0.0
ACBEJKBA_00879	0.0
ACBEJKBA_00880	0.945234489916
ACBEJKBA_00881	0.0
ACBEJKBA_00882	0.0
ACBEJKBA_00883	0.618097566943
ACBEJKBA_00884	0.0
ACBEJKBA_00885	0.0
ACBEJKBA_00886	1.00044287605
ACBEJKBA_00887	0.0
ACBEJKBA_00888	1.06550466535
ACBEJKBA_00889	3.0916147218
ACBEJKBA_00890	0.0
ACBEJKBA_00891	0.0
ACBEJKBA_00892	0.517865529061
ACBEJKBA_00893	2.0717784666
ACBEJKBA_00894	0.0
ACBEJKBA_00895	0.0
ACBEJKBA_00896	0.0
ACBEJKBA_00897	0.0
ACBEJKBA_00898	1.33313732304
ACBEJKBA_00899	0.0
ACBEJKBA_00900	0.0
ACBEJKBA_00901	0.0
ACBEJKBA_00902	0.0
ACBEJKBA_00903	0.0
ACBEJKBA_00904	0.0
ACBEJKBA_00905	0.0
ACBEJKBA_00906	0.0
ACBEJKBA_00907	0.0
ACBEJKBA_00908	0.0
ACBEJKBA_00909	0.0
ACBEJKBA_00910	0.0
ACBEJKBA_00911	0.943656469064
ACBEJKBA_00913	5.40909306191
ACBEJKBA_00914	12.1821169174
ACBEJKBA_00915	3.04717102409
ACBEJKBA_00916	1.06550466535
ACBEJKBA_00917	2.10241847757
ACBEJKBA_00918	5.90339660543
ACBEJKBA_00919	2.19514650474
ACBEJKBA_00920	0.0
ACBEJKBA_00921	8.03673305644
ACBEJKBA_00922	0.0
ACBEJKBA_00923	0.0
ACBEJKBA_00925	0.0
ACBEJKBA_00926	0.0
ACBEJKBA_00927	0.0
ACBEJKBA_00928	0.0
ACBEJKBA_00929	0.0
ACBEJKBA_00930	0.0
ACBEJKBA_00931	0.0
ACBEJKBA_00932	0.0
ACBEJKBA_00933	0.0
ACBEJKBA_00934	0.0
ACBEJKBA_00935	0.0
ACBEJKBA_00936	0.0
ACBEJKBA_00937	0.0
ACBEJKBA_00938	0.0
ACBEJKBA_00939	0.0
ACBEJKBA_00940	0.0
ACBEJKBA_00941	0.0
ACBEJKBA_00942	0.0
ACBEJKBA_00943	0.0
ACBEJKBA_00944	0.0
ACBEJKBA_00945	0.0
ACBEJKBA_00946	0.0
ACBEJKBA_00947	0.484569417034
ACBEJKBA_00948	0.0
ACBEJKBA_00949	0.825182810175
ACBEJKBA_00950	0.0
ACBEJKBA_00951	1.99031769355
ACBEJKBA_00952	0.0
ACBEJKBA_00953	1.07462019956
ACBEJKBA_00954	0.0
ACBEJKBA_00955	0.0
ACBEJKBA_00956	0.0
ACBEJKBA_00957	0.0
ACBEJKBA_00958	0.0
ACBEJKBA_00959	0.0
ACBEJKBA_00960	0.0
ACBEJKBA_00961	0.0
ACBEJKBA_00962	0.579149820666
ACBEJKBA_00963	0.0
ACBEJKBA_00964	0.0
ACBEJKBA_00965	0.0
ACBEJKBA_00966	0.314639702182
ACBEJKBA_00967	0.0
ACBEJKBA_00968	0.0
ACBEJKBA_00969	0.0
ACBEJKBA_00970	2.58400102843
ACBEJKBA_00971	0.0
ACBEJKBA_00972	0.0
ACBEJKBA_00973	0.0
ACBEJKBA_00974	0.0
ACBEJKBA_00975	0.0
ACBEJKBA_00976	0.0
ACBEJKBA_00977	0.0
ACBEJKBA_00978	0.0
ACBEJKBA_00979	1.85024623558
ACBEJKBA_00980	0.0
ACBEJKBA_00981	0.0
ACBEJKBA_00982	1.42559955856
ACBEJKBA_00983	0.43682397602
ACBEJKBA_00984	0.0
ACBEJKBA_00985	0.0
ACBEJKBA_00986	2.77764238314
ACBEJKBA_00987	0.0
ACBEJKBA_00988	0.0
ACBEJKBA_00989	0.0
ACBEJKBA_00990	0.0
ACBEJKBA_00991	0.802912251377
ACBEJKBA_00992	0.0
ACBEJKBA_00993	0.0
ACBEJKBA_00994	0.0
ACBEJKBA_00995	0.0
ACBEJKBA_00996	1.66250066168
ACBEJKBA_00997	0.0
ACBEJKBA_00998	0.0
ACBEJKBA_00999	0.0
ACBEJKBA_01000	17.698637181
ACBEJKBA_01001	0.0
ACBEJKBA_01002	0.0
ACBEJKBA_01003	0.0
ACBEJKBA_01004	0.0
ACBEJKBA_01005	0.0
ACBEJKBA_01006	0.0
ACBEJKBA_01007	0.0
ACBEJKBA_01008	1.15711407363
ACBEJKBA_01009	0.0
ACBEJKBA_01010	0.0
ACBEJKBA_01011	0.0
ACBEJKBA_01012	0.0
ACBEJKBA_01013	0.0
ACBEJKBA_01014	0.0
ACBEJKBA_01015	0.0
ACBEJKBA_01016	0.627358740255
ACBEJKBA_01017	0.0
ACBEJKBA_01018	0.0
ACBEJKBA_01019	0.0
ACBEJKBA_01020	0.0
ACBEJKBA_01021	0.0
ACBEJKBA_01022	2.19585713811
ACBEJKBA_01023	0.0
ACBEJKBA_01024	0.0
ACBEJKBA_01025	3.25012108272
ACBEJKBA_01026	0.0
ACBEJKBA_01027	0.0
ACBEJKBA_01028	1.85937574003
ACBEJKBA_01029	0.0
ACBEJKBA_01030	0.0
ACBEJKBA_01031	0.0
ACBEJKBA_01032	0.0
ACBEJKBA_01033	0.0
ACBEJKBA_01034	0.0
ACBEJKBA_01035	0.0
ACBEJKBA_01036	0.0
ACBEJKBA_01037	0.0
ACBEJKBA_01038	0.0
ACBEJKBA_01039	0.0
ACBEJKBA_01040	1.37697984158
ACBEJKBA_01041	0.0
ACBEJKBA_01042	1.44565274928
ACBEJKBA_01043	0.910959266671
ACBEJKBA_01044	2.04061453058
ACBEJKBA_01045	0.0
ACBEJKBA_01046	0.774315376671
ACBEJKBA_01047	0.0
ACBEJKBA_01048	1.88731293813
ACBEJKBA_01049	0.0
ACBEJKBA_01050	0.0
ACBEJKBA_01051	0.0
ACBEJKBA_01052	0.0
ACBEJKBA_01053	12.5810860884
ACBEJKBA_01054	0.0
ACBEJKBA_01055	0.0
ACBEJKBA_01056	0.0
ACBEJKBA_01057	0.0
ACBEJKBA_01058	1.88103236263
ACBEJKBA_01059	0.0
ACBEJKBA_01060	0.0
ACBEJKBA_01061	0.0
ACBEJKBA_01062	0.0
ACBEJKBA_01063	0.0
ACBEJKBA_01064	0.0
ACBEJKBA_01065	0.0
ACBEJKBA_01066	0.0
ACBEJKBA_01067	0.0
ACBEJKBA_01068	0.0
ACBEJKBA_01069	0.0
ACBEJKBA_01070	0.0
ACBEJKBA_01071	0.0
ACBEJKBA_01072	0.0
ACBEJKBA_01073	0.0
ACBEJKBA_01074	0.0
ACBEJKBA_01075	0.0
ACBEJKBA_01078	0.797249964696
ACBEJKBA_01079	0.0
ACBEJKBA_01080	0.0
ACBEJKBA_01081	4.44204498994
ACBEJKBA_01082	0.0
ACBEJKBA_01083	0.0
ACBEJKBA_01087	0.0
ACBEJKBA_01088	0.670124748037
ACBEJKBA_01089	0.0
ACBEJKBA_01090	0.0
ACBEJKBA_01091	0.0
ACBEJKBA_01092	0.0
ACBEJKBA_01093	0.0
ACBEJKBA_01094	0.0
ACBEJKBA_01095	0.0
ACBEJKBA_01096	0.0
ACBEJKBA_01097	0.0
ACBEJKBA_01098	0.0
ACBEJKBA_01099	0.0
ACBEJKBA_01100	0.0
ACBEJKBA_01101	0.0
ACBEJKBA_01102	0.0
ACBEJKBA_01103	1.86295048054
ACBEJKBA_01104	1.26524952427
ACBEJKBA_01105	0.0
ACBEJKBA_01106	0.0
ACBEJKBA_01107	0.0
ACBEJKBA_01108	0.0
ACBEJKBA_01109	0.0
ACBEJKBA_01110	0.0
ACBEJKBA_01111	0.0
ACBEJKBA_01112	0.0
ACBEJKBA_01113	0.0
ACBEJKBA_01114	0.904400359951
ACBEJKBA_01115	0.0
ACBEJKBA_01116	0.787256580738
ACBEJKBA_01117	0.0
ACBEJKBA_01118	0.0
ACBEJKBA_01119	0.0
ACBEJKBA_01120	0.0
ACBEJKBA_01121	0.0
ACBEJKBA_01122	2.44829550609
ACBEJKBA_01123	0.0
ACBEJKBA_01124	0.0
ACBEJKBA_01125	0.549586995595
ACBEJKBA_01126	0.0
ACBEJKBA_01127	0.0
ACBEJKBA_01130	0.0
ACBEJKBA_01131	0.756862608752
ACBEJKBA_01132	0.0
ACBEJKBA_01133	0.0
ACBEJKBA_01134	2.28846244927
ACBEJKBA_01135	0.0
ACBEJKBA_01136	0.0
ACBEJKBA_01137	0.0
ACBEJKBA_01138	0.0
ACBEJKBA_01139	0.0
ACBEJKBA_01140	0.407975622497
ACBEJKBA_01141	0.0
ACBEJKBA_01142	0.763335887873
ACBEJKBA_01143	0.0
ACBEJKBA_01144	0.0
ACBEJKBA_01145	2.33574473128
ACBEJKBA_01146	0.0
ACBEJKBA_01147	0.0
ACBEJKBA_01148	3.64677564497
ACBEJKBA_01149	0.0
ACBEJKBA_01150	0.0
ACBEJKBA_01151	2.64135619145
ACBEJKBA_01152	0.0
ACBEJKBA_01153	0.0
ACBEJKBA_01154	0.0
ACBEJKBA_01155	0.0
ACBEJKBA_01156	0.0
ACBEJKBA_01157	0.0
ACBEJKBA_01158	0.0
ACBEJKBA_01159	0.0
ACBEJKBA_01160	0.0
ACBEJKBA_01161	0.0
ACBEJKBA_01162	0.0
ACBEJKBA_01163	0.0
ACBEJKBA_01164	0.0
ACBEJKBA_01165	0.0
ACBEJKBA_01166	0.0
ACBEJKBA_01167	4.01598738877
ACBEJKBA_01168	0.0
ACBEJKBA_01169	0.0
ACBEJKBA_01170	0.0
ACBEJKBA_01171	0.0
ACBEJKBA_01172	0.0
ACBEJKBA_01173	0.0
ACBEJKBA_01174	8.31250330838
ACBEJKBA_01175	5.25814162762
ACBEJKBA_01176	0.0
ACBEJKBA_01177	0.0
ACBEJKBA_01178	0.0
ACBEJKBA_01179	0.0
ACBEJKBA_01180	0.0
ACBEJKBA_01181	0.401456125689
ACBEJKBA_01182	0.0
ACBEJKBA_01183	0.50133057647
ACBEJKBA_01184	0.0
ACBEJKBA_01185	0.0
ACBEJKBA_01186	0.0
ACBEJKBA_01187	0.0
ACBEJKBA_01188	0.0
ACBEJKBA_01189	0.0
ACBEJKBA_01190	2.93636480504
ACBEJKBA_01191	2.28537826807
ACBEJKBA_01192	0.0
ACBEJKBA_01193	0.0
ACBEJKBA_01194	0.969554416757
ACBEJKBA_01195	2.81394013675
ACBEJKBA_01196	0.0
ACBEJKBA_01197	0.0
ACBEJKBA_01198	0.0
ACBEJKBA_01199	0.0
ACBEJKBA_01200	0.0
ACBEJKBA_01201	0.0
ACBEJKBA_01202	0.0
ACBEJKBA_01203	0.0
ACBEJKBA_01204	3.07201209223
ACBEJKBA_01205	0.0
ACBEJKBA_01206	0.0
ACBEJKBA_01207	0.0
ACBEJKBA_01208	7.79655482717
ACBEJKBA_01209	9.01073320001
ACBEJKBA_01210	9.29178452005
ACBEJKBA_01211	0.0
ACBEJKBA_01212	0.0
ACBEJKBA_01213	0.0
ACBEJKBA_01214	0.0
ACBEJKBA_01215	1.11269729325
ACBEJKBA_01216	0.0
ACBEJKBA_01217	0.0
ACBEJKBA_01218	0.0
ACBEJKBA_01219	0.0
ACBEJKBA_01220	0.0
ACBEJKBA_01221	0.0
ACBEJKBA_01222	7.07826757565
ACBEJKBA_01223	0.0
ACBEJKBA_01224	0.0
ACBEJKBA_01225	0.0
ACBEJKBA_01226	0.0
ACBEJKBA_01227	0.0
ACBEJKBA_01228	0.0
ACBEJKBA_01229	0.607143098786
ACBEJKBA_01230	0.0
ACBEJKBA_01231	0.0
ACBEJKBA_01232	0.0
ACBEJKBA_01233	5.25814162762
ACBEJKBA_01234	0.0
ACBEJKBA_01235	0.0
ACBEJKBA_01236	0.0
ACBEJKBA_01237	0.0
ACBEJKBA_01238	2.07717124472
ACBEJKBA_01239	0.0
ACBEJKBA_01240	0.0
ACBEJKBA_01241	0.0
ACBEJKBA_01242	0.0
ACBEJKBA_01243	0.0
ACBEJKBA_01244	0.0
ACBEJKBA_01245	0.0
ACBEJKBA_01246	0.0
ACBEJKBA_01247	0.0
ACBEJKBA_01248	0.0
ACBEJKBA_01249	4.65705643641
ACBEJKBA_01250	0.0
ACBEJKBA_01251	0.0
ACBEJKBA_01252	1.99852760744
ACBEJKBA_01253	0.0
ACBEJKBA_01254	0.0
ACBEJKBA_01255	0.0
ACBEJKBA_01256	0.0
ACBEJKBA_01257	0.0
ACBEJKBA_01258	0.0
ACBEJKBA_01259	1.05951307398
ACBEJKBA_01260	0.0
ACBEJKBA_01261	0.918359423184
ACBEJKBA_01262	0.0
ACBEJKBA_01263	1.15005132242
ACBEJKBA_01264	0.0
ACBEJKBA_01265	0.0
ACBEJKBA_01266	0.0
ACBEJKBA_01272	0.0
ACBEJKBA_01273	0.0
ACBEJKBA_01274	2.33453887442
ACBEJKBA_01275	0.0
ACBEJKBA_01276	0.0
ACBEJKBA_01277	0.0
ACBEJKBA_01278	0.0
ACBEJKBA_01280	0.0
ACBEJKBA_01281	2.04875036234
ACBEJKBA_01282	0.0
ACBEJKBA_01283	0.0
ACBEJKBA_01284	0.0
ACBEJKBA_01285	0.0
ACBEJKBA_01286	0.0
ACBEJKBA_01287	0.0
ACBEJKBA_01288	0.0
ACBEJKBA_01289	0.0
ACBEJKBA_01290	0.0
ACBEJKBA_01291	1.64078439759
ACBEJKBA_01292	0.0
ACBEJKBA_01293	0.0
ACBEJKBA_01294	0.0
ACBEJKBA_01295	0.0
ACBEJKBA_01296	0.0
ACBEJKBA_01297	0.0
ACBEJKBA_01298	0.0
ACBEJKBA_01299	0.0
ACBEJKBA_01300	0.0
ACBEJKBA_01301	0.0
ACBEJKBA_01302	0.0
ACBEJKBA_01303	0.0
ACBEJKBA_01304	0.0
ACBEJKBA_01305	0.0
ACBEJKBA_01306	0.0
ACBEJKBA_01307	0.0
ACBEJKBA_01308	0.0
ACBEJKBA_01309	0.0
ACBEJKBA_01310	7.81451923921
ACBEJKBA_01311	0.0
ACBEJKBA_01312	2.37250881414
ACBEJKBA_01313	0.0
ACBEJKBA_01314	0.0
ACBEJKBA_01315	2.3650637028
ACBEJKBA_01316	0.0
ACBEJKBA_01317	0.0
ACBEJKBA_01318	0.0
ACBEJKBA_01319	1.01118108224
ACBEJKBA_01320	3.70655885226
ACBEJKBA_01321	0.0
ACBEJKBA_01322	0.0
ACBEJKBA_01323	0.0
ACBEJKBA_01324	0.0
ACBEJKBA_01325	0.0
ACBEJKBA_01326	0.0
ACBEJKBA_01327	0.0
ACBEJKBA_01328	0.0
ACBEJKBA_01329	0.0
ACBEJKBA_01330	0.0
ACBEJKBA_01331	0.0
ACBEJKBA_01332	0.0
ACBEJKBA_01333	0.0
ACBEJKBA_01334	0.0
ACBEJKBA_01335	0.0
ACBEJKBA_01336	0.0
ACBEJKBA_01337	0.0
ACBEJKBA_01338	0.0
ACBEJKBA_01339	0.0
ACBEJKBA_01340	5.10383950311
ACBEJKBA_01341	0.0
ACBEJKBA_01342	0.0
ACBEJKBA_01343	1.5796466464
ACBEJKBA_01344	0.0
ACBEJKBA_01345	0.0
ACBEJKBA_01346	0.0
ACBEJKBA_01348	0.0
ACBEJKBA_01349	0.0
ACBEJKBA_01350	0.0
ACBEJKBA_01351	0.0
ACBEJKBA_01352	1.10292726823
ACBEJKBA_01353	0.0
ACBEJKBA_01354	0.0
ACBEJKBA_01355	0.0
ACBEJKBA_01356	0.0
ACBEJKBA_01357	1.80446999192
ACBEJKBA_01358	0.0
ACBEJKBA_01359	0.0
ACBEJKBA_01360	0.0
ACBEJKBA_01361	0.0
ACBEJKBA_01362	0.0
ACBEJKBA_01363	1.96608773902
ACBEJKBA_01364	0.0
ACBEJKBA_01365	0.0
ACBEJKBA_01366	0.0
ACBEJKBA_01367	0.0
ACBEJKBA_01368	0.0
ACBEJKBA_01369	0.0
ACBEJKBA_01370	0.0
ACBEJKBA_01371	0.0
ACBEJKBA_01372	0.0
ACBEJKBA_01373	1.82338782248
ACBEJKBA_01374	0.0
ACBEJKBA_01375	0.0
ACBEJKBA_01376	0.0
ACBEJKBA_01377	0.0
ACBEJKBA_01378	2.3675402093
ACBEJKBA_01379	0.0
ACBEJKBA_01380	0.0
ACBEJKBA_01381	0.870955662511
ACBEJKBA_01382	0.0
ACBEJKBA_01383	1.20522436028
ACBEJKBA_01384	1.48165196584
ACBEJKBA_01385	0.0
ACBEJKBA_01386	0.0
ACBEJKBA_01387	0.0
ACBEJKBA_01388	0.0
ACBEJKBA_01389	2.57126713405
ACBEJKBA_01390	0.0
ACBEJKBA_01391	0.964590827593
ACBEJKBA_01392	0.0
ACBEJKBA_01393	0.0
ACBEJKBA_01394	0.796127077422
ACBEJKBA_01395	0.0
ACBEJKBA_01396	1.59076048303
ACBEJKBA_01397	0.0
ACBEJKBA_01398	0.0
ACBEJKBA_01399	0.0
ACBEJKBA_01400	1.1354206059
ACBEJKBA_01401	0.0
ACBEJKBA_01402	0.0
ACBEJKBA_01403	0.0
ACBEJKBA_01404	0.0
ACBEJKBA_01405	0.0
ACBEJKBA_01406	0.0
ACBEJKBA_01407	0.0
ACBEJKBA_01408	0.0
ACBEJKBA_01409	0.0
ACBEJKBA_01410	0.0
ACBEJKBA_01411	0.0
ACBEJKBA_01412	0.0
ACBEJKBA_01413	0.0
ACBEJKBA_01414	0.0
ACBEJKBA_01415	0.836168971849
ACBEJKBA_01416	0.0
ACBEJKBA_01417	0.0
ACBEJKBA_01418	0.0
ACBEJKBA_01419	0.0
ACBEJKBA_01420	0.0
ACBEJKBA_01421	0.0
ACBEJKBA_01422	0.0
ACBEJKBA_01423	0.0
ACBEJKBA_01424	0.0
ACBEJKBA_01426	9.96035638713
ACBEJKBA_01427	0.0
ACBEJKBA_01428	4.14482291453
ACBEJKBA_01429	0.0
ACBEJKBA_01430	0.0
ACBEJKBA_01431	0.0
ACBEJKBA_01432	0.0
ACBEJKBA_01433	0.0
ACBEJKBA_01434	0.0
ACBEJKBA_01435	0.0
ACBEJKBA_01436	0.0
ACBEJKBA_01437	0.0
ACBEJKBA_01438	0.0
ACBEJKBA_01439	0.0
ACBEJKBA_01440	0.0
ACBEJKBA_01441	0.0
ACBEJKBA_01442	0.0
ACBEJKBA_01443	0.0
ACBEJKBA_01444	0.0
ACBEJKBA_01445	0.0
ACBEJKBA_01446	0.0
ACBEJKBA_01447	0.0
ACBEJKBA_01448	0.0
ACBEJKBA_01449	0.0
ACBEJKBA_01450	2.12101397737
ACBEJKBA_01451	0.0
ACBEJKBA_01452	0.0
ACBEJKBA_01453	1.61846879018
ACBEJKBA_01454	0.0
ACBEJKBA_01455	0.644527052417
ACBEJKBA_01456	1.34263711394
ACBEJKBA_01457	0.0
ACBEJKBA_01458	0.0
ACBEJKBA_01459	0.0
ACBEJKBA_01460	0.0
ACBEJKBA_01461	0.0
ACBEJKBA_01462	0.0
ACBEJKBA_01463	0.0
ACBEJKBA_01464	0.0
ACBEJKBA_01465	0.0
ACBEJKBA_01466	0.0
ACBEJKBA_01467	0.954814569205
ACBEJKBA_01468	0.0
ACBEJKBA_01469	0.0
ACBEJKBA_01470	0.0
ACBEJKBA_01471	0.0
ACBEJKBA_01472	0.0
ACBEJKBA_01473	1.94913870679
ACBEJKBA_01474	0.339897910385
ACBEJKBA_01476	0.0
ACBEJKBA_01477	0.0
ACBEJKBA_01478	0.0
ACBEJKBA_01479	0.0
ACBEJKBA_01480	0.0
ACBEJKBA_01481	0.0
ACBEJKBA_01482	3.23925630355
ACBEJKBA_01483	0.0
ACBEJKBA_01484	0.0
ACBEJKBA_01485	0.0
ACBEJKBA_01486	0.0
ACBEJKBA_01487	4.37049143018
ACBEJKBA_01488	2.69487592357
ACBEJKBA_01489	2.73199722073
ACBEJKBA_01490	0.0
ACBEJKBA_01491	0.0
ACBEJKBA_01492	0.0
ACBEJKBA_01493	0.0
ACBEJKBA_01494	0.0
ACBEJKBA_01495	0.0
ACBEJKBA_01496	0.0
ACBEJKBA_01497	0.0
ACBEJKBA_01498	0.0
ACBEJKBA_01499	1.14946664966
ACBEJKBA_01500	0.0
ACBEJKBA_01501	1.36369173696
ACBEJKBA_01502	0.0
ACBEJKBA_01503	0.595627212824
ACBEJKBA_01504	1.90640885319
ACBEJKBA_01505	1.28320141877
ACBEJKBA_01506	2.61993151782
ACBEJKBA_01507	0.0
ACBEJKBA_01508	0.0
ACBEJKBA_01509	0.0
ACBEJKBA_01510	5.6525022497
ACBEJKBA_01511	0.0
ACBEJKBA_01512	2.75284200472
ACBEJKBA_01513	0.0
ACBEJKBA_01514	0.0
ACBEJKBA_01515	0.0
ACBEJKBA_01516	0.962128042501
ACBEJKBA_01517	6.68935177479
ACBEJKBA_01518	0.0
ACBEJKBA_01519	0.729355128993
ACBEJKBA_01520	0.0
ACBEJKBA_01521	0.0
ACBEJKBA_01522	2.31659928266
ACBEJKBA_01523	0.0
ACBEJKBA_01524	0.0
ACBEJKBA_01525	0.0
ACBEJKBA_01526	0.0
ACBEJKBA_01527	0.0
ACBEJKBA_01528	0.0
ACBEJKBA_01529	0.0
ACBEJKBA_01530	0.0
ACBEJKBA_01531	0.0
ACBEJKBA_01532	0.0
ACBEJKBA_01533	0.0
ACBEJKBA_01534	0.0
ACBEJKBA_01535	0.0
ACBEJKBA_01536	0.0
ACBEJKBA_01537	4.87284676698
ACBEJKBA_01538	0.0
ACBEJKBA_01539	0.0
ACBEJKBA_01540	0.891561869037
ACBEJKBA_01541	0.0
ACBEJKBA_01542	0.0
ACBEJKBA_01543	0.0
ACBEJKBA_01544	0.0
ACBEJKBA_01545	0.0
ACBEJKBA_01546	0.0
