LDKALFFP_00001	0.410196563125
LDKALFFP_00002	12.9818380246
LDKALFFP_00003	1.31913853906
LDKALFFP_00004	0.0
LDKALFFP_00005	0.0
LDKALFFP_00006	0.0
LDKALFFP_00007	3.98063988722
LDKALFFP_00008	3.04717446893
LDKALFFP_00009	0.0
LDKALFFP_00010	4.52200691189
LDKALFFP_00011	2.7175522307
LDKALFFP_00012	4.17159309215
LDKALFFP_00013	7.58725991927
LDKALFFP_00014	3.85836767226
LDKALFFP_00015	12.0266141274
LDKALFFP_00016	0.0
LDKALFFP_00017	0.0
LDKALFFP_00018	1.49735328208
LDKALFFP_00019	8.34934806479
LDKALFFP_00020	1.27812518708
LDKALFFP_00021	8.22183074889
LDKALFFP_00022	1.11930864156
LDKALFFP_00023	0.0
LDKALFFP_00024	0.0
LDKALFFP_00026	1.3426386318
LDKALFFP_00027	0.0
LDKALFFP_00028	0.0
LDKALFFP_00029	0.0
LDKALFFP_00030	101.303300695
LDKALFFP_00031	0.0
LDKALFFP_00032	1.89047111701
LDKALFFP_00033	0.0
LDKALFFP_00034	0.0
LDKALFFP_00035	0.0
LDKALFFP_00036	1.60468662594
LDKALFFP_00037	3.85836767226
LDKALFFP_00038	0.0
LDKALFFP_00039	0.0
LDKALFFP_00040	9.93847672942
LDKALFFP_00041	18.6021226742
LDKALFFP_00042	2.56932210903
LDKALFFP_00043	0.0
LDKALFFP_00044	0.0
LDKALFFP_00045	0.0
LDKALFFP_00046	0.0
LDKALFFP_00047	3.72283774305
LDKALFFP_00048	0.0
LDKALFFP_00049	0.0
LDKALFFP_00050	0.0
LDKALFFP_00051	1.13961867739
LDKALFFP_00052	10.2772884361
LDKALFFP_00053	7.21377583938
LDKALFFP_00054	0.0
LDKALFFP_00055	0.0
LDKALFFP_00056	4.57693007276
LDKALFFP_00057	0.0
LDKALFFP_00058	23.6012886842
LDKALFFP_00059	0.0
LDKALFFP_00060	0.0
LDKALFFP_00061	21.6019438466
LDKALFFP_00062	14.8750227365
LDKALFFP_00063	0.0
LDKALFFP_00064	3.42922667737
LDKALFFP_00065	2.12234366953
LDKALFFP_00066	0.7922226545
LDKALFFP_00067	0.0
LDKALFFP_00068	0.0
LDKALFFP_00069	0.0
LDKALFFP_00070	0.0
LDKALFFP_00071	2.40532282547
LDKALFFP_00072	17.2648400729
LDKALFFP_00073	0.0
LDKALFFP_00074	0.0
LDKALFFP_00075	0.0
LDKALFFP_00076	0.0
LDKALFFP_00077	0.0
LDKALFFP_00078	0.0
LDKALFFP_00079	0.0
LDKALFFP_00080	0.0
LDKALFFP_00081	3.40512568666
LDKALFFP_00082	1.8146095152
LDKALFFP_00083	0.0
LDKALFFP_00084	0.0
LDKALFFP_00085	1.54651399175
LDKALFFP_00086	0.553624744355
LDKALFFP_00087	0.0
LDKALFFP_00088	7.02174986318
LDKALFFP_00089	0.0
LDKALFFP_00090	0.0
LDKALFFP_00091	0.0
LDKALFFP_00092	11.7411158691
LDKALFFP_00093	6.94032438728
LDKALFFP_00094	1.4940551471
LDKALFFP_00095	0.0
LDKALFFP_00096	0.0
LDKALFFP_00097	0.0
LDKALFFP_00098	0.769572313119
LDKALFFP_00099	24.5073801169
LDKALFFP_00100	0.0
LDKALFFP_00101	0.0
LDKALFFP_00102	0.0
LDKALFFP_00103	5.38847344124
LDKALFFP_00104	0.0
LDKALFFP_00105	0.0
LDKALFFP_00106	0.0
LDKALFFP_00107	1.67605889988
LDKALFFP_00108	0.0
LDKALFFP_00109	0.0
LDKALFFP_00110	0.0
LDKALFFP_00111	0.0
LDKALFFP_00112	0.0
LDKALFFP_00113	0.0
LDKALFFP_00114	0.0
LDKALFFP_00115	1.42380570274
LDKALFFP_00116	4.02791589539
LDKALFFP_00117	0.0
LDKALFFP_00118	0.0
LDKALFFP_00119	0.0
LDKALFFP_00120	3.39745072268
LDKALFFP_00121	0.9821909018
LDKALFFP_00122	0.0
LDKALFFP_00123	0.0
LDKALFFP_00124	0.0
LDKALFFP_00125	4.49503669174
LDKALFFP_00126	5.00222003527
LDKALFFP_00127	2.50111001764
LDKALFFP_00128	2.75956483638
LDKALFFP_00129	0.0
LDKALFFP_00130	0.0
LDKALFFP_00131	0.0
LDKALFFP_00132	1.94578610666
LDKALFFP_00133	0.0
LDKALFFP_00134	2.54045332129
LDKALFFP_00135	1.05016416904
LDKALFFP_00136	0.0
LDKALFFP_00137	0.0
LDKALFFP_00138	1.15711538175
LDKALFFP_00139	1.13961867739
LDKALFFP_00140	0.0
LDKALFFP_00141	3.54389256418
LDKALFFP_00142	0.0
LDKALFFP_00143	4.93668876844
LDKALFFP_00144	1.03906408821
LDKALFFP_00145	0.0
LDKALFFP_00146	2.81920630417
LDKALFFP_00147	1.11599380846
LDKALFFP_00148	0.0
LDKALFFP_00149	0.0
LDKALFFP_00150	0.0
LDKALFFP_00151	0.0
LDKALFFP_00152	0.0
LDKALFFP_00153	4.85541185958
LDKALFFP_00154	0.0
LDKALFFP_00155	1.84120802601
LDKALFFP_00156	0.0
LDKALFFP_00157	0.0
LDKALFFP_00158	0.0
LDKALFFP_00159	5.18578774299
LDKALFFP_00160	0.0
LDKALFFP_00161	0.0
LDKALFFP_00162	0.0
LDKALFFP_00163	0.0
LDKALFFP_00164	0.0
LDKALFFP_00165	0.0
LDKALFFP_00166	21.3975090468
LDKALFFP_00167	0.0
LDKALFFP_00168	19.9207352947
LDKALFFP_00170	0.620132598997
LDKALFFP_00171	0.0
LDKALFFP_00172	0.0
LDKALFFP_00173	1.0807855908
LDKALFFP_00174	0.0
LDKALFFP_00175	2.92497212929
LDKALFFP_00176	0.0
LDKALFFP_00177	0.0
LDKALFFP_00178	3.61567716835
LDKALFFP_00179	8.53745798343
LDKALFFP_00180	0.0
LDKALFFP_00181	0.0
LDKALFFP_00182	1.24504595592
LDKALFFP_00183	1.12937235562
LDKALFFP_00184	0.0
LDKALFFP_00185	0.957241090577
LDKALFFP_00186	24.0532282547
LDKALFFP_00187	3.09726500814
LDKALFFP_00188	0.0
LDKALFFP_00189	0.0
LDKALFFP_00190	0.0
LDKALFFP_00191	0.0
LDKALFFP_00192	1.71548061908
LDKALFFP_00193	12.2614070279
LDKALFFP_00194	0.0
LDKALFFP_00195	2.4818918287
LDKALFFP_00196	2.6229738468
LDKALFFP_00197	0.0
LDKALFFP_00198	0.0
LDKALFFP_00199	1.31453689299
LDKALFFP_00200	0.0
LDKALFFP_00201	0.0
LDKALFFP_00202	0.0
LDKALFFP_00203	2.01156891098
LDKALFFP_00204	1.70770653772
LDKALFFP_00205	4.38603968175
LDKALFFP_00206	2.0743150972
LDKALFFP_00207	3.27049680223
LDKALFFP_00208	0.0
LDKALFFP_00209	1.73389835579
LDKALFFP_00210	2.69487897014
LDKALFFP_00211	0.0
LDKALFFP_00212	0.0
LDKALFFP_00213	0.0
LDKALFFP_00214	1.33313883016
LDKALFFP_00215	0.0
LDKALFFP_00216	0.0
LDKALFFP_00217	0.0
LDKALFFP_00218	0.0
LDKALFFP_00219	32.1165263628
LDKALFFP_00220	4.1134083492
LDKALFFP_00221	0.0
LDKALFFP_00222	0.0
LDKALFFP_00223	0.0
LDKALFFP_00224	1.20522572278
LDKALFFP_00225	0.0
LDKALFFP_00226	0.0
LDKALFFP_00227	0.710114150736
LDKALFFP_00228	0.0
LDKALFFP_00229	0.0
LDKALFFP_00230	6.01864273987
LDKALFFP_00231	0.0
LDKALFFP_00232	3.4784668553
LDKALFFP_00233	0.0
LDKALFFP_00234	1.38090601951
LDKALFFP_00235	1.34743948507
LDKALFFP_00236	7.08038660525
LDKALFFP_00237	0.0
LDKALFFP_00238	1.09650992044
LDKALFFP_00239	27.2775215865
LDKALFFP_00240	1.06250162403
LDKALFFP_00241	0.0
LDKALFFP_00242	1.11930864156
LDKALFFP_00243	0.0
LDKALFFP_00244	0.0
LDKALFFP_00245	0.0
LDKALFFP_00246	0.0
LDKALFFP_00247	2.27236528236
LDKALFFP_00248	1.16067939217
LDKALFFP_00249	2.43380350478
LDKALFFP_00250	4.14482760026
LDKALFFP_00251	0.0
LDKALFFP_00252	0.0
LDKALFFP_00253	12.8466105451
LDKALFFP_00254	0.0
LDKALFFP_00255	1.11269855115
LDKALFFP_00256	2.00799596443
LDKALFFP_00257	0.0
LDKALFFP_00258	0.635827743516
LDKALFFP_00259	26.7891404733
LDKALFFP_00260	0.0
LDKALFFP_00261	0.0
LDKALFFP_00262	0.0
LDKALFFP_00263	15.877833258
LDKALFFP_00264	0.0
LDKALFFP_00265	4.39883940845
LDKALFFP_00266	0.0
LDKALFFP_00267	4.75000726039
LDKALFFP_00268	0.0
LDKALFFP_00269	1.59450173198
LDKALFFP_00270	4.8415491562
LDKALFFP_00271	3.23000493706
LDKALFFP_00272	3.85179464386
LDKALFFP_00273	1.46961550598
LDKALFFP_00274	0.0
LDKALFFP_00275	0.0
LDKALFFP_00276	0.0
LDKALFFP_00277	7.39494180194
LDKALFFP_00278	3.27049680223
LDKALFFP_00279	0.0
LDKALFFP_00280	1.92589732193
LDKALFFP_00281	0.0
LDKALFFP_00282	1.10292851509
LDKALFFP_00283	0.0
LDKALFFP_00284	1.20138334535
LDKALFFP_00285	0.0
LDKALFFP_00286	34.784668553
LDKALFFP_00287	0.0
LDKALFFP_00288	0.0
LDKALFFP_00289	31.5782605579
LDKALFFP_00290	0.0
LDKALFFP_00291	26.4665956381
LDKALFFP_00292	4.44205001168
LDKALFFP_00293	1.73923342765
LDKALFFP_00294	7.9950617254
LDKALFFP_00295	0.0
LDKALFFP_00296	0.0
LDKALFFP_00297	9.87337753687
LDKALFFP_00298	4.85193874666
LDKALFFP_00299	0.0
LDKALFFP_00300	0.0
LDKALFFP_00301	0.0
LDKALFFP_00302	3.02273189297
LDKALFFP_00303	1.59225595489
LDKALFFP_00304	0.0
LDKALFFP_00305	1.86859789747
LDKALFFP_00306	0.0
LDKALFFP_00307	0.0
LDKALFFP_00308	0.0
LDKALFFP_00309	0.0
LDKALFFP_00310	0.0
LDKALFFP_00311	2.88638739057
LDKALFFP_00312	0.0
LDKALFFP_00313	0.0
LDKALFFP_00314	0.616077235952
LDKALFFP_00315	0.989931460571
LDKALFFP_00316	32.3000493706
LDKALFFP_00317	0.0
LDKALFFP_00318	0.0
LDKALFFP_00319	2.22102500584
LDKALFFP_00320	0.0
LDKALFFP_00321	0.0
LDKALFFP_00322	3.38220412258
LDKALFFP_00323	5.47458463909
LDKALFFP_00324	9.60766341053
LDKALFFP_00325	5.57813352618
LDKALFFP_00326	0.0
LDKALFFP_00327	0.0
LDKALFFP_00328	7.06563579982
LDKALFFP_00329	0.0
LDKALFFP_00330	0.0
LDKALFFP_00331	0.0
LDKALFFP_00332	0.0
LDKALFFP_00333	0.883204474978
LDKALFFP_00334	15.311535819
LDKALFFP_00335	23.6667839838
LDKALFFP_00336	23.9006707816
LDKALFFP_00337	1.32377251519
LDKALFFP_00338	0.0
LDKALFFP_00339	0.0
LDKALFFP_00340	0.0
LDKALFFP_00341	0.0
LDKALFFP_00342	15.0066601058
LDKALFFP_00343	0.0
LDKALFFP_00344	0.83064050549
LDKALFFP_00345	0.0
LDKALFFP_00346	1.12937235562
LDKALFFP_00347	0.0
LDKALFFP_00348	0.0
LDKALFFP_00349	2.87842578732
LDKALFFP_00350	2.85841144873
LDKALFFP_00351	33.712775188
LDKALFFP_00352	0.0
LDKALFFP_00353	0.0
LDKALFFP_00354	0.0
LDKALFFP_00355	0.0
LDKALFFP_00356	0.0
LDKALFFP_00357	0.0
LDKALFFP_00358	0.0
LDKALFFP_00359	7.31243032323
LDKALFFP_00360	0.0
LDKALFFP_00361	2.6229738468
LDKALFFP_00362	0.0
LDKALFFP_00363	3.85836767226
LDKALFFP_00364	2.29310695329
LDKALFFP_00365	0.0
LDKALFFP_00366	0.0
LDKALFFP_00367	4.81064565094
LDKALFFP_00368	4.40312260164
LDKALFFP_00369	1.25332785806
LDKALFFP_00370	0.0
LDKALFFP_00371	0.0
LDKALFFP_00372	0.0
LDKALFFP_00373	0.0
LDKALFFP_00374	0.0
LDKALFFP_00375	0.0
LDKALFFP_00376	0.0
LDKALFFP_00377	3.0554100756
LDKALFFP_00378	0.0
LDKALFFP_00379	0.0
LDKALFFP_00380	0.0
LDKALFFP_00381	0.0
LDKALFFP_00382	0.0
LDKALFFP_00383	0.0
LDKALFFP_00384	0.0
LDKALFFP_00385	0.0
LDKALFFP_00386	0.0
LDKALFFP_00387	1.22084419867
LDKALFFP_00388	0.0
LDKALFFP_00389	0.0
LDKALFFP_00390	0.0
LDKALFFP_00391	0.0
LDKALFFP_00392	3.70049665457
LDKALFFP_00393	0.0
LDKALFFP_00394	1.61962998277
LDKALFFP_00395	0.0
LDKALFFP_00396	0.0
LDKALFFP_00397	0.0
LDKALFFP_00398	0.0
LDKALFFP_00399	0.0
LDKALFFP_00400	7.95327848824
LDKALFFP_00401	0.0
LDKALFFP_00402	0.0
LDKALFFP_00403	3.09726500814
LDKALFFP_00404	0.0
LDKALFFP_00405	0.0
LDKALFFP_00406	0.0
LDKALFFP_00407	2.49192151647
LDKALFFP_00408	11.3144459847
LDKALFFP_00409	0.0
LDKALFFP_00410	0.0
LDKALFFP_00411	0.0
LDKALFFP_00412	28.6202969107
LDKALFFP_00413	0.439883940845
LDKALFFP_00414	2.14516456921
LDKALFFP_00415	1.36699120674
LDKALFFP_00416	7.04911443786
LDKALFFP_00417	0.0
LDKALFFP_00418	0.0
LDKALFFP_00419	0.917615038938
LDKALFFP_00420	0.0
LDKALFFP_00421	2.69809481616
LDKALFFP_00422	8.59697131538
LDKALFFP_00423	0.0
LDKALFFP_00424	0.0
LDKALFFP_00425	0.0
LDKALFFP_00426	2.65687832661
LDKALFFP_00427	2.21884539347
LDKALFFP_00428	0.0
LDKALFFP_00429	8.98650022235
LDKALFFP_00430	5.22412998139
LDKALFFP_00431	0.0
LDKALFFP_00432	0.0
LDKALFFP_00433	0.0
LDKALFFP_00434	0.0
LDKALFFP_00435	11.3238904304
LDKALFFP_00436	4.85193874666
LDKALFFP_00437	1.27884810857
LDKALFFP_00438	0.0
LDKALFFP_00439	1.53288369894
LDKALFFP_00440	0.0
LDKALFFP_00441	2.9061741079
LDKALFFP_00442	2.7175522307
LDKALFFP_00443	0.0
LDKALFFP_00444	8.90158840923
LDKALFFP_00445	5.84994425859
LDKALFFP_00446	0.0
LDKALFFP_00447	2.86929372582
LDKALFFP_00448	9.87337753687
LDKALFFP_00449	0.0
LDKALFFP_00450	2.34300876264
LDKALFFP_00451	7.88722135794
LDKALFFP_00452	5.03564244085
LDKALFFP_00453	0.0
LDKALFFP_00454	0.0
LDKALFFP_00455	0.0
LDKALFFP_00456	5.08471541816
LDKALFFP_00457	0.0
LDKALFFP_00458	0.0
LDKALFFP_00459	0.0
LDKALFFP_00460	1.1327672625
LDKALFFP_00461	0.0
LDKALFFP_00462	0.0
LDKALFFP_00463	6.40510894035
LDKALFFP_00464	7.08778512835
LDKALFFP_00465	0.0
LDKALFFP_00466	0.0
LDKALFFP_00467	0.0
LDKALFFP_00468	4.90456281116
LDKALFFP_00469	0.0
LDKALFFP_00470	0.0
LDKALFFP_00471	0.0
LDKALFFP_00472	3.46779671157
LDKALFFP_00473	23.3093139788
LDKALFFP_00474	3.58131487214
LDKALFFP_00475	4.38603968175
LDKALFFP_00476	0.0
LDKALFFP_00477	1.30996723983
LDKALFFP_00478	1.70770653772
LDKALFFP_00479	3.35792592467
LDKALFFP_00480	1.58555642072
LDKALFFP_00481	0.0
LDKALFFP_00482	0.0
LDKALFFP_00483	1.80687543096
LDKALFFP_00484	0.0
LDKALFFP_00485	4.23805708705
LDKALFFP_00486	0.0
LDKALFFP_00487	6.71585184934
LDKALFFP_00488	12.8954569731
LDKALFFP_00489	0.621154795589
LDKALFFP_00490	0.0
LDKALFFP_00491	0.895446913245
LDKALFFP_00492	0.0
LDKALFFP_00493	0.0
LDKALFFP_00494	16.413818192
LDKALFFP_00495	9.15723049167
LDKALFFP_00496	37.7733274263
LDKALFFP_00497	0.0
LDKALFFP_00498	2.23419313828
LDKALFFP_00499	0.0
LDKALFFP_00500	5.15426319744
LDKALFFP_00501	1.28758738949
LDKALFFP_00502	2.77423736926
LDKALFFP_00503	19.6976032254
LDKALFFP_00504	1.19377162405
LDKALFFP_00505	0.0
LDKALFFP_00506	0.0
LDKALFFP_00507	0.0
LDKALFFP_00508	1.23687278772
LDKALFFP_00509	0.0
LDKALFFP_00510	0.0
LDKALFFP_00511	3.85179464386
LDKALFFP_00512	0.0
LDKALFFP_00513	3.1229329502
LDKALFFP_00514	0.0
LDKALFFP_00515	0.0
LDKALFFP_00516	0.0
LDKALFFP_00517	38.5194725062
LDKALFFP_00518	0.870453688525
LDKALFFP_00519	0.0
LDKALFFP_00520	0.0
LDKALFFP_00521	0.0
LDKALFFP_00522	9.40343396649
LDKALFFP_00523	2.40276669069
LDKALFFP_00524	1.78031768185
LDKALFFP_00525	5.69044493946
LDKALFFP_00526	0.0
LDKALFFP_00527	3.34467966856
LDKALFFP_00528	14.9735328208
LDKALFFP_00529	0.0
LDKALFFP_00530	0.0
LDKALFFP_00531	0.0
LDKALFFP_00532	5.55529104654
LDKALFFP_00533	0.0
LDKALFFP_00534	0.0
LDKALFFP_00535	0.0
LDKALFFP_00536	2.33093139788
LDKALFFP_00537	0.0
LDKALFFP_00538	0.0
LDKALFFP_00539	0.0
LDKALFFP_00540	4.62846152701
LDKALFFP_00541	0.0
LDKALFFP_00542	0.0
LDKALFFP_00543	0.0
LDKALFFP_00544	2.18243576829
LDKALFFP_00545	2.43642613787
LDKALFFP_00546	0.0
LDKALFFP_00547	0.0
LDKALFFP_00548	0.984757602763
LDKALFFP_00549	0.0
LDKALFFP_00550	2.20478152701
LDKALFFP_00551	0.0
LDKALFFP_00552	0.0
LDKALFFP_00553	0.0
LDKALFFP_00554	0.0
LDKALFFP_00555	0.866949177893
LDKALFFP_00556	0.0
LDKALFFP_00557	0.0
LDKALFFP_00558	0.0
LDKALFFP_00559	0.0
LDKALFFP_00560	0.0
LDKALFFP_00561	10.1238960714
LDKALFFP_00562	0.0
LDKALFFP_00563	0.0
LDKALFFP_00564	0.0
LDKALFFP_00565	1.78031768185
LDKALFFP_00566	6.00266404233
LDKALFFP_00567	4.30121139368
LDKALFFP_00568	2.99470656416
LDKALFFP_00569	0.0
LDKALFFP_00570	0.0
LDKALFFP_00571	0.0
LDKALFFP_00572	0.0
LDKALFFP_00573	0.0
LDKALFFP_00574	8.31251270568
LDKALFFP_00575	2.9287609533
LDKALFFP_00576	0.0
LDKALFFP_00577	3.30073497218
LDKALFFP_00578	0.0
LDKALFFP_00579	8.62978418299
LDKALFFP_00580	9.00798189619
LDKALFFP_00581	0.0
LDKALFFP_00582	25.6932210903
LDKALFFP_00583	0.0
LDKALFFP_00584	0.0
LDKALFFP_00585	0.0
LDKALFFP_00586	0.0
LDKALFFP_00587	0.0
LDKALFFP_00588	22.0801118745
LDKALFFP_00589	0.0
LDKALFFP_00590	3.95741561717
LDKALFFP_00591	1.66128101098
LDKALFFP_00592	0.855145028723
LDKALFFP_00593	0.0
LDKALFFP_00594	0.0
LDKALFFP_00595	2.58400394965
LDKALFFP_00596	0.0
LDKALFFP_00597	0.0
LDKALFFP_00598	0.0
LDKALFFP_00599	11.9000181892
LDKALFFP_00600	20.5258693626
LDKALFFP_00601	3.07201556514
LDKALFFP_00602	2.9061741079
LDKALFFP_00603	24.225037028
LDKALFFP_00604	11.6246964316
LDKALFFP_00605	4.29032913841
LDKALFFP_00606	6.5346920692
LDKALFFP_00607	15.9600243949
LDKALFFP_00608	29.56696827
LDKALFFP_00609	0.0
LDKALFFP_00610	0.0
LDKALFFP_00611	0.0
LDKALFFP_00612	5.66194521522
LDKALFFP_00613	3.50000534976
LDKALFFP_00614	0.0
LDKALFFP_00615	6.01330706368
LDKALFFP_00616	0.0
LDKALFFP_00617	0.0
LDKALFFP_00619	0.0
LDKALFFP_00620	0.0
LDKALFFP_00621	0.0
LDKALFFP_00622	0.0
LDKALFFP_00623	3.42058011489
LDKALFFP_00624	1.38711868463
LDKALFFP_00625	2.17404178456
LDKALFFP_00626	0.0
LDKALFFP_00627	0.0
LDKALFFP_00628	5.25814757196
LDKALFFP_00629	0.0
LDKALFFP_00630	2.75284511681
LDKALFFP_00631	1.49142708176
LDKALFFP_00632	2.15744604575
LDKALFFP_00633	1.23687278772
LDKALFFP_00634	0.0
LDKALFFP_00635	0.0
LDKALFFP_00636	0.0
LDKALFFP_00637	0.0
LDKALFFP_00638	2.69487897014
LDKALFFP_00639	0.0
LDKALFFP_00640	0.0
LDKALFFP_00641	0.0
LDKALFFP_00642	5.39618963232
LDKALFFP_00643	1.6020336249
LDKALFFP_00645	2.27465136413
LDKALFFP_00646	0.0
LDKALFFP_00647	20.2477921428
LDKALFFP_00648	1.20458362064
LDKALFFP_00649	1.90963129725
LDKALFFP_00650	24.274576981
LDKALFFP_00651	0.0
LDKALFFP_00652	1.38203145229
LDKALFFP_00653	0.0
LDKALFFP_00654	0.0
LDKALFFP_00655	4.72025773683
LDKALFFP_00656	1.75000267488
LDKALFFP_00657	3.50724424397
LDKALFFP_00658	5.87928090327
LDKALFFP_00659	0.0
LDKALFFP_00660	0.0
LDKALFFP_00661	1.731243075
LDKALFFP_00662	0.0
LDKALFFP_00663	0.881139304733
LDKALFFP_00664	1.01663824458
LDKALFFP_00665	4.81064565094
LDKALFFP_00666	0.0
LDKALFFP_00667	6.76947142498
LDKALFFP_00668	0.0
LDKALFFP_00669	4.81064565094
LDKALFFP_00670	6.69596285077
LDKALFFP_00671	0.0
LDKALFFP_00672	2.25874471123
LDKALFFP_00673	1.41844633372
LDKALFFP_00674	2.23125341047
LDKALFFP_00675	0.0
LDKALFFP_00676	1.80016198722
LDKALFFP_00677	0.0
LDKALFFP_00678	7.79656364119
LDKALFFP_00679	0.802343312968
LDKALFFP_00680	0.0
LDKALFFP_00681	9.3817570786
LDKALFFP_00682	0.0
LDKALFFP_00683	0.0
LDKALFFP_00684	0.0
LDKALFFP_00685	4.79703703524
LDKALFFP_00686	0.0
LDKALFFP_00687	0.0
LDKALFFP_00688	0.0
LDKALFFP_00689	1.28320286943
LDKALFFP_00690	0.0
LDKALFFP_00691	0.0
LDKALFFP_00692	0.0
LDKALFFP_00693	0.0
LDKALFFP_00694	4.85193874666
LDKALFFP_00695	0.0
LDKALFFP_00696	3.4283600545
LDKALFFP_00697	0.0
LDKALFFP_00698	58.1875889397
LDKALFFP_00699	0.0
LDKALFFP_00700	0.0
LDKALFFP_00701	0.0
LDKALFFP_00702	0.0
LDKALFFP_00703	0.0
LDKALFFP_00704	0.0
LDKALFFP_00705	0.0
LDKALFFP_00706	0.0
LDKALFFP_00707	1.75000267488
LDKALFFP_00708	0.0
LDKALFFP_00709	11.8308320369
LDKALFFP_00710	49.106821825
LDKALFFP_00711	0.0
LDKALFFP_00712	0.0
LDKALFFP_00713	0.0
LDKALFFP_00714	8.06349306685
LDKALFFP_00715	0.0
LDKALFFP_00716	1.57891302789
LDKALFFP_00717	2.58696047591
LDKALFFP_00718	0.0
LDKALFFP_00719	1.90641100838
LDKALFFP_00720	0.0
LDKALFFP_00721	0.0
LDKALFFP_00722	0.0
LDKALFFP_00723	0.0
LDKALFFP_00724	0.0
LDKALFFP_00725	14.6248606465
LDKALFFP_00726	1.20522572278
LDKALFFP_00727	7.71673534452
LDKALFFP_00728	2.38000363784
LDKALFFP_00729	4.93130524742
LDKALFFP_00730	5.89416959318
LDKALFFP_00731	0.0
LDKALFFP_00732	0.0
LDKALFFP_00733	2.43380350478
LDKALFFP_00734	0.0
LDKALFFP_00735	2.24751834587
LDKALFFP_00736	2.75732128774
LDKALFFP_00737	0.0
LDKALFFP_00738	0.0
LDKALFFP_00739	0.0
LDKALFFP_00740	0.0
LDKALFFP_00741	0.0
LDKALFFP_00742	1.27884810857
LDKALFFP_00743	1.09970985211
LDKALFFP_00744	0.0
LDKALFFP_00745	0.525814757196
LDKALFFP_00746	0.0
LDKALFFP_00747	11.7271963483
LDKALFFP_00748	0.0
LDKALFFP_00749	0.0
LDKALFFP_00750	1.08389427418
LDKALFFP_00751	6.76947142498
LDKALFFP_00752	0.0
LDKALFFP_00753	6.7762341337
LDKALFFP_00754	0.726543526974
LDKALFFP_00755	0.0
LDKALFFP_00756	0.0
LDKALFFP_00757	0.0
LDKALFFP_00758	0.0
LDKALFFP_00759	3.51269309572
LDKALFFP_00760	0.0
LDKALFFP_00761	2.32773176659
LDKALFFP_00762	25.4045332129
LDKALFFP_00763	7.86892154041
LDKALFFP_00764	0.0
LDKALFFP_00765	0.0
LDKALFFP_00766	1.81752689385
LDKALFFP_00767	0.0
LDKALFFP_00768	0.0
LDKALFFP_00769	14.4319369528
LDKALFFP_00770	1.75634654786
LDKALFFP_00771	14.8262521701
LDKALFFP_00772	1.40260760294
LDKALFFP_00773	0.87500133744
LDKALFFP_00774	0.0
LDKALFFP_00775	2.44168839735
LDKALFFP_00776	0.0
LDKALFFP_00777	8.11850433014
LDKALFFP_00778	12.4687690585
LDKALFFP_00779	2.99470656416
LDKALFFP_00780	0.0
LDKALFFP_00781	0.0
LDKALFFP_00782	0.0
LDKALFFP_00783	1.60582631814
LDKALFFP_00784	4.35478323564
LDKALFFP_00785	3.36792967618
LDKALFFP_00786	0.0
LDKALFFP_00787	4.62057926964
LDKALFFP_00788	0.0
LDKALFFP_00789	1.1975653898
LDKALFFP_00790	0.0
LDKALFFP_00791	28.4658708482
LDKALFFP_00792	0.0
LDKALFFP_00793	0.0
LDKALFFP_00794	0.0
LDKALFFP_00795	12.3327461233
LDKALFFP_00796	0.0
LDKALFFP_00797	0.0
LDKALFFP_00798	1.4615406955
LDKALFFP_00799	2.89130876719
LDKALFFP_00800	0.0
LDKALFFP_00801	0.0
LDKALFFP_00802	1.09970985211
LDKALFFP_00803	0.0
LDKALFFP_00804	14.0144842311
LDKALFFP_00805	0.0
LDKALFFP_00806	6.57268446495
LDKALFFP_00807	0.0
LDKALFFP_00808	30.554100756
LDKALFFP_00809	16.915237825
LDKALFFP_00810	14.7640151041
LDKALFFP_00811	0.0
LDKALFFP_00812	0.922105814006
LDKALFFP_00813	0.0
LDKALFFP_00814	0.0
LDKALFFP_00815	2.14516456921
LDKALFFP_00816	0.0
LDKALFFP_00817	0.0
LDKALFFP_00818	1.16067939217
LDKALFFP_00819	0.0
LDKALFFP_00820	3.41154802858
LDKALFFP_00821	2.05545768722
LDKALFFP_00822	2.84283753891
LDKALFFP_00823	0.0
LDKALFFP_00824	3.21469685679
LDKALFFP_00825	0.0
LDKALFFP_00826	2.49742649773
LDKALFFP_00827	0.917615038938
LDKALFFP_00828	0.0
LDKALFFP_00829	0.0
LDKALFFP_00830	0.0
LDKALFFP_00831	0.0
LDKALFFP_00832	0.0
LDKALFFP_00833	6.02398789328
LDKALFFP_00834	0.0
LDKALFFP_00835	9.11694941913
LDKALFFP_00836	2.56117292246
LDKALFFP_00837	3.63505378769
LDKALFFP_00838	0.0
LDKALFFP_00839	0.0
LDKALFFP_00840	8.65179893856
LDKALFFP_00842	2.36012886842
LDKALFFP_00843	3.27049680223
LDKALFFP_00844	0.0
LDKALFFP_00845	0.0
LDKALFFP_00846	28.6822839399
LDKALFFP_00847	0.0
LDKALFFP_00848	0.0
LDKALFFP_00849	0.0
LDKALFFP_00850	0.636902381956
LDKALFFP_00851	10.6400162633
LDKALFFP_00852	0.0
LDKALFFP_00853	0.0
LDKALFFP_00854	0.931220533749
LDKALFFP_00855	3.39830178749
LDKALFFP_00856	0.0
LDKALFFP_00857	0.0
LDKALFFP_00858	0.0
LDKALFFP_00859	0.0
LDKALFFP_00860	9.96036764733
LDKALFFP_00861	0.0
LDKALFFP_00862	0.0
LDKALFFP_00863	0.0
LDKALFFP_00864	0.0
LDKALFFP_00865	6.86539510914
LDKALFFP_00866	74.0673545913
LDKALFFP_00867	6.87235092992
LDKALFFP_00868	0.0
LDKALFFP_00869	2.49742649773
LDKALFFP_00870	0.0
LDKALFFP_00871	0.0
LDKALFFP_00872	0.0
LDKALFFP_00873	0.0
LDKALFFP_00874	0.0
LDKALFFP_00875	0.0
LDKALFFP_00876	2.12500324807
LDKALFFP_00877	4.59865109683
LDKALFFP_00878	6.2893002947
LDKALFFP_00879	0.0
LDKALFFP_00880	0.0
LDKALFFP_00881	0.0
LDKALFFP_00882	0.0
LDKALFFP_00883	0.0
LDKALFFP_00884	0.0
LDKALFFP_00885	0.0
LDKALFFP_00886	0.0
LDKALFFP_00887	3.5081512117
LDKALFFP_00888	1.7705586969
LDKALFFP_00889	15.1541786591
LDKALFFP_00890	6.65001016454
LDKALFFP_00891	2.29310695329
LDKALFFP_00892	2.33574737184
LDKALFFP_00893	0.0
LDKALFFP_00894	0.0
LDKALFFP_00895	152.617733276
LDKALFFP_00896	0.0
LDKALFFP_00897	0.0
LDKALFFP_00898	0.0
LDKALFFP_00899	2.19301984088
LDKALFFP_00900	2.46834438422
LDKALFFP_00901	2.00621424662
LDKALFFP_00902	0.0
LDKALFFP_00903	13.2791902268
LDKALFFP_00904	13.3589569037
LDKALFFP_00905	0.0
LDKALFFP_00906	1.40784773097
LDKALFFP_00907	0.845234936801
LDKALFFP_00908	0.0
LDKALFFP_00909	0.935845801301
LDKALFFP_00910	1.11269855115
LDKALFFP_00911	0.0
LDKALFFP_00912	0.0
LDKALFFP_00913	0.0
LDKALFFP_00914	0.0
LDKALFFP_00915	0.0
LDKALFFP_00916	0.0
LDKALFFP_00917	0.0
LDKALFFP_00918	0.0
LDKALFFP_00919	0.0
LDKALFFP_00920	0.0
LDKALFFP_00921	9.63886978782
LDKALFFP_00922	0.0
LDKALFFP_00923	10.3360157986
LDKALFFP_00924	0.0
LDKALFFP_00925	0.0
LDKALFFP_00926	4.39883940845
LDKALFFP_00927	0.0
LDKALFFP_00928	2.50111001764
LDKALFFP_00929	21.3302212825
LDKALFFP_00930	1.92836115646
LDKALFFP_00931	6.94032438728
LDKALFFP_00932	0.0
LDKALFFP_00933	1.5277050378
LDKALFFP_00934	0.0
LDKALFFP_00935	0.0
LDKALFFP_00936	9.34298948737
LDKALFFP_00937	0.0
LDKALFFP_00938	0.0
LDKALFFP_00939	0.0
LDKALFFP_00940	0.0
LDKALFFP_00941	0.0
LDKALFFP_00942	0.0
LDKALFFP_00943	0.0
LDKALFFP_00944	0.0
LDKALFFP_00945	4.61429276723
LDKALFFP_00946	4.01361560227
LDKALFFP_00948	1.39224350735
LDKALFFP_00949	10.5457250744
LDKALFFP_00950	3.70656304253
LDKALFFP_00951	2.88393297952
LDKALFFP_00952	0.0
LDKALFFP_00953	2.51782122043
LDKALFFP_00954	7.58725991927
LDKALFFP_00955	4.02313782196
LDKALFFP_00956	0.0
LDKALFFP_00957	0.0
LDKALFFP_00958	0.0
LDKALFFP_00959	2.53475723761
LDKALFFP_00960	0.0
LDKALFFP_00961	3.03083573183
LDKALFFP_00962	0.0
LDKALFFP_00963	2.93891263771
LDKALFFP_00964	0.915386014552
LDKALFFP_00965	0.0
LDKALFFP_00966	1.45871190706
LDKALFFP_00967	2.32853085061
LDKALFFP_00968	0.0
LDKALFFP_00969	0.0
LDKALFFP_00970	1.6289650259
LDKALFFP_00971	3.04991473374
LDKALFFP_00972	3.74751954024
LDKALFFP_00973	1.54229430828
LDKALFFP_00974	0.0
LDKALFFP_00975	0.0
LDKALFFP_00976	0.6855680582
LDKALFFP_00977	0.0
LDKALFFP_00978	1.13618264118
LDKALFFP_00979	3.53281789991
LDKALFFP_00980	22.481568454
LDKALFFP_00981	18.2338988383
LDKALFFP_00982	5.00222003527
LDKALFFP_00983	11.5072662008
LDKALFFP_00984	6.14403113028
LDKALFFP_00985	24.8968569782
LDKALFFP_00986	2.49834636016
LDKALFFP_00987	1.08702089228
LDKALFFP_00988	1.52153664599
LDKALFFP_00989	0.0
LDKALFFP_00990	2.11902854353
LDKALFFP_00991	0.0
LDKALFFP_00992	0.0
LDKALFFP_00993	4.7902615592
LDKALFFP_00994	0.0
LDKALFFP_00995	1.94690309065
LDKALFFP_00996	0.0
LDKALFFP_00997	0.0
LDKALFFP_00998	14.55581624
LDKALFFP_00999	0.0
LDKALFFP_01000	0.0
LDKALFFP_01001	0.0
LDKALFFP_01002	0.0
LDKALFFP_01003	0.0
LDKALFFP_01004	0.0
LDKALFFP_01005	0.0
LDKALFFP_01006	0.0
LDKALFFP_01007	4.73013275302
LDKALFFP_01008	6.31565211157
LDKALFFP_01009	5.04688271416
LDKALFFP_01010	9.00798189619
LDKALFFP_01011	0.0
LDKALFFP_01012	0.0
LDKALFFP_01013	0.0
LDKALFFP_01014	0.0
LDKALFFP_01015	0.0
LDKALFFP_01016	8.38962321315
LDKALFFP_01017	2.67891404733
LDKALFFP_01018	0.0
LDKALFFP_01019	0.0
LDKALFFP_01020	0.470063088554
LDKALFFP_01021	3.5662515078
LDKALFFP_01022	7.58725991927
LDKALFFP_01023	0.0
LDKALFFP_01024	1.34743948507
LDKALFFP_01025	0.979637545903
LDKALFFP_01026	0.0
LDKALFFP_01027	0.0
LDKALFFP_01028	2.52344135708
LDKALFFP_01029	0.0
LDKALFFP_01030	2.99338498139
LDKALFFP_01031	0.0
LDKALFFP_01032	2.57713159872
LDKALFFP_01033	2.43642613787
LDKALFFP_01034	0.845551030645
LDKALFFP_01035	0.0
LDKALFFP_01036	5.45082800372
LDKALFFP_01037	0.0
LDKALFFP_01038	2.43642613787
LDKALFFP_01039	8.62978418299
LDKALFFP_01040	0.0
LDKALFFP_01041	0.0
LDKALFFP_01042	0.0
LDKALFFP_01043	1.82338988383
LDKALFFP_01044	2.45228140558
LDKALFFP_01045	7.81452807354
LDKALFFP_01046	0.0
LDKALFFP_01047	0.0
LDKALFFP_01048	0.0
LDKALFFP_01049	0.0
LDKALFFP_01050	9.00798189619
LDKALFFP_01051	0.0
LDKALFFP_01052	3.73349315711
LDKALFFP_01053	2.24751834587
LDKALFFP_01054	4.77508649619
LDKALFFP_01055	0.0
LDKALFFP_01056	3.23694123972
LDKALFFP_01057	4.89924909197
LDKALFFP_01058	18.4571710689
LDKALFFP_01059	11.858409734
LDKALFFP_01060	3.22539722674
LDKALFFP_01061	12.4917318008
LDKALFFP_01062	0.0
LDKALFFP_01063	0.0
LDKALFFP_01064	2.37500363019
LDKALFFP_01065	34.9639709682
LDKALFFP_01066	23.8838393233
LDKALFFP_01067	0.0
LDKALFFP_01068	0.0
LDKALFFP_01069	0.745221969658
LDKALFFP_01070	8.07501234266
LDKALFFP_01071	0.0
LDKALFFP_01072	4.96923836471
LDKALFFP_01073	14.681840623
LDKALFFP_01074	6.89330321934
LDKALFFP_01075	0.0
LDKALFFP_01076	7.58725991927
LDKALFFP_01077	0.0
LDKALFFP_01078	0.0
LDKALFFP_01079	6.44619659571
LDKALFFP_01080	6.84323079886
LDKALFFP_01081	1.70000259845
LDKALFFP_01082	2.82861149618
LDKALFFP_01083	13.0108894524
LDKALFFP_01084	3.52547316415
LDKALFFP_01085	0.0
LDKALFFP_01086	0.0
LDKALFFP_01087	0.600372664882
LDKALFFP_01088	2.60084753368
LDKALFFP_01089	0.0
LDKALFFP_01090	0.0
LDKALFFP_01092	0.0
LDKALFFP_01093	0.938954923565
LDKALFFP_01094	0.0
LDKALFFP_01095	23.845674032
LDKALFFP_01096	0.0
LDKALFFP_01097	0.0
LDKALFFP_01098	3.14902988293
LDKALFFP_01099	2.73288088954
LDKALFFP_01100	4.68809958282
LDKALFFP_01101	13.284391633
LDKALFFP_01102	3.94131921431
LDKALFFP_01103	1.9775540431
LDKALFFP_01104	2.92371136544
LDKALFFP_01105	0.0
LDKALFFP_01106	0.0
LDKALFFP_01107	3.47134614526
LDKALFFP_01108	1.7747279874
LDKALFFP_01109	7.20064794887
LDKALFFP_01110	2.91366424735
LDKALFFP_01111	0.967067346426
LDKALFFP_01112	0.739373268785
LDKALFFP_01113	0.0
LDKALFFP_01114	0.0
LDKALFFP_01115	4.66763719229
LDKALFFP_01116	0.0
LDKALFFP_01117	12.0694134659
LDKALFFP_01118	0.0
LDKALFFP_01119	0.0
LDKALFFP_01120	0.0
LDKALFFP_01121	2.68527726359
LDKALFFP_01122	2.26553452499
LDKALFFP_01123	1.35714493154
LDKALFFP_01124	12.112518514
LDKALFFP_01125	0.0
LDKALFFP_01126	0.0
LDKALFFP_01127	3.15782605579
LDKALFFP_01128	0.989931460571
LDKALFFP_01129	0.0
LDKALFFP_01130	0.0
LDKALFFP_01131	0.0
LDKALFFP_01132	0.0
LDKALFFP_01133	0.900080993608
LDKALFFP_01134	0.0
LDKALFFP_01135	8.33293656982
LDKALFFP_01136	0.0
LDKALFFP_01137	0.0
LDKALFFP_01138	4.29848565769
LDKALFFP_01139	1.44473064278
LDKALFFP_01140	8.92501364188
LDKALFFP_01141	3.71875568412
LDKALFFP_01142	2.70024298082
LDKALFFP_01143	3.97364403505
LDKALFFP_01144	1.59225595489
LDKALFFP_01145	1.32377251519
LDKALFFP_01146	17.0964344495
LDKALFFP_01147	0.0
LDKALFFP_01148	0.0
LDKALFFP_01149	0.0
LDKALFFP_01150	3.34798142539
LDKALFFP_01151	0.0
LDKALFFP_01152	6.09434893785
LDKALFFP_01153	0.0
LDKALFFP_01154	11.3050172797
LDKALFFP_01155	0.0
LDKALFFP_01156	0.0
LDKALFFP_01157	0.0
LDKALFFP_01158	0.0
LDKALFFP_01159	1.65036748609
LDKALFFP_01160	0.87500133744
LDKALFFP_01161	0.0
LDKALFFP_01162	0.0
LDKALFFP_01163	0.950001452077
LDKALFFP_01164	0.0
LDKALFFP_01165	13.1913853906
LDKALFFP_01166	1.79587248288
LDKALFFP_01167	1.85024832729
LDKALFFP_01168	29.7500454729
LDKALFFP_01169	1.92589732193
LDKALFFP_01170	3.01869620286
LDKALFFP_01171	3.52455721893
LDKALFFP_01176	0.0
LDKALFFP_01177	0.0
LDKALFFP_01178	7.2935595353
LDKALFFP_01179	0.0
LDKALFFP_01180	0.0
LDKALFFP_01181	0.0
LDKALFFP_01182	0.0
LDKALFFP_01183	0.0
LDKALFFP_01184	2.06421496282
LDKALFFP_01185	14.5871190706
LDKALFFP_01186	7.40099330914
LDKALFFP_01187	8.50001299227
LDKALFFP_01188	2.54045332129
LDKALFFP_01189	0.0
LDKALFFP_01190	3.06576739789
LDKALFFP_01191	0.766441849472
LDKALFFP_01192	6.1108201512
LDKALFFP_01193	0.0
LDKALFFP_01194	0.0
LDKALFFP_01195	0.0
LDKALFFP_01196	6.43549370762
LDKALFFP_01197	16.088734269
LDKALFFP_01198	9.85902669743
LDKALFFP_01199	0.0
LDKALFFP_01200	0.0
LDKALFFP_01201	0.0
LDKALFFP_01202	0.0
LDKALFFP_01203	0.0
LDKALFFP_01204	0.0
LDKALFFP_01205	0.0
LDKALFFP_01206	0.0
LDKALFFP_01207	0.0
LDKALFFP_01208	0.0
LDKALFFP_01209	6.45474069805
LDKALFFP_01210	1.27452280493
LDKALFFP_01211	0.0
LDKALFFP_01212	0.0
LDKALFFP_01213	1.50934810143
LDKALFFP_01214	3.84001945643
LDKALFFP_01215	1.50934810143
LDKALFFP_01216	11.0636290104
LDKALFFP_01217	3.54759956477
LDKALFFP_01218	0.0
LDKALFFP_01219	0.0
LDKALFFP_01220	21.2855973886
LDKALFFP_01221	0.0
LDKALFFP_01222	0.0
LDKALFFP_01223	2.10914501487
LDKALFFP_01224	0.0
LDKALFFP_01225	6.37900661552
LDKALFFP_01226	0.0
LDKALFFP_01227	22.9310695329
LDKALFFP_01228	3.281572505
LDKALFFP_01229	0.0
LDKALFFP_01230	0.0
LDKALFFP_01231	0.0
LDKALFFP_01232	1.67233983428
LDKALFFP_01233	0.0
LDKALFFP_01234	0.0
LDKALFFP_01235	11.4577877835
LDKALFFP_01236	0.0
LDKALFFP_01237	0.456953002414
LDKALFFP_01238	0.0
LDKALFFP_01239	0.0
LDKALFFP_01240	1.19000181892
LDKALFFP_01241	2.23419313828
LDKALFFP_01242	0.0
LDKALFFP_01243	0.0
LDKALFFP_01244	3.01869620286
LDKALFFP_01245	0.0
LDKALFFP_01246	0.0
LDKALFFP_01247	0.0
LDKALFFP_01248	5.60579369242
LDKALFFP_01249	22.301248048
LDKALFFP_01250	0.0
LDKALFFP_01251	0.0
LDKALFFP_01252	0.80923530993
LDKALFFP_01253	0.0
LDKALFFP_01254	0.0
LDKALFFP_01255	0.0
LDKALFFP_01256	0.0
LDKALFFP_01257	1.22880622606
LDKALFFP_01258	5.54847473851
LDKALFFP_01259	3.51451314395
LDKALFFP_01260	0.0
LDKALFFP_01261	0.0
LDKALFFP_01262	0.0
LDKALFFP_01263	0.0
LDKALFFP_01264	0.0
LDKALFFP_01265	0.0
LDKALFFP_01266	0.772728453843
LDKALFFP_01267	4.15625635284
LDKALFFP_01268	0.0
LDKALFFP_01269	0.0
LDKALFFP_01270	0.0
LDKALFFP_01271	1.05358968124
LDKALFFP_01272	0.0
LDKALFFP_01273	0.0
LDKALFFP_01274	0.0
LDKALFFP_01275	0.843658005949
LDKALFFP_01276	1.3426386318
LDKALFFP_01277	0.0
LDKALFFP_01278	0.449861411847
LDKALFFP_01279	0.89580168619
LDKALFFP_01280	0.0
LDKALFFP_01281	0.5340112083
LDKALFFP_01282	0.0
LDKALFFP_01283	2.46834438422
LDKALFFP_01284	0.72098324488
LDKALFFP_01285	0.0
LDKALFFP_01286	2.13302212825
LDKALFFP_01287	2.78448701471
LDKALFFP_01288	0.0
LDKALFFP_01289	0.0
LDKALFFP_01290	6.1108201512
LDKALFFP_01291	8.78835265561
LDKALFFP_01292	6.99279419364
LDKALFFP_01293	4.3148920915
LDKALFFP_01294	2.66000406582
LDKALFFP_01295	0.0
LDKALFFP_01296	0.0
LDKALFFP_01297	7.50095933251
LDKALFFP_01298	3.28634223248
LDKALFFP_01299	1.66986961296
LDKALFFP_01300	9.87337753687
LDKALFFP_01301	0.0
LDKALFFP_01302	0.0
LDKALFFP_01303	0.0
LDKALFFP_01304	2.93129229379
LDKALFFP_01305	3.1737836271
LDKALFFP_01306	3.45983696395
LDKALFFP_01307	0.548787246588
LDKALFFP_01308	3.04717446893
LDKALFFP_01309	10.0868376552
LDKALFFP_01310	4.5831151134
LDKALFFP_01311	5.72405938214
LDKALFFP_01312	0.0
LDKALFFP_01313	2.43642613787
LDKALFFP_01314	3.55057075368
LDKALFFP_01315	2.22685829541
LDKALFFP_01316	0.0
LDKALFFP_01317	4.16817515434
LDKALFFP_01318	4.14609435687
LDKALFFP_01319	0.0
LDKALFFP_01320	3.44665160967
LDKALFFP_01321	0.0
LDKALFFP_01322	2.15470469118
LDKALFFP_01323	2.64754503038
LDKALFFP_01324	0.0
LDKALFFP_01325	0.0
LDKALFFP_01326	1.25471889897
LDKALFFP_01327	0.0
LDKALFFP_01328	0.0
LDKALFFP_01329	0.0
LDKALFFP_01330	5.04688271416
LDKALFFP_01331	4.78620545289
LDKALFFP_01332	0.0
LDKALFFP_01333	10.4891912905
LDKALFFP_01334	0.952402466699
LDKALFFP_01335	2.20084697204
LDKALFFP_01336	4.7620123335
LDKALFFP_01337	0.0
LDKALFFP_01338	0.0
LDKALFFP_01339	0.598465710943
LDKALFFP_01340	1.03336538206
LDKALFFP_01341	0.0
LDKALFFP_01342	0.576492467094
LDKALFFP_01343	3.35460453404
LDKALFFP_01344	1.28758738949
LDKALFFP_01345	0.0
LDKALFFP_01346	4.52804430429
LDKALFFP_01347	0.0
LDKALFFP_01348	0.0
LDKALFFP_01349	0.0
LDKALFFP_01350	0.0
LDKALFFP_01351	1.86859789747
LDKALFFP_01352	1.4229096639
LDKALFFP_01353	2.71428986308
LDKALFFP_01354	0.0
LDKALFFP_01355	0.691861522627
LDKALFFP_01356	0.0
LDKALFFP_01357	1.96608996169
LDKALFFP_01358	5.17787050979
LDKALFFP_01359	0.0
LDKALFFP_01360	2.92371136544
LDKALFFP_01361	4.91522490423
LDKALFFP_01362	0.0
LDKALFFP_01363	0.0
LDKALFFP_01364	0.0
LDKALFFP_01365	0.0
LDKALFFP_01366	32.9272347953
LDKALFFP_01367	0.0
LDKALFFP_01368	0.915386014552
LDKALFFP_01369	1.55288698897
LDKALFFP_01370	0.0
LDKALFFP_01371	11.5525724026
LDKALFFP_01372	18.0016198722
LDKALFFP_01373	0.0
LDKALFFP_01374	0.9821909018
LDKALFFP_01375	0.0
LDKALFFP_01376	2.20801118745
LDKALFFP_01377	9.14152340678
LDKALFFP_01378	0.0
LDKALFFP_01379	3.09726500814
LDKALFFP_01380	0.0
LDKALFFP_01381	0.0
LDKALFFP_01382	0.0
LDKALFFP_01383	0.0
LDKALFFP_01384	3.14902988293
LDKALFFP_01385	0.0
LDKALFFP_01386	14.6580450953
LDKALFFP_01387	4.50998029776
LDKALFFP_01388	0.0
LDKALFFP_01389	2.66000406582
LDKALFFP_01390	0.0
LDKALFFP_01391	0.0
LDKALFFP_01392	5.15269702813
LDKALFFP_01393	0.0
LDKALFFP_01394	0.0
LDKALFFP_01395	4.54381723461
LDKALFFP_01396	0.0
LDKALFFP_01397	0.0
LDKALFFP_01398	0.0
LDKALFFP_01399	0.0
LDKALFFP_01400	0.0
LDKALFFP_01401	3.82356841479
LDKALFFP_01402	0.0
LDKALFFP_01403	5.15034955796
LDKALFFP_01404	0.0
LDKALFFP_01405	0.0
LDKALFFP_01406	0.0
LDKALFFP_01407	0.0
LDKALFFP_01408	0.0
LDKALFFP_01409	0.423567526404
LDKALFFP_01410	0.0
LDKALFFP_01411	19.0400291027
LDKALFFP_01412	2.00088801411
LDKALFFP_01413	0.0
LDKALFFP_01414	0.0
LDKALFFP_01415	2.3142307635
LDKALFFP_01416	106.088138695
LDKALFFP_01417	6.70461791224
LDKALFFP_01418	0.0
LDKALFFP_01419	15.7411633009
LDKALFFP_01420	0.904401382378
LDKALFFP_01421	11.9559524697
LDKALFFP_01422	0.0
LDKALFFP_01423	0.0
LDKALFFP_01424	0.0
LDKALFFP_01425	0.0
LDKALFFP_01426	1.14307555912
LDKALFFP_01427	1.93413469285
LDKALFFP_01428	0.0
LDKALFFP_01429	8.9960349706
LDKALFFP_01430	6.91203502157
LDKALFFP_01431	0.0
LDKALFFP_01432	0.0
LDKALFFP_01433	0.0
LDKALFFP_01434	0.0
LDKALFFP_01435	1.82338988383
LDKALFFP_01436	0.547989204058
LDKALFFP_01437	0.0
LDKALFFP_01438	18.5328152127
LDKALFFP_01439	0.0
LDKALFFP_01440	0.707447889845
LDKALFFP_01441	0.0
LDKALFFP_01442	1.60127723509
LDKALFFP_01443	0.0
LDKALFFP_01444	3.48382658851
LDKALFFP_01445	0.0
LDKALFFP_01446	7.23135433671
LDKALFFP_01447	4.62057926964
LDKALFFP_01448	0.0
LDKALFFP_01449	0.0
LDKALFFP_01450	0.0
LDKALFFP_01451	0.0
