IIHJNNKP_00001	0
IIHJNNKP_00002	0
IIHJNNKP_00003	0
IIHJNNKP_00004	0
IIHJNNKP_00005	0
IIHJNNKP_00006	0
IIHJNNKP_00007	0
IIHJNNKP_00008	0
IIHJNNKP_00009	0
IIHJNNKP_00010	0
IIHJNNKP_00011	0
IIHJNNKP_00012	0
IIHJNNKP_00013	0
IIHJNNKP_00014	0
IIHJNNKP_00015	0
IIHJNNKP_00016	0
IIHJNNKP_00017	0
IIHJNNKP_00018	0
IIHJNNKP_00019	0
IIHJNNKP_00020	0
IIHJNNKP_00021	0
IIHJNNKP_00022	0
IIHJNNKP_00023	1
IIHJNNKP_00024	1
IIHJNNKP_00025	0
IIHJNNKP_00026	0
IIHJNNKP_00027	0
IIHJNNKP_00028	0
IIHJNNKP_00029	0
IIHJNNKP_00030	0
IIHJNNKP_00031	0
IIHJNNKP_00032	0
IIHJNNKP_00033	0
IIHJNNKP_00034	0
IIHJNNKP_00035	0
IIHJNNKP_00036	0
IIHJNNKP_00037	0
IIHJNNKP_00038	0
IIHJNNKP_00039	0
IIHJNNKP_00040	0
IIHJNNKP_00041	0
IIHJNNKP_00042	3
IIHJNNKP_00043	0
IIHJNNKP_00044	0
IIHJNNKP_00045	0
IIHJNNKP_00046	0
IIHJNNKP_00047	0
IIHJNNKP_00048	0
IIHJNNKP_00049	0
IIHJNNKP_00050	0
IIHJNNKP_00051	0
IIHJNNKP_00052	0
IIHJNNKP_00053	0
IIHJNNKP_00054	0
IIHJNNKP_00055	0
IIHJNNKP_00056	0
IIHJNNKP_00057	0
IIHJNNKP_00058	0
IIHJNNKP_00059	0
IIHJNNKP_00060	0
IIHJNNKP_00061	0
IIHJNNKP_00062	0
IIHJNNKP_00063	0
IIHJNNKP_00064	0
IIHJNNKP_00065	0
IIHJNNKP_00066	0
IIHJNNKP_00067	0
IIHJNNKP_00068	0
IIHJNNKP_00069	0
IIHJNNKP_00070	0
IIHJNNKP_00071	0
IIHJNNKP_00072	0
IIHJNNKP_00073	0
IIHJNNKP_00074	0
IIHJNNKP_00075	0
IIHJNNKP_00076	0
IIHJNNKP_00077	0
IIHJNNKP_00078	0
IIHJNNKP_00079	0
IIHJNNKP_00080	0
IIHJNNKP_00081	0
IIHJNNKP_00082	0
IIHJNNKP_00083	0
IIHJNNKP_00084	0
IIHJNNKP_00085	0
IIHJNNKP_00086	0
IIHJNNKP_00087	0
IIHJNNKP_00088	0
IIHJNNKP_00089	0
IIHJNNKP_00090	0
IIHJNNKP_00091	0
IIHJNNKP_00092	0
IIHJNNKP_00093	0
IIHJNNKP_00094	0
IIHJNNKP_00095	0
IIHJNNKP_00096	0
IIHJNNKP_00097	0
IIHJNNKP_00098	0
IIHJNNKP_00099	0
IIHJNNKP_00100	0
IIHJNNKP_00101	0
IIHJNNKP_00102	0
IIHJNNKP_00103	0
IIHJNNKP_00104	4
IIHJNNKP_00105	0
IIHJNNKP_00106	0
IIHJNNKP_00107	0
IIHJNNKP_00108	0
IIHJNNKP_00109	0
IIHJNNKP_00110	0
IIHJNNKP_00111	0
IIHJNNKP_00112	0
IIHJNNKP_00113	0
IIHJNNKP_00114	0
IIHJNNKP_00115	0
IIHJNNKP_00116	0
IIHJNNKP_00117	0
IIHJNNKP_00118	0
IIHJNNKP_00119	0
IIHJNNKP_00120	0
IIHJNNKP_00121	0
IIHJNNKP_00122	0
IIHJNNKP_00123	0
IIHJNNKP_00124	0
IIHJNNKP_00125	0
IIHJNNKP_00126	0
IIHJNNKP_00127	0
IIHJNNKP_00128	0
IIHJNNKP_00129	0
IIHJNNKP_00130	0
IIHJNNKP_00131	0
IIHJNNKP_00132	2
IIHJNNKP_00133	0
IIHJNNKP_00135	0
IIHJNNKP_00136	0
IIHJNNKP_00137	0
IIHJNNKP_00138	0
IIHJNNKP_00139	0
IIHJNNKP_00140	0
IIHJNNKP_00141	0
IIHJNNKP_00142	0
IIHJNNKP_00143	0
IIHJNNKP_00144	0
IIHJNNKP_00145	0
IIHJNNKP_00146	0
IIHJNNKP_00147	0
IIHJNNKP_00148	0
IIHJNNKP_00149	1
IIHJNNKP_00150	0
IIHJNNKP_00151	0
IIHJNNKP_00152	0
IIHJNNKP_00153	0
IIHJNNKP_00154	0
IIHJNNKP_00155	0
IIHJNNKP_00156	1
IIHJNNKP_00157	6
IIHJNNKP_00158	0
IIHJNNKP_00159	0
IIHJNNKP_00160	0
IIHJNNKP_00161	0
IIHJNNKP_00162	0
IIHJNNKP_00163	0
IIHJNNKP_00164	0
IIHJNNKP_00165	0
IIHJNNKP_00166	0
IIHJNNKP_00167	0
IIHJNNKP_00168	0
IIHJNNKP_00169	0
IIHJNNKP_00170	0
IIHJNNKP_00171	0
IIHJNNKP_00172	0
IIHJNNKP_00173	0
IIHJNNKP_00174	0
IIHJNNKP_00175	0
IIHJNNKP_00176	0
IIHJNNKP_00177	0
IIHJNNKP_00178	0
IIHJNNKP_00179	0
IIHJNNKP_00180	0
IIHJNNKP_00181	0
IIHJNNKP_00182	0
IIHJNNKP_00183	0
IIHJNNKP_00185	0
IIHJNNKP_00186	0
IIHJNNKP_00187	1
IIHJNNKP_00188	0
IIHJNNKP_00189	0
IIHJNNKP_00190	0
IIHJNNKP_00191	0
IIHJNNKP_00192	0
IIHJNNKP_00193	0
IIHJNNKP_00194	0
IIHJNNKP_00195	0
IIHJNNKP_00196	0
IIHJNNKP_00197	0
IIHJNNKP_00198	0
IIHJNNKP_00199	0
IIHJNNKP_00200	0
IIHJNNKP_00201	0
IIHJNNKP_00202	0
IIHJNNKP_00203	0
IIHJNNKP_00204	0
IIHJNNKP_00205	0
IIHJNNKP_00206	0
IIHJNNKP_00207	0
IIHJNNKP_00208	0
IIHJNNKP_00209	0
IIHJNNKP_00210	0
IIHJNNKP_00211	0
IIHJNNKP_00212	0
IIHJNNKP_00213	0
IIHJNNKP_00214	0
IIHJNNKP_00215	0
IIHJNNKP_00216	0
IIHJNNKP_00217	0
IIHJNNKP_00218	0
IIHJNNKP_00219	0
IIHJNNKP_00220	1
IIHJNNKP_00221	0
IIHJNNKP_00222	0
IIHJNNKP_00223	0
IIHJNNKP_00224	0
IIHJNNKP_00225	0
IIHJNNKP_00226	0
IIHJNNKP_00227	0
IIHJNNKP_00228	0
IIHJNNKP_00229	0
IIHJNNKP_00230	0
IIHJNNKP_00231	0
IIHJNNKP_00232	0
IIHJNNKP_00233	0
IIHJNNKP_00234	0
IIHJNNKP_00235	0
IIHJNNKP_00236	0
IIHJNNKP_00237	0
IIHJNNKP_00238	0
IIHJNNKP_00239	0
IIHJNNKP_00240	0
IIHJNNKP_00241	0
IIHJNNKP_00242	0
IIHJNNKP_00243	0
IIHJNNKP_00244	0
IIHJNNKP_00245	0
IIHJNNKP_00246	0
IIHJNNKP_00247	0
IIHJNNKP_00248	0
IIHJNNKP_00249	0
IIHJNNKP_00250	0
IIHJNNKP_00251	1
IIHJNNKP_00253	0
IIHJNNKP_00254	0
IIHJNNKP_00255	0
IIHJNNKP_00256	0
IIHJNNKP_00257	0
IIHJNNKP_00258	0
IIHJNNKP_00259	0
IIHJNNKP_00260	0
IIHJNNKP_00261	0
IIHJNNKP_00262	0
IIHJNNKP_00263	0
IIHJNNKP_00264	0
IIHJNNKP_00265	0
IIHJNNKP_00266	0
IIHJNNKP_00267	0
IIHJNNKP_00268	0
IIHJNNKP_00269	0
IIHJNNKP_00270	0
IIHJNNKP_00271	0
IIHJNNKP_00272	0
IIHJNNKP_00273	0
IIHJNNKP_00274	0
IIHJNNKP_00275	0
IIHJNNKP_00276	0
IIHJNNKP_00277	0
IIHJNNKP_00278	0
IIHJNNKP_00279	0
IIHJNNKP_00280	0
IIHJNNKP_00281	0
IIHJNNKP_00282	0
IIHJNNKP_00283	0
IIHJNNKP_00284	0
IIHJNNKP_00285	0
IIHJNNKP_00286	0
IIHJNNKP_00287	0
IIHJNNKP_00288	0
IIHJNNKP_00290	0
IIHJNNKP_00291	0
IIHJNNKP_00292	3
IIHJNNKP_00293	4
IIHJNNKP_00294	0
IIHJNNKP_00295	0
IIHJNNKP_00296	0
IIHJNNKP_00297	0
IIHJNNKP_00298	1
IIHJNNKP_00299	0
IIHJNNKP_00300	1
IIHJNNKP_00301	0
IIHJNNKP_00302	0
IIHJNNKP_00303	0
IIHJNNKP_00304	0
IIHJNNKP_00305	0
IIHJNNKP_00306	0
IIHJNNKP_00307	0
IIHJNNKP_00308	0
IIHJNNKP_00309	0
IIHJNNKP_00310	0
IIHJNNKP_00311	0
IIHJNNKP_00312	1
IIHJNNKP_00313	0
IIHJNNKP_00314	0
IIHJNNKP_00315	0
IIHJNNKP_00316	0
IIHJNNKP_00317	0
IIHJNNKP_00318	0
IIHJNNKP_00319	0
IIHJNNKP_00320	0
IIHJNNKP_00321	0
IIHJNNKP_00322	0
IIHJNNKP_00323	0
IIHJNNKP_00324	0
IIHJNNKP_00325	0
IIHJNNKP_00326	0
IIHJNNKP_00327	0
IIHJNNKP_00328	0
IIHJNNKP_00329	0
IIHJNNKP_00330	0
IIHJNNKP_00331	0
IIHJNNKP_00332	0
IIHJNNKP_00333	0
IIHJNNKP_00334	0
IIHJNNKP_00335	0
IIHJNNKP_00336	0
IIHJNNKP_00337	0
IIHJNNKP_00338	0
IIHJNNKP_00339	0
IIHJNNKP_00340	0
IIHJNNKP_00341	0
IIHJNNKP_00342	0
IIHJNNKP_00343	0
IIHJNNKP_00344	0
IIHJNNKP_00345	0
IIHJNNKP_00346	0
IIHJNNKP_00347	0
IIHJNNKP_00348	0
IIHJNNKP_00349	0
IIHJNNKP_00350	0
IIHJNNKP_00351	0
IIHJNNKP_00352	0
IIHJNNKP_00353	1
IIHJNNKP_00354	0
IIHJNNKP_00355	0
IIHJNNKP_00356	0
IIHJNNKP_00357	0
IIHJNNKP_00358	0
IIHJNNKP_00359	0
IIHJNNKP_00360	1
IIHJNNKP_00361	0
IIHJNNKP_00362	0
IIHJNNKP_00363	0
IIHJNNKP_00364	0
IIHJNNKP_00365	0
IIHJNNKP_00366	0
IIHJNNKP_00367	0
IIHJNNKP_00368	0
IIHJNNKP_00370	0
IIHJNNKP_00371	0
IIHJNNKP_00372	0
IIHJNNKP_00373	0
IIHJNNKP_00374	0
IIHJNNKP_00375	0
IIHJNNKP_00376	0
IIHJNNKP_00377	0
IIHJNNKP_00378	0
IIHJNNKP_00379	0
IIHJNNKP_00380	0
IIHJNNKP_00381	0
IIHJNNKP_00382	0
IIHJNNKP_00383	0
IIHJNNKP_00384	0
IIHJNNKP_00385	0
IIHJNNKP_00386	0
IIHJNNKP_00387	0
IIHJNNKP_00388	0
IIHJNNKP_00389	0
IIHJNNKP_00390	2
IIHJNNKP_00391	0
IIHJNNKP_00392	6
IIHJNNKP_00393	0
IIHJNNKP_00394	0
IIHJNNKP_00395	0
IIHJNNKP_00396	0
IIHJNNKP_00397	0
IIHJNNKP_00398	0
IIHJNNKP_00399	0
IIHJNNKP_00400	0
IIHJNNKP_00401	0
IIHJNNKP_00402	0
IIHJNNKP_00403	0
IIHJNNKP_00404	0
IIHJNNKP_00405	0
IIHJNNKP_00406	0
IIHJNNKP_00407	0
IIHJNNKP_00408	0
IIHJNNKP_00409	0
IIHJNNKP_00410	0
IIHJNNKP_00411	0
IIHJNNKP_00412	0
IIHJNNKP_00413	0
IIHJNNKP_00414	0
IIHJNNKP_00415	0
IIHJNNKP_00416	0
IIHJNNKP_00417	0
IIHJNNKP_00418	0
IIHJNNKP_00419	0
IIHJNNKP_00420	0
IIHJNNKP_00421	0
IIHJNNKP_00422	0
IIHJNNKP_00423	0
IIHJNNKP_00424	0
IIHJNNKP_00425	0
IIHJNNKP_00426	0
IIHJNNKP_00427	1
IIHJNNKP_00428	0
IIHJNNKP_00429	0
IIHJNNKP_00430	0
IIHJNNKP_00431	0
IIHJNNKP_00432	0
IIHJNNKP_00433	0
IIHJNNKP_00434	5
IIHJNNKP_00435	0
IIHJNNKP_00436	0
IIHJNNKP_00437	0
IIHJNNKP_00438	0
IIHJNNKP_00439	0
IIHJNNKP_00440	0
IIHJNNKP_00441	0
IIHJNNKP_00442	0
IIHJNNKP_00443	0
IIHJNNKP_00444	0
IIHJNNKP_00445	0
IIHJNNKP_00446	0
IIHJNNKP_00447	0
IIHJNNKP_00448	0
IIHJNNKP_00449	0
IIHJNNKP_00450	0
IIHJNNKP_00451	0
IIHJNNKP_00452	0
IIHJNNKP_00453	3
IIHJNNKP_00454	0
IIHJNNKP_00455	0
IIHJNNKP_00456	0
IIHJNNKP_00457	0
IIHJNNKP_00458	0
IIHJNNKP_00459	0
IIHJNNKP_00460	0
IIHJNNKP_00462	0
IIHJNNKP_00463	0
IIHJNNKP_00464	0
IIHJNNKP_00465	0
IIHJNNKP_00466	0
IIHJNNKP_00467	0
IIHJNNKP_00468	0
IIHJNNKP_00469	0
IIHJNNKP_00470	0
IIHJNNKP_00471	0
IIHJNNKP_00472	0
IIHJNNKP_00473	0
IIHJNNKP_00474	0
IIHJNNKP_00475	0
IIHJNNKP_00476	1
IIHJNNKP_00477	0
IIHJNNKP_00478	0
IIHJNNKP_00479	0
IIHJNNKP_00480	0
IIHJNNKP_00481	0
IIHJNNKP_00482	0
IIHJNNKP_00483	0
IIHJNNKP_00484	0
IIHJNNKP_00485	0
IIHJNNKP_00486	0
IIHJNNKP_00487	0
IIHJNNKP_00488	0
IIHJNNKP_00489	0
IIHJNNKP_00490	0
IIHJNNKP_00491	0
IIHJNNKP_00492	0
IIHJNNKP_00493	2
IIHJNNKP_00494	0
IIHJNNKP_00495	0
IIHJNNKP_00496	0
IIHJNNKP_00497	0
IIHJNNKP_00498	0
IIHJNNKP_00499	0
IIHJNNKP_00500	0
IIHJNNKP_00501	7
IIHJNNKP_00502	0
IIHJNNKP_00503	0
IIHJNNKP_00504	0
IIHJNNKP_00505	0
IIHJNNKP_00506	1
IIHJNNKP_00507	0
IIHJNNKP_00508	0
IIHJNNKP_00509	0
IIHJNNKP_00510	0
IIHJNNKP_00511	0
IIHJNNKP_00512	0
IIHJNNKP_00513	0
IIHJNNKP_00514	0
IIHJNNKP_00515	1
IIHJNNKP_00516	0
IIHJNNKP_00517	0
IIHJNNKP_00518	0
IIHJNNKP_00519	0
IIHJNNKP_00520	0
IIHJNNKP_00521	0
IIHJNNKP_00522	0
IIHJNNKP_00523	0
IIHJNNKP_00524	0
IIHJNNKP_00525	0
IIHJNNKP_00526	0
IIHJNNKP_00527	0
IIHJNNKP_00528	0
IIHJNNKP_00529	0
IIHJNNKP_00530	0
IIHJNNKP_00531	0
IIHJNNKP_00532	0
IIHJNNKP_00533	0
IIHJNNKP_00534	0
IIHJNNKP_00535	0
IIHJNNKP_00536	0
IIHJNNKP_00537	0
IIHJNNKP_00538	0
IIHJNNKP_00539	0
IIHJNNKP_00540	0
IIHJNNKP_00541	0
IIHJNNKP_00542	0
IIHJNNKP_00543	0
IIHJNNKP_00544	0
IIHJNNKP_00545	0
IIHJNNKP_00546	0
IIHJNNKP_00547	0
IIHJNNKP_00548	0
IIHJNNKP_00549	0
IIHJNNKP_00550	0
IIHJNNKP_00551	0
IIHJNNKP_00552	0
IIHJNNKP_00553	0
IIHJNNKP_00554	0
IIHJNNKP_00555	0
IIHJNNKP_00556	0
IIHJNNKP_00557	0
IIHJNNKP_00558	0
IIHJNNKP_00559	0
IIHJNNKP_00560	0
IIHJNNKP_00561	4
IIHJNNKP_00562	3
IIHJNNKP_00563	7
IIHJNNKP_00564	1
IIHJNNKP_00565	0
IIHJNNKP_00566	0
IIHJNNKP_00567	0
IIHJNNKP_00568	0
IIHJNNKP_00569	0
IIHJNNKP_00570	0
IIHJNNKP_00571	0
IIHJNNKP_00572	0
IIHJNNKP_00573	0
IIHJNNKP_00574	0
IIHJNNKP_00575	0
IIHJNNKP_00576	0
IIHJNNKP_00577	0
IIHJNNKP_00578	0
IIHJNNKP_00579	0
IIHJNNKP_00580	0
IIHJNNKP_00581	0
IIHJNNKP_00582	0
IIHJNNKP_00583	0
IIHJNNKP_00584	0
IIHJNNKP_00585	0
IIHJNNKP_00586	0
IIHJNNKP_00587	0
IIHJNNKP_00588	0
IIHJNNKP_00589	0
IIHJNNKP_00590	0
IIHJNNKP_00591	0
IIHJNNKP_00592	0
IIHJNNKP_00593	0
IIHJNNKP_00594	0
IIHJNNKP_00595	0
IIHJNNKP_00596	0
IIHJNNKP_00597	0
IIHJNNKP_00600	0
IIHJNNKP_00601	0
IIHJNNKP_00602	0
IIHJNNKP_00603	1
IIHJNNKP_00604	0
IIHJNNKP_00605	0
IIHJNNKP_00606	0
IIHJNNKP_00607	0
IIHJNNKP_00608	0
IIHJNNKP_00609	0
IIHJNNKP_00610	0
IIHJNNKP_00611	0
IIHJNNKP_00612	0
IIHJNNKP_00613	0
IIHJNNKP_00614	0
IIHJNNKP_00615	0
IIHJNNKP_00616	0
IIHJNNKP_00617	0
IIHJNNKP_00618	0
IIHJNNKP_00619	0
IIHJNNKP_00620	0
IIHJNNKP_00621	0
IIHJNNKP_00622	0
IIHJNNKP_00623	0
IIHJNNKP_00624	0
IIHJNNKP_00625	0
IIHJNNKP_00626	0
IIHJNNKP_00627	2
IIHJNNKP_00628	8
IIHJNNKP_00629	0
IIHJNNKP_00630	0
IIHJNNKP_00631	0
IIHJNNKP_00632	0
IIHJNNKP_00633	0
IIHJNNKP_00634	0
IIHJNNKP_00635	0
IIHJNNKP_00636	0
IIHJNNKP_00637	0
IIHJNNKP_00638	0
IIHJNNKP_00639	0
IIHJNNKP_00640	0
IIHJNNKP_00641	0
IIHJNNKP_00642	0
IIHJNNKP_00643	0
IIHJNNKP_00644	0
IIHJNNKP_00645	0
IIHJNNKP_00646	1
IIHJNNKP_00647	0
IIHJNNKP_00648	0
IIHJNNKP_00649	0
IIHJNNKP_00650	0
IIHJNNKP_00651	0
IIHJNNKP_00652	0
IIHJNNKP_00653	0
IIHJNNKP_00654	0
IIHJNNKP_00655	0
IIHJNNKP_00656	0
IIHJNNKP_00657	0
IIHJNNKP_00658	0
IIHJNNKP_00659	0
IIHJNNKP_00660	0
IIHJNNKP_00661	0
IIHJNNKP_00662	0
IIHJNNKP_00663	0
IIHJNNKP_00664	0
IIHJNNKP_00665	0
IIHJNNKP_00666	0
IIHJNNKP_00667	0
IIHJNNKP_00668	0
IIHJNNKP_00669	0
IIHJNNKP_00670	0
IIHJNNKP_00671	0
IIHJNNKP_00672	0
IIHJNNKP_00673	0
IIHJNNKP_00674	0
IIHJNNKP_00675	0
IIHJNNKP_00676	0
IIHJNNKP_00677	0
IIHJNNKP_00678	0
IIHJNNKP_00679	0
IIHJNNKP_00680	0
IIHJNNKP_00681	8
IIHJNNKP_00682	0
IIHJNNKP_00683	0
IIHJNNKP_00684	0
IIHJNNKP_00685	2
IIHJNNKP_00686	0
IIHJNNKP_00687	0
IIHJNNKP_00688	0
IIHJNNKP_00689	0
IIHJNNKP_00690	0
IIHJNNKP_00691	0
IIHJNNKP_00692	0
IIHJNNKP_00693	0
IIHJNNKP_00694	0
IIHJNNKP_00695	0
IIHJNNKP_00696	0
IIHJNNKP_00697	0
IIHJNNKP_00698	0
IIHJNNKP_00699	4
IIHJNNKP_00700	4
IIHJNNKP_00701	0
IIHJNNKP_00702	1
IIHJNNKP_00703	0
IIHJNNKP_00704	0
IIHJNNKP_00705	0
IIHJNNKP_00706	0
IIHJNNKP_00707	0
IIHJNNKP_00708	0
IIHJNNKP_00709	0
IIHJNNKP_00710	0
IIHJNNKP_00711	0
IIHJNNKP_00712	0
IIHJNNKP_00713	0
IIHJNNKP_00714	0
IIHJNNKP_00715	0
IIHJNNKP_00716	0
IIHJNNKP_00717	0
IIHJNNKP_00718	0
IIHJNNKP_00719	0
IIHJNNKP_00720	0
IIHJNNKP_00721	0
IIHJNNKP_00722	0
IIHJNNKP_00723	0
IIHJNNKP_00724	0
IIHJNNKP_00725	0
IIHJNNKP_00726	0
IIHJNNKP_00727	0
IIHJNNKP_00728	0
IIHJNNKP_00729	0
IIHJNNKP_00730	0
IIHJNNKP_00731	1
IIHJNNKP_00732	1
IIHJNNKP_00733	0
IIHJNNKP_00734	0
IIHJNNKP_00735	0
IIHJNNKP_00736	0
IIHJNNKP_00737	0
IIHJNNKP_00738	0
IIHJNNKP_00739	0
IIHJNNKP_00740	0
IIHJNNKP_00741	4
IIHJNNKP_00742	0
IIHJNNKP_00743	0
IIHJNNKP_00744	0
IIHJNNKP_00745	0
IIHJNNKP_00746	0
IIHJNNKP_00747	0
IIHJNNKP_00748	0
IIHJNNKP_00749	0
IIHJNNKP_00750	0
IIHJNNKP_00751	0
IIHJNNKP_00752	0
IIHJNNKP_00753	0
IIHJNNKP_00754	0
IIHJNNKP_00755	0
IIHJNNKP_00756	0
IIHJNNKP_00757	0
IIHJNNKP_00758	0
IIHJNNKP_00759	3
IIHJNNKP_00760	0
IIHJNNKP_00761	0
IIHJNNKP_00762	0
IIHJNNKP_00763	2
IIHJNNKP_00764	0
IIHJNNKP_00765	0
IIHJNNKP_00766	0
IIHJNNKP_00767	0
IIHJNNKP_00768	0
IIHJNNKP_00769	0
IIHJNNKP_00770	0
IIHJNNKP_00771	0
IIHJNNKP_00772	0
IIHJNNKP_00773	0
IIHJNNKP_00774	0
IIHJNNKP_00775	0
IIHJNNKP_00776	0
IIHJNNKP_00777	0
IIHJNNKP_00778	0
IIHJNNKP_00779	0
IIHJNNKP_00780	0
IIHJNNKP_00781	0
IIHJNNKP_00782	0
IIHJNNKP_00783	0
IIHJNNKP_00784	0
IIHJNNKP_00785	0
IIHJNNKP_00786	0
IIHJNNKP_00787	0
IIHJNNKP_00788	0
IIHJNNKP_00789	0
IIHJNNKP_00790	0
IIHJNNKP_00791	0
IIHJNNKP_00792	0
IIHJNNKP_00793	0
IIHJNNKP_00794	0
IIHJNNKP_00795	0
IIHJNNKP_00796	0
IIHJNNKP_00797	0
IIHJNNKP_00798	0
IIHJNNKP_00799	0
IIHJNNKP_00800	0
IIHJNNKP_00801	0
IIHJNNKP_00802	0
IIHJNNKP_00803	0
IIHJNNKP_00804	0
IIHJNNKP_00805	0
IIHJNNKP_00806	0
IIHJNNKP_00807	0
IIHJNNKP_00808	0
IIHJNNKP_00809	0
IIHJNNKP_00810	0
IIHJNNKP_00811	0
IIHJNNKP_00813	0
IIHJNNKP_00814	0
IIHJNNKP_00815	0
IIHJNNKP_00816	0
IIHJNNKP_00817	0
IIHJNNKP_00818	0
IIHJNNKP_00819	0
IIHJNNKP_00820	0
IIHJNNKP_00821	0
IIHJNNKP_00822	0
IIHJNNKP_00823	0
IIHJNNKP_00824	0
IIHJNNKP_00825	0
IIHJNNKP_00826	0
IIHJNNKP_00827	0
IIHJNNKP_00828	0
IIHJNNKP_00829	0
IIHJNNKP_00830	0
IIHJNNKP_00831	0
IIHJNNKP_00832	0
IIHJNNKP_00833	0
IIHJNNKP_00834	0
IIHJNNKP_00835	0
IIHJNNKP_00836	0
IIHJNNKP_00839	0
IIHJNNKP_00840	0
IIHJNNKP_00841	0
IIHJNNKP_00842	0
IIHJNNKP_00843	0
IIHJNNKP_00844	0
IIHJNNKP_00845	0
IIHJNNKP_00846	0
IIHJNNKP_00847	0
IIHJNNKP_00848	0
IIHJNNKP_00849	0
IIHJNNKP_00850	0
IIHJNNKP_00851	0
IIHJNNKP_00852	1
IIHJNNKP_00853	0
IIHJNNKP_00854	0
IIHJNNKP_00855	0
IIHJNNKP_00856	0
IIHJNNKP_00857	0
IIHJNNKP_00858	0
IIHJNNKP_00859	0
IIHJNNKP_00860	0
IIHJNNKP_00861	0
IIHJNNKP_00862	0
IIHJNNKP_00863	0
IIHJNNKP_00864	0
IIHJNNKP_00865	0
IIHJNNKP_00866	3
IIHJNNKP_00867	0
IIHJNNKP_00868	0
IIHJNNKP_00869	0
IIHJNNKP_00870	0
IIHJNNKP_00871	0
IIHJNNKP_00872	0
IIHJNNKP_00873	0
IIHJNNKP_00874	0
IIHJNNKP_00875	0
IIHJNNKP_00876	0
IIHJNNKP_00877	0
IIHJNNKP_00878	0
IIHJNNKP_00879	0
IIHJNNKP_00880	0
IIHJNNKP_00881	0
IIHJNNKP_00882	0
IIHJNNKP_00883	2
IIHJNNKP_00884	0
IIHJNNKP_00885	0
IIHJNNKP_00886	0
IIHJNNKP_00887	0
IIHJNNKP_00888	0
IIHJNNKP_00889	0
IIHJNNKP_00890	0
IIHJNNKP_00891	0
IIHJNNKP_00892	0
IIHJNNKP_00893	0
IIHJNNKP_00894	0
IIHJNNKP_00895	0
IIHJNNKP_00896	0
IIHJNNKP_00897	0
IIHJNNKP_00898	0
IIHJNNKP_00899	0
IIHJNNKP_00900	0
IIHJNNKP_00901	0
IIHJNNKP_00902	0
IIHJNNKP_00903	0
IIHJNNKP_00904	0
IIHJNNKP_00905	0
IIHJNNKP_00906	0
IIHJNNKP_00907	0
IIHJNNKP_00908	8
IIHJNNKP_00909	0
IIHJNNKP_00910	0
IIHJNNKP_00911	0
IIHJNNKP_00912	0
IIHJNNKP_00913	0
IIHJNNKP_00914	0
IIHJNNKP_00915	0
IIHJNNKP_00916	0
IIHJNNKP_00917	0
IIHJNNKP_00918	0
IIHJNNKP_00919	0
IIHJNNKP_00920	0
IIHJNNKP_00921	0
IIHJNNKP_00922	0
IIHJNNKP_00923	0
IIHJNNKP_00924	0
IIHJNNKP_00925	0
IIHJNNKP_00926	0
IIHJNNKP_00927	0
IIHJNNKP_00928	0
IIHJNNKP_00929	0
IIHJNNKP_00930	0
IIHJNNKP_00931	0
IIHJNNKP_00932	0
IIHJNNKP_00933	1
IIHJNNKP_00934	0
IIHJNNKP_00935	0
IIHJNNKP_00936	0
IIHJNNKP_00937	0
IIHJNNKP_00938	0
IIHJNNKP_00939	0
IIHJNNKP_00940	1
IIHJNNKP_00941	0
IIHJNNKP_00942	0
IIHJNNKP_00943	0
IIHJNNKP_00944	0
IIHJNNKP_00945	0
IIHJNNKP_00946	0
IIHJNNKP_00947	0
IIHJNNKP_00948	1
IIHJNNKP_00949	0
IIHJNNKP_00950	0
IIHJNNKP_00951	0
IIHJNNKP_00952	0
IIHJNNKP_00953	0
IIHJNNKP_00954	0
IIHJNNKP_00955	0
IIHJNNKP_00956	0
IIHJNNKP_00957	0
IIHJNNKP_00958	2
IIHJNNKP_00959	0
IIHJNNKP_00960	0
IIHJNNKP_00961	0
IIHJNNKP_00962	0
IIHJNNKP_00963	0
IIHJNNKP_00964	0
IIHJNNKP_00965	0
IIHJNNKP_00966	0
IIHJNNKP_00967	0
IIHJNNKP_00968	0
IIHJNNKP_00969	0
IIHJNNKP_00970	0
IIHJNNKP_00971	1
IIHJNNKP_00972	1
IIHJNNKP_00973	0
IIHJNNKP_00974	0
IIHJNNKP_00975	0
IIHJNNKP_00976	0
IIHJNNKP_00977	0
IIHJNNKP_00978	0
IIHJNNKP_00979	0
IIHJNNKP_00980	0
IIHJNNKP_00981	0
IIHJNNKP_00982	2
IIHJNNKP_00983	0
IIHJNNKP_00984	0
IIHJNNKP_00985	0
IIHJNNKP_00986	0
IIHJNNKP_00987	0
IIHJNNKP_00988	0
IIHJNNKP_00989	0
IIHJNNKP_00990	10
IIHJNNKP_00991	0
IIHJNNKP_00992	0
IIHJNNKP_00993	0
IIHJNNKP_00994	0
IIHJNNKP_00995	0
IIHJNNKP_00996	0
IIHJNNKP_00997	2
IIHJNNKP_00998	0
IIHJNNKP_00999	0
IIHJNNKP_01000	0
IIHJNNKP_01001	0
IIHJNNKP_01002	0
IIHJNNKP_01003	0
IIHJNNKP_01004	0
IIHJNNKP_01005	0
IIHJNNKP_01006	0
IIHJNNKP_01007	0
IIHJNNKP_01008	0
IIHJNNKP_01009	3
IIHJNNKP_01010	0
IIHJNNKP_01011	0
IIHJNNKP_01012	0
IIHJNNKP_01013	0
IIHJNNKP_01014	0
IIHJNNKP_01015	0
IIHJNNKP_01016	0
IIHJNNKP_01017	0
IIHJNNKP_01018	0
IIHJNNKP_01019	0
IIHJNNKP_01020	0
IIHJNNKP_01021	0
IIHJNNKP_01022	0
IIHJNNKP_01023	0
IIHJNNKP_01024	0
IIHJNNKP_01025	4
IIHJNNKP_01026	0
IIHJNNKP_01027	0
IIHJNNKP_01028	0
IIHJNNKP_01029	0
IIHJNNKP_01030	0
IIHJNNKP_01031	0
IIHJNNKP_01032	0
IIHJNNKP_01033	0
IIHJNNKP_01034	0
IIHJNNKP_01035	0
IIHJNNKP_01036	0
IIHJNNKP_01037	0
IIHJNNKP_01038	0
IIHJNNKP_01039	0
IIHJNNKP_01040	0
IIHJNNKP_01041	0
IIHJNNKP_01042	0
IIHJNNKP_01043	0
IIHJNNKP_01044	0
IIHJNNKP_01045	0
IIHJNNKP_01046	0
IIHJNNKP_01047	7
IIHJNNKP_01048	0
IIHJNNKP_01049	0
IIHJNNKP_01050	0
IIHJNNKP_01051	0
IIHJNNKP_01052	0
IIHJNNKP_01053	0
IIHJNNKP_01055	0
IIHJNNKP_01056	0
IIHJNNKP_01057	0
IIHJNNKP_01058	0
IIHJNNKP_01059	0
IIHJNNKP_01060	0
IIHJNNKP_01061	0
IIHJNNKP_01062	0
IIHJNNKP_01063	0
IIHJNNKP_01064	0
IIHJNNKP_01065	0
IIHJNNKP_01066	0
IIHJNNKP_01067	0
IIHJNNKP_01068	0
IIHJNNKP_01069	1
IIHJNNKP_01070	1
IIHJNNKP_01071	0
IIHJNNKP_01073	0
IIHJNNKP_01074	0
IIHJNNKP_01075	0
IIHJNNKP_01076	0
IIHJNNKP_01077	0
IIHJNNKP_01078	0
IIHJNNKP_01079	0
IIHJNNKP_01080	0
IIHJNNKP_01081	0
IIHJNNKP_01082	0
IIHJNNKP_01083	0
IIHJNNKP_01084	0
IIHJNNKP_01085	0
IIHJNNKP_01086	0
IIHJNNKP_01087	0
IIHJNNKP_01088	0
IIHJNNKP_01089	0
IIHJNNKP_01090	0
IIHJNNKP_01091	0
IIHJNNKP_01092	0
IIHJNNKP_01093	0
IIHJNNKP_01094	0
IIHJNNKP_01095	0
IIHJNNKP_01096	0
IIHJNNKP_01097	0
IIHJNNKP_01098	0
IIHJNNKP_01099	0
IIHJNNKP_01100	0
IIHJNNKP_01101	0
IIHJNNKP_01102	0
IIHJNNKP_01103	0
IIHJNNKP_01104	0
IIHJNNKP_01105	0
IIHJNNKP_01106	0
IIHJNNKP_01107	0
IIHJNNKP_01108	0
IIHJNNKP_01109	0
IIHJNNKP_01110	0
IIHJNNKP_01111	0
IIHJNNKP_01112	0
IIHJNNKP_01113	0
IIHJNNKP_01114	1
IIHJNNKP_01115	0
IIHJNNKP_01116	0
IIHJNNKP_01117	0
IIHJNNKP_01118	0
IIHJNNKP_01119	0
IIHJNNKP_01120	0
IIHJNNKP_01121	0
IIHJNNKP_01122	0
IIHJNNKP_01123	0
IIHJNNKP_01124	0
IIHJNNKP_01125	0
IIHJNNKP_01126	0
IIHJNNKP_01127	0
IIHJNNKP_01128	0
IIHJNNKP_01129	0
IIHJNNKP_01130	0
IIHJNNKP_01131	0
IIHJNNKP_01132	0
IIHJNNKP_01133	0
IIHJNNKP_01134	0
IIHJNNKP_01135	0
IIHJNNKP_01136	0
IIHJNNKP_01137	0
IIHJNNKP_01138	0
IIHJNNKP_01139	0
IIHJNNKP_01140	0
IIHJNNKP_01141	0
IIHJNNKP_01142	0
IIHJNNKP_01143	0
IIHJNNKP_01144	1
IIHJNNKP_01145	0
IIHJNNKP_01146	0
IIHJNNKP_01147	0
IIHJNNKP_01148	0
IIHJNNKP_01149	0
IIHJNNKP_01150	0
IIHJNNKP_01151	0
IIHJNNKP_01152	2
IIHJNNKP_01153	0
IIHJNNKP_01154	0
IIHJNNKP_01155	1
IIHJNNKP_01156	0
IIHJNNKP_01157	0
IIHJNNKP_01158	0
IIHJNNKP_01159	0
IIHJNNKP_01160	0
IIHJNNKP_01161	0
IIHJNNKP_01162	0
IIHJNNKP_01163	0
IIHJNNKP_01164	0
IIHJNNKP_01165	0
IIHJNNKP_01166	0
IIHJNNKP_01167	0
IIHJNNKP_01168	0
IIHJNNKP_01169	0
IIHJNNKP_01170	0
IIHJNNKP_01171	0
IIHJNNKP_01172	0
IIHJNNKP_01173	0
IIHJNNKP_01174	0
IIHJNNKP_01175	0
IIHJNNKP_01176	0
IIHJNNKP_01177	0
IIHJNNKP_01178	0
IIHJNNKP_01179	0
__no_feature	66
__ambiguous	15
__too_low_aQual	60
__not_aligned	741332
__alignment_not_unique	0
