OHJPNLCH_00001	0
OHJPNLCH_00002	0
OHJPNLCH_00003	0
OHJPNLCH_00004	0
OHJPNLCH_00005	0
OHJPNLCH_00006	0
OHJPNLCH_00007	0
OHJPNLCH_00008	0
OHJPNLCH_00009	0
OHJPNLCH_00010	0
OHJPNLCH_00011	0
OHJPNLCH_00013	2
OHJPNLCH_00014	0
OHJPNLCH_00015	0
OHJPNLCH_00016	1
OHJPNLCH_00017	0
OHJPNLCH_00018	0
OHJPNLCH_00019	0
OHJPNLCH_00020	0
OHJPNLCH_00021	0
OHJPNLCH_00022	0
OHJPNLCH_00023	0
OHJPNLCH_00024	0
OHJPNLCH_00025	0
OHJPNLCH_00026	0
OHJPNLCH_00027	0
OHJPNLCH_00028	0
OHJPNLCH_00029	0
OHJPNLCH_00030	3
OHJPNLCH_00031	0
OHJPNLCH_00032	0
OHJPNLCH_00033	0
OHJPNLCH_00034	0
OHJPNLCH_00035	0
OHJPNLCH_00036	0
OHJPNLCH_00037	0
OHJPNLCH_00038	0
OHJPNLCH_00039	0
OHJPNLCH_00040	0
OHJPNLCH_00041	0
OHJPNLCH_00042	0
OHJPNLCH_00043	0
OHJPNLCH_00044	0
OHJPNLCH_00045	0
OHJPNLCH_00047	0
OHJPNLCH_00048	9
OHJPNLCH_00049	0
OHJPNLCH_00050	0
OHJPNLCH_00051	0
OHJPNLCH_00052	0
OHJPNLCH_00053	0
OHJPNLCH_00054	0
OHJPNLCH_00055	0
OHJPNLCH_00056	0
OHJPNLCH_00057	0
OHJPNLCH_00058	0
OHJPNLCH_00059	0
OHJPNLCH_00060	0
OHJPNLCH_00061	0
OHJPNLCH_00062	0
OHJPNLCH_00063	0
OHJPNLCH_00064	0
OHJPNLCH_00065	0
OHJPNLCH_00066	0
OHJPNLCH_00067	0
OHJPNLCH_00068	0
OHJPNLCH_00069	0
OHJPNLCH_00070	0
OHJPNLCH_00071	0
OHJPNLCH_00072	0
OHJPNLCH_00073	0
OHJPNLCH_00074	0
OHJPNLCH_00075	0
OHJPNLCH_00076	0
OHJPNLCH_00077	0
OHJPNLCH_00078	0
OHJPNLCH_00079	0
OHJPNLCH_00080	0
OHJPNLCH_00082	0
OHJPNLCH_00083	0
OHJPNLCH_00084	1
OHJPNLCH_00085	0
OHJPNLCH_00086	0
OHJPNLCH_00087	0
OHJPNLCH_00088	0
OHJPNLCH_00089	0
OHJPNLCH_00090	0
OHJPNLCH_00091	0
OHJPNLCH_00092	0
OHJPNLCH_00093	0
OHJPNLCH_00094	0
OHJPNLCH_00095	0
OHJPNLCH_00096	0
OHJPNLCH_00097	0
OHJPNLCH_00098	0
OHJPNLCH_00099	0
OHJPNLCH_00100	11
OHJPNLCH_00101	8
OHJPNLCH_00102	0
OHJPNLCH_00103	0
OHJPNLCH_00104	0
OHJPNLCH_00105	0
OHJPNLCH_00106	0
OHJPNLCH_00107	0
OHJPNLCH_00108	0
OHJPNLCH_00109	0
OHJPNLCH_00110	0
OHJPNLCH_00111	0
OHJPNLCH_00112	0
OHJPNLCH_00113	0
OHJPNLCH_00114	0
OHJPNLCH_00115	0
OHJPNLCH_00116	0
OHJPNLCH_00117	0
OHJPNLCH_00118	0
OHJPNLCH_00119	0
OHJPNLCH_00120	0
OHJPNLCH_00121	3
OHJPNLCH_00122	0
OHJPNLCH_00123	0
OHJPNLCH_00124	0
OHJPNLCH_00125	0
OHJPNLCH_00126	1
OHJPNLCH_00127	0
OHJPNLCH_00128	0
OHJPNLCH_00129	0
OHJPNLCH_00130	0
OHJPNLCH_00131	0
OHJPNLCH_00132	2
OHJPNLCH_00133	0
OHJPNLCH_00134	0
OHJPNLCH_00135	0
OHJPNLCH_00136	0
OHJPNLCH_00137	0
OHJPNLCH_00138	0
OHJPNLCH_00140	0
OHJPNLCH_00141	0
OHJPNLCH_00142	0
OHJPNLCH_00143	0
OHJPNLCH_00144	0
OHJPNLCH_00145	0
OHJPNLCH_00146	0
OHJPNLCH_00147	0
OHJPNLCH_00148	0
OHJPNLCH_00149	2
OHJPNLCH_00150	0
OHJPNLCH_00151	0
OHJPNLCH_00152	0
OHJPNLCH_00153	0
OHJPNLCH_00154	0
OHJPNLCH_00155	0
OHJPNLCH_00156	0
OHJPNLCH_00157	8
OHJPNLCH_00158	0
OHJPNLCH_00159	0
OHJPNLCH_00160	0
OHJPNLCH_00161	0
OHJPNLCH_00162	0
OHJPNLCH_00163	0
OHJPNLCH_00164	1
OHJPNLCH_00165	0
OHJPNLCH_00166	0
OHJPNLCH_00167	4
OHJPNLCH_00168	0
OHJPNLCH_00169	0
OHJPNLCH_00170	0
OHJPNLCH_00171	0
OHJPNLCH_00172	0
OHJPNLCH_00173	0
OHJPNLCH_00174	0
OHJPNLCH_00175	0
OHJPNLCH_00176	0
OHJPNLCH_00177	0
OHJPNLCH_00178	0
OHJPNLCH_00179	0
OHJPNLCH_00180	0
OHJPNLCH_00181	0
OHJPNLCH_00182	0
OHJPNLCH_00183	0
OHJPNLCH_00184	0
OHJPNLCH_00185	0
OHJPNLCH_00186	0
OHJPNLCH_00187	0
OHJPNLCH_00188	0
OHJPNLCH_00189	0
OHJPNLCH_00190	0
OHJPNLCH_00191	0
OHJPNLCH_00192	0
OHJPNLCH_00193	0
OHJPNLCH_00194	0
OHJPNLCH_00195	0
OHJPNLCH_00196	0
OHJPNLCH_00197	0
OHJPNLCH_00198	0
OHJPNLCH_00199	0
OHJPNLCH_00200	0
OHJPNLCH_00201	0
OHJPNLCH_00202	0
OHJPNLCH_00203	2
OHJPNLCH_00204	0
OHJPNLCH_00205	0
OHJPNLCH_00206	0
OHJPNLCH_00207	0
OHJPNLCH_00208	0
OHJPNLCH_00209	0
OHJPNLCH_00210	0
OHJPNLCH_00211	0
OHJPNLCH_00212	0
OHJPNLCH_00213	0
OHJPNLCH_00214	0
OHJPNLCH_00215	0
OHJPNLCH_00216	1
OHJPNLCH_00217	0
OHJPNLCH_00218	0
OHJPNLCH_00219	0
OHJPNLCH_00220	0
OHJPNLCH_00221	0
OHJPNLCH_00222	0
OHJPNLCH_00223	0
OHJPNLCH_00224	0
OHJPNLCH_00225	0
OHJPNLCH_00226	0
OHJPNLCH_00227	0
OHJPNLCH_00228	0
OHJPNLCH_00229	0
OHJPNLCH_00230	0
OHJPNLCH_00231	0
OHJPNLCH_00232	0
OHJPNLCH_00233	0
OHJPNLCH_00234	0
OHJPNLCH_00235	0
OHJPNLCH_00236	0
OHJPNLCH_00237	0
OHJPNLCH_00238	0
OHJPNLCH_00239	0
OHJPNLCH_00240	0
OHJPNLCH_00241	0
OHJPNLCH_00242	0
OHJPNLCH_00243	0
OHJPNLCH_00244	0
OHJPNLCH_00245	1
OHJPNLCH_00246	2
OHJPNLCH_00247	0
OHJPNLCH_00248	1
OHJPNLCH_00249	0
OHJPNLCH_00250	0
OHJPNLCH_00251	5
OHJPNLCH_00252	0
OHJPNLCH_00253	0
OHJPNLCH_00254	0
OHJPNLCH_00255	3
OHJPNLCH_00256	0
OHJPNLCH_00257	0
OHJPNLCH_00258	3
OHJPNLCH_00259	0
OHJPNLCH_00260	0
OHJPNLCH_00261	0
OHJPNLCH_00262	0
OHJPNLCH_00263	0
OHJPNLCH_00264	0
OHJPNLCH_00265	2
OHJPNLCH_00266	3
OHJPNLCH_00267	1
OHJPNLCH_00268	0
OHJPNLCH_00269	0
OHJPNLCH_00270	0
OHJPNLCH_00271	0
OHJPNLCH_00272	0
OHJPNLCH_00273	0
OHJPNLCH_00274	0
OHJPNLCH_00275	0
OHJPNLCH_00276	0
OHJPNLCH_00277	0
OHJPNLCH_00278	0
OHJPNLCH_00279	0
OHJPNLCH_00280	0
OHJPNLCH_00281	0
OHJPNLCH_00282	0
OHJPNLCH_00283	0
OHJPNLCH_00284	0
OHJPNLCH_00285	0
OHJPNLCH_00286	0
OHJPNLCH_00287	0
OHJPNLCH_00288	0
OHJPNLCH_00289	0
OHJPNLCH_00290	0
OHJPNLCH_00291	1
OHJPNLCH_00292	0
OHJPNLCH_00293	0
OHJPNLCH_00294	1
OHJPNLCH_00295	1
OHJPNLCH_00296	0
OHJPNLCH_00297	0
OHJPNLCH_00298	0
OHJPNLCH_00299	0
OHJPNLCH_00300	0
OHJPNLCH_00301	0
OHJPNLCH_00302	0
OHJPNLCH_00303	0
OHJPNLCH_00304	0
OHJPNLCH_00305	0
OHJPNLCH_00306	0
OHJPNLCH_00307	0
OHJPNLCH_00308	0
OHJPNLCH_00309	0
OHJPNLCH_00310	0
OHJPNLCH_00311	1
OHJPNLCH_00312	0
OHJPNLCH_00313	0
OHJPNLCH_00314	0
OHJPNLCH_00315	0
OHJPNLCH_00316	0
OHJPNLCH_00317	0
OHJPNLCH_00318	0
OHJPNLCH_00319	0
OHJPNLCH_00320	0
OHJPNLCH_00321	0
OHJPNLCH_00322	0
OHJPNLCH_00323	0
OHJPNLCH_00324	0
OHJPNLCH_00325	0
OHJPNLCH_00326	0
OHJPNLCH_00327	0
OHJPNLCH_00328	2
OHJPNLCH_00329	0
OHJPNLCH_00331	0
OHJPNLCH_00332	0
OHJPNLCH_00333	0
OHJPNLCH_00334	0
OHJPNLCH_00335	0
OHJPNLCH_00336	0
OHJPNLCH_00337	0
OHJPNLCH_00338	0
OHJPNLCH_00339	0
OHJPNLCH_00340	0
OHJPNLCH_00341	0
OHJPNLCH_00342	0
OHJPNLCH_00343	0
OHJPNLCH_00344	0
OHJPNLCH_00345	1
OHJPNLCH_00346	0
OHJPNLCH_00347	0
OHJPNLCH_00348	0
OHJPNLCH_00349	0
OHJPNLCH_00350	0
OHJPNLCH_00351	0
OHJPNLCH_00352	0
OHJPNLCH_00353	0
OHJPNLCH_00354	0
OHJPNLCH_00355	0
OHJPNLCH_00356	6
OHJPNLCH_00357	0
OHJPNLCH_00358	0
OHJPNLCH_00359	0
OHJPNLCH_00360	0
OHJPNLCH_00361	0
OHJPNLCH_00362	0
OHJPNLCH_00363	1
OHJPNLCH_00364	2
OHJPNLCH_00365	0
OHJPNLCH_00366	0
OHJPNLCH_00367	0
OHJPNLCH_00368	0
OHJPNLCH_00369	0
OHJPNLCH_00370	0
OHJPNLCH_00371	0
OHJPNLCH_00372	4
OHJPNLCH_00373	0
OHJPNLCH_00374	0
OHJPNLCH_00375	0
OHJPNLCH_00376	0
OHJPNLCH_00377	0
OHJPNLCH_00378	0
OHJPNLCH_00379	0
OHJPNLCH_00380	0
OHJPNLCH_00381	0
OHJPNLCH_00382	0
OHJPNLCH_00383	0
OHJPNLCH_00384	0
OHJPNLCH_00385	0
OHJPNLCH_00386	0
OHJPNLCH_00387	0
OHJPNLCH_00388	0
OHJPNLCH_00389	0
OHJPNLCH_00390	0
OHJPNLCH_00391	0
OHJPNLCH_00392	0
OHJPNLCH_00393	0
OHJPNLCH_00394	0
OHJPNLCH_00395	0
OHJPNLCH_00396	0
OHJPNLCH_00397	0
OHJPNLCH_00398	0
OHJPNLCH_00399	0
OHJPNLCH_00400	0
OHJPNLCH_00401	0
OHJPNLCH_00402	0
OHJPNLCH_00403	0
OHJPNLCH_00404	0
OHJPNLCH_00405	0
OHJPNLCH_00406	0
OHJPNLCH_00407	0
OHJPNLCH_00408	0
OHJPNLCH_00409	0
OHJPNLCH_00410	0
OHJPNLCH_00411	0
OHJPNLCH_00412	0
OHJPNLCH_00414	0
OHJPNLCH_00415	0
OHJPNLCH_00416	0
OHJPNLCH_00417	0
OHJPNLCH_00418	0
OHJPNLCH_00419	0
OHJPNLCH_00420	0
OHJPNLCH_00421	0
OHJPNLCH_00422	0
OHJPNLCH_00423	0
OHJPNLCH_00424	0
OHJPNLCH_00425	3
OHJPNLCH_00426	0
OHJPNLCH_00427	0
OHJPNLCH_00428	0
OHJPNLCH_00429	0
OHJPNLCH_00430	0
OHJPNLCH_00431	0
OHJPNLCH_00432	1
OHJPNLCH_00433	0
OHJPNLCH_00434	0
OHJPNLCH_00435	0
OHJPNLCH_00436	0
OHJPNLCH_00437	0
OHJPNLCH_00438	0
OHJPNLCH_00439	5
OHJPNLCH_00440	0
OHJPNLCH_00441	0
OHJPNLCH_00442	0
OHJPNLCH_00443	0
OHJPNLCH_00444	0
OHJPNLCH_00445	0
OHJPNLCH_00446	0
OHJPNLCH_00447	0
OHJPNLCH_00448	3
OHJPNLCH_00449	0
OHJPNLCH_00450	0
OHJPNLCH_00451	0
OHJPNLCH_00452	0
OHJPNLCH_00453	2
OHJPNLCH_00454	0
OHJPNLCH_00455	0
OHJPNLCH_00456	3
OHJPNLCH_00457	0
OHJPNLCH_00458	0
OHJPNLCH_00459	1
OHJPNLCH_00460	1
OHJPNLCH_00461	0
OHJPNLCH_00462	0
OHJPNLCH_00463	1
OHJPNLCH_00464	0
OHJPNLCH_00465	0
OHJPNLCH_00466	0
OHJPNLCH_00467	0
OHJPNLCH_00468	0
OHJPNLCH_00469	0
OHJPNLCH_00470	0
OHJPNLCH_00471	0
OHJPNLCH_00472	0
OHJPNLCH_00473	2
OHJPNLCH_00475	0
OHJPNLCH_00476	0
OHJPNLCH_00477	0
OHJPNLCH_00478	0
OHJPNLCH_00479	0
OHJPNLCH_00480	0
OHJPNLCH_00481	0
OHJPNLCH_00482	0
OHJPNLCH_00483	0
OHJPNLCH_00484	0
OHJPNLCH_00485	0
OHJPNLCH_00486	3
OHJPNLCH_00488	0
OHJPNLCH_00490	0
OHJPNLCH_00491	0
OHJPNLCH_00492	0
OHJPNLCH_00493	0
OHJPNLCH_00494	0
OHJPNLCH_00495	0
OHJPNLCH_00496	0
OHJPNLCH_00497	0
OHJPNLCH_00498	0
OHJPNLCH_00499	0
OHJPNLCH_00500	0
OHJPNLCH_00501	0
OHJPNLCH_00502	0
OHJPNLCH_00503	0
OHJPNLCH_00504	0
OHJPNLCH_00505	0
OHJPNLCH_00506	0
OHJPNLCH_00507	0
OHJPNLCH_00508	0
OHJPNLCH_00509	0
OHJPNLCH_00510	0
OHJPNLCH_00511	0
OHJPNLCH_00512	0
OHJPNLCH_00513	0
OHJPNLCH_00514	0
OHJPNLCH_00515	0
OHJPNLCH_00516	0
OHJPNLCH_00517	0
OHJPNLCH_00518	0
OHJPNLCH_00519	0
OHJPNLCH_00520	0
OHJPNLCH_00521	3
OHJPNLCH_00522	0
OHJPNLCH_00523	0
OHJPNLCH_00524	0
OHJPNLCH_00525	1
OHJPNLCH_00526	0
OHJPNLCH_00527	0
OHJPNLCH_00528	0
OHJPNLCH_00529	4
OHJPNLCH_00530	0
OHJPNLCH_00531	0
OHJPNLCH_00532	0
OHJPNLCH_00533	0
OHJPNLCH_00534	0
OHJPNLCH_00535	0
OHJPNLCH_00536	0
OHJPNLCH_00537	0
OHJPNLCH_00538	0
OHJPNLCH_00539	0
OHJPNLCH_00540	0
OHJPNLCH_00541	0
OHJPNLCH_00542	0
OHJPNLCH_00543	0
OHJPNLCH_00544	0
OHJPNLCH_00545	0
OHJPNLCH_00546	1
OHJPNLCH_00547	0
OHJPNLCH_00549	0
OHJPNLCH_00550	0
OHJPNLCH_00551	0
OHJPNLCH_00552	0
OHJPNLCH_00553	0
OHJPNLCH_00554	0
OHJPNLCH_00555	0
OHJPNLCH_00556	0
OHJPNLCH_00557	19
OHJPNLCH_00558	13
OHJPNLCH_00559	0
OHJPNLCH_00560	0
OHJPNLCH_00561	0
OHJPNLCH_00562	0
OHJPNLCH_00563	0
OHJPNLCH_00564	0
OHJPNLCH_00565	1
OHJPNLCH_00566	0
OHJPNLCH_00567	0
OHJPNLCH_00568	0
OHJPNLCH_00569	0
OHJPNLCH_00570	0
OHJPNLCH_00571	0
OHJPNLCH_00572	0
OHJPNLCH_00573	3
OHJPNLCH_00574	0
OHJPNLCH_00575	0
OHJPNLCH_00576	0
OHJPNLCH_00577	0
OHJPNLCH_00578	0
OHJPNLCH_00579	0
OHJPNLCH_00580	0
OHJPNLCH_00581	0
OHJPNLCH_00582	0
OHJPNLCH_00583	0
OHJPNLCH_00584	3
OHJPNLCH_00585	0
OHJPNLCH_00586	0
OHJPNLCH_00587	0
OHJPNLCH_00588	0
OHJPNLCH_00589	0
OHJPNLCH_00590	0
OHJPNLCH_00591	0
OHJPNLCH_00592	0
OHJPNLCH_00593	0
OHJPNLCH_00594	0
OHJPNLCH_00595	0
OHJPNLCH_00596	0
OHJPNLCH_00597	0
OHJPNLCH_00598	0
OHJPNLCH_00599	0
OHJPNLCH_00600	0
OHJPNLCH_00601	0
OHJPNLCH_00602	1
OHJPNLCH_00603	0
OHJPNLCH_00604	1
OHJPNLCH_00605	0
OHJPNLCH_00606	5
OHJPNLCH_00607	1
OHJPNLCH_00608	0
OHJPNLCH_00609	0
OHJPNLCH_00610	0
OHJPNLCH_00611	1
OHJPNLCH_00612	0
OHJPNLCH_00613	0
OHJPNLCH_00614	0
OHJPNLCH_00615	0
OHJPNLCH_00616	1
OHJPNLCH_00617	0
OHJPNLCH_00618	0
OHJPNLCH_00619	0
OHJPNLCH_00620	0
OHJPNLCH_00621	0
OHJPNLCH_00622	0
OHJPNLCH_00623	0
OHJPNLCH_00624	0
OHJPNLCH_00625	0
OHJPNLCH_00626	0
OHJPNLCH_00627	1
OHJPNLCH_00628	0
OHJPNLCH_00629	0
OHJPNLCH_00630	0
OHJPNLCH_00631	0
OHJPNLCH_00632	0
OHJPNLCH_00633	0
OHJPNLCH_00634	0
OHJPNLCH_00635	0
OHJPNLCH_00636	0
OHJPNLCH_00637	0
OHJPNLCH_00638	0
OHJPNLCH_00639	0
OHJPNLCH_00640	0
OHJPNLCH_00641	0
OHJPNLCH_00642	0
OHJPNLCH_00643	0
OHJPNLCH_00644	0
OHJPNLCH_00645	0
OHJPNLCH_00646	0
OHJPNLCH_00647	0
OHJPNLCH_00648	0
OHJPNLCH_00649	0
OHJPNLCH_00650	0
OHJPNLCH_00651	0
OHJPNLCH_00652	0
OHJPNLCH_00653	0
OHJPNLCH_00654	0
OHJPNLCH_00655	0
OHJPNLCH_00656	0
OHJPNLCH_00657	0
OHJPNLCH_00658	0
OHJPNLCH_00659	0
OHJPNLCH_00660	0
OHJPNLCH_00661	0
OHJPNLCH_00662	0
OHJPNLCH_00663	0
OHJPNLCH_00664	0
OHJPNLCH_00665	0
OHJPNLCH_00666	0
OHJPNLCH_00667	0
OHJPNLCH_00668	0
OHJPNLCH_00669	0
OHJPNLCH_00670	0
OHJPNLCH_00671	0
OHJPNLCH_00672	0
OHJPNLCH_00673	0
OHJPNLCH_00674	0
OHJPNLCH_00675	0
OHJPNLCH_00676	0
OHJPNLCH_00677	3
OHJPNLCH_00678	0
OHJPNLCH_00679	0
OHJPNLCH_00680	0
OHJPNLCH_00681	0
OHJPNLCH_00682	0
OHJPNLCH_00683	0
OHJPNLCH_00684	0
OHJPNLCH_00685	0
OHJPNLCH_00686	0
OHJPNLCH_00687	0
OHJPNLCH_00688	0
OHJPNLCH_00689	0
OHJPNLCH_00690	0
OHJPNLCH_00691	0
OHJPNLCH_00692	0
OHJPNLCH_00693	0
OHJPNLCH_00694	0
OHJPNLCH_00695	0
OHJPNLCH_00697	0
OHJPNLCH_00698	0
OHJPNLCH_00699	0
OHJPNLCH_00700	0
OHJPNLCH_00701	0
__no_feature	155
__ambiguous	7
__too_low_aQual	73
__not_aligned	741227
__alignment_not_unique	0
