LDKALFFP_00001	0
LDKALFFP_00002	23
LDKALFFP_00003	0
LDKALFFP_00004	0
LDKALFFP_00005	0
LDKALFFP_00006	0
LDKALFFP_00007	0
LDKALFFP_00008	0
LDKALFFP_00009	0
LDKALFFP_00010	0
LDKALFFP_00011	10
LDKALFFP_00012	2
LDKALFFP_00013	4
LDKALFFP_00014	0
LDKALFFP_00015	0
LDKALFFP_00016	5
LDKALFFP_00017	0
LDKALFFP_00018	1
LDKALFFP_00019	1
LDKALFFP_00020	0
LDKALFFP_00021	0
LDKALFFP_00022	3
LDKALFFP_00023	0
LDKALFFP_00024	0
LDKALFFP_00026	2
LDKALFFP_00027	0
LDKALFFP_00028	0
LDKALFFP_00029	0
LDKALFFP_00030	577
LDKALFFP_00031	0
LDKALFFP_00032	1
LDKALFFP_00033	0
LDKALFFP_00034	0
LDKALFFP_00035	0
LDKALFFP_00036	0
LDKALFFP_00037	0
LDKALFFP_00038	1
LDKALFFP_00039	0
LDKALFFP_00040	3
LDKALFFP_00041	15
LDKALFFP_00042	8
LDKALFFP_00043	0
LDKALFFP_00044	0
LDKALFFP_00045	0
LDKALFFP_00046	0
LDKALFFP_00047	2
LDKALFFP_00048	0
LDKALFFP_00049	0
LDKALFFP_00050	0
LDKALFFP_00051	0
LDKALFFP_00052	13
LDKALFFP_00053	0
LDKALFFP_00054	0
LDKALFFP_00055	0
LDKALFFP_00056	0
LDKALFFP_00057	0
LDKALFFP_00058	12
LDKALFFP_00059	0
LDKALFFP_00060	0
LDKALFFP_00061	15
LDKALFFP_00062	12
LDKALFFP_00063	0
LDKALFFP_00064	0
LDKALFFP_00065	3
LDKALFFP_00066	0
LDKALFFP_00067	0
LDKALFFP_00068	0
LDKALFFP_00069	4
LDKALFFP_00070	0
LDKALFFP_00071	0
LDKALFFP_00072	12
LDKALFFP_00073	0
LDKALFFP_00074	0
LDKALFFP_00075	1
LDKALFFP_00076	0
LDKALFFP_00077	0
LDKALFFP_00078	0
LDKALFFP_00079	0
LDKALFFP_00080	0
LDKALFFP_00081	0
LDKALFFP_00082	1
LDKALFFP_00083	0
LDKALFFP_00084	0
LDKALFFP_00085	0
LDKALFFP_00086	0
LDKALFFP_00087	0
LDKALFFP_00088	1
LDKALFFP_00089	0
LDKALFFP_00090	0
LDKALFFP_00091	0
LDKALFFP_00092	8
LDKALFFP_00093	1
LDKALFFP_00094	0
LDKALFFP_00095	0
LDKALFFP_00096	1
LDKALFFP_00097	0
LDKALFFP_00098	5
LDKALFFP_00099	10
LDKALFFP_00100	0
LDKALFFP_00101	0
LDKALFFP_00102	0
LDKALFFP_00103	5
LDKALFFP_00104	0
LDKALFFP_00105	3
LDKALFFP_00106	0
LDKALFFP_00107	1
LDKALFFP_00108	0
LDKALFFP_00109	0
LDKALFFP_00110	1
LDKALFFP_00111	3
LDKALFFP_00112	1
LDKALFFP_00113	0
LDKALFFP_00114	0
LDKALFFP_00115	2
LDKALFFP_00116	0
LDKALFFP_00117	1
LDKALFFP_00118	0
LDKALFFP_00119	0
LDKALFFP_00120	5
LDKALFFP_00121	0
LDKALFFP_00122	1
LDKALFFP_00123	0
LDKALFFP_00124	0
LDKALFFP_00125	4
LDKALFFP_00126	0
LDKALFFP_00127	5
LDKALFFP_00128	2
LDKALFFP_00129	0
LDKALFFP_00130	0
LDKALFFP_00131	0
LDKALFFP_00132	0
LDKALFFP_00133	0
LDKALFFP_00134	0
LDKALFFP_00135	0
LDKALFFP_00136	0
LDKALFFP_00137	1
LDKALFFP_00138	2
LDKALFFP_00139	0
LDKALFFP_00140	0
LDKALFFP_00141	1
LDKALFFP_00142	0
LDKALFFP_00143	1
LDKALFFP_00144	0
LDKALFFP_00145	2
LDKALFFP_00146	2
LDKALFFP_00147	1
LDKALFFP_00148	0
LDKALFFP_00149	0
LDKALFFP_00150	0
LDKALFFP_00151	0
LDKALFFP_00152	0
LDKALFFP_00153	0
LDKALFFP_00154	0
LDKALFFP_00155	0
LDKALFFP_00156	0
LDKALFFP_00157	0
LDKALFFP_00158	0
LDKALFFP_00159	2
LDKALFFP_00160	0
LDKALFFP_00161	5
LDKALFFP_00162	2
LDKALFFP_00163	1
LDKALFFP_00164	0
LDKALFFP_00165	3
LDKALFFP_00166	1
LDKALFFP_00167	0
LDKALFFP_00168	1
LDKALFFP_00170	1
LDKALFFP_00171	0
LDKALFFP_00172	0
LDKALFFP_00173	0
LDKALFFP_00174	0
LDKALFFP_00175	1
LDKALFFP_00176	1
LDKALFFP_00177	0
LDKALFFP_00178	0
LDKALFFP_00179	5
LDKALFFP_00180	0
LDKALFFP_00181	0
LDKALFFP_00182	0
LDKALFFP_00183	2
LDKALFFP_00184	4
LDKALFFP_00185	1
LDKALFFP_00186	15
LDKALFFP_00187	0
LDKALFFP_00188	0
LDKALFFP_00189	0
LDKALFFP_00190	0
LDKALFFP_00191	0
LDKALFFP_00192	0
LDKALFFP_00193	6
LDKALFFP_00194	1
LDKALFFP_00195	0
LDKALFFP_00196	0
LDKALFFP_00197	0
LDKALFFP_00198	0
LDKALFFP_00199	0
LDKALFFP_00200	0
LDKALFFP_00201	0
LDKALFFP_00202	0
LDKALFFP_00203	2
LDKALFFP_00204	1
LDKALFFP_00205	6
LDKALFFP_00206	1
LDKALFFP_00207	0
LDKALFFP_00208	0
LDKALFFP_00209	0
LDKALFFP_00210	0
LDKALFFP_00211	0
LDKALFFP_00212	0
LDKALFFP_00213	0
LDKALFFP_00214	0
LDKALFFP_00215	0
LDKALFFP_00216	0
LDKALFFP_00217	0
LDKALFFP_00218	0
LDKALFFP_00219	0
LDKALFFP_00220	7
LDKALFFP_00221	0
LDKALFFP_00222	0
LDKALFFP_00223	0
LDKALFFP_00224	0
LDKALFFP_00225	0
LDKALFFP_00226	0
LDKALFFP_00227	0
LDKALFFP_00228	0
LDKALFFP_00229	0
LDKALFFP_00230	8
LDKALFFP_00231	0
LDKALFFP_00232	6
LDKALFFP_00233	0
LDKALFFP_00234	8
LDKALFFP_00235	6
LDKALFFP_00236	0
LDKALFFP_00237	0
LDKALFFP_00238	0
LDKALFFP_00239	9
LDKALFFP_00240	0
LDKALFFP_00241	0
LDKALFFP_00242	2
LDKALFFP_00243	0
LDKALFFP_00244	0
LDKALFFP_00245	0
LDKALFFP_00246	0
LDKALFFP_00247	2
LDKALFFP_00248	0
LDKALFFP_00249	0
LDKALFFP_00250	2
LDKALFFP_00251	0
LDKALFFP_00252	0
LDKALFFP_00253	0
LDKALFFP_00254	0
LDKALFFP_00255	0
LDKALFFP_00256	0
LDKALFFP_00257	0
LDKALFFP_00258	3
LDKALFFP_00259	33
LDKALFFP_00260	0
LDKALFFP_00261	0
LDKALFFP_00262	0
LDKALFFP_00263	1
LDKALFFP_00264	3
LDKALFFP_00265	0
LDKALFFP_00266	0
LDKALFFP_00267	7
LDKALFFP_00268	0
LDKALFFP_00269	0
LDKALFFP_00270	0
LDKALFFP_00271	0
LDKALFFP_00272	2
LDKALFFP_00273	3
LDKALFFP_00274	0
LDKALFFP_00275	0
LDKALFFP_00276	1
LDKALFFP_00277	7
LDKALFFP_00278	6
LDKALFFP_00279	2
LDKALFFP_00280	0
LDKALFFP_00281	6
LDKALFFP_00282	0
LDKALFFP_00283	0
LDKALFFP_00284	0
LDKALFFP_00285	0
LDKALFFP_00286	1
LDKALFFP_00287	0
LDKALFFP_00288	0
LDKALFFP_00289	3
LDKALFFP_00290	2
LDKALFFP_00291	0
LDKALFFP_00292	1
LDKALFFP_00293	2
LDKALFFP_00294	14
LDKALFFP_00295	0
LDKALFFP_00296	0
LDKALFFP_00297	1
LDKALFFP_00298	0
LDKALFFP_00299	0
LDKALFFP_00300	0
LDKALFFP_00301	0
LDKALFFP_00302	0
LDKALFFP_00303	0
LDKALFFP_00304	0
LDKALFFP_00305	0
LDKALFFP_00306	0
LDKALFFP_00307	0
LDKALFFP_00308	0
LDKALFFP_00309	0
LDKALFFP_00310	1
LDKALFFP_00311	1
LDKALFFP_00312	0
LDKALFFP_00313	0
LDKALFFP_00314	4
LDKALFFP_00315	0
LDKALFFP_00316	5
LDKALFFP_00317	0
LDKALFFP_00318	2
LDKALFFP_00319	0
LDKALFFP_00320	0
LDKALFFP_00321	0
LDKALFFP_00322	2
LDKALFFP_00323	0
LDKALFFP_00324	0
LDKALFFP_00325	0
LDKALFFP_00326	0
LDKALFFP_00327	0
LDKALFFP_00328	21
LDKALFFP_00329	0
LDKALFFP_00330	1
LDKALFFP_00331	0
LDKALFFP_00332	0
LDKALFFP_00333	0
LDKALFFP_00334	0
LDKALFFP_00335	34
LDKALFFP_00336	11
LDKALFFP_00337	1
LDKALFFP_00338	0
LDKALFFP_00339	0
LDKALFFP_00340	0
LDKALFFP_00341	0
LDKALFFP_00342	0
LDKALFFP_00343	0
LDKALFFP_00344	1
LDKALFFP_00345	0
LDKALFFP_00346	2
LDKALFFP_00347	0
LDKALFFP_00348	0
LDKALFFP_00349	0
LDKALFFP_00350	0
LDKALFFP_00351	38
LDKALFFP_00352	0
LDKALFFP_00353	1
LDKALFFP_00354	0
LDKALFFP_00355	0
LDKALFFP_00356	0
LDKALFFP_00357	0
LDKALFFP_00358	0
LDKALFFP_00359	0
LDKALFFP_00360	0
LDKALFFP_00361	0
LDKALFFP_00362	0
LDKALFFP_00363	1
LDKALFFP_00364	1
LDKALFFP_00365	1
LDKALFFP_00366	0
LDKALFFP_00367	0
LDKALFFP_00368	23
LDKALFFP_00369	0
LDKALFFP_00370	0
LDKALFFP_00371	0
LDKALFFP_00372	2
LDKALFFP_00373	3
LDKALFFP_00374	0
LDKALFFP_00375	0
LDKALFFP_00376	0
LDKALFFP_00377	0
LDKALFFP_00378	0
LDKALFFP_00379	2
LDKALFFP_00380	0
LDKALFFP_00381	0
LDKALFFP_00382	1
LDKALFFP_00383	0
LDKALFFP_00384	0
LDKALFFP_00385	0
LDKALFFP_00386	0
LDKALFFP_00387	0
LDKALFFP_00388	2
LDKALFFP_00389	1
LDKALFFP_00390	0
LDKALFFP_00391	0
LDKALFFP_00392	1
LDKALFFP_00393	0
LDKALFFP_00394	0
LDKALFFP_00395	0
LDKALFFP_00396	0
LDKALFFP_00397	0
LDKALFFP_00398	0
LDKALFFP_00399	0
LDKALFFP_00400	1
LDKALFFP_00401	0
LDKALFFP_00402	0
LDKALFFP_00403	0
LDKALFFP_00404	0
LDKALFFP_00405	0
LDKALFFP_00406	0
LDKALFFP_00407	0
LDKALFFP_00408	7
LDKALFFP_00409	0
LDKALFFP_00410	0
LDKALFFP_00411	0
LDKALFFP_00412	0
LDKALFFP_00413	2
LDKALFFP_00414	0
LDKALFFP_00415	1
LDKALFFP_00416	2
LDKALFFP_00417	0
LDKALFFP_00418	0
LDKALFFP_00419	5
LDKALFFP_00420	1
LDKALFFP_00421	0
LDKALFFP_00422	1
LDKALFFP_00423	0
LDKALFFP_00424	0
LDKALFFP_00425	0
LDKALFFP_00426	0
LDKALFFP_00427	8
LDKALFFP_00428	0
LDKALFFP_00429	6
LDKALFFP_00430	4
LDKALFFP_00431	6
LDKALFFP_00432	0
LDKALFFP_00433	2
LDKALFFP_00434	4
LDKALFFP_00435	0
LDKALFFP_00436	0
LDKALFFP_00437	0
LDKALFFP_00438	0
LDKALFFP_00439	3
LDKALFFP_00440	0
LDKALFFP_00441	0
LDKALFFP_00442	1
LDKALFFP_00443	3
LDKALFFP_00444	0
LDKALFFP_00445	5
LDKALFFP_00446	2
LDKALFFP_00447	0
LDKALFFP_00448	2
LDKALFFP_00449	0
LDKALFFP_00450	3
LDKALFFP_00451	0
LDKALFFP_00452	4
LDKALFFP_00453	0
LDKALFFP_00454	0
LDKALFFP_00455	0
LDKALFFP_00456	0
LDKALFFP_00457	0
LDKALFFP_00458	0
LDKALFFP_00459	0
LDKALFFP_00460	0
LDKALFFP_00461	0
LDKALFFP_00462	0
LDKALFFP_00463	0
LDKALFFP_00464	2
LDKALFFP_00465	5
LDKALFFP_00466	0
LDKALFFP_00467	0
LDKALFFP_00468	1
LDKALFFP_00469	0
LDKALFFP_00470	0
LDKALFFP_00471	0
LDKALFFP_00472	0
LDKALFFP_00473	0
LDKALFFP_00474	0
LDKALFFP_00475	4
LDKALFFP_00476	0
LDKALFFP_00477	2
LDKALFFP_00478	0
LDKALFFP_00479	1
LDKALFFP_00480	0
LDKALFFP_00481	0
LDKALFFP_00482	0
LDKALFFP_00483	0
LDKALFFP_00484	0
LDKALFFP_00485	3
LDKALFFP_00486	1
LDKALFFP_00487	7
LDKALFFP_00488	3
LDKALFFP_00489	4
LDKALFFP_00490	0
LDKALFFP_00491	2
LDKALFFP_00492	3
LDKALFFP_00493	0
LDKALFFP_00494	6
LDKALFFP_00495	17
LDKALFFP_00496	17
LDKALFFP_00497	0
LDKALFFP_00498	1
LDKALFFP_00499	0
LDKALFFP_00500	0
LDKALFFP_00501	0
LDKALFFP_00502	0
LDKALFFP_00503	7
LDKALFFP_00504	1
LDKALFFP_00505	0
LDKALFFP_00506	0
LDKALFFP_00507	2
LDKALFFP_00508	0
LDKALFFP_00509	0
LDKALFFP_00510	0
LDKALFFP_00511	0
LDKALFFP_00512	0
LDKALFFP_00513	0
LDKALFFP_00514	0
LDKALFFP_00515	0
LDKALFFP_00516	0
LDKALFFP_00517	21
LDKALFFP_00518	0
LDKALFFP_00519	6
LDKALFFP_00520	0
LDKALFFP_00521	0
LDKALFFP_00522	11
LDKALFFP_00523	4
LDKALFFP_00524	3
LDKALFFP_00525	8
LDKALFFP_00526	3
LDKALFFP_00527	0
LDKALFFP_00528	0
LDKALFFP_00529	0
LDKALFFP_00530	0
LDKALFFP_00531	0
LDKALFFP_00532	2
LDKALFFP_00533	0
LDKALFFP_00534	0
LDKALFFP_00535	2
LDKALFFP_00536	0
LDKALFFP_00537	0
LDKALFFP_00538	0
LDKALFFP_00539	0
LDKALFFP_00540	1
LDKALFFP_00541	0
LDKALFFP_00542	4
LDKALFFP_00543	0
LDKALFFP_00544	5
LDKALFFP_00545	0
LDKALFFP_00546	0
LDKALFFP_00547	0
LDKALFFP_00548	0
LDKALFFP_00549	0
LDKALFFP_00550	11
LDKALFFP_00551	0
LDKALFFP_00552	0
LDKALFFP_00553	0
LDKALFFP_00554	0
LDKALFFP_00555	9
LDKALFFP_00556	0
LDKALFFP_00557	0
LDKALFFP_00558	0
LDKALFFP_00559	0
LDKALFFP_00560	0
LDKALFFP_00561	0
LDKALFFP_00562	0
LDKALFFP_00563	0
LDKALFFP_00564	0
LDKALFFP_00565	0
LDKALFFP_00566	4
LDKALFFP_00567	14
LDKALFFP_00568	3
LDKALFFP_00569	0
LDKALFFP_00570	0
LDKALFFP_00571	0
LDKALFFP_00572	0
LDKALFFP_00573	2
LDKALFFP_00574	0
LDKALFFP_00575	2
LDKALFFP_00576	0
LDKALFFP_00577	0
LDKALFFP_00578	0
LDKALFFP_00579	1
LDKALFFP_00580	1
LDKALFFP_00581	0
LDKALFFP_00582	5
LDKALFFP_00583	0
LDKALFFP_00584	0
LDKALFFP_00585	0
LDKALFFP_00586	0
LDKALFFP_00587	1
LDKALFFP_00588	3
LDKALFFP_00589	1
LDKALFFP_00590	2
LDKALFFP_00591	3
LDKALFFP_00592	1
LDKALFFP_00593	1
LDKALFFP_00594	0
LDKALFFP_00595	1
LDKALFFP_00596	0
LDKALFFP_00597	0
LDKALFFP_00598	0
LDKALFFP_00599	7
LDKALFFP_00600	8
LDKALFFP_00601	0
LDKALFFP_00602	6
LDKALFFP_00603	0
LDKALFFP_00604	14
LDKALFFP_00605	8
LDKALFFP_00606	6
LDKALFFP_00607	7
LDKALFFP_00608	10
LDKALFFP_00609	0
LDKALFFP_00610	0
LDKALFFP_00611	0
LDKALFFP_00612	0
LDKALFFP_00613	0
LDKALFFP_00614	15
LDKALFFP_00615	3
LDKALFFP_00616	0
LDKALFFP_00617	2
LDKALFFP_00619	0
LDKALFFP_00620	0
LDKALFFP_00621	0
LDKALFFP_00622	0
LDKALFFP_00623	0
LDKALFFP_00624	2
LDKALFFP_00625	2
LDKALFFP_00626	0
LDKALFFP_00627	0
LDKALFFP_00628	1
LDKALFFP_00629	0
LDKALFFP_00630	4
LDKALFFP_00631	3
LDKALFFP_00632	0
LDKALFFP_00633	1
LDKALFFP_00634	0
LDKALFFP_00635	1
LDKALFFP_00636	0
LDKALFFP_00637	0
LDKALFFP_00638	0
LDKALFFP_00639	0
LDKALFFP_00640	0
LDKALFFP_00641	0
LDKALFFP_00642	1
LDKALFFP_00643	0
LDKALFFP_00645	0
LDKALFFP_00646	0
LDKALFFP_00647	0
LDKALFFP_00648	3
LDKALFFP_00649	0
LDKALFFP_00650	5
LDKALFFP_00651	0
LDKALFFP_00652	0
LDKALFFP_00653	0
LDKALFFP_00654	0
LDKALFFP_00655	0
LDKALFFP_00656	0
LDKALFFP_00657	4
LDKALFFP_00658	15
LDKALFFP_00659	0
LDKALFFP_00660	0
LDKALFFP_00661	0
LDKALFFP_00662	0
LDKALFFP_00663	0
LDKALFFP_00664	0
LDKALFFP_00665	3
LDKALFFP_00666	4
LDKALFFP_00667	1
LDKALFFP_00668	0
LDKALFFP_00669	2
LDKALFFP_00670	7
LDKALFFP_00671	0
LDKALFFP_00672	1
LDKALFFP_00673	3
LDKALFFP_00674	0
LDKALFFP_00675	0
LDKALFFP_00676	2
LDKALFFP_00677	0
LDKALFFP_00678	0
LDKALFFP_00679	1
LDKALFFP_00680	0
LDKALFFP_00681	0
LDKALFFP_00682	0
LDKALFFP_00683	17
LDKALFFP_00684	0
LDKALFFP_00685	2
LDKALFFP_00686	0
LDKALFFP_00687	0
LDKALFFP_00688	0
LDKALFFP_00689	2
LDKALFFP_00690	0
LDKALFFP_00691	2
LDKALFFP_00692	0
LDKALFFP_00693	0
LDKALFFP_00694	10
LDKALFFP_00695	1
LDKALFFP_00696	3
LDKALFFP_00697	4
LDKALFFP_00698	11
LDKALFFP_00699	0
LDKALFFP_00700	0
LDKALFFP_00701	3
LDKALFFP_00702	0
LDKALFFP_00703	0
LDKALFFP_00704	0
LDKALFFP_00705	5
LDKALFFP_00706	0
LDKALFFP_00707	1
LDKALFFP_00708	0
LDKALFFP_00709	1
LDKALFFP_00710	8
LDKALFFP_00711	0
LDKALFFP_00712	0
LDKALFFP_00713	3
LDKALFFP_00714	5
LDKALFFP_00715	0
LDKALFFP_00716	2
LDKALFFP_00717	0
LDKALFFP_00718	0
LDKALFFP_00719	0
LDKALFFP_00720	0
LDKALFFP_00721	2
LDKALFFP_00722	3
LDKALFFP_00723	0
LDKALFFP_00724	1
LDKALFFP_00725	5
LDKALFFP_00726	0
LDKALFFP_00727	0
LDKALFFP_00728	0
LDKALFFP_00729	3
LDKALFFP_00730	8
LDKALFFP_00731	0
LDKALFFP_00732	3
LDKALFFP_00733	0
LDKALFFP_00734	0
LDKALFFP_00735	0
LDKALFFP_00736	1
LDKALFFP_00737	0
LDKALFFP_00738	0
LDKALFFP_00739	0
LDKALFFP_00740	2
LDKALFFP_00741	0
LDKALFFP_00742	0
LDKALFFP_00743	1
LDKALFFP_00744	0
LDKALFFP_00745	0
LDKALFFP_00746	3
LDKALFFP_00747	1
LDKALFFP_00748	0
LDKALFFP_00749	0
LDKALFFP_00750	0
LDKALFFP_00751	0
LDKALFFP_00752	0
LDKALFFP_00753	9
LDKALFFP_00754	0
LDKALFFP_00755	0
LDKALFFP_00756	0
LDKALFFP_00757	0
LDKALFFP_00758	0
LDKALFFP_00759	16
LDKALFFP_00760	0
LDKALFFP_00761	7
LDKALFFP_00762	5
LDKALFFP_00763	2
LDKALFFP_00764	0
LDKALFFP_00765	0
LDKALFFP_00766	2
LDKALFFP_00767	0
LDKALFFP_00768	0
LDKALFFP_00769	6
LDKALFFP_00770	3
LDKALFFP_00771	2
LDKALFFP_00772	0
LDKALFFP_00773	3
LDKALFFP_00774	2
LDKALFFP_00775	1
LDKALFFP_00776	0
LDKALFFP_00777	0
LDKALFFP_00778	0
LDKALFFP_00779	0
LDKALFFP_00780	0
LDKALFFP_00781	0
LDKALFFP_00782	1
LDKALFFP_00783	0
LDKALFFP_00784	3
LDKALFFP_00785	0
LDKALFFP_00786	0
LDKALFFP_00787	0
LDKALFFP_00788	0
LDKALFFP_00789	0
LDKALFFP_00790	0
LDKALFFP_00791	1
LDKALFFP_00792	0
LDKALFFP_00793	0
LDKALFFP_00794	5
LDKALFFP_00795	0
LDKALFFP_00796	0
LDKALFFP_00797	3
LDKALFFP_00798	0
LDKALFFP_00799	0
LDKALFFP_00800	0
LDKALFFP_00801	0
LDKALFFP_00802	0
LDKALFFP_00803	0
LDKALFFP_00804	3
LDKALFFP_00805	0
LDKALFFP_00806	3
LDKALFFP_00807	2
LDKALFFP_00808	4
LDKALFFP_00809	5
LDKALFFP_00810	14
LDKALFFP_00811	0
LDKALFFP_00812	0
LDKALFFP_00813	0
LDKALFFP_00814	0
LDKALFFP_00815	0
LDKALFFP_00816	0
LDKALFFP_00817	0
LDKALFFP_00818	2
LDKALFFP_00819	0
LDKALFFP_00820	4
LDKALFFP_00821	0
LDKALFFP_00822	9
LDKALFFP_00823	4
LDKALFFP_00824	3
LDKALFFP_00825	0
LDKALFFP_00826	1
LDKALFFP_00827	0
LDKALFFP_00828	0
LDKALFFP_00829	0
LDKALFFP_00830	1
LDKALFFP_00831	0
LDKALFFP_00832	0
LDKALFFP_00833	0
LDKALFFP_00834	0
LDKALFFP_00835	0
LDKALFFP_00836	0
LDKALFFP_00837	1
LDKALFFP_00838	1
LDKALFFP_00839	0
LDKALFFP_00840	0
LDKALFFP_00842	0
LDKALFFP_00843	4
LDKALFFP_00844	0
LDKALFFP_00845	0
LDKALFFP_00846	12
LDKALFFP_00847	0
LDKALFFP_00848	0
LDKALFFP_00849	0
LDKALFFP_00850	0
LDKALFFP_00851	1
LDKALFFP_00852	3
LDKALFFP_00853	0
LDKALFFP_00854	0
LDKALFFP_00855	3
LDKALFFP_00856	0
LDKALFFP_00857	0
LDKALFFP_00858	0
LDKALFFP_00859	0
LDKALFFP_00860	4
LDKALFFP_00861	0
LDKALFFP_00862	4
LDKALFFP_00863	0
LDKALFFP_00864	0
LDKALFFP_00865	2
LDKALFFP_00866	13
LDKALFFP_00867	8
LDKALFFP_00868	0
LDKALFFP_00869	1
LDKALFFP_00870	0
LDKALFFP_00871	0
LDKALFFP_00872	74
LDKALFFP_00873	0
LDKALFFP_00874	0
LDKALFFP_00875	0
LDKALFFP_00876	2
LDKALFFP_00877	0
LDKALFFP_00878	1
LDKALFFP_00879	0
LDKALFFP_00880	0
LDKALFFP_00881	0
LDKALFFP_00882	0
LDKALFFP_00883	0
LDKALFFP_00884	0
LDKALFFP_00885	0
LDKALFFP_00886	1
LDKALFFP_00887	4
LDKALFFP_00888	6
LDKALFFP_00889	7
LDKALFFP_00890	24
LDKALFFP_00891	4
LDKALFFP_00892	2
LDKALFFP_00893	0
LDKALFFP_00894	0
LDKALFFP_00895	5
LDKALFFP_00896	0
LDKALFFP_00897	0
LDKALFFP_00898	0
LDKALFFP_00899	1
LDKALFFP_00900	5
LDKALFFP_00901	2
LDKALFFP_00902	0
LDKALFFP_00903	3
LDKALFFP_00904	0
LDKALFFP_00905	1
LDKALFFP_00906	15
LDKALFFP_00907	0
LDKALFFP_00908	0
LDKALFFP_00909	0
LDKALFFP_00910	1
LDKALFFP_00911	0
LDKALFFP_00912	0
LDKALFFP_00913	0
LDKALFFP_00914	0
LDKALFFP_00915	0
LDKALFFP_00916	0
LDKALFFP_00917	0
LDKALFFP_00918	0
LDKALFFP_00919	0
LDKALFFP_00920	0
LDKALFFP_00921	3
LDKALFFP_00922	0
LDKALFFP_00923	0
LDKALFFP_00924	0
LDKALFFP_00925	0
LDKALFFP_00926	0
LDKALFFP_00927	0
LDKALFFP_00928	0
LDKALFFP_00929	12
LDKALFFP_00930	8
LDKALFFP_00931	7
LDKALFFP_00932	0
LDKALFFP_00933	0
LDKALFFP_00934	0
LDKALFFP_00935	0
LDKALFFP_00936	7
LDKALFFP_00937	0
LDKALFFP_00938	0
LDKALFFP_00939	0
LDKALFFP_00940	0
LDKALFFP_00941	0
LDKALFFP_00942	0
LDKALFFP_00943	0
LDKALFFP_00944	0
LDKALFFP_00945	1
LDKALFFP_00946	6
LDKALFFP_00948	0
LDKALFFP_00949	0
LDKALFFP_00950	3
LDKALFFP_00951	0
LDKALFFP_00952	0
LDKALFFP_00953	0
LDKALFFP_00954	0
LDKALFFP_00955	1
LDKALFFP_00956	1
LDKALFFP_00957	0
LDKALFFP_00958	0
LDKALFFP_00959	4
LDKALFFP_00960	0
LDKALFFP_00961	1
LDKALFFP_00962	3
LDKALFFP_00963	1
LDKALFFP_00964	0
LDKALFFP_00965	1
LDKALFFP_00966	0
LDKALFFP_00967	0
LDKALFFP_00968	0
LDKALFFP_00969	0
LDKALFFP_00970	0
LDKALFFP_00971	0
LDKALFFP_00972	5
LDKALFFP_00973	0
LDKALFFP_00974	0
LDKALFFP_00975	0
LDKALFFP_00976	0
LDKALFFP_00977	0
LDKALFFP_00978	1
LDKALFFP_00979	3
LDKALFFP_00980	9
LDKALFFP_00981	6
LDKALFFP_00982	0
LDKALFFP_00983	20
LDKALFFP_00984	4
LDKALFFP_00985	20
LDKALFFP_00986	7
LDKALFFP_00987	0
LDKALFFP_00988	0
LDKALFFP_00989	0
LDKALFFP_00990	1
LDKALFFP_00991	0
LDKALFFP_00992	0
LDKALFFP_00993	1
LDKALFFP_00994	1
LDKALFFP_00995	0
LDKALFFP_00996	0
LDKALFFP_00997	0
LDKALFFP_00998	2
LDKALFFP_00999	2
LDKALFFP_01000	0
LDKALFFP_01001	0
LDKALFFP_01002	0
LDKALFFP_01003	0
LDKALFFP_01004	0
LDKALFFP_01005	0
LDKALFFP_01006	0
LDKALFFP_01007	0
LDKALFFP_01008	0
LDKALFFP_01009	0
LDKALFFP_01010	0
LDKALFFP_01011	0
LDKALFFP_01012	0
LDKALFFP_01013	0
LDKALFFP_01014	0
LDKALFFP_01015	1
LDKALFFP_01016	0
LDKALFFP_01017	0
LDKALFFP_01018	0
LDKALFFP_01019	0
LDKALFFP_01020	4
LDKALFFP_01021	1
LDKALFFP_01022	21
LDKALFFP_01023	5
LDKALFFP_01024	0
LDKALFFP_01025	0
LDKALFFP_01026	0
LDKALFFP_01027	0
LDKALFFP_01028	2
LDKALFFP_01029	0
LDKALFFP_01030	0
LDKALFFP_01031	0
LDKALFFP_01032	17
LDKALFFP_01033	0
LDKALFFP_01034	0
LDKALFFP_01035	1
LDKALFFP_01036	5
LDKALFFP_01037	0
LDKALFFP_01038	0
LDKALFFP_01039	4
LDKALFFP_01040	0
LDKALFFP_01041	0
LDKALFFP_01042	0
LDKALFFP_01043	1
LDKALFFP_01044	1
LDKALFFP_01045	2
LDKALFFP_01046	0
LDKALFFP_01047	0
LDKALFFP_01048	0
LDKALFFP_01049	0
LDKALFFP_01050	0
LDKALFFP_01051	0
LDKALFFP_01052	1
LDKALFFP_01053	0
LDKALFFP_01054	2
LDKALFFP_01055	0
LDKALFFP_01056	5
LDKALFFP_01057	2
LDKALFFP_01058	1
LDKALFFP_01059	4
LDKALFFP_01060	0
LDKALFFP_01061	1
LDKALFFP_01062	0
LDKALFFP_01063	1
LDKALFFP_01064	3
LDKALFFP_01065	14
LDKALFFP_01066	7
LDKALFFP_01067	0
LDKALFFP_01068	0
LDKALFFP_01069	2
LDKALFFP_01070	0
LDKALFFP_01071	0
LDKALFFP_01072	0
LDKALFFP_01073	6
LDKALFFP_01074	2
LDKALFFP_01075	0
LDKALFFP_01076	0
LDKALFFP_01077	0
LDKALFFP_01078	0
LDKALFFP_01079	5
LDKALFFP_01080	1
LDKALFFP_01081	0
LDKALFFP_01082	2
LDKALFFP_01083	11
LDKALFFP_01084	4
LDKALFFP_01085	0
LDKALFFP_01086	0
LDKALFFP_01087	0
LDKALFFP_01088	2
LDKALFFP_01089	0
LDKALFFP_01090	0
LDKALFFP_01092	0
LDKALFFP_01093	1
LDKALFFP_01094	2
LDKALFFP_01095	13
LDKALFFP_01096	0
LDKALFFP_01097	0
LDKALFFP_01098	0
LDKALFFP_01099	10
LDKALFFP_01100	8
LDKALFFP_01101	5
LDKALFFP_01102	3
LDKALFFP_01103	0
LDKALFFP_01104	0
LDKALFFP_01105	0
LDKALFFP_01106	0
LDKALFFP_01107	5
LDKALFFP_01108	0
LDKALFFP_01109	0
LDKALFFP_01110	2
LDKALFFP_01111	2
LDKALFFP_01112	0
LDKALFFP_01113	0
LDKALFFP_01114	0
LDKALFFP_01115	4
LDKALFFP_01116	0
LDKALFFP_01117	3
LDKALFFP_01118	0
LDKALFFP_01119	4
LDKALFFP_01120	3
LDKALFFP_01121	2
LDKALFFP_01122	2
LDKALFFP_01123	9
LDKALFFP_01124	42
LDKALFFP_01125	0
LDKALFFP_01126	7
LDKALFFP_01127	0
LDKALFFP_01128	4
LDKALFFP_01129	1
LDKALFFP_01130	3
LDKALFFP_01131	1
LDKALFFP_01132	0
LDKALFFP_01133	0
LDKALFFP_01134	2
LDKALFFP_01135	0
LDKALFFP_01136	0
LDKALFFP_01137	0
LDKALFFP_01138	3
LDKALFFP_01139	0
LDKALFFP_01140	3
LDKALFFP_01141	0
LDKALFFP_01142	6
LDKALFFP_01143	4
LDKALFFP_01144	2
LDKALFFP_01145	0
LDKALFFP_01146	7
LDKALFFP_01147	0
LDKALFFP_01148	0
LDKALFFP_01149	0
LDKALFFP_01150	0
LDKALFFP_01151	2
LDKALFFP_01152	0
LDKALFFP_01153	0
LDKALFFP_01154	1
LDKALFFP_01155	0
LDKALFFP_01156	0
LDKALFFP_01157	0
LDKALFFP_01158	4
LDKALFFP_01159	0
LDKALFFP_01160	0
LDKALFFP_01161	0
LDKALFFP_01162	0
LDKALFFP_01163	0
LDKALFFP_01164	0
LDKALFFP_01165	4
LDKALFFP_01166	0
LDKALFFP_01167	0
LDKALFFP_01168	23
LDKALFFP_01169	4
LDKALFFP_01170	2
LDKALFFP_01171	4
LDKALFFP_01176	1
LDKALFFP_01177	0
LDKALFFP_01178	0
LDKALFFP_01179	2
LDKALFFP_01180	0
LDKALFFP_01181	0
LDKALFFP_01182	0
LDKALFFP_01183	0
LDKALFFP_01184	0
LDKALFFP_01185	0
LDKALFFP_01186	0
LDKALFFP_01187	2
LDKALFFP_01188	0
LDKALFFP_01189	0
LDKALFFP_01190	4
LDKALFFP_01191	1
LDKALFFP_01192	6
LDKALFFP_01193	2
LDKALFFP_01194	0
LDKALFFP_01195	1
LDKALFFP_01196	1
LDKALFFP_01197	24
LDKALFFP_01198	0
LDKALFFP_01199	0
LDKALFFP_01200	0
LDKALFFP_01201	0
LDKALFFP_01202	0
LDKALFFP_01203	0
LDKALFFP_01204	0
LDKALFFP_01205	0
LDKALFFP_01206	0
LDKALFFP_01207	0
LDKALFFP_01208	0
LDKALFFP_01209	5
LDKALFFP_01210	0
LDKALFFP_01211	0
LDKALFFP_01212	0
LDKALFFP_01213	0
LDKALFFP_01214	4
LDKALFFP_01215	4
LDKALFFP_01216	6
LDKALFFP_01217	6
LDKALFFP_01218	0
LDKALFFP_01219	0
LDKALFFP_01220	33
LDKALFFP_01221	2
LDKALFFP_01222	0
LDKALFFP_01223	3
LDKALFFP_01224	0
LDKALFFP_01225	0
LDKALFFP_01226	2
LDKALFFP_01227	11
LDKALFFP_01228	0
LDKALFFP_01229	0
LDKALFFP_01230	0
LDKALFFP_01231	0
LDKALFFP_01232	3
LDKALFFP_01233	0
LDKALFFP_01234	0
LDKALFFP_01235	3
LDKALFFP_01236	0
LDKALFFP_01237	0
LDKALFFP_01238	0
LDKALFFP_01239	0
LDKALFFP_01240	0
LDKALFFP_01241	0
LDKALFFP_01242	0
LDKALFFP_01243	0
LDKALFFP_01244	0
LDKALFFP_01245	0
LDKALFFP_01246	0
LDKALFFP_01247	1
LDKALFFP_01248	2
LDKALFFP_01249	4
LDKALFFP_01250	0
LDKALFFP_01251	0
LDKALFFP_01252	2
LDKALFFP_01253	0
LDKALFFP_01254	0
LDKALFFP_01255	0
LDKALFFP_01256	0
LDKALFFP_01257	1
LDKALFFP_01258	0
LDKALFFP_01259	3
LDKALFFP_01260	0
LDKALFFP_01261	2
LDKALFFP_01262	0
LDKALFFP_01263	0
LDKALFFP_01264	0
LDKALFFP_01265	0
LDKALFFP_01266	3
LDKALFFP_01267	0
LDKALFFP_01268	0
LDKALFFP_01269	0
LDKALFFP_01270	0
LDKALFFP_01271	3
LDKALFFP_01272	0
LDKALFFP_01273	0
LDKALFFP_01274	0
LDKALFFP_01275	0
LDKALFFP_01276	0
LDKALFFP_01277	0
LDKALFFP_01278	0
LDKALFFP_01279	2
LDKALFFP_01280	0
LDKALFFP_01281	0
LDKALFFP_01282	0
LDKALFFP_01283	0
LDKALFFP_01284	1
LDKALFFP_01285	5
LDKALFFP_01286	0
LDKALFFP_01287	13
LDKALFFP_01288	0
LDKALFFP_01289	0
LDKALFFP_01290	23
LDKALFFP_01291	13
LDKALFFP_01292	0
LDKALFFP_01293	0
LDKALFFP_01294	1
LDKALFFP_01295	0
LDKALFFP_01296	0
LDKALFFP_01297	1
LDKALFFP_01298	0
LDKALFFP_01299	0
LDKALFFP_01300	0
LDKALFFP_01301	0
LDKALFFP_01302	2
LDKALFFP_01303	0
LDKALFFP_01304	3
LDKALFFP_01305	3
LDKALFFP_01306	1
LDKALFFP_01307	1
LDKALFFP_01308	1
LDKALFFP_01309	7
LDKALFFP_01310	2
LDKALFFP_01311	0
LDKALFFP_01312	2
LDKALFFP_01313	0
LDKALFFP_01314	2
LDKALFFP_01315	6
LDKALFFP_01316	0
LDKALFFP_01317	4
LDKALFFP_01318	1
LDKALFFP_01319	1
LDKALFFP_01320	0
LDKALFFP_01321	0
LDKALFFP_01322	1
LDKALFFP_01323	0
LDKALFFP_01324	0
LDKALFFP_01325	1
LDKALFFP_01326	7
LDKALFFP_01327	0
LDKALFFP_01328	0
LDKALFFP_01329	2
LDKALFFP_01330	0
LDKALFFP_01331	0
LDKALFFP_01332	0
LDKALFFP_01333	11
LDKALFFP_01334	0
LDKALFFP_01335	0
LDKALFFP_01336	6
LDKALFFP_01337	0
LDKALFFP_01338	0
LDKALFFP_01339	1
LDKALFFP_01340	5
LDKALFFP_01341	0
LDKALFFP_01342	4
LDKALFFP_01343	3
LDKALFFP_01344	2
LDKALFFP_01345	0
LDKALFFP_01346	0
LDKALFFP_01347	0
LDKALFFP_01348	1
LDKALFFP_01349	0
LDKALFFP_01350	0
LDKALFFP_01351	0
LDKALFFP_01352	1
LDKALFFP_01353	0
LDKALFFP_01354	2
LDKALFFP_01355	6
LDKALFFP_01356	0
LDKALFFP_01357	0
LDKALFFP_01358	11
LDKALFFP_01359	0
LDKALFFP_01360	0
LDKALFFP_01361	0
LDKALFFP_01362	1
LDKALFFP_01363	0
LDKALFFP_01364	0
LDKALFFP_01365	4
LDKALFFP_01366	3
LDKALFFP_01367	0
LDKALFFP_01368	0
LDKALFFP_01369	0
LDKALFFP_01370	0
LDKALFFP_01371	39
LDKALFFP_01372	7
LDKALFFP_01373	1
LDKALFFP_01374	0
LDKALFFP_01375	0
LDKALFFP_01376	2
LDKALFFP_01377	3
LDKALFFP_01378	0
LDKALFFP_01379	0
LDKALFFP_01380	0
LDKALFFP_01381	0
LDKALFFP_01382	0
LDKALFFP_01383	1
LDKALFFP_01384	0
LDKALFFP_01385	2
LDKALFFP_01386	6
LDKALFFP_01387	0
LDKALFFP_01388	0
LDKALFFP_01389	0
LDKALFFP_01390	0
LDKALFFP_01391	0
LDKALFFP_01392	0
LDKALFFP_01393	0
LDKALFFP_01394	2
LDKALFFP_01395	2
LDKALFFP_01396	0
LDKALFFP_01397	0
LDKALFFP_01398	1
LDKALFFP_01399	0
LDKALFFP_01400	0
LDKALFFP_01401	2
LDKALFFP_01402	1
LDKALFFP_01403	0
LDKALFFP_01404	0
LDKALFFP_01405	0
LDKALFFP_01406	0
LDKALFFP_01407	0
LDKALFFP_01408	0
LDKALFFP_01409	6
LDKALFFP_01410	0
LDKALFFP_01411	13
LDKALFFP_01412	0
LDKALFFP_01413	3
LDKALFFP_01414	0
LDKALFFP_01415	1
LDKALFFP_01416	214
LDKALFFP_01417	4
LDKALFFP_01418	0
LDKALFFP_01419	13
LDKALFFP_01420	0
LDKALFFP_01421	14
LDKALFFP_01422	2
LDKALFFP_01423	0
LDKALFFP_01424	0
LDKALFFP_01425	0
LDKALFFP_01426	0
LDKALFFP_01427	1
LDKALFFP_01428	0
LDKALFFP_01429	0
LDKALFFP_01430	9
LDKALFFP_01431	0
LDKALFFP_01432	1
LDKALFFP_01433	0
LDKALFFP_01434	0
LDKALFFP_01435	0
LDKALFFP_01436	0
LDKALFFP_01437	0
LDKALFFP_01438	0
LDKALFFP_01439	0
LDKALFFP_01440	0
LDKALFFP_01441	0
LDKALFFP_01442	2
LDKALFFP_01443	0
LDKALFFP_01444	2
LDKALFFP_01445	0
LDKALFFP_01446	5
LDKALFFP_01447	1
LDKALFFP_01448	0
LDKALFFP_01449	0
LDKALFFP_01450	2
LDKALFFP_01451	0
__no_feature	1125
__ambiguous	197
__too_low_aQual	179
__not_aligned	736909
__alignment_not_unique	0
