DFBLDAAM_00001	0
DFBLDAAM_00002	0
DFBLDAAM_00003	1
DFBLDAAM_00004	0
DFBLDAAM_00005	0
DFBLDAAM_00006	0
DFBLDAAM_00007	2
DFBLDAAM_00008	0
DFBLDAAM_00009	0
DFBLDAAM_00010	0
DFBLDAAM_00011	0
DFBLDAAM_00012	0
DFBLDAAM_00013	0
DFBLDAAM_00014	0
DFBLDAAM_00015	0
DFBLDAAM_00016	0
DFBLDAAM_00017	0
DFBLDAAM_00018	3
DFBLDAAM_00019	1
DFBLDAAM_00020	1
DFBLDAAM_00021	0
DFBLDAAM_00022	0
DFBLDAAM_00023	0
DFBLDAAM_00024	0
DFBLDAAM_00025	0
DFBLDAAM_00026	1
DFBLDAAM_00027	0
DFBLDAAM_00028	0
DFBLDAAM_00029	0
DFBLDAAM_00030	0
DFBLDAAM_00031	3
DFBLDAAM_00032	5
DFBLDAAM_00033	73
DFBLDAAM_00034	2
DFBLDAAM_00035	1
DFBLDAAM_00036	2
DFBLDAAM_00037	4
DFBLDAAM_00038	2
DFBLDAAM_00039	0
DFBLDAAM_00040	0
DFBLDAAM_00041	0
DFBLDAAM_00042	0
DFBLDAAM_00043	0
DFBLDAAM_00045	0
DFBLDAAM_00046	0
DFBLDAAM_00047	0
DFBLDAAM_00048	0
DFBLDAAM_00049	1
DFBLDAAM_00050	0
DFBLDAAM_00051	0
DFBLDAAM_00052	0
DFBLDAAM_00053	0
DFBLDAAM_00054	0
DFBLDAAM_00055	2
DFBLDAAM_00056	0
DFBLDAAM_00057	0
DFBLDAAM_00058	2
DFBLDAAM_00059	1
DFBLDAAM_00060	0
DFBLDAAM_00061	1
DFBLDAAM_00062	0
DFBLDAAM_00063	0
DFBLDAAM_00064	0
DFBLDAAM_00065	0
DFBLDAAM_00066	0
DFBLDAAM_00067	4
DFBLDAAM_00068	0
DFBLDAAM_00069	0
DFBLDAAM_00070	0
DFBLDAAM_00071	0
DFBLDAAM_00072	4
DFBLDAAM_00073	0
DFBLDAAM_00074	1
DFBLDAAM_00075	3
DFBLDAAM_00076	0
DFBLDAAM_00077	1
DFBLDAAM_00078	0
DFBLDAAM_00079	5
DFBLDAAM_00080	0
DFBLDAAM_00082	0
DFBLDAAM_00083	0
DFBLDAAM_00084	8
DFBLDAAM_00085	3
DFBLDAAM_00086	4
DFBLDAAM_00087	0
DFBLDAAM_00088	2
DFBLDAAM_00089	2
DFBLDAAM_00090	0
DFBLDAAM_00091	0
DFBLDAAM_00092	0
DFBLDAAM_00093	0
DFBLDAAM_00094	1
DFBLDAAM_00095	2
DFBLDAAM_00096	1
DFBLDAAM_00097	3
DFBLDAAM_00098	3
DFBLDAAM_00099	1
DFBLDAAM_00100	7
DFBLDAAM_00101	1
DFBLDAAM_00102	12
DFBLDAAM_00103	1
DFBLDAAM_00104	0
DFBLDAAM_00105	0
DFBLDAAM_00106	1
DFBLDAAM_00107	2
DFBLDAAM_00108	1
DFBLDAAM_00109	0
DFBLDAAM_00110	0
DFBLDAAM_00111	0
DFBLDAAM_00112	0
DFBLDAAM_00113	0
DFBLDAAM_00114	0
DFBLDAAM_00115	0
DFBLDAAM_00116	0
DFBLDAAM_00117	0
DFBLDAAM_00118	0
DFBLDAAM_00119	0
DFBLDAAM_00120	7
DFBLDAAM_00121	0
DFBLDAAM_00122	5
DFBLDAAM_00123	5
DFBLDAAM_00124	2
DFBLDAAM_00125	2
DFBLDAAM_00126	0
DFBLDAAM_00127	0
DFBLDAAM_00128	0
DFBLDAAM_00129	0
DFBLDAAM_00130	0
DFBLDAAM_00131	0
DFBLDAAM_00132	1
DFBLDAAM_00133	0
DFBLDAAM_00134	45
DFBLDAAM_00135	16
DFBLDAAM_00136	0
DFBLDAAM_00137	0
DFBLDAAM_00138	2
DFBLDAAM_00139	5
DFBLDAAM_00140	3
DFBLDAAM_00141	1
DFBLDAAM_00142	1
DFBLDAAM_00143	0
DFBLDAAM_00144	0
DFBLDAAM_00145	0
DFBLDAAM_00146	0
DFBLDAAM_00147	1
DFBLDAAM_00148	0
DFBLDAAM_00149	0
DFBLDAAM_00150	0
DFBLDAAM_00151	0
DFBLDAAM_00152	1
DFBLDAAM_00153	0
DFBLDAAM_00154	0
DFBLDAAM_00155	1
DFBLDAAM_00156	1
DFBLDAAM_00157	1
DFBLDAAM_00158	0
DFBLDAAM_00159	1
DFBLDAAM_00160	2
DFBLDAAM_00161	0
DFBLDAAM_00162	0
DFBLDAAM_00163	0
DFBLDAAM_00164	0
DFBLDAAM_00165	0
DFBLDAAM_00166	2
DFBLDAAM_00167	0
DFBLDAAM_00168	5
DFBLDAAM_00169	0
DFBLDAAM_00170	0
DFBLDAAM_00171	0
DFBLDAAM_00172	0
DFBLDAAM_00173	5
DFBLDAAM_00174	3
DFBLDAAM_00175	0
DFBLDAAM_00176	0
DFBLDAAM_00177	2
DFBLDAAM_00178	0
DFBLDAAM_00179	0
DFBLDAAM_00180	0
DFBLDAAM_00181	0
DFBLDAAM_00182	3
DFBLDAAM_00183	2
DFBLDAAM_00184	0
DFBLDAAM_00185	0
DFBLDAAM_00186	1
DFBLDAAM_00187	2
DFBLDAAM_00188	8
DFBLDAAM_00189	0
DFBLDAAM_00190	8
DFBLDAAM_00191	0
DFBLDAAM_00192	5
DFBLDAAM_00193	3
DFBLDAAM_00194	2
DFBLDAAM_00195	4
DFBLDAAM_00196	4
DFBLDAAM_00197	0
DFBLDAAM_00198	0
DFBLDAAM_00199	0
DFBLDAAM_00200	0
DFBLDAAM_00201	1
DFBLDAAM_00202	0
DFBLDAAM_00203	8
DFBLDAAM_00204	9
DFBLDAAM_00205	0
DFBLDAAM_00206	0
DFBLDAAM_00207	0
DFBLDAAM_00208	0
DFBLDAAM_00209	0
DFBLDAAM_00210	2
DFBLDAAM_00211	0
DFBLDAAM_00212	2
DFBLDAAM_00213	3
DFBLDAAM_00214	0
DFBLDAAM_00215	1
DFBLDAAM_00216	0
DFBLDAAM_00217	0
DFBLDAAM_00218	0
DFBLDAAM_00219	0
DFBLDAAM_00220	0
DFBLDAAM_00221	1
DFBLDAAM_00222	0
DFBLDAAM_00223	2
DFBLDAAM_00224	55
DFBLDAAM_00225	0
DFBLDAAM_00226	0
DFBLDAAM_00227	0
DFBLDAAM_00228	1
DFBLDAAM_00229	0
DFBLDAAM_00230	6
DFBLDAAM_00231	1
DFBLDAAM_00232	0
DFBLDAAM_00233	1
DFBLDAAM_00234	3
DFBLDAAM_00235	1
DFBLDAAM_00236	1
DFBLDAAM_00237	0
DFBLDAAM_00238	0
DFBLDAAM_00239	0
DFBLDAAM_00240	0
DFBLDAAM_00241	0
DFBLDAAM_00242	0
DFBLDAAM_00243	0
DFBLDAAM_00244	0
DFBLDAAM_00245	0
DFBLDAAM_00246	0
DFBLDAAM_00247	0
DFBLDAAM_00248	0
DFBLDAAM_00249	0
DFBLDAAM_00250	0
DFBLDAAM_00251	0
DFBLDAAM_00252	0
DFBLDAAM_00253	6
DFBLDAAM_00254	8
DFBLDAAM_00255	0
DFBLDAAM_00256	0
DFBLDAAM_00257	1
DFBLDAAM_00258	2
DFBLDAAM_00259	0
DFBLDAAM_00260	2
DFBLDAAM_00261	0
DFBLDAAM_00262	0
DFBLDAAM_00263	2
DFBLDAAM_00264	0
DFBLDAAM_00265	3
DFBLDAAM_00266	0
DFBLDAAM_00267	0
DFBLDAAM_00268	0
DFBLDAAM_00269	0
DFBLDAAM_00270	2
DFBLDAAM_00271	3
DFBLDAAM_00272	2
DFBLDAAM_00273	0
DFBLDAAM_00274	0
DFBLDAAM_00275	0
DFBLDAAM_00276	0
DFBLDAAM_00277	0
DFBLDAAM_00278	1
DFBLDAAM_00279	0
DFBLDAAM_00280	0
DFBLDAAM_00281	2
DFBLDAAM_00282	0
DFBLDAAM_00283	3
DFBLDAAM_00284	4
DFBLDAAM_00285	0
DFBLDAAM_00286	0
DFBLDAAM_00287	5
DFBLDAAM_00288	7
DFBLDAAM_00289	1
DFBLDAAM_00290	0
DFBLDAAM_00291	4
DFBLDAAM_00292	1
DFBLDAAM_00293	8
DFBLDAAM_00294	0
DFBLDAAM_00295	0
DFBLDAAM_00296	2
DFBLDAAM_00297	2
DFBLDAAM_00298	0
DFBLDAAM_00299	0
DFBLDAAM_00300	13
DFBLDAAM_00301	3
DFBLDAAM_00302	5
DFBLDAAM_00303	16
DFBLDAAM_00304	3
DFBLDAAM_00305	0
DFBLDAAM_00306	0
DFBLDAAM_00307	0
DFBLDAAM_00308	9
DFBLDAAM_00309	1
DFBLDAAM_00310	1
DFBLDAAM_00311	5
DFBLDAAM_00312	0
DFBLDAAM_00313	0
DFBLDAAM_00314	0
DFBLDAAM_00315	0
DFBLDAAM_00316	0
DFBLDAAM_00317	0
DFBLDAAM_00318	3
DFBLDAAM_00319	1
DFBLDAAM_00320	0
DFBLDAAM_00321	4
DFBLDAAM_00322	0
DFBLDAAM_00323	0
DFBLDAAM_00324	4
DFBLDAAM_00325	3
DFBLDAAM_00326	0
DFBLDAAM_00327	0
DFBLDAAM_00328	0
DFBLDAAM_00329	0
DFBLDAAM_00330	0
DFBLDAAM_00331	3
DFBLDAAM_00332	1
DFBLDAAM_00333	0
DFBLDAAM_00334	0
DFBLDAAM_00335	0
DFBLDAAM_00336	0
DFBLDAAM_00337	0
DFBLDAAM_00338	0
DFBLDAAM_00339	0
DFBLDAAM_00340	0
DFBLDAAM_00341	0
DFBLDAAM_00342	0
DFBLDAAM_00343	1
DFBLDAAM_00344	0
DFBLDAAM_00345	0
DFBLDAAM_00346	0
DFBLDAAM_00347	0
DFBLDAAM_00348	0
DFBLDAAM_00349	0
DFBLDAAM_00350	0
DFBLDAAM_00351	0
DFBLDAAM_00353	10
DFBLDAAM_00354	9
DFBLDAAM_00355	4
DFBLDAAM_00356	0
DFBLDAAM_00357	0
DFBLDAAM_00358	0
DFBLDAAM_00359	2
DFBLDAAM_00360	0
DFBLDAAM_00361	0
DFBLDAAM_00362	0
DFBLDAAM_00363	8
DFBLDAAM_00364	0
DFBLDAAM_00365	0
DFBLDAAM_00366	1
DFBLDAAM_00367	0
DFBLDAAM_00368	0
DFBLDAAM_00369	6
DFBLDAAM_00370	0
DFBLDAAM_00371	0
DFBLDAAM_00372	5
DFBLDAAM_00373	5
DFBLDAAM_00374	0
DFBLDAAM_00375	0
DFBLDAAM_00376	0
DFBLDAAM_00377	0
DFBLDAAM_00378	2
DFBLDAAM_00379	38
DFBLDAAM_00380	0
DFBLDAAM_00381	0
DFBLDAAM_00382	0
DFBLDAAM_00383	0
DFBLDAAM_00384	0
DFBLDAAM_00385	0
DFBLDAAM_00386	0
DFBLDAAM_00387	0
DFBLDAAM_00388	0
DFBLDAAM_00389	0
DFBLDAAM_00390	1
DFBLDAAM_00391	0
DFBLDAAM_00392	0
DFBLDAAM_00393	0
DFBLDAAM_00394	4
DFBLDAAM_00395	3
DFBLDAAM_00396	0
DFBLDAAM_00397	9
DFBLDAAM_00398	5
DFBLDAAM_00399	0
DFBLDAAM_00400	0
DFBLDAAM_00401	0
DFBLDAAM_00402	0
DFBLDAAM_00403	0
DFBLDAAM_00404	0
DFBLDAAM_00405	0
DFBLDAAM_00406	0
DFBLDAAM_00407	3
DFBLDAAM_00408	1
DFBLDAAM_00409	4
DFBLDAAM_00410	71
DFBLDAAM_00411	10
DFBLDAAM_00412	49
DFBLDAAM_00413	5
DFBLDAAM_00414	0
DFBLDAAM_00415	0
DFBLDAAM_00416	0
DFBLDAAM_00417	0
DFBLDAAM_00418	2
DFBLDAAM_00419	0
DFBLDAAM_00420	0
DFBLDAAM_00421	0
DFBLDAAM_00422	0
DFBLDAAM_00423	0
DFBLDAAM_00424	7
DFBLDAAM_00425	0
DFBLDAAM_00426	0
DFBLDAAM_00427	0
DFBLDAAM_00428	2
DFBLDAAM_00429	1
DFBLDAAM_00430	2
DFBLDAAM_00431	0
DFBLDAAM_00432	0
DFBLDAAM_00433	0
DFBLDAAM_00434	0
DFBLDAAM_00435	0
DFBLDAAM_00436	0
DFBLDAAM_00437	0
DFBLDAAM_00438	0
DFBLDAAM_00439	1
DFBLDAAM_00440	0
DFBLDAAM_00441	1
DFBLDAAM_00442	0
DFBLDAAM_00443	1
DFBLDAAM_00444	0
DFBLDAAM_00445	0
DFBLDAAM_00446	0
DFBLDAAM_00447	0
DFBLDAAM_00448	0
DFBLDAAM_00449	2
DFBLDAAM_00450	0
DFBLDAAM_00451	5
DFBLDAAM_00452	8
DFBLDAAM_00453	5
DFBLDAAM_00454	0
DFBLDAAM_00455	0
DFBLDAAM_00456	14
DFBLDAAM_00457	11
DFBLDAAM_00458	4
DFBLDAAM_00459	0
DFBLDAAM_00460	0
DFBLDAAM_00461	4
DFBLDAAM_00462	7
DFBLDAAM_00463	0
DFBLDAAM_00464	0
DFBLDAAM_00465	0
DFBLDAAM_00466	0
DFBLDAAM_00467	0
DFBLDAAM_00468	0
DFBLDAAM_00469	0
DFBLDAAM_00470	1
DFBLDAAM_00471	1
DFBLDAAM_00472	0
DFBLDAAM_00473	0
DFBLDAAM_00474	0
DFBLDAAM_00475	0
DFBLDAAM_00476	1
DFBLDAAM_00477	0
DFBLDAAM_00478	7
DFBLDAAM_00479	0
DFBLDAAM_00480	0
DFBLDAAM_00481	6
DFBLDAAM_00482	2
DFBLDAAM_00483	0
DFBLDAAM_00484	2
DFBLDAAM_00485	0
DFBLDAAM_00486	1
DFBLDAAM_00487	5
DFBLDAAM_00488	0
DFBLDAAM_00489	4
DFBLDAAM_00490	0
DFBLDAAM_00491	0
DFBLDAAM_00492	0
DFBLDAAM_00493	0
DFBLDAAM_00494	4
DFBLDAAM_00495	0
DFBLDAAM_00496	0
DFBLDAAM_00497	1
DFBLDAAM_00498	1
DFBLDAAM_00499	7
DFBLDAAM_00500	1
DFBLDAAM_00501	2
DFBLDAAM_00504	0
DFBLDAAM_00505	1
DFBLDAAM_00506	1
DFBLDAAM_00507	1
DFBLDAAM_00508	0
DFBLDAAM_00509	0
DFBLDAAM_00510	0
DFBLDAAM_00511	2
DFBLDAAM_00512	1
DFBLDAAM_00513	5
DFBLDAAM_00514	0
DFBLDAAM_00515	0
DFBLDAAM_00516	3
DFBLDAAM_00517	3
DFBLDAAM_00518	0
DFBLDAAM_00519	0
DFBLDAAM_00520	2
DFBLDAAM_00521	0
DFBLDAAM_00522	0
DFBLDAAM_00523	0
DFBLDAAM_00524	0
DFBLDAAM_00525	0
DFBLDAAM_00526	1
DFBLDAAM_00527	5
DFBLDAAM_00528	0
DFBLDAAM_00529	4
DFBLDAAM_00530	0
DFBLDAAM_00531	10
DFBLDAAM_00532	0
DFBLDAAM_00533	1
DFBLDAAM_00534	0
DFBLDAAM_00535	1
DFBLDAAM_00536	2
DFBLDAAM_00537	0
DFBLDAAM_00538	0
DFBLDAAM_00539	0
DFBLDAAM_00540	0
DFBLDAAM_00541	0
DFBLDAAM_00542	4
DFBLDAAM_00543	0
DFBLDAAM_00544	0
DFBLDAAM_00545	0
DFBLDAAM_00546	0
DFBLDAAM_00547	0
DFBLDAAM_00548	0
DFBLDAAM_00549	0
DFBLDAAM_00550	2
DFBLDAAM_00552	4
DFBLDAAM_00553	0
DFBLDAAM_00554	1
DFBLDAAM_00555	0
DFBLDAAM_00556	1
DFBLDAAM_00557	0
DFBLDAAM_00558	0
DFBLDAAM_00559	2
DFBLDAAM_00560	0
DFBLDAAM_00561	0
DFBLDAAM_00562	3
DFBLDAAM_00563	1
DFBLDAAM_00564	1
DFBLDAAM_00565	0
DFBLDAAM_00566	0
DFBLDAAM_00567	1
DFBLDAAM_00568	0
DFBLDAAM_00569	0
DFBLDAAM_00570	0
DFBLDAAM_00571	0
DFBLDAAM_00572	0
DFBLDAAM_00573	0
DFBLDAAM_00574	0
DFBLDAAM_00575	0
DFBLDAAM_00576	0
DFBLDAAM_00577	0
DFBLDAAM_00578	0
DFBLDAAM_00580	0
DFBLDAAM_00581	0
DFBLDAAM_00582	3
DFBLDAAM_00583	1
DFBLDAAM_00584	0
DFBLDAAM_00585	2
DFBLDAAM_00586	0
DFBLDAAM_00587	0
DFBLDAAM_00588	0
DFBLDAAM_00589	1
DFBLDAAM_00590	0
DFBLDAAM_00591	0
DFBLDAAM_00592	0
DFBLDAAM_00593	0
DFBLDAAM_00594	2
DFBLDAAM_00595	0
DFBLDAAM_00596	0
DFBLDAAM_00597	0
DFBLDAAM_00598	0
DFBLDAAM_00599	0
DFBLDAAM_00600	0
DFBLDAAM_00601	0
DFBLDAAM_00602	1
DFBLDAAM_00603	4
DFBLDAAM_00604	3
DFBLDAAM_00605	0
DFBLDAAM_00606	0
DFBLDAAM_00607	2
DFBLDAAM_00608	0
DFBLDAAM_00609	0
DFBLDAAM_00610	0
DFBLDAAM_00611	0
DFBLDAAM_00612	2
DFBLDAAM_00613	8
DFBLDAAM_00614	0
DFBLDAAM_00615	0
DFBLDAAM_00616	0
DFBLDAAM_00617	0
DFBLDAAM_00618	0
DFBLDAAM_00619	0
DFBLDAAM_00620	0
DFBLDAAM_00621	0
DFBLDAAM_00622	0
DFBLDAAM_00623	0
DFBLDAAM_00624	5
DFBLDAAM_00625	8
DFBLDAAM_00626	2
DFBLDAAM_00627	0
DFBLDAAM_00628	0
DFBLDAAM_00629	0
DFBLDAAM_00630	2
DFBLDAAM_00631	5
DFBLDAAM_00632	3
DFBLDAAM_00633	0
DFBLDAAM_00634	0
DFBLDAAM_00635	0
DFBLDAAM_00636	4
DFBLDAAM_00637	0
DFBLDAAM_00638	2
DFBLDAAM_00639	5
DFBLDAAM_00640	0
DFBLDAAM_00641	0
DFBLDAAM_00642	0
DFBLDAAM_00643	0
DFBLDAAM_00644	0
DFBLDAAM_00645	0
DFBLDAAM_00646	3
DFBLDAAM_00647	2
DFBLDAAM_00648	0
DFBLDAAM_00649	1
DFBLDAAM_00650	0
DFBLDAAM_00651	5
DFBLDAAM_00652	0
DFBLDAAM_00653	2
DFBLDAAM_00654	0
DFBLDAAM_00655	0
DFBLDAAM_00656	0
DFBLDAAM_00657	0
DFBLDAAM_00658	6
DFBLDAAM_00659	1
DFBLDAAM_00660	0
DFBLDAAM_00661	3
DFBLDAAM_00662	0
DFBLDAAM_00663	0
DFBLDAAM_00664	0
DFBLDAAM_00665	8
DFBLDAAM_00666	2
DFBLDAAM_00667	1
DFBLDAAM_00668	0
DFBLDAAM_00669	0
DFBLDAAM_00670	0
DFBLDAAM_00671	0
DFBLDAAM_00672	0
DFBLDAAM_00673	0
DFBLDAAM_00674	4
DFBLDAAM_00675	0
DFBLDAAM_00676	3
DFBLDAAM_00677	1
DFBLDAAM_00678	2
DFBLDAAM_00679	0
DFBLDAAM_00680	0
DFBLDAAM_00681	2
DFBLDAAM_00682	0
DFBLDAAM_00683	4
DFBLDAAM_00684	0
DFBLDAAM_00685	0
DFBLDAAM_00686	2
DFBLDAAM_00687	0
DFBLDAAM_00688	0
DFBLDAAM_00689	0
DFBLDAAM_00690	1
DFBLDAAM_00691	1
DFBLDAAM_00692	0
DFBLDAAM_00693	0
DFBLDAAM_00694	0
DFBLDAAM_00695	0
DFBLDAAM_00696	4
DFBLDAAM_00697	7
DFBLDAAM_00698	0
DFBLDAAM_00699	0
DFBLDAAM_00700	3
DFBLDAAM_00701	0
DFBLDAAM_00702	4
DFBLDAAM_00703	2
DFBLDAAM_00704	0
DFBLDAAM_00705	2
DFBLDAAM_00706	6
DFBLDAAM_00707	1
DFBLDAAM_00708	0
DFBLDAAM_00709	0
DFBLDAAM_00710	2
DFBLDAAM_00711	0
DFBLDAAM_00712	0
DFBLDAAM_00713	0
DFBLDAAM_00714	0
DFBLDAAM_00715	1
DFBLDAAM_00716	0
DFBLDAAM_00717	0
DFBLDAAM_00718	0
DFBLDAAM_00719	0
DFBLDAAM_00720	1
DFBLDAAM_00721	0
DFBLDAAM_00722	0
DFBLDAAM_00723	0
DFBLDAAM_00724	0
DFBLDAAM_00725	0
DFBLDAAM_00726	2
DFBLDAAM_00727	0
DFBLDAAM_00728	1
DFBLDAAM_00729	1
DFBLDAAM_00730	0
DFBLDAAM_00731	0
DFBLDAAM_00732	0
DFBLDAAM_00733	0
DFBLDAAM_00734	0
DFBLDAAM_00735	0
DFBLDAAM_00736	4
DFBLDAAM_00737	0
DFBLDAAM_00738	8
DFBLDAAM_00739	1
DFBLDAAM_00740	2
DFBLDAAM_00741	0
DFBLDAAM_00742	1
DFBLDAAM_00743	0
DFBLDAAM_00744	2
DFBLDAAM_00745	0
DFBLDAAM_00746	3
DFBLDAAM_00747	1
DFBLDAAM_00748	0
DFBLDAAM_00749	2
DFBLDAAM_00750	0
DFBLDAAM_00751	4
DFBLDAAM_00752	0
DFBLDAAM_00753	0
DFBLDAAM_00754	0
DFBLDAAM_00755	0
DFBLDAAM_00756	4
DFBLDAAM_00757	0
DFBLDAAM_00758	1
DFBLDAAM_00759	2
DFBLDAAM_00760	0
DFBLDAAM_00761	2
DFBLDAAM_00762	0
DFBLDAAM_00763	0
DFBLDAAM_00764	1
DFBLDAAM_00765	1
DFBLDAAM_00766	0
DFBLDAAM_00767	0
DFBLDAAM_00768	1
DFBLDAAM_00769	2
DFBLDAAM_00770	0
DFBLDAAM_00771	0
DFBLDAAM_00772	0
DFBLDAAM_00773	0
DFBLDAAM_00774	1
DFBLDAAM_00775	2
DFBLDAAM_00776	0
DFBLDAAM_00777	0
DFBLDAAM_00778	0
DFBLDAAM_00779	0
DFBLDAAM_00780	0
DFBLDAAM_00781	13
DFBLDAAM_00782	5
DFBLDAAM_00783	1
DFBLDAAM_00784	26
DFBLDAAM_00785	2
DFBLDAAM_00786	0
DFBLDAAM_00787	1
DFBLDAAM_00788	0
DFBLDAAM_00789	0
DFBLDAAM_00790	0
DFBLDAAM_00791	5
DFBLDAAM_00792	2
DFBLDAAM_00793	2
DFBLDAAM_00794	3
DFBLDAAM_00795	3
DFBLDAAM_00796	3
DFBLDAAM_00797	0
DFBLDAAM_00798	0
DFBLDAAM_00799	0
DFBLDAAM_00800	0
DFBLDAAM_00801	1
DFBLDAAM_00802	0
DFBLDAAM_00803	0
DFBLDAAM_00804	0
DFBLDAAM_00805	0
DFBLDAAM_00806	1
DFBLDAAM_00807	0
DFBLDAAM_00808	3
DFBLDAAM_00809	0
DFBLDAAM_00810	0
DFBLDAAM_00811	0
DFBLDAAM_00812	0
DFBLDAAM_00813	0
DFBLDAAM_00814	2
DFBLDAAM_00815	12
DFBLDAAM_00816	0
DFBLDAAM_00817	19
DFBLDAAM_00818	0
DFBLDAAM_00819	0
DFBLDAAM_00820	10
DFBLDAAM_00821	1
DFBLDAAM_00822	4
DFBLDAAM_00823	2
DFBLDAAM_00824	0
DFBLDAAM_00825	0
DFBLDAAM_00826	0
DFBLDAAM_00827	10
DFBLDAAM_00828	0
DFBLDAAM_00829	0
DFBLDAAM_00830	3
DFBLDAAM_00831	8
DFBLDAAM_00832	0
DFBLDAAM_00833	0
DFBLDAAM_00834	0
DFBLDAAM_00835	2
DFBLDAAM_00836	0
DFBLDAAM_00837	0
DFBLDAAM_00838	0
DFBLDAAM_00839	0
DFBLDAAM_00840	0
DFBLDAAM_00841	0
DFBLDAAM_00842	0
DFBLDAAM_00843	1
DFBLDAAM_00844	0
DFBLDAAM_00845	1
DFBLDAAM_00846	0
DFBLDAAM_00847	0
DFBLDAAM_00848	0
DFBLDAAM_00849	0
DFBLDAAM_00850	0
DFBLDAAM_00851	0
DFBLDAAM_00852	0
DFBLDAAM_00853	3
DFBLDAAM_00854	0
DFBLDAAM_00855	0
DFBLDAAM_00856	1
DFBLDAAM_00857	1
DFBLDAAM_00858	2
DFBLDAAM_00859	3
DFBLDAAM_00860	0
DFBLDAAM_00861	1
DFBLDAAM_00862	0
DFBLDAAM_00863	0
DFBLDAAM_00864	1
DFBLDAAM_00865	6
DFBLDAAM_00866	16
DFBLDAAM_00867	0
DFBLDAAM_00868	1
DFBLDAAM_00869	1
DFBLDAAM_00870	9
DFBLDAAM_00871	4
DFBLDAAM_00872	11
DFBLDAAM_00873	1
DFBLDAAM_00874	0
DFBLDAAM_00875	0
DFBLDAAM_00876	2
DFBLDAAM_00877	0
DFBLDAAM_00878	2
DFBLDAAM_00879	0
DFBLDAAM_00880	0
DFBLDAAM_00881	0
DFBLDAAM_00882	0
DFBLDAAM_00883	0
DFBLDAAM_00884	0
DFBLDAAM_00885	0
DFBLDAAM_00886	0
DFBLDAAM_00887	0
DFBLDAAM_00888	0
DFBLDAAM_00889	0
DFBLDAAM_00890	4
DFBLDAAM_00891	1
DFBLDAAM_00892	0
DFBLDAAM_00893	0
DFBLDAAM_00894	1
DFBLDAAM_00895	0
DFBLDAAM_00896	0
DFBLDAAM_00897	0
DFBLDAAM_00898	0
DFBLDAAM_00899	0
DFBLDAAM_00900	4
DFBLDAAM_00901	3
DFBLDAAM_00902	0
DFBLDAAM_00903	0
DFBLDAAM_00904	0
DFBLDAAM_00905	0
DFBLDAAM_00906	0
DFBLDAAM_00907	0
DFBLDAAM_00908	0
DFBLDAAM_00909	1
DFBLDAAM_00910	0
DFBLDAAM_00911	0
DFBLDAAM_00913	3
DFBLDAAM_00916	0
DFBLDAAM_00917	0
DFBLDAAM_00918	1
DFBLDAAM_00919	1
DFBLDAAM_00920	0
DFBLDAAM_00921	0
DFBLDAAM_00922	0
DFBLDAAM_00923	0
DFBLDAAM_00924	0
DFBLDAAM_00925	2
DFBLDAAM_00926	0
DFBLDAAM_00927	0
DFBLDAAM_00928	0
DFBLDAAM_00929	0
DFBLDAAM_00930	0
DFBLDAAM_00931	0
DFBLDAAM_00932	2
DFBLDAAM_00933	0
DFBLDAAM_00934	7
DFBLDAAM_00935	2
DFBLDAAM_00936	1
DFBLDAAM_00937	8
DFBLDAAM_00938	9
DFBLDAAM_00939	14
DFBLDAAM_00940	0
DFBLDAAM_00941	1
DFBLDAAM_00942	0
DFBLDAAM_00943	3
DFBLDAAM_00944	0
DFBLDAAM_00945	0
DFBLDAAM_00946	0
DFBLDAAM_00947	2
DFBLDAAM_00948	0
DFBLDAAM_00949	0
DFBLDAAM_00950	0
DFBLDAAM_00951	6
DFBLDAAM_00952	0
DFBLDAAM_00953	2
DFBLDAAM_00954	0
DFBLDAAM_00957	0
DFBLDAAM_00958	0
DFBLDAAM_00959	3
DFBLDAAM_00960	0
DFBLDAAM_00961	0
DFBLDAAM_00962	0
DFBLDAAM_00963	0
DFBLDAAM_00964	7
DFBLDAAM_00965	0
DFBLDAAM_00966	1
DFBLDAAM_00967	0
DFBLDAAM_00968	0
DFBLDAAM_00969	3
DFBLDAAM_00970	5
DFBLDAAM_00971	0
DFBLDAAM_00972	3
DFBLDAAM_00973	0
DFBLDAAM_00974	1
DFBLDAAM_00975	0
DFBLDAAM_00976	6
DFBLDAAM_00977	1
DFBLDAAM_00978	0
DFBLDAAM_00979	0
DFBLDAAM_00980	0
DFBLDAAM_00981	0
DFBLDAAM_00982	0
DFBLDAAM_00983	0
DFBLDAAM_00984	0
DFBLDAAM_00985	0
DFBLDAAM_00986	0
DFBLDAAM_00987	0
DFBLDAAM_00988	0
DFBLDAAM_00989	0
DFBLDAAM_00990	3
DFBLDAAM_00991	0
DFBLDAAM_00992	0
DFBLDAAM_00993	2
DFBLDAAM_00994	0
DFBLDAAM_00995	0
DFBLDAAM_00996	0
DFBLDAAM_00999	0
DFBLDAAM_01003	1
DFBLDAAM_01004	0
DFBLDAAM_01005	0
DFBLDAAM_01006	10
DFBLDAAM_01007	0
DFBLDAAM_01008	0
DFBLDAAM_01009	0
DFBLDAAM_01010	9
DFBLDAAM_01011	6
DFBLDAAM_01012	6
DFBLDAAM_01013	0
DFBLDAAM_01014	0
DFBLDAAM_01015	0
DFBLDAAM_01016	0
DFBLDAAM_01017	0
DFBLDAAM_01018	0
DFBLDAAM_01019	0
DFBLDAAM_01020	0
DFBLDAAM_01021	0
DFBLDAAM_01022	0
DFBLDAAM_01023	0
DFBLDAAM_01024	2
DFBLDAAM_01025	0
DFBLDAAM_01026	0
DFBLDAAM_01027	0
DFBLDAAM_01028	0
DFBLDAAM_01029	0
DFBLDAAM_01030	4
DFBLDAAM_01031	0
DFBLDAAM_01032	0
DFBLDAAM_01033	0
DFBLDAAM_01034	0
DFBLDAAM_01035	1
DFBLDAAM_01036	1
DFBLDAAM_01037	13
DFBLDAAM_01038	11
DFBLDAAM_01039	1
DFBLDAAM_01040	0
DFBLDAAM_01042	0
DFBLDAAM_01043	0
DFBLDAAM_01044	2
DFBLDAAM_01045	0
DFBLDAAM_01046	0
DFBLDAAM_01047	0
DFBLDAAM_01048	0
DFBLDAAM_01049	0
DFBLDAAM_01050	0
DFBLDAAM_01051	1
DFBLDAAM_01052	1
DFBLDAAM_01053	0
DFBLDAAM_01054	1
DFBLDAAM_01055	1
DFBLDAAM_01056	2
DFBLDAAM_01057	0
DFBLDAAM_01058	0
DFBLDAAM_01059	6
DFBLDAAM_01060	5
DFBLDAAM_01061	4
DFBLDAAM_01062	0
DFBLDAAM_01063	1
DFBLDAAM_01064	0
DFBLDAAM_01065	0
DFBLDAAM_01066	1
DFBLDAAM_01067	1
DFBLDAAM_01068	0
DFBLDAAM_01069	0
DFBLDAAM_01070	10
DFBLDAAM_01071	0
DFBLDAAM_01072	2
DFBLDAAM_01073	4
DFBLDAAM_01074	1
DFBLDAAM_01075	0
DFBLDAAM_01076	1
DFBLDAAM_01077	2
DFBLDAAM_01078	1
DFBLDAAM_01079	1
DFBLDAAM_01080	0
DFBLDAAM_01081	0
DFBLDAAM_01082	0
DFBLDAAM_01083	0
DFBLDAAM_01084	0
DFBLDAAM_01085	0
DFBLDAAM_01086	2
DFBLDAAM_01087	3
DFBLDAAM_01088	6
DFBLDAAM_01089	0
DFBLDAAM_01090	1
DFBLDAAM_01091	7
DFBLDAAM_01092	6
DFBLDAAM_01093	0
DFBLDAAM_01094	0
DFBLDAAM_01095	0
DFBLDAAM_01096	1
DFBLDAAM_01097	1
DFBLDAAM_01098	0
DFBLDAAM_01099	0
DFBLDAAM_01100	0
DFBLDAAM_01101	1
DFBLDAAM_01102	0
DFBLDAAM_01103	0
DFBLDAAM_01105	0
DFBLDAAM_01106	0
DFBLDAAM_01107	0
DFBLDAAM_01108	0
DFBLDAAM_01109	4
DFBLDAAM_01110	0
DFBLDAAM_01111	0
DFBLDAAM_01112	0
DFBLDAAM_01113	0
DFBLDAAM_01114	0
DFBLDAAM_01115	2
DFBLDAAM_01116	0
DFBLDAAM_01117	0
DFBLDAAM_01118	0
DFBLDAAM_01119	1
DFBLDAAM_01120	1
DFBLDAAM_01121	0
DFBLDAAM_01122	14
DFBLDAAM_01123	0
DFBLDAAM_01124	0
DFBLDAAM_01125	0
DFBLDAAM_01126	0
DFBLDAAM_01127	0
DFBLDAAM_01128	0
DFBLDAAM_01129	0
DFBLDAAM_01130	0
DFBLDAAM_01131	0
DFBLDAAM_01132	0
DFBLDAAM_01133	0
DFBLDAAM_01134	5
DFBLDAAM_01135	2
DFBLDAAM_01136	6
DFBLDAAM_01137	0
DFBLDAAM_01138	0
DFBLDAAM_01139	0
DFBLDAAM_01140	8
DFBLDAAM_01141	1
DFBLDAAM_01142	0
DFBLDAAM_01143	0
DFBLDAAM_01144	1
DFBLDAAM_01145	7
DFBLDAAM_01146	0
DFBLDAAM_01147	0
DFBLDAAM_01148	2
DFBLDAAM_01149	2
DFBLDAAM_01150	2
DFBLDAAM_01151	0
DFBLDAAM_01152	0
DFBLDAAM_01153	0
DFBLDAAM_01154	0
DFBLDAAM_01155	0
DFBLDAAM_01156	0
DFBLDAAM_01157	0
DFBLDAAM_01158	50
DFBLDAAM_01159	46
DFBLDAAM_01160	12
DFBLDAAM_01161	3
DFBLDAAM_01162	4
DFBLDAAM_01163	2
DFBLDAAM_01164	9
DFBLDAAM_01165	3
DFBLDAAM_01167	0
DFBLDAAM_01168	0
DFBLDAAM_01169	0
DFBLDAAM_01170	1
DFBLDAAM_01171	0
DFBLDAAM_01172	0
DFBLDAAM_01173	0
DFBLDAAM_01174	5
DFBLDAAM_01175	16
DFBLDAAM_01176	0
DFBLDAAM_01177	0
DFBLDAAM_01178	0
DFBLDAAM_01179	0
DFBLDAAM_01180	0
DFBLDAAM_01181	1
DFBLDAAM_01182	0
DFBLDAAM_01183	2
DFBLDAAM_01184	0
DFBLDAAM_01185	0
DFBLDAAM_01186	0
DFBLDAAM_01187	0
DFBLDAAM_01188	0
DFBLDAAM_01189	7
DFBLDAAM_01190	1
DFBLDAAM_01191	0
DFBLDAAM_01192	0
DFBLDAAM_01193	0
DFBLDAAM_01194	26
DFBLDAAM_01195	20
DFBLDAAM_01196	1
DFBLDAAM_01197	0
DFBLDAAM_01198	0
DFBLDAAM_01199	2
DFBLDAAM_01200	0
DFBLDAAM_01201	6
DFBLDAAM_01202	31
DFBLDAAM_01203	12
DFBLDAAM_01204	0
DFBLDAAM_01205	1
DFBLDAAM_01206	0
DFBLDAAM_01207	0
DFBLDAAM_01208	0
DFBLDAAM_01209	0
DFBLDAAM_01210	0
DFBLDAAM_01211	5
DFBLDAAM_01212	2
DFBLDAAM_01213	0
DFBLDAAM_01214	0
DFBLDAAM_01216	6
DFBLDAAM_01217	0
DFBLDAAM_01218	4
DFBLDAAM_01219	1
DFBLDAAM_01220	0
DFBLDAAM_01221	4
DFBLDAAM_01222	0
DFBLDAAM_01223	0
DFBLDAAM_01224	3
DFBLDAAM_01225	0
DFBLDAAM_01226	0
DFBLDAAM_01227	6
DFBLDAAM_01228	0
DFBLDAAM_01229	2
DFBLDAAM_01230	0
DFBLDAAM_01231	0
DFBLDAAM_01232	0
DFBLDAAM_01233	1
DFBLDAAM_01234	0
DFBLDAAM_01235	0
DFBLDAAM_01236	0
DFBLDAAM_01237	4
DFBLDAAM_01238	0
DFBLDAAM_01239	6
DFBLDAAM_01240	3
DFBLDAAM_01241	0
DFBLDAAM_01242	2
DFBLDAAM_01243	1
DFBLDAAM_01244	0
DFBLDAAM_01245	0
DFBLDAAM_01246	0
DFBLDAAM_01247	9
DFBLDAAM_01248	29
DFBLDAAM_01249	0
DFBLDAAM_01250	5
DFBLDAAM_01251	1
DFBLDAAM_01252	0
DFBLDAAM_01253	1
DFBLDAAM_01255	0
DFBLDAAM_01256	0
DFBLDAAM_01257	0
DFBLDAAM_01258	0
DFBLDAAM_01259	1
DFBLDAAM_01260	0
DFBLDAAM_01261	9
DFBLDAAM_01262	0
DFBLDAAM_01263	15
DFBLDAAM_01264	7
DFBLDAAM_01265	22
DFBLDAAM_01266	0
DFBLDAAM_01267	0
DFBLDAAM_01268	4
DFBLDAAM_01269	0
DFBLDAAM_01270	0
DFBLDAAM_01271	1
DFBLDAAM_01272	0
DFBLDAAM_01273	0
DFBLDAAM_01274	2
DFBLDAAM_01275	0
DFBLDAAM_01276	0
DFBLDAAM_01277	0
DFBLDAAM_01278	0
DFBLDAAM_01279	1
DFBLDAAM_01280	0
DFBLDAAM_01281	16
DFBLDAAM_01282	9
DFBLDAAM_01283	8
DFBLDAAM_01284	0
DFBLDAAM_01285	0
DFBLDAAM_01286	0
DFBLDAAM_01287	0
DFBLDAAM_01288	1
DFBLDAAM_01289	0
DFBLDAAM_01290	0
DFBLDAAM_01291	0
DFBLDAAM_01292	0
DFBLDAAM_01293	3
DFBLDAAM_01294	1
DFBLDAAM_01295	0
DFBLDAAM_01296	2
DFBLDAAM_01297	3
DFBLDAAM_01298	3
DFBLDAAM_01299	4
DFBLDAAM_01300	3
DFBLDAAM_01301	0
DFBLDAAM_01302	12
DFBLDAAM_01303	0
DFBLDAAM_01304	4
DFBLDAAM_01305	0
DFBLDAAM_01306	0
DFBLDAAM_01307	3
DFBLDAAM_01308	0
DFBLDAAM_01309	2
DFBLDAAM_01310	16
DFBLDAAM_01311	2
DFBLDAAM_01312	0
DFBLDAAM_01313	8
DFBLDAAM_01314	15
DFBLDAAM_01315	17
DFBLDAAM_01316	4
DFBLDAAM_01317	0
DFBLDAAM_01318	0
DFBLDAAM_01319	0
DFBLDAAM_01320	0
DFBLDAAM_01321	1
DFBLDAAM_01322	5
DFBLDAAM_01323	6
DFBLDAAM_01324	5
DFBLDAAM_01325	1
DFBLDAAM_01326	0
DFBLDAAM_01327	0
DFBLDAAM_01328	1
DFBLDAAM_01329	1
DFBLDAAM_01330	0
DFBLDAAM_01331	0
DFBLDAAM_01332	12
DFBLDAAM_01333	0
DFBLDAAM_01334	0
DFBLDAAM_01335	0
DFBLDAAM_01336	2
DFBLDAAM_01337	0
DFBLDAAM_01338	1
DFBLDAAM_01339	0
DFBLDAAM_01340	11
DFBLDAAM_01341	0
DFBLDAAM_01342	3
DFBLDAAM_01343	0
DFBLDAAM_01344	1
DFBLDAAM_01345	0
DFBLDAAM_01346	2
DFBLDAAM_01347	0
DFBLDAAM_01348	0
DFBLDAAM_01349	0
DFBLDAAM_01350	0
DFBLDAAM_01351	0
DFBLDAAM_01352	0
DFBLDAAM_01353	0
DFBLDAAM_01354	0
DFBLDAAM_01355	4
DFBLDAAM_01356	3
DFBLDAAM_01357	3
DFBLDAAM_01358	0
DFBLDAAM_01359	0
DFBLDAAM_01360	0
DFBLDAAM_01361	0
DFBLDAAM_01362	0
DFBLDAAM_01363	4
DFBLDAAM_01364	0
DFBLDAAM_01365	0
DFBLDAAM_01366	0
DFBLDAAM_01367	0
DFBLDAAM_01368	0
DFBLDAAM_01369	1
DFBLDAAM_01370	0
DFBLDAAM_01371	0
DFBLDAAM_01372	0
DFBLDAAM_01373	44
DFBLDAAM_01374	0
DFBLDAAM_01375	0
DFBLDAAM_01376	0
DFBLDAAM_01377	0
DFBLDAAM_01378	1
DFBLDAAM_01379	0
DFBLDAAM_01380	1
DFBLDAAM_01381	3
DFBLDAAM_01382	3
DFBLDAAM_01383	2
DFBLDAAM_01384	0
DFBLDAAM_01385	0
DFBLDAAM_01386	0
DFBLDAAM_01387	0
DFBLDAAM_01388	0
DFBLDAAM_01389	0
DFBLDAAM_01390	0
DFBLDAAM_01391	0
DFBLDAAM_01392	0
DFBLDAAM_01393	67
DFBLDAAM_01394	2
DFBLDAAM_01395	0
DFBLDAAM_01396	0
DFBLDAAM_01397	7
DFBLDAAM_01398	0
DFBLDAAM_01399	36
DFBLDAAM_01400	0
DFBLDAAM_01401	1
DFBLDAAM_01402	0
DFBLDAAM_01403	0
DFBLDAAM_01404	0
DFBLDAAM_01405	0
DFBLDAAM_01406	0
DFBLDAAM_01407	0
DFBLDAAM_01408	3
DFBLDAAM_01409	0
DFBLDAAM_01410	0
DFBLDAAM_01411	0
DFBLDAAM_01412	0
DFBLDAAM_01413	0
DFBLDAAM_01414	1
DFBLDAAM_01415	0
DFBLDAAM_01416	17
DFBLDAAM_01417	103
DFBLDAAM_01418	0
DFBLDAAM_01419	1
DFBLDAAM_01420	0
DFBLDAAM_01421	0
DFBLDAAM_01422	33
DFBLDAAM_01423	2
DFBLDAAM_01424	5
DFBLDAAM_01425	2
DFBLDAAM_01426	0
DFBLDAAM_01427	0
DFBLDAAM_01428	0
DFBLDAAM_01429	0
DFBLDAAM_01430	0
DFBLDAAM_01431	0
DFBLDAAM_01432	2
DFBLDAAM_01433	0
DFBLDAAM_01434	2
DFBLDAAM_01435	0
DFBLDAAM_01436	0
DFBLDAAM_01437	7
DFBLDAAM_01438	0
DFBLDAAM_01439	0
DFBLDAAM_01440	0
DFBLDAAM_01441	0
DFBLDAAM_01442	0
DFBLDAAM_01443	0
DFBLDAAM_01444	0
DFBLDAAM_01445	0
DFBLDAAM_01446	3
DFBLDAAM_01447	0
DFBLDAAM_01448	0
DFBLDAAM_01449	0
DFBLDAAM_01450	0
DFBLDAAM_01451	3
DFBLDAAM_01452	0
DFBLDAAM_01453	0
DFBLDAAM_01454	9
DFBLDAAM_01455	3
DFBLDAAM_01456	0
DFBLDAAM_01457	3
DFBLDAAM_01458	0
DFBLDAAM_01459	0
DFBLDAAM_01460	0
DFBLDAAM_01461	3
DFBLDAAM_01462	0
DFBLDAAM_01463	0
DFBLDAAM_01464	2
DFBLDAAM_01465	0
DFBLDAAM_01466	4
DFBLDAAM_01467	0
DFBLDAAM_01468	0
DFBLDAAM_01469	1
DFBLDAAM_01470	2
DFBLDAAM_01471	0
DFBLDAAM_01472	2
DFBLDAAM_01473	0
DFBLDAAM_01474	0
DFBLDAAM_01475	1
DFBLDAAM_01476	0
DFBLDAAM_01477	0
DFBLDAAM_01478	0
DFBLDAAM_01479	0
DFBLDAAM_01480	0
DFBLDAAM_01481	2
DFBLDAAM_01482	0
DFBLDAAM_01483	3
DFBLDAAM_01484	1
DFBLDAAM_01485	2
DFBLDAAM_01486	0
DFBLDAAM_01487	0
DFBLDAAM_01488	0
DFBLDAAM_01489	0
DFBLDAAM_01490	0
DFBLDAAM_01491	3
DFBLDAAM_01492	1
DFBLDAAM_01493	1
DFBLDAAM_01494	5
DFBLDAAM_01495	0
DFBLDAAM_01496	0
DFBLDAAM_01497	0
DFBLDAAM_01498	0
DFBLDAAM_01499	6
DFBLDAAM_01500	2
DFBLDAAM_01501	0
DFBLDAAM_01502	0
DFBLDAAM_01503	0
DFBLDAAM_01504	1
DFBLDAAM_01505	0
DFBLDAAM_01506	1
DFBLDAAM_01507	0
DFBLDAAM_01508	1
DFBLDAAM_01509	10
DFBLDAAM_01510	1
DFBLDAAM_01511	1
DFBLDAAM_01512	0
DFBLDAAM_01513	0
DFBLDAAM_01514	0
DFBLDAAM_01515	0
DFBLDAAM_01516	0
DFBLDAAM_01517	0
DFBLDAAM_01518	0
DFBLDAAM_01519	2
DFBLDAAM_01520	0
DFBLDAAM_01521	2
DFBLDAAM_01522	0
DFBLDAAM_01523	0
DFBLDAAM_01524	2
DFBLDAAM_01525	2
DFBLDAAM_01526	0
DFBLDAAM_01527	3
DFBLDAAM_01528	6
DFBLDAAM_01529	0
DFBLDAAM_01530	0
DFBLDAAM_01531	0
DFBLDAAM_01532	0
DFBLDAAM_01533	0
DFBLDAAM_01534	1
DFBLDAAM_01535	0
DFBLDAAM_01536	4
DFBLDAAM_01537	6
DFBLDAAM_01538	3
DFBLDAAM_01539	3
DFBLDAAM_01540	0
DFBLDAAM_01541	0
DFBLDAAM_01542	6
DFBLDAAM_01543	0
DFBLDAAM_01544	29
DFBLDAAM_01545	12
DFBLDAAM_01546	3
DFBLDAAM_01547	0
DFBLDAAM_01548	16
DFBLDAAM_01549	2
DFBLDAAM_01550	5
DFBLDAAM_01551	1
DFBLDAAM_01552	0
DFBLDAAM_01553	2
DFBLDAAM_01554	1
DFBLDAAM_01555	1
DFBLDAAM_01556	0
DFBLDAAM_01557	3
DFBLDAAM_01558	6
DFBLDAAM_01559	1
DFBLDAAM_01560	0
DFBLDAAM_01561	0
DFBLDAAM_01562	5
DFBLDAAM_01563	2
DFBLDAAM_01565	3
DFBLDAAM_01566	0
DFBLDAAM_01567	0
DFBLDAAM_01568	1
DFBLDAAM_01569	1
DFBLDAAM_01570	1
DFBLDAAM_01571	18
DFBLDAAM_01572	0
DFBLDAAM_01573	0
DFBLDAAM_01574	0
DFBLDAAM_01575	6
DFBLDAAM_01576	6
DFBLDAAM_01577	0
DFBLDAAM_01578	1
DFBLDAAM_01579	0
DFBLDAAM_01580	2
DFBLDAAM_01581	0
DFBLDAAM_01582	0
DFBLDAAM_01583	3
DFBLDAAM_01584	0
DFBLDAAM_01585	0
DFBLDAAM_01586	0
DFBLDAAM_01587	1
DFBLDAAM_01588	0
DFBLDAAM_01589	0
DFBLDAAM_01590	0
DFBLDAAM_01591	0
DFBLDAAM_01592	2
DFBLDAAM_01593	2
DFBLDAAM_01594	0
DFBLDAAM_01595	0
DFBLDAAM_01596	20
DFBLDAAM_01597	0
DFBLDAAM_01598	2
DFBLDAAM_01599	3
DFBLDAAM_01600	0
DFBLDAAM_01601	0
DFBLDAAM_01602	0
DFBLDAAM_01603	1
DFBLDAAM_01604	0
DFBLDAAM_01605	4
DFBLDAAM_01606	3
DFBLDAAM_01607	0
DFBLDAAM_01608	3
DFBLDAAM_01609	21
DFBLDAAM_01610	0
DFBLDAAM_01611	0
DFBLDAAM_01612	1
DFBLDAAM_01613	3
DFBLDAAM_01614	0
DFBLDAAM_01615	0
DFBLDAAM_01616	2
DFBLDAAM_01617	0
DFBLDAAM_01618	0
DFBLDAAM_01619	8
DFBLDAAM_01620	4
DFBLDAAM_01621	4
DFBLDAAM_01622	5
DFBLDAAM_01623	9
DFBLDAAM_01624	3
DFBLDAAM_01625	0
DFBLDAAM_01626	0
DFBLDAAM_01627	0
DFBLDAAM_01628	0
DFBLDAAM_01629	2
DFBLDAAM_01630	0
DFBLDAAM_01631	0
DFBLDAAM_01632	0
DFBLDAAM_01633	0
DFBLDAAM_01634	1
DFBLDAAM_01635	0
DFBLDAAM_01636	4
DFBLDAAM_01637	0
DFBLDAAM_01638	2
DFBLDAAM_01639	0
DFBLDAAM_01640	0
DFBLDAAM_01641	0
DFBLDAAM_01642	0
DFBLDAAM_01643	0
DFBLDAAM_01644	0
DFBLDAAM_01645	0
DFBLDAAM_01646	1
DFBLDAAM_01647	1
DFBLDAAM_01648	0
DFBLDAAM_01649	0
DFBLDAAM_01650	0
DFBLDAAM_01651	0
DFBLDAAM_01652	0
DFBLDAAM_01653	0
DFBLDAAM_01654	0
DFBLDAAM_01655	7
DFBLDAAM_01656	0
DFBLDAAM_01657	0
DFBLDAAM_01658	0
DFBLDAAM_01659	0
DFBLDAAM_01660	66
DFBLDAAM_01661	20
DFBLDAAM_01662	3
DFBLDAAM_01663	0
DFBLDAAM_01664	0
DFBLDAAM_01665	0
DFBLDAAM_01666	0
DFBLDAAM_01667	12
DFBLDAAM_01668	3
DFBLDAAM_01669	0
DFBLDAAM_01670	0
DFBLDAAM_01671	0
DFBLDAAM_01672	0
DFBLDAAM_01673	0
DFBLDAAM_01674	2
DFBLDAAM_01675	2
DFBLDAAM_01676	6
DFBLDAAM_01677	0
DFBLDAAM_01678	0
DFBLDAAM_01679	11
DFBLDAAM_01680	1
DFBLDAAM_01681	0
DFBLDAAM_01682	0
DFBLDAAM_01683	0
DFBLDAAM_01684	0
DFBLDAAM_01685	0
DFBLDAAM_01686	0
DFBLDAAM_01687	1
DFBLDAAM_01688	0
DFBLDAAM_01689	0
DFBLDAAM_01690	0
DFBLDAAM_01691	1
DFBLDAAM_01692	0
DFBLDAAM_01693	0
DFBLDAAM_01694	0
DFBLDAAM_01695	0
DFBLDAAM_01696	0
DFBLDAAM_01697	0
DFBLDAAM_01698	0
DFBLDAAM_01699	1
DFBLDAAM_01700	2
DFBLDAAM_01701	0
DFBLDAAM_01702	1
DFBLDAAM_01703	1
DFBLDAAM_01704	1
DFBLDAAM_01705	1
DFBLDAAM_01706	1
DFBLDAAM_01707	0
DFBLDAAM_01708	0
DFBLDAAM_01709	1
DFBLDAAM_01710	0
DFBLDAAM_01711	1
DFBLDAAM_01712	2
DFBLDAAM_01713	2
DFBLDAAM_01714	0
DFBLDAAM_01715	0
DFBLDAAM_01716	1
DFBLDAAM_01717	1
DFBLDAAM_01718	3
DFBLDAAM_01719	4
DFBLDAAM_01720	3
DFBLDAAM_01721	9
DFBLDAAM_01722	7
DFBLDAAM_01723	0
DFBLDAAM_01724	0
DFBLDAAM_01725	1
DFBLDAAM_01726	2
DFBLDAAM_01727	9
DFBLDAAM_01728	0
DFBLDAAM_01729	1
DFBLDAAM_01730	2
DFBLDAAM_01731	2
DFBLDAAM_01732	0
DFBLDAAM_01733	4
DFBLDAAM_01734	0
DFBLDAAM_01735	0
DFBLDAAM_01736	1
DFBLDAAM_01737	9
DFBLDAAM_01738	0
DFBLDAAM_01739	0
DFBLDAAM_01740	1
DFBLDAAM_01741	0
DFBLDAAM_01742	0
DFBLDAAM_01743	0
DFBLDAAM_01744	1
DFBLDAAM_01745	0
DFBLDAAM_01746	0
DFBLDAAM_01747	7
DFBLDAAM_01748	0
DFBLDAAM_01749	2
DFBLDAAM_01750	2
DFBLDAAM_01751	0
DFBLDAAM_01752	3
DFBLDAAM_01753	1
DFBLDAAM_01754	0
DFBLDAAM_01755	0
DFBLDAAM_01756	1
DFBLDAAM_01757	2
DFBLDAAM_01758	0
DFBLDAAM_01759	0
DFBLDAAM_01760	31
DFBLDAAM_01761	6
DFBLDAAM_01762	2
DFBLDAAM_01763	0
DFBLDAAM_01764	0
DFBLDAAM_01765	6
DFBLDAAM_01766	1
DFBLDAAM_01767	0
DFBLDAAM_01768	4
DFBLDAAM_01769	7
DFBLDAAM_01770	0
DFBLDAAM_01771	1
DFBLDAAM_01772	6
DFBLDAAM_01773	1
DFBLDAAM_01774	0
DFBLDAAM_01775	0
DFBLDAAM_01776	1
DFBLDAAM_01777	1
DFBLDAAM_01778	0
DFBLDAAM_01779	0
DFBLDAAM_01780	2
DFBLDAAM_01781	2
DFBLDAAM_01782	4
DFBLDAAM_01783	1
DFBLDAAM_01784	2
DFBLDAAM_01785	0
DFBLDAAM_01786	0
DFBLDAAM_01787	2
DFBLDAAM_01788	0
DFBLDAAM_01789	4
DFBLDAAM_01790	0
DFBLDAAM_01791	0
DFBLDAAM_01792	5
DFBLDAAM_01793	10
DFBLDAAM_01794	6
DFBLDAAM_01795	1
DFBLDAAM_01796	19
DFBLDAAM_01797	9
DFBLDAAM_01798	4
DFBLDAAM_01799	1
DFBLDAAM_01800	0
DFBLDAAM_01801	3
DFBLDAAM_01802	1
DFBLDAAM_01803	0
DFBLDAAM_01809	0
DFBLDAAM_01810	0
DFBLDAAM_01811	0
DFBLDAAM_01812	1
DFBLDAAM_01813	0
DFBLDAAM_01814	0
DFBLDAAM_01815	0
DFBLDAAM_01816	0
DFBLDAAM_01817	0
DFBLDAAM_01818	0
DFBLDAAM_01819	2
DFBLDAAM_01820	0
DFBLDAAM_01821	25
DFBLDAAM_01822	43
DFBLDAAM_01823	4
DFBLDAAM_01824	0
DFBLDAAM_01825	0
DFBLDAAM_01826	0
DFBLDAAM_01827	0
DFBLDAAM_01828	0
DFBLDAAM_01829	0
DFBLDAAM_01830	1
DFBLDAAM_01831	1
DFBLDAAM_01832	0
DFBLDAAM_01834	8
DFBLDAAM_01835	1
DFBLDAAM_01836	5
DFBLDAAM_01837	1
DFBLDAAM_01838	12
DFBLDAAM_01839	12
DFBLDAAM_01840	26
DFBLDAAM_01841	2
DFBLDAAM_01842	0
DFBLDAAM_01843	0
DFBLDAAM_01844	0
DFBLDAAM_01845	4
DFBLDAAM_01846	0
DFBLDAAM_01847	0
DFBLDAAM_01848	2
DFBLDAAM_01849	0
DFBLDAAM_01850	0
DFBLDAAM_01851	0
DFBLDAAM_01852	0
DFBLDAAM_01853	0
DFBLDAAM_01854	1
DFBLDAAM_01855	0
DFBLDAAM_01856	0
DFBLDAAM_01857	0
DFBLDAAM_01858	0
DFBLDAAM_01859	9
DFBLDAAM_01860	1
DFBLDAAM_01861	0
DFBLDAAM_01862	0
DFBLDAAM_01863	1
DFBLDAAM_01864	6
DFBLDAAM_01865	9
DFBLDAAM_01866	0
DFBLDAAM_01867	0
DFBLDAAM_01868	0
DFBLDAAM_01869	1
DFBLDAAM_01870	0
DFBLDAAM_01871	9
DFBLDAAM_01872	0
DFBLDAAM_01873	3
DFBLDAAM_01874	1
DFBLDAAM_01875	0
DFBLDAAM_01876	0
DFBLDAAM_01877	4
DFBLDAAM_01878	1
DFBLDAAM_01879	2
DFBLDAAM_01880	10
DFBLDAAM_01881	0
DFBLDAAM_01882	0
DFBLDAAM_01883	0
DFBLDAAM_01884	0
DFBLDAAM_01885	1
DFBLDAAM_01886	0
DFBLDAAM_01887	0
DFBLDAAM_01888	0
DFBLDAAM_01889	1
DFBLDAAM_01890	2
DFBLDAAM_01891	0
DFBLDAAM_01892	0
DFBLDAAM_01893	0
DFBLDAAM_01894	0
DFBLDAAM_01895	0
DFBLDAAM_01896	0
DFBLDAAM_01897	0
DFBLDAAM_01898	0
DFBLDAAM_01899	0
DFBLDAAM_01900	0
DFBLDAAM_01901	0
DFBLDAAM_01902	0
DFBLDAAM_01903	0
DFBLDAAM_01904	0
DFBLDAAM_01905	0
DFBLDAAM_01906	0
DFBLDAAM_01907	0
DFBLDAAM_01908	3
DFBLDAAM_01909	5
DFBLDAAM_01910	0
DFBLDAAM_01911	1
DFBLDAAM_01912	0
DFBLDAAM_01913	0
DFBLDAAM_01914	2
DFBLDAAM_01915	2
DFBLDAAM_01916	0
DFBLDAAM_01919	0
DFBLDAAM_01920	6
DFBLDAAM_01921	0
DFBLDAAM_01922	1
DFBLDAAM_01923	3
DFBLDAAM_01924	5
DFBLDAAM_01925	0
DFBLDAAM_01926	0
DFBLDAAM_01927	0
DFBLDAAM_01928	0
DFBLDAAM_01929	0
DFBLDAAM_01930	5
DFBLDAAM_01931	11
DFBLDAAM_01932	0
DFBLDAAM_01933	11
DFBLDAAM_01934	28
DFBLDAAM_01935	35
DFBLDAAM_01936	34
DFBLDAAM_01937	8
DFBLDAAM_01938	0
DFBLDAAM_01939	0
DFBLDAAM_01940	2
DFBLDAAM_01941	0
DFBLDAAM_01942	0
DFBLDAAM_01943	0
DFBLDAAM_01944	0
DFBLDAAM_01945	0
DFBLDAAM_01946	0
DFBLDAAM_01947	0
DFBLDAAM_01948	2
DFBLDAAM_01949	15
DFBLDAAM_01950	10
DFBLDAAM_01951	13
DFBLDAAM_01952	44
DFBLDAAM_01953	3
DFBLDAAM_01954	0
DFBLDAAM_01955	0
DFBLDAAM_01956	0
DFBLDAAM_01957	1
DFBLDAAM_01958	0
DFBLDAAM_01959	0
DFBLDAAM_01960	5
DFBLDAAM_01961	4
DFBLDAAM_01962	4
DFBLDAAM_01963	1
DFBLDAAM_01964	0
DFBLDAAM_01965	0
DFBLDAAM_01966	0
DFBLDAAM_01967	0
DFBLDAAM_01968	0
DFBLDAAM_01969	3
DFBLDAAM_01970	0
DFBLDAAM_01971	5
DFBLDAAM_01972	0
DFBLDAAM_01973	6
DFBLDAAM_01974	4
DFBLDAAM_01975	1
DFBLDAAM_01976	0
DFBLDAAM_01977	2
DFBLDAAM_01978	5
DFBLDAAM_01979	4
DFBLDAAM_01980	3
DFBLDAAM_01981	1
DFBLDAAM_01982	0
DFBLDAAM_01983	0
DFBLDAAM_01984	1
DFBLDAAM_01985	0
DFBLDAAM_01986	0
DFBLDAAM_01987	4
DFBLDAAM_01988	0
DFBLDAAM_01989	4
DFBLDAAM_01990	0
DFBLDAAM_01991	2
DFBLDAAM_01992	0
DFBLDAAM_01993	0
DFBLDAAM_01994	4
DFBLDAAM_01995	0
DFBLDAAM_01996	0
DFBLDAAM_01997	0
DFBLDAAM_01998	0
DFBLDAAM_01999	12
DFBLDAAM_02000	0
DFBLDAAM_02001	0
DFBLDAAM_02002	0
DFBLDAAM_02003	0
DFBLDAAM_02004	1
DFBLDAAM_02005	0
DFBLDAAM_02006	0
DFBLDAAM_02007	0
DFBLDAAM_02008	27
DFBLDAAM_02009	4
DFBLDAAM_02010	19
DFBLDAAM_02011	3
DFBLDAAM_02012	3
DFBLDAAM_02013	6
DFBLDAAM_02014	2
DFBLDAAM_02015	1
DFBLDAAM_02016	0
DFBLDAAM_02017	0
DFBLDAAM_02018	2
DFBLDAAM_02019	4
DFBLDAAM_02020	1
DFBLDAAM_02021	0
DFBLDAAM_02022	0
DFBLDAAM_02023	0
DFBLDAAM_02024	1
DFBLDAAM_02025	3
DFBLDAAM_02026	0
DFBLDAAM_02027	1
DFBLDAAM_02028	0
DFBLDAAM_02029	0
DFBLDAAM_02030	0
DFBLDAAM_02031	0
DFBLDAAM_02032	0
DFBLDAAM_02033	0
DFBLDAAM_02034	2
DFBLDAAM_02035	0
DFBLDAAM_02036	2
DFBLDAAM_02037	0
DFBLDAAM_02038	0
DFBLDAAM_02039	0
DFBLDAAM_02040	2
DFBLDAAM_02041	2
DFBLDAAM_02042	0
DFBLDAAM_02043	2
DFBLDAAM_02044	0
DFBLDAAM_02045	4
DFBLDAAM_02046	0
DFBLDAAM_02047	3
DFBLDAAM_02048	0
DFBLDAAM_02049	1
DFBLDAAM_02050	2
DFBLDAAM_02051	6
DFBLDAAM_02052	0
DFBLDAAM_02053	0
DFBLDAAM_02054	1
DFBLDAAM_02055	0
DFBLDAAM_02056	2
DFBLDAAM_02057	0
DFBLDAAM_02058	0
DFBLDAAM_02059	0
DFBLDAAM_02060	7
DFBLDAAM_02061	1
DFBLDAAM_02063	0
DFBLDAAM_02064	22
DFBLDAAM_02065	2
DFBLDAAM_02066	0
DFBLDAAM_02067	0
DFBLDAAM_02069	0
DFBLDAAM_02070	0
DFBLDAAM_02071	0
DFBLDAAM_02072	0
DFBLDAAM_02073	10
DFBLDAAM_02074	8
DFBLDAAM_02075	0
DFBLDAAM_02076	0
DFBLDAAM_02077	7
DFBLDAAM_02078	0
DFBLDAAM_02079	4
DFBLDAAM_02080	0
DFBLDAAM_02081	0
DFBLDAAM_02082	0
DFBLDAAM_02083	3
DFBLDAAM_02084	0
DFBLDAAM_02085	0
DFBLDAAM_02086	1
DFBLDAAM_02087	4
DFBLDAAM_02088	0
DFBLDAAM_02089	3
DFBLDAAM_02090	0
DFBLDAAM_02091	0
DFBLDAAM_02092	0
DFBLDAAM_02093	0
DFBLDAAM_02094	0
DFBLDAAM_02095	0
DFBLDAAM_02096	0
DFBLDAAM_02097	0
DFBLDAAM_02098	0
DFBLDAAM_02099	0
DFBLDAAM_02100	0
DFBLDAAM_02101	0
DFBLDAAM_02102	0
DFBLDAAM_02103	1
DFBLDAAM_02104	0
DFBLDAAM_02105	0
DFBLDAAM_02106	1
DFBLDAAM_02107	1
DFBLDAAM_02108	4
DFBLDAAM_02109	0
DFBLDAAM_02110	1
DFBLDAAM_02111	0
DFBLDAAM_02112	4
DFBLDAAM_02113	6
DFBLDAAM_02114	7
DFBLDAAM_02115	2
DFBLDAAM_02116	4
DFBLDAAM_02117	5
DFBLDAAM_02118	4
DFBLDAAM_02119	1
DFBLDAAM_02120	0
DFBLDAAM_02121	3
DFBLDAAM_02122	4
DFBLDAAM_02123	9
DFBLDAAM_02124	7
DFBLDAAM_02125	3
DFBLDAAM_02126	0
DFBLDAAM_02127	1
DFBLDAAM_02128	0
DFBLDAAM_02129	0
DFBLDAAM_02130	1
DFBLDAAM_02131	0
DFBLDAAM_02132	0
DFBLDAAM_02133	2
DFBLDAAM_02134	0
DFBLDAAM_02135	0
DFBLDAAM_02136	0
DFBLDAAM_02137	0
DFBLDAAM_02138	0
DFBLDAAM_02139	2
DFBLDAAM_02140	6
DFBLDAAM_02141	1
DFBLDAAM_02142	0
DFBLDAAM_02143	0
DFBLDAAM_02144	2
DFBLDAAM_02145	12
DFBLDAAM_02146	0
DFBLDAAM_02147	7
DFBLDAAM_02148	1
DFBLDAAM_02149	0
DFBLDAAM_02150	3
DFBLDAAM_02151	0
DFBLDAAM_02152	0
DFBLDAAM_02153	0
DFBLDAAM_02154	0
DFBLDAAM_02155	0
DFBLDAAM_02156	0
DFBLDAAM_02157	0
DFBLDAAM_02158	25
DFBLDAAM_02159	0
DFBLDAAM_02160	0
DFBLDAAM_02161	2
DFBLDAAM_02162	2
DFBLDAAM_02163	1
DFBLDAAM_02164	4
DFBLDAAM_02165	1
DFBLDAAM_02166	1
DFBLDAAM_02167	2
DFBLDAAM_02168	3
DFBLDAAM_02169	0
DFBLDAAM_02170	1
DFBLDAAM_02171	0
DFBLDAAM_02172	1
DFBLDAAM_02173	2
DFBLDAAM_02174	2
DFBLDAAM_02175	0
DFBLDAAM_02176	8
DFBLDAAM_02177	0
DFBLDAAM_02178	0
DFBLDAAM_02179	0
DFBLDAAM_02180	0
DFBLDAAM_02181	0
DFBLDAAM_02182	4
DFBLDAAM_02183	0
DFBLDAAM_02184	0
DFBLDAAM_02185	0
DFBLDAAM_02186	4
DFBLDAAM_02187	3
DFBLDAAM_02188	0
DFBLDAAM_02189	6
DFBLDAAM_02190	0
DFBLDAAM_02191	0
DFBLDAAM_02192	2
DFBLDAAM_02193	0
DFBLDAAM_02194	12
DFBLDAAM_02195	2
DFBLDAAM_02196	6
DFBLDAAM_02197	12
DFBLDAAM_02198	9
DFBLDAAM_02199	1
DFBLDAAM_02200	0
DFBLDAAM_02201	3
DFBLDAAM_02202	0
DFBLDAAM_02203	0
DFBLDAAM_02204	0
DFBLDAAM_02205	2
DFBLDAAM_02206	21
DFBLDAAM_02207	1
DFBLDAAM_02208	2
DFBLDAAM_02209	0
DFBLDAAM_02210	0
DFBLDAAM_02211	0
DFBLDAAM_02212	2
DFBLDAAM_02213	1
DFBLDAAM_02214	8
DFBLDAAM_02215	1
DFBLDAAM_02216	0
DFBLDAAM_02217	3
DFBLDAAM_02218	1
DFBLDAAM_02219	2
DFBLDAAM_02220	6
DFBLDAAM_02221	0
DFBLDAAM_02222	4
DFBLDAAM_02223	0
DFBLDAAM_02224	4
DFBLDAAM_02225	0
DFBLDAAM_02226	8
DFBLDAAM_02227	0
DFBLDAAM_02228	2
DFBLDAAM_02229	5
DFBLDAAM_02230	0
DFBLDAAM_02231	1
DFBLDAAM_02232	0
DFBLDAAM_02233	2
DFBLDAAM_02234	2
DFBLDAAM_02235	0
DFBLDAAM_02236	1
DFBLDAAM_02237	1
DFBLDAAM_02238	0
DFBLDAAM_02239	0
DFBLDAAM_02240	3
DFBLDAAM_02241	5
DFBLDAAM_02242	0
DFBLDAAM_02243	0
DFBLDAAM_02244	4
DFBLDAAM_02245	0
DFBLDAAM_02246	0
DFBLDAAM_02247	0
DFBLDAAM_02248	7
DFBLDAAM_02249	0
DFBLDAAM_02250	1
DFBLDAAM_02251	0
DFBLDAAM_02252	0
DFBLDAAM_02253	1
DFBLDAAM_02254	0
DFBLDAAM_02255	0
DFBLDAAM_02256	4
DFBLDAAM_02257	0
DFBLDAAM_02258	5
DFBLDAAM_02259	8
DFBLDAAM_02260	0
DFBLDAAM_02261	0
DFBLDAAM_02262	0
DFBLDAAM_02263	0
DFBLDAAM_02264	0
DFBLDAAM_02265	0
DFBLDAAM_02266	3
DFBLDAAM_02267	35
DFBLDAAM_02268	2
DFBLDAAM_02269	0
DFBLDAAM_02270	0
DFBLDAAM_02271	0
DFBLDAAM_02272	0
DFBLDAAM_02273	0
DFBLDAAM_02274	0
DFBLDAAM_02275	0
DFBLDAAM_02276	4
DFBLDAAM_02277	0
DFBLDAAM_02278	1
DFBLDAAM_02279	0
DFBLDAAM_02280	0
DFBLDAAM_02281	0
DFBLDAAM_02282	0
DFBLDAAM_02283	4
DFBLDAAM_02284	0
DFBLDAAM_02285	12
DFBLDAAM_02286	8
DFBLDAAM_02287	1
DFBLDAAM_02288	0
DFBLDAAM_02289	4
DFBLDAAM_02290	0
DFBLDAAM_02291	0
DFBLDAAM_02292	0
DFBLDAAM_02293	5
DFBLDAAM_02294	0
DFBLDAAM_02295	102
DFBLDAAM_02296	7
DFBLDAAM_02297	0
DFBLDAAM_02298	0
DFBLDAAM_02299	0
DFBLDAAM_02300	0
DFBLDAAM_02301	0
DFBLDAAM_02302	1
DFBLDAAM_02303	2
DFBLDAAM_02304	0
DFBLDAAM_02305	0
DFBLDAAM_02306	0
DFBLDAAM_02307	15
DFBLDAAM_02308	1
DFBLDAAM_02309	0
DFBLDAAM_02310	0
DFBLDAAM_02311	0
DFBLDAAM_02312	0
DFBLDAAM_02313	0
DFBLDAAM_02314	0
DFBLDAAM_02315	0
DFBLDAAM_02316	0
DFBLDAAM_02317	0
DFBLDAAM_02318	4
DFBLDAAM_02319	22
DFBLDAAM_02320	0
DFBLDAAM_02321	5
DFBLDAAM_02322	0
DFBLDAAM_02323	8
DFBLDAAM_02324	0
DFBLDAAM_02325	1
DFBLDAAM_02326	0
DFBLDAAM_02327	0
DFBLDAAM_02328	23
DFBLDAAM_02329	0
DFBLDAAM_02330	0
DFBLDAAM_02331	0
DFBLDAAM_02332	0
DFBLDAAM_02333	0
DFBLDAAM_02334	0
DFBLDAAM_02335	3
DFBLDAAM_02336	3
DFBLDAAM_02337	1
DFBLDAAM_02338	4
DFBLDAAM_02339	3
DFBLDAAM_02340	2
DFBLDAAM_02341	0
DFBLDAAM_02342	2
DFBLDAAM_02343	0
DFBLDAAM_02344	1
DFBLDAAM_02345	2
DFBLDAAM_02346	2
DFBLDAAM_02347	0
DFBLDAAM_02348	0
DFBLDAAM_02349	0
DFBLDAAM_02350	0
DFBLDAAM_02351	0
DFBLDAAM_02352	0
DFBLDAAM_02353	0
DFBLDAAM_02354	7
DFBLDAAM_02355	0
DFBLDAAM_02356	0
DFBLDAAM_02357	2
DFBLDAAM_02358	0
DFBLDAAM_02359	0
DFBLDAAM_02360	0
DFBLDAAM_02361	0
DFBLDAAM_02362	0
DFBLDAAM_02363	0
DFBLDAAM_02364	0
DFBLDAAM_02365	1
DFBLDAAM_02366	2
DFBLDAAM_02367	1
DFBLDAAM_02368	11
DFBLDAAM_02369	5
DFBLDAAM_02370	4
DFBLDAAM_02371	1
DFBLDAAM_02372	1
DFBLDAAM_02373	0
DFBLDAAM_02374	0
DFBLDAAM_02375	0
DFBLDAAM_02376	0
DFBLDAAM_02377	0
DFBLDAAM_02378	0
DFBLDAAM_02379	0
DFBLDAAM_02380	0
DFBLDAAM_02381	0
DFBLDAAM_02382	0
DFBLDAAM_02383	4
DFBLDAAM_02384	0
DFBLDAAM_02385	0
DFBLDAAM_02386	3
DFBLDAAM_02387	62
DFBLDAAM_02388	1
DFBLDAAM_02389	0
DFBLDAAM_02390	0
DFBLDAAM_02391	0
DFBLDAAM_02392	1
DFBLDAAM_02393	0
DFBLDAAM_02394	0
DFBLDAAM_02395	1
DFBLDAAM_02396	4
DFBLDAAM_02397	0
DFBLDAAM_02398	2
DFBLDAAM_02399	0
DFBLDAAM_02400	1
DFBLDAAM_02401	0
DFBLDAAM_02402	0
DFBLDAAM_02403	0
DFBLDAAM_02404	0
DFBLDAAM_02405	0
DFBLDAAM_02406	0
DFBLDAAM_02407	7
DFBLDAAM_02408	1
DFBLDAAM_02409	2
DFBLDAAM_02410	0
DFBLDAAM_02411	0
DFBLDAAM_02412	2
DFBLDAAM_02413	96
DFBLDAAM_02414	0
DFBLDAAM_02415	1
DFBLDAAM_02416	1
DFBLDAAM_02417	61
DFBLDAAM_02418	0
DFBLDAAM_02419	2
DFBLDAAM_02420	2
DFBLDAAM_02421	0
DFBLDAAM_02422	1
DFBLDAAM_02423	0
DFBLDAAM_02424	0
DFBLDAAM_02425	0
DFBLDAAM_02426	0
DFBLDAAM_02427	0
DFBLDAAM_02428	0
DFBLDAAM_02429	1
DFBLDAAM_02430	17
DFBLDAAM_02431	0
DFBLDAAM_02432	0
DFBLDAAM_02433	3
DFBLDAAM_02434	0
DFBLDAAM_02435	3
DFBLDAAM_02436	0
DFBLDAAM_02437	0
DFBLDAAM_02438	3
DFBLDAAM_02439	1
DFBLDAAM_02440	0
DFBLDAAM_02441	0
DFBLDAAM_02442	0
DFBLDAAM_02443	4
DFBLDAAM_02444	11
DFBLDAAM_02445	0
DFBLDAAM_02446	2
DFBLDAAM_02447	0
DFBLDAAM_02448	6
DFBLDAAM_02449	2
DFBLDAAM_02450	0
DFBLDAAM_02451	0
DFBLDAAM_02452	0
DFBLDAAM_02453	0
__no_feature	1838
__ambiguous	372
__too_low_aQual	364
__not_aligned	733968
__alignment_not_unique	0
