FFKIBHOG_00001	0.0
FFKIBHOG_00002	0.0
FFKIBHOG_00003	0.0
FFKIBHOG_00004	0.0
FFKIBHOG_00005	0.0
FFKIBHOG_00006	0.0
FFKIBHOG_00007	0.0
FFKIBHOG_00008	0.0
FFKIBHOG_00009	0.0
FFKIBHOG_00010	0.0
FFKIBHOG_00011	0.0
FFKIBHOG_00012	0.0
FFKIBHOG_00013	0.0
FFKIBHOG_00014	2.55853268437
FFKIBHOG_00015	0.0
FFKIBHOG_00016	0.0
FFKIBHOG_00017	0.0
FFKIBHOG_00018	0.0
FFKIBHOG_00019	0.0
FFKIBHOG_00021	0.0
FFKIBHOG_00022	0.0
FFKIBHOG_00023	12.4462774584
FFKIBHOG_00024	0.0
FFKIBHOG_00025	0.0
FFKIBHOG_00026	0.0
FFKIBHOG_00027	0.0
FFKIBHOG_00028	0.0
FFKIBHOG_00029	0.0
FFKIBHOG_00030	0.0
FFKIBHOG_00031	0.0
FFKIBHOG_00032	0.0
FFKIBHOG_00033	0.0
FFKIBHOG_00034	0.0
FFKIBHOG_00035	0.0
FFKIBHOG_00036	0.925426715624
FFKIBHOG_00037	1.13021519251
FFKIBHOG_00038	1.53047301324
FFKIBHOG_00039	0.0
FFKIBHOG_00040	0.0
FFKIBHOG_00041	0.0
FFKIBHOG_00042	0.0
FFKIBHOG_00043	0.0
FFKIBHOG_00044	0.0
FFKIBHOG_00045	0.0
FFKIBHOG_00046	7.47006495658
FFKIBHOG_00047	17.5109964242
FFKIBHOG_00048	28.6882281843
FFKIBHOG_00049	5.35589562925
FFKIBHOG_00050	0.0
FFKIBHOG_00051	0.0
FFKIBHOG_00052	0.0
FFKIBHOG_00053	0.0
FFKIBHOG_00054	0.0
FFKIBHOG_00055	0.0
FFKIBHOG_00056	0.0
FFKIBHOG_00057	0.0
FFKIBHOG_00058	0.0
FFKIBHOG_00059	3.54129146333
FFKIBHOG_00060	0.0
FFKIBHOG_00061	0.0
FFKIBHOG_00062	0.0
FFKIBHOG_00063	0.0
FFKIBHOG_00064	0.0
FFKIBHOG_00065	0.0
FFKIBHOG_00066	0.0
FFKIBHOG_00067	2.7093370221
FFKIBHOG_00068	0.0
FFKIBHOG_00069	0.0
FFKIBHOG_00070	0.0
FFKIBHOG_00071	0.0
FFKIBHOG_00072	0.0
FFKIBHOG_00073	0.0
FFKIBHOG_00074	6.10111640119
FFKIBHOG_00075	0.0
FFKIBHOG_00076	0.0
FFKIBHOG_00077	0.0
FFKIBHOG_00078	0.0
FFKIBHOG_00079	0.0
FFKIBHOG_00080	0.0
FFKIBHOG_00081	0.0
FFKIBHOG_00082	2.99965900926
FFKIBHOG_00083	0.0
FFKIBHOG_00084	0.0
FFKIBHOG_00085	0.0
FFKIBHOG_00086	4.0900305096
FFKIBHOG_00087	0.0
FFKIBHOG_00088	0.0
FFKIBHOG_00089	0.0
FFKIBHOG_00090	0.0
FFKIBHOG_00091	0.0
FFKIBHOG_00092	0.0
FFKIBHOG_00093	0.0
FFKIBHOG_00094	0.0
FFKIBHOG_00095	0.0
FFKIBHOG_00096	0.0
FFKIBHOG_00097	1.09443727651
FFKIBHOG_00098	0.0
FFKIBHOG_00099	0.0
FFKIBHOG_00100	0.0
FFKIBHOG_00101	0.0
FFKIBHOG_00102	0.0
FFKIBHOG_00103	0.0
FFKIBHOG_00104	0.0
FFKIBHOG_00105	0.0
FFKIBHOG_00106	0.0
FFKIBHOG_00107	0.0
FFKIBHOG_00108	0.0
FFKIBHOG_00109	1.76716477675
FFKIBHOG_00110	0.0
FFKIBHOG_00111	0.0
FFKIBHOG_00112	0.0
FFKIBHOG_00113	0.0
FFKIBHOG_00114	0.0
FFKIBHOG_00115	0.0
FFKIBHOG_00116	0.0
FFKIBHOG_00117	0.0
FFKIBHOG_00118	202.906545945
FFKIBHOG_00119	0.0
FFKIBHOG_00120	0.0
FFKIBHOG_00121	0.0
FFKIBHOG_00122	0.0
FFKIBHOG_00123	0.0
FFKIBHOG_00124	0.0
FFKIBHOG_00125	0.0
FFKIBHOG_00126	0.0
FFKIBHOG_00127	6.28111828259
FFKIBHOG_00128	0.0
FFKIBHOG_00129	0.0
FFKIBHOG_00130	0.0
FFKIBHOG_00131	0.0
FFKIBHOG_00132	0.0
FFKIBHOG_00133	5.5947996874
FFKIBHOG_00134	0.0
FFKIBHOG_00135	0.0
FFKIBHOG_00136	0.0
FFKIBHOG_00137	1.79301426152
FFKIBHOG_00138	0.0
FFKIBHOG_00139	4.09209931613
FFKIBHOG_00140	0.0
FFKIBHOG_00141	3.31289121539
FFKIBHOG_00142	0.0
FFKIBHOG_00143	0.0
FFKIBHOG_00144	0.0
FFKIBHOG_00145	0.0
FFKIBHOG_00146	0.0
FFKIBHOG_00147	0.0
FFKIBHOG_00148	0.0
FFKIBHOG_00149	2.56991116518
FFKIBHOG_00150	0.0
FFKIBHOG_00151	0.0
FFKIBHOG_00152	0.0
FFKIBHOG_00153	0.0
FFKIBHOG_00154	0.0
FFKIBHOG_00155	0.0
FFKIBHOG_00156	0.0
FFKIBHOG_00157	0.0
FFKIBHOG_00158	0.506326220302
FFKIBHOG_00159	0.0
FFKIBHOG_00160	0.0
FFKIBHOG_00161	0.0
FFKIBHOG_00162	2.90800875197
FFKIBHOG_00163	0.0
FFKIBHOG_00164	0.0
FFKIBHOG_00166	0.0
FFKIBHOG_00167	1.44208205846
FFKIBHOG_00168	0.0
FFKIBHOG_00169	0.0
FFKIBHOG_00170	0.0
FFKIBHOG_00171	0.0
FFKIBHOG_00172	3.50219928484
FFKIBHOG_00173	0.0
FFKIBHOG_00174	0.0
FFKIBHOG_00175	0.0
FFKIBHOG_00176	0.0
FFKIBHOG_00177	2.04604965806
FFKIBHOG_00178	0.0
FFKIBHOG_00179	0.0
FFKIBHOG_00180	0.885322865833
FFKIBHOG_00181	0.0
FFKIBHOG_00182	7.57498159923
FFKIBHOG_00183	0.0
FFKIBHOG_00184	0.0
FFKIBHOG_00185	0.0
FFKIBHOG_00186	0.0
FFKIBHOG_00187	0.0
FFKIBHOG_00188	0.0
FFKIBHOG_00189	3.66398566485
FFKIBHOG_00190	0.0
FFKIBHOG_00191	0.0
FFKIBHOG_00192	8.84161786665
FFKIBHOG_00193	0.0
FFKIBHOG_00194	5.05946238148
FFKIBHOG_00195	0.0
FFKIBHOG_00196	0.0
FFKIBHOG_00197	14.3441140922
FFKIBHOG_00198	0.0
FFKIBHOG_00199	0.0
FFKIBHOG_00200	0.0
FFKIBHOG_00201	0.0
FFKIBHOG_00202	0.0
FFKIBHOG_00203	0.0
FFKIBHOG_00204	0.0
FFKIBHOG_00205	0.0
FFKIBHOG_00207	0.0
FFKIBHOG_00208	3.18256504641
FFKIBHOG_00209	0.0
FFKIBHOG_00210	0.0
FFKIBHOG_00211	0.0
FFKIBHOG_00212	0.0
FFKIBHOG_00213	7.96267750786
FFKIBHOG_00214	0.0
FFKIBHOG_00215	1.03400822444
FFKIBHOG_00216	3.40922054276
FFKIBHOG_00217	0.0
FFKIBHOG_00218	0.0
FFKIBHOG_00219	0.0
FFKIBHOG_00220	0.0
FFKIBHOG_00221	0.0
FFKIBHOG_00222	0.0
FFKIBHOG_00223	0.0
FFKIBHOG_00224	0.0
FFKIBHOG_00225	18.5552301559
FFKIBHOG_00226	0.0
FFKIBHOG_00227	3.04596398644
FFKIBHOG_00228	0.0
FFKIBHOG_00229	0.0
FFKIBHOG_00230	0.0
FFKIBHOG_00231	0.0
FFKIBHOG_00232	0.0
FFKIBHOG_00233	0.0
FFKIBHOG_00234	0.0
FFKIBHOG_00235	0.0
FFKIBHOG_00236	0.0
FFKIBHOG_00237	0.0
FFKIBHOG_00238	0.0
FFKIBHOG_00239	0.0
FFKIBHOG_00240	0.0
FFKIBHOG_00241	0.0
FFKIBHOG_00242	0.0
FFKIBHOG_00243	0.0
FFKIBHOG_00244	0.0
FFKIBHOG_00245	0.0
FFKIBHOG_00246	0.0
FFKIBHOG_00247	0.0
FFKIBHOG_00248	0.0
FFKIBHOG_00249	0.0
FFKIBHOG_00250	0.0
FFKIBHOG_00251	0.0
FFKIBHOG_00252	0.0
FFKIBHOG_00253	0.0
FFKIBHOG_00254	0.0
FFKIBHOG_00255	0.0
FFKIBHOG_00256	0.0
FFKIBHOG_00257	0.0
FFKIBHOG_00258	0.0
FFKIBHOG_00259	0.0
FFKIBHOG_00260	0.0
FFKIBHOG_00261	3.74021282847
FFKIBHOG_00262	0.0
FFKIBHOG_00263	0.0
FFKIBHOG_00264	0.0
FFKIBHOG_00265	0.0
FFKIBHOG_00266	0.0
FFKIBHOG_00267	0.471285118722
FFKIBHOG_00268	0.0
FFKIBHOG_00269	0.0
FFKIBHOG_00270	0.0
FFKIBHOG_00271	0.0
FFKIBHOG_00272	0.0
FFKIBHOG_00273	0.0
FFKIBHOG_00274	0.0
FFKIBHOG_00275	0.0
FFKIBHOG_00276	0.0
FFKIBHOG_00277	0.0
FFKIBHOG_00278	0.0
FFKIBHOG_00279	0.0
FFKIBHOG_00280	0.0
FFKIBHOG_00281	0.0
FFKIBHOG_00282	0.0
FFKIBHOG_00283	0.0
FFKIBHOG_00284	0.0
FFKIBHOG_00285	4.12023445275
FFKIBHOG_00286	0.0
FFKIBHOG_00287	0.0
FFKIBHOG_00288	0.0
FFKIBHOG_00289	0.0
FFKIBHOG_00290	0.0
FFKIBHOG_00291	0.0
FFKIBHOG_00292	0.0
FFKIBHOG_00293	0.0
FFKIBHOG_00294	0.0
FFKIBHOG_00295	0.0
FFKIBHOG_00296	0.0
FFKIBHOG_00297	0.0
FFKIBHOG_00298	0.513851648119
FFKIBHOG_00299	0.0
FFKIBHOG_00300	0.0
FFKIBHOG_00301	0.0
FFKIBHOG_00302	0.0
FFKIBHOG_00303	7.76026891893
FFKIBHOG_00304	0.0
FFKIBHOG_00305	0.0
FFKIBHOG_00306	0.0
FFKIBHOG_00307	0.0
FFKIBHOG_00308	0.0
FFKIBHOG_00309	0.0
FFKIBHOG_00310	0.0
FFKIBHOG_00311	0.0
FFKIBHOG_00312	0.0
FFKIBHOG_00313	0.0
FFKIBHOG_00314	0.0
FFKIBHOG_00315	0.0
FFKIBHOG_00316	0.0
FFKIBHOG_00317	1.41040452371
FFKIBHOG_00318	0.0
FFKIBHOG_00319	0.0
FFKIBHOG_00320	0.0
FFKIBHOG_00321	2.15390850585
FFKIBHOG_00322	1.06588673886
FFKIBHOG_00323	0.0
FFKIBHOG_00324	0.0
FFKIBHOG_00325	0.0
FFKIBHOG_00326	0.0
FFKIBHOG_00327	0.0
FFKIBHOG_00328	0.0
FFKIBHOG_00329	5.53735821217
FFKIBHOG_00330	1.41931234175
FFKIBHOG_00331	0.0
FFKIBHOG_00332	0.0
FFKIBHOG_00333	10.0945744092
FFKIBHOG_00334	0.0
FFKIBHOG_00335	0.0
FFKIBHOG_00336	0.0
FFKIBHOG_00337	0.0
FFKIBHOG_00338	0.0
FFKIBHOG_00339	0.0
FFKIBHOG_00340	0.0
FFKIBHOG_00341	0.0
FFKIBHOG_00342	0.0
FFKIBHOG_00343	0.0
FFKIBHOG_00344	0.0
FFKIBHOG_00345	0.0
FFKIBHOG_00346	0.0
FFKIBHOG_00347	3.66398566485
FFKIBHOG_00348	0.0
FFKIBHOG_00349	0.0
FFKIBHOG_00350	0.0
FFKIBHOG_00351	2.22132903569
FFKIBHOG_00352	0.0
FFKIBHOG_00353	0.0
FFKIBHOG_00354	0.0
FFKIBHOG_00355	0.0
FFKIBHOG_00356	0.0
FFKIBHOG_00357	3.9803593348
FFKIBHOG_00358	0.0
FFKIBHOG_00359	0.0
FFKIBHOG_00360	0.0
FFKIBHOG_00361	0.0
FFKIBHOG_00362	0.0
FFKIBHOG_00363	0.0
FFKIBHOG_00364	0.0
FFKIBHOG_00365	0.0
FFKIBHOG_00366	5.80246035358
FFKIBHOG_00367	0.0
FFKIBHOG_00368	0.0
FFKIBHOG_00369	0.0
FFKIBHOG_00370	0.0
FFKIBHOG_00371	0.0
FFKIBHOG_00372	0.0
FFKIBHOG_00373	0.0
FFKIBHOG_00374	0.0
FFKIBHOG_00375	0.0
FFKIBHOG_00376	0.0
FFKIBHOG_00377	0.0
FFKIBHOG_00378	0.0
FFKIBHOG_00379	0.0
FFKIBHOG_00380	1.13832564345
FFKIBHOG_00381	0.0
FFKIBHOG_00382	0.0
FFKIBHOG_00383	0.0
FFKIBHOG_00384	4.12969900356
FFKIBHOG_00385	4.60186595448
FFKIBHOG_00386	0.0
FFKIBHOG_00387	0.0
FFKIBHOG_00388	0.0
FFKIBHOG_00389	0.0
FFKIBHOG_00390	1.43288706128
FFKIBHOG_00391	0.0
FFKIBHOG_00392	0.0
FFKIBHOG_00393	0.0
FFKIBHOG_00394	0.0
FFKIBHOG_00395	0.0
FFKIBHOG_00396	0.0
FFKIBHOG_00397	0.0
FFKIBHOG_00398	0.0
FFKIBHOG_00399	0.0
FFKIBHOG_00400	6.04639786845
FFKIBHOG_00401	0.0
FFKIBHOG_00402	0.0
FFKIBHOG_00403	0.0
FFKIBHOG_00404	2.98968231633
FFKIBHOG_00405	0.0
FFKIBHOG_00406	1.90175842689
FFKIBHOG_00407	0.0
FFKIBHOG_00408	1.72422854816
FFKIBHOG_00409	0.0
FFKIBHOG_00410	4.9269673252
FFKIBHOG_00411	0.0
FFKIBHOG_00412	0.0
FFKIBHOG_00413	2.64901124688
FFKIBHOG_00414	0.0
FFKIBHOG_00415	0.0
FFKIBHOG_00416	0.0
FFKIBHOG_00417	0.0
FFKIBHOG_00418	0.0
FFKIBHOG_00419	0.0
FFKIBHOG_00420	0.0
FFKIBHOG_00421	0.0
FFKIBHOG_00422	0.0
FFKIBHOG_00423	0.0
FFKIBHOG_00424	0.0
FFKIBHOG_00425	0.0
FFKIBHOG_00426	0.0
FFKIBHOG_00427	0.0
FFKIBHOG_00428	7.14671408832
FFKIBHOG_00429	1.7788215365
FFKIBHOG_00430	0.0
FFKIBHOG_00431	0.0
FFKIBHOG_00432	4.41357356682
FFKIBHOG_00433	0.0
FFKIBHOG_00434	0.0
FFKIBHOG_00435	0.0
FFKIBHOG_00436	0.0
FFKIBHOG_00437	0.0
FFKIBHOG_00438	0.0
FFKIBHOG_00439	7.93145132155
FFKIBHOG_00440	0.0
FFKIBHOG_00441	0.0
FFKIBHOG_00442	0.967250161165
FFKIBHOG_00443	2.90591966522
FFKIBHOG_00444	0.0
FFKIBHOG_00445	0.0
FFKIBHOG_00446	0.0
FFKIBHOG_00447	0.0
FFKIBHOG_00448	0.0
FFKIBHOG_00449	0.0
FFKIBHOG_00451	2.3187389934
FFKIBHOG_00452	0.0
FFKIBHOG_00453	0.0
FFKIBHOG_00454	0.0
FFKIBHOG_00455	0.0
FFKIBHOG_00456	0.0
FFKIBHOG_00457	0.0
FFKIBHOG_00458	2.74333006035
FFKIBHOG_00459	0.0
FFKIBHOG_00460	0.0
FFKIBHOG_00461	0.0
FFKIBHOG_00462	0.0
FFKIBHOG_00463	0.0
FFKIBHOG_00464	0.0
FFKIBHOG_00465	0.0
FFKIBHOG_00466	0.0
FFKIBHOG_00467	0.0
FFKIBHOG_00468	7.79391170326
FFKIBHOG_00469	0.0
FFKIBHOG_00470	0.0
FFKIBHOG_00471	3.14666680202
FFKIBHOG_00472	0.0
FFKIBHOG_00473	0.0
FFKIBHOG_00474	0.0
FFKIBHOG_00475	0.0
FFKIBHOG_00476	0.0
FFKIBHOG_00477	0.0
FFKIBHOG_00478	7.83922514339
FFKIBHOG_00479	3.09490449425
FFKIBHOG_00480	0.0
FFKIBHOG_00481	5.45337401279
FFKIBHOG_00482	0.0
FFKIBHOG_00483	0.0
FFKIBHOG_00484	0.0
FFKIBHOG_00485	0.0
FFKIBHOG_00486	0.0
FFKIBHOG_00487	0.0
FFKIBHOG_00488	0.0
FFKIBHOG_00489	0.0
FFKIBHOG_00490	0.0
FFKIBHOG_00491	0.0
FFKIBHOG_00492	0.0
FFKIBHOG_00493	0.0
FFKIBHOG_00494	0.0
FFKIBHOG_00495	0.0
FFKIBHOG_00496	0.0
FFKIBHOG_00497	2.43824000843
FFKIBHOG_00498	1.26486559537
FFKIBHOG_00499	0.0
FFKIBHOG_00500	0.0
FFKIBHOG_00501	0.0
FFKIBHOG_00502	0.0
FFKIBHOG_00503	0.0
FFKIBHOG_00504	0.0
FFKIBHOG_00505	0.0
FFKIBHOG_00506	0.0
FFKIBHOG_00507	0.0
FFKIBHOG_00508	5.78689581401
FFKIBHOG_00509	0.0
FFKIBHOG_00510	0.0
FFKIBHOG_00511	0.0
FFKIBHOG_00512	0.0
FFKIBHOG_00513	0.0
FFKIBHOG_00514	0.0
FFKIBHOG_00515	0.0
FFKIBHOG_00516	0.0
FFKIBHOG_00517	0.0
FFKIBHOG_00518	0.0
FFKIBHOG_00519	0.0
FFKIBHOG_00520	0.0
FFKIBHOG_00521	0.0
FFKIBHOG_00522	0.0
FFKIBHOG_00523	1.8295070891
FFKIBHOG_00524	0.501803768018
FFKIBHOG_00525	0.0
FFKIBHOG_00526	0.0
FFKIBHOG_00527	0.0
FFKIBHOG_00528	0.0
FFKIBHOG_00529	0.0
FFKIBHOG_00530	0.0
FFKIBHOG_00531	0.0
FFKIBHOG_00532	0.0
FFKIBHOG_00533	0.0
FFKIBHOG_00534	2.96992670631
FFKIBHOG_00535	0.0
FFKIBHOG_00536	0.0
FFKIBHOG_00537	0.0
FFKIBHOG_00538	0.0
FFKIBHOG_00539	0.0
FFKIBHOG_00540	0.628014310509
FFKIBHOG_00541	0.0
FFKIBHOG_00542	2.21767553399
FFKIBHOG_00543	0.0
FFKIBHOG_00544	0.0
FFKIBHOG_00545	0.0
FFKIBHOG_00546	4.02491559601
FFKIBHOG_00547	0.0
FFKIBHOG_00548	0.0
FFKIBHOG_00549	0.0
FFKIBHOG_00550	0.0
FFKIBHOG_00551	0.0
FFKIBHOG_00552	0.0
FFKIBHOG_00553	0.0
FFKIBHOG_00554	0.0
FFKIBHOG_00555	0.0
FFKIBHOG_00556	0.0
FFKIBHOG_00557	0.0
FFKIBHOG_00558	1.08650018103
FFKIBHOG_00559	2.46048672384
FFKIBHOG_00560	0.0
FFKIBHOG_00561	0.0
FFKIBHOG_00562	0.0
FFKIBHOG_00563	0.0
FFKIBHOG_00564	0.0
FFKIBHOG_00565	0.0
FFKIBHOG_00566	0.0
FFKIBHOG_00567	0.0
FFKIBHOG_00568	2.63348969661
FFKIBHOG_00569	0.971431357827
FFKIBHOG_00570	0.0
FFKIBHOG_00571	1.12175268275
FFKIBHOG_00572	0.0
FFKIBHOG_00573	0.0
FFKIBHOG_00574	0.0
FFKIBHOG_00575	0.0
FFKIBHOG_00576	0.0
FFKIBHOG_00577	0.0
FFKIBHOG_00578	0.0
FFKIBHOG_00579	0.0
FFKIBHOG_00580	0.0
FFKIBHOG_00581	1.64232244173
FFKIBHOG_00582	0.0
FFKIBHOG_00583	1.7375602122
FFKIBHOG_00584	0.0
FFKIBHOG_00585	0.0
FFKIBHOG_00586	0.0
FFKIBHOG_00587	2.65422583595
FFKIBHOG_00588	0.0
FFKIBHOG_00589	10.9919569945
FFKIBHOG_00590	0.0
FFKIBHOG_00591	4.95351478569
FFKIBHOG_00592	2.83266118627
FFKIBHOG_00593	0.0
FFKIBHOG_00594	0.0
FFKIBHOG_00595	0.0
FFKIBHOG_00596	0.0
FFKIBHOG_00597	1.4560979748
FFKIBHOG_00598	0.0
FFKIBHOG_00599	0.0
FFKIBHOG_00600	0.0
FFKIBHOG_00601	0.0
FFKIBHOG_00602	0.0
FFKIBHOG_00603	0.0
FFKIBHOG_00604	0.0
FFKIBHOG_00605	0.0
FFKIBHOG_00606	0.0
FFKIBHOG_00607	0.0
FFKIBHOG_00608	0.0
FFKIBHOG_00609	0.0
FFKIBHOG_00610	6.26555169453
FFKIBHOG_00611	0.0
FFKIBHOG_00612	126.847949707
FFKIBHOG_00613	13.8752386921
FFKIBHOG_00614	0.0
FFKIBHOG_00615	0.0
FFKIBHOG_00616	0.0
FFKIBHOG_00617	0.0
FFKIBHOG_00618	0.0
FFKIBHOG_00619	0.0
FFKIBHOG_00620	0.0
FFKIBHOG_00621	0.0
FFKIBHOG_00622	0.0
FFKIBHOG_00623	0.0
FFKIBHOG_00624	3.92341432977
FFKIBHOG_00625	0.0
FFKIBHOG_00626	0.0
FFKIBHOG_00627	0.0
FFKIBHOG_00628	0.0
FFKIBHOG_00629	0.0
FFKIBHOG_00630	0.0
FFKIBHOG_00631	0.0
FFKIBHOG_00632	0.0
FFKIBHOG_00633	0.0
FFKIBHOG_00634	0.0
FFKIBHOG_00635	0.0
FFKIBHOG_00636	0.0
FFKIBHOG_00637	0.0
FFKIBHOG_00638	23.9972720741
FFKIBHOG_00639	0.0
FFKIBHOG_00640	0.0
FFKIBHOG_00641	5.20095168626
FFKIBHOG_00642	74.3915434297
FFKIBHOG_00643	0.0
FFKIBHOG_00644	0.0
FFKIBHOG_00645	0.0
FFKIBHOG_00646	0.0
FFKIBHOG_00647	0.0
FFKIBHOG_00648	0.0
FFKIBHOG_00650	0.0
FFKIBHOG_00651	0.0
FFKIBHOG_00652	0.0
FFKIBHOG_00653	0.0
FFKIBHOG_00654	9.6425272324
FFKIBHOG_00655	0.0
FFKIBHOG_00656	0.0
FFKIBHOG_00657	32.7268622491
FFKIBHOG_00658	0.0
FFKIBHOG_00659	0.0
FFKIBHOG_00660	0.0
FFKIBHOG_00661	0.0
FFKIBHOG_00662	0.0
FFKIBHOG_00663	0.0
FFKIBHOG_00664	0.0
FFKIBHOG_00665	0.0
FFKIBHOG_00666	0.0
FFKIBHOG_00667	0.0
FFKIBHOG_00668	0.0
FFKIBHOG_00669	0.0
FFKIBHOG_00670	0.0
FFKIBHOG_00671	0.0
FFKIBHOG_00672	0.0
FFKIBHOG_00673	0.0
FFKIBHOG_00674	0.0
FFKIBHOG_00675	0.0
FFKIBHOG_00676	0.0
FFKIBHOG_00677	0.0
FFKIBHOG_00678	0.0
FFKIBHOG_00679	2.62494495392
FFKIBHOG_00680	0.0
FFKIBHOG_00681	0.0
FFKIBHOG_00682	0.0
FFKIBHOG_00683	0.0
FFKIBHOG_00684	4.27142573811
FFKIBHOG_00685	0.0
FFKIBHOG_00686	0.0
FFKIBHOG_00687	0.0
FFKIBHOG_00688	0.0
FFKIBHOG_00689	0.0
FFKIBHOG_00690	21.5735475946
FFKIBHOG_00692	0.0
FFKIBHOG_00693	0.0
FFKIBHOG_00694	0.0
FFKIBHOG_00695	0.0
FFKIBHOG_00696	0.0
FFKIBHOG_00697	1.9152652339
FFKIBHOG_00698	0.0
FFKIBHOG_00699	0.0
FFKIBHOG_00700	0.0
FFKIBHOG_00701	0.0
FFKIBHOG_00702	0.0
FFKIBHOG_00703	0.0
FFKIBHOG_00704	0.0
FFKIBHOG_00705	0.0
FFKIBHOG_00706	0.0
FFKIBHOG_00707	0.0
FFKIBHOG_00708	0.0
FFKIBHOG_00709	0.0
FFKIBHOG_00710	0.0
FFKIBHOG_00711	0.0
FFKIBHOG_00712	0.0
FFKIBHOG_00713	0.0
FFKIBHOG_00714	2.86577412256
FFKIBHOG_00715	4.62290305599
FFKIBHOG_00716	0.0
FFKIBHOG_00717	39.1771445423
FFKIBHOG_00718	6.01940502082
FFKIBHOG_00719	0.0
FFKIBHOG_00720	0.0
FFKIBHOG_00721	0.0
FFKIBHOG_00722	0.973535541273
FFKIBHOG_00723	0.0
FFKIBHOG_00724	0.0
FFKIBHOG_00725	0.0
FFKIBHOG_00726	0.0
FFKIBHOG_00727	0.0
FFKIBHOG_00728	0.0
FFKIBHOG_00729	0.0
FFKIBHOG_00730	0.0
FFKIBHOG_00731	0.0
FFKIBHOG_00732	0.0
FFKIBHOG_00733	0.0
FFKIBHOG_00734	0.0
FFKIBHOG_00735	14.3695920923
FFKIBHOG_00736	0.0
FFKIBHOG_00737	0.0
FFKIBHOG_00738	0.0
FFKIBHOG_00739	0.0
FFKIBHOG_00740	0.0
FFKIBHOG_00741	0.0
FFKIBHOG_00742	0.0
FFKIBHOG_00743	0.0
FFKIBHOG_00744	0.0
FFKIBHOG_00745	3.19513441863
FFKIBHOG_00746	0.0
FFKIBHOG_00747	0.0
FFKIBHOG_00748	0.0
FFKIBHOG_00749	0.0
FFKIBHOG_00750	0.0
FFKIBHOG_00751	0.0
FFKIBHOG_00752	0.0
FFKIBHOG_00753	0.0
FFKIBHOG_00754	0.0
FFKIBHOG_00755	0.0
FFKIBHOG_00757	0.0
FFKIBHOG_00758	0.0
FFKIBHOG_00759	1.19322718997
FFKIBHOG_00760	0.0
FFKIBHOG_00761	0.0
FFKIBHOG_00762	0.0
FFKIBHOG_00763	0.0
FFKIBHOG_00764	0.0
FFKIBHOG_00765	0.0
FFKIBHOG_00766	0.0
FFKIBHOG_00767	0.0
FFKIBHOG_00768	0.0
FFKIBHOG_00769	0.0
FFKIBHOG_00770	0.0
FFKIBHOG_00771	0.0
FFKIBHOG_00772	0.0
FFKIBHOG_00773	0.0
FFKIBHOG_00774	0.0
FFKIBHOG_00775	2.10350503068
FFKIBHOG_00776	0.0
FFKIBHOG_00777	0.0
FFKIBHOG_00778	0.0
FFKIBHOG_00779	0.0
FFKIBHOG_00780	0.0
FFKIBHOG_00781	0.0
FFKIBHOG_00782	0.0
FFKIBHOG_00783	0.0
FFKIBHOG_00784	2.71024467269
FFKIBHOG_00785	0.0
FFKIBHOG_00786	0.0
FFKIBHOG_00787	2.81492009324
FFKIBHOG_00788	0.0
FFKIBHOG_00789	0.0
FFKIBHOG_00790	0.0
FFKIBHOG_00791	0.0
FFKIBHOG_00792	0.0
FFKIBHOG_00793	0.0
FFKIBHOG_00794	0.0
FFKIBHOG_00795	13.7003900897
FFKIBHOG_00796	0.0
FFKIBHOG_00797	0.0
FFKIBHOG_00798	0.0
FFKIBHOG_00799	1.88932282765
FFKIBHOG_00800	70.1741789788
FFKIBHOG_00801	0.0
FFKIBHOG_00802	0.0
FFKIBHOG_00803	0.0
FFKIBHOG_00804	0.0
FFKIBHOG_00805	0.0
FFKIBHOG_00806	0.0
FFKIBHOG_00807	0.0
FFKIBHOG_00808	0.0
FFKIBHOG_00809	0.0
FFKIBHOG_00810	0.0
FFKIBHOG_00811	0.0
FFKIBHOG_00812	1.93034606251
FFKIBHOG_00813	0.0
FFKIBHOG_00814	0.0
FFKIBHOG_00815	0.0
FFKIBHOG_00816	0.0
FFKIBHOG_00817	0.0
FFKIBHOG_00818	0.0
FFKIBHOG_00819	0.0
FFKIBHOG_00820	0.0
FFKIBHOG_00821	0.0
FFKIBHOG_00822	0.0
FFKIBHOG_00823	6.18507671864
FFKIBHOG_00824	0.0
FFKIBHOG_00825	0.0
FFKIBHOG_00826	3.65009941706
FFKIBHOG_00827	0.0
FFKIBHOG_00828	0.0
FFKIBHOG_00829	0.0
FFKIBHOG_00830	0.0
FFKIBHOG_00831	0.0
FFKIBHOG_00832	0.0
FFKIBHOG_00833	0.0
FFKIBHOG_00834	0.0
FFKIBHOG_00835	0.0
FFKIBHOG_00836	0.0
FFKIBHOG_00837	0.0
FFKIBHOG_00838	0.0
FFKIBHOG_00839	0.0
FFKIBHOG_00840	0.0
FFKIBHOG_00841	0.0
FFKIBHOG_00842	0.0
FFKIBHOG_00843	0.0
FFKIBHOG_00844	0.0
FFKIBHOG_00845	0.0
FFKIBHOG_00846	0.0
FFKIBHOG_00847	0.0
FFKIBHOG_00848	0.0
FFKIBHOG_00849	0.0
FFKIBHOG_00850	0.0
FFKIBHOG_00851	0.0
FFKIBHOG_00852	184.415134988
FFKIBHOG_00853	0.0
FFKIBHOG_00854	6.00599877356
FFKIBHOG_00855	0.0
FFKIBHOG_00856	0.0
FFKIBHOG_00857	8.18419863225
FFKIBHOG_00858	0.0
FFKIBHOG_00859	0.0
FFKIBHOG_00860	0.0
FFKIBHOG_00861	0.0
FFKIBHOG_00862	0.0
FFKIBHOG_00863	0.0
FFKIBHOG_00864	0.0
FFKIBHOG_00865	0.0
FFKIBHOG_00866	0.0
FFKIBHOG_00867	14.8988588361
FFKIBHOG_00868	0.0
FFKIBHOG_00869	0.0
FFKIBHOG_00870	0.0
FFKIBHOG_00871	0.0
FFKIBHOG_00872	0.0
FFKIBHOG_00873	0.0
FFKIBHOG_00874	0.0
FFKIBHOG_00875	0.0
FFKIBHOG_00876	0.0
FFKIBHOG_00877	1.4016078219
FFKIBHOG_00878	0.0
FFKIBHOG_00879	0.0
FFKIBHOG_00880	0.0
FFKIBHOG_00881	0.0
FFKIBHOG_00882	0.0
FFKIBHOG_00883	0.0
FFKIBHOG_00884	3.48860730831
FFKIBHOG_00885	0.0
FFKIBHOG_00886	0.0
FFKIBHOG_00887	4.27142573811
FFKIBHOG_00888	0.0
FFKIBHOG_00889	0.0
FFKIBHOG_00890	0.0
FFKIBHOG_00891	0.0
FFKIBHOG_00892	0.0
FFKIBHOG_00893	0.0
FFKIBHOG_00894	2.0367775297
FFKIBHOG_00895	0.0
FFKIBHOG_00896	0.0
FFKIBHOG_00897	0.0
FFKIBHOG_00898	7.07174855593
FFKIBHOG_00899	3.80172948683
FFKIBHOG_00900	0.0
FFKIBHOG_00901	0.0
FFKIBHOG_00902	0.0
FFKIBHOG_00903	0.0
FFKIBHOG_00904	0.0
FFKIBHOG_00905	0.0
FFKIBHOG_00906	0.0
FFKIBHOG_00907	0.0
FFKIBHOG_00908	0.0
FFKIBHOG_00909	0.0
FFKIBHOG_00910	0.0
FFKIBHOG_00911	0.0
FFKIBHOG_00912	0.0
FFKIBHOG_00913	0.0
FFKIBHOG_00914	0.0
FFKIBHOG_00915	0.0
FFKIBHOG_00916	0.0
FFKIBHOG_00917	0.0
FFKIBHOG_00918	0.0
FFKIBHOG_00919	0.0
FFKIBHOG_00920	0.0
FFKIBHOG_00921	0.0
FFKIBHOG_00922	0.0
FFKIBHOG_00923	0.0
FFKIBHOG_00924	4.32624617539
FFKIBHOG_00925	1.46083068761
FFKIBHOG_00926	0.0
FFKIBHOG_00927	0.0
FFKIBHOG_00928	1.18068890076
FFKIBHOG_00929	0.0
FFKIBHOG_00930	21.0679175729
FFKIBHOG_00931	0.0
FFKIBHOG_00932	0.0
FFKIBHOG_00933	0.0
FFKIBHOG_00934	0.0
FFKIBHOG_00935	0.0
FFKIBHOG_00936	0.0
FFKIBHOG_00937	0.0
FFKIBHOG_00938	0.0
FFKIBHOG_00939	0.0
FFKIBHOG_00940	0.0
FFKIBHOG_00941	0.0
FFKIBHOG_00942	0.0
FFKIBHOG_00943	0.0
FFKIBHOG_00944	0.0
FFKIBHOG_00945	0.897402146199
FFKIBHOG_00946	0.0
FFKIBHOG_00947	0.0
FFKIBHOG_00948	0.0
FFKIBHOG_00949	0.0
FFKIBHOG_00950	0.0
FFKIBHOG_00951	0.0
FFKIBHOG_00952	0.0
FFKIBHOG_00953	0.0
FFKIBHOG_00954	0.0
FFKIBHOG_00955	0.0
FFKIBHOG_00956	0.0
FFKIBHOG_00957	0.0
FFKIBHOG_00958	0.0
FFKIBHOG_00959	0.0
FFKIBHOG_00960	0.0
FFKIBHOG_00961	0.0
FFKIBHOG_00962	0.0
FFKIBHOG_00963	0.0
FFKIBHOG_00964	0.0
FFKIBHOG_00965	0.0
FFKIBHOG_00966	0.0
FFKIBHOG_00967	14.4362604354
FFKIBHOG_00968	0.0
FFKIBHOG_00969	2.11174115061
FFKIBHOG_00970	0.0
FFKIBHOG_00971	5.15620162395
FFKIBHOG_00972	0.0
FFKIBHOG_00973	0.0
FFKIBHOG_00974	0.0
FFKIBHOG_00975	8.49352267505
FFKIBHOG_00976	0.0
FFKIBHOG_00977	0.0
FFKIBHOG_00978	0.0
FFKIBHOG_00979	0.0
FFKIBHOG_00980	0.0
FFKIBHOG_00981	1.09177872442
FFKIBHOG_00982	0.0
FFKIBHOG_00983	0.0
FFKIBHOG_00984	0.0
FFKIBHOG_00985	0.0
FFKIBHOG_00986	0.0
FFKIBHOG_00987	0.0
FFKIBHOG_00988	0.0
FFKIBHOG_00989	0.0
FFKIBHOG_00990	0.0
FFKIBHOG_00991	0.0
FFKIBHOG_00992	5.2059719099
FFKIBHOG_00993	0.0
FFKIBHOG_00994	0.0
FFKIBHOG_00995	0.0
FFKIBHOG_00996	0.0
FFKIBHOG_00997	2.20678678341
FFKIBHOG_00998	0.0
FFKIBHOG_00999	0.0
FFKIBHOG_01000	5.96613594984
FFKIBHOG_01001	0.0
FFKIBHOG_01002	0.0
FFKIBHOG_01003	0.0
FFKIBHOG_01004	0.0
FFKIBHOG_01005	2.72944681106
FFKIBHOG_01006	0.0
FFKIBHOG_01007	0.0
FFKIBHOG_01008	0.0
FFKIBHOG_01009	244.583824474
FFKIBHOG_01010	0.0
FFKIBHOG_01012	0.0
FFKIBHOG_01013	0.0
FFKIBHOG_01014	0.0
FFKIBHOG_01015	0.0
FFKIBHOG_01016	0.0
FFKIBHOG_01017	0.0
FFKIBHOG_01018	0.0
FFKIBHOG_01019	0.0
FFKIBHOG_01020	0.0
FFKIBHOG_01021	0.0
FFKIBHOG_01022	0.0
FFKIBHOG_01023	0.0
FFKIBHOG_01024	0.0
FFKIBHOG_01025	0.0
FFKIBHOG_01027	0.0
FFKIBHOG_01028	0.0
FFKIBHOG_01029	0.0
FFKIBHOG_01030	0.0
FFKIBHOG_01031	200.191216762
FFKIBHOG_01032	0.0
FFKIBHOG_01033	0.0
FFKIBHOG_01034	0.0
FFKIBHOG_01035	0.0
FFKIBHOG_01036	0.0
FFKIBHOG_01037	0.0
FFKIBHOG_01038	0.0
FFKIBHOG_01039	0.0
FFKIBHOG_01040	0.0
FFKIBHOG_01041	0.0
FFKIBHOG_01042	5.84543377744
FFKIBHOG_01043	0.0
FFKIBHOG_01044	0.0
FFKIBHOG_01045	0.0
FFKIBHOG_01046	2.22867227217
FFKIBHOG_01047	0.0
FFKIBHOG_01048	0.0
FFKIBHOG_01049	0.0
FFKIBHOG_01050	0.0
FFKIBHOG_01051	0.0
FFKIBHOG_01052	0.0
FFKIBHOG_01053	0.0
FFKIBHOG_01054	0.0
FFKIBHOG_01055	0.0
FFKIBHOG_01056	0.0
FFKIBHOG_01057	2.50622067781
FFKIBHOG_01058	0.0
FFKIBHOG_01059	0.0
FFKIBHOG_01060	0.0
FFKIBHOG_01061	0.0
FFKIBHOG_01062	0.0
FFKIBHOG_01063	0.829751830562
FFKIBHOG_01064	0.0
FFKIBHOG_01065	0.0
FFKIBHOG_01066	0.0
FFKIBHOG_01067	0.0
FFKIBHOG_01068	0.0
FFKIBHOG_01069	0.0
FFKIBHOG_01070	0.0
FFKIBHOG_01071	0.0
FFKIBHOG_01072	0.0
FFKIBHOG_01073	0.0
FFKIBHOG_01074	0.0
FFKIBHOG_01075	0.0
FFKIBHOG_01076	0.0
FFKIBHOG_01077	0.0
FFKIBHOG_01078	0.0
FFKIBHOG_01079	0.0
FFKIBHOG_01080	0.0
FFKIBHOG_01081	0.0
FFKIBHOG_01082	0.0
FFKIBHOG_01083	0.0
FFKIBHOG_01084	0.0
FFKIBHOG_01085	0.0
FFKIBHOG_01086	0.0
FFKIBHOG_01087	0.0
FFKIBHOG_01088	0.0
FFKIBHOG_01089	0.0
FFKIBHOG_01090	0.0
FFKIBHOG_01091	0.0
FFKIBHOG_01092	0.0
FFKIBHOG_01093	0.0
FFKIBHOG_01094	0.0
FFKIBHOG_01095	0.0
FFKIBHOG_01096	0.0
FFKIBHOG_01097	0.0
FFKIBHOG_01098	0.0
FFKIBHOG_01099	0.0
FFKIBHOG_01100	0.0
FFKIBHOG_01101	0.0
FFKIBHOG_01102	0.0
FFKIBHOG_01103	0.0
FFKIBHOG_01104	3.8196791067
FFKIBHOG_01105	15.8629026431
FFKIBHOG_01106	3.86345766379
FFKIBHOG_01107	15.7088938796
FFKIBHOG_01108	59.8482880399
FFKIBHOG_01109	0.326002593004
FFKIBHOG_01110	0.0
FFKIBHOG_01111	0.0
FFKIBHOG_01112	0.0
FFKIBHOG_01113	1.7176391397
FFKIBHOG_01114	0.0
FFKIBHOG_01115	0.0
FFKIBHOG_01116	3.56077480105
FFKIBHOG_01117	0.0
FFKIBHOG_01118	7.26219061758
FFKIBHOG_01119	0.0
FFKIBHOG_01120	0.0
FFKIBHOG_01121	0.0
FFKIBHOG_01122	0.0
FFKIBHOG_01123	0.0
FFKIBHOG_01124	0.0
FFKIBHOG_01125	0.0
FFKIBHOG_01126	0.0
FFKIBHOG_01127	0.0
FFKIBHOG_01128	0.0
FFKIBHOG_01129	4.60186595448
FFKIBHOG_01130	0.0
FFKIBHOG_01131	0.0
FFKIBHOG_01132	0.0
FFKIBHOG_01133	0.0
FFKIBHOG_01134	0.0
FFKIBHOG_01135	0.0
FFKIBHOG_01136	0.0
FFKIBHOG_01137	0.0
FFKIBHOG_01138	0.0
FFKIBHOG_01139	0.0
FFKIBHOG_01140	0.0
FFKIBHOG_01141	0.0
FFKIBHOG_01142	0.0
FFKIBHOG_01143	0.0
FFKIBHOG_01144	0.0
FFKIBHOG_01145	0.0
FFKIBHOG_01146	0.0
FFKIBHOG_01147	0.0
FFKIBHOG_01148	1.43746985572
FFKIBHOG_01149	0.0
FFKIBHOG_01150	0.0
FFKIBHOG_01151	0.0
FFKIBHOG_01152	0.0
FFKIBHOG_01153	0.0
FFKIBHOG_01154	2.0937060942
FFKIBHOG_01155	0.0
FFKIBHOG_01156	0.0
FFKIBHOG_01157	1.7788215365
FFKIBHOG_01158	0.0
FFKIBHOG_01159	0.0
FFKIBHOG_01160	0.0
FFKIBHOG_01161	0.0
FFKIBHOG_01162	0.0
FFKIBHOG_01163	0.617657684225
FFKIBHOG_01164	0.0
FFKIBHOG_01165	0.0
FFKIBHOG_01166	0.0
FFKIBHOG_01167	4.05213140395
FFKIBHOG_01168	0.0
FFKIBHOG_01169	0.0
FFKIBHOG_01170	0.0
FFKIBHOG_01171	0.0
FFKIBHOG_01172	0.0
FFKIBHOG_01173	0.0
FFKIBHOG_01174	0.0
FFKIBHOG_01175	0.0
FFKIBHOG_01176	0.0
FFKIBHOG_01177	0.0
FFKIBHOG_01178	0.0
FFKIBHOG_01179	0.0
FFKIBHOG_01180	0.0
FFKIBHOG_01181	0.0
FFKIBHOG_01182	0.0
FFKIBHOG_01183	0.0
FFKIBHOG_01184	0.0
FFKIBHOG_01185	2.60047584313
FFKIBHOG_01186	0.0
FFKIBHOG_01187	0.0
FFKIBHOG_01188	0.0
FFKIBHOG_01189	0.0
FFKIBHOG_01190	0.0
FFKIBHOG_01191	0.0
FFKIBHOG_01192	0.0
FFKIBHOG_01193	0.0
FFKIBHOG_01194	3.76633163314
FFKIBHOG_01195	0.0
FFKIBHOG_01196	0.0
FFKIBHOG_01197	0.0
FFKIBHOG_01198	0.0
FFKIBHOG_01199	0.0
FFKIBHOG_01200	0.0
FFKIBHOG_01201	0.0
FFKIBHOG_01202	0.0
FFKIBHOG_01203	0.0
FFKIBHOG_01204	0.0
FFKIBHOG_01205	0.0
FFKIBHOG_01206	0.0
FFKIBHOG_01207	0.0
FFKIBHOG_01208	0.0
FFKIBHOG_01209	0.0
FFKIBHOG_01210	0.0
FFKIBHOG_01211	2.54885959294
FFKIBHOG_01212	1.4560979748
FFKIBHOG_01213	0.0
FFKIBHOG_01214	0.0
FFKIBHOG_01215	0.0
FFKIBHOG_01216	0.0
FFKIBHOG_01217	0.0
FFKIBHOG_01218	0.0
FFKIBHOG_01219	0.0
FFKIBHOG_01220	0.0
FFKIBHOG_01221	0.0
FFKIBHOG_01222	0.0
FFKIBHOG_01223	0.0
FFKIBHOG_01224	0.0
FFKIBHOG_01225	0.0
FFKIBHOG_01226	0.0
FFKIBHOG_01227	0.0
FFKIBHOG_01228	0.0
FFKIBHOG_01229	0.0
FFKIBHOG_01230	0.0
FFKIBHOG_01231	0.0
FFKIBHOG_01232	0.0
FFKIBHOG_01233	0.0
FFKIBHOG_01234	2.40776200833
FFKIBHOG_01235	0.0
FFKIBHOG_01236	0.0
FFKIBHOG_01237	0.0
FFKIBHOG_01238	0.0
FFKIBHOG_01239	0.0
FFKIBHOG_01240	0.0
FFKIBHOG_01241	0.0
FFKIBHOG_01242	7.21041029232
FFKIBHOG_01243	0.0
FFKIBHOG_01244	0.0
FFKIBHOG_01245	0.0
FFKIBHOG_01246	0.0
FFKIBHOG_01247	0.705940693541
FFKIBHOG_01248	0.0
FFKIBHOG_01249	0.0
FFKIBHOG_01250	0.0
FFKIBHOG_01251	2.29701315956
FFKIBHOG_01252	4.38344188772
FFKIBHOG_01253	1.54096768533
FFKIBHOG_01254	6.62810889933
FFKIBHOG_01255	0.0
FFKIBHOG_01256	0.0
FFKIBHOG_01257	0.0
FFKIBHOG_01258	0.0
FFKIBHOG_01259	5.90086093945
FFKIBHOG_01260	2.77723321249
FFKIBHOG_01261	0.0
FFKIBHOG_01262	0.0
FFKIBHOG_01263	0.0
FFKIBHOG_01264	3.19513441863
FFKIBHOG_01265	0.0
FFKIBHOG_01266	0.0
FFKIBHOG_01267	0.0
FFKIBHOG_01268	2.91976337086
FFKIBHOG_01269	2.25099620144
FFKIBHOG_01270	0.0
FFKIBHOG_01271	0.0
FFKIBHOG_01272	0.0
FFKIBHOG_01273	3.10202467331
FFKIBHOG_01274	0.0
FFKIBHOG_01275	0.0
FFKIBHOG_01276	0.0
FFKIBHOG_01277	0.0
FFKIBHOG_01278	0.0
FFKIBHOG_01279	7.3147200253
FFKIBHOG_01280	0.0
FFKIBHOG_01281	0.0
FFKIBHOG_01282	0.0
FFKIBHOG_01283	0.0
FFKIBHOG_01284	0.0
FFKIBHOG_01285	0.0
FFKIBHOG_01286	0.0
FFKIBHOG_01287	0.0
FFKIBHOG_01288	0.0
FFKIBHOG_01289	0.0
FFKIBHOG_01290	0.0
FFKIBHOG_01291	0.0
FFKIBHOG_01292	0.0
FFKIBHOG_01293	0.0
FFKIBHOG_01294	0.0
FFKIBHOG_01295	0.0
FFKIBHOG_01296	0.0
FFKIBHOG_01297	0.0
FFKIBHOG_01298	0.0
FFKIBHOG_01299	0.0
FFKIBHOG_01300	3.9310400136
FFKIBHOG_01301	0.0
FFKIBHOG_01302	0.0
FFKIBHOG_01303	1.18379870471
FFKIBHOG_01304	0.0
FFKIBHOG_01305	3.10202467331
FFKIBHOG_01306	0.0
FFKIBHOG_01307	0.0
FFKIBHOG_01308	2.13346000738
FFKIBHOG_01309	0.0
FFKIBHOG_01310	1.63040716404
FFKIBHOG_01311	0.0
FFKIBHOG_01312	0.0
FFKIBHOG_01313	0.0
FFKIBHOG_01314	0.0
FFKIBHOG_01315	0.0
FFKIBHOG_01316	0.0
FFKIBHOG_01317	0.0
FFKIBHOG_01318	0.0
FFKIBHOG_01319	0.0
FFKIBHOG_01320	0.0
FFKIBHOG_01321	0.0
FFKIBHOG_01322	0.0
FFKIBHOG_01323	0.0
FFKIBHOG_01324	14.0942166341
FFKIBHOG_01325	1.81717887421
FFKIBHOG_01326	0.0
FFKIBHOG_01327	0.0
FFKIBHOG_01328	0.0
FFKIBHOG_01329	0.0
FFKIBHOG_01330	0.0
FFKIBHOG_01331	0.0
FFKIBHOG_01332	0.0
FFKIBHOG_01333	0.0
FFKIBHOG_01334	3.04024064186
FFKIBHOG_01335	0.0
FFKIBHOG_01336	0.0
FFKIBHOG_01337	0.0
FFKIBHOG_01338	4.81552401666
FFKIBHOG_01339	0.0
FFKIBHOG_01340	0.0
FFKIBHOG_01341	0.0
FFKIBHOG_01342	0.0
FFKIBHOG_01343	0.0
FFKIBHOG_01344	3.36246066001
FFKIBHOG_01345	2.27121851431
FFKIBHOG_01346	0.0
FFKIBHOG_01347	0.0
FFKIBHOG_01348	0.0
FFKIBHOG_01349	0.0
FFKIBHOG_01350	0.0
FFKIBHOG_01351	0.0
FFKIBHOG_01352	14.5374309937
FFKIBHOG_01353	5.73764563687
FFKIBHOG_01354	0.0
FFKIBHOG_01355	0.0
FFKIBHOG_01356	0.0
FFKIBHOG_01357	0.0
FFKIBHOG_01358	0.0
FFKIBHOG_01359	0.0
FFKIBHOG_01360	0.0
FFKIBHOG_01361	0.0
FFKIBHOG_01362	0.0
FFKIBHOG_01363	0.0
FFKIBHOG_01364	0.0
FFKIBHOG_01365	0.0
FFKIBHOG_01366	0.0
FFKIBHOG_01367	0.0
FFKIBHOG_01368	0.0
FFKIBHOG_01369	0.0
FFKIBHOG_01370	0.0
FFKIBHOG_01371	0.0
FFKIBHOG_01372	0.0
FFKIBHOG_01373	0.0
FFKIBHOG_01374	0.0
FFKIBHOG_01375	0.0
FFKIBHOG_01376	0.0
FFKIBHOG_01377	0.0
FFKIBHOG_01378	2.04915915602
FFKIBHOG_01379	0.0
FFKIBHOG_01380	0.0
FFKIBHOG_01381	0.0
FFKIBHOG_01382	0.0
FFKIBHOG_01383	0.0
FFKIBHOG_01384	0.0
FFKIBHOG_01385	0.0
FFKIBHOG_01386	7.99415054148
FFKIBHOG_01387	0.0
FFKIBHOG_01388	0.0
FFKIBHOG_01389	0.0
FFKIBHOG_01390	0.0
FFKIBHOG_01391	0.0
FFKIBHOG_01393	0.0
FFKIBHOG_01394	0.0
FFKIBHOG_01395	0.0
FFKIBHOG_01396	0.0
FFKIBHOG_01397	0.0
FFKIBHOG_01398	10.8737639086
FFKIBHOG_01399	0.0
FFKIBHOG_01400	0.0
FFKIBHOG_01401	0.0
FFKIBHOG_01402	0.0
FFKIBHOG_01403	0.0
FFKIBHOG_01404	0.0
FFKIBHOG_01405	0.0
FFKIBHOG_01406	0.0
FFKIBHOG_01407	0.0
FFKIBHOG_01408	0.0
FFKIBHOG_01409	0.0
FFKIBHOG_01410	0.0
FFKIBHOG_01411	0.0
FFKIBHOG_01412	0.0
FFKIBHOG_01413	0.0
FFKIBHOG_01414	0.0
FFKIBHOG_01415	0.0
FFKIBHOG_01416	0.0
FFKIBHOG_01417	0.0
FFKIBHOG_01418	0.0
FFKIBHOG_01419	7.7313458983
FFKIBHOG_01420	0.0
FFKIBHOG_01421	5.40780771924
FFKIBHOG_01422	0.0
FFKIBHOG_01423	0.0
FFKIBHOG_01424	0.0
FFKIBHOG_01425	2.99189361982
FFKIBHOG_01426	0.866546738216
FFKIBHOG_01427	3.7281476258
FFKIBHOG_01428	0.0
FFKIBHOG_01429	0.0
FFKIBHOG_01430	0.0
FFKIBHOG_01431	0.0
FFKIBHOG_01432	0.0
FFKIBHOG_01433	0.0
FFKIBHOG_01434	0.0
FFKIBHOG_01435	0.0
FFKIBHOG_01436	0.0
FFKIBHOG_01437	8.07393248302
FFKIBHOG_01438	34.7000995318
FFKIBHOG_01439	0.0
FFKIBHOG_01440	1.47038901272
FFKIBHOG_01441	0.0
FFKIBHOG_01442	2.55853268437
FFKIBHOG_01443	0.0
FFKIBHOG_01444	0.0
FFKIBHOG_01445	0.0
FFKIBHOG_01446	1.9727091802
FFKIBHOG_01447	0.0
FFKIBHOG_01448	0.0
FFKIBHOG_01449	5.05946238148
FFKIBHOG_01450	0.0
FFKIBHOG_01451	0.0
FFKIBHOG_01452	0.0
FFKIBHOG_01453	0.798783604659
FFKIBHOG_01454	0.0
FFKIBHOG_01455	0.0
FFKIBHOG_01456	0.0
FFKIBHOG_01457	0.0
FFKIBHOG_01458	0.0
FFKIBHOG_01459	0.747006495658
FFKIBHOG_01460	0.0
FFKIBHOG_01461	2.41206927489
FFKIBHOG_01462	0.0
FFKIBHOG_01463	5.1267936299
FFKIBHOG_01464	0.0
FFKIBHOG_01465	0.0
FFKIBHOG_01466	0.0
FFKIBHOG_01467	0.0
FFKIBHOG_01468	0.0
FFKIBHOG_01469	0.0
FFKIBHOG_01470	0.0
FFKIBHOG_01471	0.0
FFKIBHOG_01472	0.0
FFKIBHOG_01473	0.0
FFKIBHOG_01474	0.0
FFKIBHOG_01475	0.0
FFKIBHOG_01476	3.75584045867
FFKIBHOG_01477	0.0
FFKIBHOG_01478	0.0
FFKIBHOG_01479	0.0
FFKIBHOG_01480	0.0
FFKIBHOG_01481	0.0
FFKIBHOG_01482	0.0
FFKIBHOG_01483	0.0
FFKIBHOG_01484	0.0
FFKIBHOG_01485	2.20678678341
FFKIBHOG_01486	0.0
FFKIBHOG_01487	0.0
FFKIBHOG_01488	0.0
FFKIBHOG_01489	0.0
FFKIBHOG_01490	0.0
FFKIBHOG_01491	0.0
FFKIBHOG_01492	0.0
FFKIBHOG_01493	0.0
FFKIBHOG_01494	0.0
FFKIBHOG_01495	0.0
FFKIBHOG_01496	0.0
FFKIBHOG_01497	0.0
FFKIBHOG_01498	0.0
FFKIBHOG_01499	0.0
FFKIBHOG_01500	0.0
FFKIBHOG_01501	0.0
FFKIBHOG_01502	3.40246109324
FFKIBHOG_01503	0.0
FFKIBHOG_01504	0.0
FFKIBHOG_01505	0.0
FFKIBHOG_01506	0.0
FFKIBHOG_01507	0.0
FFKIBHOG_01508	0.0
FFKIBHOG_01509	0.0
FFKIBHOG_01510	0.0
FFKIBHOG_01511	0.0
FFKIBHOG_01512	0.0
FFKIBHOG_01513	0.0
FFKIBHOG_01514	0.0
FFKIBHOG_01515	0.0
FFKIBHOG_01516	0.0
FFKIBHOG_01517	0.0
FFKIBHOG_01518	0.0
FFKIBHOG_01519	0.0
FFKIBHOG_01520	0.0
FFKIBHOG_01521	0.0
FFKIBHOG_01522	0.0
FFKIBHOG_01523	0.0
FFKIBHOG_01524	0.0
FFKIBHOG_01525	0.0
FFKIBHOG_01526	0.462079069453
FFKIBHOG_01527	0.0
FFKIBHOG_01528	11.9675744793
FFKIBHOG_01529	0.0
FFKIBHOG_01530	0.0
FFKIBHOG_01531	0.0
FFKIBHOG_01532	0.0
FFKIBHOG_01533	0.0
FFKIBHOG_01534	0.0
FFKIBHOG_01535	0.0
FFKIBHOG_01536	0.0
FFKIBHOG_01537	0.0
FFKIBHOG_01538	0.0
FFKIBHOG_01539	0.0
FFKIBHOG_01540	0.0
FFKIBHOG_01541	0.0
FFKIBHOG_01542	0.0
FFKIBHOG_01543	0.0
FFKIBHOG_01544	0.0
FFKIBHOG_01545	0.0
FFKIBHOG_01546	0.0
FFKIBHOG_01547	10.5614625953
FFKIBHOG_01548	0.0
FFKIBHOG_01549	0.747006495658
FFKIBHOG_01550	0.0
FFKIBHOG_01551	0.0
FFKIBHOG_01552	0.0
FFKIBHOG_01553	0.0
FFKIBHOG_01554	0.0
FFKIBHOG_01555	0.0
