LDKALFFP_00001	0.0
LDKALFFP_00002	14.8382053699
LDKALFFP_00003	0.0
LDKALFFP_00004	0.0
LDKALFFP_00005	0.0
LDKALFFP_00006	0.0
LDKALFFP_00007	0.0
LDKALFFP_00008	0.0
LDKALFFP_00009	0.0
LDKALFFP_00010	0.0
LDKALFFP_00011	32.4120497733
LDKALFFP_00012	4.97542904269
LDKALFFP_00013	5.17101158416
LDKALFFP_00014	0.0
LDKALFFP_00015	0.0
LDKALFFP_00016	5.90342062421
LDKALFFP_00017	0.0
LDKALFFP_00018	1.78588247757
LDKALFFP_00019	1.99164146317
LDKALFFP_00020	0.0
LDKALFFP_00021	0.0
LDKALFFP_00022	4.004974071
LDKALFFP_00023	0.0
LDKALFFP_00024	0.0
LDKALFFP_00026	3.20271085646
LDKALFFP_00027	0.0
LDKALFFP_00028	0.0
LDKALFFP_00029	0.0
LDKALFFP_00030	741.651966748
LDKALFFP_00031	0.0
LDKALFFP_00032	1.12737564429
LDKALFFP_00033	0.0
LDKALFFP_00034	0.0
LDKALFFP_00035	0.0
LDKALFFP_00036	0.0
LDKALFFP_00037	0.0
LDKALFFP_00038	1.80742797663
LDKALFFP_00039	0.0
LDKALFFP_00040	8.89016222353
LDKALFFP_00041	15.1272393856
LDKALFFP_00042	24.5152958285
LDKALFFP_00043	0.0
LDKALFFP_00044	0.0
LDKALFFP_00045	0.0
LDKALFFP_00046	0.0
LDKALFFP_00047	2.96013451277
LDKALFFP_00048	0.0
LDKALFFP_00049	0.0
LDKALFFP_00050	0.0
LDKALFFP_00051	0.0
LDKALFFP_00052	15.9349422885
LDKALFFP_00053	0.0
LDKALFFP_00054	0.0
LDKALFFP_00055	0.0
LDKALFFP_00056	0.0
LDKALFFP_00057	0.0
LDKALFFP_00058	33.7789044819
LDKALFFP_00059	0.0
LDKALFFP_00060	0.0
LDKALFFP_00061	64.4112071928
LDKALFFP_00062	106.447995045
LDKALFFP_00063	0.0
LDKALFFP_00064	0.0
LDKALFFP_00065	2.53130401233
LDKALFFP_00066	0.0
LDKALFFP_00067	0.0
LDKALFFP_00068	0.0
LDKALFFP_00069	4.36709723261
LDKALFFP_00070	0.0
LDKALFFP_00071	0.0
LDKALFFP_00072	9.88399220942
LDKALFFP_00073	0.0
LDKALFFP_00074	0.0
LDKALFFP_00075	1.21253711382
LDKALFFP_00076	0.0
LDKALFFP_00077	0.0
LDKALFFP_00078	0.0
LDKALFFP_00079	0.0
LDKALFFP_00080	0.0
LDKALFFP_00081	0.0
LDKALFFP_00082	2.16427170236
LDKALFFP_00083	0.0
LDKALFFP_00084	0.0
LDKALFFP_00085	0.0
LDKALFFP_00086	0.0
LDKALFFP_00087	0.0
LDKALFFP_00088	8.37479050043
LDKALFFP_00089	0.0
LDKALFFP_00090	0.0
LDKALFFP_00091	0.0
LDKALFFP_00092	16.0040506892
LDKALFFP_00093	0.91974165796
LDKALFFP_00094	0.0
LDKALFFP_00095	0.0
LDKALFFP_00096	0.897697250712
LDKALFFP_00097	0.0
LDKALFFP_00098	4.58931678206
LDKALFFP_00099	9.42895993405
LDKALFFP_00100	0.0
LDKALFFP_00101	0.0
LDKALFFP_00102	0.0
LDKALFFP_00103	6.42679347268
LDKALFFP_00104	0.0
LDKALFFP_00105	3.47809442107
LDKALFFP_00106	0.0
LDKALFFP_00107	0.999511690563
LDKALFFP_00108	0.0
LDKALFFP_00109	0.0
LDKALFFP_00110	1.12737564429
LDKALFFP_00111	3.03908625973
LDKALFFP_00112	1.5788539468
LDKALFFP_00113	0.0
LDKALFFP_00114	0.0
LDKALFFP_00115	3.39632561856
LDKALFFP_00116	0.0
LDKALFFP_00117	4.13601616739
LDKALFFP_00118	0.0
LDKALFFP_00119	0.0
LDKALFFP_00120	5.06514376622
LDKALFFP_00121	0.0
LDKALFFP_00122	0.829748474196
LDKALFFP_00123	0.0
LDKALFFP_00124	0.0
LDKALFFP_00125	10.7223957898
LDKALFFP_00126	0.0
LDKALFFP_00127	14.9152795417
LDKALFFP_00128	2.19420873974
LDKALFFP_00129	0.0
LDKALFFP_00130	0.0
LDKALFFP_00131	0.0
LDKALFFP_00132	0.0
LDKALFFP_00133	0.0
LDKALFFP_00134	0.0
LDKALFFP_00135	0.0
LDKALFFP_00136	0.0
LDKALFFP_00137	4.02489931513
LDKALFFP_00138	2.76016636759
LDKALFFP_00139	0.0
LDKALFFP_00140	0.0
LDKALFFP_00141	2.11338757142
LDKALFFP_00142	0.0
LDKALFFP_00143	2.94397657329
LDKALFFP_00144	0.0
LDKALFFP_00145	3.62945160315
LDKALFFP_00146	1.68122352939
LDKALFFP_00147	1.33103777944
LDKALFFP_00148	0.0
LDKALFFP_00149	0.0
LDKALFFP_00150	0.0
LDKALFFP_00151	0.0
LDKALFFP_00152	0.0
LDKALFFP_00153	0.0
LDKALFFP_00154	0.0
LDKALFFP_00155	0.0
LDKALFFP_00156	0.0
LDKALFFP_00157	0.0
LDKALFFP_00158	0.0
LDKALFFP_00159	3.09252584993
LDKALFFP_00160	0.0
LDKALFFP_00161	8.2115789925
LDKALFFP_00162	5.88795314659
LDKALFFP_00163	2.10349652195
LDKALFFP_00164	0.0
LDKALFFP_00165	14.8714110725
LDKALFFP_00166	4.25344249391
LDKALFFP_00167	0.0
LDKALFFP_00168	5.93982938577
LDKALFFP_00170	0.739627685446
LDKALFFP_00171	0.0
LDKALFFP_00172	0.0
LDKALFFP_00173	0.0
LDKALFFP_00174	0.0
LDKALFFP_00175	1.74429659841
LDKALFFP_00176	2.2067778569
LDKALFFP_00177	0.0
LDKALFFP_00178	0.0
LDKALFFP_00179	4.24273527555
LDKALFFP_00180	0.0
LDKALFFP_00181	0.0
LDKALFFP_00182	0.0
LDKALFFP_00183	2.69398855259
LDKALFFP_00184	6.52160227603
LDKALFFP_00185	1.14169455594
LDKALFFP_00186	33.1016678536
LDKALFFP_00187	0.0
LDKALFFP_00188	0.0
LDKALFFP_00189	0.0
LDKALFFP_00190	0.0
LDKALFFP_00191	0.0
LDKALFFP_00192	0.0
LDKALFFP_00193	17.548910246
LDKALFFP_00194	1.41483868895
LDKALFFP_00195	0.0
LDKALFFP_00196	0.0
LDKALFFP_00197	0.0
LDKALFFP_00198	0.0
LDKALFFP_00199	0.0
LDKALFFP_00200	0.0
LDKALFFP_00201	0.0
LDKALFFP_00202	0.0
LDKALFFP_00203	2.39918375546
LDKALFFP_00204	2.03676929089
LDKALFFP_00205	7.84679691893
LDKALFFP_00206	2.47402067994
LDKALFFP_00207	0.0
LDKALFFP_00208	0.0
LDKALFFP_00209	0.0
LDKALFFP_00210	0.0
LDKALFFP_00211	0.0
LDKALFFP_00212	0.0
LDKALFFP_00213	0.0
LDKALFFP_00214	0.0
LDKALFFP_00215	0.0
LDKALFFP_00216	0.0
LDKALFFP_00217	0.0
LDKALFFP_00218	0.0
LDKALFFP_00219	0.0
LDKALFFP_00220	5.7237046052
LDKALFFP_00221	0.0
LDKALFFP_00222	0.0
LDKALFFP_00223	0.0
LDKALFFP_00224	0.0
LDKALFFP_00225	0.0
LDKALFFP_00226	0.0
LDKALFFP_00227	0.0
LDKALFFP_00228	0.0
LDKALFFP_00229	0.0
LDKALFFP_00230	9.57118914335
LDKALFFP_00231	0.0
LDKALFFP_00232	12.4462271129
LDKALFFP_00233	0.0
LDKALFFP_00234	4.39199110935
LDKALFFP_00235	9.64248822815
LDKALFFP_00236	0.0
LDKALFFP_00237	0.0
LDKALFFP_00238	0.0
LDKALFFP_00239	16.2668517897
LDKALFFP_00240	0.0
LDKALFFP_00241	0.0
LDKALFFP_00242	2.669982714
LDKALFFP_00243	0.0
LDKALFFP_00244	0.0
LDKALFFP_00245	0.0
LDKALFFP_00246	0.0
LDKALFFP_00247	2.71023370969
LDKALFFP_00248	0.0
LDKALFFP_00249	0.0
LDKALFFP_00250	2.47175301663
LDKALFFP_00251	0.0
LDKALFFP_00252	0.0
LDKALFFP_00253	0.0
LDKALFFP_00254	0.0
LDKALFFP_00255	0.0
LDKALFFP_00256	0.0
LDKALFFP_00257	0.0
LDKALFFP_00258	2.2750415139
LDKALFFP_00259	42.175603724
LDKALFFP_00260	0.0
LDKALFFP_00261	0.0
LDKALFFP_00262	0.0
LDKALFFP_00263	3.78747547913
LDKALFFP_00264	8.55184738204
LDKALFFP_00265	0.0
LDKALFFP_00266	0.0
LDKALFFP_00267	4.95713702415
LDKALFFP_00268	0.0
LDKALFFP_00269	0.0
LDKALFFP_00270	0.0
LDKALFFP_00271	0.0
LDKALFFP_00272	4.59400773618
LDKALFFP_00273	1.31459987381
LDKALFFP_00274	0.0
LDKALFFP_00275	0.0
LDKALFFP_00276	3.98917535671
LDKALFFP_00277	7.71740710873
LDKALFFP_00278	7.80139597243
LDKALFFP_00279	12.2021834441
LDKALFFP_00280	0.0
LDKALFFP_00281	4.64411459438
LDKALFFP_00282	0.0
LDKALFFP_00283	0.0
LDKALFFP_00284	0.0
LDKALFFP_00285	0.0
LDKALFFP_00286	2.96338740784
LDKALFFP_00287	0.0
LDKALFFP_00288	0.0
LDKALFFP_00289	22.5978983894
LDKALFFP_00290	5.84963674867
LDKALFFP_00291	0.0
LDKALFFP_00292	2.64900053157
LDKALFFP_00293	4.14874237098
LDKALFFP_00294	26.69982714
LDKALFFP_00295	0.0
LDKALFFP_00296	0.0
LDKALFFP_00297	2.94397657329
LDKALFFP_00298	0.0
LDKALFFP_00299	0.0
LDKALFFP_00300	0.0
LDKALFFP_00301	0.0
LDKALFFP_00302	0.0
LDKALFFP_00303	0.0
LDKALFFP_00304	0.0
LDKALFFP_00305	0.0
LDKALFFP_00306	0.0
LDKALFFP_00307	0.0
LDKALFFP_00308	0.0
LDKALFFP_00309	0.0
LDKALFFP_00310	1.71763219181
LDKALFFP_00311	1.14752448559
LDKALFFP_00312	0.0
LDKALFFP_00313	0.0
LDKALFFP_00314	2.93916353258
LDKALFFP_00315	0.0
LDKALFFP_00316	19.262018151
LDKALFFP_00317	0.0
LDKALFFP_00318	5.32941213664
LDKALFFP_00319	0.0
LDKALFFP_00320	0.0
LDKALFFP_00321	0.0
LDKALFFP_00322	2.01696525141
LDKALFFP_00323	0.0
LDKALFFP_00324	0.0
LDKALFFP_00325	0.0
LDKALFFP_00326	0.0
LDKALFFP_00327	0.0
LDKALFFP_00328	22.1212239703
LDKALFFP_00329	0.0
LDKALFFP_00330	1.49982343779
LDKALFFP_00331	0.0
LDKALFFP_00332	0.0
LDKALFFP_00333	0.0
LDKALFFP_00334	0.0
LDKALFFP_00335	22.3191836414
LDKALFFP_00336	31.3567737342
LDKALFFP_00337	1.5788539468
LDKALFFP_00338	0.0
LDKALFFP_00339	0.0
LDKALFFP_00340	0.0
LDKALFFP_00341	0.0
LDKALFFP_00342	0.0
LDKALFFP_00343	0.0
LDKALFFP_00344	0.99069894972
LDKALFFP_00345	0.0
LDKALFFP_00346	2.69398855259
LDKALFFP_00347	0.0
LDKALFFP_00348	0.0
LDKALFFP_00349	0.0
LDKALFFP_00350	0.0
LDKALFFP_00351	101.862760003
LDKALFFP_00352	0.0
LDKALFFP_00353	1.40598672635
LDKALFFP_00354	0.0
LDKALFFP_00355	0.0
LDKALFFP_00356	0.0
LDKALFFP_00357	0.0
LDKALFFP_00358	0.0
LDKALFFP_00359	0.0
LDKALFFP_00360	0.0
LDKALFFP_00361	0.0
LDKALFFP_00362	0.0
LDKALFFP_00363	4.60184733983
LDKALFFP_00364	1.36748607563
LDKALFFP_00365	0.946868869782
LDKALFFP_00366	0.0
LDKALFFP_00367	0.0
LDKALFFP_00368	15.0982712868
LDKALFFP_00369	0.0
LDKALFFP_00370	0.0
LDKALFFP_00371	0.0
LDKALFFP_00372	2.18354861631
LDKALFFP_00373	17.3606172176
LDKALFFP_00374	0.0
LDKALFFP_00375	0.0
LDKALFFP_00376	0.0
LDKALFFP_00377	0.0
LDKALFFP_00378	0.0
LDKALFFP_00379	0.903713988317
LDKALFFP_00380	0.0
LDKALFFP_00381	0.0
LDKALFFP_00382	0.608457252062
LDKALFFP_00383	0.0
LDKALFFP_00384	0.0
LDKALFFP_00385	0.0
LDKALFFP_00386	0.0
LDKALFFP_00387	0.0
LDKALFFP_00388	3.48859319681
LDKALFFP_00389	1.48987985698
LDKALFFP_00390	0.0
LDKALFFP_00391	0.0
LDKALFFP_00392	2.2067778569
LDKALFFP_00393	0.0
LDKALFFP_00394	0.0
LDKALFFP_00395	0.0
LDKALFFP_00396	0.0
LDKALFFP_00397	0.0
LDKALFFP_00398	0.0
LDKALFFP_00399	0.0
LDKALFFP_00400	1.35511685484
LDKALFFP_00401	0.0
LDKALFFP_00402	0.0
LDKALFFP_00403	0.0
LDKALFFP_00404	0.0
LDKALFFP_00405	0.0
LDKALFFP_00406	0.0
LDKALFFP_00407	0.0
LDKALFFP_00408	7.87188398164
LDKALFFP_00409	0.0
LDKALFFP_00410	0.0
LDKALFFP_00411	0.0
LDKALFFP_00412	0.0
LDKALFFP_00413	1.04929281756
LDKALFFP_00414	0.0
LDKALFFP_00415	1.63040056901
LDKALFFP_00416	2.1018570079
LDKALFFP_00417	0.0
LDKALFFP_00418	0.0
LDKALFFP_00419	5.47216424744
LDKALFFP_00420	6.18505169986
LDKALFFP_00421	0.0
LDKALFFP_00422	5.1267728919
LDKALFFP_00423	0.0
LDKALFFP_00424	0.0
LDKALFFP_00425	0.0
LDKALFFP_00426	0.0
LDKALFFP_00427	10.5856036944
LDKALFFP_00428	0.0
LDKALFFP_00429	12.8617609275
LDKALFFP_00430	4.9846257692
LDKALFFP_00431	3.97936430074
LDKALFFP_00432	0.0
LDKALFFP_00433	3.88011876423
LDKALFFP_00434	10.7867301646
LDKALFFP_00435	0.0
LDKALFFP_00436	0.0
LDKALFFP_00437	0.0
LDKALFFP_00438	0.0
LDKALFFP_00439	2.74238902489
LDKALFFP_00440	0.0
LDKALFFP_00441	0.0
LDKALFFP_00442	3.24120497733
LDKALFFP_00443	12.4080485022
LDKALFFP_00444	0.0
LDKALFFP_00445	8.72148299204
LDKALFFP_00446	7.1530040879
LDKALFFP_00447	0.0
LDKALFFP_00448	5.88795314659
LDKALFFP_00449	0.0
LDKALFFP_00450	4.1917345199
LDKALFFP_00451	0.0
LDKALFFP_00452	12.0119489583
LDKALFFP_00453	0.0
LDKALFFP_00454	0.0
LDKALFFP_00455	0.0
LDKALFFP_00456	0.0
LDKALFFP_00457	0.0
LDKALFFP_00458	0.0
LDKALFFP_00459	0.0
LDKALFFP_00460	0.0
LDKALFFP_00461	0.0
LDKALFFP_00462	0.0
LDKALFFP_00463	0.0
LDKALFFP_00464	4.22677514285
LDKALFFP_00465	24.2507422764
LDKALFFP_00466	0.0
LDKALFFP_00467	0.0
LDKALFFP_00468	2.92481837434
LDKALFFP_00469	0.0
LDKALFFP_00470	0.0
LDKALFFP_00471	0.0
LDKALFFP_00472	0.0
LDKALFFP_00473	0.0
LDKALFFP_00474	0.0
LDKALFFP_00475	5.23119794595
LDKALFFP_00476	0.0
LDKALFFP_00477	3.12477698857
LDKALFFP_00478	0.0
LDKALFFP_00479	1.334991357
LDKALFFP_00480	0.0
LDKALFFP_00481	0.0
LDKALFFP_00482	0.0
LDKALFFP_00483	0.0
LDKALFFP_00484	0.0
LDKALFFP_00485	3.79102512812
LDKALFFP_00486	1.13880174879
LDKALFFP_00487	9.34493949899
LDKALFFP_00488	15.3803186757
LDKALFFP_00489	2.96338740784
LDKALFFP_00490	0.0
LDKALFFP_00491	1.0679930856
LDKALFFP_00492	6.78695270421
LDKALFFP_00493	0.0
LDKALFFP_00494	14.6824820752
LDKALFFP_00495	16.8790880705
LDKALFFP_00496	54.7059704049
LDKALFFP_00497	0.0
LDKALFFP_00498	2.66470606832
LDKALFFP_00499	0.0
LDKALFFP_00500	0.0
LDKALFFP_00501	0.0
LDKALFFP_00502	0.0
LDKALFFP_00503	5.87329738269
LDKALFFP_00504	1.42380282003
LDKALFFP_00505	0.0
LDKALFFP_00506	0.0
LDKALFFP_00507	2.5780903835
LDKALFFP_00508	0.0
LDKALFFP_00509	0.0
LDKALFFP_00510	0.0
LDKALFFP_00511	0.0
LDKALFFP_00512	0.0
LDKALFFP_00513	0.0
LDKALFFP_00514	0.0
LDKALFFP_00515	0.0
LDKALFFP_00516	0.0
LDKALFFP_00517	22.4367406355
LDKALFFP_00518	0.0
LDKALFFP_00519	20.9586725995
LDKALFFP_00520	0.0
LDKALFFP_00521	0.0
LDKALFFP_00522	13.7077208653
LDKALFFP_00523	5.73152506087
LDKALFFP_00524	6.37011623891
LDKALFFP_00525	18.0985405445
LDKALFFP_00526	4.31239212335
LDKALFFP_00527	0.0
LDKALFFP_00528	0.0
LDKALFFP_00529	0.0
LDKALFFP_00530	0.0
LDKALFFP_00531	0.0
LDKALFFP_00532	6.62575562933
LDKALFFP_00533	0.0
LDKALFFP_00534	0.0
LDKALFFP_00535	10.2535457838
LDKALFFP_00536	0.0
LDKALFFP_00537	0.0
LDKALFFP_00538	0.0
LDKALFFP_00539	0.0
LDKALFFP_00540	1.3800831838
LDKALFFP_00541	0.0
LDKALFFP_00542	2.36343780994
LDKALFFP_00543	0.0
LDKALFFP_00544	13.014877129
LDKALFFP_00545	0.0
LDKALFFP_00546	0.0
LDKALFFP_00547	0.0
LDKALFFP_00548	0.0
LDKALFFP_00549	0.0
LDKALFFP_00550	7.23147439115
LDKALFFP_00551	0.0
LDKALFFP_00552	0.0
LDKALFFP_00553	0.0
LDKALFFP_00554	0.0
LDKALFFP_00555	9.30603637663
LDKALFFP_00556	0.0
LDKALFFP_00557	0.0
LDKALFFP_00558	0.0
LDKALFFP_00559	0.0
LDKALFFP_00560	0.0
LDKALFFP_00561	0.0
LDKALFFP_00562	0.0
LDKALFFP_00563	0.0
LDKALFFP_00564	0.0
LDKALFFP_00565	0.0
LDKALFFP_00566	4.77288945334
LDKALFFP_00567	11.9700556677
LDKALFFP_00568	5.35764743272
LDKALFFP_00569	0.0
LDKALFFP_00570	0.0
LDKALFFP_00571	0.0
LDKALFFP_00572	0.0
LDKALFFP_00573	11.0068675148
LDKALFFP_00574	0.0
LDKALFFP_00575	6.98622419984
LDKALFFP_00576	0.0
LDKALFFP_00577	0.0
LDKALFFP_00578	0.0
LDKALFFP_00579	10.2926814547
LDKALFFP_00580	5.37187757199
LDKALFFP_00581	0.0
LDKALFFP_00582	38.3051497321
LDKALFFP_00583	0.0
LDKALFFP_00584	0.0
LDKALFFP_00585	0.0
LDKALFFP_00586	0.0
LDKALFFP_00587	1.73755318372
LDKALFFP_00588	7.90043713224
LDKALFFP_00589	1.04847688225
LDKALFFP_00590	3.14665407367
LDKALFFP_00591	2.97209684916
LDKALFFP_00592	1.01992531813
LDKALFFP_00593	1.1900629043
LDKALFFP_00594	0.0
LDKALFFP_00595	1.54096145208
LDKALFFP_00596	0.0
LDKALFFP_00597	0.0
LDKALFFP_00598	0.0
LDKALFFP_00599	24.8378655105
LDKALFFP_00600	15.0652655929
LDKALFFP_00601	0.0
LDKALFFP_00602	20.7970375923
LDKALFFP_00603	0.0
LDKALFFP_00604	48.5264210488
LDKALFFP_00605	20.4681786804
LDKALFFP_00606	11.690820265
LDKALFFP_00607	22.2079738682
LDKALFFP_00608	20.7437118549
LDKALFFP_00609	0.0
LDKALFFP_00610	0.0
LDKALFFP_00611	0.0
LDKALFFP_00612	0.0
LDKALFFP_00613	0.0
LDKALFFP_00614	19.0623176801
LDKALFFP_00615	5.37902102621
LDKALFFP_00616	0.0
LDKALFFP_00617	2.03523210652
LDKALFFP_00619	0.0
LDKALFFP_00620	0.0
LDKALFFP_00621	0.0
LDKALFFP_00622	0.0
LDKALFFP_00623	0.0
LDKALFFP_00624	3.30881293391
LDKALFFP_00625	2.59296398186
LDKALFFP_00626	0.0
LDKALFFP_00627	0.0
LDKALFFP_00628	6.27135474683
LDKALFFP_00629	0.0
LDKALFFP_00630	4.37773139795
LDKALFFP_00631	5.33644302336
LDKALFFP_00632	0.0
LDKALFFP_00633	1.47520926758
LDKALFFP_00634	0.0
LDKALFFP_00635	1.37165948176
LDKALFFP_00636	0.0
LDKALFFP_00637	0.0
LDKALFFP_00638	0.0
LDKALFFP_00639	0.0
LDKALFFP_00640	0.0
LDKALFFP_00641	0.0
LDKALFFP_00642	3.21799825911
LDKALFFP_00643	0.0
LDKALFFP_00645	0.0
LDKALFFP_00646	0.0
LDKALFFP_00647	0.0
LDKALFFP_00648	2.15504731577
LDKALFFP_00649	0.0
LDKALFFP_00650	20.6800808369
LDKALFFP_00651	0.0
LDKALFFP_00652	0.0
LDKALFFP_00653	0.0
LDKALFFP_00654	0.0
LDKALFFP_00655	0.0
LDKALFFP_00656	0.0
LDKALFFP_00657	2.78870997015
LDKALFFP_00658	15.0260914254
LDKALFFP_00659	0.0
LDKALFFP_00660	0.0
LDKALFFP_00661	0.0
LDKALFFP_00662	0.0
LDKALFFP_00663	0.0
LDKALFFP_00664	0.0
LDKALFFP_00665	8.60643364193
LDKALFFP_00666	4.82411903602
LDKALFFP_00667	2.01847495594
LDKALFFP_00668	0.0
LDKALFFP_00669	5.73762242795
LDKALFFP_00670	9.31726445605
LDKALFFP_00671	0.0
LDKALFFP_00672	1.34699427629
LDKALFFP_00673	5.07531218533
LDKALFFP_00674	0.0
LDKALFFP_00675	0.0
LDKALFFP_00676	2.14704023976
LDKALFFP_00677	0.0
LDKALFFP_00678	0.0
LDKALFFP_00679	0.956949091958
LDKALFFP_00680	0.0
LDKALFFP_00681	0.0
LDKALFFP_00682	0.0
LDKALFFP_00683	8.61721864649
LDKALFFP_00684	0.0
LDKALFFP_00685	3.81426102
LDKALFFP_00686	0.0
LDKALFFP_00687	0.0
LDKALFFP_00688	0.0
LDKALFFP_00689	3.06093364488
LDKALFFP_00690	0.0
LDKALFFP_00691	3.21416274272
LDKALFFP_00692	0.0
LDKALFFP_00693	0.0
LDKALFFP_00694	57.8687240588
LDKALFFP_00695	3.19512149424
LDKALFFP_00696	3.06673526286
LDKALFFP_00697	13.1545489812
LDKALFFP_00698	54.5285072657
LDKALFFP_00699	0.0
LDKALFFP_00700	0.0
LDKALFFP_00701	4.20480645708
LDKALFFP_00702	0.0
LDKALFFP_00703	0.0
LDKALFFP_00704	0.0
LDKALFFP_00705	16.0899912956
LDKALFFP_00706	0.0
LDKALFFP_00707	1.04360779456
LDKALFFP_00708	0.0
LDKALFFP_00709	1.56783868671
LDKALFFP_00710	9.9692515384
LDKALFFP_00711	0.0
LDKALFFP_00712	0.0
LDKALFFP_00713	9.38520605964
LDKALFFP_00714	9.61727011818
LDKALFFP_00715	0.0
LDKALFFP_00716	3.76631639824
LDKALFFP_00717	0.0
LDKALFFP_00718	0.0
LDKALFFP_00719	0.0
LDKALFFP_00720	0.0
LDKALFFP_00721	4.68988268024
LDKALFFP_00722	4.65480300542
LDKALFFP_00723	0.0
LDKALFFP_00724	3.98917535671
LDKALFFP_00725	8.72148299204
LDKALFFP_00726	0.0
LDKALFFP_00727	0.0
LDKALFFP_00728	0.0
LDKALFFP_00729	4.41114919488
LDKALFFP_00730	11.2478938108
LDKALFFP_00731	0.0
LDKALFFP_00732	2.09153247761
LDKALFFP_00733	0.0
LDKALFFP_00734	0.0
LDKALFFP_00735	0.0
LDKALFFP_00736	3.28863724529
LDKALFFP_00737	0.0
LDKALFFP_00738	0.0
LDKALFFP_00739	0.0
LDKALFFP_00740	3.33335295567
LDKALFFP_00741	0.0
LDKALFFP_00742	0.0
LDKALFFP_00743	1.31161602195
LDKALFFP_00744	0.0
LDKALFFP_00745	0.0
LDKALFFP_00746	12.6406994116
LDKALFFP_00747	2.79738852815
LDKALFFP_00748	0.0
LDKALFFP_00749	0.0
LDKALFFP_00750	0.0
LDKALFFP_00751	0.0
LDKALFFP_00752	0.0
LDKALFFP_00753	12.1229484866
LDKALFFP_00754	0.0
LDKALFFP_00755	0.0
LDKALFFP_00756	0.0
LDKALFFP_00757	0.0
LDKALFFP_00758	0.0
LDKALFFP_00759	11.1721700306
LDKALFFP_00760	0.0
LDKALFFP_00761	6.47796080575
LDKALFFP_00762	75.7495095825
LDKALFFP_00763	6.25680403976
LDKALFFP_00764	0.0
LDKALFFP_00765	0.0
LDKALFFP_00766	2.16775123886
LDKALFFP_00767	0.0
LDKALFFP_00768	0.0
LDKALFFP_00769	17.2128672839
LDKALFFP_00770	2.09478188074
LDKALFFP_00771	8.84158210209
LDKALFFP_00772	0.0
LDKALFFP_00773	3.13082338367
LDKALFFP_00774	5.92677481569
LDKALFFP_00775	1.45609208485
LDKALFFP_00776	0.0
LDKALFFP_00777	0.0
LDKALFFP_00778	0.0
LDKALFFP_00779	0.0
LDKALFFP_00780	0.0
LDKALFFP_00781	0.0
LDKALFFP_00782	1.9152574866
LDKALFFP_00783	0.0
LDKALFFP_00784	3.11635116464
LDKALFFP_00785	0.0
LDKALFFP_00786	0.0
LDKALFFP_00787	0.0
LDKALFFP_00788	0.0
LDKALFFP_00789	0.0
LDKALFFP_00790	0.0
LDKALFFP_00791	4.85014845528
LDKALFFP_00792	0.0
LDKALFFP_00793	0.0
LDKALFFP_00794	4.82584563554
LDKALFFP_00795	0.0
LDKALFFP_00796	0.0
LDKALFFP_00797	4.24451606685
LDKALFFP_00798	0.0
LDKALFFP_00799	0.0
LDKALFFP_00800	0.0
LDKALFFP_00801	0.0
LDKALFFP_00802	0.0
LDKALFFP_00803	0.0
LDKALFFP_00804	16.7149744285
LDKALFFP_00805	0.0
LDKALFFP_00806	11.7587901503
LDKALFFP_00807	4.94804135989
LDKALFFP_00808	29.1533247691
LDKALFFP_00809	16.8122352939
LDKALFFP_00810	35.2178690074
LDKALFFP_00811	0.0
LDKALFFP_00812	0.0
LDKALFFP_00813	0.0
LDKALFFP_00814	0.0
LDKALFFP_00815	0.0
LDKALFFP_00816	0.0
LDKALFFP_00817	0.0
LDKALFFP_00818	2.76866790671
LDKALFFP_00819	0.0
LDKALFFP_00820	2.03446438411
LDKALFFP_00821	0.0
LDKALFFP_00822	10.1718955869
LDKALFFP_00823	10.7867301646
LDKALFFP_00824	3.83414579309
LDKALFFP_00825	0.0
LDKALFFP_00826	0.992887533556
LDKALFFP_00827	0.0
LDKALFFP_00828	0.0
LDKALFFP_00829	0.0
LDKALFFP_00830	1.22576479143
LDKALFFP_00831	0.0
LDKALFFP_00832	0.0
LDKALFFP_00833	0.0
LDKALFFP_00834	0.0
LDKALFFP_00835	0.0
LDKALFFP_00836	0.0
LDKALFFP_00837	4.33550247771
LDKALFFP_00838	0.707048385196
LDKALFFP_00839	0.0
LDKALFFP_00840	0.0
LDKALFFP_00842	0.0
LDKALFFP_00843	5.20093064829
LDKALFFP_00844	0.0
LDKALFFP_00845	0.0
LDKALFFP_00846	10.0124351775
LDKALFFP_00847	0.0
LDKALFFP_00848	0.0
LDKALFFP_00849	0.0
LDKALFFP_00850	0.0
LDKALFFP_00851	3.17256769546
LDKALFFP_00852	8.55184738204
LDKALFFP_00853	0.0
LDKALFFP_00854	0.0
LDKALFFP_00855	4.05313007185
LDKALFFP_00856	0.0
LDKALFFP_00857	0.0
LDKALFFP_00858	0.0
LDKALFFP_00859	0.0
LDKALFFP_00860	5.93982938577
LDKALFFP_00861	0.0
LDKALFFP_00862	7.53263279647
LDKALFFP_00863	0.0
LDKALFFP_00864	0.0
LDKALFFP_00865	5.45887154076
LDKALFFP_00866	60.4428845427
LDKALFFP_00867	32.786413874
LDKALFFP_00868	0.0
LDKALFFP_00869	0.992887533556
LDKALFFP_00870	0.0
LDKALFFP_00871	0.0
LDKALFFP_00872	222.221055729
LDKALFFP_00873	0.0
LDKALFFP_00874	0.0
LDKALFFP_00875	0.0
LDKALFFP_00876	2.5344760725
LDKALFFP_00877	0.0
LDKALFFP_00878	1.87530079356
LDKALFFP_00879	0.0
LDKALFFP_00880	0.0
LDKALFFP_00881	0.0
LDKALFFP_00882	0.0
LDKALFFP_00883	0.0
LDKALFFP_00884	0.0
LDKALFFP_00885	0.0
LDKALFFP_00886	2.69668254114
LDKALFFP_00887	4.18414668912
LDKALFFP_00888	6.3351978257
LDKALFFP_00889	12.6519958364
LDKALFFP_00890	27.1934373896
LDKALFFP_00891	5.46994430251
LDKALFFP_00892	2.78582907142
LDKALFFP_00893	0.0
LDKALFFP_00894	0.0
LDKALFFP_00895	33.7085317642
LDKALFFP_00896	0.0
LDKALFFP_00897	0.0
LDKALFFP_00898	0.0
LDKALFFP_00899	1.30779948649
LDKALFFP_00900	14.7198828665
LDKALFFP_00901	2.39279728584
LDKALFFP_00902	0.0
LDKALFFP_00903	3.16759891285
LDKALFFP_00904	0.0
LDKALFFP_00905	2.58798708363
LDKALFFP_00906	25.186947769
LDKALFFP_00907	0.0
LDKALFFP_00908	0.0
LDKALFFP_00909	0.0
LDKALFFP_00910	1.32710754977
LDKALFFP_00911	0.0
LDKALFFP_00912	0.0
LDKALFFP_00913	0.0
LDKALFFP_00914	0.0
LDKALFFP_00915	0.0
LDKALFFP_00916	0.0
LDKALFFP_00917	0.0
LDKALFFP_00918	0.0
LDKALFFP_00919	0.0
LDKALFFP_00920	0.0
LDKALFFP_00921	4.9269473955
LDKALFFP_00922	0.0
LDKALFFP_00923	0.0
LDKALFFP_00924	0.0
LDKALFFP_00925	0.0
LDKALFFP_00926	0.0
LDKALFFP_00927	0.0
LDKALFFP_00928	0.0
LDKALFFP_00929	16.0676218936
LDKALFFP_00930	4.59988493158
LDKALFFP_00931	6.43819160572
LDKALFFP_00932	0.0
LDKALFFP_00933	0.0
LDKALFFP_00934	0.0
LDKALFFP_00935	0.0
LDKALFFP_00936	15.6006428
LDKALFFP_00937	0.0
LDKALFFP_00938	0.0
LDKALFFP_00939	0.0
LDKALFFP_00940	0.0
LDKALFFP_00941	0.0
LDKALFFP_00942	0.0
LDKALFFP_00943	0.0
LDKALFFP_00944	0.0
LDKALFFP_00945	5.50343375742
LDKALFFP_00946	9.57402085611
LDKALFFP_00948	0.0
LDKALFFP_00949	0.0
LDKALFFP_00950	3.31559328828
LDKALFFP_00951	0.0
LDKALFFP_00952	0.0
LDKALFFP_00953	0.0
LDKALFFP_00954	0.0
LDKALFFP_00955	4.79836751092
LDKALFFP_00956	1.31931631171
LDKALFFP_00957	0.0
LDKALFFP_00958	0.0
LDKALFFP_00959	3.02318670531
LDKALFFP_00960	0.0
LDKALFFP_00961	1.80742797663
LDKALFFP_00962	2.95905180081
LDKALFFP_00963	1.16840664694
LDKALFFP_00964	0.0
LDKALFFP_00965	1.6728799883
LDKALFFP_00966	0.0
LDKALFFP_00967	0.0
LDKALFFP_00968	0.0
LDKALFFP_00969	0.0
LDKALFFP_00970	0.0
LDKALFFP_00971	0.0
LDKALFFP_00972	7.44939928491
LDKALFFP_00973	0.0
LDKALFFP_00974	0.0
LDKALFFP_00975	0.0
LDKALFFP_00976	0.0
LDKALFFP_00977	0.0
LDKALFFP_00978	1.35511685484
LDKALFFP_00979	12.6406994116
LDKALFFP_00980	17.2373173794
LDKALFFP_00981	18.6406627268
LDKALFFP_00982	0.0
LDKALFFP_00983	8.31795971973
LDKALFFP_00984	3.66397084394
LDKALFFP_00985	21.9957792915
LDKALFFP_00986	10.4291589989
LDKALFFP_00987	0.0
LDKALFFP_00988	0.0
LDKALFFP_00989	0.0
LDKALFFP_00990	1.26367504271
LDKALFFP_00991	0.0
LDKALFFP_00992	0.0
LDKALFFP_00993	1.42832761713
LDKALFFP_00994	1.37165948176
LDKALFFP_00995	0.0
LDKALFFP_00996	0.0
LDKALFFP_00997	0.0
LDKALFFP_00998	11.5737448118
LDKALFFP_00999	3.47510636745
LDKALFFP_01000	0.0
LDKALFFP_01001	0.0
LDKALFFP_01002	0.0
LDKALFFP_01003	0.0
LDKALFFP_01004	0.0
LDKALFFP_01005	0.0
LDKALFFP_01006	0.0
LDKALFFP_01007	0.0
LDKALFFP_01008	0.0
LDKALFFP_01009	0.0
LDKALFFP_01010	0.0
LDKALFFP_01011	0.0
LDKALFFP_01012	0.0
LDKALFFP_01013	0.0
LDKALFFP_01014	0.0
LDKALFFP_01015	4.95713702415
LDKALFFP_01016	0.0
LDKALFFP_01017	0.0
LDKALFFP_01018	0.0
LDKALFFP_01019	0.0
LDKALFFP_01020	2.24256344377
LDKALFFP_01021	4.25344249391
LDKALFFP_01022	19.0034675718
LDKALFFP_01023	13.9869426408
LDKALFFP_01024	0.0
LDKALFFP_01025	0.0
LDKALFFP_01026	0.0
LDKALFFP_01027	0.0
LDKALFFP_01028	3.00969033609
LDKALFFP_01029	0.0
LDKALFFP_01030	0.0
LDKALFFP_01031	0.0
LDKALFFP_01032	17.4177823706
LDKALFFP_01033	0.0
LDKALFFP_01034	0.0
LDKALFFP_01035	6.10109172203
LDKALFFP_01036	6.50116331036
LDKALFFP_01037	0.0
LDKALFFP_01038	0.0
LDKALFFP_01039	10.2926814547
LDKALFFP_01040	0.0
LDKALFFP_01041	0.0
LDKALFFP_01042	0.0
LDKALFFP_01043	2.17474398479
LDKALFFP_01044	2.92481837434
LDKALFFP_01045	6.21355424225
LDKALFFP_01046	0.0
LDKALFFP_01047	0.0
LDKALFFP_01048	0.0
LDKALFFP_01049	0.0
LDKALFFP_01050	0.0
LDKALFFP_01051	0.0
LDKALFFP_01052	0.890582080957
LDKALFFP_01053	0.0
LDKALFFP_01054	2.84760564006
LDKALFFP_01055	0.0
LDKALFFP_01056	4.82584563554
LDKALFFP_01057	2.92164955703
LDKALFFP_01058	5.50343375742
LDKALFFP_01059	9.42895993405
LDKALFFP_01060	0.0
LDKALFFP_01061	3.72469964246
LDKALFFP_01062	0.0
LDKALFFP_01063	5.71331046851
LDKALFFP_01064	8.49794918426
LDKALFFP_01065	24.3257445721
LDKALFFP_01066	33.2337637112
LDKALFFP_01067	0.0
LDKALFFP_01068	0.0
LDKALFFP_01069	1.77764175421
LDKALFFP_01070	0.0
LDKALFFP_01071	0.0
LDKALFFP_01072	0.0
LDKALFFP_01073	26.2663883877
LDKALFFP_01074	16.4431862265
LDKALFFP_01075	0.0
LDKALFFP_01076	0.0
LDKALFFP_01077	0.0
LDKALFFP_01078	0.0
LDKALFFP_01079	4.80520766418
LDKALFFP_01080	0.816187209787
LDKALFFP_01081	0.0
LDKALFFP_01082	2.24910970904
LDKALFFP_01083	18.9664373098
LDKALFFP_01084	5.60640860943
LDKALFFP_01085	0.0
LDKALFFP_01086	0.0
LDKALFFP_01087	0.0
LDKALFFP_01088	2.06800808369
LDKALFFP_01089	0.0
LDKALFFP_01090	0.0
LDKALFFP_01092	0.0
LDKALFFP_01093	0.55994238811
LDKALFFP_01094	4.59400773618
LDKALFFP_01095	16.8057876485
LDKALFFP_01096	0.0
LDKALFFP_01097	0.0
LDKALFFP_01098	0.0
LDKALFFP_01099	10.8649578612
LDKALFFP_01100	6.39024298848
LDKALFFP_01101	7.92209912203
LDKALFFP_01102	2.35039152336
LDKALFFP_01103	0.0
LDKALFFP_01104	0.0
LDKALFFP_01105	0.0
LDKALFFP_01106	0.0
LDKALFFP_01107	6.90041591898
LDKALFFP_01108	0.0
LDKALFFP_01109	0.0
LDKALFFP_01110	3.47510636745
LDKALFFP_01111	2.30682852108
LDKALFFP_01112	0.0
LDKALFFP_01113	0.0
LDKALFFP_01114	0.0
LDKALFFP_01115	4.45364581526
LDKALFFP_01116	0.0
LDKALFFP_01117	14.3951025328
LDKALFFP_01118	0.0
LDKALFFP_01119	13.6540888159
LDKALFFP_01120	5.44417740472
LDKALFFP_01121	3.20271085646
LDKALFFP_01122	2.70208671457
LDKALFFP_01123	14.5679128873
LDKALFFP_01124	25.2813988232
LDKALFFP_01125	0.0
LDKALFFP_01126	5.96234295261
LDKALFFP_01127	0.0
LDKALFFP_01128	4.72273649937
LDKALFFP_01129	4.79836751092
LDKALFFP_01130	3.02544787712
LDKALFFP_01131	2.23976955244
LDKALFFP_01132	0.0
LDKALFFP_01133	0.0
LDKALFFP_01134	2.08721558912
LDKALFFP_01135	0.0
LDKALFFP_01136	0.0
LDKALFFP_01137	0.0
LDKALFFP_01138	15.3803186757
LDKALFFP_01139	0.0
LDKALFFP_01140	10.6447995045
LDKALFFP_01141	0.0
LDKALFFP_01142	6.44112071928
LDKALFFP_01143	9.47867325532
LDKALFFP_01144	3.79814442414
LDKALFFP_01145	0.0
LDKALFFP_01146	8.92097248959
LDKALFFP_01147	0.0
LDKALFFP_01148	0.0
LDKALFFP_01149	0.0
LDKALFFP_01150	0.0
LDKALFFP_01151	3.50218511836
LDKALFFP_01152	0.0
LDKALFFP_01153	0.0
LDKALFFP_01154	6.74170635284
LDKALFFP_01155	0.0
LDKALFFP_01156	0.0
LDKALFFP_01157	0.0
LDKALFFP_01158	5.53733581342
LDKALFFP_01159	0.0
LDKALFFP_01160	0.0
LDKALFFP_01161	0.0
LDKALFFP_01162	0.0
LDKALFFP_01163	0.0
LDKALFFP_01164	0.0
LDKALFFP_01165	6.29330814735
LDKALFFP_01166	0.0
LDKALFFP_01167	0.0
LDKALFFP_01168	62.7770227188
LDKALFFP_01169	9.18801547236
LDKALFFP_01170	3.60037722448
LDKALFFP_01171	4.2037140158
LDKALFFP_01176	3.36244705878
LDKALFFP_01177	0.0
LDKALFFP_01178	0.0
LDKALFFP_01179	4.59400773618
LDKALFFP_01180	0.0
LDKALFFP_01181	0.0
LDKALFFP_01182	0.0
LDKALFFP_01183	0.0
LDKALFFP_01184	0.0
LDKALFFP_01185	0.0
LDKALFFP_01186	0.0
LDKALFFP_01187	10.13790429
LDKALFFP_01188	0.0
LDKALFFP_01189	0.0
LDKALFFP_01190	3.65651869985
LDKALFFP_01191	0.914129674962
LDKALFFP_01192	10.9324967884
LDKALFFP_01193	3.42218596591
LDKALFFP_01194	0.0
LDKALFFP_01195	1.15936480702
LDKALFFP_01196	2.55852233505
LDKALFFP_01197	15.3511340103
LDKALFFP_01198	0.0
LDKALFFP_01199	0.0
LDKALFFP_01200	0.0
LDKALFFP_01201	0.0
LDKALFFP_01202	0.0
LDKALFFP_01203	0.0
LDKALFFP_01204	0.0
LDKALFFP_01205	0.0
LDKALFFP_01206	0.0
LDKALFFP_01207	0.0
LDKALFFP_01208	0.0
LDKALFFP_01209	5.49894482287
LDKALFFP_01210	0.0
LDKALFFP_01211	0.0
LDKALFFP_01212	0.0
LDKALFFP_01213	0.0
LDKALFFP_01214	3.66397084394
LDKALFFP_01215	7.20075444897
LDKALFFP_01216	7.19755126638
LDKALFFP_01217	8.46239291152
LDKALFFP_01218	0.0
LDKALFFP_01219	0.0
LDKALFFP_01220	46.5431610134
LDKALFFP_01221	1.70352655789
LDKALFFP_01222	0.0
LDKALFFP_01223	1.88667155397
LDKALFFP_01224	0.0
LDKALFFP_01225	0.0
LDKALFFP_01226	1.67808496648
LDKALFFP_01227	15.0423468319
LDKALFFP_01228	0.0
LDKALFFP_01229	0.0
LDKALFFP_01230	0.0
LDKALFFP_01231	0.0
LDKALFFP_01232	2.99188151753
LDKALFFP_01233	0.0
LDKALFFP_01234	0.0
LDKALFFP_01235	13.6656209855
LDKALFFP_01236	0.0
LDKALFFP_01237	0.0
LDKALFFP_01238	0.0
LDKALFFP_01239	0.0
LDKALFFP_01240	0.0
LDKALFFP_01241	0.0
LDKALFFP_01242	0.0
LDKALFFP_01243	0.0
LDKALFFP_01244	0.0
LDKALFFP_01245	0.0
LDKALFFP_01246	0.0
LDKALFFP_01247	3.3374783925
LDKALFFP_01248	4.45732651428
LDKALFFP_01249	8.18416552697
LDKALFFP_01250	0.0
LDKALFFP_01251	0.0
LDKALFFP_01252	1.93033825421
LDKALFFP_01253	0.0
LDKALFFP_01254	0.0
LDKALFFP_01255	0.0
LDKALFFP_01256	0.0
LDKALFFP_01257	1.46558833757
LDKALFFP_01258	0.0
LDKALFFP_01259	4.1917345199
LDKALFFP_01260	0.0
LDKALFFP_01261	3.39632561856
LDKALFFP_01262	0.0
LDKALFFP_01263	0.0
LDKALFFP_01264	0.0
LDKALFFP_01265	0.0
LDKALFFP_01266	2.76488298818
LDKALFFP_01267	0.0
LDKALFFP_01268	0.0
LDKALFFP_01269	0.0
LDKALFFP_01270	0.0
LDKALFFP_01271	3.76982647876
LDKALFFP_01272	0.0
LDKALFFP_01273	0.0
LDKALFFP_01274	0.0
LDKALFFP_01275	0.0
LDKALFFP_01276	0.0
LDKALFFP_01277	0.0
LDKALFFP_01278	0.0
LDKALFFP_01279	2.13683244147
LDKALFFP_01280	0.0
LDKALFFP_01281	0.0
LDKALFFP_01282	0.0
LDKALFFP_01283	0.0
LDKALFFP_01284	0.859911524598
LDKALFFP_01285	4.81550453775
LDKALFFP_01286	0.0
LDKALFFP_01287	8.63469779182
LDKALFFP_01288	0.0
LDKALFFP_01289	0.0
LDKALFFP_01290	41.9079043555
LDKALFFP_01291	12.3875876448
LDKALFFP_01292	0.0
LDKALFFP_01293	0.0
LDKALFFP_01294	3.17256769546
LDKALFFP_01295	0.0
LDKALFFP_01296	0.0
LDKALFFP_01297	1.2780485977
LDKALFFP_01298	0.0
LDKALFFP_01299	0.0
LDKALFFP_01300	0.0
LDKALFFP_01301	0.0
LDKALFFP_01302	12.2021834441
LDKALFFP_01303	0.0
LDKALFFP_01304	3.4961312115
LDKALFFP_01305	2.27120932718
LDKALFFP_01306	1.03163065843
LDKALFFP_01307	0.654534597364
LDKALFFP_01308	3.63434304736
LDKALFFP_01309	6.47796080575
LDKALFFP_01310	3.64416559613
LDKALFFP_01311	0.0
LDKALFFP_01312	3.39632561856
LDKALFFP_01313	0.0
LDKALFFP_01314	1.69389606855
LDKALFFP_01315	5.31191570809
LDKALFFP_01316	0.0
LDKALFFP_01317	2.20948999684
LDKALFFP_01318	1.64833896158
LDKALFFP_01319	1.64833896158
LDKALFFP_01320	0.0
LDKALFFP_01321	0.0
LDKALFFP_01322	0.856633589942
LDKALFFP_01323	0.0
LDKALFFP_01324	0.0
LDKALFFP_01325	4.25344249391
LDKALFFP_01326	5.23772968589
LDKALFFP_01327	0.0
LDKALFFP_01328	0.0
LDKALFFP_01329	6.12882395713
LDKALFFP_01330	0.0
LDKALFFP_01331	0.0
LDKALFFP_01332	0.0
LDKALFFP_01333	7.64523400838
LDKALFFP_01334	0.0
LDKALFFP_01335	0.0
LDKALFFP_01336	6.81554138451
LDKALFFP_01337	0.0
LDKALFFP_01338	0.0
LDKALFFP_01339	0.713785744081
LDKALFFP_01340	6.16243725123
LDKALFFP_01341	0.0
LDKALFFP_01342	2.75031365746
LDKALFFP_01343	6.00151900847
LDKALFFP_01344	3.07139241587
LDKALFFP_01345	0.0
LDKALFFP_01346	0.0
LDKALFFP_01347	0.0
LDKALFFP_01348	2.61813838945
LDKALFFP_01349	0.0
LDKALFFP_01350	0.0
LDKALFFP_01351	0.0
LDKALFFP_01352	0.848547055109
LDKALFFP_01353	0.0
LDKALFFP_01354	3.7042342598
LDKALFFP_01355	4.95106953697
LDKALFFP_01356	0.0
LDKALFFP_01357	0.0
LDKALFFP_01358	11.3219496002
LDKALFFP_01359	0.0
LDKALFFP_01360	0.0
LDKALFFP_01361	0.0
LDKALFFP_01362	8.53380550993
LDKALFFP_01363	0.0
LDKALFFP_01364	0.0
LDKALFFP_01365	12.3417965269
LDKALFFP_01366	19.6360379209
LDKALFFP_01367	0.0
LDKALFFP_01368	0.0
LDKALFFP_01369	0.0
LDKALFFP_01370	0.0
LDKALFFP_01371	38.3834376293
LDKALFFP_01372	30.0585633566
LDKALFFP_01373	4.42079105105
LDKALFFP_01374	0.0
LDKALFFP_01375	0.0
LDKALFFP_01376	5.26695808816
LDKALFFP_01377	10.9030291421
LDKALFFP_01378	0.0
LDKALFFP_01379	0.0
LDKALFFP_01380	0.0
LDKALFFP_01381	0.0
LDKALFFP_01382	0.0
LDKALFFP_01383	2.36966831383
LDKALFFP_01384	0.0
LDKALFFP_01385	9.9142740483
LDKALFFP_01386	13.1119086279
LDKALFFP_01387	0.0
LDKALFFP_01388	0.0
LDKALFFP_01389	0.0
LDKALFFP_01390	0.0
LDKALFFP_01391	0.0
LDKALFFP_01392	0.0
LDKALFFP_01393	0.0
LDKALFFP_01394	3.32103761224
LDKALFFP_01395	2.16775123886
LDKALFFP_01396	0.0
LDKALFFP_01397	0.0
LDKALFFP_01398	4.13601616739
LDKALFFP_01399	0.0
LDKALFFP_01400	0.0
LDKALFFP_01401	3.04022834401
LDKALFFP_01402	1.2780485977
LDKALFFP_01403	0.0
LDKALFFP_01404	0.0
LDKALFFP_01405	0.0
LDKALFFP_01406	0.0
LDKALFFP_01407	0.0
LDKALFFP_01408	0.0
LDKALFFP_01409	3.0311156326
LDKALFFP_01410	0.0
LDKALFFP_01411	18.4509858078
LDKALFFP_01412	0.0
LDKALFFP_01413	7.18476698349
LDKALFFP_01414	0.0
LDKALFFP_01415	1.3800831838
LDKALFFP_01416	846.173114081
LDKALFFP_01417	2.46047677111
LDKALFFP_01418	0.0
LDKALFFP_01419	11.0939471629
LDKALFFP_01420	0.0
LDKALFFP_01421	22.1818775417
LDKALFFP_01422	9.59673502184
LDKALFFP_01423	0.0
LDKALFFP_01424	0.0
LDKALFFP_01425	0.0
LDKALFFP_01426	0.0
LDKALFFP_01427	1.15341426054
LDKALFFP_01428	0.0
LDKALFFP_01429	0.0
LDKALFFP_01430	8.24393439886
LDKALFFP_01431	0.0
LDKALFFP_01432	4.02489931513
LDKALFFP_01433	0.0
LDKALFFP_01434	0.0
LDKALFFP_01435	0.0
LDKALFFP_01436	0.0
LDKALFFP_01437	0.0
LDKALFFP_01438	0.0
LDKALFFP_01439	0.0
LDKALFFP_01440	0.0
LDKALFFP_01441	0.0
LDKALFFP_01442	1.909831828
LDKALFFP_01443	0.0
LDKALFFP_01444	2.0775674431
LDKALFFP_01445	0.0
LDKALFFP_01446	7.18732020559
LDKALFFP_01447	1.83697720786
LDKALFFP_01448	0.0
LDKALFFP_01449	0.0
LDKALFFP_01450	2.36758783243
LDKALFFP_01451	0.0
