ELDLJNFC_00001	0.0
ELDLJNFC_00002	5.50343375742
ELDLJNFC_00003	0.0
ELDLJNFC_00005	13.6471788519
ELDLJNFC_00006	0.0
ELDLJNFC_00007	29.8425633325
ELDLJNFC_00008	0.0
ELDLJNFC_00009	18.3864718714
ELDLJNFC_00010	0.0
ELDLJNFC_00011	19.4898212566
ELDLJNFC_00012	0.0
ELDLJNFC_00013	10.6447995045
ELDLJNFC_00014	0.0
ELDLJNFC_00015	0.0
ELDLJNFC_00016	26.3023451138
ELDLJNFC_00017	3.41352220397
ELDLJNFC_00018	0.0
ELDLJNFC_00020	0.0
ELDLJNFC_00021	0.0
ELDLJNFC_00022	0.0
ELDLJNFC_00023	0.0
ELDLJNFC_00024	0.0
ELDLJNFC_00025	0.0
ELDLJNFC_00026	0.0
ELDLJNFC_00027	4.36827625454
ELDLJNFC_00028	0.0
ELDLJNFC_00029	4.71998111051
ELDLJNFC_00030	11.9746116392
ELDLJNFC_00031	0.0
ELDLJNFC_00032	0.0
ELDLJNFC_00033	2.43382900825
ELDLJNFC_00034	16.5006798846
ELDLJNFC_00035	4.01690547339
ELDLJNFC_00036	0.0
ELDLJNFC_00037	0.0
ELDLJNFC_00038	0.0
ELDLJNFC_00039	0.0
ELDLJNFC_00040	0.0
ELDLJNFC_00041	0.0
ELDLJNFC_00042	2.0775674431
ELDLJNFC_00043	0.0
ELDLJNFC_00044	0.0
ELDLJNFC_00045	0.0
ELDLJNFC_00046	0.0
ELDLJNFC_00047	0.0
ELDLJNFC_00048	0.0
ELDLJNFC_00049	0.0
ELDLJNFC_00050	2.85665523426
ELDLJNFC_00051	0.0
ELDLJNFC_00052	0.0
ELDLJNFC_00053	0.0
ELDLJNFC_00054	5.35481044706
ELDLJNFC_00055	0.0
ELDLJNFC_00056	0.0
ELDLJNFC_00057	17.1399314055
ELDLJNFC_00058	0.0
ELDLJNFC_00059	0.0
ELDLJNFC_00060	0.908585761839
ELDLJNFC_00061	0.0
ELDLJNFC_00062	13.253682214
ELDLJNFC_00063	7.56432690361
ELDLJNFC_00064	8.56996570277
ELDLJNFC_00065	0.0
ELDLJNFC_00066	0.0
ELDLJNFC_00067	1.26367504271
ELDLJNFC_00068	1.11066002518
ELDLJNFC_00069	0.0
ELDLJNFC_00070	0.0
ELDLJNFC_00071	0.0
ELDLJNFC_00072	0.798543838063
ELDLJNFC_00073	0.0
ELDLJNFC_00075	0.0
ELDLJNFC_00076	0.876399915872
ELDLJNFC_00077	0.0
ELDLJNFC_00078	0.0
ELDLJNFC_00080	27.5171687871
ELDLJNFC_00081	16.7575874927
ELDLJNFC_00082	6.79420704364
ELDLJNFC_00083	3.19512149424
ELDLJNFC_00084	0.0
ELDLJNFC_00085	1.97800675389
ELDLJNFC_00086	0.0
ELDLJNFC_00087	0.0
ELDLJNFC_00088	0.0
ELDLJNFC_00089	0.0
ELDLJNFC_00090	0.0
ELDLJNFC_00091	0.0
ELDLJNFC_00092	0.680293274757
ELDLJNFC_00093	0.0
ELDLJNFC_00094	0.0
ELDLJNFC_00095	0.0
ELDLJNFC_00096	0.0
ELDLJNFC_00097	0.0
ELDLJNFC_00098	46.4249239867
ELDLJNFC_00099	16.8104885681
ELDLJNFC_00100	1.35511685484
ELDLJNFC_00101	0.0
ELDLJNFC_00102	0.657406762832
ELDLJNFC_00103	5.14634072736
ELDLJNFC_00104	0.0
ELDLJNFC_00105	0.0
ELDLJNFC_00106	1.02457543356
ELDLJNFC_00107	0.0
ELDLJNFC_00109	0.0
ELDLJNFC_00110	0.0
ELDLJNFC_00111	0.0
ELDLJNFC_00112	0.0
ELDLJNFC_00113	0.0
ELDLJNFC_00114	0.0
ELDLJNFC_00115	0.0
ELDLJNFC_00116	0.0
ELDLJNFC_00117	0.0
ELDLJNFC_00118	1.67912985127
ELDLJNFC_00119	2.12170144857
ELDLJNFC_00120	2.25475128858
ELDLJNFC_00121	0.0
ELDLJNFC_00122	0.0
ELDLJNFC_00123	0.645139363909
ELDLJNFC_00124	0.0
ELDLJNFC_00125	2.21766656344
ELDLJNFC_00126	2.14362682125
ELDLJNFC_00127	0.0
ELDLJNFC_00128	1.14752448559
ELDLJNFC_00129	4.98646919589
ELDLJNFC_00130	2.71478108168
ELDLJNFC_00131	0.0
ELDLJNFC_00132	0.0
ELDLJNFC_00133	0.912274202009
ELDLJNFC_00134	0.0
ELDLJNFC_00135	0.0
ELDLJNFC_00136	0.0
ELDLJNFC_00137	1.52011417201
ELDLJNFC_00138	0.0
ELDLJNFC_00139	4.02890817899
ELDLJNFC_00140	0.0
ELDLJNFC_00141	0.0
ELDLJNFC_00142	0.0
ELDLJNFC_00143	0.0
ELDLJNFC_00144	0.0
ELDLJNFC_00145	0.0
ELDLJNFC_00146	10.9968930087
ELDLJNFC_00147	0.0
ELDLJNFC_00148	0.0
ELDLJNFC_00149	0.0
ELDLJNFC_00150	0.0
ELDLJNFC_00151	6.98622419984
ELDLJNFC_00152	2.38363218132
ELDLJNFC_00153	0.0
ELDLJNFC_00154	0.0
ELDLJNFC_00155	0.0
ELDLJNFC_00156	0.0
ELDLJNFC_00157	0.0
ELDLJNFC_00158	0.0
ELDLJNFC_00159	6.59658155856
ELDLJNFC_00160	0.0
ELDLJNFC_00161	2.84160436369
ELDLJNFC_00162	5.80555983022
ELDLJNFC_00163	1.13305989123
ELDLJNFC_00164	1.75109255918
ELDLJNFC_00165	0.0
ELDLJNFC_00166	0.0
ELDLJNFC_00167	0.0
ELDLJNFC_00168	0.0
ELDLJNFC_00169	0.0
ELDLJNFC_00170	0.0
ELDLJNFC_00171	3.95407997234
ELDLJNFC_00172	0.0
ELDLJNFC_00173	0.0
ELDLJNFC_00174	5.93982938577
ELDLJNFC_00176	2.61644489761
ELDLJNFC_00177	0.0
ELDLJNFC_00178	0.0
ELDLJNFC_00179	2.03676929089
ELDLJNFC_00180	0.0
ELDLJNFC_00181	0.0
ELDLJNFC_00182	2.027580858
ELDLJNFC_00183	0.0
ELDLJNFC_00184	0.0
ELDLJNFC_00185	0.0
ELDLJNFC_00186	0.0
ELDLJNFC_00187	2.09369762511
ELDLJNFC_00188	0.0
ELDLJNFC_00189	4.21796017905
ELDLJNFC_00190	1.65035651232
ELDLJNFC_00191	1.45609208485
ELDLJNFC_00192	0.0
ELDLJNFC_00193	1.53569620794
ELDLJNFC_00194	9.51770308637
ELDLJNFC_00195	1.47038306496
ELDLJNFC_00196	3.2438041794
ELDLJNFC_00197	0.0
ELDLJNFC_00198	0.0
ELDLJNFC_00199	2.86881121398
ELDLJNFC_00200	0.0
ELDLJNFC_00201	10.8834721391
ELDLJNFC_00202	0.0
ELDLJNFC_00203	2.71842998099
ELDLJNFC_00204	0.0
ELDLJNFC_00205	0.0
ELDLJNFC_00206	0.0
ELDLJNFC_00207	0.0
ELDLJNFC_00208	0.0
ELDLJNFC_00209	5.81181582142
ELDLJNFC_00210	0.0
ELDLJNFC_00211	0.0
ELDLJNFC_00212	0.0
ELDLJNFC_00213	0.774019099064
ELDLJNFC_00214	0.0
ELDLJNFC_00215	0.0
ELDLJNFC_00216	3.38212693287
ELDLJNFC_00217	0.0
ELDLJNFC_00218	11.4997123289
ELDLJNFC_00219	1.30779948649
ELDLJNFC_00220	0.0
ELDLJNFC_00221	0.0
ELDLJNFC_00222	8.10423002596
ELDLJNFC_00223	0.0
ELDLJNFC_00224	0.0
ELDLJNFC_00225	0.0
ELDLJNFC_00226	0.0
ELDLJNFC_00227	0.0
ELDLJNFC_00228	2.4854216969
ELDLJNFC_00229	8.67498979226
ELDLJNFC_00230	8.20491645377
ELDLJNFC_00231	13.0589953566
ELDLJNFC_00232	0.0
ELDLJNFC_00233	0.0
ELDLJNFC_00234	0.0
ELDLJNFC_00235	1.82208279807
ELDLJNFC_00236	0.931174910614
ELDLJNFC_00237	0.0
ELDLJNFC_00238	7.21038112604
ELDLJNFC_00239	0.0
ELDLJNFC_00240	2.86576253043
ELDLJNFC_00241	3.65602296792
ELDLJNFC_00242	1.55160100181
ELDLJNFC_00243	0.0
ELDLJNFC_00244	0.0
ELDLJNFC_00245	0.0
ELDLJNFC_00246	1.30568877073
ELDLJNFC_00247	0.0
ELDLJNFC_00248	0.643702070609
ELDLJNFC_00249	13.3059993806
ELDLJNFC_00250	5.29800106314
ELDLJNFC_00251	0.0
ELDLJNFC_00252	0.0
ELDLJNFC_00253	0.0
ELDLJNFC_00254	0.969332329669
ELDLJNFC_00255	0.0
ELDLJNFC_00256	1.77180193242
ELDLJNFC_00257	0.0
ELDLJNFC_00258	0.940922031102
ELDLJNFC_00259	6.03622281172
ELDLJNFC_00260	0.0
ELDLJNFC_00261	0.0
ELDLJNFC_00262	0.0
ELDLJNFC_00263	7.32794168787
ELDLJNFC_00264	6.49803021961
ELDLJNFC_00265	0.0
ELDLJNFC_00266	51.6111491127
ELDLJNFC_00267	0.0
ELDLJNFC_00268	0.0
ELDLJNFC_00269	0.0
ELDLJNFC_00270	2.91596295538
ELDLJNFC_00271	0.0
ELDLJNFC_00272	5.21265955117
ELDLJNFC_00273	0.0
ELDLJNFC_00274	3.19512149424
ELDLJNFC_00275	0.0
ELDLJNFC_00276	0.0
ELDLJNFC_00277	3.01867448635
ELDLJNFC_00278	0.0
ELDLJNFC_00279	0.0
ELDLJNFC_00280	10.5960021263
ELDLJNFC_00281	0.0
ELDLJNFC_00282	0.0
ELDLJNFC_00284	0.0
ELDLJNFC_00285	0.457840838903
ELDLJNFC_00286	0.0
ELDLJNFC_00287	0.0
ELDLJNFC_00288	0.0
ELDLJNFC_00289	0.0
ELDLJNFC_00290	0.0
ELDLJNFC_00291	0.0
ELDLJNFC_00292	1.72311983459
ELDLJNFC_00293	0.0
ELDLJNFC_00294	0.0
ELDLJNFC_00295	0.0
ELDLJNFC_00296	1.60040506892
ELDLJNFC_00297	0.0
ELDLJNFC_00298	0.0
ELDLJNFC_00299	0.0
ELDLJNFC_00300	0.0
ELDLJNFC_00301	0.811764762534
ELDLJNFC_00302	0.0
ELDLJNFC_00303	0.0
ELDLJNFC_00304	0.0
ELDLJNFC_00305	0.0
ELDLJNFC_00306	1.32710754977
ELDLJNFC_00307	9.42895993405
ELDLJNFC_00308	0.0
ELDLJNFC_00309	0.0
ELDLJNFC_00310	0.0
ELDLJNFC_00311	0.0
ELDLJNFC_00312	6.67495678499
ELDLJNFC_00313	10.3718559275
ELDLJNFC_00314	0.0
ELDLJNFC_00315	0.0
ELDLJNFC_00316	0.0
ELDLJNFC_00317	0.0
ELDLJNFC_00318	0.0
ELDLJNFC_00319	7.8278157943
ELDLJNFC_00320	3.12477698857
ELDLJNFC_00321	5.69521128012
ELDLJNFC_00322	4.16797919805
ELDLJNFC_00323	0.0
ELDLJNFC_00324	0.0
ELDLJNFC_00325	2.00945047775
ELDLJNFC_00326	0.0
ELDLJNFC_00327	0.0
ELDLJNFC_00328	0.0
ELDLJNFC_00329	0.0
ELDLJNFC_00330	0.0
ELDLJNFC_00331	6.50586861553
ELDLJNFC_00332	1.56692768224
ELDLJNFC_00333	1.52011417201
ELDLJNFC_00334	0.0
ELDLJNFC_00335	6.46169937972
ELDLJNFC_00336	10.2405666119
ELDLJNFC_00337	0.0
ELDLJNFC_00338	8.65708680943
ELDLJNFC_00339	0.0
ELDLJNFC_00340	1.41187567599
ELDLJNFC_00341	0.0
ELDLJNFC_00342	0.0
ELDLJNFC_00343	0.0
ELDLJNFC_00344	0.0
ELDLJNFC_00345	0.0
ELDLJNFC_00346	0.0
ELDLJNFC_00347	0.0
ELDLJNFC_00348	0.0
ELDLJNFC_00349	0.0
ELDLJNFC_00350	5.26181959246
ELDLJNFC_00351	3.76982647876
ELDLJNFC_00352	5.66529945617
ELDLJNFC_00353	0.0
ELDLJNFC_00354	0.0
ELDLJNFC_00355	0.0
ELDLJNFC_00356	0.0
ELDLJNFC_00357	0.0
ELDLJNFC_00358	0.0
ELDLJNFC_00359	0.0
ELDLJNFC_00360	0.0
ELDLJNFC_00361	0.0
ELDLJNFC_00362	2.08238034065
ELDLJNFC_00363	0.0
ELDLJNFC_00364	0.0
ELDLJNFC_00365	21.6311433781
ELDLJNFC_00366	0.0
ELDLJNFC_00367	1.342969393
ELDLJNFC_00368	0.0
ELDLJNFC_00369	0.0
ELDLJNFC_00370	1.39724483997
ELDLJNFC_00371	1.59002508322
ELDLJNFC_00372	2.47402067994
ELDLJNFC_00373	3.02544787712
ELDLJNFC_00374	7.3519153248
ELDLJNFC_00375	2.75171687871
ELDLJNFC_00376	0.0
ELDLJNFC_00377	0.0
ELDLJNFC_00378	0.0
ELDLJNFC_00379	0.425344249391
ELDLJNFC_00380	2.98525742561
ELDLJNFC_00381	0.0
ELDLJNFC_00382	3.53277188795
ELDLJNFC_00383	1.43746404112
ELDLJNFC_00384	0.0
ELDLJNFC_00385	0.0
ELDLJNFC_00386	0.0
ELDLJNFC_00387	0.0
ELDLJNFC_00388	0.0
ELDLJNFC_00389	0.0
ELDLJNFC_00390	0.0
ELDLJNFC_00391	5.25327767754
ELDLJNFC_00392	1.76484459499
ELDLJNFC_00393	0.0
ELDLJNFC_00394	0.0
ELDLJNFC_00395	0.0
ELDLJNFC_00396	0.0
ELDLJNFC_00397	0.369712440518
ELDLJNFC_00398	11.5024373793
ELDLJNFC_00399	0.0
ELDLJNFC_00400	0.0
ELDLJNFC_00401	0.0
ELDLJNFC_00402	0.0
ELDLJNFC_00403	0.869897593915
ELDLJNFC_00404	10.1761605326
ELDLJNFC_00405	4.52084248305
ELDLJNFC_00406	4.64945265713
ELDLJNFC_00407	1.66564702973
ELDLJNFC_00408	3.00969033609
ELDLJNFC_00409	0.0
ELDLJNFC_00410	0.0
ELDLJNFC_00411	5.00312159766
ELDLJNFC_00412	11.7247067006
ELDLJNFC_00413	33.4802572828
ELDLJNFC_00414	1.19746116392
ELDLJNFC_00415	0.0
ELDLJNFC_00416	0.0
ELDLJNFC_00417	2.30092366991
ELDLJNFC_00418	1.69177072844
ELDLJNFC_00419	0.0
ELDLJNFC_00420	9.28290031373
ELDLJNFC_00421	0.0
ELDLJNFC_00422	6.19452344825
ELDLJNFC_00423	0.0
ELDLJNFC_00424	5.23119794595
ELDLJNFC_00425	7.46314356403
ELDLJNFC_00426	3.59877563319
ELDLJNFC_00427	7.09653300299
ELDLJNFC_00428	3.48859319681
ELDLJNFC_00429	1.34699427629
ELDLJNFC_00430	0.0
ELDLJNFC_00431	0.963100907549
ELDLJNFC_00432	0.0
ELDLJNFC_00433	0.0
ELDLJNFC_00434	4.59400773618
ELDLJNFC_00435	3.0299803833
ELDLJNFC_00436	5.84329911406
ELDLJNFC_00437	0.908585761839
ELDLJNFC_00438	5.52598881381
ELDLJNFC_00439	0.0
ELDLJNFC_00440	0.0
ELDLJNFC_00441	0.0
ELDLJNFC_00442	0.0
ELDLJNFC_00443	3.48708949285
ELDLJNFC_00444	0.0
ELDLJNFC_00445	7.39369590043
ELDLJNFC_00446	9.11041399033
ELDLJNFC_00447	0.0
ELDLJNFC_00448	0.0
ELDLJNFC_00449	0.0
ELDLJNFC_00450	0.0
ELDLJNFC_00451	11.7284839901
ELDLJNFC_00452	7.21038112604
ELDLJNFC_00453	26.1531711964
ELDLJNFC_00454	0.0
ELDLJNFC_00455	5.24646408782
ELDLJNFC_00456	0.0
ELDLJNFC_00457	3.02544787712
ELDLJNFC_00458	0.0
ELDLJNFC_00459	15.788539468
ELDLJNFC_00460	0.0
ELDLJNFC_00461	0.0
ELDLJNFC_00462	0.0
ELDLJNFC_00463	0.0
ELDLJNFC_00464	0.0
ELDLJNFC_00465	0.0
ELDLJNFC_00466	0.0
ELDLJNFC_00467	0.0
ELDLJNFC_00468	0.0
ELDLJNFC_00469	0.0
ELDLJNFC_00470	0.0
ELDLJNFC_00471	0.0
ELDLJNFC_00472	4.54752536448
ELDLJNFC_00473	0.0
ELDLJNFC_00474	18.0581420165
ELDLJNFC_00475	0.598730581958
ELDLJNFC_00476	1.76715762853
ELDLJNFC_00477	0.0
ELDLJNFC_00478	0.645139363909
ELDLJNFC_00479	0.0
ELDLJNFC_00480	0.0
ELDLJNFC_00481	0.0
ELDLJNFC_00482	0.0
ELDLJNFC_00483	0.0
ELDLJNFC_00484	0.686528141838
ELDLJNFC_00485	0.0
ELDLJNFC_00486	2.33411645223
ELDLJNFC_00487	0.0
ELDLJNFC_00488	0.0
ELDLJNFC_00489	13.9724483997
ELDLJNFC_00490	0.0
ELDLJNFC_00491	4.41355571381
ELDLJNFC_00492	0.0
ELDLJNFC_00494	2.08721558912
ELDLJNFC_00495	0.0
ELDLJNFC_00496	1.02457543356
ELDLJNFC_00497	0.0
ELDLJNFC_00498	0.0
ELDLJNFC_00499	0.0
ELDLJNFC_00501	3.55762868224
ELDLJNFC_00502	0.0
ELDLJNFC_00503	0.0
ELDLJNFC_00504	0.0
ELDLJNFC_00505	2.35518125864
ELDLJNFC_00506	1.13880174879
ELDLJNFC_00507	0.0
ELDLJNFC_00508	0.0
ELDLJNFC_00509	0.0
ELDLJNFC_00510	0.0
ELDLJNFC_00511	0.0
ELDLJNFC_00512	0.0
ELDLJNFC_00513	0.0
ELDLJNFC_00514	0.0
ELDLJNFC_00515	5.55126781113
ELDLJNFC_00516	0.0
ELDLJNFC_00517	5.79516305402
ELDLJNFC_00518	38.8011876423
ELDLJNFC_00519	6.99831109292
ELDLJNFC_00520	3.43964609839
ELDLJNFC_00521	0.0
ELDLJNFC_00522	0.0
ELDLJNFC_00523	2.08238034065
ELDLJNFC_00524	4.85014845528
ELDLJNFC_00525	2.46723013828
ELDLJNFC_00526	0.0
ELDLJNFC_00527	0.0
ELDLJNFC_00528	0.0
ELDLJNFC_00529	0.0
ELDLJNFC_00530	3.17256769546
ELDLJNFC_00531	66.8889925348
ELDLJNFC_00532	7.80892627743
ELDLJNFC_00533	7.86204822489
ELDLJNFC_00534	0.0
ELDLJNFC_00535	10.2340893402
ELDLJNFC_00536	7.53263279647
ELDLJNFC_00538	49.3295586794
ELDLJNFC_00539	72.0487701831
ELDLJNFC_00540	2.25475128858
ELDLJNFC_00541	0.0
ELDLJNFC_00542	0.0
ELDLJNFC_00543	0.0
ELDLJNFC_00544	0.0
ELDLJNFC_00545	0.0
ELDLJNFC_00546	0.0
ELDLJNFC_00547	0.0
ELDLJNFC_00548	0.0
ELDLJNFC_00549	0.0
ELDLJNFC_00550	38.4593986572
ELDLJNFC_00551	16.655535066
ELDLJNFC_00552	20.2310693731
ELDLJNFC_00553	0.0
ELDLJNFC_00554	8.03267139913
ELDLJNFC_00556	0.0
ELDLJNFC_00557	0.0
ELDLJNFC_00558	0.0
ELDLJNFC_00559	0.0
ELDLJNFC_00560	0.0
ELDLJNFC_00561	0.0
ELDLJNFC_00562	0.0
ELDLJNFC_00563	0.0
ELDLJNFC_00565	0.0
ELDLJNFC_00566	0.0
ELDLJNFC_00567	12.450734166
ELDLJNFC_00568	0.0
ELDLJNFC_00569	0.0
ELDLJNFC_00570	1.8294996887
ELDLJNFC_00571	0.0
ELDLJNFC_00572	2.03676929089
ELDLJNFC_00573	0.0
ELDLJNFC_00574	4.16583296777
ELDLJNFC_00575	0.0
ELDLJNFC_00576	4.69805320756
ELDLJNFC_00577	8.72148299204
ELDLJNFC_00578	0.0
ELDLJNFC_00579	0.0
ELDLJNFC_00580	0.0
ELDLJNFC_00581	2.86881121398
ELDLJNFC_00582	0.0
ELDLJNFC_00583	6.05542486782
ELDLJNFC_00584	7.97835071343
ELDLJNFC_00585	4.73933662766
ELDLJNFC_00586	5.43685996197
ELDLJNFC_00587	0.0
ELDLJNFC_00588	0.0
ELDLJNFC_00589	6.98622419984
ELDLJNFC_00590	0.0
ELDLJNFC_00591	0.0
ELDLJNFC_00592	0.0
ELDLJNFC_00593	0.0
ELDLJNFC_00594	0.0
ELDLJNFC_00595	5.74169455175
ELDLJNFC_00596	2.41349869434
ELDLJNFC_00597	3.13082338367
ELDLJNFC_00598	0.0
ELDLJNFC_00599	0.0
ELDLJNFC_00600	0.0
ELDLJNFC_00601	9.14129674962
ELDLJNFC_00604	7.92209912203
ELDLJNFC_00605	6.19723499277
ELDLJNFC_00606	5.00312159766
ELDLJNFC_00607	5.39336508228
ELDLJNFC_00608	18.5551550996
ELDLJNFC_00609	4.35416987267
ELDLJNFC_00610	0.0
ELDLJNFC_00611	0.0
ELDLJNFC_00612	0.0
ELDLJNFC_00613	0.0
ELDLJNFC_00614	1.85978106285
ELDLJNFC_00615	0.956949091958
ELDLJNFC_00616	17.4065903847
ELDLJNFC_00617	0.0
ELDLJNFC_00618	0.0
ELDLJNFC_00619	0.0
ELDLJNFC_00620	0.0
ELDLJNFC_00621	0.0
ELDLJNFC_00622	0.0
ELDLJNFC_00623	1.06085072429
ELDLJNFC_00624	10.8155716891
ELDLJNFC_00625	1.72422157362
ELDLJNFC_00626	4.89416069172
ELDLJNFC_00627	0.0
ELDLJNFC_00628	10.2405666119
ELDLJNFC_00629	0.767411081713
ELDLJNFC_00630	0.0
ELDLJNFC_00631	0.0
ELDLJNFC_00632	0.0
ELDLJNFC_00633	0.0
ELDLJNFC_00636	0.0
ELDLJNFC_00637	3.16215119739
ELDLJNFC_00638	0.0
ELDLJNFC_00639	4.78984465566
ELDLJNFC_00640	0.0
ELDLJNFC_00641	14.6558833757
ELDLJNFC_00642	0.0
ELDLJNFC_00643	0.0
ELDLJNFC_00644	0.0
ELDLJNFC_00645	0.0
ELDLJNFC_00646	0.0
ELDLJNFC_00647	0.0
ELDLJNFC_00648	0.0
ELDLJNFC_00649	0.0
ELDLJNFC_00650	0.0
ELDLJNFC_00651	0.0
ELDLJNFC_00652	0.0
ELDLJNFC_00653	2.34800395397
ELDLJNFC_00654	0.0
ELDLJNFC_00655	0.0
ELDLJNFC_00656	0.992522098321
ELDLJNFC_00657	0.0
ELDLJNFC_00658	0.0
ELDLJNFC_00659	0.0
ELDLJNFC_00660	0.0
ELDLJNFC_00661	0.0
ELDLJNFC_00662	0.0
ELDLJNFC_00663	0.0
ELDLJNFC_00664	0.0
ELDLJNFC_00665	0.0
ELDLJNFC_00666	4.05211501298
ELDLJNFC_00667	10.7694989662
ELDLJNFC_00668	1.65305427532
ELDLJNFC_00669	1.74429659841
ELDLJNFC_00670	0.0
ELDLJNFC_00671	0.0
ELDLJNFC_00672	0.0
ELDLJNFC_00673	0.0
ELDLJNFC_00674	0.0
ELDLJNFC_00675	1.3800831838
ELDLJNFC_00676	0.0
ELDLJNFC_00677	2.55852233505
ELDLJNFC_00678	0.0
ELDLJNFC_00679	0.0
ELDLJNFC_00680	0.0
ELDLJNFC_00681	0.0
ELDLJNFC_00682	2.16357713506
ELDLJNFC_00683	0.0
ELDLJNFC_00684	4.78559457167
ELDLJNFC_00685	0.0
ELDLJNFC_00686	0.0
ELDLJNFC_00687	0.0
ELDLJNFC_00688	77.3362823518
ELDLJNFC_00689	0.0
ELDLJNFC_00690	2.38222839323
ELDLJNFC_00691	5.48849906609
ELDLJNFC_00692	0.550343375742
ELDLJNFC_00693	0.0
ELDLJNFC_00694	1.08649578612
ELDLJNFC_00695	0.0
ELDLJNFC_00696	0.0
ELDLJNFC_00697	0.0
ELDLJNFC_00698	0.0
ELDLJNFC_00699	0.0
ELDLJNFC_00700	0.0
ELDLJNFC_00701	0.0
ELDLJNFC_00702	0.0
ELDLJNFC_00703	0.0
ELDLJNFC_00704	4.15513488619
ELDLJNFC_00705	2.23976955244
ELDLJNFC_00706	2.38644472667
ELDLJNFC_00707	0.0
ELDLJNFC_00708	0.0
ELDLJNFC_00709	0.0
ELDLJNFC_00710	1.68753600822
ELDLJNFC_00711	0.0
ELDLJNFC_00712	0.0
ELDLJNFC_00713	0.0
ELDLJNFC_00714	0.0
ELDLJNFC_00715	0.0
ELDLJNFC_00716	0.0
ELDLJNFC_00717	1.88315819912
ELDLJNFC_00718	1.56238849429
ELDLJNFC_00720	25.8487180715
ELDLJNFC_00721	0.0
ELDLJNFC_00722	0.0
ELDLJNFC_00723	0.0
ELDLJNFC_00724	6.28109287532
ELDLJNFC_00725	0.0
ELDLJNFC_00726	0.0
ELDLJNFC_00727	3.18005016644
ELDLJNFC_00728	0.0
ELDLJNFC_00729	0.0
ELDLJNFC_00730	0.0
ELDLJNFC_00731	0.0
ELDLJNFC_00732	0.0
ELDLJNFC_00733	0.0
ELDLJNFC_00734	1.6673634838
ELDLJNFC_00735	0.0
ELDLJNFC_00736	2.01044921059
ELDLJNFC_00737	1.39724483997
ELDLJNFC_00738	4.13601616739
ELDLJNFC_00740	2.45301625937
ELDLJNFC_00741	0.0
ELDLJNFC_00742	0.0
ELDLJNFC_00743	0.0
ELDLJNFC_00744	0.0
ELDLJNFC_00746	0.0
ELDLJNFC_00747	0.0
ELDLJNFC_00748	0.557857373012
ELDLJNFC_00750	0.0
ELDLJNFC_00751	0.0
ELDLJNFC_00752	0.0
ELDLJNFC_00754	0.0
ELDLJNFC_00755	1.20927468212
ELDLJNFC_00756	3.71103101991
ELDLJNFC_00757	0.0
ELDLJNFC_00758	0.0
ELDLJNFC_00759	0.0
ELDLJNFC_00760	0.0
ELDLJNFC_00761	0.0
ELDLJNFC_00762	0.0
ELDLJNFC_00763	1.5189725166
ELDLJNFC_00764	0.0
ELDLJNFC_00766	1.98577506711
ELDLJNFC_00767	0.0
ELDLJNFC_00768	0.0
ELDLJNFC_00769	1.32710754977
ELDLJNFC_00770	0.0
ELDLJNFC_00771	0.0
ELDLJNFC_00772	0.0
ELDLJNFC_00773	0.0
ELDLJNFC_00774	0.0
ELDLJNFC_00775	2.72025811144
ELDLJNFC_00776	7.23359050734
ELDLJNFC_00777	20.1746823527
ELDLJNFC_00779	1.96838141689
ELDLJNFC_00780	6.65299969031
ELDLJNFC_00781	0.0
ELDLJNFC_00782	0.0
ELDLJNFC_00783	0.0
ELDLJNFC_00784	0.0
ELDLJNFC_00785	0.0
ELDLJNFC_00786	0.0
ELDLJNFC_00787	0.0
ELDLJNFC_00788	0.0
ELDLJNFC_00789	0.0
ELDLJNFC_00790	2.4574871274
ELDLJNFC_00791	0.0
ELDLJNFC_00792	0.0
ELDLJNFC_00793	0.0
ELDLJNFC_00794	0.822159311323
ELDLJNFC_00795	7.5151394551
ELDLJNFC_00796	36.7729437428
ELDLJNFC_00797	0.0
ELDLJNFC_00798	0.0
ELDLJNFC_00799	0.0
ELDLJNFC_00800	2.79738852815
ELDLJNFC_00801	0.0
ELDLJNFC_00802	6.5933558463
ELDLJNFC_00803	0.0
ELDLJNFC_00804	6.07908598092
ELDLJNFC_00805	1.21362850636
ELDLJNFC_00807	0.0
ELDLJNFC_00808	0.999511690563
ELDLJNFC_00809	1.59002508322
ELDLJNFC_00810	3.48708949285
ELDLJNFC_00811	0.0
ELDLJNFC_00812	2.89343620294
ELDLJNFC_00813	0.0
ELDLJNFC_00814	0.0
ELDLJNFC_00815	0.0
ELDLJNFC_00816	0.0
ELDLJNFC_00817	0.0
ELDLJNFC_00818	2.669982714
ELDLJNFC_00819	2.21493432537
ELDLJNFC_00820	0.0
ELDLJNFC_00821	23.0092366991
ELDLJNFC_00822	40.2489931513
ELDLJNFC_00823	0.0
ELDLJNFC_00824	5.52598881381
ELDLJNFC_00825	0.0
ELDLJNFC_00826	0.0
ELDLJNFC_00827	0.0
ELDLJNFC_00828	2.7629944069
ELDLJNFC_00829	0.0
ELDLJNFC_00830	0.0
ELDLJNFC_00831	7.46117699129
ELDLJNFC_00832	7.49673462588
ELDLJNFC_00833	0.0
ELDLJNFC_00834	0.0
ELDLJNFC_00835	0.0
ELDLJNFC_00836	0.0
ELDLJNFC_00837	0.0
ELDLJNFC_00838	0.0
ELDLJNFC_00839	0.0
ELDLJNFC_00840	3.93484806586
ELDLJNFC_00841	2.64900053157
ELDLJNFC_00842	13.6887438636
ELDLJNFC_00843	1.06588242733
ELDLJNFC_00844	0.0
ELDLJNFC_00845	0.0
ELDLJNFC_00846	0.0
ELDLJNFC_00847	0.0
ELDLJNFC_00848	0.477796339677
ELDLJNFC_00849	6.03622281172
ELDLJNFC_00850	4.16476068129
ELDLJNFC_00851	0.0
ELDLJNFC_00852	4.12968229883
ELDLJNFC_00853	0.0
ELDLJNFC_00854	2.18531810465
ELDLJNFC_00855	58.4595515911
ELDLJNFC_00856	3.15033007142
ELDLJNFC_00857	0.0
ELDLJNFC_00859	45.6609593619
ELDLJNFC_00860	2.2750415139
ELDLJNFC_00862	0.0
ELDLJNFC_00863	35.0568730348
ELDLJNFC_00864	8.04979863026
ELDLJNFC_00865	0.0
ELDLJNFC_00866	1.98285480966
ELDLJNFC_00867	9.52891357293
ELDLJNFC_00868	0.0
ELDLJNFC_00869	0.0
ELDLJNFC_00870	0.0
ELDLJNFC_00871	0.0
ELDLJNFC_00872	1.36333798844
ELDLJNFC_00873	9.64248822815
ELDLJNFC_00874	0.0
ELDLJNFC_00875	0.0
ELDLJNFC_00876	0.0
ELDLJNFC_00877	0.0
ELDLJNFC_00878	10.1125595293
ELDLJNFC_00879	0.0
ELDLJNFC_00880	0.0
ELDLJNFC_00881	3.90116823311
ELDLJNFC_00882	0.0
ELDLJNFC_00883	0.0
ELDLJNFC_00884	0.0
ELDLJNFC_00885	3.77898338164
ELDLJNFC_00886	0.99069894972
ELDLJNFC_00887	0.0
ELDLJNFC_00888	0.0
ELDLJNFC_00889	0.0
ELDLJNFC_00890	0.0
ELDLJNFC_00891	0.0
ELDLJNFC_00892	0.0
ELDLJNFC_00893	0.0
ELDLJNFC_00894	0.0
ELDLJNFC_00895	0.0
ELDLJNFC_00896	3.29936689372
ELDLJNFC_00897	242.328615448
ELDLJNFC_00898	0.0
ELDLJNFC_00899	0.0
ELDLJNFC_00900	0.0
ELDLJNFC_00901	0.0
ELDLJNFC_00902	20.8980358117
ELDLJNFC_00903	0.0
ELDLJNFC_00904	0.0
ELDLJNFC_00905	0.0
ELDLJNFC_00906	0.0
ELDLJNFC_00907	0.0
ELDLJNFC_00908	0.0
ELDLJNFC_00909	4.43168864608
ELDLJNFC_00910	0.0
ELDLJNFC_00911	4.49947031336
ELDLJNFC_00912	0.0
ELDLJNFC_00913	20.7970375923
ELDLJNFC_00914	8.23833770205
ELDLJNFC_00915	2.69668254114
ELDLJNFC_00916	1.20602975901
ELDLJNFC_00917	2.50621054009
ELDLJNFC_00918	0.0
ELDLJNFC_00919	0.0
ELDLJNFC_00920	0.0
ELDLJNFC_00921	9.19025208762
ELDLJNFC_00922	0.0
ELDLJNFC_00923	0.0
ELDLJNFC_00924	18.843278626
ELDLJNFC_00925	0.0
ELDLJNFC_00926	7.53263279647
ELDLJNFC_00927	9.84190708444
ELDLJNFC_00928	0.0
ELDLJNFC_00929	26.3090979623
ELDLJNFC_00930	4.21356647053
ELDLJNFC_00931	11.7247067006
ELDLJNFC_00932	2.30801313004
ELDLJNFC_00933	0.0
ELDLJNFC_00934	0.0
ELDLJNFC_00935	0.0
ELDLJNFC_00936	0.0
ELDLJNFC_00937	0.0
ELDLJNFC_00938	0.0
ELDLJNFC_00939	2.68772346293
ELDLJNFC_00940	0.0
ELDLJNFC_00941	0.0
ELDLJNFC_00942	4.62817369761
ELDLJNFC_00943	0.0
ELDLJNFC_00944	1.76369034738
ELDLJNFC_00945	0.0
ELDLJNFC_00947	0.0
ELDLJNFC_00948	5.13327894887
ELDLJNFC_00949	12.0602975901
ELDLJNFC_00950	12.4148489234
ELDLJNFC_00951	0.0
ELDLJNFC_00952	4.50197419222
ELDLJNFC_00953	0.0
ELDLJNFC_00954	0.0
ELDLJNFC_00955	0.0
ELDLJNFC_00956	6.27135474683
ELDLJNFC_00957	3.26474883915
ELDLJNFC_00958	19.3850981392
ELDLJNFC_00959	11.6571291404
ELDLJNFC_00960	5.01242108018
ELDLJNFC_00961	21.2723744143
ELDLJNFC_00962	0.0
ELDLJNFC_00963	0.0
ELDLJNFC_00964	1.80339893522
ELDLJNFC_00965	25.2616631488
ELDLJNFC_00966	1.8818440622
ELDLJNFC_00967	0.0
ELDLJNFC_00968	5.1267728919
ELDLJNFC_00969	1.79539450142
ELDLJNFC_00970	0.0
ELDLJNFC_00971	0.0
ELDLJNFC_00972	0.0
ELDLJNFC_00973	0.0
ELDLJNFC_00974	0.0
ELDLJNFC_00975	2.36966831383
ELDLJNFC_00976	29.2155363945
ELDLJNFC_00977	0.0
ELDLJNFC_00978	0.0
ELDLJNFC_00983	0.0
ELDLJNFC_00984	2.69848152882
ELDLJNFC_00985	5.64947459736
ELDLJNFC_00986	0.656286819454
ELDLJNFC_00987	0.0
ELDLJNFC_00988	3.19512149424
ELDLJNFC_00989	0.0
ELDLJNFC_00990	0.0
ELDLJNFC_00991	0.0
ELDLJNFC_00992	1.24385726067
ELDLJNFC_00993	0.0
ELDLJNFC_00994	0.0
ELDLJNFC_00995	0.0
ELDLJNFC_00996	0.0
ELDLJNFC_00997	0.0
ELDLJNFC_00998	0.0
ELDLJNFC_00999	0.0
ELDLJNFC_01000	0.0
ELDLJNFC_01001	2.74611256735
ELDLJNFC_01002	0.0
ELDLJNFC_01003	0.0
ELDLJNFC_01004	1.45060922062
ELDLJNFC_01006	0.0
ELDLJNFC_01007	0.0
ELDLJNFC_01008	8.34025528187
ELDLJNFC_01009	0.0
ELDLJNFC_01010	0.0
ELDLJNFC_01011	0.0
ELDLJNFC_01012	0.0
ELDLJNFC_01013	0.0
ELDLJNFC_01014	0.0
ELDLJNFC_01015	0.0
ELDLJNFC_01016	0.0
ELDLJNFC_01017	0.0
ELDLJNFC_01018	2.04449017524
ELDLJNFC_01019	0.0
ELDLJNFC_01020	0.0
ELDLJNFC_01021	0.0
ELDLJNFC_01022	2.81490870682
ELDLJNFC_01023	20.6800808369
ELDLJNFC_01024	34.4152739981
ELDLJNFC_01025	0.721810102018
ELDLJNFC_01026	0.0
ELDLJNFC_01027	0.0
ELDLJNFC_01028	29.1170041817
ELDLJNFC_01029	0.0
ELDLJNFC_01030	0.0
ELDLJNFC_01031	0.0
ELDLJNFC_01033	7.14163808564
ELDLJNFC_01034	3.84690804727
ELDLJNFC_01035	0.0
ELDLJNFC_01036	0.0
ELDLJNFC_01037	0.0
ELDLJNFC_01038	0.0
ELDLJNFC_01039	0.0
ELDLJNFC_01040	0.0
ELDLJNFC_01041	258.193009258
ELDLJNFC_01042	7.40846851961
ELDLJNFC_01043	0.0
ELDLJNFC_01044	0.0
ELDLJNFC_01045	0.0
ELDLJNFC_01046	1.2461564423
ELDLJNFC_01047	0.0
ELDLJNFC_01048	1.36748607563
ELDLJNFC_01049	1.22520787875
ELDLJNFC_01050	0.0
ELDLJNFC_01051	0.0
ELDLJNFC_01052	0.0
ELDLJNFC_01053	0.0
ELDLJNFC_01054	0.0
ELDLJNFC_01055	0.0
ELDLJNFC_01056	14.6558833757
ELDLJNFC_01057	4.9269473955
ELDLJNFC_01058	26.4057041972
ELDLJNFC_01059	18.5978106285
ELDLJNFC_01060	3.61485595327
ELDLJNFC_01061	0.0
ELDLJNFC_01062	1.80621737518
ELDLJNFC_01063	0.0
ELDLJNFC_01064	0.0
ELDLJNFC_01065	0.0
ELDLJNFC_01066	3.78292140039
ELDLJNFC_01067	72.597569717
ELDLJNFC_01068	1.07295061318
ELDLJNFC_01069	0.0
ELDLJNFC_01070	0.0
ELDLJNFC_01071	0.0
ELDLJNFC_01072	0.842186927276
ELDLJNFC_01073	3.5482665015
ELDLJNFC_01074	0.0
ELDLJNFC_01075	0.0
ELDLJNFC_01076	0.0
ELDLJNFC_01077	5.27382504786
ELDLJNFC_01078	1.58441982441
ELDLJNFC_01079	0.605180103487
ELDLJNFC_01080	0.0
ELDLJNFC_01081	0.0
ELDLJNFC_01082	1.83697720786
ELDLJNFC_01083	0.0
ELDLJNFC_01084	0.0
ELDLJNFC_01085	0.0
ELDLJNFC_01086	0.0
ELDLJNFC_01087	0.0
ELDLJNFC_01088	0.0
ELDLJNFC_01089	0.0
ELDLJNFC_01090	0.0
ELDLJNFC_01091	0.766102994641
ELDLJNFC_01092	0.0
ELDLJNFC_01093	2.26611978247
ELDLJNFC_01094	1.03242057471
ELDLJNFC_01095	0.415513488619
ELDLJNFC_01096	0.0
ELDLJNFC_01097	0.0
ELDLJNFC_01098	0.759628884828
ELDLJNFC_01099	1.73086170805
ELDLJNFC_01100	0.0
ELDLJNFC_01101	0.0
ELDLJNFC_01102	2.86881121398
ELDLJNFC_01103	0.0
ELDLJNFC_01104	1.99164146317
ELDLJNFC_01105	0.0
ELDLJNFC_01106	0.0
ELDLJNFC_01108	0.0
ELDLJNFC_01109	0.0
ELDLJNFC_01110	0.0
ELDLJNFC_01111	0.0
ELDLJNFC_01112	0.0
ELDLJNFC_01113	0.0
ELDLJNFC_01114	0.0
ELDLJNFC_01115	0.0
ELDLJNFC_01116	0.0
ELDLJNFC_01117	0.0
ELDLJNFC_01118	0.942895993405
ELDLJNFC_01119	0.0
ELDLJNFC_01120	6.52002548631
ELDLJNFC_01121	0.0
ELDLJNFC_01122	0.0
ELDLJNFC_01123	0.0
ELDLJNFC_01124	0.0
ELDLJNFC_01125	0.0
ELDLJNFC_01126	8.62938413164
ELDLJNFC_01127	0.0
ELDLJNFC_01128	0.0
ELDLJNFC_01129	1.76311378956
ELDLJNFC_01130	0.0
ELDLJNFC_01131	0.0
ELDLJNFC_01132	0.0
ELDLJNFC_01133	0.0
ELDLJNFC_01134	0.0
ELDLJNFC_01135	5.52598881381
ELDLJNFC_01136	14.0745435341
ELDLJNFC_01137	0.3819663656
ELDLJNFC_01138	0.0
ELDLJNFC_01139	0.0
ELDLJNFC_01140	2.2853241874
ELDLJNFC_01141	0.0
ELDLJNFC_01142	0.0
ELDLJNFC_01143	0.0
ELDLJNFC_01144	0.0
ELDLJNFC_01145	0.0
ELDLJNFC_01146	0.0
ELDLJNFC_01147	0.0
ELDLJNFC_01148	0.0
ELDLJNFC_01149	0.0
ELDLJNFC_01150	1.02457543356
ELDLJNFC_01151	2.11670529132
ELDLJNFC_01152	0.0
ELDLJNFC_01153	4.09001396533
ELDLJNFC_01154	0.0
ELDLJNFC_01155	0.0
ELDLJNFC_01156	13.8799836676
ELDLJNFC_01157	47.2181767904
ELDLJNFC_01158	1.83572671282
ELDLJNFC_01159	0.0
ELDLJNFC_01160	2.94397657329
ELDLJNFC_01162	9.81121506651
ELDLJNFC_01163	1.63633649341
ELDLJNFC_01164	0.0
ELDLJNFC_01165	0.0
ELDLJNFC_01166	0.0
ELDLJNFC_01167	0.0
ELDLJNFC_01168	1.71000795253
ELDLJNFC_01169	0.0
ELDLJNFC_01170	58.4963674867
ELDLJNFC_01171	5.71331046851
ELDLJNFC_01172	0.0
ELDLJNFC_01173	0.0
ELDLJNFC_01174	2.39407185825
ELDLJNFC_01175	0.0
ELDLJNFC_01176	0.0
ELDLJNFC_01177	0.0
ELDLJNFC_01178	0.0
ELDLJNFC_01179	10.1761605326
ELDLJNFC_01180	0.0
ELDLJNFC_01181	451.763827768
ELDLJNFC_01182	89.3713234095
ELDLJNFC_01183	1.37165948176
ELDLJNFC_01184	0.0
ELDLJNFC_01185	0.0
ELDLJNFC_01186	0.0
ELDLJNFC_01187	2.54404013315
ELDLJNFC_01188	3.61243475035
ELDLJNFC_01189	0.0
ELDLJNFC_01190	0.0
ELDLJNFC_01191	0.0
ELDLJNFC_01192	0.0
ELDLJNFC_01193	0.0
ELDLJNFC_01194	0.0
ELDLJNFC_01195	0.0
ELDLJNFC_01196	3.51588336524
ELDLJNFC_01197	1.9152574866
ELDLJNFC_01198	0.0
ELDLJNFC_01199	0.0
ELDLJNFC_01200	1.99017161708
ELDLJNFC_01201	2.66207555887
ELDLJNFC_01202	1.80742797663
ELDLJNFC_01203	10.1597297029
ELDLJNFC_01204	16.5440646696
ELDLJNFC_01205	0.839042483241
ELDLJNFC_01206	1.3800831838
ELDLJNFC_01207	1.69816280928
ELDLJNFC_01208	0.0
ELDLJNFC_01209	0.0
ELDLJNFC_01210	0.0
ELDLJNFC_01211	0.0
ELDLJNFC_01212	0.0
ELDLJNFC_01213	0.0
ELDLJNFC_01214	0.0
ELDLJNFC_01215	1.94847004417
ELDLJNFC_01216	9.9142740483
ELDLJNFC_01217	0.0
ELDLJNFC_01218	0.0
ELDLJNFC_01219	36.3898922455
ELDLJNFC_01220	0.0
ELDLJNFC_01221	0.0
ELDLJNFC_01222	0.0
ELDLJNFC_01223	0.0
ELDLJNFC_01224	0.0
ELDLJNFC_01225	0.0
ELDLJNFC_01226	0.0
ELDLJNFC_01227	0.0
ELDLJNFC_01228	0.0
ELDLJNFC_01229	4.12757531807
ELDLJNFC_01230	0.0
ELDLJNFC_01231	0.0
ELDLJNFC_01232	0.0
ELDLJNFC_01233	0.0
ELDLJNFC_01234	0.0
ELDLJNFC_01235	1.78904193353
ELDLJNFC_01236	0.361388708274
ELDLJNFC_01237	0.0
ELDLJNFC_01238	3.2490151098
ELDLJNFC_01239	0.0
ELDLJNFC_01240	0.0
ELDLJNFC_01241	4.02489931513
ELDLJNFC_01242	0.0
ELDLJNFC_01243	0.929249669586
ELDLJNFC_01244	2.01244965757
ELDLJNFC_01245	0.0
ELDLJNFC_01246	0.953565254999
ELDLJNFC_01247	0.0
ELDLJNFC_01248	0.0
ELDLJNFC_01249	0.0
ELDLJNFC_01250	0.0
ELDLJNFC_01251	0.0
ELDLJNFC_01252	0.0
ELDLJNFC_01253	6.11030787267
ELDLJNFC_01254	0.0
ELDLJNFC_01255	0.0
ELDLJNFC_01256	0.0
ELDLJNFC_01257	2.98967022299
ELDLJNFC_01258	5.00312159766
ELDLJNFC_01259	1.96074833335
ELDLJNFC_01260	1.61284840977
ELDLJNFC_01262	0.0
ELDLJNFC_01263	0.0
ELDLJNFC_01264	7.32794168787
ELDLJNFC_01265	0.0
ELDLJNFC_01266	0.0
ELDLJNFC_01267	7.59628884828
ELDLJNFC_01268	0.0
ELDLJNFC_01269	0.0
ELDLJNFC_01270	13.1119086279
ELDLJNFC_01271	56.2459857943
ELDLJNFC_01272	3.43964609839
ELDLJNFC_01273	23.7070992628
ELDLJNFC_01274	6.27622003368
ELDLJNFC_01275	0.0
ELDLJNFC_01276	0.0
ELDLJNFC_01277	0.0
ELDLJNFC_01278	0.0
ELDLJNFC_01279	9.00896171872
ELDLJNFC_01280	0.0
ELDLJNFC_01281	0.0
ELDLJNFC_01282	0.0
ELDLJNFC_01283	2.88724040807
ELDLJNFC_01284	0.0
ELDLJNFC_01285	0.0
ELDLJNFC_01286	1.90713051
ELDLJNFC_01287	0.0
ELDLJNFC_01288	1.61284840977
ELDLJNFC_01289	0.0
ELDLJNFC_01290	0.0
ELDLJNFC_01291	28.961984332
ELDLJNFC_01292	15.3220598928
ELDLJNFC_01293	1.52930956964
ELDLJNFC_01294	8.29626917139
ELDLJNFC_01295	0.0
ELDLJNFC_01296	3.701691889
ELDLJNFC_01297	3.64745158855
ELDLJNFC_01298	0.0
ELDLJNFC_01299	2.53130401233
ELDLJNFC_01300	0.0
ELDLJNFC_01301	0.0
ELDLJNFC_01302	0.0
ELDLJNFC_01303	0.0
ELDLJNFC_01304	2.90590791071
ELDLJNFC_01305	0.0
ELDLJNFC_01306	3.20271085646
ELDLJNFC_01308	8.1966034685
ELDLJNFC_01309	0.0
ELDLJNFC_01310	0.0
ELDLJNFC_01311	0.0
ELDLJNFC_01312	0.0
ELDLJNFC_01313	4.52463513614
ELDLJNFC_01314	0.0
ELDLJNFC_01315	0.0
ELDLJNFC_01316	0.552372499209
ELDLJNFC_01317	1.08912865151
ELDLJNFC_01318	2.87084727587
ELDLJNFC_01319	0.0
ELDLJNFC_01320	0.0
ELDLJNFC_01321	0.963100907549
ELDLJNFC_01322	0.0
ELDLJNFC_01323	4.08175964854
ELDLJNFC_01324	0.0
ELDLJNFC_01325	2.68059894745
ELDLJNFC_01326	1.40306063535
ELDLJNFC_01327	0.0
ELDLJNFC_01328	0.0
ELDLJNFC_01329	0.0
ELDLJNFC_01330	0.0
ELDLJNFC_01331	3.08192290416
ELDLJNFC_01332	0.0
ELDLJNFC_01333	0.0
ELDLJNFC_01334	0.0
ELDLJNFC_01335	0.0
ELDLJNFC_01336	7.1530040879
ELDLJNFC_01337	0.0
ELDLJNFC_01338	0.0
ELDLJNFC_01339	0.0
ELDLJNFC_01340	0.0
ELDLJNFC_01341	0.0
ELDLJNFC_01342	0.0
ELDLJNFC_01343	0.0
ELDLJNFC_01344	2.77722197851
ELDLJNFC_01345	0.0
ELDLJNFC_01346	0.0
ELDLJNFC_01347	0.0
ELDLJNFC_01348	46.8674773192
ELDLJNFC_01349	0.0
ELDLJNFC_01350	0.0
ELDLJNFC_01351	0.0
ELDLJNFC_01352	0.0
ELDLJNFC_01353	0.0
ELDLJNFC_01354	0.0
ELDLJNFC_01355	0.0
ELDLJNFC_01356	0.0
ELDLJNFC_01357	1.9741453449
ELDLJNFC_01358	3.09489197529
ELDLJNFC_01360	0.0
ELDLJNFC_01361	10.5890675699
ELDLJNFC_01362	0.0
ELDLJNFC_01363	0.0
ELDLJNFC_01364	0.0
ELDLJNFC_01365	0.0
ELDLJNFC_01366	0.0
ELDLJNFC_01367	0.0
ELDLJNFC_01368	0.0
ELDLJNFC_01369	0.0
ELDLJNFC_01370	0.0
ELDLJNFC_01371	0.0
ELDLJNFC_01372	1.42080218184
ELDLJNFC_01373	0.0
ELDLJNFC_01374	0.0
ELDLJNFC_01375	0.0
ELDLJNFC_01376	0.0
ELDLJNFC_01377	3.84690804727
ELDLJNFC_01378	0.0
ELDLJNFC_01379	2.33277036431
ELDLJNFC_01380	0.0
ELDLJNFC_01381	0.0
ELDLJNFC_01382	0.0
ELDLJNFC_01383	2.14192417882
ELDLJNFC_01384	0.0
ELDLJNFC_01385	0.0
ELDLJNFC_01386	1.0812680598
ELDLJNFC_01387	2.9488054031
ELDLJNFC_01388	2.93969753758
ELDLJNFC_01389	0.880118322826
ELDLJNFC_01390	0.0
ELDLJNFC_01391	0.0
ELDLJNFC_01392	0.0
ELDLJNFC_01393	0.0
ELDLJNFC_01394	0.0
ELDLJNFC_01395	1.85849933917
ELDLJNFC_01396	0.0
ELDLJNFC_01397	0.0
ELDLJNFC_01398	0.0
ELDLJNFC_01399	0.0
ELDLJNFC_01400	11.2478938108
ELDLJNFC_01401	28.2079763717
ELDLJNFC_01402	0.0
ELDLJNFC_01403	0.0
ELDLJNFC_01404	5.32941213664
ELDLJNFC_01405	0.0
ELDLJNFC_01406	0.0
ELDLJNFC_01407	19.8610007121
ELDLJNFC_01408	1.95553483766
ELDLJNFC_01409	0.0
ELDLJNFC_01410	3.57018871289
ELDLJNFC_01411	1.74655604996
ELDLJNFC_01412	1.26723803625
ELDLJNFC_01413	0.0
ELDLJNFC_01414	0.0
ELDLJNFC_01415	0.0
ELDLJNFC_01416	4.15016122952
ELDLJNFC_01417	0.0
ELDLJNFC_01418	2.73497215126
ELDLJNFC_01419	4.24451606685
ELDLJNFC_01420	0.0
ELDLJNFC_01421	2.72943577038
ELDLJNFC_01422	1.36748607563
ELDLJNFC_01423	5.41019680567
ELDLJNFC_01424	3.69206262478
ELDLJNFC_01425	0.0
ELDLJNFC_01426	0.0
ELDLJNFC_01427	5.37902102621
ELDLJNFC_01428	0.924154400664
ELDLJNFC_01429	0.0
ELDLJNFC_01430	0.0
ELDLJNFC_01431	1.07352011988
ELDLJNFC_01432	0.0
ELDLJNFC_01433	3.83051497321
ELDLJNFC_01434	3.98917535671
ELDLJNFC_01435	6.21833022553
ELDLJNFC_01436	9.45540862952
ELDLJNFC_01437	0.0
ELDLJNFC_01438	0.0
ELDLJNFC_01439	6.13812414523
ELDLJNFC_01440	7.83919343354
