FPHPIGEG_00002	10.4793645593
FPHPIGEG_00003	0.0
FPHPIGEG_00004	0.0
FPHPIGEG_00005	0.0
FPHPIGEG_00006	0.0
FPHPIGEG_00007	0.0
FPHPIGEG_00008	2.30880977162
FPHPIGEG_00009	3.42219519449
FPHPIGEG_00010	0.0
FPHPIGEG_00011	0.0
FPHPIGEG_00012	0.0
FPHPIGEG_00013	0.0
FPHPIGEG_00014	0.0
FPHPIGEG_00015	0.0
FPHPIGEG_00016	3.38355058125
FPHPIGEG_00017	0.0
FPHPIGEG_00018	0.0
FPHPIGEG_00019	0.828900557353
FPHPIGEG_00020	6.22313033828
FPHPIGEG_00021	0.0
FPHPIGEG_00022	0.0
FPHPIGEG_00023	0.0
FPHPIGEG_00024	3.40777988196
FPHPIGEG_00025	0.0
FPHPIGEG_00026	0.0
FPHPIGEG_00027	0.0
FPHPIGEG_00028	0.0
FPHPIGEG_00029	0.0
FPHPIGEG_00030	0.0
FPHPIGEG_00031	0.0
FPHPIGEG_00032	0.0
FPHPIGEG_00033	0.0
FPHPIGEG_00034	0.0
FPHPIGEG_00035	39.9665416941
FPHPIGEG_00036	0.0
FPHPIGEG_00037	0.0
FPHPIGEG_00039	1.81473069533
FPHPIGEG_00040	0.0
FPHPIGEG_00041	1.80622224598
FPHPIGEG_00042	3.50674878187
FPHPIGEG_00043	2.62323911795
FPHPIGEG_00044	0.0
FPHPIGEG_00045	0.0
FPHPIGEG_00046	0.954918489113
FPHPIGEG_00047	0.0
FPHPIGEG_00048	0.0
FPHPIGEG_00049	0.0
FPHPIGEG_00050	0.0
FPHPIGEG_00051	1.72422622331
FPHPIGEG_00052	0.0
FPHPIGEG_00053	0.0
FPHPIGEG_00054	0.0
FPHPIGEG_00055	0.0
FPHPIGEG_00056	2.53607192469
FPHPIGEG_00057	66.6878470047
FPHPIGEG_00058	48.3074044524
FPHPIGEG_00059	0.895910236962
FPHPIGEG_00060	0.99729652857
FPHPIGEG_00061	0.0
FPHPIGEG_00062	15.8628812544
FPHPIGEG_00063	0.894721238638
FPHPIGEG_00064	3.98413438007
FPHPIGEG_00066	0.0
FPHPIGEG_00067	0.0
FPHPIGEG_00068	1.35104700063
FPHPIGEG_00069	0.0
FPHPIGEG_00070	1.24271419966
FPHPIGEG_00071	8.4535730823
FPHPIGEG_00072	0.0
FPHPIGEG_00073	12.85498322
FPHPIGEG_00074	0.0
FPHPIGEG_00075	3.28464045463
FPHPIGEG_00076	0.0
FPHPIGEG_00077	0.0
FPHPIGEG_00078	17.7413803504
FPHPIGEG_00079	0.0
FPHPIGEG_00080	0.0
FPHPIGEG_00081	0.0
FPHPIGEG_00082	0.0
FPHPIGEG_00083	7.2104005702
FPHPIGEG_00084	20.9587291186
FPHPIGEG_00085	0.0
FPHPIGEG_00087	6.11032435027
FPHPIGEG_00088	0.0
FPHPIGEG_00089	5.86236915925
FPHPIGEG_00090	0.0
FPHPIGEG_00091	0.0
FPHPIGEG_00092	6.07753660424
FPHPIGEG_00093	0.0
FPHPIGEG_00094	0.0
FPHPIGEG_00095	0.0
FPHPIGEG_00096	0.0
FPHPIGEG_00097	0.0
FPHPIGEG_00098	8.12255967848
FPHPIGEG_00099	0.0
FPHPIGEG_00100	3.88432094095
FPHPIGEG_00101	4.67094078508
FPHPIGEG_00102	7.89429102241
FPHPIGEG_00103	0.0
FPHPIGEG_00104	4.08235914636
FPHPIGEG_00105	11.251835104
FPHPIGEG_00106	0.0
FPHPIGEG_00107	0.0
FPHPIGEG_00108	0.0
FPHPIGEG_00109	0.0
FPHPIGEG_00110	0.0
FPHPIGEG_00111	3.6773042908
FPHPIGEG_00112	0.0
FPHPIGEG_00113	6.45965301802
FPHPIGEG_00114	1.99262794083
FPHPIGEG_00115	0.0
FPHPIGEG_00116	0.0
FPHPIGEG_00117	0.0
FPHPIGEG_00118	0.0
FPHPIGEG_00119	1.00174212974
FPHPIGEG_00120	0.0
FPHPIGEG_00121	5.69265038986
FPHPIGEG_00122	0.0
FPHPIGEG_00123	0.0
FPHPIGEG_00124	4.07354956685
FPHPIGEG_00125	0.0
FPHPIGEG_00126	13.6887807779
FPHPIGEG_00127	0.0
FPHPIGEG_00128	0.0
FPHPIGEG_00129	0.0
FPHPIGEG_00130	1.41484250433
FPHPIGEG_00131	4.62951040902
FPHPIGEG_00132	0.0
FPHPIGEG_00133	0.0
FPHPIGEG_00134	55.4114345189
FPHPIGEG_00135	27.6300185784
FPHPIGEG_00136	24.8542839931
FPHPIGEG_00137	13.0907272488
FPHPIGEG_00139	0.631543281793
FPHPIGEG_00140	0.0
FPHPIGEG_00141	0.0
FPHPIGEG_00142	0.0
FPHPIGEG_00143	0.0
FPHPIGEG_00144	19.2620700947
FPHPIGEG_00146	1.04603949312
FPHPIGEG_00147	0.0
FPHPIGEG_00148	0.0
FPHPIGEG_00149	0.0
FPHPIGEG_00150	0.0
FPHPIGEG_00151	0.0
FPHPIGEG_00152	0.0
FPHPIGEG_00153	0.0
FPHPIGEG_00154	0.0
FPHPIGEG_00155	7.77144038402
FPHPIGEG_00156	0.0
FPHPIGEG_00157	0.0
FPHPIGEG_00158	0.0
FPHPIGEG_00159	7.09966602875
FPHPIGEG_00160	0.0
FPHPIGEG_00161	0.0
FPHPIGEG_00162	0.0
FPHPIGEG_00163	0.0
FPHPIGEG_00164	0.0
FPHPIGEG_00165	0.0
FPHPIGEG_00166	0.0
FPHPIGEG_00167	3.31614585988
FPHPIGEG_00168	0.0
FPHPIGEG_00169	2.71843731175
FPHPIGEG_00170	4.72440401761
FPHPIGEG_00171	0.0
FPHPIGEG_00172	1.16236629882
FPHPIGEG_00173	0.0
FPHPIGEG_00174	0.0
FPHPIGEG_00175	0.0
FPHPIGEG_00177	0.0
FPHPIGEG_00178	0.0
FPHPIGEG_00179	2.11118722332
FPHPIGEG_00180	0.0
FPHPIGEG_00181	0.0
FPHPIGEG_00182	0.0
FPHPIGEG_00183	0.0
FPHPIGEG_00184	0.0
FPHPIGEG_00185	0.0
FPHPIGEG_00186	0.0
FPHPIGEG_00187	0.0
FPHPIGEG_00188	0.0
FPHPIGEG_00189	0.0
FPHPIGEG_00190	18.5658506937
FPHPIGEG_00191	0.0
FPHPIGEG_00192	0.0
FPHPIGEG_00193	0.0
FPHPIGEG_00194	0.0
FPHPIGEG_00195	2.86577025851
FPHPIGEG_00196	3.06442024233
FPHPIGEG_00197	44.1276514896
FPHPIGEG_00198	4.09002499482
FPHPIGEG_00199	0.0
FPHPIGEG_00200	0.0
FPHPIGEG_00201	0.0
FPHPIGEG_00202	1.32255508252
FPHPIGEG_00203	0.0
FPHPIGEG_00204	6.98624303952
FPHPIGEG_00205	19.8961223452
FPHPIGEG_00206	0.0
FPHPIGEG_00207	0.0
FPHPIGEG_00208	17.0353115177
FPHPIGEG_00209	15.6683075012
FPHPIGEG_00210	12.4372563281
FPHPIGEG_00211	13.7820603744
FPHPIGEG_00213	0.0
FPHPIGEG_00214	0.0
FPHPIGEG_00215	0.0
FPHPIGEG_00216	0.0
FPHPIGEG_00217	0.0
FPHPIGEG_00218	0.0
FPHPIGEG_00220	0.0
FPHPIGEG_00221	0.0
FPHPIGEG_00222	0.0
FPHPIGEG_00223	0.0
FPHPIGEG_00224	0.0
FPHPIGEG_00225	0.0
FPHPIGEG_00227	6.84439038897
FPHPIGEG_00228	1.3002361684
FPHPIGEG_00229	0.0
FPHPIGEG_00230	1.12175117024
FPHPIGEG_00231	86.1763697143
FPHPIGEG_00232	0.0
FPHPIGEG_00233	0.0
FPHPIGEG_00234	0.0
FPHPIGEG_00236	0.0
FPHPIGEG_00237	0.0
FPHPIGEG_00238	0.0
FPHPIGEG_00239	0.0
FPHPIGEG_00240	0.0
FPHPIGEG_00241	0.0
FPHPIGEG_00242	6.0015351927
FPHPIGEG_00243	6.90043452726
FPHPIGEG_00244	0.0
FPHPIGEG_00245	2.66208273766
FPHPIGEG_00246	2.54404699364
FPHPIGEG_00247	1.08913158855
FPHPIGEG_00248	0.0
FPHPIGEG_00249	2.11173830325
FPHPIGEG_00250	0.0
FPHPIGEG_00251	1.3972486079
FPHPIGEG_00252	2.13120901996
FPHPIGEG_00253	0.0
FPHPIGEG_00254	0.0
FPHPIGEG_00255	6.0059906754
FPHPIGEG_00256	0.0
FPHPIGEG_00257	0.0
FPHPIGEG_00258	0.0
FPHPIGEG_00259	0.0
FPHPIGEG_00261	2.1447692046
FPHPIGEG_00262	0.0
FPHPIGEG_00263	0.0
FPHPIGEG_00264	0.0
FPHPIGEG_00265	0.0
FPHPIGEG_00266	0.0
FPHPIGEG_00267	0.0
FPHPIGEG_00268	0.0
FPHPIGEG_00269	4.52971413201
FPHPIGEG_00270	0.0
FPHPIGEG_00271	0.0
FPHPIGEG_00272	0.0
FPHPIGEG_00273	0.0
FPHPIGEG_00274	0.0
FPHPIGEG_00275	0.0
FPHPIGEG_00276	0.0
FPHPIGEG_00277	0.0
FPHPIGEG_00278	0.880695562787
FPHPIGEG_00279	0.0
FPHPIGEG_00280	0.0
FPHPIGEG_00281	0.0
FPHPIGEG_00282	1.23192773561
FPHPIGEG_00283	1.73643902978
FPHPIGEG_00284	0.0
FPHPIGEG_00285	2.24849067253
FPHPIGEG_00286	1.62712579239
FPHPIGEG_00287	0.0
FPHPIGEG_00288	0.0
FPHPIGEG_00289	0.0
FPHPIGEG_00290	0.0
FPHPIGEG_00291	0.0
FPHPIGEG_00292	0.0
FPHPIGEG_00293	0.0
FPHPIGEG_00294	0.0
FPHPIGEG_00295	0.0
FPHPIGEG_00296	0.0
FPHPIGEG_00298	0.0
FPHPIGEG_00299	0.0
FPHPIGEG_00300	0.0
FPHPIGEG_00301	17.0676570459
FPHPIGEG_00302	6.55597199332
FPHPIGEG_00303	0.0
FPHPIGEG_00304	0.0
FPHPIGEG_00306	0.0
FPHPIGEG_00307	3.54827607007
FPHPIGEG_00308	12.2022163496
FPHPIGEG_00309	7.0593974169
FPHPIGEG_00310	3.97351151265
FPHPIGEG_00311	0.0
FPHPIGEG_00312	0.0
FPHPIGEG_00313	0.0
FPHPIGEG_00314	0.0
FPHPIGEG_00315	7.86665639806
FPHPIGEG_00316	1.06085358507
FPHPIGEG_00317	0.0
FPHPIGEG_00318	5.04242672635
FPHPIGEG_00319	0.0
FPHPIGEG_00320	0.0
FPHPIGEG_00321	1.41484250433
FPHPIGEG_00322	0.0
FPHPIGEG_00323	0.0
FPHPIGEG_00324	0.0
FPHPIGEG_00325	0.0
FPHPIGEG_00326	1032.22576584
FPHPIGEG_00327	0.0
FPHPIGEG_00328	4.13349143663
FPHPIGEG_00329	0.0
FPHPIGEG_00330	0.0
FPHPIGEG_00331	0.0
FPHPIGEG_00332	0.563336079644
FPHPIGEG_00333	0.0
FPHPIGEG_00334	0.0
FPHPIGEG_00335	0.790354575983
FPHPIGEG_00336	0.0
FPHPIGEG_00337	1.90309796278
FPHPIGEG_00338	0.0
FPHPIGEG_00339	1.57241388528
FPHPIGEG_00340	0.0
FPHPIGEG_00341	0.0
FPHPIGEG_00342	14.8169769959
FPHPIGEG_00343	0.0
FPHPIGEG_00344	0.0
FPHPIGEG_00345	1.17759380491
FPHPIGEG_00346	2.94077406026
FPHPIGEG_00347	0.0
FPHPIGEG_00348	0.0
FPHPIGEG_00349	0.0
FPHPIGEG_00350	3.30882185675
FPHPIGEG_00351	0.0
FPHPIGEG_00352	0.93797906548
FPHPIGEG_00353	0.0
FPHPIGEG_00354	0.533364282685
FPHPIGEG_00355	6.96491851275
FPHPIGEG_00356	7.55073147711
FPHPIGEG_00357	5.53007165406
FPHPIGEG_00358	0.0
FPHPIGEG_00359	0.0
FPHPIGEG_00360	0.0
FPHPIGEG_00361	7.79390119438
FPHPIGEG_00362	12.9787210264
FPHPIGEG_00364	3.45951226845
FPHPIGEG_00365	0.0
FPHPIGEG_00366	3.42467864528
FPHPIGEG_00367	0.294591415038
FPHPIGEG_00368	0.0
FPHPIGEG_00369	0.0
FPHPIGEG_00370	0.340577142366
FPHPIGEG_00371	0.0
FPHPIGEG_00372	8.8980086227
FPHPIGEG_00373	0.0
FPHPIGEG_00375	5.69522663834
FPHPIGEG_00376	2.85062348124
FPHPIGEG_00377	0.0
FPHPIGEG_00378	0.0
FPHPIGEG_00379	0.986353260152
FPHPIGEG_00380	1.59567444571
FPHPIGEG_00381	0.71950101741
FPHPIGEG_00382	0.0
FPHPIGEG_00383	67.6242583672
FPHPIGEG_00385	17.6542704632
FPHPIGEG_00386	0.0
FPHPIGEG_00387	0.0
FPHPIGEG_00388	0.0
FPHPIGEG_00389	0.0
FPHPIGEG_00390	0.0
FPHPIGEG_00391	0.0
FPHPIGEG_00392	0.0
FPHPIGEG_00393	0.0
FPHPIGEG_00394	2.18532399777
FPHPIGEG_00395	0.0
FPHPIGEG_00396	10.6799596565
FPHPIGEG_00397	0.0
FPHPIGEG_00398	1.97704531764
FPHPIGEG_00399	1.38861473391
FPHPIGEG_00400	16.2060685893
FPHPIGEG_00401	14.5504846039
FPHPIGEG_00402	1.2780520442
FPHPIGEG_00403	14.9649823155
FPHPIGEG_00404	11.1433463358
FPHPIGEG_00405	17.8509917029
FPHPIGEG_00406	0.0
FPHPIGEG_00407	1.93034345974
FPHPIGEG_00408	0.0
FPHPIGEG_00409	6.8793107481
FPHPIGEG_00410	0.0
FPHPIGEG_00411	1.47400372411
FPHPIGEG_00412	4.04301321327
FPHPIGEG_00413	4.36828803443
FPHPIGEG_00414	0.0
FPHPIGEG_00415	14.3878267475
FPHPIGEG_00416	0.0
FPHPIGEG_00417	2.45153619387
FPHPIGEG_00418	3.34576899907
FPHPIGEG_00419	1.82950462229
FPHPIGEG_00420	13.4940326213
FPHPIGEG_00421	6.19454015296
FPHPIGEG_00422	0.0
FPHPIGEG_00423	0.0
FPHPIGEG_00424	1.88579707221
FPHPIGEG_00425	0.0
FPHPIGEG_00427	2.36759421708
FPHPIGEG_00428	0.0
FPHPIGEG_00429	0.0
FPHPIGEG_00431	0.0
FPHPIGEG_00432	0.0
FPHPIGEG_00433	2.25099316632
FPHPIGEG_00434	0.0
FPHPIGEG_00435	0.0
FPHPIGEG_00436	2.27504764898
FPHPIGEG_00437	2.78775652645
FPHPIGEG_00438	0.0
FPHPIGEG_00439	4.63880128427
FPHPIGEG_00440	0.0
FPHPIGEG_00441	0.0
FPHPIGEG_00442	0.0
FPHPIGEG_00443	0.0
FPHPIGEG_00444	0.0
FPHPIGEG_00445	0.0
FPHPIGEG_00446	0.0
FPHPIGEG_00447	0.0
FPHPIGEG_00448	1.22912024305
FPHPIGEG_00449	0.0
FPHPIGEG_00450	0.0
FPHPIGEG_00451	0.0
FPHPIGEG_00452	0.0
FPHPIGEG_00453	0.0
FPHPIGEG_00454	0.0
FPHPIGEG_00456	0.0
FPHPIGEG_00457	2.03677478342
FPHPIGEG_00458	4.62289682272
FPHPIGEG_00460	0.0
FPHPIGEG_00461	2.42072694188
FPHPIGEG_00463	34.027631713
FPHPIGEG_00464	0.0
FPHPIGEG_00465	1.52700442427
FPHPIGEG_00466	0.0
FPHPIGEG_00467	1.2672414536
FPHPIGEG_00468	0.0
FPHPIGEG_00469	0.0
FPHPIGEG_00470	0.0
FPHPIGEG_00471	0.0
FPHPIGEG_00472	0.0
FPHPIGEG_00473	0.0
FPHPIGEG_00474	1.65339657465
FPHPIGEG_00475	0.0
FPHPIGEG_00476	0.0
FPHPIGEG_00477	0.0
FPHPIGEG_00478	0.0
FPHPIGEG_00479	0.0
FPHPIGEG_00480	0.0
FPHPIGEG_00481	4.10398283699
FPHPIGEG_00482	10.88725701
FPHPIGEG_00483	1.36265276061
FPHPIGEG_00484	1.56784291468
FPHPIGEG_00485	0.0
FPHPIGEG_00486	10.0248691943
FPHPIGEG_00487	4.6071010477
FPHPIGEG_00488	4.64946519527
FPHPIGEG_00489	11.2989796645
FPHPIGEG_00490	5.39337962651
FPHPIGEG_00491	5.14635460545
FPHPIGEG_00492	6.08047308513
FPHPIGEG_00493	26.5683725444
FPHPIGEG_00494	27.0570884273
FPHPIGEG_00495	0.0
FPHPIGEG_00496	4.06127983924
FPHPIGEG_00497	0.0
FPHPIGEG_00498	24.6836596179
FPHPIGEG_00499	5.79517868178
FPHPIGEG_00500	12.7926461729
FPHPIGEG_00501	0.0
FPHPIGEG_00502	3.46618227925
FPHPIGEG_00503	4.81551752367
FPHPIGEG_00504	9.8707533428
FPHPIGEG_00505	2.83265736686
FPHPIGEG_00506	7.85443634928
FPHPIGEG_00507	1.75109728133
FPHPIGEG_00508	0.0
FPHPIGEG_00509	0.0
FPHPIGEG_00510	2.1013167376
FPHPIGEG_00511	0.0
FPHPIGEG_00512	0.0
FPHPIGEG_00513	0.0
FPHPIGEG_00514	1.52412762618
FPHPIGEG_00515	0.0
FPHPIGEG_00516	6.16084487362
FPHPIGEG_00517	1.34230453621
FPHPIGEG_00518	0.0
FPHPIGEG_00519	0.0
FPHPIGEG_00520	0.0
FPHPIGEG_00521	0.0
FPHPIGEG_00522	0.0
FPHPIGEG_00523	0.0
FPHPIGEG_00524	0.0
FPHPIGEG_00525	4.25345396412
FPHPIGEG_00526	0.0
FPHPIGEG_00527	0.0
FPHPIGEG_00528	0.0
FPHPIGEG_00529	0.0
FPHPIGEG_00530	315.783379619
FPHPIGEG_00531	3.36875679357
FPHPIGEG_00532	8.23835991829
FPHPIGEG_00533	0.0
FPHPIGEG_00534	0.0
FPHPIGEG_00535	1.16638832753
FPHPIGEG_00536	2.54885615619
FPHPIGEG_00537	7.66105060584
FPHPIGEG_00538	0.0
FPHPIGEG_00539	0.0
FPHPIGEG_00540	0.0
FPHPIGEG_00542	8.1389028569
FPHPIGEG_00543	0.0
FPHPIGEG_00544	0.0
FPHPIGEG_00545	0.0
FPHPIGEG_00546	2.33277665506
FPHPIGEG_00547	0.0
FPHPIGEG_00548	0.0
FPHPIGEG_00549	9.47869881636
FPHPIGEG_00550	0.467850418677
FPHPIGEG_00551	0.0
FPHPIGEG_00552	0.0
FPHPIGEG_00553	0.0
FPHPIGEG_00554	0.0
FPHPIGEG_00555	2.77845579817
FPHPIGEG_00558	0.0
FPHPIGEG_00559	0.0
FPHPIGEG_00560	0.0
FPHPIGEG_00561	0.0
FPHPIGEG_00562	0.0
FPHPIGEG_00563	0.0
FPHPIGEG_00564	0.0
FPHPIGEG_00565	0.0
FPHPIGEG_00566	17.8588729355
FPHPIGEG_00567	6.18506837902
FPHPIGEG_00568	2.46048340625
FPHPIGEG_00569	1.65354140616
FPHPIGEG_00570	0.0
FPHPIGEG_00571	7.28835084663
FPHPIGEG_00572	0.0
FPHPIGEG_00573	4.44021374301
FPHPIGEG_00574	0.0
FPHPIGEG_00575	0.0
FPHPIGEG_00576	8.34601386495
FPHPIGEG_00577	0.0
FPHPIGEG_00578	3.69409563459
FPHPIGEG_00579	0.0
FPHPIGEG_00580	0.0
FPHPIGEG_00581	2.94398451229
FPHPIGEG_00582	2.71509210418
FPHPIGEG_00583	6.42287468281
FPHPIGEG_00585	0.0
FPHPIGEG_00586	0.0
FPHPIGEG_00587	0.0
FPHPIGEG_00588	2.1573518506
FPHPIGEG_00589	0.0
FPHPIGEG_00590	3.38780127293
FPHPIGEG_00591	0.0
FPHPIGEG_00592	0.0
FPHPIGEG_00593	5.84331487162
FPHPIGEG_00594	2.79933198608
FPHPIGEG_00595	0.0
FPHPIGEG_00596	6.85018580844
FPHPIGEG_00597	0.0
FPHPIGEG_00598	0.0
FPHPIGEG_00599	27.197026821
FPHPIGEG_00600	0.0
FPHPIGEG_00601	0.0
FPHPIGEG_00602	0.894127922167
FPHPIGEG_00603	0.0
FPHPIGEG_00604	2.68594602914
FPHPIGEG_00605	0.0
FPHPIGEG_00606	0.0
FPHPIGEG_00607	0.0
FPHPIGEG_00608	0.0
FPHPIGEG_00609	5.18594194857
FPHPIGEG_00610	0.0
FPHPIGEG_00611	0.0
FPHPIGEG_00612	0.0
FPHPIGEG_00613	0.0
FPHPIGEG_00614	0.0
FPHPIGEG_00615	0.0
FPHPIGEG_00616	2.81198103572
FPHPIGEG_00617	4.57509178206
FPHPIGEG_00618	0.0
FPHPIGEG_00619	0.0
FPHPIGEG_00620	0.0
FPHPIGEG_00621	0.0
FPHPIGEG_00622	0.0
FPHPIGEG_00623	0.0
FPHPIGEG_00624	0.0
FPHPIGEG_00625	0.0
FPHPIGEG_00626	0.0
FPHPIGEG_00627	0.0
FPHPIGEG_00628	1.50863765776
FPHPIGEG_00629	26.4752155579
FPHPIGEG_00630	0.0
FPHPIGEG_00631	0.661277541259
FPHPIGEG_00632	0.0
FPHPIGEG_00633	0.0
FPHPIGEG_00634	0.0
FPHPIGEG_00635	1.83948827644
FPHPIGEG_00636	2.09126778849
FPHPIGEG_00637	0.0
FPHPIGEG_00638	0.0
FPHPIGEG_00639	0.0
FPHPIGEG_00640	0.0
FPHPIGEG_00641	1.26013542675
FPHPIGEG_00642	1.35512050917
FPHPIGEG_00643	5.67724171211
FPHPIGEG_00644	0.797365409005
FPHPIGEG_00645	0.0
FPHPIGEG_00646	4.89121489708
FPHPIGEG_00648	3.49614063948
FPHPIGEG_00649	0.0
FPHPIGEG_00650	0.0
FPHPIGEG_00651	0.0
FPHPIGEG_00652	1.16942316273
FPHPIGEG_00653	0.0
FPHPIGEG_00654	0.0
FPHPIGEG_00655	0.0
FPHPIGEG_00656	1.3716631807
FPHPIGEG_00657	0.0
FPHPIGEG_00658	0.0
FPHPIGEG_00659	0.0
FPHPIGEG_00660	0.0
FPHPIGEG_00661	6.04638971582
FPHPIGEG_00662	2.00945589661
FPHPIGEG_00663	3.52585288288
FPHPIGEG_00664	0.0
FPHPIGEG_00665	0.926273121109
FPHPIGEG_00666	2.08641378201
FPHPIGEG_00667	0.0
FPHPIGEG_00668	9.18804024959
FPHPIGEG_00669	8.0020469236
FPHPIGEG_00670	0.0
FPHPIGEG_00671	0.483971610419
FPHPIGEG_00672	0.0
FPHPIGEG_00673	0.0
FPHPIGEG_00674	2.21585029848
FPHPIGEG_00675	0.0
FPHPIGEG_00676	1.86751372109
FPHPIGEG_00677	0.0
FPHPIGEG_00678	0.0
FPHPIGEG_00679	0.0
FPHPIGEG_00680	1.53570034923
FPHPIGEG_00681	0.0
FPHPIGEG_00682	0.0
FPHPIGEG_00683	0.0
FPHPIGEG_00684	0.0
FPHPIGEG_00685	1.17451646919
FPHPIGEG_00686	5.253291844
FPHPIGEG_00687	0.0
FPHPIGEG_00688	0.0
FPHPIGEG_00689	0.407971227421
FPHPIGEG_00690	2.2970100624
FPHPIGEG_00691	0.0
FPHPIGEG_00692	1.11617955847
FPHPIGEG_00693	0.0
FPHPIGEG_00694	3.95795960849
FPHPIGEG_00695	4.08795828184
FPHPIGEG_00696	0.0
FPHPIGEG_00697	0.0
FPHPIGEG_00698	0.0
FPHPIGEG_00699	6.05657453847
FPHPIGEG_00700	0.0
FPHPIGEG_00701	0.0
FPHPIGEG_00702	1.80019346679
FPHPIGEG_00703	0.0
FPHPIGEG_00704	0.0
FPHPIGEG_00705	2.95042649153
FPHPIGEG_00706	0.0
FPHPIGEG_00707	4.01891179323
FPHPIGEG_00708	0.0
FPHPIGEG_00709	0.0
FPHPIGEG_00710	1.63237882158
FPHPIGEG_00711	3.30882185675
FPHPIGEG_00712	0.0
FPHPIGEG_00713	0.0
FPHPIGEG_00714	0.0
FPHPIGEG_00715	2.14192995493
FPHPIGEG_00716	0.0
FPHPIGEG_00717	0.0
FPHPIGEG_00718	0.0
FPHPIGEG_00719	5.0021039405
FPHPIGEG_00720	60.3249837306
FPHPIGEG_00721	0.0
FPHPIGEG_00722	0.0
FPHPIGEG_00723	0.0
FPHPIGEG_00724	1.48496135091
FPHPIGEG_00725	2.07225139338
FPHPIGEG_00726	1.56966811016
FPHPIGEG_00727	1.94659996144
FPHPIGEG_00728	0.0
FPHPIGEG_00729	2.89344400564
FPHPIGEG_00730	0.0
FPHPIGEG_00731	0.0
FPHPIGEG_00732	1.34699790872
FPHPIGEG_00733	0.0
FPHPIGEG_00734	0.0
FPHPIGEG_00735	7.53265310965
FPHPIGEG_00736	13.1305651284
FPHPIGEG_00737	0.0
FPHPIGEG_00738	4.24198397591
FPHPIGEG_00739	0.0
FPHPIGEG_00741	0.0
FPHPIGEG_00742	0.0
FPHPIGEG_00743	0.0
FPHPIGEG_00744	0.0
FPHPIGEG_00745	0.0
FPHPIGEG_00746	0.0
FPHPIGEG_00747	0.515028612157
FPHPIGEG_00748	0.652635482395
FPHPIGEG_00749	0.0
FPHPIGEG_00750	0.0
FPHPIGEG_00751	0.0
FPHPIGEG_00752	0.0
FPHPIGEG_00753	0.0
FPHPIGEG_00754	1.75337439093
FPHPIGEG_00755	57.0960383914
FPHPIGEG_00756	0.0
FPHPIGEG_00757	5.79517868178
FPHPIGEG_00758	0.0
FPHPIGEG_00759	0.0
FPHPIGEG_00760	0.0
FPHPIGEG_00761	0.0
FPHPIGEG_00762	0.0
FPHPIGEG_00763	0.0
FPHPIGEG_00764	0.0
FPHPIGEG_00765	30.9809519005
FPHPIGEG_00766	16.1529339382
FPHPIGEG_00767	0.0
FPHPIGEG_00768	0.0
FPHPIGEG_00769	1.85850435097
FPHPIGEG_00770	1.37586214962
FPHPIGEG_00771	0.0
FPHPIGEG_00772	0.0
FPHPIGEG_00773	8.83195353686
FPHPIGEG_00774	2.1747498494
FPHPIGEG_00775	0.0
FPHPIGEG_00776	4.81551752367
FPHPIGEG_00777	0.0
FPHPIGEG_00778	0.0
FPHPIGEG_00779	18.0985893507
FPHPIGEG_00780	0.0
FPHPIGEG_00781	0.0
FPHPIGEG_00782	1.54626709476
FPHPIGEG_00783	0.0
FPHPIGEG_00784	0.0
FPHPIGEG_00785	0.0
FPHPIGEG_00786	0.0
FPHPIGEG_00787	5.98200934617
FPHPIGEG_00788	0.0
FPHPIGEG_00789	0.0
FPHPIGEG_00790	0.0
FPHPIGEG_00791	2.12337780571
FPHPIGEG_00792	0.0
FPHPIGEG_00793	0.0
FPHPIGEG_00794	0.0
FPHPIGEG_00795	0.0
FPHPIGEG_00796	0.0
FPHPIGEG_00797	0.0
FPHPIGEG_00798	0.0
FPHPIGEG_00799	0.0
FPHPIGEG_00800	0.0
FPHPIGEG_00801	20.5071468689
FPHPIGEG_00802	0.0
FPHPIGEG_00803	0.779390119438
FPHPIGEG_00804	4.64946519527
FPHPIGEG_00805	0.0
FPHPIGEG_00806	1.13880481979
FPHPIGEG_00807	0.0
FPHPIGEG_00808	3.37086226657
FPHPIGEG_00809	0.0
FPHPIGEG_00810	8.99753512525
FPHPIGEG_00811	0.0
FPHPIGEG_00812	0.0
FPHPIGEG_00813	0.0
FPHPIGEG_00814	0.0
FPHPIGEG_00815	0.0
FPHPIGEG_00816	0.0
FPHPIGEG_00817	0.0
FPHPIGEG_00818	0.92163014807
FPHPIGEG_00819	2.7479855434
FPHPIGEG_00820	0.0
FPHPIGEG_00821	0.0
FPHPIGEG_00822	0.0
FPHPIGEG_00823	0.0
FPHPIGEG_00824	0.0
FPHPIGEG_00825	0.0
FPHPIGEG_00826	0.0
FPHPIGEG_00827	3.81967395645
FPHPIGEG_00828	4.73934940818
FPHPIGEG_00829	0.0
FPHPIGEG_00830	0.0
FPHPIGEG_00831	0.0
FPHPIGEG_00832	0.0
FPHPIGEG_00833	0.0
FPHPIGEG_00834	0.0
FPHPIGEG_00835	0.0
FPHPIGEG_00836	4.29409205932
FPHPIGEG_00837	0.0
FPHPIGEG_00839	0.0
FPHPIGEG_00840	0.0
FPHPIGEG_00841	3.57651168867
FPHPIGEG_00842	2.83265736686
FPHPIGEG_00843	0.0
FPHPIGEG_00844	0.0
FPHPIGEG_00845	0.0
FPHPIGEG_00846	2.21767254379
FPHPIGEG_00847	0.0
FPHPIGEG_00848	1.90533901078
FPHPIGEG_00849	0.0
FPHPIGEG_00850	0.0
FPHPIGEG_00851	0.0
FPHPIGEG_00852	3.26080993138
FPHPIGEG_00853	0.0
FPHPIGEG_00854	0.0
FPHPIGEG_00855	0.0
FPHPIGEG_00856	0.0
FPHPIGEG_00857	4.37166018823
FPHPIGEG_00858	0.0
FPHPIGEG_00859	0.0
FPHPIGEG_00860	0.0
FPHPIGEG_00861	0.0
FPHPIGEG_00862	0.723361001409
FPHPIGEG_00863	43.9057279918
FPHPIGEG_00864	0.0
FPHPIGEG_00865	1.50990471067
FPHPIGEG_00866	5.10253512442
FPHPIGEG_00867	0.0
FPHPIGEG_00868	0.0
FPHPIGEG_00869	0.0
FPHPIGEG_00870	5.45888626165
FPHPIGEG_00871	0.0
FPHPIGEG_00872	0.0
FPHPIGEG_00873	0.0
FPHPIGEG_00874	0.0
FPHPIGEG_00875	13.8766199653
FPHPIGEG_00876	0.0
FPHPIGEG_00877	0.0
FPHPIGEG_00878	0.0
FPHPIGEG_00879	0.0
FPHPIGEG_00880	0.0
FPHPIGEG_00882	0.0
FPHPIGEG_00883	2.89655189394
FPHPIGEG_00884	11.4051730824
FPHPIGEG_00885	0.989247913886
FPHPIGEG_00886	0.0
FPHPIGEG_00887	10.0826539209
FPHPIGEG_00888	2.13177060336
FPHPIGEG_00889	0.0
FPHPIGEG_00890	3.21417141031
FPHPIGEG_00891	2.692650837
FPHPIGEG_00892	0.0
FPHPIGEG_00893	0.0
FPHPIGEG_00894	0.0
FPHPIGEG_00895	0.0
FPHPIGEG_00897	4.98771235497
FPHPIGEG_00898	1.29316966748
FPHPIGEG_00899	1.26367845045
FPHPIGEG_00900	0.0
FPHPIGEG_00901	0.388572019201
FPHPIGEG_00902	0.534845262446
FPHPIGEG_00903	0.0
FPHPIGEG_00904	0.0
FPHPIGEG_00905	10.6168890286
FPHPIGEG_00906	0.0
FPHPIGEG_00907	0.0
FPHPIGEG_00908	0.0
FPHPIGEG_00909	0.810303429463
FPHPIGEG_00910	1.03163344042
FPHPIGEG_00911	56.3616841998
FPHPIGEG_00912	5.26183378196
FPHPIGEG_00913	6.28110981348
FPHPIGEG_00914	4.85016153463
FPHPIGEG_00915	4.49948244703
FPHPIGEG_00916	0.0
FPHPIGEG_00917	0.0
FPHPIGEG_00918	0.0
FPHPIGEG_00919	0.0
FPHPIGEG_00920	0.0
FPHPIGEG_00921	7.24137973484
FPHPIGEG_00922	0.0
FPHPIGEG_00923	0.0
FPHPIGEG_00924	0.0
FPHPIGEG_00925	2.19958386073
FPHPIGEG_00926	0.0
FPHPIGEG_00927	0.0
FPHPIGEG_00928	1.94006461385
FPHPIGEG_00929	0.0
FPHPIGEG_00930	0.0
FPHPIGEG_00931	1.69709868676
FPHPIGEG_00932	32.2313523497
FPHPIGEG_00933	5.12289098263
FPHPIGEG_00934	2.89344400564
FPHPIGEG_00935	0.0
FPHPIGEG_00936	0.0
FPHPIGEG_00937	0.0
FPHPIGEG_00938	0.0
FPHPIGEG_00939	0.0
FPHPIGEG_00940	0.0
FPHPIGEG_00941	0.0
FPHPIGEG_00942	0.0
FPHPIGEG_00943	0.0
FPHPIGEG_00944	4.00895413269
FPHPIGEG_00945	0.0
FPHPIGEG_00946	16.7645015034
FPHPIGEG_00947	2.59297097428
FPHPIGEG_00948	13.5285442136
FPHPIGEG_00949	12.4057035687
FPHPIGEG_00950	13.6887807779
FPHPIGEG_00951	15.2972679844
FPHPIGEG_00952	0.0
FPHPIGEG_00953	0.0
FPHPIGEG_00954	2.45749375448
FPHPIGEG_00955	0.68793107481
FPHPIGEG_00956	0.0
FPHPIGEG_00957	0.0
FPHPIGEG_00958	1.04119297809
FPHPIGEG_00959	1.19269783868
FPHPIGEG_00960	0.0
FPHPIGEG_00961	0.0
FPHPIGEG_00962	36.6066490487
FPHPIGEG_00963	1.00025586545
FPHPIGEG_00964	0.0
FPHPIGEG_00965	0.0
FPHPIGEG_00966	0.0
FPHPIGEG_00968	3.98771136895
FPHPIGEG_00969	2.05331711669
FPHPIGEG_00970	0.0
FPHPIGEG_00971	3.08193121515
FPHPIGEG_00972	0.999020676681
FPHPIGEG_00973	0.0
FPHPIGEG_00974	0.0
FPHPIGEG_00975	0.0
FPHPIGEG_00976	1.69177529062
FPHPIGEG_00977	0.0
FPHPIGEG_00978	0.0
FPHPIGEG_00979	2.87085501766
FPHPIGEG_00980	1.75109728133
FPHPIGEG_00981	0.0
FPHPIGEG_00982	0.0
FPHPIGEG_00983	0.0
FPHPIGEG_00984	1.39435874522
FPHPIGEG_00985	0.0
FPHPIGEG_00986	0.0
FPHPIGEG_00987	0.0
FPHPIGEG_00988	0.0
FPHPIGEG_00989	0.0
FPHPIGEG_00990	0.0
FPHPIGEG_00991	0.0
FPHPIGEG_00992	2.12170717014
FPHPIGEG_00993	2.41855588633
FPHPIGEG_00994	0.0
FPHPIGEG_00995	0.0
FPHPIGEG_00996	0.0
FPHPIGEG_00997	3.18443985033
FPHPIGEG_00998	0.0
FPHPIGEG_00999	0.0
FPHPIGEG_01000	0.0
FPHPIGEG_01001	3.86714600371
FPHPIGEG_01002	1.4948391426
FPHPIGEG_01003	0.0
FPHPIGEG_01004	0.0
FPHPIGEG_01005	0.0
FPHPIGEG_01006	0.0
FPHPIGEG_01007	0.0
FPHPIGEG_01008	0.0
FPHPIGEG_01009	0.0
FPHPIGEG_01010	0.0
FPHPIGEG_01011	0.0
FPHPIGEG_01012	0.0
FPHPIGEG_01013	3.11396052339
FPHPIGEG_01014	0.0
FPHPIGEG_01015	1.52011827128
FPHPIGEG_01016	0.0
FPHPIGEG_01017	0.0
FPHPIGEG_01018	0.0
FPHPIGEG_01019	1.15341737094
FPHPIGEG_01020	0.0
FPHPIGEG_01021	5.18594194857
FPHPIGEG_01022	5.5670722817
FPHPIGEG_01023	9.13787963829
FPHPIGEG_01025	0.0
FPHPIGEG_01026	0.0
FPHPIGEG_01027	0.0
FPHPIGEG_01028	0.0
FPHPIGEG_01029	0.0
FPHPIGEG_01030	0.0
FPHPIGEG_01031	0.0
FPHPIGEG_01032	0.0
FPHPIGEG_01033	2.90591574704
FPHPIGEG_01034	58.7941093006
FPHPIGEG_01035	0.0
FPHPIGEG_01036	41.9718258872
FPHPIGEG_01037	1.58504495293
FPHPIGEG_01038	0.0
FPHPIGEG_01039	1.95129508919
FPHPIGEG_01040	9.49538666639
FPHPIGEG_01041	0.946871423193
FPHPIGEG_01042	0.0
FPHPIGEG_01043	6.37013341714
FPHPIGEG_01045	0.0
FPHPIGEG_01046	5.58899443161
FPHPIGEG_01047	0.0
FPHPIGEG_01048	0.0
FPHPIGEG_01049	0.0
FPHPIGEG_01050	0.0
FPHPIGEG_01051	0.0
FPHPIGEG_01052	1.44208011404
FPHPIGEG_01053	0.0
FPHPIGEG_01055	0.610110817478
FPHPIGEG_01056	0.0
FPHPIGEG_01057	0.0
FPHPIGEG_01058	8.8416059451
FPHPIGEG_01059	0.0
FPHPIGEG_01060	0.0
FPHPIGEG_01061	0.0
FPHPIGEG_01062	0.0
FPHPIGEG_01063	3.03909445521
FPHPIGEG_01064	0.846950318233
FPHPIGEG_01065	52.6261169943
FPHPIGEG_01066	0.0
FPHPIGEG_01067	0.0
FPHPIGEG_01068	0.0
FPHPIGEG_01069	0.940049900042
FPHPIGEG_01070	4.13602732094
FPHPIGEG_01071	0.0
FPHPIGEG_01072	0.83437184816
FPHPIGEG_01073	2.46626975343
FPHPIGEG_01074	5.9595354989
FPHPIGEG_01075	1.03400683024
FPHPIGEG_01076	25.9852337466
FPHPIGEG_01077	1.90713565294
FPHPIGEG_01078	3.52048278493
FPHPIGEG_01079	6.81670832471
FPHPIGEG_01080	0.0
FPHPIGEG_01081	0.0
FPHPIGEG_01082	0.0
FPHPIGEG_01083	2.84161202661
FPHPIGEG_01084	0.0
FPHPIGEG_01085	2.86120935093
FPHPIGEG_01086	0.0
FPHPIGEG_01087	0.0
FPHPIGEG_01088	1.52412762618
FPHPIGEG_01089	0.0
FPHPIGEG_01090	0.0
FPHPIGEG_01091	4.00815965109
FPHPIGEG_01092	1.10520074314
FPHPIGEG_01093	2.67794420383
FPHPIGEG_01095	0.0
FPHPIGEG_01096	5.05208333041
FPHPIGEG_01097	0.0
FPHPIGEG_01098	1.52011827128
FPHPIGEG_01099	0.0
FPHPIGEG_01100	0.0
FPHPIGEG_01101	0.0
FPHPIGEG_01102	0.0
FPHPIGEG_01103	0.0
FPHPIGEG_01104	5.60254116327
FPHPIGEG_01105	9.33110662026
FPHPIGEG_01106	1.80743285071
FPHPIGEG_01107	1.15862075757
FPHPIGEG_01108	0.0
FPHPIGEG_01109	0.0
FPHPIGEG_01110	0.0
FPHPIGEG_01111	0.0
FPHPIGEG_01112	0.450048366698
FPHPIGEG_01113	0.0
FPHPIGEG_01114	0.0
FPHPIGEG_01115	0.0
FPHPIGEG_01116	0.0
FPHPIGEG_01117	6.0015351927
FPHPIGEG_01118	2.36137461756
FPHPIGEG_01119	0.0
FPHPIGEG_01120	0.0
FPHPIGEG_01121	0.0
FPHPIGEG_01122	0.0
FPHPIGEG_01123	1.90175586266
FPHPIGEG_01124	0.0
FPHPIGEG_01125	0.0
FPHPIGEG_01126	4.51555561496
FPHPIGEG_01127	2.96339539918
FPHPIGEG_01129	4.62289682272
FPHPIGEG_01130	0.0
FPHPIGEG_01131	0.0
FPHPIGEG_01132	4.39916772146
FPHPIGEG_01133	0.0
FPHPIGEG_01134	2.46048340625
FPHPIGEG_01136	3.62214884252
FPHPIGEG_01137	0.0
FPHPIGEG_01138	0.0
FPHPIGEG_01139	0.0
FPHPIGEG_01140	0.0
FPHPIGEG_01141	0.0
FPHPIGEG_01142	0.0
FPHPIGEG_01143	1.94006461385
FPHPIGEG_01144	1.61769034988
FPHPIGEG_01145	0.0
FPHPIGEG_01147	0.0
FPHPIGEG_01148	0.0
FPHPIGEG_01149	0.0
FPHPIGEG_01150	1.07096497746
FPHPIGEG_01151	46.1204495225
FPHPIGEG_01152	0.0
FPHPIGEG_01153	6.95919951808
FPHPIGEG_01154	0.0
FPHPIGEG_01155	0.0
FPHPIGEG_01156	2.19958386073
FPHPIGEG_01157	0.0
FPHPIGEG_01158	0.0
FPHPIGEG_01159	0.0
FPHPIGEG_01160	0.0
FPHPIGEG_01161	0.0
FPHPIGEG_01162	0.0
FPHPIGEG_01163	3.20271949318
FPHPIGEG_01164	0.0
FPHPIGEG_01165	0.855006281945
FPHPIGEG_01166	0.0
FPHPIGEG_01167	0.0
FPHPIGEG_01168	0.0
FPHPIGEG_01169	0.0
FPHPIGEG_01170	0.0
FPHPIGEG_01171	0.0
FPHPIGEG_01172	0.0
FPHPIGEG_01173	2.96339539918
FPHPIGEG_01174	0.0
FPHPIGEG_01175	0.0
FPHPIGEG_01176	0.0
FPHPIGEG_01177	0.0
FPHPIGEG_01178	0.0
FPHPIGEG_01179	0.0
FPHPIGEG_01180	0.0
FPHPIGEG_01181	4.18740654232
FPHPIGEG_01182	2.3449476637
FPHPIGEG_01183	0.0
FPHPIGEG_01184	0.0
FPHPIGEG_01185	1.87791769725
FPHPIGEG_01186	0.0
FPHPIGEG_01187	0.0
FPHPIGEG_01188	0.0
FPHPIGEG_01189	0.0
FPHPIGEG_01190	0.0
FPHPIGEG_01191	4.42563973729
FPHPIGEG_01192	0.0
FPHPIGEG_01193	3.6052002851
FPHPIGEG_01194	0.0
FPHPIGEG_01195	0.0
FPHPIGEG_01196	0.0
FPHPIGEG_01197	0.0
FPHPIGEG_01198	3.42219519449
FPHPIGEG_01199	0.0
FPHPIGEG_01200	0.0
FPHPIGEG_01201	0.0
FPHPIGEG_01202	0.0
FPHPIGEG_01204	1.46479620492
FPHPIGEG_01205	0.0
FPHPIGEG_01206	0.0
FPHPIGEG_01207	0.0
FPHPIGEG_01208	0.0
FPHPIGEG_01210	3.72470968682
FPHPIGEG_01211	0.0
FPHPIGEG_01212	0.0
FPHPIGEG_01213	8.30340302518
FPHPIGEG_01214	0.0
FPHPIGEG_01215	0.0
FPHPIGEG_01216	0.0
FPHPIGEG_01217	0.0
FPHPIGEG_01218	0.0
FPHPIGEG_01219	0.0
FPHPIGEG_01220	0.0
FPHPIGEG_01221	20.4811884551
FPHPIGEG_01222	0.0
FPHPIGEG_01223	0.0
