LJPOGGAG_00001	0.0
LJPOGGAG_00002	1.5252523649
LJPOGGAG_00003	0.0
LJPOGGAG_00004	0.0
LJPOGGAG_00005	0.0
LJPOGGAG_00006	0.0
LJPOGGAG_00008	0.0
LJPOGGAG_00009	0.0
LJPOGGAG_00010	0.0
LJPOGGAG_00011	0.0
LJPOGGAG_00012	0.0
LJPOGGAG_00013	0.0
LJPOGGAG_00014	0.0
LJPOGGAG_00015	0.810290318854
LJPOGGAG_00016	0.0
LJPOGGAG_00017	0.0
LJPOGGAG_00018	0.0
LJPOGGAG_00019	0.0
LJPOGGAG_00020	0.0
LJPOGGAG_00021	0.0
LJPOGGAG_00022	0.691802509273
LJPOGGAG_00023	0.0
LJPOGGAG_00024	0.0
LJPOGGAG_00025	0.0
LJPOGGAG_00026	0.0
LJPOGGAG_00027	1.90172509249
LJPOGGAG_00028	5.20086052294
LJPOGGAG_00029	0.0
LJPOGGAG_00030	0.0
LJPOGGAG_00031	0.0
LJPOGGAG_00032	0.0
LJPOGGAG_00033	0.0
LJPOGGAG_00034	0.0
LJPOGGAG_00035	0.0
LJPOGGAG_00036	0.0
LJPOGGAG_00037	0.0
LJPOGGAG_00038	0.0
LJPOGGAG_00039	0.0
LJPOGGAG_00040	0.0
LJPOGGAG_00041	0.0
LJPOGGAG_00042	3.11630914616
LJPOGGAG_00043	0.0
LJPOGGAG_00044	0.0
LJPOGGAG_00045	0.0
LJPOGGAG_00046	0.0
LJPOGGAG_00047	0.0
LJPOGGAG_00048	0.0
LJPOGGAG_00049	0.0
LJPOGGAG_00050	0.0
LJPOGGAG_00051	0.0
LJPOGGAG_00055	0.0
LJPOGGAG_00056	0.0
LJPOGGAG_00057	0.0
LJPOGGAG_00058	0.0
LJPOGGAG_00059	7179.74332211
LJPOGGAG_00060	2055.48555066
LJPOGGAG_00061	196.119722265
LJPOGGAG_00064	0.0
LJPOGGAG_00065	0.0
LJPOGGAG_00066	7.65223093401
LJPOGGAG_00067	0.0
LJPOGGAG_00068	0.0
LJPOGGAG_00069	0.0
LJPOGGAG_00070	0.0
LJPOGGAG_00071	3.21411940542
LJPOGGAG_00072	0.0
LJPOGGAG_00073	0.0
LJPOGGAG_00074	0.0
LJPOGGAG_00075	0.0
LJPOGGAG_00076	0.0
LJPOGGAG_00077	0.0
LJPOGGAG_00078	0.0
LJPOGGAG_00079	11.1339644143
LJPOGGAG_00080	0.0
LJPOGGAG_00081	0.0
LJPOGGAG_00082	0.0
LJPOGGAG_00084	0.0
LJPOGGAG_00085	0.0
LJPOGGAG_00086	0.0
LJPOGGAG_00087	0.0
LJPOGGAG_00088	0.0
LJPOGGAG_00089	0.0
LJPOGGAG_00090	13.4832309057
LJPOGGAG_00091	0.0
LJPOGGAG_00092	1.5304461868
LJPOGGAG_00093	0.0
LJPOGGAG_00094	0.0
LJPOGGAG_00095	0.0
LJPOGGAG_00096	0.0
LJPOGGAG_00097	0.0
LJPOGGAG_00098	0.0
LJPOGGAG_00099	0.0
LJPOGGAG_00100	0.0
LJPOGGAG_00101	0.0
LJPOGGAG_00102	6.12874132078
LJPOGGAG_00103	0.0
LJPOGGAG_00104	0.0
LJPOGGAG_00105	0.0
LJPOGGAG_00107	1.44205678136
LJPOGGAG_00108	0.0
LJPOGGAG_00109	0.0
LJPOGGAG_00110	0.0
LJPOGGAG_00111	0.0
LJPOGGAG_00112	0.0
LJPOGGAG_00113	7.28823292201
LJPOGGAG_00114	0.0
LJPOGGAG_00115	0.0
LJPOGGAG_00116	0.0
LJPOGGAG_00117	3.46909886082
LJPOGGAG_00118	0.0
LJPOGGAG_00119	0.0
LJPOGGAG_00120	0.0
LJPOGGAG_00121	0.0
LJPOGGAG_00122	0.0
LJPOGGAG_00123	0.0
LJPOGGAG_00124	0.0
LJPOGGAG_00125	0.0
LJPOGGAG_00126	0.0
LJPOGGAG_00128	0.0
LJPOGGAG_00129	0.0
LJPOGGAG_00130	0.0
LJPOGGAG_00131	0.0
LJPOGGAG_00132	0.0
LJPOGGAG_00133	0.0
LJPOGGAG_00134	0.0
LJPOGGAG_00135	0.0
LJPOGGAG_00136	0.0
LJPOGGAG_00137	0.0
LJPOGGAG_00138	0.0
LJPOGGAG_00139	0.0
LJPOGGAG_00140	0.0
LJPOGGAG_00141	0.0
LJPOGGAG_00142	0.0
LJPOGGAG_00143	0.0
LJPOGGAG_00144	0.0
LJPOGGAG_00145	0.0
LJPOGGAG_00146	0.0
LJPOGGAG_00147	0.0
LJPOGGAG_00148	0.0
LJPOGGAG_00149	0.0
LJPOGGAG_00150	0.0
LJPOGGAG_00151	0.0
LJPOGGAG_00152	0.0
LJPOGGAG_00153	1.74993262891
LJPOGGAG_00154	0.0
LJPOGGAG_00155	0.0
LJPOGGAG_00156	0.0
LJPOGGAG_00157	4.15294586419
LJPOGGAG_00158	0.0
LJPOGGAG_00159	2.52652671563
LJPOGGAG_00160	0.0
LJPOGGAG_00161	0.0
LJPOGGAG_00162	0.0
LJPOGGAG_00163	0.0
LJPOGGAG_00164	0.0
LJPOGGAG_00165	0.0
LJPOGGAG_00166	0.0
LJPOGGAG_00167	0.0
LJPOGGAG_00168	0.0
LJPOGGAG_00169	0.0
LJPOGGAG_00170	0.0
LJPOGGAG_00171	0.0
LJPOGGAG_00172	0.0
LJPOGGAG_00173	0.0
LJPOGGAG_00174	4.37767237199
LJPOGGAG_00175	3.68646094483
LJPOGGAG_00176	0.0
LJPOGGAG_00177	0.0
LJPOGGAG_00178	0.0
LJPOGGAG_00179	0.0
LJPOGGAG_00180	0.0
LJPOGGAG_00181	0.0
LJPOGGAG_00182	0.0
LJPOGGAG_00183	0.0
LJPOGGAG_00184	0.624512779329
LJPOGGAG_00185	1.71760903258
LJPOGGAG_00186	0.0
LJPOGGAG_00187	0.0
LJPOGGAG_00188	0.0
LJPOGGAG_00189	0.0
LJPOGGAG_00190	0.0
LJPOGGAG_00191	0.0
LJPOGGAG_00192	0.0
LJPOGGAG_00193	0.0
LJPOGGAG_00194	0.0
LJPOGGAG_00195	0.0
LJPOGGAG_00196	0.0
LJPOGGAG_00197	0.0
LJPOGGAG_00198	0.0
LJPOGGAG_00199	0.0
LJPOGGAG_00200	0.0
LJPOGGAG_00201	0.0
LJPOGGAG_00202	0.0
LJPOGGAG_00203	0.0
LJPOGGAG_00204	0.0
LJPOGGAG_00205	0.0
LJPOGGAG_00206	0.0
LJPOGGAG_00207	3.48704247562
LJPOGGAG_00208	0.0
LJPOGGAG_00209	0.0
LJPOGGAG_00210	0.0
LJPOGGAG_00211	0.0
LJPOGGAG_00212	0.0
LJPOGGAG_00213	0.0
LJPOGGAG_00214	0.0
LJPOGGAG_00215	0.0
LJPOGGAG_00216	0.0
LJPOGGAG_00217	0.0
LJPOGGAG_00218	1.6533698229
LJPOGGAG_00219	0.0
LJPOGGAG_00220	0.0
LJPOGGAG_00221	0.0
LJPOGGAG_00222	0.0
LJPOGGAG_00223	0.0
LJPOGGAG_00224	0.0
LJPOGGAG_00225	0.0
LJPOGGAG_00226	0.0
LJPOGGAG_00227	0.0
LJPOGGAG_00228	0.0
LJPOGGAG_00229	0.0
LJPOGGAG_00230	0.0
LJPOGGAG_00231	0.0
LJPOGGAG_00232	0.0
LJPOGGAG_00233	0.0
LJPOGGAG_00234	0.0
LJPOGGAG_00235	0.0
LJPOGGAG_00236	0.837467758119
LJPOGGAG_00237	0.0
LJPOGGAG_00239	1.14458666432
LJPOGGAG_00240	0.0
LJPOGGAG_00241	0.0
LJPOGGAG_00242	0.0
LJPOGGAG_00243	0.0
LJPOGGAG_00244	0.0
LJPOGGAG_00245	10.932349383
LJPOGGAG_00246	0.0
LJPOGGAG_00247	0.0
LJPOGGAG_00248	0.0
LJPOGGAG_00249	0.0
LJPOGGAG_00250	0.0
LJPOGGAG_00251	0.0
LJPOGGAG_00252	0.0
LJPOGGAG_00253	0.0
LJPOGGAG_00254	0.0
LJPOGGAG_00255	0.0
LJPOGGAG_00256	0.0
LJPOGGAG_00257	0.0
LJPOGGAG_00258	0.0
LJPOGGAG_00259	0.0
LJPOGGAG_00260	0.0
LJPOGGAG_00261	0.0
LJPOGGAG_00262	0.0
LJPOGGAG_00263	0.0
LJPOGGAG_00264	0.0
LJPOGGAG_00265	0.0
LJPOGGAG_00266	0.0
LJPOGGAG_00267	0.0
LJPOGGAG_00268	0.0
LJPOGGAG_00269	0.0
LJPOGGAG_00270	0.0
LJPOGGAG_00271	0.0
LJPOGGAG_00272	0.0
LJPOGGAG_00273	0.0
LJPOGGAG_00274	0.0
LJPOGGAG_00275	0.0
LJPOGGAG_00276	0.0
LJPOGGAG_00277	0.0
LJPOGGAG_00278	0.0
LJPOGGAG_00279	0.0
LJPOGGAG_00280	0.0
LJPOGGAG_00281	0.0
LJPOGGAG_00282	0.0
LJPOGGAG_00283	0.0
LJPOGGAG_00284	0.0
LJPOGGAG_00285	0.0
LJPOGGAG_00286	0.0
LJPOGGAG_00287	0.0
LJPOGGAG_00288	0.0
LJPOGGAG_00289	0.0
LJPOGGAG_00290	0.0
LJPOGGAG_00291	0.0
LJPOGGAG_00292	0.0
LJPOGGAG_00293	0.0
LJPOGGAG_00294	0.0
LJPOGGAG_00295	0.0
LJPOGGAG_00296	0.0
LJPOGGAG_00297	0.0
LJPOGGAG_00298	0.0
LJPOGGAG_00299	0.0
LJPOGGAG_00300	0.0
LJPOGGAG_00301	0.0
LJPOGGAG_00302	0.0
LJPOGGAG_00303	0.0
LJPOGGAG_00304	0.811753817322
LJPOGGAG_00305	0.0
LJPOGGAG_00306	0.0
LJPOGGAG_00307	0.0
LJPOGGAG_00308	0.0
LJPOGGAG_00309	0.0
LJPOGGAG_00310	0.0
LJPOGGAG_00311	0.0
LJPOGGAG_00312	0.0
LJPOGGAG_00313	0.0
LJPOGGAG_00314	0.0
LJPOGGAG_00315	0.0
LJPOGGAG_00316	0.0
LJPOGGAG_00317	0.0
LJPOGGAG_00318	0.0
LJPOGGAG_00319	0.0
LJPOGGAG_00320	0.0
LJPOGGAG_00321	0.0
LJPOGGAG_00322	0.0
LJPOGGAG_00324	0.0
LJPOGGAG_00325	0.0
LJPOGGAG_00326	2.47398732215
LJPOGGAG_00327	0.0
LJPOGGAG_00329	0.0
LJPOGGAG_00330	0.0
LJPOGGAG_00331	0.0
LJPOGGAG_00332	0.0
LJPOGGAG_00333	0.0
LJPOGGAG_00334	0.0
LJPOGGAG_00335	0.0
LJPOGGAG_00336	0.0
LJPOGGAG_00337	0.0
LJPOGGAG_00338	0.0
LJPOGGAG_00339	0.0
LJPOGGAG_00340	0.0
LJPOGGAG_00341	1.11064504989
LJPOGGAG_00342	0.0
LJPOGGAG_00343	0.0
LJPOGGAG_00344	0.0
LJPOGGAG_00345	0.0
LJPOGGAG_00346	0.0
LJPOGGAG_00347	0.0
LJPOGGAG_00348	0.0
LJPOGGAG_00349	0.0
LJPOGGAG_00350	0.0
LJPOGGAG_00351	0.0
LJPOGGAG_00352	0.0
LJPOGGAG_00353	0.0
LJPOGGAG_00354	0.0
LJPOGGAG_00355	0.0
LJPOGGAG_00356	0.0
LJPOGGAG_00357	0.0
LJPOGGAG_00358	5.24639334853
LJPOGGAG_00359	0.0
LJPOGGAG_00360	0.0
LJPOGGAG_00361	0.0
LJPOGGAG_00362	0.0
LJPOGGAG_00363	0.0
LJPOGGAG_00364	0.0
LJPOGGAG_00365	0.0
LJPOGGAG_00366	0.0
LJPOGGAG_00367	0.0
LJPOGGAG_00368	0.0
LJPOGGAG_00369	0.0
LJPOGGAG_00370	0.0
LJPOGGAG_00371	0.0
LJPOGGAG_00372	0.0
LJPOGGAG_00373	0.0
LJPOGGAG_00374	0.0
LJPOGGAG_00375	0.0
LJPOGGAG_00376	0.0
LJPOGGAG_00377	0.0
LJPOGGAG_00378	0.0
LJPOGGAG_00379	0.0
LJPOGGAG_00380	0.0
LJPOGGAG_00381	0.0
LJPOGGAG_00382	0.0
LJPOGGAG_00383	0.0
LJPOGGAG_00384	0.0
LJPOGGAG_00385	0.68651888522
LJPOGGAG_00386	0.0
LJPOGGAG_00387	0.0
LJPOGGAG_00388	0.0
LJPOGGAG_00389	0.0
LJPOGGAG_00390	0.0
LJPOGGAG_00391	0.0
LJPOGGAG_00392	0.0
LJPOGGAG_00393	3.30741559421
LJPOGGAG_00394	0.0
LJPOGGAG_00395	0.0
LJPOGGAG_00396	0.0
LJPOGGAG_00397	0.0
LJPOGGAG_00398	0.0
LJPOGGAG_00399	0.0
LJPOGGAG_00400	0.0
LJPOGGAG_00401	0.0
LJPOGGAG_00402	0.0
LJPOGGAG_00403	0.0
LJPOGGAG_00404	0.0
LJPOGGAG_00405	0.0
LJPOGGAG_00406	0.0
LJPOGGAG_00407	0.0
LJPOGGAG_00408	0.0
LJPOGGAG_00409	0.0
LJPOGGAG_00410	0.0
LJPOGGAG_00411	0.0
LJPOGGAG_00412	0.0
LJPOGGAG_00413	0.0
LJPOGGAG_00414	6.18496830538
LJPOGGAG_00415	0.0
LJPOGGAG_00416	0.0
LJPOGGAG_00417	0.0
LJPOGGAG_00418	0.0
LJPOGGAG_00419	0.0
LJPOGGAG_00420	0.0
LJPOGGAG_00421	0.0
LJPOGGAG_00422	0.0
LJPOGGAG_00423	0.0
LJPOGGAG_00424	0.0
LJPOGGAG_00425	0.0
LJPOGGAG_00426	1.39722600059
LJPOGGAG_00427	0.0
LJPOGGAG_00428	0.0
LJPOGGAG_00429	0.0
LJPOGGAG_00430	0.0
LJPOGGAG_00431	0.0
LJPOGGAG_00432	0.0
LJPOGGAG_00433	0.0
LJPOGGAG_00434	0.0
LJPOGGAG_00435	0.0
LJPOGGAG_00436	2.17296227328
LJPOGGAG_00437	0.0
LJPOGGAG_00438	0.0
LJPOGGAG_00439	0.0
LJPOGGAG_00440	0.0
LJPOGGAG_00441	2.21763666213
LJPOGGAG_00442	0.0
LJPOGGAG_00443	0.0
LJPOGGAG_00444	0.0
LJPOGGAG_00445	0.0
LJPOGGAG_00446	0.0
LJPOGGAG_00447	0.0
LJPOGGAG_00448	0.0
LJPOGGAG_00449	0.0
LJPOGGAG_00450	0.0
LJPOGGAG_00451	0.0
LJPOGGAG_00452	2.76721003709
LJPOGGAG_00453	0.0
LJPOGGAG_00454	0.0
LJPOGGAG_00455	1.24902555866
LJPOGGAG_00456	0.0
LJPOGGAG_00457	0.0
LJPOGGAG_00458	0.0
LJPOGGAG_00459	0.0
LJPOGGAG_00460	0.0
LJPOGGAG_00461	8.42701931608
LJPOGGAG_00462	0.0
LJPOGGAG_00463	0.0
LJPOGGAG_00464	0.0
LJPOGGAG_00465	0.0
LJPOGGAG_00466	0.0
LJPOGGAG_00467	0.0
LJPOGGAG_00468	0.0
LJPOGGAG_00469	0.0
LJPOGGAG_00470	0.0
LJPOGGAG_00471	0.0
LJPOGGAG_00472	0.0
LJPOGGAG_00473	2.63001903233
LJPOGGAG_00474	0.0
LJPOGGAG_00475	0.0
LJPOGGAG_00476	0.0
LJPOGGAG_00477	0.0
LJPOGGAG_00478	0.0
LJPOGGAG_00479	0.0
LJPOGGAG_00480	0.0
LJPOGGAG_00481	0.0
LJPOGGAG_00482	0.0
LJPOGGAG_00483	0.0
LJPOGGAG_00484	0.0
LJPOGGAG_00485	0.0
LJPOGGAG_00486	0.0
LJPOGGAG_00487	0.0
LJPOGGAG_00488	2.21763666213
LJPOGGAG_00489	0.0
LJPOGGAG_00490	0.0
LJPOGGAG_00491	0.0
LJPOGGAG_00492	0.0
LJPOGGAG_00493	0.0
LJPOGGAG_00494	0.0
LJPOGGAG_00495	0.0
LJPOGGAG_00496	0.0
LJPOGGAG_00497	0.0
LJPOGGAG_00498	0.0
LJPOGGAG_00499	0.0
LJPOGGAG_00500	0.0
LJPOGGAG_00501	0.0
LJPOGGAG_00502	0.0
LJPOGGAG_00503	0.0
LJPOGGAG_00504	0.0
LJPOGGAG_00505	0.0
LJPOGGAG_00506	2.70205028171
LJPOGGAG_00507	0.0
LJPOGGAG_00508	0.0
LJPOGGAG_00509	1.60133383678
LJPOGGAG_00510	0.0
LJPOGGAG_00511	0.0
LJPOGGAG_00512	0.0
LJPOGGAG_00513	0.0
LJPOGGAG_00514	0.0
LJPOGGAG_00515	2.21763666213
LJPOGGAG_00516	0.0
LJPOGGAG_00517	0.0
LJPOGGAG_00518	0.0
LJPOGGAG_00519	0.0
LJPOGGAG_00520	0.0
LJPOGGAG_00521	4.87639454095
LJPOGGAG_00522	0.0
LJPOGGAG_00523	0.0
LJPOGGAG_00524	0.0
LJPOGGAG_00525	0.0
LJPOGGAG_00526	5.01857229742
LJPOGGAG_00527	0.0
LJPOGGAG_00528	11.4795309569
LJPOGGAG_00529	0.0
LJPOGGAG_00530	0.0
LJPOGGAG_00531	1.78585839811
LJPOGGAG_00532	0.0
LJPOGGAG_00533	0.0
LJPOGGAG_00534	0.0
LJPOGGAG_00535	0.0
LJPOGGAG_00536	0.0
LJPOGGAG_00537	2.64636524155
LJPOGGAG_00538	0.0
LJPOGGAG_00539	0.0
LJPOGGAG_00540	0.0
LJPOGGAG_00541	0.0
LJPOGGAG_00542	0.0
LJPOGGAG_00543	0.0
LJPOGGAG_00544	0.0
LJPOGGAG_00545	2.92161016375
LJPOGGAG_00546	0.0
LJPOGGAG_00547	0.0
LJPOGGAG_00548	0.0
LJPOGGAG_00549	0.0
LJPOGGAG_00550	0.0
LJPOGGAG_00551	0.0
LJPOGGAG_00552	0.0
LJPOGGAG_00553	0.0
LJPOGGAG_00554	3.47505951178
LJPOGGAG_00555	0.0
LJPOGGAG_00556	0.0
LJPOGGAG_00557	0.0
LJPOGGAG_00558	0.0
LJPOGGAG_00559	0.0
LJPOGGAG_00560	0.0
LJPOGGAG_00561	1.24269409269
LJPOGGAG_00562	0.0
LJPOGGAG_00563	0.0
LJPOGGAG_00564	0.0
LJPOGGAG_00565	0.0
LJPOGGAG_00566	0.0
LJPOGGAG_00567	0.0
LJPOGGAG_00568	0.0
LJPOGGAG_00569	0.0
LJPOGGAG_00570	0.0
LJPOGGAG_00571	0.0
LJPOGGAG_00572	0.0
LJPOGGAG_00573	0.0
LJPOGGAG_00574	0.0
LJPOGGAG_00575	0.0
LJPOGGAG_00576	0.0
LJPOGGAG_00577	0.0
LJPOGGAG_00578	0.0
LJPOGGAG_00579	0.0
LJPOGGAG_00580	0.0
LJPOGGAG_00581	4.52964084179
LJPOGGAG_00582	0.0
LJPOGGAG_00583	0.0
LJPOGGAG_00584	0.0
LJPOGGAG_00585	2.4938158272
LJPOGGAG_00586	0.0
LJPOGGAG_00587	0.0
LJPOGGAG_00588	0.0
LJPOGGAG_00589	0.0
LJPOGGAG_00590	0.0
LJPOGGAG_00591	0.0
LJPOGGAG_00592	0.0
LJPOGGAG_00593	2.2158144463
LJPOGGAG_00594	0.0
LJPOGGAG_00595	0.0
LJPOGGAG_00596	0.0
LJPOGGAG_00597	3.10673523173
LJPOGGAG_00598	0.0
LJPOGGAG_00599	0.0
LJPOGGAG_00600	0.0
LJPOGGAG_00601	0.0
LJPOGGAG_00602	0.0
LJPOGGAG_00603	0.0
LJPOGGAG_00604	0.0
LJPOGGAG_00605	0.0
LJPOGGAG_00606	2.96551999393
LJPOGGAG_00607	0.0
LJPOGGAG_00608	0.0
LJPOGGAG_00609	0.0
LJPOGGAG_00610	0.0
LJPOGGAG_00611	0.0
LJPOGGAG_00612	0.0
LJPOGGAG_00613	0.0
LJPOGGAG_00614	0.0
LJPOGGAG_00616	0.0
LJPOGGAG_00617	0.0
LJPOGGAG_00618	0.0
LJPOGGAG_00619	0.0
LJPOGGAG_00620	0.0
LJPOGGAG_00621	0.0
LJPOGGAG_00622	0.0
LJPOGGAG_00623	0.0
LJPOGGAG_00624	0.0
LJPOGGAG_00625	0.0
LJPOGGAG_00626	0.0
LJPOGGAG_00627	0.0
LJPOGGAG_00628	0.0
LJPOGGAG_00629	1.35919666388
LJPOGGAG_00630	0.0
LJPOGGAG_00631	0.0
LJPOGGAG_00632	0.0
LJPOGGAG_00633	0.0
LJPOGGAG_00634	0.0
LJPOGGAG_00635	0.0
LJPOGGAG_00636	1.09708957736
LJPOGGAG_00637	0.0
LJPOGGAG_00638	0.0
LJPOGGAG_00639	0.0
LJPOGGAG_00640	0.0
LJPOGGAG_00641	0.0
LJPOGGAG_00642	0.0
LJPOGGAG_00643	0.0
LJPOGGAG_00644	0.0
LJPOGGAG_00645	0.0
LJPOGGAG_00646	0.0
LJPOGGAG_00647	0.0
LJPOGGAG_00648	0.0
LJPOGGAG_00649	0.0
LJPOGGAG_00650	0.923192804226
LJPOGGAG_00651	0.0
LJPOGGAG_00652	0.0
LJPOGGAG_00653	0.0
LJPOGGAG_00654	0.0
LJPOGGAG_00655	0.0
LJPOGGAG_00656	0.0
LJPOGGAG_00657	0.0
LJPOGGAG_00658	0.0
LJPOGGAG_00659	0.0
LJPOGGAG_00660	0.0
LJPOGGAG_00661	1.07607589032
LJPOGGAG_00662	0.0
LJPOGGAG_00663	0.0
LJPOGGAG_00664	0.0
LJPOGGAG_00665	0.0
LJPOGGAG_00666	0.0
LJPOGGAG_00667	0.0
LJPOGGAG_00668	0.0
LJPOGGAG_00669	0.0
LJPOGGAG_00670	0.0
LJPOGGAG_00671	0.0
LJPOGGAG_00672	0.0
LJPOGGAG_00673	1.72419832554
LJPOGGAG_00674	0.0
LJPOGGAG_00675	17.7800847108
LJPOGGAG_00676	0.0
LJPOGGAG_00677	0.0
LJPOGGAG_00678	0.0
LJPOGGAG_00679	1.73083837044
LJPOGGAG_00680	0.0
LJPOGGAG_00681	0.0
LJPOGGAG_00682	0.0
LJPOGGAG_00683	0.0
LJPOGGAG_00684	0.0
LJPOGGAG_00685	0.0
LJPOGGAG_00686	0.0
LJPOGGAG_00687	0.0
LJPOGGAG_00688	0.0
LJPOGGAG_00689	0.0
LJPOGGAG_00690	0.0
LJPOGGAG_00691	0.0
LJPOGGAG_00692	0.0
LJPOGGAG_00693	0.0
LJPOGGAG_00694	0.0
LJPOGGAG_00695	0.0
LJPOGGAG_00696	0.0
LJPOGGAG_00697	0.0
LJPOGGAG_00698	0.0
LJPOGGAG_00699	0.0
LJPOGGAG_00700	0.0
LJPOGGAG_00701	0.0
LJPOGGAG_00702	0.0
LJPOGGAG_00703	0.0
LJPOGGAG_00704	0.0
LJPOGGAG_00705	0.0
LJPOGGAG_00706	0.0
LJPOGGAG_00707	0.0
LJPOGGAG_00708	0.0
LJPOGGAG_00709	0.0
LJPOGGAG_00710	0.0
LJPOGGAG_00711	8.90962394651
LJPOGGAG_00712	0.0
LJPOGGAG_00713	0.0
LJPOGGAG_00714	0.0
LJPOGGAG_00715	1.93863851987
LJPOGGAG_00716	0.0
LJPOGGAG_00717	0.881833283566
LJPOGGAG_00718	0.0
LJPOGGAG_00719	0.0
LJPOGGAG_00720	0.0
LJPOGGAG_00721	0.0
LJPOGGAG_00722	8.49783460445
LJPOGGAG_00723	0.0
LJPOGGAG_00724	0.0
LJPOGGAG_00725	0.0
LJPOGGAG_00726	0.0
LJPOGGAG_00727	0.0
LJPOGGAG_00728	0.0
LJPOGGAG_00729	0.0
LJPOGGAG_00730	0.0
LJPOGGAG_00731	0.0
LJPOGGAG_00732	0.0
LJPOGGAG_00733	0.0
LJPOGGAG_00734	0.0
LJPOGGAG_00735	0.0
LJPOGGAG_00736	0.0
LJPOGGAG_00737	0.0
LJPOGGAG_00738	0.0
LJPOGGAG_00739	0.0
LJPOGGAG_00740	0.0
LJPOGGAG_00741	0.0
LJPOGGAG_00742	1.95692756251
LJPOGGAG_00743	0.0
LJPOGGAG_00744	0.0
LJPOGGAG_00745	0.0
LJPOGGAG_00746	0.0
LJPOGGAG_00747	0.0
LJPOGGAG_00748	0.0
LJPOGGAG_00749	0.0
LJPOGGAG_00750	0.0
LJPOGGAG_00751	0.0
LJPOGGAG_00752	0.0
LJPOGGAG_00753	0.0
LJPOGGAG_00754	0.0
LJPOGGAG_00755	0.0
LJPOGGAG_00756	0.0
LJPOGGAG_00757	0.0
LJPOGGAG_00758	6.48752088487
LJPOGGAG_00759	0.0
LJPOGGAG_00760	0.0
LJPOGGAG_00761	0.0
LJPOGGAG_00762	0.0
LJPOGGAG_00763	0.0
LJPOGGAG_00764	0.0
LJPOGGAG_00765	0.0
LJPOGGAG_00766	0.0
LJPOGGAG_00767	0.0
LJPOGGAG_00768	0.0
LJPOGGAG_00769	0.0
LJPOGGAG_00770	0.0
LJPOGGAG_00771	0.0
LJPOGGAG_00772	0.0
LJPOGGAG_00773	0.0
LJPOGGAG_00774	0.0
LJPOGGAG_00775	0.0
LJPOGGAG_00776	0.0
LJPOGGAG_00777	0.0
LJPOGGAG_00778	0.0
LJPOGGAG_00779	0.0
LJPOGGAG_00781	0.0
LJPOGGAG_00782	0.0
LJPOGGAG_00783	0.0
LJPOGGAG_00784	0.0
LJPOGGAG_00785	0.0
LJPOGGAG_00786	0.0
LJPOGGAG_00787	0.0
LJPOGGAG_00788	0.0
LJPOGGAG_00789	0.0
LJPOGGAG_00790	9.03701803333
LJPOGGAG_00791	0.0
LJPOGGAG_00792	0.0
LJPOGGAG_00793	0.0
LJPOGGAG_00794	0.0
LJPOGGAG_00795	0.0
LJPOGGAG_00796	0.0
LJPOGGAG_00797	0.0
LJPOGGAG_00798	0.0
LJPOGGAG_00799	0.0
LJPOGGAG_00800	0.0
LJPOGGAG_00801	0.0
LJPOGGAG_00802	1.0084690281
LJPOGGAG_00803	0.0
LJPOGGAG_00804	0.0
LJPOGGAG_00805	0.0
LJPOGGAG_00806	0.0
LJPOGGAG_00807	0.0
LJPOGGAG_00808	0.0
LJPOGGAG_00809	0.0
LJPOGGAG_00810	0.0
LJPOGGAG_00811	8.58804516288
LJPOGGAG_00812	0.0
LJPOGGAG_00813	0.0
LJPOGGAG_00814	0.0
LJPOGGAG_00815	0.0
LJPOGGAG_00816	0.0
LJPOGGAG_00817	0.0
LJPOGGAG_00818	0.0
LJPOGGAG_00819	0.0
LJPOGGAG_00820	0.0
LJPOGGAG_00821	0.0
LJPOGGAG_00822	0.0
LJPOGGAG_00823	0.0
LJPOGGAG_00824	0.0
LJPOGGAG_00825	0.0
LJPOGGAG_00826	0.0
LJPOGGAG_00827	0.0
LJPOGGAG_00828	0.0
LJPOGGAG_00829	0.0
LJPOGGAG_00830	0.0
LJPOGGAG_00831	0.0
LJPOGGAG_00832	0.0
LJPOGGAG_00833	0.0
LJPOGGAG_00834	0.0
LJPOGGAG_00835	0.0
LJPOGGAG_00836	0.0
LJPOGGAG_00837	0.0
LJPOGGAG_00838	0.0
LJPOGGAG_00839	0.0
LJPOGGAG_00840	0.0
LJPOGGAG_00841	0.0
LJPOGGAG_00842	0.0
LJPOGGAG_00843	1.18690412902
LJPOGGAG_00844	0.0
LJPOGGAG_00845	0.0
LJPOGGAG_00846	0.0
LJPOGGAG_00847	0.0
LJPOGGAG_00848	0.0
LJPOGGAG_00849	0.0
LJPOGGAG_00850	0.0
LJPOGGAG_00851	0.0
LJPOGGAG_00852	0.0
LJPOGGAG_00853	0.0
LJPOGGAG_00854	0.0
LJPOGGAG_00855	0.0
LJPOGGAG_00857	0.0
LJPOGGAG_00858	0.0
LJPOGGAG_00859	0.0
LJPOGGAG_00860	0.0
LJPOGGAG_00861	0.0
LJPOGGAG_00862	0.0
LJPOGGAG_00863	2.51318376621
LJPOGGAG_00864	0.0
LJPOGGAG_00865	0.0
LJPOGGAG_00866	0.0
LJPOGGAG_00867	3.34571486494
LJPOGGAG_00868	0.0
LJPOGGAG_00869	0.0
LJPOGGAG_00870	0.0
LJPOGGAG_00871	0.0
LJPOGGAG_00872	0.0
LJPOGGAG_00873	3.5435560856
LJPOGGAG_00874	0.0
LJPOGGAG_00875	0.0
LJPOGGAG_00876	0.0
LJPOGGAG_00877	0.0
LJPOGGAG_00878	0.0
LJPOGGAG_00879	0.0
LJPOGGAG_00880	0.0
LJPOGGAG_00881	0.0
LJPOGGAG_00882	0.0
LJPOGGAG_00883	0.0
LJPOGGAG_00884	4.36703835003
LJPOGGAG_00885	0.0
LJPOGGAG_00886	0.0
LJPOGGAG_00887	0.0
LJPOGGAG_00888	0.0
LJPOGGAG_00889	0.0
LJPOGGAG_00890	0.0
LJPOGGAG_00891	0.0
LJPOGGAG_00892	0.0
LJPOGGAG_00893	0.0
LJPOGGAG_00894	0.0
LJPOGGAG_00895	0.0
LJPOGGAG_00896	0.0
LJPOGGAG_00897	0.0
LJPOGGAG_00898	0.0
LJPOGGAG_00899	0.0
LJPOGGAG_00900	2.23973935311
LJPOGGAG_00901	0.548991486389
LJPOGGAG_00902	0.0
LJPOGGAG_00903	0.0
LJPOGGAG_00904	0.0
LJPOGGAG_00905	0.0
LJPOGGAG_00906	0.0
LJPOGGAG_00907	0.0
LJPOGGAG_00908	0.0
LJPOGGAG_00909	0.0
LJPOGGAG_00910	0.0
LJPOGGAG_00911	0.0
LJPOGGAG_00912	0.0
LJPOGGAG_00913	0.0
LJPOGGAG_00914	0.0
LJPOGGAG_00915	0.0
LJPOGGAG_00916	0.0
LJPOGGAG_00917	0.0
LJPOGGAG_00918	2.05850853522
LJPOGGAG_00919	0.0
LJPOGGAG_00920	0.0
LJPOGGAG_00921	0.0
LJPOGGAG_00922	0.0
LJPOGGAG_00923	4.78978007308
LJPOGGAG_00924	0.0
LJPOGGAG_00925	0.0
LJPOGGAG_00926	0.0
LJPOGGAG_00927	0.0
LJPOGGAG_00928	0.0
LJPOGGAG_00929	0.0
LJPOGGAG_00930	0.0
LJPOGGAG_00931	0.0
LJPOGGAG_00932	0.0
LJPOGGAG_00933	0.0
LJPOGGAG_00934	0.0
LJPOGGAG_00935	0.0
LJPOGGAG_00936	2.25472088724
LJPOGGAG_00937	0.771351882478
LJPOGGAG_00938	0.0
LJPOGGAG_00939	0.0
LJPOGGAG_00940	0.0
LJPOGGAG_00941	0.0
LJPOGGAG_00942	0.0
LJPOGGAG_00943	0.0
LJPOGGAG_00944	0.0
LJPOGGAG_00945	4.72432757734
LJPOGGAG_00946	0.0
LJPOGGAG_00947	0.0
LJPOGGAG_00948	0.0
LJPOGGAG_00949	0.0
LJPOGGAG_00950	0.0
LJPOGGAG_00951	0.0
LJPOGGAG_00952	0.0
LJPOGGAG_00953	0.0
LJPOGGAG_00954	0.0
LJPOGGAG_00955	0.0
LJPOGGAG_00956	0.0
LJPOGGAG_00957	0.0
LJPOGGAG_00958	0.0
LJPOGGAG_00959	0.0
LJPOGGAG_00960	0.0
LJPOGGAG_00961	1.45137038813
LJPOGGAG_00962	0.0
LJPOGGAG_00963	0.0
LJPOGGAG_00964	0.0
LJPOGGAG_00965	0.0
LJPOGGAG_00966	1.62448565129
LJPOGGAG_00967	0.0
LJPOGGAG_00968	0.0
LJPOGGAG_00969	0.0
LJPOGGAG_00970	0.0
LJPOGGAG_00971	0.0
LJPOGGAG_00972	0.0
LJPOGGAG_00973	0.0
LJPOGGAG_00974	0.0
LJPOGGAG_00975	0.0
LJPOGGAG_00976	0.0
LJPOGGAG_00977	0.0
LJPOGGAG_00978	0.0
LJPOGGAG_00979	0.0
LJPOGGAG_00980	0.0
LJPOGGAG_00981	0.0
LJPOGGAG_00982	0.0
LJPOGGAG_00983	0.0
LJPOGGAG_00984	0.502355845966
LJPOGGAG_00985	0.0
LJPOGGAG_00986	0.0
LJPOGGAG_00987	0.0
LJPOGGAG_00988	0.0
LJPOGGAG_00989	0.0
LJPOGGAG_00990	0.0
LJPOGGAG_00991	0.0
LJPOGGAG_00992	0.0
LJPOGGAG_00993	0.0
LJPOGGAG_00994	0.0
LJPOGGAG_00995	0.0
LJPOGGAG_00996	0.0
LJPOGGAG_00997	0.0
LJPOGGAG_00998	0.0
LJPOGGAG_00999	0.0
LJPOGGAG_01000	0.0
LJPOGGAG_01001	0.0
LJPOGGAG_01002	0.0
LJPOGGAG_01003	0.0
LJPOGGAG_01004	0.0
LJPOGGAG_01005	1.22574826416
LJPOGGAG_01006	0.0
LJPOGGAG_01007	0.0
LJPOGGAG_01008	0.969319259937
LJPOGGAG_01009	0.0
LJPOGGAG_01010	0.0
LJPOGGAG_01011	0.0
LJPOGGAG_01012	0.698251212104
LJPOGGAG_01013	0.546322159875
LJPOGGAG_01014	0.0
LJPOGGAG_01016	0.0
LJPOGGAG_01017	0.0
LJPOGGAG_01018	0.0
LJPOGGAG_01019	0.0
LJPOGGAG_01020	0.0
LJPOGGAG_01021	0.0
LJPOGGAG_01022	0.0
LJPOGGAG_01023	0.0
LJPOGGAG_01024	0.0
LJPOGGAG_01025	0.0
LJPOGGAG_01026	0.0
LJPOGGAG_01027	0.0
LJPOGGAG_01028	0.0
LJPOGGAG_01029	0.0
LJPOGGAG_01030	0.0
LJPOGGAG_01031	2.68590257086
LJPOGGAG_01035	3.22565332673
LJPOGGAG_01036	0.0
LJPOGGAG_01037	0.0
LJPOGGAG_01038	0.0
LJPOGGAG_01039	0.0
LJPOGGAG_01040	0.0
LJPOGGAG_01041	0.0
LJPOGGAG_01042	0.0
LJPOGGAG_01043	0.0
LJPOGGAG_01044	0.0
LJPOGGAG_01045	0.0
LJPOGGAG_01046	0.0
LJPOGGAG_01047	0.0
LJPOGGAG_01048	0.923508966145
LJPOGGAG_01049	0.0
LJPOGGAG_01050	0.0
LJPOGGAG_01051	0.0
LJPOGGAG_01052	0.0
LJPOGGAG_01053	0.0
LJPOGGAG_01054	0.0
LJPOGGAG_01055	0.0
LJPOGGAG_01056	0.0
LJPOGGAG_01057	0.0
LJPOGGAG_01058	0.0
LJPOGGAG_01059	0.0
LJPOGGAG_01060	0.0
LJPOGGAG_01061	0.0
LJPOGGAG_01062	2.42068777482
LJPOGGAG_01063	0.0
LJPOGGAG_01064	0.0
LJPOGGAG_01065	0.0
LJPOGGAG_01066	0.0
LJPOGGAG_01067	0.0
LJPOGGAG_01068	0.0
LJPOGGAG_01069	0.0
LJPOGGAG_01070	0.0
LJPOGGAG_01071	0.0
LJPOGGAG_01072	0.0
LJPOGGAG_01073	0.0
LJPOGGAG_01074	0.0
LJPOGGAG_01075	0.0
LJPOGGAG_01076	0.0
LJPOGGAG_01077	0.0
LJPOGGAG_01078	0.0
LJPOGGAG_01079	6.45130665346
LJPOGGAG_01080	0.0
LJPOGGAG_01081	0.0
LJPOGGAG_01082	2.0460137945
LJPOGGAG_01083	0.0
LJPOGGAG_01084	10.2231742335
LJPOGGAG_01085	2.59542462093
LJPOGGAG_01086	0.0
LJPOGGAG_01087	0.0
LJPOGGAG_01088	4.72858799299
LJPOGGAG_01089	0.0
LJPOGGAG_01090	3.5482186594
LJPOGGAG_01091	0.0
LJPOGGAG_01092	0.0
LJPOGGAG_01093	0.0
LJPOGGAG_01094	0.0
LJPOGGAG_01095	0.0
LJPOGGAG_01096	0.0
LJPOGGAG_01097	0.0
LJPOGGAG_01098	0.0
LJPOGGAG_01099	0.0
LJPOGGAG_01100	0.0
LJPOGGAG_01102	0.0
LJPOGGAG_01103	0.0
LJPOGGAG_01104	0.0
LJPOGGAG_01105	0.0
LJPOGGAG_01106	0.0
LJPOGGAG_01107	0.0
LJPOGGAG_01108	0.0
LJPOGGAG_01109	0.0
LJPOGGAG_01110	0.0
LJPOGGAG_01111	10.679786856
LJPOGGAG_01112	0.0
LJPOGGAG_01113	0.0
LJPOGGAG_01114	4.89409470262
LJPOGGAG_01115	0.0
LJPOGGAG_01116	0.0
LJPOGGAG_01117	0.0
LJPOGGAG_01118	0.0
LJPOGGAG_01120	0.0
LJPOGGAG_01121	0.0
LJPOGGAG_01122	0.0
LJPOGGAG_01123	0.0
LJPOGGAG_01124	0.0
LJPOGGAG_01125	0.0
LJPOGGAG_01126	0.0
LJPOGGAG_01127	0.0
LJPOGGAG_01128	0.0
LJPOGGAG_01129	0.0
LJPOGGAG_01130	0.0
LJPOGGAG_01131	0.0
LJPOGGAG_01132	0.0
LJPOGGAG_01133	0.0
LJPOGGAG_01134	0.0
LJPOGGAG_01135	0.0
LJPOGGAG_01136	0.0
LJPOGGAG_01137	0.0
LJPOGGAG_01138	0.0
LJPOGGAG_01139	0.0
LJPOGGAG_01140	0.0
LJPOGGAG_01141	0.0
LJPOGGAG_01142	0.0
LJPOGGAG_01143	0.0
LJPOGGAG_01144	0.0
LJPOGGAG_01145	0.0
LJPOGGAG_01146	0.0
LJPOGGAG_01147	0.0
LJPOGGAG_01148	0.0
LJPOGGAG_01149	0.0
LJPOGGAG_01150	0.0
LJPOGGAG_01151	0.0
LJPOGGAG_01152	0.0
LJPOGGAG_01153	0.0
LJPOGGAG_01155	0.0
LJPOGGAG_01159	0.0
LJPOGGAG_01160	0.0
LJPOGGAG_01161	0.0
LJPOGGAG_01162	1.0444020841
LJPOGGAG_01163	0.0
LJPOGGAG_01164	0.0
LJPOGGAG_01165	0.0
LJPOGGAG_01166	0.0
LJPOGGAG_01167	1.16940424161
LJPOGGAG_01168	0.0
LJPOGGAG_01169	0.0
LJPOGGAG_01170	7.54658446216
LJPOGGAG_01171	0.0
LJPOGGAG_01172	0.0
LJPOGGAG_01173	0.0
LJPOGGAG_01174	0.0
LJPOGGAG_01175	0.0
LJPOGGAG_01176	0.0
LJPOGGAG_01177	0.0
LJPOGGAG_01178	0.0
LJPOGGAG_01179	0.0
LJPOGGAG_01180	0.0
LJPOGGAG_01181	0.0
LJPOGGAG_01182	0.0
LJPOGGAG_01183	0.0
LJPOGGAG_01184	0.0
LJPOGGAG_01185	0.0
LJPOGGAG_01186	0.0
LJPOGGAG_01187	0.0
LJPOGGAG_01188	0.0
LJPOGGAG_01189	0.0
LJPOGGAG_01190	0.0
LJPOGGAG_01192	0.0
LJPOGGAG_01193	0.0
LJPOGGAG_01194	0.0
LJPOGGAG_01195	0.0
LJPOGGAG_01196	0.0
LJPOGGAG_01197	0.0
LJPOGGAG_01198	0.0
LJPOGGAG_01199	0.0
LJPOGGAG_01200	0.0
LJPOGGAG_01201	0.0
LJPOGGAG_01202	0.0
LJPOGGAG_01203	0.0
LJPOGGAG_01204	0.0
LJPOGGAG_01205	0.0
LJPOGGAG_01207	0.0
LJPOGGAG_01208	0.0
LJPOGGAG_01209	0.0
LJPOGGAG_01210	0.0
LJPOGGAG_01211	0.0
LJPOGGAG_01212	0.0
LJPOGGAG_01213	0.0
LJPOGGAG_01214	0.0
LJPOGGAG_01215	0.0
LJPOGGAG_01216	0.0
LJPOGGAG_01217	2.15387075171
LJPOGGAG_01218	0.0
LJPOGGAG_01219	0.0
LJPOGGAG_01220	1.39433618467
LJPOGGAG_01221	0.0
LJPOGGAG_01222	0.0
LJPOGGAG_01223	0.0
LJPOGGAG_01224	0.0
LJPOGGAG_01225	0.0
LJPOGGAG_01226	0.0
LJPOGGAG_01227	0.0
LJPOGGAG_01228	0.0
LJPOGGAG_01229	0.0
LJPOGGAG_01230	0.0
LJPOGGAG_01231	0.0
LJPOGGAG_01232	0.0
LJPOGGAG_01233	0.0
LJPOGGAG_01234	0.0
LJPOGGAG_01235	0.0
LJPOGGAG_01236	0.0
LJPOGGAG_01237	0.0
LJPOGGAG_01238	0.0
LJPOGGAG_01239	0.0
LJPOGGAG_01240	0.0
LJPOGGAG_01241	0.0
LJPOGGAG_01242	0.0
LJPOGGAG_01243	0.0
LJPOGGAG_01244	0.0
LJPOGGAG_01245	0.0
LJPOGGAG_01246	0.0
LJPOGGAG_01247	0.0
LJPOGGAG_01248	0.0
LJPOGGAG_01249	0.0
LJPOGGAG_01250	0.0
LJPOGGAG_01251	0.0
LJPOGGAG_01252	0.0
LJPOGGAG_01253	3.83046332549
LJPOGGAG_01254	0.0
LJPOGGAG_01255	0.0
LJPOGGAG_01258	0.0
LJPOGGAG_01259	0.0
LJPOGGAG_01260	0.0
LJPOGGAG_01261	0.0
LJPOGGAG_01262	0.0
LJPOGGAG_01263	1.35102514085
LJPOGGAG_01264	0.0
LJPOGGAG_01265	0.0
LJPOGGAG_01266	0.0
LJPOGGAG_01267	0.0
LJPOGGAG_01268	0.0
LJPOGGAG_01269	0.0
LJPOGGAG_01270	0.0
LJPOGGAG_01271	0.0
LJPOGGAG_01272	0.0
LJPOGGAG_01273	0.0
LJPOGGAG_01274	0.0
LJPOGGAG_01275	0.0
LJPOGGAG_01276	0.0
LJPOGGAG_01277	0.0
LJPOGGAG_01278	0.0
LJPOGGAG_01279	0.0
LJPOGGAG_01280	0.0
LJPOGGAG_01281	0.0
LJPOGGAG_01282	0.0
LJPOGGAG_01283	113.35459611
LJPOGGAG_01284	0.0
LJPOGGAG_01285	0.0
LJPOGGAG_01286	0.0
LJPOGGAG_01287	0.0
LJPOGGAG_01288	0.0
LJPOGGAG_01289	0.0
LJPOGGAG_01290	0.0
LJPOGGAG_01291	0.0
LJPOGGAG_01292	0.0
LJPOGGAG_01293	0.0
LJPOGGAG_01294	0.0
LJPOGGAG_01295	0.0
LJPOGGAG_01296	0.0
LJPOGGAG_01297	0.0
LJPOGGAG_01298	0.0
LJPOGGAG_01299	0.0
LJPOGGAG_01300	0.0
LJPOGGAG_01301	0.0
LJPOGGAG_01302	0.0
LJPOGGAG_01303	0.0
LJPOGGAG_01304	0.0
LJPOGGAG_01305	0.0
LJPOGGAG_01306	0.0
LJPOGGAG_01307	0.0
LJPOGGAG_01308	0.0
LJPOGGAG_01309	0.0
LJPOGGAG_01310	0.0
LJPOGGAG_01311	0.0
LJPOGGAG_01312	0.0
LJPOGGAG_01313	0.0
LJPOGGAG_01314	0.0
LJPOGGAG_01315	0.0
LJPOGGAG_01316	0.0
LJPOGGAG_01318	0.0
LJPOGGAG_01319	0.0
LJPOGGAG_01320	0.0
LJPOGGAG_01321	0.0
LJPOGGAG_01322	0.0
LJPOGGAG_01323	0.0
LJPOGGAG_01324	0.0
LJPOGGAG_01325	0.0
LJPOGGAG_01326	0.0
LJPOGGAG_01327	0.0
LJPOGGAG_01328	0.0
LJPOGGAG_01329	0.0
LJPOGGAG_01330	0.0
LJPOGGAG_01331	0.0
LJPOGGAG_01332	0.0
LJPOGGAG_01333	0.0
LJPOGGAG_01334	0.0
LJPOGGAG_01335	0.0
LJPOGGAG_01336	0.0
LJPOGGAG_01337	0.0
LJPOGGAG_01338	0.0
LJPOGGAG_01339	0.0
LJPOGGAG_01340	0.0
LJPOGGAG_01341	0.0
LJPOGGAG_01342	0.0
LJPOGGAG_01343	0.0
LJPOGGAG_01344	0.0
LJPOGGAG_01345	0.0
LJPOGGAG_01346	0.0
LJPOGGAG_01347	0.0
LJPOGGAG_01348	0.0
LJPOGGAG_01349	0.0
LJPOGGAG_01350	0.0
LJPOGGAG_01351	0.0
LJPOGGAG_01352	0.0
LJPOGGAG_01353	0.0
LJPOGGAG_01354	0.0
LJPOGGAG_01355	0.0
LJPOGGAG_01356	4.56028102787
LJPOGGAG_01357	0.0
LJPOGGAG_01359	0.0
LJPOGGAG_01360	0.0
LJPOGGAG_01361	0.0
LJPOGGAG_01362	0.0
LJPOGGAG_01363	0.0
LJPOGGAG_01364	0.0
LJPOGGAG_01365	0.0
LJPOGGAG_01366	0.0
LJPOGGAG_01367	0.0
LJPOGGAG_01368	0.0
LJPOGGAG_01369	0.0
LJPOGGAG_01370	0.0
LJPOGGAG_01371	0.0
LJPOGGAG_01372	0.0
LJPOGGAG_01373	0.0
LJPOGGAG_01374	0.0
LJPOGGAG_01375	0.795940431271
LJPOGGAG_01376	0.0
LJPOGGAG_01377	0.0
LJPOGGAG_01378	0.0
LJPOGGAG_01379	0.0
LJPOGGAG_01380	0.0
LJPOGGAG_01381	0.0
LJPOGGAG_01382	0.0
LJPOGGAG_01383	0.0
LJPOGGAG_01384	0.0
LJPOGGAG_01385	0.0
LJPOGGAG_01386	1.06334628594
LJPOGGAG_01387	0.0
LJPOGGAG_01388	0.0
LJPOGGAG_01389	1.40158325423
LJPOGGAG_01390	0.0
LJPOGGAG_01391	0.0
LJPOGGAG_01392	0.0
LJPOGGAG_01393	0.0
LJPOGGAG_01394	0.0
LJPOGGAG_01395	0.0
LJPOGGAG_01396	0.0
LJPOGGAG_01397	0.0
LJPOGGAG_01398	0.0
LJPOGGAG_01399	0.0
LJPOGGAG_01400	0.0
LJPOGGAG_01401	0.0
LJPOGGAG_01402	0.0
LJPOGGAG_01403	0.0
LJPOGGAG_01404	0.0
LJPOGGAG_01405	0.0
LJPOGGAG_01406	26.2538571182
LJPOGGAG_01407	0.0
LJPOGGAG_01408	0.0
LJPOGGAG_01409	0.0
LJPOGGAG_01410	0.0
LJPOGGAG_01411	6.16235416166
LJPOGGAG_01412	0.0
LJPOGGAG_01413	0.0
LJPOGGAG_01414	2.74607554088
LJPOGGAG_01415	0.0
LJPOGGAG_01416	0.0
LJPOGGAG_01417	0.0
LJPOGGAG_01418	0.0
LJPOGGAG_01419	0.0
LJPOGGAG_01420	0.0
LJPOGGAG_01421	0.0
LJPOGGAG_01422	0.0
LJPOGGAG_01423	0.0
LJPOGGAG_01424	0.0
LJPOGGAG_01425	0.0
LJPOGGAG_01426	0.0
LJPOGGAG_01427	0.0
LJPOGGAG_01428	0.0
LJPOGGAG_01429	0.0
LJPOGGAG_01430	0.0
LJPOGGAG_01431	0.0
LJPOGGAG_01433	0.0
LJPOGGAG_01434	0.0
LJPOGGAG_01435	0.0
LJPOGGAG_01436	0.0
LJPOGGAG_01437	0.0
LJPOGGAG_01438	0.0
LJPOGGAG_01439	0.0
LJPOGGAG_01440	0.0
LJPOGGAG_01441	0.0
LJPOGGAG_01442	0.0
LJPOGGAG_01443	0.0
LJPOGGAG_01444	0.0
LJPOGGAG_01445	0.0
LJPOGGAG_01446	0.0
LJPOGGAG_01447	0.0
LJPOGGAG_01448	0.0
LJPOGGAG_01449	1.18377795485
LJPOGGAG_01450	0.0
LJPOGGAG_01451	0.0
LJPOGGAG_01452	0.0
LJPOGGAG_01453	0.0
LJPOGGAG_01454	0.0
LJPOGGAG_01455	0.0
LJPOGGAG_01456	0.0
LJPOGGAG_01457	0.0
LJPOGGAG_01458	0.0
LJPOGGAG_01459	0.0
LJPOGGAG_01460	0.0
LJPOGGAG_01461	0.0
LJPOGGAG_01462	0.0
LJPOGGAG_01463	30.9218864536
LJPOGGAG_01464	0.0
LJPOGGAG_01465	0.0
LJPOGGAG_01466	0.0
LJPOGGAG_01467	0.0
LJPOGGAG_01468	0.0
LJPOGGAG_01469	0.0
LJPOGGAG_01470	0.0
LJPOGGAG_01471	0.0
LJPOGGAG_01472	0.0
LJPOGGAG_01473	0.0
LJPOGGAG_01474	0.0
LJPOGGAG_01475	1.44205678136
LJPOGGAG_01476	0.0
LJPOGGAG_01477	0.0
LJPOGGAG_01478	4.64138757512
LJPOGGAG_01479	0.0
LJPOGGAG_01480	0.0
LJPOGGAG_01481	0.0
LJPOGGAG_01482	0.0
LJPOGGAG_01483	0.0
LJPOGGAG_01484	0.0
LJPOGGAG_01485	0.0
LJPOGGAG_01486	0.0
LJPOGGAG_01487	0.0
LJPOGGAG_01488	0.0
LJPOGGAG_01489	0.0
LJPOGGAG_01490	0.0
LJPOGGAG_01491	0.0
LJPOGGAG_01492	0.0
LJPOGGAG_01493	0.0
LJPOGGAG_01494	0.0
LJPOGGAG_01495	0.0
LJPOGGAG_01496	0.0
LJPOGGAG_01497	0.0
LJPOGGAG_01498	0.0
LJPOGGAG_01499	0.0
LJPOGGAG_01500	0.0
LJPOGGAG_01501	0.0
LJPOGGAG_01502	1.72419832554
LJPOGGAG_01503	0.0
LJPOGGAG_01504	0.0
LJPOGGAG_01505	0.0
LJPOGGAG_01506	0.0
LJPOGGAG_01507	0.0
LJPOGGAG_01508	0.0
LJPOGGAG_01509	0.912261901605
LJPOGGAG_01510	0.0
LJPOGGAG_01511	0.0
LJPOGGAG_01513	0.0
LJPOGGAG_01514	0.0
LJPOGGAG_01515	0.0
LJPOGGAG_01516	0.0
LJPOGGAG_01517	0.0
LJPOGGAG_01518	0.0
LJPOGGAG_01519	0.0
LJPOGGAG_01520	0.0
LJPOGGAG_01521	0.0
LJPOGGAG_01522	0.0
LJPOGGAG_01523	0.0
LJPOGGAG_01524	0.0
LJPOGGAG_01525	0.0
LJPOGGAG_01526	0.0
LJPOGGAG_01528	0.0
LJPOGGAG_01529	0.0
LJPOGGAG_01530	0.0
LJPOGGAG_01531	0.0
LJPOGGAG_01532	0.0
LJPOGGAG_01533	0.0
LJPOGGAG_01534	0.0
LJPOGGAG_01535	0.0
LJPOGGAG_01536	0.0
LJPOGGAG_01537	0.0
LJPOGGAG_01538	0.0
LJPOGGAG_01539	0.0
LJPOGGAG_01540	0.0
LJPOGGAG_01541	0.0
LJPOGGAG_01542	0.0
LJPOGGAG_01543	0.0
LJPOGGAG_01544	0.0
LJPOGGAG_01545	0.0
LJPOGGAG_01546	0.0
LJPOGGAG_01547	1.49980321532
LJPOGGAG_01548	0.0
LJPOGGAG_01549	0.0
LJPOGGAG_01550	0.0
LJPOGGAG_01551	0.0
LJPOGGAG_01552	0.0
LJPOGGAG_01553	0.0
LJPOGGAG_01554	0.0
LJPOGGAG_01555	0.0
LJPOGGAG_01556	0.0
LJPOGGAG_01557	0.0
LJPOGGAG_01558	0.0
LJPOGGAG_01559	1.27080404389
LJPOGGAG_01560	0.0
LJPOGGAG_01561	0.0
LJPOGGAG_01562	0.0
LJPOGGAG_01563	0.0
LJPOGGAG_01564	0.0
LJPOGGAG_01565	0.0
LJPOGGAG_01566	0.0
LJPOGGAG_01567	0.0
LJPOGGAG_01568	0.0
LJPOGGAG_01569	0.0
LJPOGGAG_01570	0.0
LJPOGGAG_01571	0.0
LJPOGGAG_01572	0.0
LJPOGGAG_01573	0.0
LJPOGGAG_01574	0.0
LJPOGGAG_01575	0.0
LJPOGGAG_01576	0.0
LJPOGGAG_01577	0.0
LJPOGGAG_01578	0.0
LJPOGGAG_01579	0.0
LJPOGGAG_01581	0.0
LJPOGGAG_01582	0.0
LJPOGGAG_01583	0.0
LJPOGGAG_01584	0.0
LJPOGGAG_01585	0.0
LJPOGGAG_01586	0.0
LJPOGGAG_01587	0.0
LJPOGGAG_01588	0.0
LJPOGGAG_01589	0.0
LJPOGGAG_01590	0.0
LJPOGGAG_01591	0.0
LJPOGGAG_01592	0.0
LJPOGGAG_01593	0.0
LJPOGGAG_01594	0.0
LJPOGGAG_01595	0.0
LJPOGGAG_01596	0.0
LJPOGGAG_01597	0.0
LJPOGGAG_01598	0.0
LJPOGGAG_01599	0.0
LJPOGGAG_01600	0.0
LJPOGGAG_01601	0.0
LJPOGGAG_01602	0.0
LJPOGGAG_01603	0.0
LJPOGGAG_01604	0.0
LJPOGGAG_01605	0.0
LJPOGGAG_01606	0.0
LJPOGGAG_01607	0.0
LJPOGGAG_01608	0.0
LJPOGGAG_01609	0.0
LJPOGGAG_01610	0.0
LJPOGGAG_01611	0.0
LJPOGGAG_01612	15.321853302
LJPOGGAG_01613	0.0
LJPOGGAG_01614	0.0
LJPOGGAG_01615	0.0
LJPOGGAG_01616	0.0
LJPOGGAG_01617	0.0
LJPOGGAG_01618	0.0
LJPOGGAG_01619	0.0
LJPOGGAG_01620	0.0
LJPOGGAG_01621	0.0
LJPOGGAG_01622	0.0
LJPOGGAG_01623	0.0
LJPOGGAG_01624	0.0
LJPOGGAG_01625	0.0
LJPOGGAG_01626	0.0
LJPOGGAG_01627	0.0
LJPOGGAG_01628	0.0
LJPOGGAG_01629	0.0
LJPOGGAG_01630	0.639621959475
LJPOGGAG_01631	0.0
LJPOGGAG_01632	0.0
LJPOGGAG_01633	0.0
LJPOGGAG_01634	0.0
LJPOGGAG_01635	0.0
LJPOGGAG_01636	0.0
LJPOGGAG_01637	688.045879171
LJPOGGAG_01638	0.0
LJPOGGAG_01641	0.0
LJPOGGAG_01642	0.0
LJPOGGAG_01643	0.0
LJPOGGAG_01644	0.0
LJPOGGAG_01645	0.0
LJPOGGAG_01646	0.0
LJPOGGAG_01647	0.0
LJPOGGAG_01648	0.0
LJPOGGAG_01649	0.0
LJPOGGAG_01650	0.0
LJPOGGAG_01651	0.0
LJPOGGAG_01652	0.0
LJPOGGAG_01653	0.0
LJPOGGAG_01654	0.0
LJPOGGAG_01655	0.0
LJPOGGAG_01656	0.0
LJPOGGAG_01657	1.05667953807
LJPOGGAG_01658	0.0
LJPOGGAG_01659	1.3674676375
LJPOGGAG_01660	0.0
LJPOGGAG_01661	0.0
LJPOGGAG_01662	0.0
LJPOGGAG_01663	0.0
LJPOGGAG_01664	0.0
LJPOGGAG_01665	0.0
LJPOGGAG_01666	0.0
LJPOGGAG_01667	0.0
LJPOGGAG_01668	0.0
LJPOGGAG_01669	0.0
LJPOGGAG_01670	0.0
LJPOGGAG_01671	0.0
LJPOGGAG_01672	2.25472088724
LJPOGGAG_01673	0.0
LJPOGGAG_01674	0.0
LJPOGGAG_01675	0.0
LJPOGGAG_01676	0.0
LJPOGGAG_01677	0.0
LJPOGGAG_01678	0.0
LJPOGGAG_01679	0.0
LJPOGGAG_01680	0.0
LJPOGGAG_01681	0.0
LJPOGGAG_01682	0.0
LJPOGGAG_01683	0.0
LJPOGGAG_01684	0.0
LJPOGGAG_01685	2.67790087502
LJPOGGAG_01686	4.79451118734
LJPOGGAG_01687	0.0
LJPOGGAG_01688	5.84533131751
LJPOGGAG_01689	0.0
LJPOGGAG_01690	0.0
LJPOGGAG_01691	0.0
LJPOGGAG_01692	5.25320684639
LJPOGGAG_01693	0.0
LJPOGGAG_01694	1.2358598447
LJPOGGAG_01695	0.778028326931
LJPOGGAG_01696	0.0
LJPOGGAG_01697	0.0
LJPOGGAG_01698	0.0
LJPOGGAG_01699	0.0
LJPOGGAG_01700	0.0
LJPOGGAG_01701	0.0
LJPOGGAG_01702	0.0
LJPOGGAG_01703	0.0
LJPOGGAG_01704	0.0
LJPOGGAG_01705	0.0
LJPOGGAG_01706	0.0
LJPOGGAG_01707	0.0
LJPOGGAG_01708	0.0
LJPOGGAG_01709	0.0
LJPOGGAG_01710	1.73083837044
LJPOGGAG_01711	0.0
LJPOGGAG_01712	0.0
LJPOGGAG_01713	0.0
LJPOGGAG_01714	0.0
LJPOGGAG_01715	0.0
LJPOGGAG_01716	0.0
LJPOGGAG_01717	0.0
LJPOGGAG_01718	0.0
LJPOGGAG_01719	0.0
LJPOGGAG_01720	0.0
LJPOGGAG_01721	0.0
LJPOGGAG_01722	0.0
LJPOGGAG_01723	0.0
LJPOGGAG_01724	0.0
LJPOGGAG_01725	0.0
LJPOGGAG_01726	0.0
LJPOGGAG_01727	0.0
LJPOGGAG_01728	0.0
LJPOGGAG_01729	0.0
LJPOGGAG_01730	0.0
LJPOGGAG_01731	0.0
LJPOGGAG_01732	0.0
LJPOGGAG_01733	0.0
LJPOGGAG_01734	0.0
LJPOGGAG_01735	0.0
LJPOGGAG_01736	0.0
LJPOGGAG_01737	0.0
LJPOGGAG_01738	0.0
LJPOGGAG_01739	0.0
LJPOGGAG_01740	0.0
LJPOGGAG_01741	0.0
LJPOGGAG_01742	0.0
LJPOGGAG_01744	0.0
LJPOGGAG_01745	0.0
LJPOGGAG_01746	0.0
LJPOGGAG_01747	0.0
LJPOGGAG_01748	0.0
LJPOGGAG_01749	1.22352367566
LJPOGGAG_01750	0.0
