JJKHBNAG_00001	0.0
JJKHBNAG_00002	0.0
JJKHBNAG_00003	0.0
JJKHBNAG_00004	0.0
JJKHBNAG_00005	0.0
JJKHBNAG_00006	0.0
JJKHBNAG_00007	0.0
JJKHBNAG_00008	9.23525153879
JJKHBNAG_00009	0.0
JJKHBNAG_00010	0.0
JJKHBNAG_00011	0.0
JJKHBNAG_00012	0.0
JJKHBNAG_00013	0.0
JJKHBNAG_00014	0.0
JJKHBNAG_00015	0.0
JJKHBNAG_00016	0.0
JJKHBNAG_00017	0.0
JJKHBNAG_00018	2.01848312075
JJKHBNAG_00019	0.0
JJKHBNAG_00020	1.9409981641
JJKHBNAG_00021	0.0
JJKHBNAG_00022	0.0
JJKHBNAG_00023	0.0
JJKHBNAG_00024	0.0
JJKHBNAG_00025	0.0
JJKHBNAG_00026	0.0
JJKHBNAG_00027	0.0
JJKHBNAG_00028	0.0
JJKHBNAG_00029	0.0
JJKHBNAG_00030	0.0
JJKHBNAG_00031	0.0
JJKHBNAG_00032	0.0
JJKHBNAG_00033	0.0
JJKHBNAG_00034	0.0
JJKHBNAG_00035	0.0
JJKHBNAG_00036	0.0
JJKHBNAG_00037	0.0
JJKHBNAG_00038	0.0
JJKHBNAG_00039	0.0
JJKHBNAG_00040	0.0
JJKHBNAG_00041	0.0
JJKHBNAG_00042	0.0
JJKHBNAG_00043	0.0
JJKHBNAG_00044	6.40038002214
JJKHBNAG_00045	0.0
JJKHBNAG_00046	0.0
JJKHBNAG_00047	0.0
JJKHBNAG_00048	0.0
JJKHBNAG_00049	0.0
JJKHBNAG_00050	0.0
JJKHBNAG_00051	0.0
JJKHBNAG_00052	0.0
JJKHBNAG_00053	0.0
JJKHBNAG_00054	0.0
JJKHBNAG_00055	0.0
JJKHBNAG_00056	0.0
JJKHBNAG_00057	0.0
JJKHBNAG_00058	0.0
JJKHBNAG_00059	0.0
JJKHBNAG_00060	0.0
JJKHBNAG_00061	0.0
JJKHBNAG_00062	0.0
JJKHBNAG_00063	5.1529174191
JJKHBNAG_00064	0.0
JJKHBNAG_00065	0.0
JJKHBNAG_00066	0.0
JJKHBNAG_00067	0.0
JJKHBNAG_00068	0.0
JJKHBNAG_00069	0.0
JJKHBNAG_00070	0.0
JJKHBNAG_00071	0.0
JJKHBNAG_00072	0.0
JJKHBNAG_00073	2.00348696087
JJKHBNAG_00074	0.0
JJKHBNAG_00075	0.0
JJKHBNAG_00076	0.0
JJKHBNAG_00077	0.0
JJKHBNAG_00078	0.0
JJKHBNAG_00079	0.0
JJKHBNAG_00080	0.0
JJKHBNAG_00081	0.0
JJKHBNAG_00082	0.0
JJKHBNAG_00083	0.0
JJKHBNAG_00084	0.0
JJKHBNAG_00085	0.0
JJKHBNAG_00086	0.0
JJKHBNAG_00087	0.0
JJKHBNAG_00088	0.0
JJKHBNAG_00089	0.0
JJKHBNAG_00090	0.0
JJKHBNAG_00091	0.0
JJKHBNAG_00092	0.0
JJKHBNAG_00093	0.0
JJKHBNAG_00094	0.0
JJKHBNAG_00095	0.0
JJKHBNAG_00096	0.0
JJKHBNAG_00097	0.0
JJKHBNAG_00098	0.0
JJKHBNAG_00099	0.0
JJKHBNAG_00100	0.0
JJKHBNAG_00101	0.0
JJKHBNAG_00102	0.0
JJKHBNAG_00103	0.0
JJKHBNAG_00104	0.0
JJKHBNAG_00105	0.0
JJKHBNAG_00106	0.0
JJKHBNAG_00107	0.0
JJKHBNAG_00108	0.0
JJKHBNAG_00109	0.0
JJKHBNAG_00110	0.0
JJKHBNAG_00111	0.0
JJKHBNAG_00112	0.0
JJKHBNAG_00113	0.0
JJKHBNAG_00114	0.0
JJKHBNAG_00115	0.0
JJKHBNAG_00116	0.0
JJKHBNAG_00117	0.0
JJKHBNAG_00118	0.0
JJKHBNAG_00119	0.0
JJKHBNAG_00120	0.0
JJKHBNAG_00121	0.0
JJKHBNAG_00122	0.0
JJKHBNAG_00123	4.39678279782
JJKHBNAG_00124	0.0
JJKHBNAG_00125	0.0
JJKHBNAG_00126	0.0
JJKHBNAG_00127	0.0
JJKHBNAG_00128	0.0
JJKHBNAG_00129	0.0
JJKHBNAG_00130	0.0
JJKHBNAG_00131	0.0
JJKHBNAG_00132	0.0
JJKHBNAG_00133	0.0
JJKHBNAG_00134	0.0
JJKHBNAG_00135	0.0
JJKHBNAG_00136	0.0
JJKHBNAG_00137	0.0
JJKHBNAG_00138	0.0
JJKHBNAG_00139	0.0
JJKHBNAG_00140	0.0
JJKHBNAG_00141	0.0
JJKHBNAG_00142	0.0
JJKHBNAG_00143	0.0
JJKHBNAG_00144	0.0
JJKHBNAG_00145	0.0
JJKHBNAG_00146	0.0
JJKHBNAG_00147	0.0
JJKHBNAG_00148	0.0
JJKHBNAG_00149	0.0
JJKHBNAG_00150	0.0
JJKHBNAG_00151	0.0
JJKHBNAG_00152	0.0
JJKHBNAG_00153	0.0
JJKHBNAG_00154	0.0
JJKHBNAG_00155	0.0
JJKHBNAG_00156	0.0
JJKHBNAG_00157	0.0
JJKHBNAG_00158	0.0
JJKHBNAG_00159	0.0
JJKHBNAG_00160	1.34699972494
JJKHBNAG_00161	0.0
JJKHBNAG_00162	0.0
JJKHBNAG_00163	0.0
JJKHBNAG_00164	0.0
JJKHBNAG_00165	0.0
JJKHBNAG_00166	0.0
JJKHBNAG_00167	0.0
JJKHBNAG_00168	0.0
JJKHBNAG_00169	0.0
JJKHBNAG_00170	0.0
JJKHBNAG_00171	0.0
JJKHBNAG_00172	0.0
JJKHBNAG_00173	0.0
JJKHBNAG_00174	0.0
JJKHBNAG_00175	0.0
JJKHBNAG_00176	0.0
JJKHBNAG_00177	0.0
JJKHBNAG_00178	0.0
JJKHBNAG_00179	0.0
JJKHBNAG_00180	0.0
JJKHBNAG_00181	0.0
JJKHBNAG_00182	0.0
JJKHBNAG_00183	0.0
JJKHBNAG_00184	0.0
JJKHBNAG_00185	0.0
JJKHBNAG_00186	0.0
JJKHBNAG_00187	0.0
JJKHBNAG_00188	0.0
JJKHBNAG_00189	0.0
JJKHBNAG_00190	0.0
JJKHBNAG_00191	0.0
JJKHBNAG_00192	0.0
JJKHBNAG_00193	0.0
JJKHBNAG_00194	0.0
JJKHBNAG_00195	0.0
JJKHBNAG_00196	0.0
JJKHBNAG_00197	0.0
JJKHBNAG_00198	0.0
JJKHBNAG_00199	0.0
JJKHBNAG_00200	0.0
JJKHBNAG_00201	0.0
JJKHBNAG_00202	0.0
JJKHBNAG_00203	0.0
JJKHBNAG_00204	0.0
JJKHBNAG_00205	0.0
JJKHBNAG_00206	0.0
JJKHBNAG_00207	0.0
JJKHBNAG_00208	0.0
JJKHBNAG_00209	0.0
JJKHBNAG_00210	0.0
JJKHBNAG_00211	0.0
JJKHBNAG_00212	0.0
JJKHBNAG_00213	0.0
JJKHBNAG_00214	0.0
JJKHBNAG_00215	0.0
JJKHBNAG_00216	0.0
JJKHBNAG_00217	1.13306447451
JJKHBNAG_00218	0.0
JJKHBNAG_00219	0.0
JJKHBNAG_00220	0.0
JJKHBNAG_00221	0.0
JJKHBNAG_00222	0.988523991689
JJKHBNAG_00223	0.0
JJKHBNAG_00224	0.0
JJKHBNAG_00225	0.0
JJKHBNAG_00226	0.0
JJKHBNAG_00227	0.0
JJKHBNAG_00228	0.0
JJKHBNAG_00229	0.0
JJKHBNAG_00230	0.0
JJKHBNAG_00231	0.0
JJKHBNAG_00232	0.861563402341
JJKHBNAG_00233	0.0
JJKHBNAG_00234	0.0
JJKHBNAG_00235	0.0
JJKHBNAG_00236	0.0
JJKHBNAG_00237	0.0
JJKHBNAG_00238	0.0
JJKHBNAG_00239	0.0
JJKHBNAG_00240	0.0
JJKHBNAG_00241	0.0
JJKHBNAG_00242	0.0
JJKHBNAG_00243	0.0
JJKHBNAG_00244	0.0
JJKHBNAG_00245	0.0
JJKHBNAG_00246	2.00796235989
JJKHBNAG_00247	1.32320581419
JJKHBNAG_00248	0.0
JJKHBNAG_00249	0.0
JJKHBNAG_00250	0.0
JJKHBNAG_00251	0.0
JJKHBNAG_00252	0.0
JJKHBNAG_00253	0.0
JJKHBNAG_00254	0.0
JJKHBNAG_00255	0.0
JJKHBNAG_00256	0.0
JJKHBNAG_00257	0.0
JJKHBNAG_00258	0.0
JJKHBNAG_00259	0.0
JJKHBNAG_00260	0.0
JJKHBNAG_00261	0.0
JJKHBNAG_00262	0.0
JJKHBNAG_00263	0.0
JJKHBNAG_00264	0.8335133266
JJKHBNAG_00265	0.0
JJKHBNAG_00266	0.0
JJKHBNAG_00267	0.0
JJKHBNAG_00268	0.0
JJKHBNAG_00269	0.0
JJKHBNAG_00270	0.0
JJKHBNAG_00271	0.0
JJKHBNAG_00272	0.0
JJKHBNAG_00273	0.0
JJKHBNAG_00274	0.0
JJKHBNAG_00275	0.0
JJKHBNAG_00276	0.0
JJKHBNAG_00278	0.0
JJKHBNAG_00279	0.0
JJKHBNAG_00280	0.0
JJKHBNAG_00281	0.0
JJKHBNAG_00282	0.0
JJKHBNAG_00283	0.0
JJKHBNAG_00284	1.69071689613
JJKHBNAG_00285	0.0
JJKHBNAG_00286	0.0
JJKHBNAG_00287	0.0
JJKHBNAG_00288	0.0
JJKHBNAG_00289	0.0
JJKHBNAG_00290	2.00885984008
JJKHBNAG_00291	0.0
JJKHBNAG_00292	0.0
JJKHBNAG_00293	0.0
JJKHBNAG_00294	0.0
JJKHBNAG_00295	0.0
JJKHBNAG_00296	0.0
JJKHBNAG_00297	0.0
JJKHBNAG_00298	6.82707202361
JJKHBNAG_00299	0.0
JJKHBNAG_00300	0.0
JJKHBNAG_00301	0.0
JJKHBNAG_00302	0.0
JJKHBNAG_00303	0.0
JJKHBNAG_00304	0.0
JJKHBNAG_00305	0.0
JJKHBNAG_00306	0.0
JJKHBNAG_00307	0.0
JJKHBNAG_00308	0.0
JJKHBNAG_00309	0.0
JJKHBNAG_00310	0.0
JJKHBNAG_00311	0.0
JJKHBNAG_00312	0.0
JJKHBNAG_00313	0.0
JJKHBNAG_00314	0.0
JJKHBNAG_00315	0.0
JJKHBNAG_00316	0.0
JJKHBNAG_00317	0.0
JJKHBNAG_00318	0.0
JJKHBNAG_00319	0.0
JJKHBNAG_00320	0.0
JJKHBNAG_00321	0.0
JJKHBNAG_00323	0.0
JJKHBNAG_00324	0.0
JJKHBNAG_00325	5.86237706375
JJKHBNAG_00326	0.0
JJKHBNAG_00327	1.26013712585
JJKHBNAG_00328	0.0
JJKHBNAG_00329	0.0
JJKHBNAG_00330	1.00810970068
JJKHBNAG_00331	0.0
JJKHBNAG_00332	0.0
JJKHBNAG_00333	0.0
JJKHBNAG_00334	0.0
JJKHBNAG_00335	0.0
JJKHBNAG_00336	0.0
JJKHBNAG_00337	0.0
JJKHBNAG_00338	0.0
JJKHBNAG_00339	0.0
JJKHBNAG_00340	0.0
JJKHBNAG_00341	0.0
JJKHBNAG_00342	0.0
JJKHBNAG_00343	0.0
JJKHBNAG_00344	0.0
JJKHBNAG_00345	0.0
JJKHBNAG_00346	0.0
JJKHBNAG_00347	0.0
JJKHBNAG_00348	0.0
JJKHBNAG_00349	0.0
JJKHBNAG_00350	0.0
JJKHBNAG_00351	0.0
JJKHBNAG_00352	0.0
JJKHBNAG_00353	0.0
JJKHBNAG_00354	0.0
JJKHBNAG_00355	0.0
JJKHBNAG_00356	0.0
JJKHBNAG_00358	0.0
JJKHBNAG_00359	0.0
JJKHBNAG_00360	0.0
JJKHBNAG_00361	12.0095659687
JJKHBNAG_00362	0.0
JJKHBNAG_00363	0.0
JJKHBNAG_00364	0.0
JJKHBNAG_00365	0.0
JJKHBNAG_00366	0.0
JJKHBNAG_00367	0.0
JJKHBNAG_00368	0.0
JJKHBNAG_00369	0.0
JJKHBNAG_00370	0.0
JJKHBNAG_00371	2.61984467227
JJKHBNAG_00372	0.0
JJKHBNAG_00373	0.0
JJKHBNAG_00374	3.39064557753
JJKHBNAG_00375	0.0
JJKHBNAG_00376	0.0
JJKHBNAG_00377	0.0
JJKHBNAG_00378	0.0
JJKHBNAG_00379	21.8532694435
JJKHBNAG_00380	0.0
JJKHBNAG_00381	0.0
JJKHBNAG_00382	0.0
JJKHBNAG_00383	0.0
JJKHBNAG_00384	0.0
JJKHBNAG_00385	0.0
JJKHBNAG_00386	0.0
JJKHBNAG_00387	0.0
JJKHBNAG_00388	1.39292017011
JJKHBNAG_00389	0.0
JJKHBNAG_00390	0.0
JJKHBNAG_00391	3.4931262297
JJKHBNAG_00392	2.12171003094
JJKHBNAG_00393	0.0
JJKHBNAG_00394	0.0
JJKHBNAG_00395	0.0
JJKHBNAG_00396	0.0
JJKHBNAG_00397	0.0
JJKHBNAG_00398	0.0
JJKHBNAG_00399	0.755587965628
JJKHBNAG_00400	0.0
JJKHBNAG_00401	0.0
JJKHBNAG_00402	0.0
JJKHBNAG_00403	0.0
JJKHBNAG_00404	0.0
JJKHBNAG_00405	0.0
JJKHBNAG_00406	0.0
JJKHBNAG_00407	0.0
JJKHBNAG_00408	0.0
JJKHBNAG_00409	0.0
JJKHBNAG_00410	0.0
JJKHBNAG_00411	0.0
JJKHBNAG_00412	0.0
JJKHBNAG_00413	0.0
JJKHBNAG_00414	0.0
JJKHBNAG_00415	0.0
JJKHBNAG_00416	0.0
JJKHBNAG_00417	0.0
JJKHBNAG_00418	0.0
JJKHBNAG_00419	0.0
JJKHBNAG_00420	0.0
JJKHBNAG_00421	0.0
JJKHBNAG_00422	0.0
JJKHBNAG_00423	0.0
JJKHBNAG_00424	0.0
JJKHBNAG_00425	0.0
JJKHBNAG_00426	12.0388100416
JJKHBNAG_00427	0.0
JJKHBNAG_00428	0.0
JJKHBNAG_00429	0.0
JJKHBNAG_00430	0.0
JJKHBNAG_00431	0.0
JJKHBNAG_00432	0.0
JJKHBNAG_00433	0.0
JJKHBNAG_00434	0.0
JJKHBNAG_00435	0.0
JJKHBNAG_00436	0.0
JJKHBNAG_00437	0.0
JJKHBNAG_00438	0.0
JJKHBNAG_00439	0.0
JJKHBNAG_00440	0.0
JJKHBNAG_00441	0.0
JJKHBNAG_00442	0.0
JJKHBNAG_00443	0.0
JJKHBNAG_00444	0.0
JJKHBNAG_00445	0.0
JJKHBNAG_00446	0.0
JJKHBNAG_00447	0.0
JJKHBNAG_00448	0.0
JJKHBNAG_00449	0.0
JJKHBNAG_00450	0.0
JJKHBNAG_00451	0.0
JJKHBNAG_00452	0.0
JJKHBNAG_00453	0.0
JJKHBNAG_00454	0.0
JJKHBNAG_00455	0.0
JJKHBNAG_00456	0.0
JJKHBNAG_00457	0.0
JJKHBNAG_00458	0.0
JJKHBNAG_00459	0.0
JJKHBNAG_00460	0.0
JJKHBNAG_00461	0.0
JJKHBNAG_00462	0.0
JJKHBNAG_00463	0.0
JJKHBNAG_00464	0.0
JJKHBNAG_00465	0.0
JJKHBNAG_00466	0.0
JJKHBNAG_00467	0.0
JJKHBNAG_00468	0.0
JJKHBNAG_00469	0.0
JJKHBNAG_00470	0.0
JJKHBNAG_00471	0.0
JJKHBNAG_00472	0.0
JJKHBNAG_00473	0.0
JJKHBNAG_00474	0.0
JJKHBNAG_00475	0.0
JJKHBNAG_00476	0.0
JJKHBNAG_00477	0.0
JJKHBNAG_00478	0.0
JJKHBNAG_00479	0.0
JJKHBNAG_00480	0.0
JJKHBNAG_00481	0.0
JJKHBNAG_00482	0.0
JJKHBNAG_00483	0.0
JJKHBNAG_00484	0.0
JJKHBNAG_00485	0.0
JJKHBNAG_00486	0.0
JJKHBNAG_00487	0.0
JJKHBNAG_00488	8.66175626122
JJKHBNAG_00489	0.0
JJKHBNAG_00490	0.0
JJKHBNAG_00491	0.0
JJKHBNAG_00493	0.0
JJKHBNAG_00494	0.0
JJKHBNAG_00495	0.0
JJKHBNAG_00496	0.0
JJKHBNAG_00497	0.0
JJKHBNAG_00498	0.0
JJKHBNAG_00499	0.0
JJKHBNAG_00500	0.0
JJKHBNAG_00501	0.0
JJKHBNAG_00502	0.0
JJKHBNAG_00503	0.0
JJKHBNAG_00504	5.07533271517
JJKHBNAG_00505	0.0
JJKHBNAG_00506	0.0
JJKHBNAG_00507	0.0
JJKHBNAG_00508	0.0
JJKHBNAG_00509	0.0
JJKHBNAG_00510	0.0
JJKHBNAG_00511	0.0
JJKHBNAG_00512	0.0
JJKHBNAG_00513	0.0
JJKHBNAG_00514	0.0
JJKHBNAG_00515	0.0
JJKHBNAG_00516	0.0
JJKHBNAG_00517	0.0
JJKHBNAG_00518	0.0
JJKHBNAG_00519	0.0
JJKHBNAG_00520	0.0
JJKHBNAG_00521	0.0
JJKHBNAG_00522	0.0
JJKHBNAG_00523	0.0
JJKHBNAG_00524	0.0
JJKHBNAG_00525	0.0
JJKHBNAG_00526	0.0
JJKHBNAG_00527	0.0
JJKHBNAG_00528	0.0
JJKHBNAG_00529	5.17599510427
JJKHBNAG_00530	0.0
JJKHBNAG_00531	0.0
JJKHBNAG_00532	0.0
JJKHBNAG_00533	0.0
JJKHBNAG_00535	2.26043038502
JJKHBNAG_00538	0.0
JJKHBNAG_00539	0.0
JJKHBNAG_00540	0.0
JJKHBNAG_00541	0.0
JJKHBNAG_00542	0.0
JJKHBNAG_00543	0.0
JJKHBNAG_00544	0.0
JJKHBNAG_00545	0.0
JJKHBNAG_00546	0.0
JJKHBNAG_00547	0.0
JJKHBNAG_00548	0.0
JJKHBNAG_00549	0.0
JJKHBNAG_00550	0.0
JJKHBNAG_00551	0.0
JJKHBNAG_00552	0.0
JJKHBNAG_00553	0.0
JJKHBNAG_00554	0.0
JJKHBNAG_00555	0.0
JJKHBNAG_00556	0.0
JJKHBNAG_00557	0.0
JJKHBNAG_00558	0.0
JJKHBNAG_00559	0.0
JJKHBNAG_00560	0.0
JJKHBNAG_00561	0.0
JJKHBNAG_00562	0.0
JJKHBNAG_00563	0.0
JJKHBNAG_00564	0.0
JJKHBNAG_00565	0.0
JJKHBNAG_00566	0.0
JJKHBNAG_00567	0.0
JJKHBNAG_00568	0.0
JJKHBNAG_00569	0.0
JJKHBNAG_00570	0.0
JJKHBNAG_00571	0.0
JJKHBNAG_00572	0.0
JJKHBNAG_00573	0.0
JJKHBNAG_00574	0.0
JJKHBNAG_00575	0.0
JJKHBNAG_00576	0.0
JJKHBNAG_00577	0.0
JJKHBNAG_00578	0.0
JJKHBNAG_00579	0.0
JJKHBNAG_00580	0.0
JJKHBNAG_00581	0.0
JJKHBNAG_00582	0.0
JJKHBNAG_00583	0.0
JJKHBNAG_00584	0.0
JJKHBNAG_00585	0.0
JJKHBNAG_00586	0.0
JJKHBNAG_00587	0.0
JJKHBNAG_00588	0.0
JJKHBNAG_00589	0.0
JJKHBNAG_00590	0.0
JJKHBNAG_00591	0.0
JJKHBNAG_00592	0.0
JJKHBNAG_00593	0.0
JJKHBNAG_00594	0.0
JJKHBNAG_00595	0.0
JJKHBNAG_00596	0.0
JJKHBNAG_00597	0.0
JJKHBNAG_00598	0.0
JJKHBNAG_00599	0.0
JJKHBNAG_00600	0.0
JJKHBNAG_00601	0.0
JJKHBNAG_00603	0.0
JJKHBNAG_00604	0.0
JJKHBNAG_00605	0.0
JJKHBNAG_00606	0.0
JJKHBNAG_00607	0.0
JJKHBNAG_00608	0.0
JJKHBNAG_00609	0.0
JJKHBNAG_00610	0.0
JJKHBNAG_00611	0.0
JJKHBNAG_00612	0.0
JJKHBNAG_00613	0.0
JJKHBNAG_00614	0.0
JJKHBNAG_00615	0.0
JJKHBNAG_00616	0.0
JJKHBNAG_00617	0.0
JJKHBNAG_00618	0.0
JJKHBNAG_00619	0.0
JJKHBNAG_00620	0.0
JJKHBNAG_00621	0.0
JJKHBNAG_00622	0.0
JJKHBNAG_00623	0.0
JJKHBNAG_00624	0.0
JJKHBNAG_00625	0.0
JJKHBNAG_00626	0.0
JJKHBNAG_00627	0.0
JJKHBNAG_00628	0.0
JJKHBNAG_00629	0.0
JJKHBNAG_00630	0.0
JJKHBNAG_00631	0.0
JJKHBNAG_00632	0.0
JJKHBNAG_00633	0.0
JJKHBNAG_00634	0.0
JJKHBNAG_00635	7.14671408832
JJKHBNAG_00636	0.0
JJKHBNAG_00637	0.0
JJKHBNAG_00638	0.0
JJKHBNAG_00639	0.0
JJKHBNAG_00640	0.0
JJKHBNAG_00641	0.0
JJKHBNAG_00642	0.0
JJKHBNAG_00643	0.0
JJKHBNAG_00644	0.0
JJKHBNAG_00645	0.0
JJKHBNAG_00646	0.0
JJKHBNAG_00647	0.0
JJKHBNAG_00648	0.0
JJKHBNAG_00649	0.0
JJKHBNAG_00650	0.0
JJKHBNAG_00651	0.0
JJKHBNAG_00652	0.0
JJKHBNAG_00653	0.0
JJKHBNAG_00654	0.0
JJKHBNAG_00655	0.0
JJKHBNAG_00656	0.0
JJKHBNAG_00657	0.0
JJKHBNAG_00658	0.0
JJKHBNAG_00659	0.0
JJKHBNAG_00660	0.0
JJKHBNAG_00661	0.0
JJKHBNAG_00662	0.0
JJKHBNAG_00663	0.0
JJKHBNAG_00664	0.0
JJKHBNAG_00665	0.0
JJKHBNAG_00666	0.0
JJKHBNAG_00667	0.0
JJKHBNAG_00668	0.0
JJKHBNAG_00669	0.0
JJKHBNAG_00670	0.0
JJKHBNAG_00671	0.0
JJKHBNAG_00672	0.0
JJKHBNAG_00673	0.0
JJKHBNAG_00674	0.0
JJKHBNAG_00675	0.0
JJKHBNAG_00676	0.0
JJKHBNAG_00677	0.0
JJKHBNAG_00678	0.0
JJKHBNAG_00679	0.0
JJKHBNAG_00680	0.0
JJKHBNAG_00681	0.0
JJKHBNAG_00682	0.0
JJKHBNAG_00683	0.0
JJKHBNAG_00684	0.0
JJKHBNAG_00685	0.0
JJKHBNAG_00686	0.0
JJKHBNAG_00687	0.0
JJKHBNAG_00688	0.0
JJKHBNAG_00689	0.0
JJKHBNAG_00690	0.0
JJKHBNAG_00691	0.0
JJKHBNAG_00692	0.0
JJKHBNAG_00693	0.0
JJKHBNAG_00694	0.0
JJKHBNAG_00695	0.0
JJKHBNAG_00696	0.0
JJKHBNAG_00697	0.0
JJKHBNAG_00698	0.0
JJKHBNAG_00699	0.0
JJKHBNAG_00700	0.0
JJKHBNAG_00701	0.0
JJKHBNAG_00702	0.0
JJKHBNAG_00703	0.0
JJKHBNAG_00704	0.0
JJKHBNAG_00705	0.0
JJKHBNAG_00706	0.0
JJKHBNAG_00707	0.0
JJKHBNAG_00708	0.0
JJKHBNAG_00709	0.0
JJKHBNAG_00710	0.0
JJKHBNAG_00711	0.0
JJKHBNAG_00712	0.0
JJKHBNAG_00713	0.0
JJKHBNAG_00714	0.0
JJKHBNAG_00715	0.0
JJKHBNAG_00716	0.0
JJKHBNAG_00717	0.0
JJKHBNAG_00718	0.0
JJKHBNAG_00719	0.0
JJKHBNAG_00720	0.0
JJKHBNAG_00721	0.0
JJKHBNAG_00722	0.0
JJKHBNAG_00723	0.0
JJKHBNAG_00724	0.0
JJKHBNAG_00725	0.63872417085
JJKHBNAG_00726	0.0
JJKHBNAG_00727	2.47176301497
JJKHBNAG_00728	0.0
JJKHBNAG_00729	0.0
JJKHBNAG_00730	0.0
JJKHBNAG_00731	0.0
JJKHBNAG_00732	0.0
JJKHBNAG_00733	0.0
JJKHBNAG_00734	0.0
JJKHBNAG_00735	0.0
JJKHBNAG_00736	0.0
JJKHBNAG_00737	0.0
JJKHBNAG_00738	0.0
JJKHBNAG_00739	0.0
JJKHBNAG_00740	0.0
JJKHBNAG_00741	0.0
JJKHBNAG_00742	4.89122149213
JJKHBNAG_00743	0.0
JJKHBNAG_00744	0.0
JJKHBNAG_00745	0.0
JJKHBNAG_00746	0.0
JJKHBNAG_00747	0.0
JJKHBNAG_00748	0.0
JJKHBNAG_00749	0.0
JJKHBNAG_00750	0.0
JJKHBNAG_00751	0.0
JJKHBNAG_00752	2.18887455303
JJKHBNAG_00753	0.0
JJKHBNAG_00754	0.0
JJKHBNAG_00755	0.0
JJKHBNAG_00756	0.0
JJKHBNAG_00757	0.0
JJKHBNAG_00758	0.0
