DFBLDAAM_00001	0.0
DFBLDAAM_00002	0.0
DFBLDAAM_00003	4.33530373177
DFBLDAAM_00004	0.0
DFBLDAAM_00005	0.0
DFBLDAAM_00006	0.0
DFBLDAAM_00007	4.39178977388
DFBLDAAM_00008	0.0
DFBLDAAM_00009	0.0
DFBLDAAM_00010	0.0
DFBLDAAM_00011	0.0
DFBLDAAM_00012	0.0
DFBLDAAM_00013	0.0
DFBLDAAM_00014	0.0
DFBLDAAM_00015	0.0
DFBLDAAM_00016	0.0
DFBLDAAM_00017	0.0
DFBLDAAM_00018	6.85565827414
DFBLDAAM_00019	3.95389871138
DFBLDAAM_00020	2.52960499171
DFBLDAAM_00021	0.0
DFBLDAAM_00022	0.0
DFBLDAAM_00023	0.0
DFBLDAAM_00024	0.0
DFBLDAAM_00025	0.0
DFBLDAAM_00026	0.62362602247
DFBLDAAM_00027	0.0
DFBLDAAM_00028	0.0
DFBLDAAM_00029	0.0
DFBLDAAM_00030	0.0
DFBLDAAM_00031	3.05270821263
DFBLDAAM_00032	3.89676144676
DFBLDAAM_00033	44.1167192391
DFBLDAAM_00034	13.4827946058
DFBLDAAM_00035	1.52004448769
DFBLDAAM_00036	3.02984148445
DFBLDAAM_00037	2.70060983591
DFBLDAAM_00038	4.59379713997
DFBLDAAM_00039	0.0
DFBLDAAM_00040	0.0
DFBLDAAM_00041	0.0
DFBLDAAM_00042	0.0
DFBLDAAM_00043	0.0
DFBLDAAM_00045	0.0
DFBLDAAM_00046	0.0
DFBLDAAM_00047	0.0
DFBLDAAM_00048	0.0
DFBLDAAM_00049	0.520370305126
DFBLDAAM_00050	0.0
DFBLDAAM_00051	0.0
DFBLDAAM_00052	0.0
DFBLDAAM_00053	0.0
DFBLDAAM_00054	0.0
DFBLDAAM_00055	5.81154939905
DFBLDAAM_00056	0.0
DFBLDAAM_00057	0.0
DFBLDAAM_00058	3.42202908777
DFBLDAAM_00059	2.94384161699
DFBLDAAM_00060	0.0
DFBLDAAM_00061	1.89898515575
DFBLDAAM_00062	0.0
DFBLDAAM_00063	0.0
DFBLDAAM_00064	0.0
DFBLDAAM_00065	0.0
DFBLDAAM_00066	0.0
DFBLDAAM_00067	5.53708197364
DFBLDAAM_00068	0.0
DFBLDAAM_00069	0.0
DFBLDAAM_00070	0.0
DFBLDAAM_00071	0.0
DFBLDAAM_00072	10.1184199668
DFBLDAAM_00073	0.0
DFBLDAAM_00074	0.894084522931
DFBLDAAM_00075	2.55033945885
DFBLDAAM_00076	0.0
DFBLDAAM_00077	1.28898609998
DFBLDAAM_00078	0.0
DFBLDAAM_00079	4.5984974781
DFBLDAAM_00080	0.0
DFBLDAAM_00082	0.0
DFBLDAAM_00083	0.0
DFBLDAAM_00084	36.0743668383
DFBLDAAM_00085	2.93956277743
DFBLDAAM_00086	5.88126264157
DFBLDAAM_00087	0.0
DFBLDAAM_00088	2.25464792739
DFBLDAAM_00089	3.5574655952
DFBLDAAM_00090	0.0
DFBLDAAM_00091	0.0
DFBLDAAM_00092	0.0
DFBLDAAM_00093	0.0
DFBLDAAM_00094	1.34290782926
DFBLDAAM_00095	2.89330356348
DFBLDAAM_00096	1.30017305745
DFBLDAAM_00097	3.9694194129
DFBLDAAM_00098	2.68760025365
DFBLDAAM_00099	0.627982981174
DFBLDAAM_00100	4.33530373177
DFBLDAAM_00101	0.603527063823
DFBLDAAM_00102	10.7077124599
DFBLDAAM_00103	0.520973516453
DFBLDAAM_00104	0.0
DFBLDAAM_00105	0.0
DFBLDAAM_00106	0.782064652309
DFBLDAAM_00107	2.85652428089
DFBLDAAM_00108	1.83689299807
DFBLDAAM_00109	0.0
DFBLDAAM_00110	0.0
DFBLDAAM_00111	0.0
DFBLDAAM_00112	0.0
DFBLDAAM_00113	0.0
DFBLDAAM_00114	0.0
DFBLDAAM_00115	0.0
DFBLDAAM_00116	0.0
DFBLDAAM_00117	0.0
DFBLDAAM_00118	0.0
DFBLDAAM_00119	0.0
DFBLDAAM_00120	6.66993372725
DFBLDAAM_00121	0.0
DFBLDAAM_00122	6.40817234116
DFBLDAAM_00123	7.14131070223
DFBLDAAM_00124	4.78962508199
DFBLDAAM_00125	4.32834497779
DFBLDAAM_00126	0.0
DFBLDAAM_00127	0.0
DFBLDAAM_00128	0.0
DFBLDAAM_00129	0.0
DFBLDAAM_00130	0.0
DFBLDAAM_00131	0.0
DFBLDAAM_00132	1.71755345297
DFBLDAAM_00133	0.0
DFBLDAAM_00134	45.9989201866
DFBLDAAM_00135	12.7799001003
DFBLDAAM_00136	0.0
DFBLDAAM_00137	0.0
DFBLDAAM_00138	1.71646016624
DFBLDAAM_00139	4.31587535397
DFBLDAAM_00140	2.02545737694
DFBLDAAM_00141	1.24956391157
DFBLDAAM_00142	1.33493015899
DFBLDAAM_00143	0.0
DFBLDAAM_00144	0.0
DFBLDAAM_00145	0.0
DFBLDAAM_00146	0.0
DFBLDAAM_00147	1.67905287744
DFBLDAAM_00148	0.0
DFBLDAAM_00149	0.0
DFBLDAAM_00150	0.0
DFBLDAAM_00151	0.0
DFBLDAAM_00152	2.63335832145
DFBLDAAM_00153	0.0
DFBLDAAM_00154	0.0
DFBLDAAM_00155	3.33732539748
DFBLDAAM_00156	1.72414253271
DFBLDAAM_00157	1.26007426222
DFBLDAAM_00158	0.0
DFBLDAAM_00159	1.47999940788
DFBLDAAM_00160	1.43893218845
DFBLDAAM_00161	0.0
DFBLDAAM_00162	0.0
DFBLDAAM_00163	0.0
DFBLDAAM_00164	0.0
DFBLDAAM_00165	0.0
DFBLDAAM_00166	2.53435988831
DFBLDAAM_00167	0.0
DFBLDAAM_00168	15.4265384506
DFBLDAAM_00169	0.0
DFBLDAAM_00170	0.0
DFBLDAAM_00171	0.0
DFBLDAAM_00172	0.0
DFBLDAAM_00173	5.87229730218
DFBLDAAM_00174	2.91414869002
DFBLDAAM_00175	0.0
DFBLDAAM_00176	0.0
DFBLDAAM_00177	3.51572219187
DFBLDAAM_00178	0.0
DFBLDAAM_00179	0.0
DFBLDAAM_00180	0.0
DFBLDAAM_00181	0.0
DFBLDAAM_00182	1.73822018983
DFBLDAAM_00183	4.97520096155
DFBLDAAM_00184	0.0
DFBLDAAM_00185	0.0
DFBLDAAM_00186	1.63626148129
DFBLDAAM_00187	7.26835288723
DFBLDAAM_00188	14.755452373
DFBLDAAM_00189	0.0
DFBLDAAM_00190	5.01685380681
DFBLDAAM_00191	0.0
DFBLDAAM_00192	10.8732214563
DFBLDAAM_00193	6.43058566255
DFBLDAAM_00194	4.32834497779
DFBLDAAM_00195	4.10747741228
DFBLDAAM_00196	6.03932569129
DFBLDAAM_00197	0.0
DFBLDAAM_00198	0.0
DFBLDAAM_00199	0.0
DFBLDAAM_00200	0.0
DFBLDAAM_00201	0.873237992604
DFBLDAAM_00202	0.0
DFBLDAAM_00203	3.68508222912
DFBLDAAM_00204	15.7591105782
DFBLDAAM_00205	0.0
DFBLDAAM_00206	0.0
DFBLDAAM_00207	0.0
DFBLDAAM_00208	0.0
DFBLDAAM_00209	0.0
DFBLDAAM_00210	1.80251264783
DFBLDAAM_00211	0.0
DFBLDAAM_00212	1.89365092778
DFBLDAAM_00213	9.38477582771
DFBLDAAM_00214	0.0
DFBLDAAM_00215	1.02452846549
DFBLDAAM_00216	0.0
DFBLDAAM_00217	0.0
DFBLDAAM_00218	0.0
DFBLDAAM_00219	0.0
DFBLDAAM_00220	0.0
DFBLDAAM_00221	1.11612538128
DFBLDAAM_00222	0.0
DFBLDAAM_00223	2.39907377327
DFBLDAAM_00224	159.817608474
DFBLDAAM_00225	0.0
DFBLDAAM_00226	0.0
DFBLDAAM_00227	0.0
DFBLDAAM_00228	1.10243619017
DFBLDAAM_00229	0.0
DFBLDAAM_00230	12.8001214612
DFBLDAAM_00231	1.64224051228
DFBLDAAM_00232	0.0
DFBLDAAM_00233	0.714888367222
DFBLDAAM_00234	4.57560902912
DFBLDAAM_00235	1.29269363431
DFBLDAAM_00236	1.38854733324
DFBLDAAM_00237	0.0
DFBLDAAM_00238	0.0
DFBLDAAM_00239	0.0
DFBLDAAM_00240	0.0
DFBLDAAM_00241	0.0
DFBLDAAM_00242	0.0
DFBLDAAM_00243	0.0
DFBLDAAM_00244	0.0
DFBLDAAM_00245	0.0
DFBLDAAM_00246	0.0
DFBLDAAM_00247	0.0
DFBLDAAM_00248	0.0
DFBLDAAM_00249	0.0
DFBLDAAM_00250	0.0
DFBLDAAM_00251	0.0
DFBLDAAM_00252	0.0
DFBLDAAM_00253	7.5393073285
DFBLDAAM_00254	6.9995040134
DFBLDAAM_00255	0.0
DFBLDAAM_00256	0.0
DFBLDAAM_00257	1.47031566039
DFBLDAAM_00258	1.64725651873
DFBLDAAM_00259	0.0
DFBLDAAM_00260	3.43510690594
DFBLDAAM_00261	0.0
DFBLDAAM_00262	0.0
DFBLDAAM_00263	7.32760576402
DFBLDAAM_00264	0.0
DFBLDAAM_00265	3.75914347745
DFBLDAAM_00266	0.0
DFBLDAAM_00267	0.0
DFBLDAAM_00268	0.0
DFBLDAAM_00269	0.0
DFBLDAAM_00270	1.79531219784
DFBLDAAM_00271	12.0741444231
DFBLDAAM_00272	5.70097023501
DFBLDAAM_00273	0.0
DFBLDAAM_00274	0.0
DFBLDAAM_00275	0.0
DFBLDAAM_00276	0.0
DFBLDAAM_00277	0.0
DFBLDAAM_00278	1.49975468363
DFBLDAAM_00279	0.0
DFBLDAAM_00280	0.0
DFBLDAAM_00281	1.53213575066
DFBLDAAM_00282	0.0
DFBLDAAM_00283	6.52393287378
DFBLDAAM_00284	8.78357954775
DFBLDAAM_00285	0.0
DFBLDAAM_00286	0.0
DFBLDAAM_00287	4.49726304396
DFBLDAAM_00288	5.52250217909
DFBLDAAM_00289	0.739593779803
DFBLDAAM_00290	0.0
DFBLDAAM_00291	2.09604269037
DFBLDAAM_00292	1.45132342366
DFBLDAAM_00293	11.7625252831
DFBLDAAM_00294	0.0
DFBLDAAM_00295	0.0
DFBLDAAM_00296	2.83848307491
DFBLDAAM_00297	11.4260971236
DFBLDAAM_00298	0.0
DFBLDAAM_00299	0.0
DFBLDAAM_00300	39.2996255326
DFBLDAAM_00301	20.5321745266
DFBLDAAM_00302	17.7405192182
DFBLDAAM_00303	22.012725887
DFBLDAAM_00304	6.99799027983
DFBLDAAM_00305	0.0
DFBLDAAM_00306	0.0
DFBLDAAM_00307	0.0
DFBLDAAM_00308	7.65101837656
DFBLDAAM_00309	1.01298231449
DFBLDAAM_00310	1.95686423887
DFBLDAAM_00311	5.58062690638
DFBLDAAM_00312	0.0
DFBLDAAM_00313	0.0
DFBLDAAM_00314	0.0
DFBLDAAM_00315	0.0
DFBLDAAM_00316	0.0
DFBLDAAM_00317	0.0
DFBLDAAM_00318	3.62765774147
DFBLDAAM_00319	1.66044268544
DFBLDAAM_00320	0.0
DFBLDAAM_00321	6.9498941267
DFBLDAAM_00322	0.0
DFBLDAAM_00323	0.0
DFBLDAAM_00324	4.27346897173
DFBLDAAM_00325	17.1391456853
DFBLDAAM_00326	0.0
DFBLDAAM_00327	0.0
DFBLDAAM_00328	0.0
DFBLDAAM_00329	0.0
DFBLDAAM_00330	0.0
DFBLDAAM_00331	4.75304157666
DFBLDAAM_00332	3.63417644361
DFBLDAAM_00333	0.0
DFBLDAAM_00334	0.0
DFBLDAAM_00335	0.0
DFBLDAAM_00336	0.0
DFBLDAAM_00337	0.0
DFBLDAAM_00338	0.0
DFBLDAAM_00339	0.0
DFBLDAAM_00340	0.0
DFBLDAAM_00341	0.0
DFBLDAAM_00342	0.0
DFBLDAAM_00343	4.50929585478
DFBLDAAM_00344	0.0
DFBLDAAM_00345	0.0
DFBLDAAM_00346	0.0
DFBLDAAM_00347	0.0
DFBLDAAM_00348	0.0
DFBLDAAM_00349	0.0
DFBLDAAM_00350	0.0
DFBLDAAM_00351	0.0
DFBLDAAM_00353	7.43263208699
DFBLDAAM_00354	6.84792051085
DFBLDAAM_00355	11.8530062469
DFBLDAAM_00356	0.0
DFBLDAAM_00357	0.0
DFBLDAAM_00358	0.0
DFBLDAAM_00359	8.84117679069
DFBLDAAM_00360	0.0
DFBLDAAM_00361	0.0
DFBLDAAM_00362	0.0
DFBLDAAM_00363	8.86297098163
DFBLDAAM_00364	0.0
DFBLDAAM_00365	0.0
DFBLDAAM_00366	0.78754641389
DFBLDAAM_00367	0.0
DFBLDAAM_00368	0.0
DFBLDAAM_00369	3.29787067407
DFBLDAAM_00370	0.0
DFBLDAAM_00371	0.0
DFBLDAAM_00372	7.67812904659
DFBLDAAM_00373	25.0609565164
DFBLDAAM_00374	0.0
DFBLDAAM_00375	0.0
DFBLDAAM_00376	0.0
DFBLDAAM_00377	0.0
DFBLDAAM_00378	1.15732142539
DFBLDAAM_00379	58.7552975941
DFBLDAAM_00380	0.0
DFBLDAAM_00381	0.0
DFBLDAAM_00382	0.0
DFBLDAAM_00383	0.0
DFBLDAAM_00384	0.0
DFBLDAAM_00385	0.0
DFBLDAAM_00386	0.0
DFBLDAAM_00387	0.0
DFBLDAAM_00388	0.0
DFBLDAAM_00389	0.0
DFBLDAAM_00390	0.80590523645
DFBLDAAM_00391	0.0
DFBLDAAM_00392	0.0
DFBLDAAM_00393	0.0
DFBLDAAM_00394	5.60615160324
DFBLDAAM_00395	6.43058566255
DFBLDAAM_00396	0.0
DFBLDAAM_00397	4.32294803891
DFBLDAAM_00398	10.6163737054
DFBLDAAM_00399	0.0
DFBLDAAM_00400	0.0
DFBLDAAM_00401	0.0
DFBLDAAM_00402	0.0
DFBLDAAM_00403	0.0
DFBLDAAM_00404	0.0
DFBLDAAM_00405	0.0
DFBLDAAM_00406	0.0
DFBLDAAM_00407	5.19234708824
DFBLDAAM_00408	1.55152987409
DFBLDAAM_00409	12.4265388072
DFBLDAAM_00410	56.4100422517
DFBLDAAM_00411	10.9705407696
DFBLDAAM_00412	20.2655501744
DFBLDAAM_00413	20.679132831
DFBLDAAM_00414	0.0
DFBLDAAM_00415	0.0
DFBLDAAM_00416	0.0
DFBLDAAM_00417	0.0
DFBLDAAM_00418	1.51407014102
DFBLDAAM_00419	0.0
DFBLDAAM_00420	0.0
DFBLDAAM_00421	0.0
DFBLDAAM_00422	0.0
DFBLDAAM_00423	0.0
DFBLDAAM_00424	8.17847159797
DFBLDAAM_00425	0.0
DFBLDAAM_00426	0.0
DFBLDAAM_00427	0.0
DFBLDAAM_00428	4.11060811153
DFBLDAAM_00429	2.54392351053
DFBLDAAM_00430	0.849042481474
DFBLDAAM_00431	0.0
DFBLDAAM_00432	0.0
DFBLDAAM_00433	0.0
DFBLDAAM_00434	0.0
DFBLDAAM_00435	0.0
DFBLDAAM_00436	0.0
DFBLDAAM_00437	0.0
DFBLDAAM_00438	0.0
DFBLDAAM_00439	0.853341430747
DFBLDAAM_00440	0.0
DFBLDAAM_00441	1.52004448769
DFBLDAAM_00442	0.0
DFBLDAAM_00443	3.08530769012
DFBLDAAM_00444	0.0
DFBLDAAM_00445	0.0
DFBLDAAM_00446	0.0
DFBLDAAM_00447	0.0
DFBLDAAM_00448	0.0
DFBLDAAM_00449	1.51152405895
DFBLDAAM_00450	0.0
DFBLDAAM_00451	4.33251754685
DFBLDAAM_00452	7.51130618708
DFBLDAAM_00453	3.67378599613
DFBLDAAM_00454	0.0
DFBLDAAM_00455	0.0
DFBLDAAM_00456	27.6367678596
DFBLDAAM_00457	30.5795341575
DFBLDAAM_00458	9.42852769637
DFBLDAAM_00459	0.0
DFBLDAAM_00460	0.0
DFBLDAAM_00461	3.30056171501
DFBLDAAM_00462	5.29924549358
DFBLDAAM_00463	0.0
DFBLDAAM_00464	0.0
DFBLDAAM_00465	0.0
DFBLDAAM_00466	0.0
DFBLDAAM_00467	0.0
DFBLDAAM_00468	0.0
DFBLDAAM_00469	0.0
DFBLDAAM_00470	1.03873610214
DFBLDAAM_00471	3.02304811789
DFBLDAAM_00472	0.0
DFBLDAAM_00473	0.0
DFBLDAAM_00474	0.0
DFBLDAAM_00475	0.0
DFBLDAAM_00476	2.54392351053
DFBLDAAM_00477	0.0
DFBLDAAM_00478	9.31683733866
DFBLDAAM_00479	0.0
DFBLDAAM_00480	0.0
DFBLDAAM_00481	27.8954371155
DFBLDAAM_00482	2.52723422789
DFBLDAAM_00483	0.0
DFBLDAAM_00484	6.38995005014
DFBLDAAM_00485	0.0
DFBLDAAM_00486	1.93163246501
DFBLDAAM_00487	5.69374772205
DFBLDAAM_00488	0.0
DFBLDAAM_00489	2.1563845831
DFBLDAAM_00490	0.0
DFBLDAAM_00491	0.0
DFBLDAAM_00492	0.0
DFBLDAAM_00493	0.0
DFBLDAAM_00494	26.9655892116
DFBLDAAM_00495	0.0
DFBLDAAM_00496	0.0
DFBLDAAM_00497	1.67280330097
DFBLDAAM_00498	2.04594758813
DFBLDAAM_00499	54.5546602547
DFBLDAAM_00500	12.6007426222
DFBLDAAM_00501	4.94781453424
DFBLDAAM_00504	0.0
DFBLDAAM_00505	0.944834940841
DFBLDAAM_00506	1.31539459569
DFBLDAAM_00507	4.1358265662
DFBLDAAM_00508	0.0
DFBLDAAM_00509	0.0
DFBLDAAM_00510	0.0
DFBLDAAM_00511	3.89676144676
DFBLDAAM_00512	1.52520300971
DFBLDAAM_00513	5.29152064592
DFBLDAAM_00514	0.0
DFBLDAAM_00515	0.0
DFBLDAAM_00516	1.46445994994
DFBLDAAM_00517	7.34090450407
DFBLDAAM_00518	0.0
DFBLDAAM_00519	0.0
DFBLDAAM_00520	1.8545797257
DFBLDAAM_00521	0.0
DFBLDAAM_00522	0.0
DFBLDAAM_00523	0.0
DFBLDAAM_00524	0.0
DFBLDAAM_00525	0.0
DFBLDAAM_00526	2.98291916058
DFBLDAAM_00527	5.60848361306
DFBLDAAM_00528	0.0
DFBLDAAM_00529	14.4201011827
DFBLDAAM_00530	0.0
DFBLDAAM_00531	12.1905918678
DFBLDAAM_00532	0.0
DFBLDAAM_00533	0.714888367222
DFBLDAAM_00534	0.0
DFBLDAAM_00535	0.851724232837
DFBLDAAM_00536	3.26065165799
DFBLDAAM_00537	0.0
DFBLDAAM_00538	0.0
DFBLDAAM_00539	0.0
DFBLDAAM_00540	0.0
DFBLDAAM_00541	0.0
DFBLDAAM_00542	4.33530373177
DFBLDAAM_00543	0.0
DFBLDAAM_00544	0.0
DFBLDAAM_00545	0.0
DFBLDAAM_00546	0.0
DFBLDAAM_00547	0.0
DFBLDAAM_00548	0.0
DFBLDAAM_00549	0.0
DFBLDAAM_00550	1.80977108803
DFBLDAAM_00552	4.06108271259
DFBLDAAM_00553	0.0
DFBLDAAM_00554	1.22237485093
DFBLDAAM_00555	0.0
DFBLDAAM_00556	0.615933970114
DFBLDAAM_00557	0.0
DFBLDAAM_00558	0.0
DFBLDAAM_00559	1.67176622515
DFBLDAAM_00560	0.0
DFBLDAAM_00561	0.0
DFBLDAAM_00562	4.05294427028
DFBLDAAM_00563	1.11890411666
DFBLDAAM_00564	1.67280330097
DFBLDAAM_00565	0.0
DFBLDAAM_00566	0.0
DFBLDAAM_00567	3.08530769012
DFBLDAAM_00568	0.0
DFBLDAAM_00569	0.0
DFBLDAAM_00570	0.0
DFBLDAAM_00571	0.0
DFBLDAAM_00572	0.0
DFBLDAAM_00573	0.0
DFBLDAAM_00574	0.0
DFBLDAAM_00575	0.0
DFBLDAAM_00576	0.0
DFBLDAAM_00577	0.0
DFBLDAAM_00578	0.0
DFBLDAAM_00580	0.0
DFBLDAAM_00581	0.0
DFBLDAAM_00582	2.99839761434
DFBLDAAM_00583	3.26459917816
DFBLDAAM_00584	0.0
DFBLDAAM_00585	10.6163737054
DFBLDAAM_00586	0.0
DFBLDAAM_00587	0.0
DFBLDAAM_00588	0.0
DFBLDAAM_00589	1.19000835003
DFBLDAAM_00590	0.0
DFBLDAAM_00591	0.0
DFBLDAAM_00592	0.0
DFBLDAAM_00593	0.0
DFBLDAAM_00594	1.07048786072
DFBLDAAM_00595	0.0
DFBLDAAM_00596	0.0
DFBLDAAM_00597	0.0
DFBLDAAM_00598	0.0
DFBLDAAM_00599	0.0
DFBLDAAM_00600	0.0
DFBLDAAM_00601	0.0
DFBLDAAM_00602	1.0997385486
DFBLDAAM_00603	3.16683373008
DFBLDAAM_00604	5.15266035891
DFBLDAAM_00605	0.0
DFBLDAAM_00606	0.0
DFBLDAAM_00607	3.61469024284
DFBLDAAM_00608	0.0
DFBLDAAM_00609	0.0
DFBLDAAM_00610	0.0
DFBLDAAM_00611	0.0
DFBLDAAM_00612	2.63078919138
DFBLDAAM_00613	6.08704045409
DFBLDAAM_00614	0.0
DFBLDAAM_00615	0.0
DFBLDAAM_00616	0.0
DFBLDAAM_00617	0.0
DFBLDAAM_00618	0.0
DFBLDAAM_00619	0.0
DFBLDAAM_00620	0.0
DFBLDAAM_00621	0.0
DFBLDAAM_00622	0.0
DFBLDAAM_00623	0.0
DFBLDAAM_00624	4.92072795832
DFBLDAAM_00625	8.27165313239
DFBLDAAM_00626	1.89764878336
DFBLDAAM_00627	0.0
DFBLDAAM_00628	0.0
DFBLDAAM_00629	0.0
DFBLDAAM_00630	4.92072795832
DFBLDAAM_00631	13.8143387355
DFBLDAAM_00632	11.2669592806
DFBLDAAM_00633	0.0
DFBLDAAM_00634	0.0
DFBLDAAM_00635	0.0
DFBLDAAM_00636	6.7413973029
DFBLDAAM_00637	0.0
DFBLDAAM_00638	0.97736822079
DFBLDAAM_00639	2.82421336527
DFBLDAAM_00640	0.0
DFBLDAAM_00641	0.0
DFBLDAAM_00642	0.0
DFBLDAAM_00643	0.0
DFBLDAAM_00644	0.0
DFBLDAAM_00645	0.0
DFBLDAAM_00646	2.69296829677
DFBLDAAM_00647	3.17990438816
DFBLDAAM_00648	0.0
DFBLDAAM_00649	4.69783784174
DFBLDAAM_00650	0.0
DFBLDAAM_00651	9.53521542136
DFBLDAAM_00652	0.0
DFBLDAAM_00653	5.49197336285
DFBLDAAM_00654	0.0
DFBLDAAM_00655	0.0
DFBLDAAM_00656	0.0
DFBLDAAM_00657	0.0
DFBLDAAM_00658	9.81756888772
DFBLDAAM_00659	1.36742338801
DFBLDAAM_00660	0.0
DFBLDAAM_00661	3.10186992465
DFBLDAAM_00662	0.0
DFBLDAAM_00663	0.0
DFBLDAAM_00664	0.0
DFBLDAAM_00665	7.96032153848
DFBLDAAM_00666	1.69381841781
DFBLDAAM_00667	1.60700770033
DFBLDAAM_00668	0.0
DFBLDAAM_00669	0.0
DFBLDAAM_00670	0.0
DFBLDAAM_00671	0.0
DFBLDAAM_00672	0.0
DFBLDAAM_00673	0.0
DFBLDAAM_00674	3.54111480126
DFBLDAAM_00675	0.0
DFBLDAAM_00676	4.46943467596
DFBLDAAM_00677	2.16417248889
DFBLDAAM_00678	2.76854098682
DFBLDAAM_00679	0.0
DFBLDAAM_00680	0.0
DFBLDAAM_00681	2.23780823333
DFBLDAAM_00682	0.0
DFBLDAAM_00683	44.2058839535
DFBLDAAM_00684	0.0
DFBLDAAM_00685	0.0
DFBLDAAM_00686	6.30037131112
DFBLDAAM_00687	0.0
DFBLDAAM_00688	0.0
DFBLDAAM_00689	0.0
DFBLDAAM_00690	2.3821191883
DFBLDAAM_00691	2.96325156172
DFBLDAAM_00692	0.0
DFBLDAAM_00693	0.0
DFBLDAAM_00694	0.0
DFBLDAAM_00695	0.0
DFBLDAAM_00696	3.3560160811
DFBLDAAM_00697	37.6014192194
DFBLDAAM_00698	0.0
DFBLDAAM_00699	0.0
DFBLDAAM_00700	3.2051017288
DFBLDAAM_00701	0.0
DFBLDAAM_00702	7.37772618649
DFBLDAAM_00703	1.48162578086
DFBLDAAM_00704	0.0
DFBLDAAM_00705	1.15732142539
DFBLDAAM_00706	4.89689876724
DFBLDAAM_00707	1.44665178174
DFBLDAAM_00708	0.0
DFBLDAAM_00709	0.0
DFBLDAAM_00710	2.55598002006
DFBLDAAM_00711	0.0
DFBLDAAM_00712	0.0
DFBLDAAM_00713	0.0
DFBLDAAM_00714	0.0
DFBLDAAM_00715	3.52031190752
DFBLDAAM_00716	0.0
DFBLDAAM_00717	0.0
DFBLDAAM_00718	0.0
DFBLDAAM_00719	0.0
DFBLDAAM_00720	0.636882125924
DFBLDAAM_00721	0.0
DFBLDAAM_00722	0.0
DFBLDAAM_00723	0.0
DFBLDAAM_00724	0.0
DFBLDAAM_00725	0.0
DFBLDAAM_00726	4.22658138113
DFBLDAAM_00727	0.0
DFBLDAAM_00728	1.30017305745
DFBLDAAM_00729	1.21905918678
DFBLDAAM_00730	0.0
DFBLDAAM_00731	0.0
DFBLDAAM_00732	0.0
DFBLDAAM_00733	0.0
DFBLDAAM_00734	0.0
DFBLDAAM_00735	0.0
DFBLDAAM_00736	11.3300795007
DFBLDAAM_00737	0.0
DFBLDAAM_00738	35.7160122008
DFBLDAAM_00739	4.55499817764
DFBLDAAM_00740	1.39429106575
DFBLDAAM_00741	0.0
DFBLDAAM_00742	0.956905223975
DFBLDAAM_00743	0.0
DFBLDAAM_00744	11.8791141901
DFBLDAAM_00745	0.0
DFBLDAAM_00746	20.2241919087
DFBLDAAM_00747	1.09172425958
DFBLDAAM_00748	0.0
DFBLDAAM_00749	7.51130618708
DFBLDAAM_00750	0.0
DFBLDAAM_00751	11.5484322105
DFBLDAAM_00752	0.0
DFBLDAAM_00753	0.0
DFBLDAAM_00754	0.0
DFBLDAAM_00755	0.0
DFBLDAAM_00756	4.39895419439
DFBLDAAM_00757	0.0
DFBLDAAM_00758	1.88307187232
DFBLDAAM_00759	5.00289224705
DFBLDAAM_00760	0.0
DFBLDAAM_00761	9.91381956309
DFBLDAAM_00762	0.0
DFBLDAAM_00763	0.0
DFBLDAAM_00764	1.33097676267
DFBLDAAM_00765	2.86867970336
DFBLDAAM_00766	0.0
DFBLDAAM_00767	0.0
DFBLDAAM_00768	4.90283440211
DFBLDAAM_00769	4.66532685322
DFBLDAAM_00770	0.0
DFBLDAAM_00771	0.0
DFBLDAAM_00772	0.0
DFBLDAAM_00773	0.0
DFBLDAAM_00774	1.81464261182
DFBLDAAM_00775	3.73484615119
DFBLDAAM_00776	0.0
DFBLDAAM_00777	0.0
DFBLDAAM_00778	0.0
DFBLDAAM_00779	0.0
DFBLDAAM_00780	0.0
DFBLDAAM_00781	8.23280083962
DFBLDAAM_00782	5.19368051071
DFBLDAAM_00783	2.79726029166
DFBLDAAM_00784	13.8997882534
DFBLDAAM_00785	13.6881163511
DFBLDAAM_00786	0.0
DFBLDAAM_00787	0.754493262776
DFBLDAAM_00788	0.0
DFBLDAAM_00789	0.0
DFBLDAAM_00790	0.0
DFBLDAAM_00791	12.3018198958
DFBLDAAM_00792	1.65636297369
DFBLDAAM_00793	3.52952738372
DFBLDAAM_00794	2.88299243175
DFBLDAAM_00795	5.2326499117
DFBLDAAM_00796	4.56013346307
DFBLDAAM_00797	0.0
DFBLDAAM_00798	0.0
DFBLDAAM_00799	0.0
DFBLDAAM_00800	0.0
DFBLDAAM_00801	1.2157614613
DFBLDAAM_00802	0.0
DFBLDAAM_00803	0.0
DFBLDAAM_00804	0.0
DFBLDAAM_00805	0.0
DFBLDAAM_00806	1.27436621983
DFBLDAAM_00807	0.0
DFBLDAAM_00808	4.75304157666
DFBLDAAM_00809	0.0
DFBLDAAM_00810	0.0
DFBLDAAM_00811	0.0
DFBLDAAM_00812	0.0
DFBLDAAM_00813	0.0
DFBLDAAM_00814	3.02984148445
DFBLDAAM_00815	32.9518401771
DFBLDAAM_00816	0.0
DFBLDAAM_00817	40.9222200496
DFBLDAAM_00818	0.0
DFBLDAAM_00819	0.0
DFBLDAAM_00820	26.1801837006
DFBLDAAM_00821	1.41924153745
DFBLDAAM_00822	3.1066347018
DFBLDAAM_00823	7.57460371113
DFBLDAAM_00824	0.0
DFBLDAAM_00825	0.0
DFBLDAAM_00826	0.0
DFBLDAAM_00827	17.1755345297
DFBLDAAM_00828	0.0
DFBLDAAM_00829	0.0
DFBLDAAM_00830	3.02530918604
DFBLDAAM_00831	53.1341659342
DFBLDAAM_00832	0.0
DFBLDAAM_00833	0.0
DFBLDAAM_00834	0.0
DFBLDAAM_00835	1.74308915395
DFBLDAAM_00836	0.0
DFBLDAAM_00837	0.0
DFBLDAAM_00838	0.0
DFBLDAAM_00839	0.0
DFBLDAAM_00840	0.0
DFBLDAAM_00841	0.0
DFBLDAAM_00842	0.0
DFBLDAAM_00843	1.85203222607
DFBLDAAM_00844	0.0
DFBLDAAM_00845	3.1066347018
DFBLDAAM_00846	0.0
DFBLDAAM_00847	0.0
DFBLDAAM_00848	0.0
DFBLDAAM_00849	0.0
DFBLDAAM_00850	0.0
DFBLDAAM_00851	0.0
DFBLDAAM_00852	0.0
DFBLDAAM_00853	5.92216454135
DFBLDAAM_00854	0.0
DFBLDAAM_00855	0.0
DFBLDAAM_00856	3.08530769012
DFBLDAAM_00857	0.832785336986
DFBLDAAM_00858	5.11681009708
DFBLDAAM_00859	2.81673982015
DFBLDAAM_00860	0.0
DFBLDAAM_00861	5.57140272967
DFBLDAAM_00862	0.0
DFBLDAAM_00863	0.0
DFBLDAAM_00864	0.895866751216
DFBLDAAM_00865	5.36450713759
DFBLDAAM_00866	22.424606413
DFBLDAAM_00867	0.0
DFBLDAAM_00868	1.22237485093
DFBLDAAM_00869	1.66660007488
DFBLDAAM_00870	15.1114758969
DFBLDAAM_00871	4.00677402847
DFBLDAAM_00872	6.23678472094
DFBLDAAM_00873	5.78660712695
DFBLDAAM_00874	0.0
DFBLDAAM_00875	0.0
DFBLDAAM_00876	2.90264684732
DFBLDAAM_00877	0.0
DFBLDAAM_00878	1.91381044795
DFBLDAAM_00879	0.0
DFBLDAAM_00880	0.0
DFBLDAAM_00881	0.0
DFBLDAAM_00882	0.0
DFBLDAAM_00883	0.0
DFBLDAAM_00884	0.0
DFBLDAAM_00885	0.0
DFBLDAAM_00886	0.0
DFBLDAAM_00887	0.0
DFBLDAAM_00888	0.0
DFBLDAAM_00889	0.0
DFBLDAAM_00890	23.4483384449
DFBLDAAM_00891	0.890541255337
DFBLDAAM_00892	0.0
DFBLDAAM_00893	0.0
DFBLDAAM_00894	0.881804748581
DFBLDAAM_00895	0.0
DFBLDAAM_00896	0.0
DFBLDAAM_00897	0.0
DFBLDAAM_00898	0.0
DFBLDAAM_00899	0.0
DFBLDAAM_00900	2.58414846302
DFBLDAAM_00901	1.80090756088
DFBLDAAM_00902	0.0
DFBLDAAM_00903	0.0
DFBLDAAM_00904	0.0
DFBLDAAM_00905	0.0
DFBLDAAM_00906	0.0
DFBLDAAM_00907	0.0
DFBLDAAM_00908	0.0
DFBLDAAM_00909	1.53039666354
DFBLDAAM_00910	0.0
DFBLDAAM_00911	0.0
DFBLDAAM_00913	3.48692963943
DFBLDAAM_00916	0.0
DFBLDAAM_00917	0.0
DFBLDAAM_00918	2.35713192409
DFBLDAAM_00919	0.967201908594
DFBLDAAM_00920	0.0
DFBLDAAM_00921	0.0
DFBLDAAM_00922	0.0
DFBLDAAM_00923	0.0
DFBLDAAM_00924	0.0
DFBLDAAM_00925	3.0923840839
DFBLDAAM_00926	0.0
DFBLDAAM_00927	0.0
DFBLDAAM_00928	0.0
DFBLDAAM_00929	0.0
DFBLDAAM_00930	0.0
DFBLDAAM_00931	0.0
DFBLDAAM_00932	1.19263994744
DFBLDAAM_00933	0.0
DFBLDAAM_00934	3.31621792834
DFBLDAAM_00935	1.42977673444
DFBLDAAM_00936	0.59631997372
DFBLDAAM_00937	9.62197652511
DFBLDAAM_00938	38.2792275875
DFBLDAAM_00939	83.1537993309
DFBLDAAM_00940	0.0
DFBLDAAM_00941	5.57140272967
DFBLDAAM_00942	0.0
DFBLDAAM_00943	3.25147779883
DFBLDAAM_00944	0.0
DFBLDAAM_00945	0.0
DFBLDAAM_00946	0.0
DFBLDAAM_00947	2.90264684732
DFBLDAAM_00948	0.0
DFBLDAAM_00949	0.0
DFBLDAAM_00950	0.0
DFBLDAAM_00951	10.4652998234
DFBLDAAM_00952	0.0
DFBLDAAM_00953	4.00082925988
DFBLDAAM_00954	0.0
DFBLDAAM_00957	0.0
DFBLDAAM_00958	0.0
DFBLDAAM_00959	5.40031826668
DFBLDAAM_00960	0.0
DFBLDAAM_00961	0.0
DFBLDAAM_00962	0.0
DFBLDAAM_00963	0.0
DFBLDAAM_00964	17.5101228647
DFBLDAAM_00965	0.0
DFBLDAAM_00966	3.78730185556
DFBLDAAM_00967	0.0
DFBLDAAM_00968	0.0
DFBLDAAM_00969	4.31219443682
DFBLDAAM_00970	3.94464441363
DFBLDAAM_00971	0.0
DFBLDAAM_00972	2.78762121416
DFBLDAAM_00973	0.0
DFBLDAAM_00974	1.91516968832
DFBLDAAM_00975	0.0
DFBLDAAM_00976	4.49676307031
DFBLDAAM_00977	1.35098142343
DFBLDAAM_00978	0.0
DFBLDAAM_00979	0.0
DFBLDAAM_00980	0.0
DFBLDAAM_00981	0.0
DFBLDAAM_00982	0.0
DFBLDAAM_00983	0.0
DFBLDAAM_00984	0.0
DFBLDAAM_00985	0.0
DFBLDAAM_00986	0.0
DFBLDAAM_00987	0.0
DFBLDAAM_00988	0.0
DFBLDAAM_00989	0.0
DFBLDAAM_00990	1.64893533703
DFBLDAAM_00991	0.0
DFBLDAAM_00992	0.0
DFBLDAAM_00993	4.84121888898
DFBLDAAM_00994	0.0
DFBLDAAM_00995	0.0
DFBLDAAM_00996	0.0
DFBLDAAM_00999	0.0
DFBLDAAM_01003	0.817634603142
DFBLDAAM_01004	0.0
DFBLDAAM_01005	0.0
DFBLDAAM_01006	4.14345255249
DFBLDAAM_01007	0.0
DFBLDAAM_01008	0.0
DFBLDAAM_01009	0.0
DFBLDAAM_01010	10.7958319797
DFBLDAAM_01011	12.8611713251
DFBLDAAM_01012	7.86933537304
DFBLDAAM_01013	0.0
DFBLDAAM_01014	0.0
DFBLDAAM_01015	0.0
DFBLDAAM_01016	0.0
DFBLDAAM_01017	0.0
DFBLDAAM_01018	0.0
DFBLDAAM_01019	0.0
DFBLDAAM_01020	0.0
DFBLDAAM_01021	0.0
DFBLDAAM_01022	0.0
DFBLDAAM_01023	0.0
DFBLDAAM_01024	0.993573662918
DFBLDAAM_01025	0.0
DFBLDAAM_01026	0.0
DFBLDAAM_01027	0.0
DFBLDAAM_01028	0.0
DFBLDAAM_01029	0.0
DFBLDAAM_01030	13.653462892
DFBLDAAM_01031	0.0
DFBLDAAM_01032	0.0
DFBLDAAM_01033	0.0
DFBLDAAM_01034	0.0
DFBLDAAM_01035	1.26717994415
DFBLDAAM_01036	0.933065370644
DFBLDAAM_01037	7.27891735363
DFBLDAAM_01038	11.8934034213
DFBLDAAM_01039	2.11329069056
DFBLDAAM_01040	0.0
DFBLDAAM_01042	0.0
DFBLDAAM_01043	0.0
DFBLDAAM_01044	2.86563115958
DFBLDAAM_01045	0.0
DFBLDAAM_01046	0.0
DFBLDAAM_01047	0.0
DFBLDAAM_01048	0.0
DFBLDAAM_01049	0.0
DFBLDAAM_01050	0.0
DFBLDAAM_01051	2.29689856998
DFBLDAAM_01052	2.68047606477
DFBLDAAM_01053	0.0
DFBLDAAM_01054	4.06108271259
DFBLDAAM_01055	2.42060944449
DFBLDAAM_01056	1.78461874332
DFBLDAAM_01057	0.0
DFBLDAAM_01058	0.0
DFBLDAAM_01059	4.48927678329
DFBLDAAM_01060	32.2554894876
DFBLDAAM_01061	18.0371834191
DFBLDAAM_01062	0.0
DFBLDAAM_01063	1.68534932573
DFBLDAAM_01064	0.0
DFBLDAAM_01065	0.0
DFBLDAAM_01066	1.35098142343
DFBLDAAM_01067	0.648835159086
DFBLDAAM_01068	0.0
DFBLDAAM_01069	0.0
DFBLDAAM_01070	30.6427150132
DFBLDAAM_01071	0.0
DFBLDAAM_01072	2.52723422789
DFBLDAAM_01073	2.57674048845
DFBLDAAM_01074	1.307739535
DFBLDAAM_01075	0.0
DFBLDAAM_01076	2.23966687804
DFBLDAAM_01077	2.1418259898
DFBLDAAM_01078	1.65433062648
DFBLDAAM_01079	3.38763683563
DFBLDAAM_01080	0.0
DFBLDAAM_01081	0.0
DFBLDAAM_01082	0.0
DFBLDAAM_01083	0.0
DFBLDAAM_01084	0.0
DFBLDAAM_01085	0.0
DFBLDAAM_01086	2.03513880842
DFBLDAAM_01087	7.50433837058
DFBLDAAM_01088	5.70499066536
DFBLDAAM_01089	0.0
DFBLDAAM_01090	2.25088390748
DFBLDAAM_01091	15.5999276431
DFBLDAAM_01092	8.56957284267
DFBLDAAM_01093	0.0
DFBLDAAM_01094	0.0
DFBLDAAM_01095	0.0
DFBLDAAM_01096	1.58434719222
DFBLDAAM_01097	3.81948855688
DFBLDAAM_01098	0.0
DFBLDAAM_01099	0.0
DFBLDAAM_01100	0.0
DFBLDAAM_01101	0.562017282443
DFBLDAAM_01102	0.0
DFBLDAAM_01103	0.0
DFBLDAAM_01105	0.0
DFBLDAAM_01106	0.0
DFBLDAAM_01107	0.0
DFBLDAAM_01108	0.0
DFBLDAAM_01109	5.20069222982
DFBLDAAM_01110	0.0
DFBLDAAM_01111	0.0
DFBLDAAM_01112	0.0
DFBLDAAM_01113	0.0
DFBLDAAM_01114	0.0
DFBLDAAM_01115	3.89676144676
DFBLDAAM_01116	0.0
DFBLDAAM_01117	0.0
DFBLDAAM_01118	0.0
DFBLDAAM_01119	1.97405484712
DFBLDAAM_01120	2.57305240569
DFBLDAAM_01121	0.0
DFBLDAAM_01122	10.320345789
DFBLDAAM_01123	0.0
DFBLDAAM_01124	0.0
DFBLDAAM_01125	0.0
DFBLDAAM_01126	0.0
DFBLDAAM_01127	0.0
DFBLDAAM_01128	0.0
DFBLDAAM_01129	0.0
DFBLDAAM_01130	0.0
DFBLDAAM_01131	0.0
DFBLDAAM_01132	0.0
DFBLDAAM_01133	0.0
DFBLDAAM_01134	5.20571220301
DFBLDAAM_01135	7.21005059134
DFBLDAAM_01136	4.16993647602
DFBLDAAM_01137	0.0
DFBLDAAM_01138	0.0
DFBLDAAM_01139	0.0
DFBLDAAM_01140	21.5724713693
DFBLDAAM_01141	1.59559699477
DFBLDAAM_01142	0.0
DFBLDAAM_01143	0.0
DFBLDAAM_01144	1.23922744539
DFBLDAAM_01145	31.5650709835
DFBLDAAM_01146	0.0
DFBLDAAM_01147	0.0
DFBLDAAM_01148	3.32088537089
DFBLDAAM_01149	6.30037131112
DFBLDAAM_01150	2.27749908882
DFBLDAAM_01151	0.0
DFBLDAAM_01152	0.0
DFBLDAAM_01153	0.0
DFBLDAAM_01154	0.0
DFBLDAAM_01155	0.0
DFBLDAAM_01156	0.0
DFBLDAAM_01157	0.0
DFBLDAAM_01158	128.652620284
DFBLDAAM_01159	192.015031538
DFBLDAAM_01160	69.4392855235
DFBLDAAM_01161	3.992930288
DFBLDAAM_01162	14.8981155865
DFBLDAAM_01163	13.6881163511
DFBLDAAM_01164	23.4257049136
DFBLDAAM_01165	2.30606521194
DFBLDAAM_01167	0.0
DFBLDAAM_01168	0.0
DFBLDAAM_01169	0.0
DFBLDAAM_01170	1.22570860053
DFBLDAAM_01171	0.0
DFBLDAAM_01172	0.0
DFBLDAAM_01173	0.0
DFBLDAAM_01174	6.69453555402
DFBLDAAM_01175	35.8346700486
DFBLDAAM_01176	0.0
DFBLDAAM_01177	0.0
DFBLDAAM_01178	0.0
DFBLDAAM_01179	0.0
DFBLDAAM_01180	0.0
DFBLDAAM_01181	1.53039666354
DFBLDAAM_01182	0.0
DFBLDAAM_01183	3.73484615119
DFBLDAAM_01184	0.0
DFBLDAAM_01185	0.0
DFBLDAAM_01186	0.0
DFBLDAAM_01187	0.0
DFBLDAAM_01188	0.0
DFBLDAAM_01189	52.7260124249
DFBLDAAM_01190	2.57305240569
DFBLDAAM_01191	0.0
DFBLDAAM_01192	0.0
DFBLDAAM_01193	0.0
DFBLDAAM_01194	48.1528378779
DFBLDAAM_01195	127.196175526
DFBLDAAM_01196	2.47390726712
DFBLDAAM_01197	0.0
DFBLDAAM_01198	0.0
DFBLDAAM_01199	3.01966284564
DFBLDAAM_01200	0.0
DFBLDAAM_01201	2.23657084973
DFBLDAAM_01202	153.664203228
DFBLDAAM_01203	45.4476222668
DFBLDAAM_01204	0.0
DFBLDAAM_01205	4.79814754655
DFBLDAAM_01206	0.0
DFBLDAAM_01207	0.0
DFBLDAAM_01208	0.0
DFBLDAAM_01209	0.0
DFBLDAAM_01210	0.0
DFBLDAAM_01211	3.24886617007
DFBLDAAM_01212	5.05920998342
DFBLDAAM_01213	0.0
DFBLDAAM_01214	0.0
DFBLDAAM_01216	2.83649255382
DFBLDAAM_01217	0.0
DFBLDAAM_01218	6.64177074178
DFBLDAAM_01219	1.1273239637
DFBLDAAM_01220	0.0
DFBLDAAM_01221	3.91941703657
DFBLDAAM_01222	0.0
DFBLDAAM_01223	0.0
DFBLDAAM_01224	3.8449034047
DFBLDAAM_01225	0.0
DFBLDAAM_01226	0.0
DFBLDAAM_01227	20.4801943379
DFBLDAAM_01228	0.0
DFBLDAAM_01229	3.42202908777
DFBLDAAM_01230	0.0
DFBLDAAM_01231	0.0
DFBLDAAM_01232	0.0
DFBLDAAM_01233	4.95690978155
DFBLDAAM_01234	0.0
DFBLDAAM_01235	0.0
DFBLDAAM_01236	0.0
DFBLDAAM_01237	12.2570860053
DFBLDAAM_01238	0.0
DFBLDAAM_01239	5.51819697373
DFBLDAAM_01240	2.86461641766
DFBLDAAM_01241	0.0
DFBLDAAM_01242	2.80307580162
DFBLDAAM_01243	2.92468429627
DFBLDAAM_01244	0.0
DFBLDAAM_01245	0.0
DFBLDAAM_01246	0.0
DFBLDAAM_01247	14.3603729529
DFBLDAAM_01248	69.8216149229
DFBLDAAM_01249	0.0
DFBLDAAM_01250	6.71453914632
DFBLDAAM_01251	0.942852769637
DFBLDAAM_01252	0.0
DFBLDAAM_01253	2.86867970336
DFBLDAAM_01255	0.0
DFBLDAAM_01256	0.0
DFBLDAAM_01257	0.0
DFBLDAAM_01258	0.0
DFBLDAAM_01259	1.51492074223
DFBLDAAM_01260	0.0
DFBLDAAM_01261	71.3795008543
DFBLDAAM_01262	0.0
DFBLDAAM_01263	17.4346481972
DFBLDAAM_01264	10.7862356846
DFBLDAAM_01265	11.2017175728
DFBLDAAM_01266	0.0
DFBLDAAM_01267	0.0
DFBLDAAM_01268	5.67696614981
DFBLDAAM_01269	0.0
DFBLDAAM_01270	0.0
DFBLDAAM_01271	1.15040909606
DFBLDAAM_01272	0.0
DFBLDAAM_01273	0.0
DFBLDAAM_01274	1.94276579334
DFBLDAAM_01275	0.0
DFBLDAAM_01276	0.0
DFBLDAAM_01277	0.0
DFBLDAAM_01278	0.0
DFBLDAAM_01279	0.662219774352
DFBLDAAM_01280	0.0
DFBLDAAM_01281	55.8872315266
DFBLDAAM_01282	3.74985016849
DFBLDAAM_01283	7.43365657108
DFBLDAAM_01284	0.0
DFBLDAAM_01285	0.0
DFBLDAAM_01286	0.0
DFBLDAAM_01287	0.0
DFBLDAAM_01288	1.11060911086
DFBLDAAM_01289	0.0
DFBLDAAM_01290	0.0
DFBLDAAM_01291	0.0
DFBLDAAM_01292	0.0
DFBLDAAM_01293	3.98114013951
DFBLDAAM_01294	0.717169925841
DFBLDAAM_01295	0.0
DFBLDAAM_01296	1.60318604112
DFBLDAAM_01297	4.14005975613
DFBLDAAM_01298	2.81086753422
DFBLDAAM_01299	2.82806389215
DFBLDAAM_01300	15.0365739098
DFBLDAAM_01301	0.0
DFBLDAAM_01302	8.97855356657
DFBLDAAM_01303	0.0
DFBLDAAM_01304	3.94522153791
DFBLDAAM_01305	0.0
DFBLDAAM_01306	0.0
DFBLDAAM_01307	4.62267243628
DFBLDAAM_01308	0.0
DFBLDAAM_01309	2.33064729573
DFBLDAAM_01310	8.90320733359
DFBLDAAM_01311	6.08704045409
DFBLDAAM_01312	0.0
DFBLDAAM_01313	3.28748420745
DFBLDAAM_01314	14.3230820883
DFBLDAAM_01315	67.8128722777
DFBLDAAM_01316	8.41360037804
DFBLDAAM_01317	0.0
DFBLDAAM_01318	0.0
DFBLDAAM_01319	0.0
DFBLDAAM_01320	0.0
DFBLDAAM_01321	3.12825860924
DFBLDAAM_01322	12.3018198958
DFBLDAAM_01323	3.54033994025
DFBLDAAM_01324	2.77881174893
DFBLDAAM_01325	2.05530405576
DFBLDAAM_01326	0.0
DFBLDAAM_01327	0.0
DFBLDAAM_01328	3.02304811789
DFBLDAAM_01329	4.09811386195
DFBLDAAM_01330	0.0
DFBLDAAM_01331	0.0
DFBLDAAM_01332	7.69712346668
DFBLDAAM_01333	0.0
DFBLDAAM_01334	0.0
DFBLDAAM_01335	0.0
DFBLDAAM_01336	1.91789396953
DFBLDAAM_01337	0.0
DFBLDAAM_01338	1.1775366468
DFBLDAAM_01339	0.0
DFBLDAAM_01340	35.6516203519
DFBLDAAM_01341	0.0
DFBLDAAM_01342	11.6565947601
DFBLDAAM_01343	0.0
DFBLDAAM_01344	1.70452523461
DFBLDAAM_01345	0.0
DFBLDAAM_01346	2.53435988831
DFBLDAAM_01347	0.0
DFBLDAAM_01348	0.0
DFBLDAAM_01349	0.0
DFBLDAAM_01350	0.0
DFBLDAAM_01351	0.0
DFBLDAAM_01352	0.0
DFBLDAAM_01353	0.0
DFBLDAAM_01354	0.0
DFBLDAAM_01355	6.71621150974
DFBLDAAM_01356	19.9253122253
DFBLDAAM_01357	3.68718175182
DFBLDAAM_01358	0.0
DFBLDAAM_01359	0.0
DFBLDAAM_01360	0.0
DFBLDAAM_01361	0.0
DFBLDAAM_01362	0.0
DFBLDAAM_01363	6.92312945099
DFBLDAAM_01364	0.0
DFBLDAAM_01365	0.0
DFBLDAAM_01366	0.0
DFBLDAAM_01367	0.0
DFBLDAAM_01368	0.0
DFBLDAAM_01369	1.17139831501
DFBLDAAM_01370	0.0
DFBLDAAM_01371	0.0
DFBLDAAM_01372	0.0
DFBLDAAM_01373	233.560221518
DFBLDAAM_01374	0.0
DFBLDAAM_01375	0.0
DFBLDAAM_01376	0.0
DFBLDAAM_01377	0.0
DFBLDAAM_01378	1.62443308504
DFBLDAAM_01379	0.0
DFBLDAAM_01380	2.27365844955
DFBLDAAM_01381	7.50433837058
DFBLDAAM_01382	16.9240099654
DFBLDAAM_01383	5.84936859254
DFBLDAAM_01384	0.0
DFBLDAAM_01385	0.0
DFBLDAAM_01386	0.0
DFBLDAAM_01387	0.0
DFBLDAAM_01388	0.0
DFBLDAAM_01389	0.0
DFBLDAAM_01390	0.0
DFBLDAAM_01391	0.0
DFBLDAAM_01392	0.0
DFBLDAAM_01393	178.527122251
DFBLDAAM_01394	3.48843327446
DFBLDAAM_01395	0.0
DFBLDAAM_01396	0.0
DFBLDAAM_01397	8.44182130954
DFBLDAAM_01398	0.0
DFBLDAAM_01399	242.690302904
DFBLDAAM_01400	0.0
DFBLDAAM_01401	2.23966687804
DFBLDAAM_01402	0.0
DFBLDAAM_01403	0.0
DFBLDAAM_01404	0.0
DFBLDAAM_01405	0.0
DFBLDAAM_01406	0.0
DFBLDAAM_01407	0.0
DFBLDAAM_01408	4.33995534522
DFBLDAAM_01409	0.0
DFBLDAAM_01410	0.0
DFBLDAAM_01411	0.0
DFBLDAAM_01412	0.0
DFBLDAAM_01413	0.0
DFBLDAAM_01414	0.846909208907
DFBLDAAM_01415	0.0
DFBLDAAM_01416	58.9222386372
DFBLDAAM_01417	315.619964636
DFBLDAAM_01418	0.0
DFBLDAAM_01419	2.08389406581
DFBLDAAM_01420	0.0
DFBLDAAM_01421	0.0
DFBLDAAM_01422	63.4710730373
DFBLDAAM_01423	2.85652428089
DFBLDAAM_01424	3.69796889901
DFBLDAAM_01425	9.39567568349
DFBLDAAM_01426	0.0
DFBLDAAM_01427	0.0
DFBLDAAM_01428	0.0
DFBLDAAM_01429	0.0
DFBLDAAM_01430	0.0
DFBLDAAM_01431	0.0
DFBLDAAM_01432	4.09189517627
DFBLDAAM_01433	0.0
DFBLDAAM_01434	2.16243698569
DFBLDAAM_01435	0.0
DFBLDAAM_01436	0.0
DFBLDAAM_01437	5.21146119495
DFBLDAAM_01438	0.0
DFBLDAAM_01439	0.0
DFBLDAAM_01440	0.0
DFBLDAAM_01441	0.0
DFBLDAAM_01442	0.0
DFBLDAAM_01443	0.0
DFBLDAAM_01444	0.0
DFBLDAAM_01445	0.0
DFBLDAAM_01446	3.25933793855
DFBLDAAM_01447	0.0
DFBLDAAM_01448	0.0
DFBLDAAM_01449	0.0
DFBLDAAM_01450	0.0
DFBLDAAM_01451	10.7290142752
DFBLDAAM_01452	0.0
DFBLDAAM_01453	0.0
DFBLDAAM_01454	27.9597123162
DFBLDAAM_01455	7.85405511018
DFBLDAAM_01456	0.0
DFBLDAAM_01457	2.68760025365
DFBLDAAM_01458	0.0
DFBLDAAM_01459	0.0
DFBLDAAM_01460	0.0
DFBLDAAM_01461	2.23718937043
DFBLDAAM_01462	0.0
DFBLDAAM_01463	0.0
DFBLDAAM_01464	3.78199007175
DFBLDAAM_01465	0.0
DFBLDAAM_01466	4.58988752538
DFBLDAAM_01467	0.0
DFBLDAAM_01468	0.0
DFBLDAAM_01469	4.33530373177
DFBLDAAM_01470	3.89676144676
DFBLDAAM_01471	0.0
DFBLDAAM_01472	2.25464792739
DFBLDAAM_01473	0.0
DFBLDAAM_01474	0.0
DFBLDAAM_01475	1.31925583227
DFBLDAAM_01476	0.0
DFBLDAAM_01477	0.0
DFBLDAAM_01478	0.0
DFBLDAAM_01479	0.0
DFBLDAAM_01480	0.0
DFBLDAAM_01481	3.94810969423
DFBLDAAM_01482	0.0
DFBLDAAM_01483	4.11478980849
DFBLDAAM_01484	1.37579536794
DFBLDAAM_01485	4.03676485204
DFBLDAAM_01486	0.0
DFBLDAAM_01487	0.0
DFBLDAAM_01488	0.0
DFBLDAAM_01489	0.0
DFBLDAAM_01490	0.0
DFBLDAAM_01491	1.23960722701
DFBLDAAM_01492	1.30017305745
DFBLDAAM_01493	0.402832226047
DFBLDAAM_01494	5.01965547498
DFBLDAAM_01495	0.0
DFBLDAAM_01496	0.0
DFBLDAAM_01497	0.0
DFBLDAAM_01498	0.0
DFBLDAAM_01499	8.67991069043
DFBLDAAM_01500	1.21030472224
DFBLDAAM_01501	0.0
DFBLDAAM_01502	0.0
DFBLDAAM_01503	0.0
DFBLDAAM_01504	1.24956391157
DFBLDAAM_01505	0.0
DFBLDAAM_01506	1.34693252805
DFBLDAAM_01507	0.0
DFBLDAAM_01508	4.64923951924
DFBLDAAM_01509	13.4693252805
DFBLDAAM_01510	0.81614979454
DFBLDAAM_01511	2.29689856998
DFBLDAAM_01512	0.0
DFBLDAAM_01513	0.0
DFBLDAAM_01514	0.0
DFBLDAAM_01515	0.0
DFBLDAAM_01516	0.0
DFBLDAAM_01517	0.0
DFBLDAAM_01518	0.0
DFBLDAAM_01519	1.44355402632
DFBLDAAM_01520	0.0
DFBLDAAM_01521	4.73911936935
DFBLDAAM_01522	0.0
DFBLDAAM_01523	0.0
DFBLDAAM_01524	1.08600842576
DFBLDAAM_01525	2.16765186588
DFBLDAAM_01526	0.0
DFBLDAAM_01527	3.37350990971
DFBLDAAM_01528	15.2635410632
DFBLDAAM_01529	0.0
DFBLDAAM_01530	0.0
DFBLDAAM_01531	0.0
DFBLDAAM_01532	0.0
DFBLDAAM_01533	0.0
DFBLDAAM_01534	1.50983142282
DFBLDAAM_01535	0.0
DFBLDAAM_01536	9.18759427993
DFBLDAAM_01537	6.07789388691
DFBLDAAM_01538	8.18793194684
DFBLDAAM_01539	2.22243867129
DFBLDAAM_01540	0.0
DFBLDAAM_01541	0.0
DFBLDAAM_01542	11.4910181299
DFBLDAAM_01543	0.0
DFBLDAAM_01544	94.6733761667
DFBLDAAM_01545	17.9970562035
DFBLDAAM_01546	3.8449034047
DFBLDAAM_01547	0.0
DFBLDAAM_01548	55.4562245997
DFBLDAAM_01549	2.29494376269
DFBLDAAM_01550	14.4355402632
DFBLDAAM_01551	0.686496670357
DFBLDAAM_01552	0.0
DFBLDAAM_01553	6.43570148248
DFBLDAAM_01554	1.66044268544
DFBLDAAM_01555	1.81464261182
DFBLDAAM_01556	0.0
DFBLDAAM_01557	3.57002505008
DFBLDAAM_01558	23.7233922683
DFBLDAAM_01559	0.975600188553
DFBLDAAM_01560	0.0
DFBLDAAM_01561	0.0
DFBLDAAM_01562	16.8114645958
DFBLDAAM_01563	6.12854300264
DFBLDAAM_01565	4.89097748699
DFBLDAAM_01566	0.0
DFBLDAAM_01567	0.0
DFBLDAAM_01568	1.83689299807
DFBLDAAM_01569	0.853341430747
DFBLDAAM_01570	1.1775366468
DFBLDAAM_01571	14.934787871
DFBLDAAM_01572	0.0
DFBLDAAM_01573	0.0
DFBLDAAM_01574	0.0
DFBLDAAM_01575	31.114141398
DFBLDAAM_01576	23.7233922683
DFBLDAAM_01577	0.0
DFBLDAAM_01578	0.869857716503
DFBLDAAM_01579	0.0
DFBLDAAM_01580	4.54731689909
DFBLDAAM_01581	0.0
DFBLDAAM_01582	0.0
DFBLDAAM_01583	4.67071406668
DFBLDAAM_01584	0.0
DFBLDAAM_01585	0.0
DFBLDAAM_01586	0.0
DFBLDAAM_01587	1.60700770033
DFBLDAAM_01588	0.0
DFBLDAAM_01589	0.0
DFBLDAAM_01590	0.0
DFBLDAAM_01591	0.0
DFBLDAAM_01592	3.15756313953
DFBLDAAM_01593	1.60318604112
DFBLDAAM_01594	0.0
DFBLDAAM_01595	0.0
DFBLDAAM_01596	20.7268172264
DFBLDAAM_01597	0.0
DFBLDAAM_01598	2.29494376269
DFBLDAAM_01599	5.87059271661
DFBLDAAM_01600	0.0
DFBLDAAM_01601	0.0
DFBLDAAM_01602	0.0
DFBLDAAM_01603	1.37159660283
DFBLDAAM_01604	0.0
DFBLDAAM_01605	7.34757199226
DFBLDAAM_01606	3.3990238502
DFBLDAAM_01607	0.0
DFBLDAAM_01608	2.87071567192
DFBLDAAM_01609	23.8533013245
DFBLDAAM_01610	0.0
DFBLDAAM_01611	0.0
DFBLDAAM_01612	2.64887909741
DFBLDAAM_01613	1.23846857983
DFBLDAAM_01614	0.0
DFBLDAAM_01615	0.0
DFBLDAAM_01616	2.21574274541
DFBLDAAM_01617	0.0
DFBLDAAM_01618	0.0
DFBLDAAM_01619	5.28219181422
DFBLDAAM_01620	3.2236209458
DFBLDAAM_01621	3.64153804343
DFBLDAAM_01622	10.7690052762
DFBLDAAM_01623	14.25912473
DFBLDAAM_01624	3.69729285351
DFBLDAAM_01625	0.0
DFBLDAAM_01626	0.0
DFBLDAAM_01627	0.0
DFBLDAAM_01628	0.0
DFBLDAAM_01629	3.02984148445
DFBLDAAM_01630	0.0
DFBLDAAM_01631	0.0
DFBLDAAM_01632	0.0
DFBLDAAM_01633	0.0
DFBLDAAM_01634	2.11329069056
DFBLDAAM_01635	0.0
DFBLDAAM_01636	2.0742760932
DFBLDAAM_01637	0.0
DFBLDAAM_01638	2.83848307491
DFBLDAAM_01639	0.0
DFBLDAAM_01640	0.0
DFBLDAAM_01641	0.0
DFBLDAAM_01642	0.0
DFBLDAAM_01643	0.0
DFBLDAAM_01644	0.0
DFBLDAAM_01645	0.0
DFBLDAAM_01646	3.08530769012
DFBLDAAM_01647	0.508592780302
DFBLDAAM_01648	0.0
DFBLDAAM_01649	0.0
DFBLDAAM_01650	0.0
DFBLDAAM_01651	0.0
DFBLDAAM_01652	0.0
DFBLDAAM_01653	0.0
DFBLDAAM_01654	0.0
DFBLDAAM_01655	4.51576852826
DFBLDAAM_01656	0.0
DFBLDAAM_01657	0.0
DFBLDAAM_01658	0.0
DFBLDAAM_01659	0.0
DFBLDAAM_01660	59.9639113196
DFBLDAAM_01661	40.3676485204
DFBLDAAM_01662	3.18993563229
DFBLDAAM_01663	0.0
DFBLDAAM_01664	0.0
DFBLDAAM_01665	0.0
DFBLDAAM_01666	0.0
DFBLDAAM_01667	18.8132017755
DFBLDAAM_01668	2.82263669347
DFBLDAAM_01669	0.0
DFBLDAAM_01670	0.0
DFBLDAAM_01671	0.0
DFBLDAAM_01672	0.0
DFBLDAAM_01673	0.0
DFBLDAAM_01674	10.2530757459
DFBLDAAM_01675	4.03676485204
DFBLDAAM_01676	8.35710409451
DFBLDAAM_01677	0.0
DFBLDAAM_01678	0.0
DFBLDAAM_01679	10.6852118634
DFBLDAAM_01680	1.31155589551
DFBLDAAM_01681	0.0
DFBLDAAM_01682	0.0
DFBLDAAM_01683	0.0
DFBLDAAM_01684	0.0
DFBLDAAM_01685	0.0
DFBLDAAM_01686	0.0
DFBLDAAM_01687	1.20921924716
DFBLDAAM_01688	0.0
DFBLDAAM_01689	0.0
DFBLDAAM_01690	0.0
DFBLDAAM_01691	6.1847681678
DFBLDAAM_01692	0.0
DFBLDAAM_01693	0.0
DFBLDAAM_01694	0.0
DFBLDAAM_01695	0.0
DFBLDAAM_01696	0.0
DFBLDAAM_01697	0.0
DFBLDAAM_01698	0.0
DFBLDAAM_01699	1.34290782926
DFBLDAAM_01700	5.42567187356
DFBLDAAM_01701	0.0
DFBLDAAM_01702	2.47390726712
DFBLDAAM_01703	1.4560253354
DFBLDAAM_01704	2.57305240569
DFBLDAAM_01705	0.963056757557
DFBLDAAM_01706	1.52520300971
DFBLDAAM_01707	0.0
DFBLDAAM_01708	0.0
DFBLDAAM_01709	1.65433062648
DFBLDAAM_01710	0.0
DFBLDAAM_01711	0.797326706434
DFBLDAAM_01712	2.87479629122
DFBLDAAM_01713	3.26065165799
DFBLDAAM_01714	0.0
DFBLDAAM_01715	0.0
DFBLDAAM_01716	0.453660652954
DFBLDAAM_01717	1.16532364787
DFBLDAAM_01718	2.69296829677
DFBLDAAM_01719	10.7862356846
DFBLDAAM_01720	10.7290142752
DFBLDAAM_01721	11.4692959785
DFBLDAAM_01722	9.78026551716
DFBLDAAM_01723	0.0
DFBLDAAM_01724	0.0
DFBLDAAM_01725	1.4560253354
DFBLDAAM_01726	2.51310244283
DFBLDAAM_01727	10.4069598158
DFBLDAAM_01728	0.0
DFBLDAAM_01729	3.19497502507
DFBLDAAM_01730	2.25464792739
DFBLDAAM_01731	1.58341686504
DFBLDAAM_01732	0.0
DFBLDAAM_01733	3.75565309354
DFBLDAAM_01734	0.0
DFBLDAAM_01735	0.0
DFBLDAAM_01736	0.597112250036
DFBLDAAM_01737	15.1114758969
DFBLDAAM_01738	0.0
DFBLDAAM_01739	0.0
DFBLDAAM_01740	1.50477618368
DFBLDAAM_01741	0.0
DFBLDAAM_01742	0.0
DFBLDAAM_01743	0.0
DFBLDAAM_01744	3.88553158669
DFBLDAAM_01745	0.0
DFBLDAAM_01746	0.0
DFBLDAAM_01747	11.8865947406
DFBLDAAM_01748	0.0
DFBLDAAM_01749	3.94810969423
DFBLDAAM_01750	2.89330356348
DFBLDAAM_01751	0.0
DFBLDAAM_01752	2.95891615343
DFBLDAAM_01753	3.21785074124
DFBLDAAM_01754	0.0
DFBLDAAM_01755	0.0
DFBLDAAM_01756	1.34290782926
DFBLDAAM_01757	2.17289195903
DFBLDAAM_01758	0.0
DFBLDAAM_01759	0.0
DFBLDAAM_01760	20.2307179468
DFBLDAAM_01761	8.54242530463
DFBLDAAM_01762	1.43663235011
DFBLDAAM_01763	0.0
DFBLDAAM_01764	0.0
DFBLDAAM_01765	18.7695516554
DFBLDAAM_01766	1.22906058394
DFBLDAAM_01767	0.0
DFBLDAAM_01768	13.7579536794
DFBLDAAM_01769	25.6466201741
DFBLDAAM_01770	0.0
DFBLDAAM_01771	2.10340009451
DFBLDAAM_01772	6.14717079292
DFBLDAAM_01773	3.08530769012
DFBLDAAM_01774	0.0
DFBLDAAM_01775	0.0
DFBLDAAM_01776	2.46036397916
DFBLDAAM_01777	3.41336572299
DFBLDAAM_01778	0.0
DFBLDAAM_01779	0.0
DFBLDAAM_01780	7.32760576402
DFBLDAAM_01781	9.49492577873
DFBLDAAM_01782	21.2327474107
DFBLDAAM_01783	3.26459917816
DFBLDAAM_01784	4.18720329373
DFBLDAAM_01785	0.0
DFBLDAAM_01786	0.0
DFBLDAAM_01787	3.24886617007
DFBLDAAM_01788	0.0
DFBLDAAM_01789	8.61520422096
DFBLDAAM_01790	0.0
DFBLDAAM_01791	0.0
DFBLDAAM_01792	5.66503975034
DFBLDAAM_01793	6.42343716332
DFBLDAAM_01794	17.2120782202
DFBLDAAM_01795	3.19497502507
DFBLDAAM_01796	6.22989050365
DFBLDAAM_01797	2.87139497047
DFBLDAAM_01798	14.1924153745
DFBLDAAM_01799	2.55840504854
DFBLDAAM_01800	0.0
DFBLDAAM_01801	9.38477582771
DFBLDAAM_01802	2.54392351053
DFBLDAAM_01803	0.0
DFBLDAAM_01809	0.0
DFBLDAAM_01810	0.0
DFBLDAAM_01811	0.0
DFBLDAAM_01812	1.08907872422
DFBLDAAM_01813	0.0
DFBLDAAM_01814	0.0
DFBLDAAM_01815	0.0
DFBLDAAM_01816	0.0
DFBLDAAM_01817	0.0
DFBLDAAM_01818	0.0
DFBLDAAM_01819	1.08208624445
DFBLDAAM_01820	0.0
DFBLDAAM_01821	76.0880056761
DFBLDAAM_01822	140.377764661
DFBLDAAM_01823	1.99597255452
DFBLDAAM_01824	0.0
DFBLDAAM_01825	0.0
DFBLDAAM_01826	0.0
DFBLDAAM_01827	0.0
DFBLDAAM_01828	0.0
DFBLDAAM_01829	0.0
DFBLDAAM_01830	3.75565309354
DFBLDAAM_01831	0.757035070511
DFBLDAAM_01832	0.0
DFBLDAAM_01834	10.1949297586
DFBLDAAM_01835	2.96325156172
DFBLDAAM_01836	5.41912966471
DFBLDAAM_01837	1.02452846549
DFBLDAAM_01838	21.7757113418
DFBLDAAM_01839	11.1274783542
DFBLDAAM_01840	46.990973157
DFBLDAAM_01841	2.66195352533
DFBLDAAM_01842	0.0
DFBLDAAM_01843	0.0
DFBLDAAM_01844	0.0
DFBLDAAM_01845	4.64923951924
DFBLDAAM_01846	0.0
DFBLDAAM_01847	0.0
DFBLDAAM_01848	2.23225076255
DFBLDAAM_01849	0.0
DFBLDAAM_01850	0.0
DFBLDAAM_01851	0.0
DFBLDAAM_01852	0.0
DFBLDAAM_01853	0.0
DFBLDAAM_01854	1.11060911086
DFBLDAAM_01855	0.0
DFBLDAAM_01856	0.0
DFBLDAAM_01857	0.0
DFBLDAAM_01858	0.0
DFBLDAAM_01859	6.44424596135
DFBLDAAM_01860	2.66458391419
DFBLDAAM_01861	0.0
DFBLDAAM_01862	0.0
DFBLDAAM_01863	1.37159660283
DFBLDAAM_01864	6.79804770041
DFBLDAAM_01865	7.08791772501
DFBLDAAM_01866	0.0
DFBLDAAM_01867	0.0
DFBLDAAM_01868	0.0
DFBLDAAM_01869	1.85203222607
DFBLDAAM_01870	0.0
DFBLDAAM_01871	16.9476468509
DFBLDAAM_01872	0.0
DFBLDAAM_01873	5.31516213107
DFBLDAAM_01874	2.50144612353
DFBLDAAM_01875	0.0
DFBLDAAM_01876	0.0
DFBLDAAM_01877	12.6896890408
DFBLDAAM_01878	1.80734512142
DFBLDAAM_01879	2.79436157633
DFBLDAAM_01880	12.0274706564
DFBLDAAM_01881	0.0
DFBLDAAM_01882	0.0
DFBLDAAM_01883	0.0
DFBLDAAM_01884	0.0
DFBLDAAM_01885	1.40153790081
DFBLDAAM_01886	0.0
DFBLDAAM_01887	0.0
DFBLDAAM_01888	0.0
DFBLDAAM_01889	3.54810384363
DFBLDAAM_01890	4.32834497779
DFBLDAAM_01891	0.0
DFBLDAAM_01892	0.0
DFBLDAAM_01893	0.0
DFBLDAAM_01894	0.0
DFBLDAAM_01895	0.0
DFBLDAAM_01896	0.0
DFBLDAAM_01897	0.0
DFBLDAAM_01898	0.0
DFBLDAAM_01899	0.0
DFBLDAAM_01900	0.0
DFBLDAAM_01901	0.0
DFBLDAAM_01902	0.0
DFBLDAAM_01903	0.0
DFBLDAAM_01904	0.0
DFBLDAAM_01905	0.0
DFBLDAAM_01906	0.0
DFBLDAAM_01907	0.0
DFBLDAAM_01908	4.17855204725
DFBLDAAM_01909	2.20163203883
DFBLDAAM_01910	0.0
DFBLDAAM_01911	1.39718078817
DFBLDAAM_01912	0.0
DFBLDAAM_01913	0.0
DFBLDAAM_01914	2.47845489077
DFBLDAAM_01915	7.15267618345
DFBLDAAM_01916	0.0
DFBLDAAM_01919	0.0
DFBLDAAM_01920	3.81588526579
DFBLDAAM_01921	0.0
DFBLDAAM_01922	3.69391633036
DFBLDAAM_01923	4.98132805633
DFBLDAAM_01924	3.64991732696
DFBLDAAM_01925	0.0
DFBLDAAM_01926	0.0
DFBLDAAM_01927	0.0
DFBLDAAM_01928	0.0
DFBLDAAM_01929	0.0
DFBLDAAM_01930	25.6326893646
DFBLDAAM_01931	19.5660607736
DFBLDAAM_01932	0.0
DFBLDAAM_01933	9.75728556999
DFBLDAAM_01934	22.3251477802
DFBLDAAM_01935	93.816662267
DFBLDAAM_01936	110.195917451
DFBLDAAM_01937	9.57075038566
DFBLDAAM_01938	0.0
DFBLDAAM_01939	0.0
DFBLDAAM_01940	5.05920998342
DFBLDAAM_01941	0.0
DFBLDAAM_01942	0.0
DFBLDAAM_01943	0.0
DFBLDAAM_01944	0.0
DFBLDAAM_01945	0.0
DFBLDAAM_01946	0.0
DFBLDAAM_01947	0.0
DFBLDAAM_01948	2.09685763698
DFBLDAAM_01949	9.93329661528
DFBLDAAM_01950	10.0169350712
DFBLDAAM_01951	17.9955164143
DFBLDAAM_01952	33.8802377302
DFBLDAAM_01953	2.86461641766
DFBLDAAM_01954	0.0
DFBLDAAM_01955	0.0
DFBLDAAM_01956	0.0
DFBLDAAM_01957	1.7787327976
DFBLDAAM_01958	0.0
DFBLDAAM_01959	0.0
DFBLDAAM_01960	24.249630586
DFBLDAAM_01961	2.69252014095
DFBLDAAM_01962	12.0113983125
DFBLDAAM_01963	2.00935836152
DFBLDAAM_01964	0.0
DFBLDAAM_01965	0.0
DFBLDAAM_01966	0.0
DFBLDAAM_01967	0.0
DFBLDAAM_01968	0.0
DFBLDAAM_01969	5.42203536426
DFBLDAAM_01970	0.0
DFBLDAAM_01971	3.70406445214
DFBLDAAM_01972	0.0
DFBLDAAM_01973	5.64527338694
DFBLDAAM_01974	3.22941188163
DFBLDAAM_01975	0.686496670357
DFBLDAAM_01976	0.0
DFBLDAAM_01977	5.29775819481
DFBLDAAM_01978	11.8477984234
DFBLDAAM_01979	5.01219130327
DFBLDAAM_01980	8.33987295204
DFBLDAAM_01981	3.78730185556
DFBLDAAM_01982	0.0
DFBLDAAM_01983	0.0
DFBLDAAM_01984	1.8674230756
DFBLDAAM_01985	0.0
DFBLDAAM_01986	0.0
DFBLDAAM_01987	10.4720734802
DFBLDAAM_01988	0.0
DFBLDAAM_01989	12.3412307605
DFBLDAAM_01990	0.0
DFBLDAAM_01991	1.99008038462
DFBLDAAM_01992	0.0
DFBLDAAM_01993	0.0
DFBLDAAM_01994	6.84405817553
DFBLDAAM_01995	0.0
DFBLDAAM_01996	0.0
DFBLDAAM_01997	0.0
DFBLDAAM_01998	0.0
DFBLDAAM_01999	13.100691115
DFBLDAAM_02000	0.0
DFBLDAAM_02001	0.0
DFBLDAAM_02002	0.0
DFBLDAAM_02003	0.0
DFBLDAAM_02004	2.60285610151
DFBLDAAM_02005	0.0
DFBLDAAM_02006	0.0
DFBLDAAM_02007	0.0
DFBLDAAM_02008	36.9204314763
DFBLDAAM_02009	12.1740809082
DFBLDAAM_02010	26.1401119908
DFBLDAAM_02011	3.11620830643
DFBLDAAM_02012	7.07139577227
DFBLDAAM_02013	9.37390123231
DFBLDAAM_02014	2.12662375486
DFBLDAAM_02015	1.48981155865
DFBLDAAM_02016	0.0
DFBLDAAM_02017	0.0
DFBLDAAM_02018	8.84117679069
DFBLDAAM_02019	2.96325156172
DFBLDAAM_02020	1.67905287744
DFBLDAAM_02021	0.0
DFBLDAAM_02022	0.0
DFBLDAAM_02023	0.0
DFBLDAAM_02024	0.921585413931
DFBLDAAM_02025	1.97501874108
DFBLDAAM_02026	0.0
DFBLDAAM_02027	1.14164221895
DFBLDAAM_02028	0.0
DFBLDAAM_02029	0.0
DFBLDAAM_02030	0.0
DFBLDAAM_02031	0.0
DFBLDAAM_02032	0.0
DFBLDAAM_02033	0.0
DFBLDAAM_02034	2.62311179101
DFBLDAAM_02035	0.0
DFBLDAAM_02036	1.19105959415
DFBLDAAM_02037	0.0
DFBLDAAM_02038	0.0
DFBLDAAM_02039	0.0
DFBLDAAM_02040	1.78461874332
DFBLDAAM_02041	0.669453555402
DFBLDAAM_02042	0.0
DFBLDAAM_02043	2.22121822171
DFBLDAAM_02044	0.0
DFBLDAAM_02045	3.86049952922
DFBLDAAM_02046	0.0
DFBLDAAM_02047	4.821023101
DFBLDAAM_02048	0.0
DFBLDAAM_02049	2.05530405576
DFBLDAAM_02050	1.95970851829
DFBLDAAM_02051	17.2120782202
DFBLDAAM_02052	0.0
DFBLDAAM_02053	0.0
DFBLDAAM_02054	1.18373964932
DFBLDAAM_02055	0.0
DFBLDAAM_02056	9.20327276847
DFBLDAAM_02057	0.0
DFBLDAAM_02058	0.0
DFBLDAAM_02059	0.0
DFBLDAAM_02060	8.41922945947
DFBLDAAM_02061	1.80010608889
DFBLDAAM_02063	0.0
DFBLDAAM_02064	46.4923951924
DFBLDAAM_02065	3.07125161863
DFBLDAAM_02066	0.0
DFBLDAAM_02067	0.0
DFBLDAAM_02069	0.0
DFBLDAAM_02070	0.0
DFBLDAAM_02071	0.0
DFBLDAAM_02072	0.0
DFBLDAAM_02073	22.1756490227
DFBLDAAM_02074	6.12854300264
DFBLDAAM_02075	0.0
DFBLDAAM_02076	0.0
DFBLDAAM_02077	6.65582244292
DFBLDAAM_02078	0.0
DFBLDAAM_02079	4.8499261172
DFBLDAAM_02080	0.0
DFBLDAAM_02081	0.0
DFBLDAAM_02082	0.0
DFBLDAAM_02083	2.57469024936
DFBLDAAM_02084	0.0
DFBLDAAM_02085	0.0
DFBLDAAM_02086	1.44201011827
DFBLDAAM_02087	11.40194047
DFBLDAAM_02088	0.0
DFBLDAAM_02089	2.01035704858
DFBLDAAM_02090	0.0
DFBLDAAM_02091	0.0
DFBLDAAM_02092	0.0
DFBLDAAM_02093	0.0
DFBLDAAM_02094	0.0
DFBLDAAM_02095	0.0
DFBLDAAM_02096	0.0
DFBLDAAM_02097	0.0
DFBLDAAM_02098	0.0
DFBLDAAM_02099	0.0
DFBLDAAM_02100	0.0
DFBLDAAM_02101	0.0
DFBLDAAM_02102	0.0
DFBLDAAM_02103	2.28521942471
DFBLDAAM_02104	0.0
DFBLDAAM_02105	0.0
DFBLDAAM_02106	0.981995237131
DFBLDAAM_02107	1.40153790081
DFBLDAAM_02108	28.6867970336
DFBLDAAM_02109	0.0
DFBLDAAM_02110	0.73355792197
DFBLDAAM_02111	0.0
DFBLDAAM_02112	6.81810093846
DFBLDAAM_02113	10.3448551963
DFBLDAAM_02114	12.9110208264
DFBLDAAM_02115	2.12160418659
DFBLDAAM_02116	6.64177074178
DFBLDAAM_02117	7.75764937043
DFBLDAAM_02118	6.69121320387
DFBLDAAM_02119	1.82941582168
DFBLDAAM_02120	0.0
DFBLDAAM_02121	11.7582511097
DFBLDAAM_02122	9.78787267209
DFBLDAAM_02123	23.4257049136
DFBLDAAM_02124	42.7056842718
DFBLDAAM_02125	5.53329463986
DFBLDAAM_02126	0.0
DFBLDAAM_02127	4.1358265662
DFBLDAAM_02128	0.0
DFBLDAAM_02129	0.0
DFBLDAAM_02130	0.682327662237
DFBLDAAM_02131	0.0
DFBLDAAM_02132	0.0
DFBLDAAM_02133	6.38995005014
DFBLDAAM_02134	0.0
DFBLDAAM_02135	0.0
DFBLDAAM_02136	0.0
DFBLDAAM_02137	0.0
DFBLDAAM_02138	0.0
DFBLDAAM_02139	3.48843327446
DFBLDAAM_02140	2.89744869752
DFBLDAAM_02141	0.874938001674
DFBLDAAM_02142	0.0
DFBLDAAM_02143	0.0
DFBLDAAM_02144	2.88402023654
DFBLDAAM_02145	13.100691115
DFBLDAAM_02146	0.0
DFBLDAAM_02147	11.8418522259
DFBLDAAM_02148	1.35098142343
DFBLDAAM_02149	0.0
DFBLDAAM_02150	6.85565827414
DFBLDAAM_02151	0.0
DFBLDAAM_02152	0.0
DFBLDAAM_02153	0.0
DFBLDAAM_02154	0.0
DFBLDAAM_02155	0.0
DFBLDAAM_02156	0.0
DFBLDAAM_02157	0.0
DFBLDAAM_02158	17.5923729199
DFBLDAAM_02159	0.0
DFBLDAAM_02160	0.0
DFBLDAAM_02161	2.72655098196
DFBLDAAM_02162	0.784567623265
DFBLDAAM_02163	1.51492074223
DFBLDAAM_02164	7.17169925841
DFBLDAAM_02165	0.696065803087
DFBLDAAM_02166	1.97405484712
DFBLDAAM_02167	2.56326893646
DFBLDAAM_02168	2.24463839164
DFBLDAAM_02169	0.0
DFBLDAAM_02170	1.1078713727
DFBLDAAM_02171	0.0
DFBLDAAM_02172	2.3821191883
DFBLDAAM_02173	3.47494706335
DFBLDAAM_02174	3.17990438816
DFBLDAAM_02175	0.0
DFBLDAAM_02176	11.8399952631
DFBLDAAM_02177	0.0
DFBLDAAM_02178	0.0
DFBLDAAM_02179	0.0
DFBLDAAM_02180	0.0
DFBLDAAM_02181	0.0
DFBLDAAM_02182	10.2336201942
DFBLDAAM_02183	0.0
DFBLDAAM_02184	0.0
DFBLDAAM_02185	0.0
DFBLDAAM_02186	2.46373588046
DFBLDAAM_02187	7.90007496434
DFBLDAAM_02188	0.0
DFBLDAAM_02189	17.8975149635
DFBLDAAM_02190	0.0
DFBLDAAM_02191	0.0
DFBLDAAM_02192	4.47933375608
DFBLDAAM_02193	0.0
DFBLDAAM_02194	21.5150977752
DFBLDAAM_02195	9.5962950931
DFBLDAAM_02196	11.7411854332
DFBLDAAM_02197	17.9970562035
DFBLDAAM_02198	11.6342427087
DFBLDAAM_02199	1.76476369186
DFBLDAAM_02200	0.0
DFBLDAAM_02201	2.15494852517
DFBLDAAM_02202	0.0
DFBLDAAM_02203	0.0
DFBLDAAM_02204	0.0
DFBLDAAM_02205	7.63897711377
DFBLDAAM_02206	98.6545946766
DFBLDAAM_02207	3.17242226019
DFBLDAAM_02208	3.83033937665
DFBLDAAM_02209	0.0
DFBLDAAM_02210	0.0
DFBLDAAM_02211	0.0
DFBLDAAM_02212	3.10305974817
DFBLDAAM_02213	2.79726029166
DFBLDAAM_02214	26.1167934253
DFBLDAAM_02215	1.15931166
DFBLDAAM_02216	0.0
DFBLDAAM_02217	1.78186712852
DFBLDAAM_02218	1.7787327976
DFBLDAAM_02219	1.24725204494
DFBLDAAM_02220	10.4652998234
DFBLDAAM_02221	0.0
DFBLDAAM_02222	6.38238797908
DFBLDAAM_02223	0.0
DFBLDAAM_02224	2.99285118886
DFBLDAAM_02225	0.0
DFBLDAAM_02226	9.5962950931
DFBLDAAM_02227	0.0
DFBLDAAM_02228	13.6881163511
DFBLDAAM_02229	5.20571220301
DFBLDAAM_02230	0.0
DFBLDAAM_02231	2.20667669489
DFBLDAAM_02232	0.0
DFBLDAAM_02233	1.5890152747
DFBLDAAM_02234	2.78570136484
DFBLDAAM_02235	0.0
DFBLDAAM_02236	1.22237485093
DFBLDAAM_02237	1.34693252805
DFBLDAAM_02238	0.0
DFBLDAAM_02239	0.0
DFBLDAAM_02240	5.57908742309
DFBLDAAM_02241	5.06491157243
DFBLDAAM_02242	0.0
DFBLDAAM_02243	0.0
DFBLDAAM_02244	7.1149311904
DFBLDAAM_02245	0.0
DFBLDAAM_02246	0.0
DFBLDAAM_02247	0.0
DFBLDAAM_02248	4.49640601432
DFBLDAAM_02249	0.0
DFBLDAAM_02250	1.73078236275
DFBLDAAM_02251	0.0
DFBLDAAM_02252	0.0
DFBLDAAM_02253	1.23243095117
DFBLDAAM_02254	0.0
DFBLDAAM_02255	0.0
DFBLDAAM_02256	4.36689703832
DFBLDAAM_02257	0.0
DFBLDAAM_02258	8.18130740643
DFBLDAAM_02259	15.7924387769
DFBLDAAM_02260	0.0
DFBLDAAM_02261	0.0
DFBLDAAM_02262	0.0
DFBLDAAM_02263	0.0
DFBLDAAM_02264	0.0
DFBLDAAM_02265	0.0
DFBLDAAM_02266	2.89537464692
DFBLDAAM_02267	9.55839196279
DFBLDAAM_02268	1.7363547464
DFBLDAAM_02269	0.0
DFBLDAAM_02270	0.0
DFBLDAAM_02271	0.0
DFBLDAAM_02272	0.0
DFBLDAAM_02273	0.0
DFBLDAAM_02274	0.0
DFBLDAAM_02275	0.0
DFBLDAAM_02276	11.40194047
DFBLDAAM_02277	0.0
DFBLDAAM_02278	0.70479846345
DFBLDAAM_02279	0.0
DFBLDAAM_02280	0.0
DFBLDAAM_02281	0.0
DFBLDAAM_02282	0.0
DFBLDAAM_02283	16.5433062648
DFBLDAAM_02284	0.0
DFBLDAAM_02285	28.4347162161
DFBLDAAM_02286	14.5171408945
DFBLDAAM_02287	2.90577469953
DFBLDAAM_02288	0.0
DFBLDAAM_02289	6.10081203883
DFBLDAAM_02290	0.0
DFBLDAAM_02291	0.0
DFBLDAAM_02292	0.0
DFBLDAAM_02293	15.533173509
DFBLDAAM_02294	0.0
DFBLDAAM_02295	281.812510203
DFBLDAAM_02296	16.9442661114
DFBLDAAM_02297	0.0
DFBLDAAM_02298	0.0
DFBLDAAM_02299	0.0
DFBLDAAM_02300	0.0
DFBLDAAM_02301	0.0
DFBLDAAM_02302	1.88307187232
DFBLDAAM_02303	3.67378599613
DFBLDAAM_02304	0.0
DFBLDAAM_02305	0.0
DFBLDAAM_02306	0.0
DFBLDAAM_02307	11.6297825812
DFBLDAAM_02308	1.26007426222
DFBLDAAM_02309	0.0
DFBLDAAM_02310	0.0
DFBLDAAM_02311	0.0
DFBLDAAM_02312	0.0
DFBLDAAM_02313	0.0
DFBLDAAM_02314	0.0
DFBLDAAM_02315	0.0
DFBLDAAM_02316	0.0
DFBLDAAM_02317	0.0
DFBLDAAM_02318	2.93423168788
DFBLDAAM_02319	16.5988517811
DFBLDAAM_02320	0.0
DFBLDAAM_02321	4.99732935723
DFBLDAAM_02322	0.0
DFBLDAAM_02323	24.8530776144
DFBLDAAM_02324	0.0
DFBLDAAM_02325	4.64923951924
DFBLDAAM_02326	0.0
DFBLDAAM_02327	0.0
DFBLDAAM_02328	32.4376857671
DFBLDAAM_02329	0.0
DFBLDAAM_02330	0.0
DFBLDAAM_02331	0.0
DFBLDAAM_02332	0.0
DFBLDAAM_02333	0.0
DFBLDAAM_02334	0.0
DFBLDAAM_02335	11.4584656707
DFBLDAAM_02336	3.14528645548
DFBLDAAM_02337	4.60163638423
DFBLDAAM_02338	3.16126485482
DFBLDAAM_02339	8.39178087498
DFBLDAAM_02340	3.48843327446
DFBLDAAM_02341	0.0
DFBLDAAM_02342	3.17990438816
DFBLDAAM_02343	0.0
DFBLDAAM_02344	2.11329069056
DFBLDAAM_02345	7.77106317337
DFBLDAAM_02346	2.23225076255
DFBLDAAM_02347	0.0
DFBLDAAM_02348	0.0
DFBLDAAM_02349	0.0
DFBLDAAM_02350	0.0
DFBLDAAM_02351	0.0
DFBLDAAM_02352	0.0
DFBLDAAM_02353	0.0
DFBLDAAM_02354	3.43948841985
DFBLDAAM_02355	0.0
DFBLDAAM_02356	0.0
DFBLDAAM_02357	1.00693014233
DFBLDAAM_02358	0.0
DFBLDAAM_02359	0.0
DFBLDAAM_02360	0.0
DFBLDAAM_02361	0.0
DFBLDAAM_02362	0.0
DFBLDAAM_02363	0.0
DFBLDAAM_02364	0.0
DFBLDAAM_02365	5.64133665515
DFBLDAAM_02366	9.5962950931
DFBLDAAM_02367	4.21337331431
DFBLDAAM_02368	12.3695363356
DFBLDAAM_02369	7.92173596111
DFBLDAAM_02370	7.59594062299
DFBLDAAM_02371	5.12653787293
DFBLDAAM_02372	3.24105639563
DFBLDAAM_02373	0.0
DFBLDAAM_02374	0.0
DFBLDAAM_02375	0.0
DFBLDAAM_02376	0.0
DFBLDAAM_02377	0.0
DFBLDAAM_02378	0.0
DFBLDAAM_02379	0.0
DFBLDAAM_02380	0.0
DFBLDAAM_02381	0.0
DFBLDAAM_02382	0.0
DFBLDAAM_02383	2.34177934968
DFBLDAAM_02384	0.0
DFBLDAAM_02385	0.0
DFBLDAAM_02386	2.53594882868
DFBLDAAM_02387	175.61623226
DFBLDAAM_02388	1.36327549098
DFBLDAAM_02389	0.0
DFBLDAAM_02390	0.0
DFBLDAAM_02391	0.0
DFBLDAAM_02392	0.820620487267
DFBLDAAM_02393	0.0
DFBLDAAM_02394	0.0
DFBLDAAM_02395	0.367879798248
DFBLDAAM_02396	0.974542436271
DFBLDAAM_02397	0.0
DFBLDAAM_02398	2.50609565164
DFBLDAAM_02399	0.0
DFBLDAAM_02400	1.44201011827
DFBLDAAM_02401	0.0
DFBLDAAM_02402	0.0
DFBLDAAM_02403	0.0
DFBLDAAM_02404	0.0
DFBLDAAM_02405	0.0
DFBLDAAM_02406	0.0
DFBLDAAM_02407	7.01185454982
DFBLDAAM_02408	4.21337331431
DFBLDAAM_02409	5.03089350963
DFBLDAAM_02410	0.0
DFBLDAAM_02411	0.0
DFBLDAAM_02412	6.72458583831
DFBLDAAM_02413	577.834054534
DFBLDAAM_02414	0.0
DFBLDAAM_02415	0.742036026737
DFBLDAAM_02416	1.74421663723
DFBLDAAM_02417	309.191906374
DFBLDAAM_02418	0.0
DFBLDAAM_02419	4.09189517627
DFBLDAAM_02420	5.77421610527
DFBLDAAM_02421	0.0
DFBLDAAM_02422	1.68534932573
DFBLDAAM_02423	0.0
DFBLDAAM_02424	0.0
DFBLDAAM_02425	0.0
DFBLDAAM_02426	0.0
DFBLDAAM_02427	0.0
DFBLDAAM_02428	0.0
DFBLDAAM_02429	1.31539459569
DFBLDAAM_02430	70.3090516254
DFBLDAAM_02431	0.0
DFBLDAAM_02432	0.0
DFBLDAAM_02433	6.16591216729
DFBLDAAM_02434	0.0
DFBLDAAM_02435	1.62117770811
DFBLDAAM_02436	0.0
DFBLDAAM_02437	0.0
DFBLDAAM_02438	3.08060805921
DFBLDAAM_02439	0.935006560735
DFBLDAAM_02440	0.0
DFBLDAAM_02441	0.0
DFBLDAAM_02442	0.0
DFBLDAAM_02443	8.03743344608
DFBLDAAM_02444	17.8044106439
DFBLDAAM_02445	0.0
DFBLDAAM_02446	8.50649501943
DFBLDAAM_02447	0.0
DFBLDAAM_02448	14.0690030669
DFBLDAAM_02449	7.04062381504
DFBLDAAM_02450	0.0
DFBLDAAM_02451	0.0
DFBLDAAM_02452	0.0
DFBLDAAM_02453	0.0
