OHJPNLCH_00001	0.0
OHJPNLCH_00002	0.0
OHJPNLCH_00003	0.0
OHJPNLCH_00004	0.0
OHJPNLCH_00005	0.0
OHJPNLCH_00006	0.0
OHJPNLCH_00007	0.0
OHJPNLCH_00008	0.0
OHJPNLCH_00009	0.0
OHJPNLCH_00010	0.0
OHJPNLCH_00011	0.0
OHJPNLCH_00013	22.1040446666
OHJPNLCH_00014	0.0
OHJPNLCH_00015	0.0
OHJPNLCH_00016	6.18507671864
OHJPNLCH_00017	0.0
OHJPNLCH_00018	0.0
OHJPNLCH_00019	0.0
OHJPNLCH_00020	0.0
OHJPNLCH_00021	0.0
OHJPNLCH_00022	0.0
OHJPNLCH_00023	0.0
OHJPNLCH_00024	0.0
OHJPNLCH_00025	0.0
OHJPNLCH_00026	0.0
OHJPNLCH_00027	0.0
OHJPNLCH_00028	0.0
OHJPNLCH_00029	0.0
OHJPNLCH_00030	1.52412968123
OHJPNLCH_00031	0.0
OHJPNLCH_00032	0.0
OHJPNLCH_00033	0.0
OHJPNLCH_00034	0.0
OHJPNLCH_00035	0.0
OHJPNLCH_00036	0.0
OHJPNLCH_00037	0.0
OHJPNLCH_00038	0.0
OHJPNLCH_00039	0.0
OHJPNLCH_00040	0.0
OHJPNLCH_00041	0.0
OHJPNLCH_00042	0.0
OHJPNLCH_00043	0.0
OHJPNLCH_00044	0.0
OHJPNLCH_00045	0.0
OHJPNLCH_00047	0.0
OHJPNLCH_00048	31.4381360673
OHJPNLCH_00049	0.0
OHJPNLCH_00050	0.0
OHJPNLCH_00051	0.0
OHJPNLCH_00052	0.0
OHJPNLCH_00053	0.0
OHJPNLCH_00054	0.0
OHJPNLCH_00055	0.0
OHJPNLCH_00056	0.0
OHJPNLCH_00057	0.0
OHJPNLCH_00058	0.0
OHJPNLCH_00059	0.0
OHJPNLCH_00060	0.0
OHJPNLCH_00061	0.0
OHJPNLCH_00062	0.0
OHJPNLCH_00063	0.0
OHJPNLCH_00064	0.0
OHJPNLCH_00065	0.0
OHJPNLCH_00066	0.0
OHJPNLCH_00067	0.0
OHJPNLCH_00068	0.0
OHJPNLCH_00069	0.0
OHJPNLCH_00070	0.0
OHJPNLCH_00071	0.0
OHJPNLCH_00072	0.0
OHJPNLCH_00073	0.0
OHJPNLCH_00074	0.0
OHJPNLCH_00075	0.0
OHJPNLCH_00076	0.0
OHJPNLCH_00077	0.0
OHJPNLCH_00078	0.0
OHJPNLCH_00079	0.0
OHJPNLCH_00080	0.0
OHJPNLCH_00082	0.0
OHJPNLCH_00083	0.0
OHJPNLCH_00084	1.33499675709
OHJPNLCH_00085	0.0
OHJPNLCH_00086	0.0
OHJPNLCH_00087	0.0
OHJPNLCH_00088	0.0
OHJPNLCH_00089	0.0
OHJPNLCH_00090	0.0
OHJPNLCH_00091	0.0
OHJPNLCH_00092	0.0
OHJPNLCH_00093	0.0
OHJPNLCH_00094	0.0
OHJPNLCH_00095	0.0
OHJPNLCH_00096	0.0
OHJPNLCH_00097	0.0
OHJPNLCH_00098	0.0
OHJPNLCH_00099	0.0
OHJPNLCH_00100	43.4950556343
OHJPNLCH_00101	7.62316169421
OHJPNLCH_00102	0.0
OHJPNLCH_00103	0.0
OHJPNLCH_00104	0.0
OHJPNLCH_00105	0.0
OHJPNLCH_00106	0.0
OHJPNLCH_00107	0.0
OHJPNLCH_00108	0.0
OHJPNLCH_00109	0.0
OHJPNLCH_00110	0.0
OHJPNLCH_00111	0.0
OHJPNLCH_00112	0.0
OHJPNLCH_00113	0.0
OHJPNLCH_00114	0.0
OHJPNLCH_00115	0.0
OHJPNLCH_00116	0.0
OHJPNLCH_00117	0.0
OHJPNLCH_00118	0.0
OHJPNLCH_00119	0.0
OHJPNLCH_00120	0.0
OHJPNLCH_00121	1.97511727246
OHJPNLCH_00122	0.0
OHJPNLCH_00123	0.0
OHJPNLCH_00124	0.0
OHJPNLCH_00125	0.0
OHJPNLCH_00126	1.33897390731
OHJPNLCH_00127	0.0
OHJPNLCH_00128	0.0
OHJPNLCH_00129	0.0
OHJPNLCH_00130	0.0
OHJPNLCH_00131	0.0
OHJPNLCH_00132	2.27761271058
OHJPNLCH_00133	0.0
OHJPNLCH_00134	0.0
OHJPNLCH_00135	0.0
OHJPNLCH_00136	0.0
OHJPNLCH_00137	0.0
OHJPNLCH_00138	0.0
OHJPNLCH_00140	0.0
OHJPNLCH_00141	0.0
OHJPNLCH_00142	0.0
OHJPNLCH_00143	0.0
OHJPNLCH_00144	0.0
OHJPNLCH_00145	0.0
OHJPNLCH_00146	0.0
OHJPNLCH_00147	0.0
OHJPNLCH_00148	0.0
OHJPNLCH_00149	6.82707202361
OHJPNLCH_00150	0.0
OHJPNLCH_00151	0.0
OHJPNLCH_00152	0.0
OHJPNLCH_00153	0.0
OHJPNLCH_00154	0.0
OHJPNLCH_00155	0.0
OHJPNLCH_00156	0.0
OHJPNLCH_00157	7.11059577937
OHJPNLCH_00158	0.0
OHJPNLCH_00159	0.0
OHJPNLCH_00160	0.0
OHJPNLCH_00161	0.0
OHJPNLCH_00162	0.0
OHJPNLCH_00163	0.0
OHJPNLCH_00164	1.67913664342
OHJPNLCH_00165	0.0
OHJPNLCH_00166	0.0
OHJPNLCH_00167	6.27138011471
OHJPNLCH_00168	0.0
OHJPNLCH_00169	0.0
OHJPNLCH_00170	0.0
OHJPNLCH_00171	0.0
OHJPNLCH_00172	0.0
OHJPNLCH_00173	0.0
OHJPNLCH_00174	0.0
OHJPNLCH_00175	0.0
OHJPNLCH_00176	0.0
OHJPNLCH_00177	0.0
OHJPNLCH_00178	0.0
OHJPNLCH_00179	0.0
OHJPNLCH_00180	0.0
OHJPNLCH_00181	0.0
OHJPNLCH_00182	0.0
OHJPNLCH_00183	0.0
OHJPNLCH_00184	0.0
OHJPNLCH_00185	0.0
OHJPNLCH_00186	0.0
OHJPNLCH_00187	0.0
OHJPNLCH_00188	0.0
OHJPNLCH_00189	0.0
OHJPNLCH_00190	0.0
OHJPNLCH_00191	0.0
OHJPNLCH_00192	0.0
OHJPNLCH_00193	0.0
OHJPNLCH_00194	0.0
OHJPNLCH_00195	0.0
OHJPNLCH_00196	0.0
OHJPNLCH_00197	0.0
OHJPNLCH_00198	0.0
OHJPNLCH_00199	0.0
OHJPNLCH_00200	0.0
OHJPNLCH_00201	0.0
OHJPNLCH_00202	0.0
OHJPNLCH_00203	3.89695585163
OHJPNLCH_00204	0.0
OHJPNLCH_00205	0.0
OHJPNLCH_00206	0.0
OHJPNLCH_00207	0.0
OHJPNLCH_00208	0.0
OHJPNLCH_00209	0.0
OHJPNLCH_00210	0.0
OHJPNLCH_00211	0.0
OHJPNLCH_00212	0.0
OHJPNLCH_00213	0.0
OHJPNLCH_00214	0.0
OHJPNLCH_00215	0.0
OHJPNLCH_00216	1.07609475233
OHJPNLCH_00217	0.0
OHJPNLCH_00218	0.0
OHJPNLCH_00219	0.0
OHJPNLCH_00220	0.0
OHJPNLCH_00221	0.0
OHJPNLCH_00222	0.0
OHJPNLCH_00223	0.0
OHJPNLCH_00224	0.0
OHJPNLCH_00225	0.0
OHJPNLCH_00226	0.0
OHJPNLCH_00227	0.0
OHJPNLCH_00228	0.0
OHJPNLCH_00229	0.0
OHJPNLCH_00230	0.0
OHJPNLCH_00231	0.0
OHJPNLCH_00232	0.0
OHJPNLCH_00233	0.0
OHJPNLCH_00234	0.0
OHJPNLCH_00235	0.0
OHJPNLCH_00236	0.0
OHJPNLCH_00237	0.0
OHJPNLCH_00238	0.0
OHJPNLCH_00239	0.0
OHJPNLCH_00240	0.0
OHJPNLCH_00241	0.0
OHJPNLCH_00242	0.0
OHJPNLCH_00243	0.0
OHJPNLCH_00244	0.0
OHJPNLCH_00245	2.08399802885
OHJPNLCH_00246	4.26692001476
OHJPNLCH_00247	0.0
OHJPNLCH_00248	1.56239481421
OHJPNLCH_00249	0.0
OHJPNLCH_00250	0.0
OHJPNLCH_00251	9.26062310895
OHJPNLCH_00252	0.0
OHJPNLCH_00253	0.0
OHJPNLCH_00254	0.0
OHJPNLCH_00255	11.0823018465
OHJPNLCH_00256	0.0
OHJPNLCH_00257	0.0
OHJPNLCH_00258	10.08738198
OHJPNLCH_00259	0.0
OHJPNLCH_00260	0.0
OHJPNLCH_00261	0.0
OHJPNLCH_00262	0.0
OHJPNLCH_00263	0.0
OHJPNLCH_00264	0.0
OHJPNLCH_00265	23.8645437994
OHJPNLCH_00266	11.0823018465
OHJPNLCH_00267	3.46618695286
OHJPNLCH_00268	0.0
OHJPNLCH_00269	0.0
OHJPNLCH_00270	0.0
OHJPNLCH_00271	0.0
OHJPNLCH_00272	0.0
OHJPNLCH_00273	0.0
OHJPNLCH_00274	0.0
OHJPNLCH_00275	0.0
OHJPNLCH_00276	0.0
OHJPNLCH_00277	0.0
OHJPNLCH_00278	0.0
OHJPNLCH_00279	0.0
OHJPNLCH_00280	0.0
OHJPNLCH_00281	0.0
OHJPNLCH_00282	0.0
OHJPNLCH_00283	0.0
OHJPNLCH_00284	0.0
OHJPNLCH_00285	0.0
OHJPNLCH_00286	0.0
OHJPNLCH_00287	0.0
OHJPNLCH_00288	0.0
OHJPNLCH_00289	0.0
OHJPNLCH_00290	0.0
OHJPNLCH_00291	2.68060979058
OHJPNLCH_00292	0.0
OHJPNLCH_00293	0.0
OHJPNLCH_00294	2.98306797492
OHJPNLCH_00295	3.31289121539
OHJPNLCH_00296	0.0
OHJPNLCH_00297	0.0
OHJPNLCH_00298	0.0
OHJPNLCH_00299	0.0
OHJPNLCH_00300	0.0
OHJPNLCH_00301	0.0
OHJPNLCH_00302	0.0
OHJPNLCH_00303	0.0
OHJPNLCH_00304	0.0
OHJPNLCH_00305	0.0
OHJPNLCH_00306	0.0
OHJPNLCH_00307	0.0
OHJPNLCH_00308	0.0
OHJPNLCH_00309	0.0
OHJPNLCH_00310	0.0
OHJPNLCH_00311	1.04848112338
OHJPNLCH_00312	0.0
OHJPNLCH_00313	0.0
OHJPNLCH_00314	0.0
OHJPNLCH_00315	0.0
OHJPNLCH_00316	0.0
OHJPNLCH_00317	0.0
OHJPNLCH_00318	0.0
OHJPNLCH_00319	0.0
OHJPNLCH_00320	0.0
OHJPNLCH_00321	0.0
OHJPNLCH_00322	0.0
OHJPNLCH_00323	0.0
OHJPNLCH_00324	0.0
OHJPNLCH_00325	0.0
OHJPNLCH_00326	0.0
OHJPNLCH_00327	0.0
OHJPNLCH_00328	4.50199240288
OHJPNLCH_00329	0.0
OHJPNLCH_00331	0.0
OHJPNLCH_00332	0.0
OHJPNLCH_00333	0.0
OHJPNLCH_00334	0.0
OHJPNLCH_00335	0.0
OHJPNLCH_00336	0.0
OHJPNLCH_00337	0.0
OHJPNLCH_00338	0.0
OHJPNLCH_00339	0.0
OHJPNLCH_00340	0.0
OHJPNLCH_00341	0.0
OHJPNLCH_00342	0.0
OHJPNLCH_00343	0.0
OHJPNLCH_00344	0.0
OHJPNLCH_00345	6.18507671864
OHJPNLCH_00346	0.0
OHJPNLCH_00347	0.0
OHJPNLCH_00348	0.0
OHJPNLCH_00349	0.0
OHJPNLCH_00350	0.0
OHJPNLCH_00351	0.0
OHJPNLCH_00352	0.0
OHJPNLCH_00353	0.0
OHJPNLCH_00354	0.0
OHJPNLCH_00355	0.0
OHJPNLCH_00356	16.3766808664
OHJPNLCH_00357	0.0
OHJPNLCH_00358	0.0
OHJPNLCH_00359	0.0
OHJPNLCH_00360	0.0
OHJPNLCH_00361	0.0
OHJPNLCH_00362	0.0
OHJPNLCH_00363	1.1653817845
OHJPNLCH_00364	1.45295983261
OHJPNLCH_00365	0.0
OHJPNLCH_00366	0.0
OHJPNLCH_00367	0.0
OHJPNLCH_00368	0.0
OHJPNLCH_00369	0.0
OHJPNLCH_00370	0.0
OHJPNLCH_00371	0.0
OHJPNLCH_00372	5.52035506515
OHJPNLCH_00373	0.0
OHJPNLCH_00374	0.0
OHJPNLCH_00375	0.0
OHJPNLCH_00376	0.0
OHJPNLCH_00377	0.0
OHJPNLCH_00378	0.0
OHJPNLCH_00379	0.0
OHJPNLCH_00380	0.0
OHJPNLCH_00381	0.0
OHJPNLCH_00382	0.0
OHJPNLCH_00383	0.0
OHJPNLCH_00384	0.0
OHJPNLCH_00385	0.0
OHJPNLCH_00386	0.0
OHJPNLCH_00387	0.0
OHJPNLCH_00388	0.0
OHJPNLCH_00389	0.0
OHJPNLCH_00390	0.0
OHJPNLCH_00391	0.0
OHJPNLCH_00392	0.0
OHJPNLCH_00393	0.0
OHJPNLCH_00394	0.0
OHJPNLCH_00395	0.0
OHJPNLCH_00396	0.0
OHJPNLCH_00397	0.0
OHJPNLCH_00398	0.0
OHJPNLCH_00399	0.0
OHJPNLCH_00400	0.0
OHJPNLCH_00401	0.0
OHJPNLCH_00402	0.0
OHJPNLCH_00403	0.0
OHJPNLCH_00404	0.0
OHJPNLCH_00405	0.0
OHJPNLCH_00406	0.0
OHJPNLCH_00407	0.0
OHJPNLCH_00408	0.0
OHJPNLCH_00409	0.0
OHJPNLCH_00410	0.0
OHJPNLCH_00411	0.0
OHJPNLCH_00412	0.0
OHJPNLCH_00414	0.0
OHJPNLCH_00415	0.0
OHJPNLCH_00416	0.0
OHJPNLCH_00417	0.0
OHJPNLCH_00418	0.0
OHJPNLCH_00419	0.0
OHJPNLCH_00420	0.0
OHJPNLCH_00421	0.0
OHJPNLCH_00422	0.0
OHJPNLCH_00423	0.0
OHJPNLCH_00424	0.0
OHJPNLCH_00425	4.3682939244
OHJPNLCH_00426	0.0
OHJPNLCH_00427	0.0
OHJPNLCH_00428	0.0
OHJPNLCH_00429	0.0
OHJPNLCH_00430	0.0
OHJPNLCH_00431	0.0
OHJPNLCH_00432	5.71333357908
OHJPNLCH_00433	0.0
OHJPNLCH_00434	0.0
OHJPNLCH_00435	0.0
OHJPNLCH_00436	0.0
OHJPNLCH_00437	0.0
OHJPNLCH_00438	0.0
OHJPNLCH_00439	6.28306954643
OHJPNLCH_00440	0.0
OHJPNLCH_00441	0.0
OHJPNLCH_00442	0.0
OHJPNLCH_00443	0.0
OHJPNLCH_00444	0.0
OHJPNLCH_00445	0.0
OHJPNLCH_00446	0.0
OHJPNLCH_00447	0.0
OHJPNLCH_00448	1.74280059198
OHJPNLCH_00449	0.0
OHJPNLCH_00450	0.0
OHJPNLCH_00451	0.0
OHJPNLCH_00452	0.0
OHJPNLCH_00453	1.51159946711
OHJPNLCH_00454	0.0
OHJPNLCH_00455	0.0
OHJPNLCH_00456	2.10788961646
OHJPNLCH_00457	0.0
OHJPNLCH_00458	0.0
OHJPNLCH_00459	1.8910893754
OHJPNLCH_00460	1.08913305708
OHJPNLCH_00461	0.0
OHJPNLCH_00462	0.0
OHJPNLCH_00463	4.79838692051
OHJPNLCH_00464	0.0
OHJPNLCH_00465	0.0
OHJPNLCH_00466	0.0
OHJPNLCH_00467	0.0
OHJPNLCH_00468	0.0
OHJPNLCH_00469	0.0
OHJPNLCH_00470	0.0
OHJPNLCH_00471	0.0
OHJPNLCH_00472	0.0
OHJPNLCH_00473	2.42508403716
OHJPNLCH_00475	0.0
OHJPNLCH_00476	0.0
OHJPNLCH_00477	0.0
OHJPNLCH_00478	0.0
OHJPNLCH_00479	0.0
OHJPNLCH_00480	0.0
OHJPNLCH_00481	0.0
OHJPNLCH_00482	0.0
OHJPNLCH_00483	0.0
OHJPNLCH_00484	0.0
OHJPNLCH_00485	0.0
OHJPNLCH_00486	8.71775899567
OHJPNLCH_00488	0.0
OHJPNLCH_00490	0.0
OHJPNLCH_00491	0.0
OHJPNLCH_00492	0.0
OHJPNLCH_00493	0.0
OHJPNLCH_00494	0.0
OHJPNLCH_00495	0.0
OHJPNLCH_00496	0.0
OHJPNLCH_00497	0.0
OHJPNLCH_00498	0.0
OHJPNLCH_00499	0.0
OHJPNLCH_00500	0.0
OHJPNLCH_00501	0.0
OHJPNLCH_00502	0.0
OHJPNLCH_00503	0.0
OHJPNLCH_00504	0.0
OHJPNLCH_00505	0.0
OHJPNLCH_00506	0.0
OHJPNLCH_00507	0.0
OHJPNLCH_00508	0.0
OHJPNLCH_00509	0.0
OHJPNLCH_00510	0.0
OHJPNLCH_00511	0.0
OHJPNLCH_00512	0.0
OHJPNLCH_00513	0.0
OHJPNLCH_00514	0.0
OHJPNLCH_00515	0.0
OHJPNLCH_00516	0.0
OHJPNLCH_00517	0.0
OHJPNLCH_00518	0.0
OHJPNLCH_00519	0.0
OHJPNLCH_00520	0.0
OHJPNLCH_00521	9.32036906449
OHJPNLCH_00522	0.0
OHJPNLCH_00523	0.0
OHJPNLCH_00524	0.0
OHJPNLCH_00525	1.24962625085
OHJPNLCH_00526	0.0
OHJPNLCH_00527	0.0
OHJPNLCH_00528	0.0
OHJPNLCH_00529	2.71297127699
OHJPNLCH_00530	0.0
OHJPNLCH_00531	0.0
OHJPNLCH_00532	0.0
OHJPNLCH_00533	0.0
OHJPNLCH_00534	0.0
OHJPNLCH_00535	0.0
OHJPNLCH_00536	0.0
OHJPNLCH_00537	0.0
OHJPNLCH_00538	0.0
OHJPNLCH_00539	0.0
OHJPNLCH_00540	0.0
OHJPNLCH_00541	0.0
OHJPNLCH_00542	0.0
OHJPNLCH_00543	0.0
OHJPNLCH_00544	0.0
OHJPNLCH_00545	0.0
OHJPNLCH_00546	1.55160727809
OHJPNLCH_00547	0.0
OHJPNLCH_00549	0.0
OHJPNLCH_00550	0.0
OHJPNLCH_00551	0.0
OHJPNLCH_00552	0.0
OHJPNLCH_00553	0.0
OHJPNLCH_00554	0.0
OHJPNLCH_00555	0.0
OHJPNLCH_00556	0.0
OHJPNLCH_00557	21.3666286644
OHJPNLCH_00558	8.44747345572
OHJPNLCH_00559	0.0
OHJPNLCH_00560	0.0
OHJPNLCH_00561	0.0
OHJPNLCH_00562	0.0
OHJPNLCH_00563	0.0
OHJPNLCH_00564	0.0
OHJPNLCH_00565	0.683399252237
OHJPNLCH_00566	0.0
OHJPNLCH_00567	0.0
OHJPNLCH_00568	0.0
OHJPNLCH_00569	0.0
OHJPNLCH_00570	0.0
OHJPNLCH_00571	0.0
OHJPNLCH_00572	0.0
OHJPNLCH_00573	10.3985608586
OHJPNLCH_00574	0.0
OHJPNLCH_00575	0.0
OHJPNLCH_00576	0.0
OHJPNLCH_00577	0.0
OHJPNLCH_00578	0.0
OHJPNLCH_00579	0.0
OHJPNLCH_00580	0.0
OHJPNLCH_00581	0.0
OHJPNLCH_00582	0.0
OHJPNLCH_00583	0.0
OHJPNLCH_00584	6.71933583719
OHJPNLCH_00585	0.0
OHJPNLCH_00586	0.0
OHJPNLCH_00587	0.0
OHJPNLCH_00588	0.0
OHJPNLCH_00589	0.0
OHJPNLCH_00590	0.0
OHJPNLCH_00591	0.0
OHJPNLCH_00592	0.0
OHJPNLCH_00593	0.0
OHJPNLCH_00594	0.0
OHJPNLCH_00595	0.0
OHJPNLCH_00596	0.0
OHJPNLCH_00597	0.0
OHJPNLCH_00598	0.0
OHJPNLCH_00599	0.0
OHJPNLCH_00600	0.0
OHJPNLCH_00601	0.0
OHJPNLCH_00602	3.66398566485
OHJPNLCH_00603	0.0
OHJPNLCH_00604	1.03639256315
OHJPNLCH_00605	0.0
OHJPNLCH_00606	8.62114274082
OHJPNLCH_00607	2.20678678341
OHJPNLCH_00608	0.0
OHJPNLCH_00609	0.0
OHJPNLCH_00610	0.0
OHJPNLCH_00611	2.25099620144
OHJPNLCH_00612	0.0
OHJPNLCH_00613	0.0
OHJPNLCH_00614	0.0
OHJPNLCH_00615	0.0
OHJPNLCH_00616	2.06484950178
OHJPNLCH_00617	0.0
OHJPNLCH_00618	0.0
OHJPNLCH_00619	0.0
OHJPNLCH_00620	0.0
OHJPNLCH_00621	0.0
OHJPNLCH_00622	0.0
OHJPNLCH_00623	0.0
OHJPNLCH_00624	0.0
OHJPNLCH_00625	0.0
OHJPNLCH_00626	0.0
OHJPNLCH_00627	2.12338066876
OHJPNLCH_00628	0.0
OHJPNLCH_00629	0.0
OHJPNLCH_00630	0.0
OHJPNLCH_00631	0.0
OHJPNLCH_00632	0.0
OHJPNLCH_00633	0.0
OHJPNLCH_00634	0.0
OHJPNLCH_00635	0.0
OHJPNLCH_00636	0.0
OHJPNLCH_00637	0.0
OHJPNLCH_00638	0.0
OHJPNLCH_00639	0.0
OHJPNLCH_00640	0.0
OHJPNLCH_00641	0.0
OHJPNLCH_00642	0.0
OHJPNLCH_00643	0.0
OHJPNLCH_00644	0.0
OHJPNLCH_00645	0.0
OHJPNLCH_00646	0.0
OHJPNLCH_00647	0.0
OHJPNLCH_00648	0.0
OHJPNLCH_00649	0.0
OHJPNLCH_00650	0.0
OHJPNLCH_00651	0.0
OHJPNLCH_00652	0.0
OHJPNLCH_00653	0.0
OHJPNLCH_00654	0.0
OHJPNLCH_00655	0.0
OHJPNLCH_00656	0.0
OHJPNLCH_00657	0.0
OHJPNLCH_00658	0.0
OHJPNLCH_00659	0.0
OHJPNLCH_00660	0.0
OHJPNLCH_00661	0.0
OHJPNLCH_00662	0.0
OHJPNLCH_00663	0.0
OHJPNLCH_00664	0.0
OHJPNLCH_00665	0.0
OHJPNLCH_00666	0.0
OHJPNLCH_00667	0.0
OHJPNLCH_00668	0.0
OHJPNLCH_00669	0.0
OHJPNLCH_00670	0.0
OHJPNLCH_00671	0.0
OHJPNLCH_00672	0.0
OHJPNLCH_00673	0.0
OHJPNLCH_00674	0.0
OHJPNLCH_00675	0.0
OHJPNLCH_00676	0.0
OHJPNLCH_00677	6.82131563911
OHJPNLCH_00678	0.0
OHJPNLCH_00679	0.0
OHJPNLCH_00680	0.0
OHJPNLCH_00681	0.0
OHJPNLCH_00682	0.0
OHJPNLCH_00683	0.0
OHJPNLCH_00684	0.0
OHJPNLCH_00685	0.0
OHJPNLCH_00686	0.0
OHJPNLCH_00687	0.0
OHJPNLCH_00688	0.0
OHJPNLCH_00689	0.0
OHJPNLCH_00690	0.0
OHJPNLCH_00691	0.0
OHJPNLCH_00692	0.0
OHJPNLCH_00693	0.0
OHJPNLCH_00694	0.0
OHJPNLCH_00695	0.0
OHJPNLCH_00697	0.0
OHJPNLCH_00698	0.0
OHJPNLCH_00699	0.0
OHJPNLCH_00700	0.0
OHJPNLCH_00701	0.0
