ACBEJKBA_00001	0.574986391725
ACBEJKBA_00002	0.0
ACBEJKBA_00003	0.0
ACBEJKBA_00004	0.0
ACBEJKBA_00005	0.793142993292
ACBEJKBA_00006	1.35511868201
ACBEJKBA_00007	1.16236473155
ACBEJKBA_00008	0.0
ACBEJKBA_00009	0.0
ACBEJKBA_00010	0.0
ACBEJKBA_00011	0.0
ACBEJKBA_00012	0.0
ACBEJKBA_00013	0.0
ACBEJKBA_00014	0.0
ACBEJKBA_00015	0.0
ACBEJKBA_00016	2.37245118228
ACBEJKBA_00017	0.0
ACBEJKBA_00018	0.0
ACBEJKBA_00019	0.0
ACBEJKBA_00020	0.0
ACBEJKBA_00021	1.08649725108
ACBEJKBA_00022	4.7856010243
ACBEJKBA_00023	0.0
ACBEJKBA_00024	0.0
ACBEJKBA_00025	0.0
ACBEJKBA_00026	1.73755552654
ACBEJKBA_00027	11.0519925295
ACBEJKBA_00028	6.84438116038
ACBEJKBA_00029	3.03225582143
ACBEJKBA_00030	0.0
ACBEJKBA_00031	0.0
ACBEJKBA_00032	0.0
ACBEJKBA_00033	0.0
ACBEJKBA_00034	0.0
ACBEJKBA_00035	1.19959349519
ACBEJKBA_00036	0.0
ACBEJKBA_00037	1.53628152897
ACBEJKBA_00038	5.12288407521
ACBEJKBA_00039	0.0
ACBEJKBA_00040	0.0
ACBEJKBA_00041	13.44980637
ACBEJKBA_00042	18.2393383645
ACBEJKBA_00043	3.93485337139
ACBEJKBA_00044	8.09329584991
ACBEJKBA_00045	0.0
ACBEJKBA_00046	0.0
ACBEJKBA_00047	0.0
ACBEJKBA_00048	5.36760783677
ACBEJKBA_00049	3.75060664422
ACBEJKBA_00050	0.0
ACBEJKBA_00051	1.06841766133
ACBEJKBA_00052	0.0
ACBEJKBA_00053	0.0
ACBEJKBA_00054	3.2966823682
ACBEJKBA_00055	0.0
ACBEJKBA_00056	0.0
ACBEJKBA_00057	0.0
ACBEJKBA_00058	0.0
ACBEJKBA_00059	4.23120216086
ACBEJKBA_00060	1.5956722942
ACBEJKBA_00061	0.0
ACBEJKBA_00062	0.0
ACBEJKBA_00063	3.47511105308
ACBEJKBA_00064	0.0
ACBEJKBA_00065	0.0
ACBEJKBA_00066	1.75109492025
ACBEJKBA_00067	19.9459036774
ACBEJKBA_00068	0.0
ACBEJKBA_00069	0.0
ACBEJKBA_00070	0.0
ACBEJKBA_00071	21.2337494267
ACBEJKBA_00072	0.0
ACBEJKBA_00073	0.0
ACBEJKBA_00074	0.0
ACBEJKBA_00075	0.0
ACBEJKBA_00076	0.0
ACBEJKBA_00077	0.0
ACBEJKBA_00078	0.0
ACBEJKBA_00080	3.91732448749
ACBEJKBA_00081	0.0
ACBEJKBA_00082	0.0
ACBEJKBA_00083	2.32206042812
ACBEJKBA_00084	16.6977472272
ACBEJKBA_00085	0.0
ACBEJKBA_00086	3.8894512171
ACBEJKBA_00087	0.0
ACBEJKBA_00088	0.0
ACBEJKBA_00090	0.0
ACBEJKBA_00091	0.0
ACBEJKBA_00092	2.53447948984
ACBEJKBA_00093	1.6245097453
ACBEJKBA_00094	0.0
ACBEJKBA_00095	0.0
ACBEJKBA_00096	0.64699764328
ACBEJKBA_00097	0.0
ACBEJKBA_00098	0.0
ACBEJKBA_00101	0.0
ACBEJKBA_00102	0.434809122411
ACBEJKBA_00103	7.07682386728
ACBEJKBA_00104	0.0
ACBEJKBA_00105	0.0
ACBEJKBA_00106	1.97800942092
ACBEJKBA_00107	14.7091973301
ACBEJKBA_00108	0.0
ACBEJKBA_00109	0.0
ACBEJKBA_00110	0.0
ACBEJKBA_00111	0.0
ACBEJKBA_00112	0.0
ACBEJKBA_00113	1.31674129746
ACBEJKBA_00114	0.0
ACBEJKBA_00115	0.0
ACBEJKBA_00116	1.82578617278
ACBEJKBA_00117	2.28532726881
ACBEJKBA_00118	0.0
ACBEJKBA_00119	0.0
ACBEJKBA_00120	2.25099013121
ACBEJKBA_00121	0.0
ACBEJKBA_00122	0.0
ACBEJKBA_00123	12.1655015512
ACBEJKBA_00124	0.0
ACBEJKBA_00125	1.30716731808
ACBEJKBA_00126	0.0
ACBEJKBA_00127	0.0
ACBEJKBA_00128	0.0
ACBEJKBA_00129	0.623655452634
ACBEJKBA_00130	1.0436092017
ACBEJKBA_00131	0.0
ACBEJKBA_00132	3.20525298398
ACBEJKBA_00133	0.650744733878
ACBEJKBA_00134	0.0
ACBEJKBA_00135	0.0
ACBEJKBA_00136	0.0
ACBEJKBA_00137	0.0
ACBEJKBA_00138	2.47402401577
ACBEJKBA_00139	11.9675422065
ACBEJKBA_00140	0.0
ACBEJKBA_00141	0.0
ACBEJKBA_00142	3.5765068663
ACBEJKBA_00143	0.0
ACBEJKBA_00144	0.0
ACBEJKBA_00145	0.0
ACBEJKBA_00146	2.37523738449
ACBEJKBA_00147	0.0
ACBEJKBA_00148	0.0
ACBEJKBA_00149	0.0
ACBEJKBA_00150	0.0
ACBEJKBA_00151	0.0
ACBEJKBA_00152	0.0
ACBEJKBA_00153	0.0
ACBEJKBA_00154	7.28834101944
ACBEJKBA_00155	0.0
ACBEJKBA_00156	1.54626500986
ACBEJKBA_00157	0.0
ACBEJKBA_00158	0.0
ACBEJKBA_00159	0.0
ACBEJKBA_00160	0.0
ACBEJKBA_00161	5.4588789012
ACBEJKBA_00162	1.249622881
ACBEJKBA_00163	1.30780124985
ACBEJKBA_00164	1.40941786264
ACBEJKBA_00165	1.60708353825
ACBEJKBA_00166	2.24349931547
ACBEJKBA_00167	0.0
ACBEJKBA_00168	0.0
ACBEJKBA_00169	0.546995167787
ACBEJKBA_00170	0.0
ACBEJKBA_00171	1.35967370279
ACBEJKBA_00172	0.0
ACBEJKBA_00173	0.0
ACBEJKBA_00174	0.0
ACBEJKBA_00175	18.1799068125
ACBEJKBA_00176	1.60580756879
ACBEJKBA_00177	4.89120830204
ACBEJKBA_00178	0.0
ACBEJKBA_00179	0.0
ACBEJKBA_00180	0.0
ACBEJKBA_00181	4.2517716629
ACBEJKBA_00182	0.0
ACBEJKBA_00183	0.0
ACBEJKBA_00184	0.0
ACBEJKBA_00185	0.0
ACBEJKBA_00186	6.46377319557
ACBEJKBA_00187	0.0
ACBEJKBA_00188	0.0
ACBEJKBA_00189	0.0
ACBEJKBA_00190	0.0
ACBEJKBA_00191	0.0
ACBEJKBA_00193	5.30843735668
ACBEJKBA_00194	5.2312049994
ACBEJKBA_00195	2.49462181054
ACBEJKBA_00196	0.0
ACBEJKBA_00197	0.0
ACBEJKBA_00198	0.0
ACBEJKBA_00199	0.0
ACBEJKBA_00200	0.0
ACBEJKBA_00201	1.39724672393
ACBEJKBA_00202	0.0
ACBEJKBA_00203	0.0
ACBEJKBA_00204	0.0
ACBEJKBA_00205	1.39869615
ACBEJKBA_00206	1.73755552654
ACBEJKBA_00207	0.0
ACBEJKBA_00208	0.0
ACBEJKBA_00209	13.0184849933
ACBEJKBA_00210	0.0
ACBEJKBA_00211	0.0
ACBEJKBA_00212	8.22160419875
ACBEJKBA_00213	11.7067581747
ACBEJKBA_00214	0.0
ACBEJKBA_00215	0.0
ACBEJKBA_00216	0.0
ACBEJKBA_00217	8.23415626623
ACBEJKBA_00218	0.0
ACBEJKBA_00219	0.0
ACBEJKBA_00220	1.24271252405
ACBEJKBA_00221	0.0
ACBEJKBA_00222	0.0
ACBEJKBA_00223	0.0
ACBEJKBA_00224	0.0
ACBEJKBA_00225	0.0
ACBEJKBA_00226	17.8983595831
ACBEJKBA_00227	5.44418474534
ACBEJKBA_00228	5.36760783677
ACBEJKBA_00229	0.0
ACBEJKBA_00230	3.51436078696
ACBEJKBA_00231	10.9387355608
ACBEJKBA_00232	8.33596963583
ACBEJKBA_00233	21.5352046093
ACBEJKBA_00234	3.0231907816
ACBEJKBA_00235	11.3688287403
ACBEJKBA_00236	0.0
ACBEJKBA_00237	0.0
ACBEJKBA_00238	0.0
ACBEJKBA_00239	0.0
ACBEJKBA_00240	1.89729327664
ACBEJKBA_00241	0.0
ACBEJKBA_00242	1.02926953328
ACBEJKBA_00243	0.0
ACBEJKBA_00244	0.0
ACBEJKBA_00245	0.0
ACBEJKBA_00246	0.0
ACBEJKBA_00247	2.80515205672
ACBEJKBA_00248	0.0
ACBEJKBA_00249	0.0
ACBEJKBA_00250	0.0
ACBEJKBA_00251	0.0
ACBEJKBA_00252	5.52599626474
ACBEJKBA_00253	0.0
ACBEJKBA_00255	2.06801087208
ACBEJKBA_00256	0.0
ACBEJKBA_00257	0.0
ACBEJKBA_00258	0.883580005633
ACBEJKBA_00259	0.0
ACBEJKBA_00260	0.0
ACBEJKBA_00261	0.0
ACBEJKBA_00262	2.75359378202
ACBEJKBA_00263	0.0
ACBEJKBA_00264	0.0
ACBEJKBA_00265	0.0
ACBEJKBA_00266	0.0
ACBEJKBA_00267	0.0
ACBEJKBA_00268	4.35417574358
ACBEJKBA_00269	5.79517086789
ACBEJKBA_00270	0.0
ACBEJKBA_00271	0.0
ACBEJKBA_00272	0.0
ACBEJKBA_00273	2.6507400169
ACBEJKBA_00274	0.0
ACBEJKBA_00275	0.0
ACBEJKBA_00276	0.0
ACBEJKBA_00277	0.0
ACBEJKBA_00278	0.0
ACBEJKBA_00279	0.0
ACBEJKBA_00280	0.0
ACBEJKBA_00281	0.0
ACBEJKBA_00282	10.1975527709
ACBEJKBA_00283	0.0
ACBEJKBA_00284	2.18532105121
ACBEJKBA_00285	6.4308891348
ACBEJKBA_00286	0.0
ACBEJKBA_00287	9.81803219851
ACBEJKBA_00288	30.4137538781
ACBEJKBA_00289	19.770426519
ACBEJKBA_00290	2.15390269744
ACBEJKBA_00291	6.5295064823
ACBEJKBA_00292	0.0
ACBEJKBA_00293	5.18593495614
ACBEJKBA_00294	0.0
ACBEJKBA_00295	13.2623910354
ACBEJKBA_00296	5.57935071143
ACBEJKBA_00297	0.0
ACBEJKBA_00298	6.77559341003
ACBEJKBA_00299	0.0
ACBEJKBA_00300	0.0
ACBEJKBA_00301	2.68060256182
ACBEJKBA_00302	28.6881508212
ACBEJKBA_00303	0.0
ACBEJKBA_00304	2.01696797097
ACBEJKBA_00305	0.0
ACBEJKBA_00306	0.0
ACBEJKBA_00307	3.60519542405
ACBEJKBA_00308	0.0
ACBEJKBA_00309	10.926605256
ACBEJKBA_00310	0.0
ACBEJKBA_00311	6.72490318502
ACBEJKBA_00312	0.0
ACBEJKBA_00313	0.0
ACBEJKBA_00314	0.0
ACBEJKBA_00315	5.84964463599
ACBEJKBA_00316	0.0
ACBEJKBA_00317	0.90492824738
ACBEJKBA_00318	0.0
ACBEJKBA_00319	2.95042251334
ACBEJKBA_00320	4.00101806705
ACBEJKBA_00321	0.0
ACBEJKBA_00322	0.0
ACBEJKBA_00323	5.48850646647
ACBEJKBA_00324	0.0
ACBEJKBA_00325	6.43293458299
ACBEJKBA_00326	1.78234380515
ACBEJKBA_00327	4.48699863093
ACBEJKBA_00328	0.0
ACBEJKBA_00329	2.1267241145
ACBEJKBA_00330	0.0
ACBEJKBA_00331	0.0
ACBEJKBA_00332	2.83712380557
ACBEJKBA_00333	0.0
ACBEJKBA_00334	0.0
ACBEJKBA_00335	0.0
ACBEJKBA_00336	7.46315362691
ACBEJKBA_00337	3.25949175325
ACBEJKBA_00338	0.0
ACBEJKBA_00339	0.0
ACBEJKBA_00341	0.0
ACBEJKBA_00342	0.0
ACBEJKBA_00343	0.56916128687
ACBEJKBA_00344	1.35921682318
ACBEJKBA_00345	11.6571448582
ACBEJKBA_00346	41.701332637
ACBEJKBA_00347	2.60297893551
ACBEJKBA_00348	2.81932689722
ACBEJKBA_00350	1.63237662058
ACBEJKBA_00351	0.0
ACBEJKBA_00352	0.0
ACBEJKBA_00353	2.07757024437
ACBEJKBA_00354	0.0
ACBEJKBA_00355	1.01303011916
ACBEJKBA_00356	0.0
ACBEJKBA_00357	1.5956722942
ACBEJKBA_00358	1.5956722942
ACBEJKBA_00359	0.0
ACBEJKBA_00360	0.0
ACBEJKBA_00361	0.0
ACBEJKBA_00362	2.39280051215
ACBEJKBA_00363	0.0
ACBEJKBA_00364	0.0
ACBEJKBA_00365	2.54404356339
ACBEJKBA_00366	2.91533640777
ACBEJKBA_00367	0.0
ACBEJKBA_00368	3.32513708655
ACBEJKBA_00369	0.0
ACBEJKBA_00370	0.0
ACBEJKBA_00371	1.39291641384
ACBEJKBA_00372	0.0
ACBEJKBA_00373	0.0
ACBEJKBA_00374	0.0
ACBEJKBA_00375	0.0
ACBEJKBA_00376	0.0
ACBEJKBA_00377	0.0
ACBEJKBA_00378	0.0
ACBEJKBA_00379	0.530217494532
ACBEJKBA_00380	0.793609822599
ACBEJKBA_00381	0.0
ACBEJKBA_00382	0.0
ACBEJKBA_00383	1.68542886074
ACBEJKBA_00384	0.0
ACBEJKBA_00385	0.826697172652
ACBEJKBA_00386	0.0
ACBEJKBA_00387	0.0
ACBEJKBA_00388	0.0
ACBEJKBA_00389	0.0
ACBEJKBA_00390	8.27204348832
ACBEJKBA_00391	0.0
ACBEJKBA_00392	0.0
ACBEJKBA_00393	0.0
ACBEJKBA_00394	0.0
ACBEJKBA_00395	2.96339140351
ACBEJKBA_00397	0.0
ACBEJKBA_00398	0.0
ACBEJKBA_00399	58.2239060984
ACBEJKBA_00400	0.0
ACBEJKBA_00401	0.0
ACBEJKBA_00402	2.89551128546
ACBEJKBA_00404	0.0
ACBEJKBA_00405	1.51791598909
ACBEJKBA_00406	0.0
ACBEJKBA_00407	4.90901609926
ACBEJKBA_00408	0.813234673459
ACBEJKBA_00409	0.0
ACBEJKBA_00410	10.9748856048
ACBEJKBA_00411	0.0
ACBEJKBA_00412	0.0
ACBEJKBA_00413	0.0
ACBEJKBA_00414	0.628891365949
ACBEJKBA_00415	1.00348034378
ACBEJKBA_00416	0.0
ACBEJKBA_00417	0.0
ACBEJKBA_00418	0.0
ACBEJKBA_00419	0.0
ACBEJKBA_00420	0.0
ACBEJKBA_00421	0.0
ACBEJKBA_00422	0.0
ACBEJKBA_00423	0.0
ACBEJKBA_00424	0.0
ACBEJKBA_00425	0.0
ACBEJKBA_00426	0.0
ACBEJKBA_00427	0.0
ACBEJKBA_00428	2.18355156048
ACBEJKBA_00429	2.78583282768
ACBEJKBA_00430	0.0
ACBEJKBA_00431	0.0
ACBEJKBA_00432	0.0
ACBEJKBA_00433	10.9919273527
ACBEJKBA_00434	5.21939260102
ACBEJKBA_00435	0.0
ACBEJKBA_00436	0.0
ACBEJKBA_00437	2.45711724573
ACBEJKBA_00438	0.0
ACBEJKBA_00439	0.669152897566
ACBEJKBA_00440	11.4980934218
ACBEJKBA_00441	12.7362382424
ACBEJKBA_00442	0.0
ACBEJKBA_00443	14.6131389343
ACBEJKBA_00444	0.0
ACBEJKBA_00445	0.0
ACBEJKBA_00446	0.0
ACBEJKBA_00447	0.0
ACBEJKBA_00448	0.0
ACBEJKBA_00449	0.0
ACBEJKBA_00450	0.0
ACBEJKBA_00451	0.0
ACBEJKBA_00452	0.0
ACBEJKBA_00453	4.59871449044
ACBEJKBA_00454	0.0
ACBEJKBA_00455	0.0
ACBEJKBA_00456	0.0
ACBEJKBA_00457	1.65440869766
ACBEJKBA_00458	0.0
ACBEJKBA_00459	7.03483350572
ACBEJKBA_00460	0.0
ACBEJKBA_00461	4.21357215186
ACBEJKBA_00462	1.4016040422
ACBEJKBA_00463	0.0
ACBEJKBA_00464	0.0
ACBEJKBA_00465	0.0
ACBEJKBA_00466	0.0
ACBEJKBA_00467	0.0
ACBEJKBA_00468	39.272128794
ACBEJKBA_00469	12.7202178169
ACBEJKBA_00470	0.0
ACBEJKBA_00471	0.0
ACBEJKBA_00472	0.0
ACBEJKBA_00473	3.6270157057
ACBEJKBA_00474	6.71652846125
ACBEJKBA_00475	0.0
ACBEJKBA_00476	3.24380855316
ACBEJKBA_00477	16.4098550336
ACBEJKBA_00478	5.56706477537
ACBEJKBA_00479	0.0
ACBEJKBA_00480	0.0
ACBEJKBA_00481	5.08329156869
ACBEJKBA_00482	0.0
ACBEJKBA_00483	0.0
ACBEJKBA_00484	1.57195346965
ACBEJKBA_00485	0.0
ACBEJKBA_00486	0.0
ACBEJKBA_00487	19.110374484
ACBEJKBA_00488	0.0
ACBEJKBA_00489	0.0
ACBEJKBA_00490	0.0
ACBEJKBA_00491	0.0
ACBEJKBA_00492	0.0
ACBEJKBA_00493	0.0
ACBEJKBA_00494	0.0
ACBEJKBA_00495	0.0
ACBEJKBA_00496	0.90492824738
ACBEJKBA_00497	0.0
ACBEJKBA_00498	0.0
ACBEJKBA_00499	0.0
ACBEJKBA_00500	0.0
ACBEJKBA_00501	3.39918425696
ACBEJKBA_00502	0.0
ACBEJKBA_00503	0.0
ACBEJKBA_00504	0.0
ACBEJKBA_00505	12.9648373903
ACBEJKBA_00506	0.0
ACBEJKBA_00507	1.56239060092
ACBEJKBA_00508	0.0
ACBEJKBA_00509	12.3248911206
ACBEJKBA_00510	6.61763479065
ACBEJKBA_00511	0.0
ACBEJKBA_00512	13.3499315703
ACBEJKBA_00513	1.7079645035
ACBEJKBA_00514	14.8169570175
ACBEJKBA_00515	1.82393383645
ACBEJKBA_00516	0.0
ACBEJKBA_00517	1.16790219887
ACBEJKBA_00518	6.12883222089
ACBEJKBA_00519	0.841925125567
ACBEJKBA_00520	0.0
ACBEJKBA_00521	0.0
ACBEJKBA_00522	0.0
ACBEJKBA_00523	0.0
ACBEJKBA_00524	1.5587781371
ACBEJKBA_00525	6.37012482801
ACBEJKBA_00526	2.64640449185
ACBEJKBA_00527	0.0
ACBEJKBA_00528	0.0
ACBEJKBA_00529	0.0
ACBEJKBA_00530	0.0
ACBEJKBA_00531	0.0
ACBEJKBA_00532	0.0
ACBEJKBA_00533	0.813234673459
ACBEJKBA_00535	0.0
ACBEJKBA_00536	3.37085772149
ACBEJKBA_00537	0.0
ACBEJKBA_00538	8.40463189686
ACBEJKBA_00539	0.0
ACBEJKBA_00540	0.0
ACBEJKBA_00541	0.0
ACBEJKBA_00542	0.750747822158
ACBEJKBA_00543	0.0
ACBEJKBA_00544	3.39158406857
ACBEJKBA_00545	3.85608128292
ACBEJKBA_00546	3.51537885207
ACBEJKBA_00547	2.50901207405
ACBEJKBA_00548	0.0
ACBEJKBA_00549	0.0
ACBEJKBA_00550	0.0
ACBEJKBA_00551	0.0
ACBEJKBA_00552	1.31674129746
ACBEJKBA_00553	0.0
ACBEJKBA_00554	0.0
ACBEJKBA_00555	0.0
ACBEJKBA_00556	0.0
ACBEJKBA_00557	0.0
ACBEJKBA_00558	3.1139563247
ACBEJKBA_00559	1.77180432141
ACBEJKBA_00560	1.462411159
ACBEJKBA_00561	9.95822074295
ACBEJKBA_00562	0.0
ACBEJKBA_00563	0.0
ACBEJKBA_00564	0.0
ACBEJKBA_00565	0.0
ACBEJKBA_00566	3.9540853038
ACBEJKBA_00567	6.73209815989
ACBEJKBA_00568	7.33882927984
ACBEJKBA_00569	0.0
ACBEJKBA_00570	0.0
ACBEJKBA_00571	0.0
ACBEJKBA_00572	0.549671051201
ACBEJKBA_00573	0.0
ACBEJKBA_00574	0.0
ACBEJKBA_00575	0.0
ACBEJKBA_00576	0.0
ACBEJKBA_00577	0.0
ACBEJKBA_00579	25.4404356339
ACBEJKBA_00580	0.0
ACBEJKBA_00581	0.0
ACBEJKBA_00582	0.0
ACBEJKBA_00583	0.0
ACBEJKBA_00586	0.0
ACBEJKBA_00587	0.0
ACBEJKBA_00588	0.0
ACBEJKBA_00589	0.0
ACBEJKBA_00590	3.31288228156
ACBEJKBA_00591	0.0
ACBEJKBA_00592	5.96611986104
ACBEJKBA_00593	5.07531902859
ACBEJKBA_00594	0.0
ACBEJKBA_00595	5.01242783865
ACBEJKBA_00596	0.0
ACBEJKBA_00597	10.9399033557
ACBEJKBA_00598	0.0
ACBEJKBA_00599	0.0
ACBEJKBA_00600	2.38363539528
ACBEJKBA_00601	1.01992669334
ACBEJKBA_00602	0.0
ACBEJKBA_00603	2.00348155809
ACBEJKBA_00604	15.8628598658
ACBEJKBA_00605	4.84048176999
ACBEJKBA_00606	0.0
ACBEJKBA_00607	0.377792964022
ACBEJKBA_00608	0.0
ACBEJKBA_00609	0.0
ACBEJKBA_00611	0.0
ACBEJKBA_00612	0.0
ACBEJKBA_00613	0.0
ACBEJKBA_00614	4.44020775608
ACBEJKBA_00615	8.27204348832
ACBEJKBA_00616	0.0
ACBEJKBA_00617	2.01696797097
ACBEJKBA_00618	0.0
ACBEJKBA_00619	0.0
ACBEJKBA_00620	0.0
ACBEJKBA_00621	0.0
ACBEJKBA_00622	0.0
ACBEJKBA_00623	1.44723766218
ACBEJKBA_00624	7.57496117189
ACBEJKBA_00625	306.732077026
ACBEJKBA_00626	0.0
ACBEJKBA_00627	0.0
ACBEJKBA_00628	16.9248086435
ACBEJKBA_00629	0.0
ACBEJKBA_00630	0.0
ACBEJKBA_00631	11.1895692
ACBEJKBA_00632	7.57496117189
ACBEJKBA_00633	0.0
ACBEJKBA_00634	0.298108133671
ACBEJKBA_00635	0.0
ACBEJKBA_00636	2.35724316188
ACBEJKBA_00637	9.1828133162
ACBEJKBA_00638	4.16583858474
ACBEJKBA_00639	4.82125061476
ACBEJKBA_00640	0.0
ACBEJKBA_00641	0.0
ACBEJKBA_00642	8.84159402358
ACBEJKBA_00643	2.26232061845
ACBEJKBA_00644	4.70899798113
ACBEJKBA_00645	0.0
ACBEJKBA_00646	0.0
ACBEJKBA_00647	0.0
ACBEJKBA_00648	0.0
ACBEJKBA_00649	0.0
ACBEJKBA_00650	0.0
ACBEJKBA_00651	0.0
ACBEJKBA_00652	0.0
ACBEJKBA_00653	0.0
ACBEJKBA_00654	0.0
ACBEJKBA_00655	1.11895692
ACBEJKBA_00656	0.0
ACBEJKBA_00657	2.00945318718
ACBEJKBA_00658	0.0
ACBEJKBA_00659	4.1744368068
ACBEJKBA_00660	0.0
ACBEJKBA_00661	0.0
ACBEJKBA_00662	0.0
ACBEJKBA_00663	0.0
ACBEJKBA_00664	0.0
ACBEJKBA_00665	0.0
ACBEJKBA_00666	0.0
ACBEJKBA_00667	0.0
ACBEJKBA_00668	0.0
ACBEJKBA_00669	0.0
ACBEJKBA_00670	0.0
ACBEJKBA_00671	0.0
ACBEJKBA_00672	0.0
ACBEJKBA_00673	0.0
ACBEJKBA_00674	0.0
ACBEJKBA_00675	0.0
ACBEJKBA_00676	0.0
ACBEJKBA_00677	0.0
ACBEJKBA_00679	0.0
ACBEJKBA_00680	0.0
ACBEJKBA_00681	1.08649725108
ACBEJKBA_00682	0.0
ACBEJKBA_00683	5.62982500457
ACBEJKBA_00684	0.0
ACBEJKBA_00685	2.41782980621
ACBEJKBA_00686	5.35765465667
ACBEJKBA_00687	0.0
ACBEJKBA_00688	6.03015692574
ACBEJKBA_00689	0.0
ACBEJKBA_00690	0.0
ACBEJKBA_00691	3.1139563247
ACBEJKBA_00692	0.0
ACBEJKBA_00693	0.0
ACBEJKBA_00694	0.0
ACBEJKBA_00695	8.96504713162
ACBEJKBA_00696	4.36828214448
ACBEJKBA_00697	0.459244921184
ACBEJKBA_00698	1.48550468813
ACBEJKBA_00699	1.98577774462
ACBEJKBA_00700	0.0
ACBEJKBA_00701	0.0
ACBEJKBA_00702	0.0
ACBEJKBA_00703	2.15218370087
ACBEJKBA_00704	3.19765159351
ACBEJKBA_00705	5.36760783677
ACBEJKBA_00706	0.0
ACBEJKBA_00707	1.63040276735
ACBEJKBA_00708	0.0
ACBEJKBA_00709	0.0
ACBEJKBA_00710	0.0
ACBEJKBA_00711	0.0
ACBEJKBA_00712	0.0
ACBEJKBA_00713	7.93921347554
ACBEJKBA_00714	0.0
ACBEJKBA_00715	0.0
ACBEJKBA_00716	0.0
ACBEJKBA_00717	0.0
ACBEJKBA_00718	3.47287337694
ACBEJKBA_00719	0.0
ACBEJKBA_00720	0.0
ACBEJKBA_00721	0.0
ACBEJKBA_00722	4.73934301791
ACBEJKBA_00723	0.0
ACBEJKBA_00724	1.39004442123
ACBEJKBA_00725	0.0
ACBEJKBA_00726	0.0
ACBEJKBA_00727	0.0
ACBEJKBA_00728	0.0
ACBEJKBA_00729	0.0
ACBEJKBA_00730	0.0
ACBEJKBA_00731	0.0
ACBEJKBA_00732	17.4902994983
ACBEJKBA_00733	0.0
ACBEJKBA_00734	0.0
ACBEJKBA_00735	0.0
ACBEJKBA_00736	0.0
ACBEJKBA_00737	12.2354182268
ACBEJKBA_00738	0.0
ACBEJKBA_00739	2.16253903544
ACBEJKBA_00740	5.78688020856
ACBEJKBA_00741	0.0
ACBEJKBA_00742	0.0
ACBEJKBA_00743	2.72667965338
ACBEJKBA_00744	1.34297120378
ACBEJKBA_00745	7.53264295305
ACBEJKBA_00746	8.1883183518
ACBEJKBA_00747	6.56660595095
ACBEJKBA_00748	0.0
ACBEJKBA_00749	9.58537740708
ACBEJKBA_00750	1.54096352982
ACBEJKBA_00751	2.30092677235
ACBEJKBA_00752	0.0
ACBEJKBA_00753	0.0
ACBEJKBA_00754	3.12840623804
ACBEJKBA_00755	0.0
ACBEJKBA_00756	0.0
ACBEJKBA_00757	0.0
ACBEJKBA_00758	0.0
ACBEJKBA_00759	0.0
ACBEJKBA_00760	1.11341295507
ACBEJKBA_00761	0.0
ACBEJKBA_00762	0.0
ACBEJKBA_00763	0.0
ACBEJKBA_00764	0.0
ACBEJKBA_00765	0.0
ACBEJKBA_00766	0.0
ACBEJKBA_00767	0.0
ACBEJKBA_00768	0.0
ACBEJKBA_00769	0.0
ACBEJKBA_00770	1.00397847252
ACBEJKBA_00771	0.0
ACBEJKBA_00772	1.37937911877
ACBEJKBA_00773	0.0
ACBEJKBA_00774	0.0
ACBEJKBA_00775	0.0
ACBEJKBA_00776	0.0
ACBEJKBA_00777	0.0
ACBEJKBA_00778	1.7492774891
ACBEJKBA_00779	0.0
ACBEJKBA_00780	0.0
ACBEJKBA_00781	0.0
ACBEJKBA_00782	0.0
ACBEJKBA_00783	0.0
ACBEJKBA_00784	0.0
ACBEJKBA_00785	2.91218809632
ACBEJKBA_00786	5.07659295405
ACBEJKBA_00787	0.0
ACBEJKBA_00788	5.08329156869
ACBEJKBA_00789	0.0
ACBEJKBA_00791	0.0
ACBEJKBA_00792	0.0
ACBEJKBA_00793	0.0
ACBEJKBA_00794	0.0
ACBEJKBA_00795	0.0
ACBEJKBA_00796	0.0
ACBEJKBA_00797	0.0
ACBEJKBA_00798	0.0
ACBEJKBA_00799	0.0
ACBEJKBA_00800	4.37165429373
ACBEJKBA_00801	0.0
ACBEJKBA_00802	6.98623361967
ACBEJKBA_00803	0.0
ACBEJKBA_00804	0.0
ACBEJKBA_00805	0.0
ACBEJKBA_00806	0.0
ACBEJKBA_00807	7.60343846952
ACBEJKBA_00808	0.0
ACBEJKBA_00809	0.0
ACBEJKBA_00810	0.0
ACBEJKBA_00811	2.40560765137
ACBEJKBA_00812	0.0
ACBEJKBA_00813	0.0
ACBEJKBA_00814	3.40061308599
ACBEJKBA_00815	0.0
ACBEJKBA_00816	10.1188974754
ACBEJKBA_00817	4.71448632376
ACBEJKBA_00818	4.09001948007
ACBEJKBA_00819	0.0
ACBEJKBA_00820	0.0
ACBEJKBA_00821	0.0
ACBEJKBA_00822	1.45530824457
ACBEJKBA_00823	5.62278185403
ACBEJKBA_00824	0.0
ACBEJKBA_00825	1.73979753367
ACBEJKBA_00826	0.0
ACBEJKBA_00827	0.0
ACBEJKBA_00828	0.0
ACBEJKBA_00829	0.0
ACBEJKBA_00830	0.0
ACBEJKBA_00831	0.861561078975
ACBEJKBA_00832	0.0
ACBEJKBA_00833	1.4920801423
ACBEJKBA_00834	19.7414800673
ACBEJKBA_00835	4.35652048011
ACBEJKBA_00836	21.6775416173
ACBEJKBA_00838	0.0
ACBEJKBA_00839	0.0
ACBEJKBA_00840	0.0
ACBEJKBA_00841	0.0
ACBEJKBA_00842	0.0
ACBEJKBA_00843	0.0
ACBEJKBA_00844	0.0
ACBEJKBA_00845	0.0
ACBEJKBA_00846	0.0
ACBEJKBA_00847	0.0
ACBEJKBA_00848	0.0
ACBEJKBA_00849	0.0
ACBEJKBA_00850	0.0
ACBEJKBA_00851	0.0
ACBEJKBA_00852	2.73497583894
ACBEJKBA_00853	4.95714370807
ACBEJKBA_00854	0.0
ACBEJKBA_00855	0.0
ACBEJKBA_00856	0.829749592982
ACBEJKBA_00857	0.0
ACBEJKBA_00858	0.0
ACBEJKBA_00859	3.2349882164
ACBEJKBA_00860	8.39217689997
ACBEJKBA_00861	0.0
ACBEJKBA_00862	0.0
ACBEJKBA_00864	0.0
ACBEJKBA_00865	0.0
ACBEJKBA_00866	1.36748791947
ACBEJKBA_00867	0.0
ACBEJKBA_00868	0.0
ACBEJKBA_00869	1.77725363172
ACBEJKBA_00870	1.15046338617
ACBEJKBA_00871	0.0
ACBEJKBA_00872	2.85303234997
ACBEJKBA_00873	0.0
ACBEJKBA_00874	0.0
ACBEJKBA_00876	4.1744368068
ACBEJKBA_00877	0.0
ACBEJKBA_00878	0.0
ACBEJKBA_00879	0.0
ACBEJKBA_00880	2.25475432876
ACBEJKBA_00881	3.54827128578
ACBEJKBA_00882	0.0
ACBEJKBA_00883	0.737202344776
ACBEJKBA_00884	1.13021214467
ACBEJKBA_00885	4.08898586382
ACBEJKBA_00886	1.19322397221
ACBEJKBA_00887	1.22243253726
ACBEJKBA_00888	2.54164578435
ACBEJKBA_00889	0.0
ACBEJKBA_00890	1.06841766133
ACBEJKBA_00891	1.06085215468
ACBEJKBA_00892	1.23531203719
ACBEJKBA_00893	0.0
ACBEJKBA_00894	4.50448693295
ACBEJKBA_00895	0.0
ACBEJKBA_00896	1.94847267138
ACBEJKBA_00897	0.0
ACBEJKBA_00898	0.0
ACBEJKBA_00899	0.0
ACBEJKBA_00900	0.0
ACBEJKBA_00901	0.0
ACBEJKBA_00902	0.0
ACBEJKBA_00903	0.0
ACBEJKBA_00904	0.0
ACBEJKBA_00905	0.0
ACBEJKBA_00906	0.0
ACBEJKBA_00907	0.673161801595
ACBEJKBA_00908	4.16476629682
ACBEJKBA_00909	0.0
ACBEJKBA_00910	0.0
ACBEJKBA_00911	24.7608914433
ACBEJKBA_00913	12.9028046756
ACBEJKBA_00914	0.0
ACBEJKBA_00915	39.9778274247
ACBEJKBA_00916	8.89576024521
ACBEJKBA_00917	10.0301823806
ACBEJKBA_00918	38.7252584192
ACBEJKBA_00919	10.4725676784
ACBEJKBA_00920	5.87086976166
ACBEJKBA_00921	0.0
ACBEJKBA_00922	0.0
ACBEJKBA_00923	0.0
ACBEJKBA_00925	0.0
ACBEJKBA_00926	6.62576456312
ACBEJKBA_00927	0.0
ACBEJKBA_00928	0.0
ACBEJKBA_00929	0.0
ACBEJKBA_00930	0.0
ACBEJKBA_00931	28.7756146956
ACBEJKBA_00932	2.88415633924
ACBEJKBA_00933	0.0
ACBEJKBA_00934	0.813234673459
ACBEJKBA_00935	0.0
ACBEJKBA_00936	0.0
ACBEJKBA_00937	3.67771725495
ACBEJKBA_00938	3.77158905901
ACBEJKBA_00939	3.42508828602
ACBEJKBA_00940	0.0
ACBEJKBA_00941	0.0
ACBEJKBA_00942	0.0
ACBEJKBA_00943	1.39291641384
ACBEJKBA_00944	14.1632677373
ACBEJKBA_00945	0.0
ACBEJKBA_00946	0.0
ACBEJKBA_00947	0.0
ACBEJKBA_00948	0.0
ACBEJKBA_00949	0.0
ACBEJKBA_00950	0.0
ACBEJKBA_00951	2.37384346584
ACBEJKBA_00952	19.3080155885
ACBEJKBA_00953	16.6620343648
ACBEJKBA_00954	11.853565614
ACBEJKBA_00955	2.15390269744
ACBEJKBA_00956	0.645140233778
ACBEJKBA_00957	3.82327907919
ACBEJKBA_00958	0.0
ACBEJKBA_00959	0.0
ACBEJKBA_00960	2.50156417179
ACBEJKBA_00961	1.82085494746
ACBEJKBA_00962	0.690749533092
ACBEJKBA_00963	0.0
ACBEJKBA_00964	0.0
ACBEJKBA_00965	0.0
ACBEJKBA_00966	2.62688606183
ACBEJKBA_00967	0.0
ACBEJKBA_00968	0.0
ACBEJKBA_00969	0.0
ACBEJKBA_00970	0.0
ACBEJKBA_00971	0.0
ACBEJKBA_00972	0.0
ACBEJKBA_00973	2.67882732834
ACBEJKBA_00974	0.587769437051
ACBEJKBA_00975	0.0
ACBEJKBA_00976	0.0
ACBEJKBA_00977	4.61234807957
ACBEJKBA_00978	0.0
ACBEJKBA_00979	8.82712332959
ACBEJKBA_00980	1.6612029839
ACBEJKBA_00981	0.0
ACBEJKBA_00982	1.700306543
ACBEJKBA_00983	0.0
ACBEJKBA_00984	0.0
ACBEJKBA_00985	0.0
ACBEJKBA_00986	0.0
ACBEJKBA_00987	7.5116606607
ACBEJKBA_00988	0.0
ACBEJKBA_00989	0.0
ACBEJKBA_00990	0.0
ACBEJKBA_00991	0.0
ACBEJKBA_00992	0.0
ACBEJKBA_00993	0.0
ACBEJKBA_00994	5.49596367634
ACBEJKBA_00995	15.92531207
ACBEJKBA_00996	0.0
ACBEJKBA_00997	4.32623450886
ACBEJKBA_00998	0.0
ACBEJKBA_00999	0.0
ACBEJKBA_01000	3.95795427181
ACBEJKBA_01001	0.0
ACBEJKBA_01002	7.92560228418
ACBEJKBA_01003	0.0
ACBEJKBA_01004	0.0
ACBEJKBA_01005	2.08238314841
ACBEJKBA_01006	0.810302336896
ACBEJKBA_01007	0.0
ACBEJKBA_01008	0.0
ACBEJKBA_01009	0.0
ACBEJKBA_01010	0.0
ACBEJKBA_01011	0.0
ACBEJKBA_01012	0.0
ACBEJKBA_01013	0.0
ACBEJKBA_01014	0.0
ACBEJKBA_01015	0.0
ACBEJKBA_01016	2.24474432064
ACBEJKBA_01017	0.0
ACBEJKBA_01018	0.0
ACBEJKBA_01019	3.32104209014
ACBEJKBA_01020	0.0
ACBEJKBA_01021	0.433133019144
ACBEJKBA_01022	4.80148072986
ACBEJKBA_01023	1.57058018474
ACBEJKBA_01024	0.674171544298
ACBEJKBA_01025	3.87640562126
ACBEJKBA_01026	3.03453058199
ACBEJKBA_01027	0.0
ACBEJKBA_01028	0.0
ACBEJKBA_01029	0.0
ACBEJKBA_01030	0.0
ACBEJKBA_01031	0.969333636661
ACBEJKBA_01032	0.0
ACBEJKBA_01033	0.0
ACBEJKBA_01034	0.0
ACBEJKBA_01035	0.0
ACBEJKBA_01036	28.1556561424
ACBEJKBA_01037	4.32854924108
ACBEJKBA_01038	3.2886416795
ACBEJKBA_01039	0.0
ACBEJKBA_01040	0.0
ACBEJKBA_01041	0.0
ACBEJKBA_01042	13.7937911877
ACBEJKBA_01043	0.0
ACBEJKBA_01044	7.30149686965
ACBEJKBA_01045	13.2406849944
ACBEJKBA_01046	1.84704532684
ACBEJKBA_01047	0.0
ACBEJKBA_01048	0.0
ACBEJKBA_01049	3.86899021118
ACBEJKBA_01050	1.4059886221
ACBEJKBA_01051	0.0
ACBEJKBA_01052	1.31867294728
ACBEJKBA_01053	0.0
ACBEJKBA_01054	0.0
ACBEJKBA_01055	0.0
ACBEJKBA_01056	0.0
ACBEJKBA_01057	0.0
ACBEJKBA_01058	0.0
ACBEJKBA_01059	0.0
ACBEJKBA_01060	0.0
ACBEJKBA_01061	0.0
ACBEJKBA_01062	0.0
ACBEJKBA_01063	0.0
ACBEJKBA_01064	0.0
ACBEJKBA_01065	0.794545131759
ACBEJKBA_01066	0.0
ACBEJKBA_01067	0.0
ACBEJKBA_01068	50.311309276
ACBEJKBA_01069	0.0
ACBEJKBA_01070	4.52084857869
ACBEJKBA_01071	0.0
ACBEJKBA_01072	0.0
ACBEJKBA_01073	5.62590996632
ACBEJKBA_01074	0.0
ACBEJKBA_01075	15.2972473585
ACBEJKBA_01078	0.0
ACBEJKBA_01079	0.0
ACBEJKBA_01080	4.16476629682
ACBEJKBA_01081	13.2450205167
ACBEJKBA_01082	2.27504458143
ACBEJKBA_01083	0.868218344234
ACBEJKBA_01087	4.83855175333
ACBEJKBA_01088	0.799254942855
ACBEJKBA_01089	0.0
ACBEJKBA_01090	0.0
ACBEJKBA_01091	0.0
ACBEJKBA_01092	0.0
ACBEJKBA_01093	0.0
ACBEJKBA_01094	0.0
ACBEJKBA_01095	0.0
ACBEJKBA_01096	9.18489842368
ACBEJKBA_01097	2.58799057312
ACBEJKBA_01098	0.0
ACBEJKBA_01099	34.1352680657
ACBEJKBA_01100	0.0
ACBEJKBA_01101	9.33109403872
ACBEJKBA_01102	8.3402665274
ACBEJKBA_01103	1.85161094287
ACBEJKBA_01104	17.354163983
ACBEJKBA_01105	0.0
ACBEJKBA_01106	1.39724672393
ACBEJKBA_01107	0.0
ACBEJKBA_01108	3.15033431915
ACBEJKBA_01109	0.0
ACBEJKBA_01110	0.0
ACBEJKBA_01111	0.0
ACBEJKBA_01112	0.0
ACBEJKBA_01113	0.0
ACBEJKBA_01114	0.0
ACBEJKBA_01115	0.0
ACBEJKBA_01116	0.0
ACBEJKBA_01117	0.0
ACBEJKBA_01118	0.0
ACBEJKBA_01119	0.0
ACBEJKBA_01120	0.0
ACBEJKBA_01121	3.35826423062
ACBEJKBA_01122	1.46003582956
ACBEJKBA_01123	0.0
ACBEJKBA_01124	0.0
ACBEJKBA_01125	0.0
ACBEJKBA_01126	0.0
ACBEJKBA_01127	0.0
ACBEJKBA_01130	13.3941366417
ACBEJKBA_01131	5.11533865345
ACBEJKBA_01132	0.0
ACBEJKBA_01133	0.0
ACBEJKBA_01134	5.4588789012
ACBEJKBA_01135	0.0
ACBEJKBA_01136	0.0
ACBEJKBA_01137	9.23522663422
ACBEJKBA_01138	0.0
ACBEJKBA_01139	0.0
ACBEJKBA_01140	0.0
ACBEJKBA_01141	34.1064862208
ACBEJKBA_01142	0.0
ACBEJKBA_01143	0.0
ACBEJKBA_01144	29.6882881893
ACBEJKBA_01145	4.45733252428
ACBEJKBA_01146	4.84144735582
ACBEJKBA_01147	0.0
ACBEJKBA_01148	0.0
ACBEJKBA_01149	17.2462488076
ACBEJKBA_01150	6.87930147243
ACBEJKBA_01151	22.052340234
ACBEJKBA_01152	0.0
ACBEJKBA_01153	0.0
ACBEJKBA_01154	0.0
ACBEJKBA_01155	0.0
ACBEJKBA_01156	0.0
ACBEJKBA_01157	6.08732771375
ACBEJKBA_01158	0.78210155951
ACBEJKBA_01159	0.793142993292
ACBEJKBA_01160	4.37064210242
ACBEJKBA_01161	4.54497670313
ACBEJKBA_01162	0.0
ACBEJKBA_01163	0.0
ACBEJKBA_01164	0.0
ACBEJKBA_01165	0.0
ACBEJKBA_01166	2.96339140351
ACBEJKBA_01167	0.0
ACBEJKBA_01168	0.0
ACBEJKBA_01169	0.0
ACBEJKBA_01170	0.0
ACBEJKBA_01171	0.0
ACBEJKBA_01172	0.0
ACBEJKBA_01173	2.49165829466
ACBEJKBA_01174	33.2836791828
ACBEJKBA_01175	18.8140896083
ACBEJKBA_01176	2.16688322796
ACBEJKBA_01177	3.98328829718
ACBEJKBA_01178	0.0
ACBEJKBA_01179	0.0
ACBEJKBA_01180	1.80621981058
ACBEJKBA_01181	10.5339303797
ACBEJKBA_01182	0.0
ACBEJKBA_01183	0.597934850818
ACBEJKBA_01184	0.0
ACBEJKBA_01185	0.0
ACBEJKBA_01186	0.0
ACBEJKBA_01187	0.0
ACBEJKBA_01188	15.1499223438
ACBEJKBA_01189	0.0
ACBEJKBA_01190	14.008759362
ACBEJKBA_01191	6.36010890847
ACBEJKBA_01192	0.0
ACBEJKBA_01193	0.0
ACBEJKBA_01194	0.0
ACBEJKBA_01195	0.839043614559
ACBEJKBA_01196	2.43163767105
ACBEJKBA_01197	1.42305339166
ACBEJKBA_01198	0.0
ACBEJKBA_01199	0.0
ACBEJKBA_01200	0.0
ACBEJKBA_01201	0.0
ACBEJKBA_01202	0.0
ACBEJKBA_01203	0.0
ACBEJKBA_01204	0.0
ACBEJKBA_01205	0.0
ACBEJKBA_01206	0.0
ACBEJKBA_01207	0.0
ACBEJKBA_01208	0.0
ACBEJKBA_01209	6.61357738122
ACBEJKBA_01210	3.69409065369
ACBEJKBA_01211	0.0
ACBEJKBA_01212	0.0
ACBEJKBA_01213	0.0
ACBEJKBA_01214	0.0
ACBEJKBA_01215	0.0
ACBEJKBA_01216	0.0
ACBEJKBA_01217	0.0
ACBEJKBA_01218	0.0
ACBEJKBA_01219	0.0
ACBEJKBA_01220	3.06615824581
ACBEJKBA_01221	0.0
ACBEJKBA_01222	3.61809415544
ACBEJKBA_01223	0.0
ACBEJKBA_01224	0.0
ACBEJKBA_01225	0.0
ACBEJKBA_01226	0.0
ACBEJKBA_01227	0.0
ACBEJKBA_01228	0.984192035471
ACBEJKBA_01229	0.0
ACBEJKBA_01230	0.0
ACBEJKBA_01231	0.0
ACBEJKBA_01232	0.0
ACBEJKBA_01233	6.27136320277
ACBEJKBA_01234	0.0
ACBEJKBA_01235	0.0
ACBEJKBA_01236	0.0
ACBEJKBA_01237	0.0
ACBEJKBA_01238	0.0
ACBEJKBA_01239	0.0
ACBEJKBA_01240	0.0
ACBEJKBA_01241	2.32072820757
ACBEJKBA_01242	0.0
ACBEJKBA_01243	0.0
ACBEJKBA_01244	0.0
ACBEJKBA_01245	0.0
ACBEJKBA_01246	0.0
ACBEJKBA_01247	0.0
ACBEJKBA_01248	6.45140233778
ACBEJKBA_01249	0.0
ACBEJKBA_01250	0.0
ACBEJKBA_01251	0.0
ACBEJKBA_01252	0.794545131759
ACBEJKBA_01253	0.0
ACBEJKBA_01254	0.0
ACBEJKBA_01255	9.29891785238
ACBEJKBA_01256	0.0
ACBEJKBA_01257	0.0
ACBEJKBA_01258	6.76426298627
ACBEJKBA_01259	0.0
ACBEJKBA_01260	0.0
ACBEJKBA_01261	4.92895523857
ACBEJKBA_01262	0.0
ACBEJKBA_01263	0.0
ACBEJKBA_01264	0.0
ACBEJKBA_01265	4.49947638019
ACBEJKBA_01266	0.0
ACBEJKBA_01272	16.0836153709
ACBEJKBA_01273	0.0
ACBEJKBA_01274	20.1868609031
ACBEJKBA_01275	2.40775551535
ACBEJKBA_01276	5.422291241
ACBEJKBA_01277	0.0
ACBEJKBA_01278	0.0
ACBEJKBA_01280	0.0
ACBEJKBA_01281	19.0595797228
ACBEJKBA_01282	0.0
ACBEJKBA_01283	0.0
ACBEJKBA_01284	0.0
ACBEJKBA_01285	2.48771787564
ACBEJKBA_01286	0.0
ACBEJKBA_01287	0.0
ACBEJKBA_01288	0.0
ACBEJKBA_01289	0.0
ACBEJKBA_01290	1.27926289241
ACBEJKBA_01291	0.0
ACBEJKBA_01292	11.5737604171
ACBEJKBA_01293	0.0
ACBEJKBA_01294	2.05540104969
ACBEJKBA_01295	10.6448138573
ACBEJKBA_01296	0.0
ACBEJKBA_01297	0.0
ACBEJKBA_01298	0.0
ACBEJKBA_01299	4.8155110307
ACBEJKBA_01300	0.0
ACBEJKBA_01301	5.62982500457
ACBEJKBA_01302	1.33897029652
ACBEJKBA_01303	0.0
ACBEJKBA_01304	0.0
ACBEJKBA_01305	2.38223160529
ACBEJKBA_01306	1.90713308146
ACBEJKBA_01307	0.0
ACBEJKBA_01308	0.0
ACBEJKBA_01309	0.0
ACBEJKBA_01310	0.0
ACBEJKBA_01311	0.0
ACBEJKBA_01312	5.65936238655
ACBEJKBA_01313	1.27805032094
ACBEJKBA_01314	22.7675193196
ACBEJKBA_01315	0.0
ACBEJKBA_01316	0.0
ACBEJKBA_01317	0.0
ACBEJKBA_01318	0.0
ACBEJKBA_01319	0.0
ACBEJKBA_01320	0.0
ACBEJKBA_01321	1.1359250957
ACBEJKBA_01322	0.0
ACBEJKBA_01323	0.0
ACBEJKBA_01324	0.0
ACBEJKBA_01325	0.0
ACBEJKBA_01326	0.0
ACBEJKBA_01327	2.01245237104
ACBEJKBA_01328	0.0
ACBEJKBA_01329	0.0
ACBEJKBA_01330	0.0
ACBEJKBA_01331	0.0
ACBEJKBA_01332	0.0
ACBEJKBA_01333	0.0
ACBEJKBA_01334	0.986351930209
ACBEJKBA_01335	6.67496578513
ACBEJKBA_01336	0.0
ACBEJKBA_01337	0.0
ACBEJKBA_01338	0.0
ACBEJKBA_01339	0.605180919477
ACBEJKBA_01340	0.0
ACBEJKBA_01341	0.0
ACBEJKBA_01342	0.0
ACBEJKBA_01343	2.51205046781
ACBEJKBA_01344	2.43383228988
ACBEJKBA_01345	0.0
ACBEJKBA_01346	5.69521895922
ACBEJKBA_01348	0.0
ACBEJKBA_01349	0.0
ACBEJKBA_01350	0.0
ACBEJKBA_01351	1.28169495114
ACBEJKBA_01352	0.0
ACBEJKBA_01353	0.580931964065
ACBEJKBA_01354	0.473268897366
ACBEJKBA_01355	0.0
ACBEJKBA_01356	1.49483712705
ACBEJKBA_01357	0.0
ACBEJKBA_01358	0.0
ACBEJKBA_01359	1.72422389846
ACBEJKBA_01360	9.89609606309
ACBEJKBA_01361	0.0
ACBEJKBA_01362	5.66530709494
ACBEJKBA_01363	2.34494450191
ACBEJKBA_01364	1.36333982669
ACBEJKBA_01365	0.0
ACBEJKBA_01366	0.0
ACBEJKBA_01367	0.0
ACBEJKBA_01368	0.0
ACBEJKBA_01369	1.10459564877
ACBEJKBA_01370	2.62578985121
ACBEJKBA_01371	0.0
ACBEJKBA_01372	5.03426168735
ACBEJKBA_01373	10.8737345854
ACBEJKBA_01374	17.0676340329
ACBEJKBA_01375	0.0
ACBEJKBA_01376	2.18532105121
ACBEJKBA_01377	0.0
ACBEJKBA_01378	0.705938789841
ACBEJKBA_01379	0.0
ACBEJKBA_01380	0.0
ACBEJKBA_01381	0.0
ACBEJKBA_01382	0.0
ACBEJKBA_01383	0.0
ACBEJKBA_01384	0.0
ACBEJKBA_01385	1.44672005214
ACBEJKBA_01386	6.22175452879
ACBEJKBA_01387	1.69816509899
ACBEJKBA_01388	0.0
ACBEJKBA_01389	0.0
ACBEJKBA_01390	0.0
ACBEJKBA_01391	3.45139015852
ACBEJKBA_01392	0.0
ACBEJKBA_01393	0.0
ACBEJKBA_01394	8.07106778385
ACBEJKBA_01395	1.4482739942
ACBEJKBA_01396	3.16215546106
ACBEJKBA_01397	8.48904357983
ACBEJKBA_01398	0.0
ACBEJKBA_01399	0.0
ACBEJKBA_01400	1.35421133773
ACBEJKBA_01401	1.89108427573
ACBEJKBA_01402	0.0
ACBEJKBA_01403	5.64948221479
ACBEJKBA_01404	0.0
ACBEJKBA_01405	3.32104209014
ACBEJKBA_01406	0.0
ACBEJKBA_01407	0.0
ACBEJKBA_01408	0.0
ACBEJKBA_01409	0.0
ACBEJKBA_01410	0.0
ACBEJKBA_01411	0.0
ACBEJKBA_01412	8.37480179252
ACBEJKBA_01413	2.79449344787
ACBEJKBA_01414	0.0
ACBEJKBA_01415	0.997295183872
ACBEJKBA_01416	0.0
ACBEJKBA_01417	0.0
ACBEJKBA_01418	6.45140233778
ACBEJKBA_01419	0.0
ACBEJKBA_01420	0.0
ACBEJKBA_01421	0.0
ACBEJKBA_01422	0.0
ACBEJKBA_01423	0.0
ACBEJKBA_01424	15.6556526978
ACBEJKBA_01426	71.2780487363
ACBEJKBA_01427	0.0
ACBEJKBA_01428	1.2358781747
ACBEJKBA_01429	4.02490474208
ACBEJKBA_01430	0.0
ACBEJKBA_01431	0.0
ACBEJKBA_01432	0.0
ACBEJKBA_01433	0.0
ACBEJKBA_01434	0.0
ACBEJKBA_01435	0.0
ACBEJKBA_01436	0.0
ACBEJKBA_01437	0.0
ACBEJKBA_01438	3.51313988691
ACBEJKBA_01439	1.1359250957
ACBEJKBA_01440	0.0
ACBEJKBA_01441	0.0
ACBEJKBA_01442	3.10320618779
ACBEJKBA_01443	0.0
ACBEJKBA_01444	0.0
ACBEJKBA_01445	0.0
ACBEJKBA_01446	0.0
ACBEJKBA_01447	0.0
ACBEJKBA_01448	0.0
ACBEJKBA_01449	0.0
ACBEJKBA_01450	0.0
ACBEJKBA_01451	2.65596143518
ACBEJKBA_01452	18.8799498987
ACBEJKBA_01453	0.0
ACBEJKBA_01454	3.43965073621
ACBEJKBA_01455	2.30617403979
ACBEJKBA_01456	0.0
ACBEJKBA_01457	0.0
ACBEJKBA_01458	11.7247225095
ACBEJKBA_01459	14.0819121524
ACBEJKBA_01460	0.0
ACBEJKBA_01461	0.0
ACBEJKBA_01462	0.0
ACBEJKBA_01463	0.0
ACBEJKBA_01464	4.57065453761
ACBEJKBA_01465	0.0
ACBEJKBA_01466	0.0
ACBEJKBA_01467	1.13880328429
ACBEJKBA_01468	0.0
ACBEJKBA_01469	0.0
ACBEJKBA_01470	2.49231624509
ACBEJKBA_01471	0.0
ACBEJKBA_01472	3.5296939492
ACBEJKBA_01473	4.64945892619
ACBEJKBA_01474	18.6481605759
ACBEJKBA_01476	0.0
ACBEJKBA_01477	0.0
ACBEJKBA_01478	0.0
ACBEJKBA_01479	1.17759221711
ACBEJKBA_01480	2.66295540868
ACBEJKBA_01481	0.0
ACBEJKBA_01482	9.65861811315
ACBEJKBA_01483	5.64160288115
ACBEJKBA_01484	0.0
ACBEJKBA_01485	38.3052013806
ACBEJKBA_01486	0.0
ACBEJKBA_01487	0.0
ACBEJKBA_01488	1.60708353825
ACBEJKBA_01489	2.60675319206
ACBEJKBA_01490	0.0
ACBEJKBA_01491	0.0
ACBEJKBA_01492	4.27141421942
ACBEJKBA_01493	0.0
ACBEJKBA_01494	0.0
ACBEJKBA_01495	0.0
ACBEJKBA_01496	0.0
ACBEJKBA_01497	0.0
ACBEJKBA_01498	0.0
ACBEJKBA_01499	3.42740998626
ACBEJKBA_01500	0.0
ACBEJKBA_01501	5.69264271422
ACBEJKBA_01502	0.786205882563
ACBEJKBA_01503	1.42080409757
ACBEJKBA_01504	0.0
ACBEJKBA_01505	0.0
ACBEJKBA_01506	0.0
ACBEJKBA_01507	0.0
ACBEJKBA_01508	0.0
ACBEJKBA_01509	0.0
ACBEJKBA_01510	0.0
ACBEJKBA_01511	0.0
ACBEJKBA_01512	1.09443432516
ACBEJKBA_01513	0.0
ACBEJKBA_01514	2.15390269744
ACBEJKBA_01515	0.0
ACBEJKBA_01516	1.14752603285
ACBEJKBA_01517	6.98106628711
ACBEJKBA_01518	0.0
ACBEJKBA_01519	0.869898766836
ACBEJKBA_01520	3.94444589545
ACBEJKBA_01521	4.42079701179
ACBEJKBA_01522	2.76299813237
ACBEJKBA_01523	4.61761331711
ACBEJKBA_01524	0.0
ACBEJKBA_01525	3.61809415544
ACBEJKBA_01526	0.0
ACBEJKBA_01527	0.0
ACBEJKBA_01528	0.0
ACBEJKBA_01529	0.0
ACBEJKBA_01530	0.0
ACBEJKBA_01531	0.0
ACBEJKBA_01532	0.0
ACBEJKBA_01533	0.0
ACBEJKBA_01534	0.0
ACBEJKBA_01535	4.64945892619
ACBEJKBA_01536	10.7470632445
ACBEJKBA_01537	0.0
ACBEJKBA_01538	0.0
ACBEJKBA_01539	0.0
ACBEJKBA_01540	3.19008617176
ACBEJKBA_01541	0.0
ACBEJKBA_01542	0.0
ACBEJKBA_01543	0.0
ACBEJKBA_01544	0.0
ACBEJKBA_01545	0.0
ACBEJKBA_01546	0.0
