LJFAIACL_00001	0.0
LJFAIACL_00002	0.0
LJFAIACL_00003	0.0
LJFAIACL_00004	0.0
LJFAIACL_00005	0.0
LJFAIACL_00006	0.0
LJFAIACL_00007	0.0
LJFAIACL_00008	0.0
LJFAIACL_00009	0.0
LJFAIACL_00010	0.0
LJFAIACL_00011	0.0
LJFAIACL_00012	0.0
LJFAIACL_00013	0.0
LJFAIACL_00014	0.0
LJFAIACL_00015	0.0
LJFAIACL_00016	0.0
LJFAIACL_00017	0.0
LJFAIACL_00018	0.0
LJFAIACL_00019	0.0
LJFAIACL_00020	0.0
LJFAIACL_00021	2.68593516444
LJFAIACL_00022	0.0
LJFAIACL_00023	0.0
LJFAIACL_00024	0.0
LJFAIACL_00025	0.0
LJFAIACL_00026	0.0
LJFAIACL_00027	0.0
LJFAIACL_00029	0.0
LJFAIACL_00030	0.0
LJFAIACL_00031	0.0
LJFAIACL_00032	0.0
LJFAIACL_00033	1.26013032948
LJFAIACL_00034	13.5284894904
LJFAIACL_00035	0.0
LJFAIACL_00036	0.0
LJFAIACL_00037	0.0
LJFAIACL_00040	0.0
LJFAIACL_00041	0.0
LJFAIACL_00042	0.0
LJFAIACL_00043	0.0
LJFAIACL_00044	1.97414268309
LJFAIACL_00045	0.0
LJFAIACL_00046	0.0
LJFAIACL_00047	0.0
LJFAIACL_00048	0.0
LJFAIACL_00049	0.0
LJFAIACL_00050	0.0
LJFAIACL_00051	13.6656025596
LJFAIACL_00052	0.0
LJFAIACL_00053	0.0
LJFAIACL_00054	0.0
LJFAIACL_00055	2.78199336839
LJFAIACL_00056	0.0
LJFAIACL_00057	0.0
LJFAIACL_00058	0.0
LJFAIACL_00059	0.0
LJFAIACL_00060	0.0
LJFAIACL_00061	0.0
LJFAIACL_00062	0.0
LJFAIACL_00063	0.0
LJFAIACL_00064	0.0
LJFAIACL_00065	0.0
LJFAIACL_00066	0.0
LJFAIACL_00067	0.0
LJFAIACL_00068	0.0
LJFAIACL_00069	0.0
LJFAIACL_00070	0.0
LJFAIACL_00071	0.0
LJFAIACL_00072	0.0
LJFAIACL_00073	0.0
LJFAIACL_00074	0.0
LJFAIACL_00075	0.0
LJFAIACL_00076	0.0
LJFAIACL_00077	0.0
LJFAIACL_00078	0.0
LJFAIACL_00079	0.0
LJFAIACL_00080	0.0
LJFAIACL_00081	0.0
LJFAIACL_00082	0.0
LJFAIACL_00083	0.0
LJFAIACL_00084	0.0
LJFAIACL_00085	0.0
LJFAIACL_00086	0.0
LJFAIACL_00087	0.0
LJFAIACL_00088	0.0
LJFAIACL_00089	0.0
LJFAIACL_00090	0.0
LJFAIACL_00091	0.0
LJFAIACL_00092	0.0
LJFAIACL_00093	0.0
LJFAIACL_00094	0.0
LJFAIACL_00095	0.0
LJFAIACL_00096	0.0
LJFAIACL_00097	0.0
LJFAIACL_00098	0.0
LJFAIACL_00099	4.76445036236
LJFAIACL_00100	0.0
LJFAIACL_00101	0.0
LJFAIACL_00102	0.0
LJFAIACL_00104	0.0
LJFAIACL_00105	0.0
LJFAIACL_00106	0.0
LJFAIACL_00107	0.0
LJFAIACL_00108	0.0
LJFAIACL_00109	0.0
LJFAIACL_00110	0.0
LJFAIACL_00111	0.0
LJFAIACL_00112	0.0
LJFAIACL_00113	0.0
LJFAIACL_00114	0.0
LJFAIACL_00115	0.0
LJFAIACL_00116	0.0
LJFAIACL_00117	0.0
LJFAIACL_00118	0.0
LJFAIACL_00119	0.0
LJFAIACL_00120	0.0
LJFAIACL_00121	0.0
LJFAIACL_00123	0.0
LJFAIACL_00124	0.0
LJFAIACL_00125	0.0
LJFAIACL_00126	0.0
LJFAIACL_00127	0.0
LJFAIACL_00128	0.0
LJFAIACL_00129	0.0
LJFAIACL_00130	0.0
LJFAIACL_00131	0.0
LJFAIACL_00132	0.0
LJFAIACL_00133	0.0
LJFAIACL_00134	0.0
LJFAIACL_00135	0.0
LJFAIACL_00136	0.0
LJFAIACL_00137	0.0
LJFAIACL_00138	0.0
LJFAIACL_00139	0.0
LJFAIACL_00140	2.12671837941
LJFAIACL_00141	0.0
LJFAIACL_00142	0.0
LJFAIACL_00143	0.0
LJFAIACL_00144	0.0
LJFAIACL_00145	0.0
LJFAIACL_00146	0.0
LJFAIACL_00147	0.0
LJFAIACL_00148	4.41114324716
LJFAIACL_00149	0.0
LJFAIACL_00150	0.0
LJFAIACL_00151	0.0
LJFAIACL_00152	0.0
LJFAIACL_00153	0.0
LJFAIACL_00154	0.0
LJFAIACL_00155	0.0
LJFAIACL_00156	0.0
LJFAIACL_00157	0.0
LJFAIACL_00158	0.0
LJFAIACL_00159	0.0
LJFAIACL_00160	0.936997534779
LJFAIACL_00161	0.0
LJFAIACL_00162	0.0
LJFAIACL_00163	0.0
LJFAIACL_00164	0.0
LJFAIACL_00165	0.0
LJFAIACL_00166	0.0
LJFAIACL_00167	0.0
LJFAIACL_00168	0.0
LJFAIACL_00169	0.0
LJFAIACL_00170	0.0
LJFAIACL_00171	0.0
LJFAIACL_00172	0.0
LJFAIACL_00173	0.0
LJFAIACL_00174	0.0
LJFAIACL_00175	0.0
LJFAIACL_00176	0.0
LJFAIACL_00177	0.0
LJFAIACL_00178	0.0
LJFAIACL_00179	0.0
LJFAIACL_00180	0.0
LJFAIACL_00181	0.0
LJFAIACL_00182	0.0
LJFAIACL_00184	0.0
LJFAIACL_00185	0.0
LJFAIACL_00186	0.0
LJFAIACL_00187	0.0
LJFAIACL_00188	0.0
LJFAIACL_00189	0.0
LJFAIACL_00190	0.0
LJFAIACL_00193	0.0
LJFAIACL_00194	0.0
LJFAIACL_00195	0.0
LJFAIACL_00197	0.0
LJFAIACL_00198	0.0
LJFAIACL_00199	0.0
LJFAIACL_00200	0.0
LJFAIACL_00201	0.0
LJFAIACL_00202	0.0
LJFAIACL_00203	0.0
LJFAIACL_00204	0.0
LJFAIACL_00205	0.0
LJFAIACL_00206	0.0
LJFAIACL_00207	0.0
LJFAIACL_00208	0.0
LJFAIACL_00209	0.0
LJFAIACL_00210	0.0
LJFAIACL_00211	0.0
LJFAIACL_00212	1.43746210293
LJFAIACL_00213	0.0
LJFAIACL_00214	0.0
LJFAIACL_00215	0.0
LJFAIACL_00216	0.0
LJFAIACL_00217	0.0
LJFAIACL_00218	0.0
LJFAIACL_00219	0.0
LJFAIACL_00220	0.0
LJFAIACL_00221	0.0
LJFAIACL_00222	2.11172976123
LJFAIACL_00223	0.0
LJFAIACL_00224	0.0
LJFAIACL_00225	0.0
LJFAIACL_00226	0.0
LJFAIACL_00227	0.0
LJFAIACL_00228	0.0
LJFAIACL_00229	0.0
LJFAIACL_00230	0.0
LJFAIACL_00231	0.0
LJFAIACL_00232	0.0
LJFAIACL_00233	0.0
LJFAIACL_00234	0.0
LJFAIACL_00235	0.0
LJFAIACL_00236	3.57649722161
LJFAIACL_00237	0.0
LJFAIACL_00238	0.0
LJFAIACL_00239	0.0
LJFAIACL_00240	0.0
LJFAIACL_00241	0.0
LJFAIACL_00242	0.0
LJFAIACL_00243	0.0
LJFAIACL_00244	0.0
LJFAIACL_00245	0.0
LJFAIACL_00246	0.0
LJFAIACL_00247	0.0
LJFAIACL_00248	0.0
LJFAIACL_00249	0.0
LJFAIACL_00250	0.0
LJFAIACL_00251	0.0
LJFAIACL_00252	0.0
LJFAIACL_00253	0.0
LJFAIACL_00254	0.0
LJFAIACL_00255	0.0
LJFAIACL_00256	0.0
LJFAIACL_00257	0.0
LJFAIACL_00258	0.0
LJFAIACL_00259	0.0
LJFAIACL_00260	0.0
LJFAIACL_00261	0.0
LJFAIACL_00262	0.0
LJFAIACL_00263	1.22576313868
LJFAIACL_00264	0.0
LJFAIACL_00265	0.0
LJFAIACL_00266	0.0
LJFAIACL_00267	0.0
LJFAIACL_00268	0.0
LJFAIACL_00269	0.0
LJFAIACL_00270	0.0
LJFAIACL_00271	0.0
LJFAIACL_00272	0.0
LJFAIACL_00273	0.0
LJFAIACL_00274	0.0
LJFAIACL_00275	0.0
LJFAIACL_00276	0.0
LJFAIACL_00277	0.0
LJFAIACL_00278	0.0
LJFAIACL_00279	0.0
LJFAIACL_00280	0.0
LJFAIACL_00281	0.0
LJFAIACL_00282	0.0
LJFAIACL_00283	0.0
LJFAIACL_00284	0.0
LJFAIACL_00285	0.0
LJFAIACL_00286	0.0
LJFAIACL_00287	0.0
LJFAIACL_00288	0.0
LJFAIACL_00289	0.0
LJFAIACL_00290	0.0
LJFAIACL_00291	0.0
LJFAIACL_00292	0.0
LJFAIACL_00293	0.0
LJFAIACL_00294	0.0
LJFAIACL_00295	0.0
LJFAIACL_00296	0.0
LJFAIACL_00297	0.0
LJFAIACL_00298	0.0
LJFAIACL_00299	0.0
LJFAIACL_00300	0.0
LJFAIACL_00301	0.724135044333
LJFAIACL_00302	0.0
LJFAIACL_00305	1.91525490419
LJFAIACL_00306	0.0
LJFAIACL_00307	0.0
LJFAIACL_00308	0.0
LJFAIACL_00309	0.0
LJFAIACL_00310	0.0
LJFAIACL_00311	0.0
LJFAIACL_00312	0.0
LJFAIACL_00313	0.0
LJFAIACL_00314	0.0
LJFAIACL_00315	0.0
LJFAIACL_00316	0.0
LJFAIACL_00317	0.0
LJFAIACL_00318	0.0
LJFAIACL_00319	0.0
LJFAIACL_00320	0.0
LJFAIACL_00321	0.0
LJFAIACL_00322	0.0
LJFAIACL_00323	0.0
LJFAIACL_00324	0.0
LJFAIACL_00325	0.0
LJFAIACL_00326	0.0
LJFAIACL_00327	0.0
LJFAIACL_00328	0.0
LJFAIACL_00329	0.0
LJFAIACL_00330	0.0
LJFAIACL_00331	0.0
LJFAIACL_00332	0.0
LJFAIACL_00333	0.0
LJFAIACL_00334	0.0
LJFAIACL_00335	0.0
LJFAIACL_00336	0.0
LJFAIACL_00337	0.0
LJFAIACL_00338	0.0
LJFAIACL_00339	0.0
LJFAIACL_00340	0.0
LJFAIACL_00341	0.0
LJFAIACL_00342	0.0
LJFAIACL_00343	0.0
LJFAIACL_00344	0.0
LJFAIACL_00345	0.0
LJFAIACL_00346	0.0
LJFAIACL_00347	0.0
LJFAIACL_00348	0.0
LJFAIACL_00349	0.0
LJFAIACL_00350	0.0
LJFAIACL_00351	0.0
LJFAIACL_00352	2.44707704637
LJFAIACL_00353	0.0
LJFAIACL_00354	0.0
LJFAIACL_00355	0.0
LJFAIACL_00356	0.0
LJFAIACL_00357	0.0
LJFAIACL_00358	0.0
LJFAIACL_00359	0.0
LJFAIACL_00360	0.0
LJFAIACL_00361	0.0
LJFAIACL_00362	0.0
LJFAIACL_00363	0.0
LJFAIACL_00364	0.0
LJFAIACL_00365	0.0
LJFAIACL_00367	0.0
LJFAIACL_00368	0.0
LJFAIACL_00369	0.0
LJFAIACL_00370	0.0
LJFAIACL_00371	0.0
LJFAIACL_00372	0.0
LJFAIACL_00373	0.0
LJFAIACL_00374	10.2926675767
LJFAIACL_00376	0.0
LJFAIACL_00377	0.0
LJFAIACL_00378	0.0
LJFAIACL_00379	0.0
LJFAIACL_00380	1.48006526075
LJFAIACL_00381	0.0
LJFAIACL_00382	0.0
LJFAIACL_00383	0.0
LJFAIACL_00384	0.0
LJFAIACL_00385	0.0
LJFAIACL_00386	0.0
LJFAIACL_00387	0.0
LJFAIACL_00388	0.0
LJFAIACL_00389	0.0
LJFAIACL_00390	0.0
LJFAIACL_00391	0.0
LJFAIACL_00392	0.0
LJFAIACL_00393	0.0
LJFAIACL_00394	0.0
LJFAIACL_00395	0.0
LJFAIACL_00396	0.0
LJFAIACL_00397	0.0
LJFAIACL_00398	0.0
LJFAIACL_00399	0.0
LJFAIACL_00400	0.0
LJFAIACL_00401	0.0
LJFAIACL_00402	0.0
LJFAIACL_00403	0.0
LJFAIACL_00404	0.0
LJFAIACL_00405	0.0
LJFAIACL_00406	0.0
LJFAIACL_00407	0.0
LJFAIACL_00408	0.0
LJFAIACL_00409	0.0
LJFAIACL_00410	0.0
LJFAIACL_00411	0.0
LJFAIACL_00412	3.48858849301
LJFAIACL_00413	0.0
LJFAIACL_00414	0.0
LJFAIACL_00415	0.0
LJFAIACL_00416	0.0
LJFAIACL_00417	0.0
LJFAIACL_00418	0.0
LJFAIACL_00419	0.0
LJFAIACL_00420	1.1161750435
LJFAIACL_00421	0.0
LJFAIACL_00422	0.0
LJFAIACL_00423	0.0
LJFAIACL_00424	0.0
LJFAIACL_00425	0.0
LJFAIACL_00426	0.0
LJFAIACL_00427	0.0
LJFAIACL_00428	0.0
LJFAIACL_00429	0.0
LJFAIACL_00430	0.0
LJFAIACL_00431	0.0
LJFAIACL_00432	0.0
LJFAIACL_00434	0.0
LJFAIACL_00435	0.0
LJFAIACL_00436	0.0
LJFAIACL_00437	0.0
LJFAIACL_00438	0.689687699513
LJFAIACL_00439	0.0
LJFAIACL_00440	0.0
LJFAIACL_00441	0.0
LJFAIACL_00442	0.0
LJFAIACL_00443	0.0
LJFAIACL_00444	0.0
LJFAIACL_00445	0.0
LJFAIACL_00446	0.0
LJFAIACL_00447	0.0
LJFAIACL_00448	0.0
LJFAIACL_00449	0.0
LJFAIACL_00450	0.0
LJFAIACL_00451	0.0
LJFAIACL_00452	0.0
LJFAIACL_00453	0.0
LJFAIACL_00454	0.0
LJFAIACL_00455	0.0
LJFAIACL_00456	0.0
LJFAIACL_00457	0.0
LJFAIACL_00458	0.0
LJFAIACL_00459	0.0
LJFAIACL_00460	0.0
LJFAIACL_00461	0.0
LJFAIACL_00462	0.0
LJFAIACL_00463	0.0
LJFAIACL_00464	0.0
LJFAIACL_00465	0.0
LJFAIACL_00466	0.0
LJFAIACL_00467	0.0
LJFAIACL_00468	0.0
LJFAIACL_00469	0.0
LJFAIACL_00470	0.0
LJFAIACL_00471	0.0
LJFAIACL_00472	0.0
LJFAIACL_00473	0.0
LJFAIACL_00474	3.59877078082
LJFAIACL_00475	3.2210689263
LJFAIACL_00476	0.0
LJFAIACL_00477	0.0
LJFAIACL_00478	0.0
LJFAIACL_00479	0.0
LJFAIACL_00480	0.0
LJFAIACL_00481	0.0
LJFAIACL_00482	0.0
LJFAIACL_00483	0.0
LJFAIACL_00484	0.0
LJFAIACL_00485	0.0
LJFAIACL_00486	0.0
LJFAIACL_00487	0.0
LJFAIACL_00488	0.0
LJFAIACL_00489	4.464700174
LJFAIACL_00490	0.0
LJFAIACL_00491	0.0
LJFAIACL_00492	0.0
LJFAIACL_00493	2.52026065897
LJFAIACL_00494	0.0
LJFAIACL_00495	0.0
LJFAIACL_00496	0.0
LJFAIACL_00497	0.0
LJFAIACL_00498	0.0
LJFAIACL_00499	0.0
LJFAIACL_00500	0.0
LJFAIACL_00501	0.0
LJFAIACL_00502	0.0
LJFAIACL_00503	0.0
LJFAIACL_00504	0.0
LJFAIACL_00505	0.0
LJFAIACL_00506	0.0
LJFAIACL_00507	0.846946892304
LJFAIACL_00508	0.0
LJFAIACL_00509	0.0
LJFAIACL_00510	0.0
LJFAIACL_00511	0.0
LJFAIACL_00512	0.0
LJFAIACL_00513	0.0
LJFAIACL_00514	0.0
LJFAIACL_00515	0.0
LJFAIACL_00516	0.0
LJFAIACL_00517	0.0
LJFAIACL_00518	1.28535696144
LJFAIACL_00519	0.0
LJFAIACL_00520	0.0
LJFAIACL_00521	0.0
LJFAIACL_00522	0.0
LJFAIACL_00523	0.0
LJFAIACL_00524	0.0
LJFAIACL_00525	0.0
LJFAIACL_00527	0.0
LJFAIACL_00528	0.0
LJFAIACL_00529	0.0
LJFAIACL_00530	0.0
LJFAIACL_00531	0.0
LJFAIACL_00532	0.0
LJFAIACL_00533	0.0
LJFAIACL_00534	0.0
LJFAIACL_00535	0.0
LJFAIACL_00536	0.0
LJFAIACL_00537	0.0
LJFAIACL_00538	0.0
LJFAIACL_00539	0.0
LJFAIACL_00540	3.28262800377
LJFAIACL_00541	4.64944638809
LJFAIACL_00542	0.0
LJFAIACL_00543	0.0
LJFAIACL_00544	0.0
LJFAIACL_00545	0.0
LJFAIACL_00546	0.0
LJFAIACL_00547	0.0
LJFAIACL_00548	0.0
LJFAIACL_00549	1.57332491546
LJFAIACL_00550	0.0
LJFAIACL_00551	0.0
LJFAIACL_00552	0.0
LJFAIACL_00553	0.0
LJFAIACL_00554	0.0
LJFAIACL_00555	0.0
LJFAIACL_00556	0.0
LJFAIACL_00557	0.0
LJFAIACL_00558	0.0
LJFAIACL_00559	0.0
LJFAIACL_00560	0.0
LJFAIACL_00561	0.0
LJFAIACL_00562	0.0
LJFAIACL_00563	0.0
LJFAIACL_00564	0.0
LJFAIACL_00565	0.0
LJFAIACL_00566	0.0
LJFAIACL_00567	0.0
LJFAIACL_00568	0.0
LJFAIACL_00570	0.0
LJFAIACL_00571	0.0
LJFAIACL_00572	0.0
LJFAIACL_00573	0.0
LJFAIACL_00574	0.0
LJFAIACL_00575	0.0
LJFAIACL_00576	0.0
LJFAIACL_00577	0.0
LJFAIACL_00578	0.0
LJFAIACL_00579	0.0
LJFAIACL_00580	0.0
LJFAIACL_00581	0.0
LJFAIACL_00582	0.0
LJFAIACL_00583	0.0
LJFAIACL_00584	0.0
LJFAIACL_00585	0.0
LJFAIACL_00586	0.0
LJFAIACL_00587	0.0
LJFAIACL_00588	0.0
LJFAIACL_00589	0.0
LJFAIACL_00590	0.0
LJFAIACL_00591	0.0
LJFAIACL_00592	1.27442292301
LJFAIACL_00593	0.0
LJFAIACL_00594	0.0
LJFAIACL_00595	0.0
LJFAIACL_00596	0.0
LJFAIACL_00597	0.0
LJFAIACL_00598	1.46558636146
LJFAIACL_00599	0.0
LJFAIACL_00600	4.20480078757
LJFAIACL_00601	0.0
LJFAIACL_00602	0.0
LJFAIACL_00603	0.0
LJFAIACL_00604	0.0
LJFAIACL_00605	0.0
LJFAIACL_00606	0.0
LJFAIACL_00607	0.0
LJFAIACL_00608	0.0
LJFAIACL_00609	0.0
LJFAIACL_00611	0.0
LJFAIACL_00612	0.0
LJFAIACL_00615	0.0
LJFAIACL_00616	0.0
LJFAIACL_00617	0.0
LJFAIACL_00618	0.0
LJFAIACL_00619	0.0
LJFAIACL_00620	0.0
LJFAIACL_00621	0.0
LJFAIACL_00622	0.0
LJFAIACL_00623	0.0
LJFAIACL_00624	0.0
LJFAIACL_00625	3.26474443716
LJFAIACL_00626	0.0
LJFAIACL_00627	0.0
LJFAIACL_00628	0.0
LJFAIACL_00629	7.50119306007
LJFAIACL_00630	0.0
LJFAIACL_00631	0.0
LJFAIACL_00632	0.0
LJFAIACL_00633	0.0
LJFAIACL_00634	0.0
LJFAIACL_00635	0.0
LJFAIACL_00636	0.0
LJFAIACL_00637	0.0
LJFAIACL_00638	0.0
LJFAIACL_00639	0.0
LJFAIACL_00640	0.0
LJFAIACL_00641	0.0
LJFAIACL_00642	0.0
LJFAIACL_00643	0.0
LJFAIACL_00644	3.46171874852
LJFAIACL_00645	3.41351760139
LJFAIACL_00646	0.0
LJFAIACL_00647	0.0
LJFAIACL_00648	0.0
LJFAIACL_00649	0.0
LJFAIACL_00650	0.0
LJFAIACL_00651	0.0
LJFAIACL_00652	0.788963986277
LJFAIACL_00653	0.0
LJFAIACL_00654	0.0
LJFAIACL_00655	0.0
LJFAIACL_00656	0.0
LJFAIACL_00657	0.0
LJFAIACL_00658	0.0
LJFAIACL_00659	0.0
LJFAIACL_00660	0.0
LJFAIACL_00661	0.0
LJFAIACL_00662	23.9741533561
LJFAIACL_00663	0.0
LJFAIACL_00664	0.0
LJFAIACL_00665	0.0
LJFAIACL_00666	0.0
LJFAIACL_00667	0.0
LJFAIACL_00668	0.0
LJFAIACL_00669	0.0
LJFAIACL_00670	0.753262263993
LJFAIACL_00671	0.0
LJFAIACL_00672	0.0
LJFAIACL_00673	0.0
LJFAIACL_00674	0.0
LJFAIACL_00675	0.0
LJFAIACL_00676	0.0
LJFAIACL_00677	0.0
LJFAIACL_00678	3.02318262903
LJFAIACL_00679	0.0
LJFAIACL_00682	0.0
LJFAIACL_00683	0.0
LJFAIACL_00684	0.0
LJFAIACL_00685	0.0
LJFAIACL_00686	0.0
LJFAIACL_00687	0.0
LJFAIACL_00688	0.0
LJFAIACL_00689	0.0
LJFAIACL_00690	0.0
LJFAIACL_00691	0.0
LJFAIACL_00692	0.0
LJFAIACL_00693	0.0
LJFAIACL_00694	0.0
LJFAIACL_00695	0.0
LJFAIACL_00696	0.0
LJFAIACL_00697	0.0
LJFAIACL_00698	0.0
LJFAIACL_00699	0.0
LJFAIACL_00700	0.0
LJFAIACL_00701	0.0
LJFAIACL_00702	0.0
LJFAIACL_00703	0.0
LJFAIACL_00704	0.0
LJFAIACL_00705	0.0
LJFAIACL_00706	0.0
LJFAIACL_00707	0.0
LJFAIACL_00708	0.0
LJFAIACL_00709	0.0
LJFAIACL_00710	0.0
LJFAIACL_00711	0.0
LJFAIACL_00712	0.0
LJFAIACL_00713	0.0
LJFAIACL_00714	0.0
LJFAIACL_00715	0.0
LJFAIACL_00716	0.0
LJFAIACL_00717	0.0
LJFAIACL_00718	0.0
LJFAIACL_00719	0.0
LJFAIACL_00720	0.0
LJFAIACL_00721	0.0
LJFAIACL_00722	0.0
LJFAIACL_00723	0.0
LJFAIACL_00724	0.0
LJFAIACL_00725	0.0
LJFAIACL_00726	0.0
LJFAIACL_00727	0.0
LJFAIACL_00728	0.0
LJFAIACL_00729	0.0
LJFAIACL_00730	0.0
LJFAIACL_00731	0.0
LJFAIACL_00732	0.0
LJFAIACL_00733	0.0
LJFAIACL_00734	0.0
LJFAIACL_00735	0.0
LJFAIACL_00736	0.0
LJFAIACL_00737	0.0
LJFAIACL_00738	0.0
LJFAIACL_00739	0.0
LJFAIACL_00740	0.0
LJFAIACL_00741	0.0
LJFAIACL_00742	0.0
LJFAIACL_00743	0.0
LJFAIACL_00744	0.0
LJFAIACL_00745	0.0
LJFAIACL_00746	0.0
LJFAIACL_00747	0.0
LJFAIACL_00748	0.0
LJFAIACL_00749	0.0
LJFAIACL_00750	0.0
LJFAIACL_00751	0.0
LJFAIACL_00752	0.0
LJFAIACL_00753	0.0
LJFAIACL_00754	0.0
LJFAIACL_00755	0.0
LJFAIACL_00756	0.0
LJFAIACL_00757	0.0
LJFAIACL_00758	0.0
LJFAIACL_00759	0.0
LJFAIACL_00760	0.0
LJFAIACL_00761	0.0
LJFAIACL_00762	0.0
LJFAIACL_00763	0.0
LJFAIACL_00764	0.0
LJFAIACL_00765	0.0
LJFAIACL_00766	2.76866417361
LJFAIACL_00767	0.0
LJFAIACL_00768	0.0
LJFAIACL_00769	0.0
LJFAIACL_00770	0.0
LJFAIACL_00771	0.0
LJFAIACL_00772	0.0
LJFAIACL_00773	0.0
LJFAIACL_00774	0.0
LJFAIACL_00775	0.0
LJFAIACL_00776	0.0
LJFAIACL_00777	0.0
LJFAIACL_00778	0.0
LJFAIACL_00779	0.0
LJFAIACL_00780	0.0
LJFAIACL_00781	0.0
LJFAIACL_00782	0.0
LJFAIACL_00783	1.15638031951
LJFAIACL_00784	0.0
LJFAIACL_00785	0.0
LJFAIACL_00786	0.0
LJFAIACL_00787	0.0
LJFAIACL_00788	0.0
LJFAIACL_00789	0.0
LJFAIACL_00790	0.0
LJFAIACL_00791	0.0
LJFAIACL_00792	0.0
LJFAIACL_00793	0.0
LJFAIACL_00794	0.0
LJFAIACL_00795	0.0
LJFAIACL_00796	0.0
LJFAIACL_00797	0.0
LJFAIACL_00798	0.0
LJFAIACL_00799	0.0
LJFAIACL_00800	0.0
LJFAIACL_00801	0.0
LJFAIACL_00802	0.0
LJFAIACL_00803	0.0
LJFAIACL_00804	0.0
LJFAIACL_00805	0.0
LJFAIACL_00806	0.0
LJFAIACL_00807	0.0
LJFAIACL_00808	0.0
LJFAIACL_00809	0.0
LJFAIACL_00810	0.0
LJFAIACL_00811	0.0
LJFAIACL_00812	0.0
LJFAIACL_00813	0.0
LJFAIACL_00814	0.0
LJFAIACL_00815	0.0
LJFAIACL_00816	0.0
LJFAIACL_00817	0.0
LJFAIACL_00818	0.0
LJFAIACL_00819	0.0
LJFAIACL_00820	0.0
LJFAIACL_00821	0.0
LJFAIACL_00822	0.0
LJFAIACL_00823	0.0
LJFAIACL_00824	0.0
LJFAIACL_00825	0.0
LJFAIACL_00826	0.0
LJFAIACL_00827	0.0
LJFAIACL_00828	0.0
LJFAIACL_00829	0.0
LJFAIACL_00830	0.0
LJFAIACL_00831	0.0
LJFAIACL_00832	0.0
LJFAIACL_00833	0.0
LJFAIACL_00834	0.0
LJFAIACL_00835	0.0
LJFAIACL_00836	0.0
LJFAIACL_00837	0.0
LJFAIACL_00838	0.0
LJFAIACL_00839	0.0
LJFAIACL_00840	0.0
LJFAIACL_00841	0.0
LJFAIACL_00842	0.0
LJFAIACL_00843	0.0
LJFAIACL_00844	0.0
LJFAIACL_00845	0.0
LJFAIACL_00846	0.0
LJFAIACL_00847	0.0
LJFAIACL_00848	0.0
LJFAIACL_00849	0.0
LJFAIACL_00850	0.0
LJFAIACL_00851	0.0
LJFAIACL_00852	0.0
LJFAIACL_00853	0.0
LJFAIACL_00854	0.0
LJFAIACL_00855	0.0
LJFAIACL_00856	0.0
LJFAIACL_00857	0.0
LJFAIACL_00858	0.0
LJFAIACL_00859	0.0
LJFAIACL_00860	0.0
LJFAIACL_00861	0.0
LJFAIACL_00862	0.0
LJFAIACL_00863	0.0
LJFAIACL_00864	0.0
LJFAIACL_00865	0.0
LJFAIACL_00866	0.0
LJFAIACL_00867	0.0
LJFAIACL_00868	0.0
LJFAIACL_00869	0.0
LJFAIACL_00870	0.0
LJFAIACL_00871	0.0
LJFAIACL_00872	0.0
LJFAIACL_00873	0.0
LJFAIACL_00874	0.0
LJFAIACL_00875	0.0
LJFAIACL_00876	0.0
LJFAIACL_00877	0.0
LJFAIACL_00878	0.0
LJFAIACL_00879	0.0
LJFAIACL_00880	0.0
LJFAIACL_00881	0.0
LJFAIACL_00882	0.0
LJFAIACL_00883	0.0
LJFAIACL_00884	0.0
LJFAIACL_00885	0.0
LJFAIACL_00886	0.0
LJFAIACL_00887	0.0
LJFAIACL_00888	0.0
LJFAIACL_00889	0.0
LJFAIACL_00890	0.0
LJFAIACL_00891	0.0
LJFAIACL_00892	0.0
LJFAIACL_00893	0.0
LJFAIACL_00894	0.0
LJFAIACL_00895	0.0
LJFAIACL_00896	0.0
LJFAIACL_00897	0.0
LJFAIACL_00898	0.0
LJFAIACL_00899	0.0
LJFAIACL_00900	0.0
LJFAIACL_00901	0.0
LJFAIACL_00902	4.90305255472
LJFAIACL_00903	0.0
LJFAIACL_00904	0.0
LJFAIACL_00905	0.0
LJFAIACL_00906	0.0
LJFAIACL_00907	0.0
LJFAIACL_00908	0.0
LJFAIACL_00909	0.0
LJFAIACL_00910	0.0
LJFAIACL_00911	0.0
LJFAIACL_00912	0.0
LJFAIACL_00913	0.0
LJFAIACL_00914	0.0
LJFAIACL_00915	2.43969744128
LJFAIACL_00916	0.0
LJFAIACL_00917	0.0
LJFAIACL_00918	0.0
LJFAIACL_00919	0.0
LJFAIACL_00920	5.84962886138
LJFAIACL_00921	0.0
LJFAIACL_00922	0.0
LJFAIACL_00923	0.0
LJFAIACL_00924	0.0
LJFAIACL_00925	0.0
LJFAIACL_00926	0.0
LJFAIACL_00927	0.0
LJFAIACL_00928	0.0
LJFAIACL_00929	0.0
LJFAIACL_00930	0.0
LJFAIACL_00931	0.0
LJFAIACL_00932	0.0
LJFAIACL_00933	0.0
LJFAIACL_00934	0.0
LJFAIACL_00935	0.0
LJFAIACL_00936	0.0
LJFAIACL_00937	0.0
LJFAIACL_00938	0.0
LJFAIACL_00939	1.02691504383
LJFAIACL_00940	0.0
LJFAIACL_00941	5.25327059434
LJFAIACL_00942	0.0
LJFAIACL_00943	4.64944638809
LJFAIACL_00944	0.0
LJFAIACL_00945	0.0
LJFAIACL_00946	0.0
LJFAIACL_00947	0.0
LJFAIACL_00948	1.50149159526
LJFAIACL_00949	0.0
LJFAIACL_00950	0.0
LJFAIACL_00951	0.0
LJFAIACL_00952	0.0
LJFAIACL_00953	0.0
LJFAIACL_00954	0.0
LJFAIACL_00955	0.0
LJFAIACL_00956	0.0
LJFAIACL_00957	0.0
LJFAIACL_00958	0.0
LJFAIACL_00959	0.0
LJFAIACL_00960	0.0
LJFAIACL_00961	0.0
LJFAIACL_00962	0.0
LJFAIACL_00963	0.0
LJFAIACL_00964	0.0
LJFAIACL_00965	1.10746566944
LJFAIACL_00966	0.0
LJFAIACL_00967	4.14873677707
LJFAIACL_00968	0.0
LJFAIACL_00969	0.0
LJFAIACL_00970	0.0
LJFAIACL_00971	0.0
LJFAIACL_00972	0.0
LJFAIACL_00973	0.0
LJFAIACL_00974	0.0
LJFAIACL_00975	0.0
LJFAIACL_00976	0.0
LJFAIACL_00977	0.0
LJFAIACL_00978	0.0
LJFAIACL_00979	0.0
LJFAIACL_00980	0.0
LJFAIACL_00981	0.0
LJFAIACL_00982	0.0
LJFAIACL_00983	0.0
LJFAIACL_00984	0.0
LJFAIACL_00985	0.0
LJFAIACL_00986	0.0
LJFAIACL_00987	0.0
LJFAIACL_00988	0.0
LJFAIACL_00990	0.0
LJFAIACL_00991	0.0
LJFAIACL_00992	0.0
LJFAIACL_00993	0.0
LJFAIACL_00994	0.0
LJFAIACL_00995	0.0
LJFAIACL_00996	0.0
LJFAIACL_00997	0.0
LJFAIACL_00998	0.0
LJFAIACL_00999	0.0
LJFAIACL_01000	0.0
LJFAIACL_01001	0.0
LJFAIACL_01002	0.0
LJFAIACL_01003	0.0
LJFAIACL_01004	0.0
LJFAIACL_01005	0.0
LJFAIACL_01006	0.0
LJFAIACL_01007	0.0
LJFAIACL_01008	0.0
LJFAIACL_01009	0.0
LJFAIACL_01010	0.0
LJFAIACL_01011	0.0
LJFAIACL_01012	8.55545337911
LJFAIACL_01013	0.0
LJFAIACL_01014	0.0
LJFAIACL_01015	0.0
LJFAIACL_01016	0.0
LJFAIACL_01017	0.0
LJFAIACL_01018	0.0
LJFAIACL_01019	0.0
LJFAIACL_01020	0.0
LJFAIACL_01021	0.0
LJFAIACL_01022	0.0
LJFAIACL_01023	0.0
LJFAIACL_01024	0.0
LJFAIACL_01025	0.0
LJFAIACL_01026	0.0
LJFAIACL_01027	0.0
LJFAIACL_01028	0.0
LJFAIACL_01029	0.0
LJFAIACL_01030	0.0
LJFAIACL_01031	0.0
LJFAIACL_01032	0.0
LJFAIACL_01033	0.0
LJFAIACL_01034	0.0
LJFAIACL_01035	0.0
LJFAIACL_01036	0.0
LJFAIACL_01037	0.0
LJFAIACL_01038	0.0
LJFAIACL_01039	0.0
LJFAIACL_01040	0.0
LJFAIACL_01041	0.0
LJFAIACL_01042	0.0
LJFAIACL_01043	0.0
LJFAIACL_01044	0.0
LJFAIACL_01045	0.0
LJFAIACL_01046	0.0
LJFAIACL_01047	0.0
LJFAIACL_01048	0.0
LJFAIACL_01049	0.645138494042
LJFAIACL_01050	0.0
LJFAIACL_01051	0.0
LJFAIACL_01052	0.0
LJFAIACL_01053	0.0
LJFAIACL_01054	0.0
LJFAIACL_01055	0.0
LJFAIACL_01056	3.00968627801
LJFAIACL_01057	0.0
LJFAIACL_01058	0.0
LJFAIACL_01059	0.0
LJFAIACL_01060	1.07437406577
LJFAIACL_01061	0.0
LJFAIACL_01062	0.0
LJFAIACL_01063	0.0
LJFAIACL_01064	0.0
LJFAIACL_01065	0.0
LJFAIACL_01066	0.0
LJFAIACL_01067	0.0
LJFAIACL_01068	7.46313350118
LJFAIACL_01069	0.0
LJFAIACL_01070	0.0
LJFAIACL_01071	0.0
LJFAIACL_01072	0.0
LJFAIACL_01073	0.0
LJFAIACL_01074	0.0
LJFAIACL_01075	0.0
LJFAIACL_01076	0.0
LJFAIACL_01077	0.0
LJFAIACL_01078	0.0
LJFAIACL_01079	0.0
LJFAIACL_01080	0.0
LJFAIACL_01081	0.0
LJFAIACL_01082	0.0
LJFAIACL_01083	0.0
LJFAIACL_01084	0.0
LJFAIACL_01085	0.0
LJFAIACL_01086	0.0
LJFAIACL_01087	0.0
LJFAIACL_01088	0.0
LJFAIACL_01089	3.70762452579
LJFAIACL_01090	0.0
LJFAIACL_01091	0.0
LJFAIACL_01092	0.0
LJFAIACL_01093	0.0
LJFAIACL_01094	0.0
LJFAIACL_01095	0.0
LJFAIACL_01096	0.0
LJFAIACL_01097	0.0
LJFAIACL_01098	0.0
LJFAIACL_01099	0.0
LJFAIACL_01100	0.0
LJFAIACL_01101	0.0
LJFAIACL_01102	0.0
LJFAIACL_01103	1.41039691689
LJFAIACL_01104	0.0
LJFAIACL_01105	0.0
LJFAIACL_01106	0.374330775277
LJFAIACL_01107	0.0
LJFAIACL_01108	0.0
LJFAIACL_01109	0.0
LJFAIACL_01110	0.0
LJFAIACL_01111	0.0
LJFAIACL_01112	0.0
LJFAIACL_01113	0.0
LJFAIACL_01114	0.0
LJFAIACL_01115	0.0
LJFAIACL_01116	0.0
LJFAIACL_01118	0.0
LJFAIACL_01119	0.0
LJFAIACL_01120	0.0
LJFAIACL_01121	0.0
LJFAIACL_01122	0.0
LJFAIACL_01123	0.0
LJFAIACL_01124	0.0
LJFAIACL_01125	0.0
LJFAIACL_01126	0.0
LJFAIACL_01127	0.0
LJFAIACL_01128	0.0
LJFAIACL_01129	0.0
LJFAIACL_01130	0.0
LJFAIACL_01131	0.0
LJFAIACL_01132	0.0
LJFAIACL_01133	0.0
LJFAIACL_01134	0.0
LJFAIACL_01135	0.0
LJFAIACL_01136	0.0
LJFAIACL_01137	0.0
LJFAIACL_01138	0.0
LJFAIACL_01139	0.0
LJFAIACL_01140	1.14752293834
LJFAIACL_01141	0.0
LJFAIACL_01142	0.0
LJFAIACL_01143	0.0
LJFAIACL_01144	0.0
LJFAIACL_01145	0.0
LJFAIACL_01146	0.0
LJFAIACL_01147	0.0
LJFAIACL_01148	0.0
LJFAIACL_01149	0.0
LJFAIACL_01150	0.0
LJFAIACL_01151	0.0
LJFAIACL_01152	0.0
LJFAIACL_01153	0.0
LJFAIACL_01154	0.0
LJFAIACL_01155	0.0
LJFAIACL_01156	0.0
LJFAIACL_01157	0.0
LJFAIACL_01158	0.0
LJFAIACL_01159	0.0
LJFAIACL_01160	0.0
LJFAIACL_01161	3.24901072903
LJFAIACL_01162	0.0
LJFAIACL_01163	0.0
LJFAIACL_01164	0.0
LJFAIACL_01165	0.0
LJFAIACL_01166	0.0
LJFAIACL_01167	0.0
LJFAIACL_01168	0.0
LJFAIACL_01169	0.0
LJFAIACL_01170	0.0
LJFAIACL_01171	0.0
LJFAIACL_01172	0.0
LJFAIACL_01173	0.866263702247
LJFAIACL_01174	0.0
LJFAIACL_01175	0.0
LJFAIACL_01176	0.0
LJFAIACL_01177	1.00397576511
LJFAIACL_01178	0.0
LJFAIACL_01179	0.0
LJFAIACL_01180	0.0
LJFAIACL_01181	0.0
LJFAIACL_01182	0.0
LJFAIACL_01184	0.0
LJFAIACL_01185	0.0
LJFAIACL_01186	0.0
LJFAIACL_01187	0.0
LJFAIACL_01188	0.0
LJFAIACL_01189	0.0
LJFAIACL_01190	0.0
LJFAIACL_01191	0.0
LJFAIACL_01192	0.0
LJFAIACL_01193	0.0
LJFAIACL_01194	0.0
LJFAIACL_01195	6.82127884931
LJFAIACL_01196	0.0
LJFAIACL_01197	0.0
LJFAIACL_01198	0.0
LJFAIACL_01199	0.0
LJFAIACL_01200	0.0
LJFAIACL_01201	0.0
LJFAIACL_01202	0.0
LJFAIACL_01203	0.0
LJFAIACL_01204	0.0
LJFAIACL_01205	0.0
LJFAIACL_01206	0.0
LJFAIACL_01207	0.0
LJFAIACL_01208	1.11340995256
LJFAIACL_01209	0.0
LJFAIACL_01210	0.0
LJFAIACL_01211	0.0
LJFAIACL_01212	0.0
LJFAIACL_01213	4.11079101386
LJFAIACL_01214	0.0
LJFAIACL_01215	0.0
LJFAIACL_01216	0.0
LJFAIACL_01217	2.00944776833
LJFAIACL_01218	0.0
LJFAIACL_01219	0.0
LJFAIACL_01220	0.0
LJFAIACL_01221	0.0
LJFAIACL_01222	0.0
LJFAIACL_01223	0.0
LJFAIACL_01224	0.0
LJFAIACL_01225	0.0
LJFAIACL_01226	0.0
LJFAIACL_01227	0.0
LJFAIACL_01228	0.0
LJFAIACL_01229	0.0
LJFAIACL_01230	0.0
LJFAIACL_01231	0.0
LJFAIACL_01232	0.0
LJFAIACL_01233	0.0
LJFAIACL_01234	0.0
LJFAIACL_01235	0.0
LJFAIACL_01236	0.0
LJFAIACL_01237	0.0
LJFAIACL_01238	0.0
LJFAIACL_01239	0.0
LJFAIACL_01240	0.0
LJFAIACL_01241	0.0
LJFAIACL_01242	0.0
LJFAIACL_01243	0.0
LJFAIACL_01244	0.0
LJFAIACL_01245	0.0
LJFAIACL_01246	0.0
LJFAIACL_01247	0.0
LJFAIACL_01248	0.0
LJFAIACL_01249	0.0
LJFAIACL_01250	0.0
LJFAIACL_01251	0.0
LJFAIACL_01252	0.0
LJFAIACL_01253	0.0
LJFAIACL_01254	0.0
LJFAIACL_01255	0.0
LJFAIACL_01256	0.0
LJFAIACL_01257	0.0
LJFAIACL_01258	0.0
LJFAIACL_01259	0.0
LJFAIACL_01260	4.97542233412
LJFAIACL_01261	0.0
LJFAIACL_01262	0.0
LJFAIACL_01263	0.0
LJFAIACL_01264	0.0
LJFAIACL_01265	0.0
LJFAIACL_01266	0.0
LJFAIACL_01267	0.0
LJFAIACL_01268	0.0
LJFAIACL_01269	0.0
LJFAIACL_01270	0.0
LJFAIACL_01271	0.0
LJFAIACL_01272	0.0
LJFAIACL_01273	0.0
LJFAIACL_01274	0.0
LJFAIACL_01275	0.0
LJFAIACL_01276	0.0
LJFAIACL_01277	0.0
LJFAIACL_01278	0.0
LJFAIACL_01279	0.0
LJFAIACL_01280	0.0
LJFAIACL_01281	0.0
LJFAIACL_01282	0.0
LJFAIACL_01283	0.0
LJFAIACL_01284	0.0
LJFAIACL_01285	0.0
LJFAIACL_01286	0.0
LJFAIACL_01287	0.0
LJFAIACL_01288	0.0
LJFAIACL_01289	0.0
LJFAIACL_01290	0.0
LJFAIACL_01291	4.16475506578
LJFAIACL_01292	0.0
LJFAIACL_01293	0.0
LJFAIACL_01294	0.0
LJFAIACL_01295	0.0
LJFAIACL_01296	0.0
LJFAIACL_01297	0.0
LJFAIACL_01298	0.0
LJFAIACL_01299	0.0
LJFAIACL_01300	0.0
LJFAIACL_01301	0.0
LJFAIACL_01302	0.0
LJFAIACL_01303	0.0
LJFAIACL_01304	0.0
LJFAIACL_01305	0.0
LJFAIACL_01306	0.0
LJFAIACL_01307	0.0
LJFAIACL_01308	0.0
LJFAIACL_01309	0.0
LJFAIACL_01310	0.0
LJFAIACL_01311	0.0
LJFAIACL_01312	0.0
LJFAIACL_01313	0.0
LJFAIACL_01314	0.0
LJFAIACL_01315	0.0
LJFAIACL_01316	0.0
LJFAIACL_01317	0.0
LJFAIACL_01318	0.0
LJFAIACL_01319	0.0
LJFAIACL_01320	0.0
LJFAIACL_01321	0.0
LJFAIACL_01322	1.53046475885
LJFAIACL_01323	0.0
LJFAIACL_01324	0.0
LJFAIACL_01325	0.0
LJFAIACL_01326	0.0
LJFAIACL_01327	0.0
LJFAIACL_01328	0.0
LJFAIACL_01329	0.0
LJFAIACL_01330	0.0
LJFAIACL_01331	0.0
LJFAIACL_01332	0.0
LJFAIACL_01333	0.0
LJFAIACL_01334	1.70460107781
LJFAIACL_01335	0.0
LJFAIACL_01336	0.0
LJFAIACL_01337	0.0
LJFAIACL_01338	0.0
LJFAIACL_01339	0.0
LJFAIACL_01340	0.0
LJFAIACL_01341	0.0
LJFAIACL_01342	0.0
LJFAIACL_01343	0.0
LJFAIACL_01344	0.0
LJFAIACL_01345	0.0
LJFAIACL_01346	0.0
LJFAIACL_01348	0.0
LJFAIACL_01349	0.0
LJFAIACL_01350	0.0
LJFAIACL_01351	0.0
LJFAIACL_01352	0.0
LJFAIACL_01353	0.0
LJFAIACL_01354	0.0
LJFAIACL_01355	0.0
LJFAIACL_01356	0.0
LJFAIACL_01357	0.0
LJFAIACL_01358	0.0
LJFAIACL_01359	0.0
LJFAIACL_01360	2.38222518118
LJFAIACL_01361	0.0
LJFAIACL_01362	0.0
LJFAIACL_01363	0.0
LJFAIACL_01364	0.0
LJFAIACL_01365	0.0
LJFAIACL_01366	0.0
LJFAIACL_01367	0.0
LJFAIACL_01368	0.0
LJFAIACL_01369	0.0
LJFAIACL_01370	0.0
LJFAIACL_01371	0.0
LJFAIACL_01372	0.0
LJFAIACL_01373	0.0
LJFAIACL_01374	0.0
LJFAIACL_01375	0.0
LJFAIACL_01376	0.0
LJFAIACL_01377	0.0
LJFAIACL_01378	0.0
LJFAIACL_01379	0.0
LJFAIACL_01380	0.0
LJFAIACL_01381	0.0
LJFAIACL_01382	0.0
LJFAIACL_01383	0.0
LJFAIACL_01384	0.0
LJFAIACL_01385	0.0
LJFAIACL_01386	0.0
LJFAIACL_01387	0.0
LJFAIACL_01388	0.0
LJFAIACL_01389	0.0
LJFAIACL_01390	3.28863281109
LJFAIACL_01392	0.0
LJFAIACL_01393	0.0
LJFAIACL_01394	0.0
LJFAIACL_01395	0.0
LJFAIACL_01396	0.0
LJFAIACL_01397	0.0
LJFAIACL_01398	5.24986159331
LJFAIACL_01399	0.0
LJFAIACL_01400	0.0
LJFAIACL_01401	0.0
LJFAIACL_01402	0.0
LJFAIACL_01403	0.0
LJFAIACL_01404	1.33830218615
LJFAIACL_01405	0.0
LJFAIACL_01406	0.0
LJFAIACL_01407	0.0
LJFAIACL_01408	0.0
LJFAIACL_01409	0.0
LJFAIACL_01410	0.0
LJFAIACL_01411	0.0
LJFAIACL_01412	0.0
