[2020-04-15 15:18:18,661] multiqc                                            [DEBUG  ]  No MultiQC config found: /sw/bioinfo/MultiQC/1.8/rackham/lib/python3.6/site-packages/multiqc_config.yaml
[2020-04-15 15:18:18,661] multiqc                                            [DEBUG  ]  No MultiQC config found: /home/frle5739/.multiqc_config.yaml
[2020-04-15 15:18:18,661] multiqc                                            [DEBUG  ]  No MultiQC config found: multiqc_config.yaml
[2020-04-15 15:18:18,661] multiqc                                            [DEBUG  ]  Command used: /sw/bioinfo/MultiQC/1.8/rackham/bin/multiqc -o /home/frle5739/genome_analysis/analyses/01_QC_reads/multiqc /home/frle5739/genome_analysis/analyses/01_QC_reads/RNA_trimmed_QC2 /home/frle5739/genome_analysis/analyses/01_QC_reads/RNA_untrimmed_QC
[2020-04-15 15:18:18,908] multiqc                                            [DEBUG  ]  Latest MultiQC version is v1.8
[2020-04-15 15:18:18,909] multiqc                                            [INFO   ]  This is MultiQC v1.8
[2020-04-15 15:18:18,909] multiqc                                            [DEBUG  ]  Command     : /sw/bioinfo/MultiQC/1.8/rackham/bin/multiqc -o /home/frle5739/genome_analysis/analyses/01_QC_reads/multiqc /home/frle5739/genome_analysis/analyses/01_QC_reads/RNA_trimmed_QC2 /home/frle5739/genome_analysis/analyses/01_QC_reads/RNA_untrimmed_QC
[2020-04-15 15:18:18,909] multiqc                                            [DEBUG  ]  Working dir : /domus/h1/frle5739/genome_analysis/code
[2020-04-15 15:18:18,909] multiqc                                            [INFO   ]  Template    : default
[2020-04-15 15:18:18,909] multiqc                                            [DEBUG  ]  Running Python 3.6.8 (default, Mar 14 2019, 16:13:09)  [GCC 4.8.5 20150623 (Red Hat 4.8.5-36)]
[2020-04-15 15:18:18,909] multiqc                                            [INFO   ]  Searching   : /home/frle5739/genome_analysis/analyses/01_QC_reads/RNA_trimmed_QC2
[2020-04-15 15:18:18,909] multiqc                                            [INFO   ]  Searching   : /home/frle5739/genome_analysis/analyses/01_QC_reads/RNA_untrimmed_QC
[2020-04-15 15:18:18,910] multiqc                                            [DEBUG  ]  Analysing modules: custom_content, conpair, peddy, methylQA, phantompeakqualtools, qualimap, preseq, quast, qorts, rna_seqc, rsem, rseqc, busco, goleft_indexcov, disambiguate, supernova, deeptools, sargasso, verifybamid, mirtrace, happy, homer, macs2, theta2, snpeff, gatk, htseq, bcftools, featureCounts, fgbio, dedup, damageprofiler, biobambam2, mtnucratio, picard, prokka, samblaster, samtools, sexdeterrmine, bamtools, jellyfish, vcftools, longranger, stacks, bbmap, bismark, biscuit, hicexplorer, hicup, hicpro, salmon, kallisto, slamdunk, star, hisat2, tophat, bowtie2, bowtie1, kat, leehom, adapterRemoval, clipandmerge, cutadapt, flexbar, trimmomatic, skewer, sortmerna, biobloomtools, fastq_screen, afterqc, fastp, fastqc, minionqc, mosdepth, clusterflow, bcl2fastq, interop, flash, seqyclean
[2020-04-15 15:18:18,910] multiqc                                            [DEBUG  ]  Using temporary directory for creating report: /scratch/13547151/tmpnact9wrj
[2020-04-15 15:18:19,071] multiqc                                            [DEBUG  ]  Ignoring file as matched an ignore pattern: SRR4342137_paired_forward_fastqc.html
[2020-04-15 15:18:19,071] multiqc                                            [DEBUG  ]  Ignoring file as matched an ignore pattern: SRR4342137_paired_reverse_fastqc.html
[2020-04-15 15:18:19,071] multiqc                                            [DEBUG  ]  Ignoring file as matched an ignore pattern: SRR4342137_unpaired_reverse_fastqc.html
[2020-04-15 15:18:19,072] multiqc                                            [DEBUG  ]  Ignoring file as matched an ignore pattern: SRR4342137_unpaired_forward_fastqc.html
[2020-04-15 15:18:19,072] multiqc                                            [DEBUG  ]  Ignoring file as matched an ignore pattern: SRR4342139_paired_forward_fastqc.html
[2020-04-15 15:18:19,072] multiqc                                            [DEBUG  ]  Ignoring file as matched an ignore pattern: SRR4342139_paired_reverse_fastqc.html
[2020-04-15 15:18:19,073] multiqc                                            [DEBUG  ]  Ignoring file as matched an ignore pattern: SRR4342139_unpaired_reverse_fastqc.html
[2020-04-15 15:18:19,073] multiqc                                            [DEBUG  ]  Ignoring file as matched an ignore pattern: SRR4342139_unpaired_forward_fastqc.html
[2020-04-15 15:18:19,073] multiqc                                            [DEBUG  ]  Ignoring file as matched an ignore pattern: SRR4342137.1_fastqc.html
[2020-04-15 15:18:19,073] multiqc                                            [DEBUG  ]  Ignoring file as matched an ignore pattern: SRR4342137.2_fastqc.html
[2020-04-15 15:18:19,074] multiqc                                            [DEBUG  ]  Ignoring file as matched an ignore pattern: SRR4342139.1_fastqc.html
[2020-04-15 15:18:19,074] multiqc                                            [DEBUG  ]  Ignoring file as matched an ignore pattern: SRR4342139.2_fastqc.html
[2020-04-15 15:18:19,443] multiqc.plots.bargraph                             [DEBUG  ]  Using matplotlib version 3.1.1
[2020-04-15 15:18:19,444] multiqc.plots.linegraph                            [DEBUG  ]  Using matplotlib version 3.1.1
[2020-04-15 15:18:19,446] multiqc                                            [DEBUG  ]  No samples found: custom_content
[2020-04-15 15:18:19,451] multiqc                                            [DEBUG  ]  No samples found: conpair
[2020-04-15 15:18:19,457] multiqc                                            [DEBUG  ]  No samples found: peddy
[2020-04-15 15:18:19,462] multiqc                                            [DEBUG  ]  No samples found: methylQA
[2020-04-15 15:18:19,467] multiqc                                            [DEBUG  ]  No samples found: phantompeakqualtools
[2020-04-15 15:18:19,474] multiqc                                            [DEBUG  ]  No samples found: qualimap
[2020-04-15 15:18:19,480] multiqc                                            [DEBUG  ]  No samples found: preseq
[2020-04-15 15:18:19,485] multiqc                                            [DEBUG  ]  No samples found: quast
[2020-04-15 15:18:19,490] multiqc                                            [DEBUG  ]  No samples found: qorts
[2020-04-15 15:18:19,495] multiqc                                            [DEBUG  ]  No samples found: rna_seqc
[2020-04-15 15:18:19,500] multiqc                                            [DEBUG  ]  No samples found: rsem
[2020-04-15 15:18:19,512] multiqc                                            [DEBUG  ]  No samples found: rseqc
[2020-04-15 15:18:19,517] multiqc                                            [DEBUG  ]  No samples found: busco
[2020-04-15 15:18:19,522] multiqc                                            [DEBUG  ]  No samples found: goleft_indexcov
[2020-04-15 15:18:19,528] multiqc                                            [DEBUG  ]  No samples found: disambiguate
[2020-04-15 15:18:19,533] multiqc                                            [DEBUG  ]  No samples found: supernova
[2020-04-15 15:18:19,544] multiqc                                            [DEBUG  ]  No samples found: deeptools
[2020-04-15 15:18:19,550] multiqc                                            [DEBUG  ]  No samples found: sargasso
[2020-04-15 15:18:19,555] multiqc                                            [DEBUG  ]  No samples found: verifybamid
[2020-04-15 15:18:19,560] multiqc                                            [DEBUG  ]  No samples found: mirtrace
[2020-04-15 15:18:19,565] multiqc                                            [DEBUG  ]  No samples found: happy
[2020-04-15 15:18:19,572] multiqc                                            [DEBUG  ]  No samples found: homer
[2020-04-15 15:18:19,577] multiqc                                            [DEBUG  ]  No samples found: macs2
[2020-04-15 15:18:19,582] multiqc                                            [DEBUG  ]  No samples found: theta2
[2020-04-15 15:18:19,588] multiqc                                            [DEBUG  ]  No samples found: snpeff
[2020-04-15 15:18:19,595] multiqc                                            [DEBUG  ]  No samples found: gatk
[2020-04-15 15:18:19,600] multiqc                                            [DEBUG  ]  No samples found: htseq
[2020-04-15 15:18:19,606] multiqc                                            [DEBUG  ]  No samples found: bcftools
[2020-04-15 15:18:19,611] multiqc                                            [DEBUG  ]  No samples found: featureCounts
[2020-04-15 15:18:19,617] multiqc                                            [DEBUG  ]  No samples found: fgbio
[2020-04-15 15:18:19,622] multiqc                                            [DEBUG  ]  No samples found: dedup
[2020-04-15 15:18:19,627] multiqc                                            [DEBUG  ]  No samples found: damageprofiler
[2020-04-15 15:18:19,644] multiqc                                            [DEBUG  ]  No samples found: biobambam2
[2020-04-15 15:18:19,649] multiqc                                            [DEBUG  ]  No samples found: mtnucratio
[2020-04-15 15:18:19,652] multiqc                                            [DEBUG  ]  No samples found: picard
[2020-04-15 15:18:19,657] multiqc                                            [DEBUG  ]  No samples found: prokka
[2020-04-15 15:18:19,663] multiqc                                            [DEBUG  ]  No samples found: samblaster
[2020-04-15 15:18:19,671] multiqc                                            [DEBUG  ]  No samples found: samtools
[2020-04-15 15:18:19,676] multiqc                                            [DEBUG  ]  No samples found: sexdeterrmine
[2020-04-15 15:18:19,682] multiqc                                            [DEBUG  ]  No samples found: bamtools
[2020-04-15 15:18:19,687] multiqc                                            [DEBUG  ]  No samples found: jellyfish
[2020-04-15 15:18:19,695] multiqc                                            [DEBUG  ]  No samples found: vcftools
[2020-04-15 15:18:19,700] multiqc                                            [DEBUG  ]  No samples found: longranger
[2020-04-15 15:18:19,706] multiqc                                            [DEBUG  ]  No samples found: stacks
[2020-04-15 15:18:19,719] multiqc                                            [DEBUG  ]  No samples found: bbmap
[2020-04-15 15:18:19,725] multiqc                                            [DEBUG  ]  No samples found: bismark
[2020-04-15 15:18:19,731] multiqc                                            [DEBUG  ]  No samples found: biscuit
[2020-04-15 15:18:19,736] multiqc                                            [DEBUG  ]  No samples found: hicexplorer
[2020-04-15 15:18:19,741] multiqc                                            [DEBUG  ]  No samples found: hicup
[2020-04-15 15:18:19,746] multiqc                                            [DEBUG  ]  No samples found: hicpro
[2020-04-15 15:18:19,751] multiqc                                            [DEBUG  ]  No samples found: salmon
[2020-04-15 15:18:19,757] multiqc                                            [DEBUG  ]  No samples found: kallisto
[2020-04-15 15:18:19,761] multiqc                                            [DEBUG  ]  No samples found: slamdunk
[2020-04-15 15:18:19,766] multiqc                                            [DEBUG  ]  No samples found: star
[2020-04-15 15:18:19,771] multiqc                                            [DEBUG  ]  No samples found: hisat2
[2020-04-15 15:18:19,776] multiqc                                            [DEBUG  ]  No samples found: tophat
[2020-04-15 15:18:19,781] multiqc                                            [DEBUG  ]  No samples found: bowtie2
[2020-04-15 15:18:19,786] multiqc                                            [DEBUG  ]  No samples found: bowtie1
[2020-04-15 15:18:19,791] multiqc                                            [DEBUG  ]  No samples found: kat
[2020-04-15 15:18:19,796] multiqc                                            [DEBUG  ]  No samples found: leehom
[2020-04-15 15:18:19,801] multiqc                                            [DEBUG  ]  No samples found: adapterRemoval
[2020-04-15 15:18:19,806] multiqc                                            [DEBUG  ]  No samples found: clipandmerge
[2020-04-15 15:18:19,810] multiqc                                            [DEBUG  ]  No samples found: cutadapt
[2020-04-15 15:18:19,815] multiqc                                            [DEBUG  ]  No samples found: flexbar
[2020-04-15 15:18:19,820] multiqc                                            [DEBUG  ]  No samples found: trimmomatic
[2020-04-15 15:18:19,825] multiqc                                            [DEBUG  ]  No samples found: skewer
[2020-04-15 15:18:19,830] multiqc                                            [DEBUG  ]  No samples found: sortmerna
[2020-04-15 15:18:19,835] multiqc                                            [DEBUG  ]  No samples found: biobloomtools
[2020-04-15 15:18:19,840] multiqc                                            [DEBUG  ]  No samples found: fastq_screen
[2020-04-15 15:18:19,845] multiqc                                            [DEBUG  ]  No samples found: afterqc
[2020-04-15 15:18:19,850] multiqc                                            [DEBUG  ]  No samples found: fastp
[2020-04-15 15:18:20,211] multiqc.modules.fastqc.fastqc                      [INFO   ]  Found 12 reports
[2020-04-15 15:18:20,482] multiqc                                            [DEBUG  ]  No samples found: minionqc
[2020-04-15 15:18:20,487] multiqc                                            [DEBUG  ]  No samples found: mosdepth
[2020-04-15 15:18:20,492] multiqc                                            [DEBUG  ]  No samples found: clusterflow
[2020-04-15 15:18:20,498] multiqc                                            [DEBUG  ]  No samples found: bcl2fastq
[2020-04-15 15:18:20,502] multiqc                                            [DEBUG  ]  No samples found: interop
[2020-04-15 15:18:20,507] multiqc                                            [DEBUG  ]  No samples found: flash
[2020-04-15 15:18:20,513] multiqc                                            [DEBUG  ]  No samples found: seqyclean
[2020-04-15 15:18:20,534] multiqc                                            [INFO   ]  Compressing plot data
[2020-04-15 15:18:20,780] multiqc                                            [WARNING]  Previous MultiQC output found! Adjusting filenames..
[2020-04-15 15:18:20,781] multiqc                                            [WARNING]  Use -f or --force to overwrite existing reports instead
[2020-04-15 15:18:20,781] multiqc                                            [INFO   ]  Report      : ../../../../../home/frle5739/genome_analysis/analyses/01_QC_reads/multiqc/multiqc_report_1.html
[2020-04-15 15:18:20,781] multiqc                                            [INFO   ]  Data        : ../../../../../home/frle5739/genome_analysis/analyses/01_QC_reads/multiqc/multiqc_data_1
[2020-04-15 15:18:20,781] multiqc                                            [DEBUG  ]  Moving data file from '/scratch/13547151/tmpnact9wrj/multiqc_data/multiqc_sources.txt' to '/home/frle5739/genome_analysis/analyses/01_QC_reads/multiqc/multiqc_data_1'
[2020-04-15 15:18:20,783] multiqc                                            [DEBUG  ]  Moving data file from '/scratch/13547151/tmpnact9wrj/multiqc_data/multiqc_data.json' to '/home/frle5739/genome_analysis/analyses/01_QC_reads/multiqc/multiqc_data_1'
[2020-04-15 15:18:20,793] multiqc                                            [DEBUG  ]  Moving data file from '/scratch/13547151/tmpnact9wrj/multiqc_data/multiqc_qualimap_bamqc_genome_results.txt' to '/home/frle5739/genome_analysis/analyses/01_QC_reads/multiqc/multiqc_data_1'
[2020-04-15 15:18:20,795] multiqc                                            [DEBUG  ]  Moving data file from '/scratch/13547151/tmpnact9wrj/multiqc_data/multiqc_general_stats.txt' to '/home/frle5739/genome_analysis/analyses/01_QC_reads/multiqc/multiqc_data_1'
[2020-04-15 15:18:20,797] multiqc                                            [DEBUG  ]  Moving data file from '/scratch/13547151/tmpnact9wrj/multiqc_data/multiqc_fastqc.txt' to '/home/frle5739/genome_analysis/analyses/01_QC_reads/multiqc/multiqc_data_1'
[2020-04-15 15:18:20,979] multiqc                                            [INFO   ]  MultiQC complete
